<?xml version="1.0" encoding="UTF-8"?>
<!-- Generated by org.testng.reporters.JUnitReportReporter -->
<testsuite hostname="Yeastar-PC" name="com.yeastar.swebtest.testcase.smokecase.pbxcase.Trunk.NewTrunk" tests="5" failures="0" timestamp="22 Aug 2017 13:43:46 GMT" time="100.974" errors="0">
  <testcase name="E_SetBriTrunk" time="26.988" classname="com.yeastar.swebtest.testcase.smokecase.pbxcase.Trunk.NewTrunk"/>
  <testcase name="C_AddSPX" time="18.381" classname="com.yeastar.swebtest.testcase.smokecase.pbxcase.Trunk.NewTrunk"/>
  <testcase name="A_AddTrunk" time="20.291" classname="com.yeastar.swebtest.testcase.smokecase.pbxcase.Trunk.NewTrunk"/>
  <testcase name="D_AddSPS" time="19.707" classname="com.yeastar.swebtest.testcase.smokecase.pbxcase.Trunk.NewTrunk"/>
  <testcase name="B_AddTrunkIAXTrunk" time="15.607" classname="com.yeastar.swebtest.testcase.smokecase.pbxcase.Trunk.NewTrunk"/>
</testsuite> <!-- com.yeastar.swebtest.testcase.smokecase.pbxcase.Trunk.NewTrunk -->
