<?xml version="1.0" encoding="UTF-8"?>
<!-- Generated by org.testng.reporters.JUnitReportReporter -->
<testsuite hostname="Yeastar-PC" name="com.yeastar.swebtest.testcase.smokecase.pbxcase.FileShare_CDR" tests="11" failures="0" timestamp="23 Aug 2017 05:45:37 GMT" time="231.958" errors="0">
  <testcase name="H_PromprPreference" time="69.002" classname="com.yeastar.swebtest.testcase.smokecase.pbxcase.FileShare_CDR"/>
  <testcase name="A_FileShare" time="0.000" classname="com.yeastar.swebtest.testcase.smokecase.pbxcase.FileShare_CDR"/>
  <testcase name="F_Downloader" time="23.935" classname="com.yeastar.swebtest.testcase.smokecase.pbxcase.FileShare_CDR"/>
  <testcase name="I_Me_CDRRecording" time="30.706" classname="com.yeastar.swebtest.testcase.smokecase.pbxcase.FileShare_CDR"/>
  <testcase name="D_Recording" time="0.737" classname="com.yeastar.swebtest.testcase.smokecase.pbxcase.FileShare_CDR"/>
  <testcase name="G_DeleteallCDR" time="0.457" classname="com.yeastar.swebtest.testcase.smokecase.pbxcase.FileShare_CDR"/>
  <testcase name="E_RecordingPlay" time="39.844" classname="com.yeastar.swebtest.testcase.smokecase.pbxcase.FileShare_CDR"/>
  <testcase name="C_DownloadCDR" time="0.637" classname="com.yeastar.swebtest.testcase.smokecase.pbxcase.FileShare_CDR"/>
  <testcase name="B_DelCdr" time="11.471" classname="com.yeastar.swebtest.testcase.smokecase.pbxcase.FileShare_CDR"/>
  <testcase name="K_DeleteSharetest" time="23.665" classname="com.yeastar.swebtest.testcase.smokecase.pbxcase.FileShare_CDR"/>
  <testcase name="J_DownloaderPrompt" time="31.504" classname="com.yeastar.swebtest.testcase.smokecase.pbxcase.FileShare_CDR"/>
</testsuite> <!-- com.yeastar.swebtest.testcase.smokecase.pbxcase.FileShare_CDR -->
