<?xml version="1.0" encoding="UTF-8"?>
<!-- Generated by org.testng.reporters.JUnitReportReporter -->
<testsuite hostname="Yeastar-PC" name="com.yeastar.swebtest.testcase.smokecase.pbxcase.DeleteAll" tests="22" failures="0" timestamp="23 Aug 2017 05:45:37 GMT" time="485.334" errors="0">
  <testcase name="N_CallBack" time="32.985" classname="com.yeastar.swebtest.testcase.smokecase.pbxcase.DeleteAll"/>
  <testcase name="R_PINList" time="10.566" classname="com.yeastar.swebtest.testcase.smokecase.pbxcase.DeleteAll"/>
  <testcase name="L_PagingIntercom" time="21.278" classname="com.yeastar.swebtest.testcase.smokecase.pbxcase.DeleteAll"/>
  <testcase name="C_RingGroup" time="10.513" classname="com.yeastar.swebtest.testcase.smokecase.pbxcase.DeleteAll"/>
  <testcase name="V_InboundRoutes" time="10.430" classname="com.yeastar.swebtest.testcase.smokecase.pbxcase.DeleteAll"/>
  <testcase name="F_Queue" time="39.083" classname="com.yeastar.swebtest.testcase.smokecase.pbxcase.DeleteAll"/>
  <testcase name="U_OutboundRoutes" time="30.537" classname="com.yeastar.swebtest.testcase.smokecase.pbxcase.DeleteAll"/>
  <testcase name="H_Conferene" time="18.600" classname="com.yeastar.swebtest.testcase.smokecase.pbxcase.DeleteAll"/>
  <testcase name="E_Queue" time="10.367" classname="com.yeastar.swebtest.testcase.smokecase.pbxcase.DeleteAll"/>
  <testcase name="B_IVR" time="27.750" classname="com.yeastar.swebtest.testcase.smokecase.pbxcase.DeleteAll"/>
  <testcase name="P_Disa" time="44.741" classname="com.yeastar.swebtest.testcase.smokecase.pbxcase.DeleteAll"/>
  <testcase name="O_Disa" time="10.414" classname="com.yeastar.swebtest.testcase.smokecase.pbxcase.DeleteAll"/>
  <testcase name="J_PickupGroup" time="39.400" classname="com.yeastar.swebtest.testcase.smokecase.pbxcase.DeleteAll"/>
  <testcase name="S_PINList" time="25.145" classname="com.yeastar.swebtest.testcase.smokecase.pbxcase.DeleteAll"/>
  <testcase name="G_Conference" time="10.433" classname="com.yeastar.swebtest.testcase.smokecase.pbxcase.DeleteAll"/>
  <testcase name="K_PagingIntercom" time="10.397" classname="com.yeastar.swebtest.testcase.smokecase.pbxcase.DeleteAll"/>
  <testcase name="T_OutboundRoutes" time="12.573" classname="com.yeastar.swebtest.testcase.smokecase.pbxcase.DeleteAll"/>
  <testcase name="I_PickupGroup" time="10.461" classname="com.yeastar.swebtest.testcase.smokecase.pbxcase.DeleteAll"/>
  <testcase name="A_IVR" time="13.912" classname="com.yeastar.swebtest.testcase.smokecase.pbxcase.DeleteAll"/>
  <testcase name="D_RingGroup" time="34.675" classname="com.yeastar.swebtest.testcase.smokecase.pbxcase.DeleteAll"/>
  <testcase name="M_CallBack" time="11.078" classname="com.yeastar.swebtest.testcase.smokecase.pbxcase.DeleteAll"/>
  <testcase name="W_InboundRoutes" time="49.996" classname="com.yeastar.swebtest.testcase.smokecase.pbxcase.DeleteAll"/>
</testsuite> <!-- com.yeastar.swebtest.testcase.smokecase.pbxcase.DeleteAll -->
