<?xml version="1.0" encoding="UTF-8"?>
<!-- Generated by org.testng.reporters.JUnitReportReporter -->
<testsuite hostname="Yeastar-PC" name="com.yeastar.swebtest.testcase.smokecase.pbxcase.NewTrunk" tests="5" failures="0" timestamp="23 Aug 2017 05:45:37 GMT" time="213.072" errors="1">
  <testcase name="B_AddTrunkIAXTrunk" time="15.528" classname="com.yeastar.swebtest.testcase.smokecase.pbxcase.NewTrunk"/>
  <testcase name="E_SetBriTrunk" time="146.564" classname="com.yeastar.swebtest.testcase.smokecase.pbxcase.NewTrunk">
    <error type="java.lang.NullPointerException">
      <![CDATA[java.lang.NullPointerException
	at javax.imageio.ImageIO.write(ImageIO.java:1538)
	at com.yeastar.swebtest.tools.ScreenShot.screenShotAsFile(ScreenShot.java:48)
	at com.yeastar.swebtest.tools.ScreenShot.takeScreenshotByAll(ScreenShot.java:38)
	at com.yeastar.swebtest.tools.ysassert.YsAssert.fail(YsAssert.java:1083)
	at com.yeastar.swebtest.tools.ysassert.YsAssert.failNotEquals(YsAssert.java:579)
	at com.yeastar.swebtest.tools.ysassert.YsAssert.assertEqualsImpl(YsAssert.java:142)
	at com.yeastar.swebtest.tools.ysassert.YsAssert.assertEquals(YsAssert.java:116)
	at com.yeastar.swebtest.tools.ysassert.YsAssert.assertEquals(YsAssert.java:199)
	at com.yeastar.swebtest.tools.ysassert.YsAssert.assertEquals(YsAssert.java:210)
	at com.yeastar.swebtest.testcase.smokecase.pbxcase.NewTrunk.E_SetBriTrunk(NewTrunk.java:85)
	at sun.reflect.NativeMethodAccessorImpl.invoke0(Native Method)
	at sun.reflect.NativeMethodAccessorImpl.invoke(NativeMethodAccessorImpl.java:62)
	at sun.reflect.DelegatingMethodAccessorImpl.invoke(DelegatingMethodAccessorImpl.java:43)
	at java.lang.reflect.Method.invoke(Method.java:498)
	at org.testng.internal.MethodInvocationHelper.invokeMethod(MethodInvocationHelper.java:85)
	at org.testng.internal.Invoker.invokeMethod(Invoker.java:639)
	at org.testng.internal.Invoker.invokeTestMethod(Invoker.java:816)
	at org.testng.internal.Invoker.invokeTestMethods(Invoker.java:1124)
	at org.testng.internal.TestMethodWorker.invokeTestMethods(TestMethodWorker.java:125)
	at org.testng.internal.TestMethodWorker.run(TestMethodWorker.java:108)
	at org.testng.TestRunner.privateRun(TestRunner.java:774)
	at org.testng.TestRunner.run(TestRunner.java:624)
	at org.testng.SuiteRunner.runTest(SuiteRunner.java:359)
	at org.testng.SuiteRunner.runSequentially(SuiteRunner.java:354)
	at org.testng.SuiteRunner.privateRun(SuiteRunner.java:312)
	at org.testng.SuiteRunner.run(SuiteRunner.java:261)
	at org.testng.SuiteRunnerWorker.runSuite(SuiteRunnerWorker.java:52)
	at org.testng.SuiteRunnerWorker.run(SuiteRunnerWorker.java:86)
	at org.testng.TestNG.runSuitesSequentially(TestNG.java:1215)
	at org.testng.TestNG.runSuitesLocally(TestNG.java:1140)
	at org.testng.TestNG.run(TestNG.java:1048)
	at org.apache.maven.surefire.testng.TestNGExecutor.run(TestNGExecutor.java:293)
	at org.apache.maven.surefire.testng.TestNGXmlTestSuite.execute(TestNGXmlTestSuite.java:84)
	at org.apache.maven.surefire.testng.TestNGProvider.invoke(TestNGProvider.java:91)
	at org.apache.maven.surefire.booter.ForkedBooter.invokeProviderInSameClassLoader(ForkedBooter.java:200)
	at org.apache.maven.surefire.booter.ForkedBooter.runSuitesInProcess(ForkedBooter.java:153)
	at org.apache.maven.surefire.booter.ForkedBooter.main(ForkedBooter.java:103)
]]>
    </error>
  </testcase> <!-- E_SetBriTrunk -->
  <testcase name="D_AddSPS" time="15.284" classname="com.yeastar.swebtest.testcase.smokecase.pbxcase.NewTrunk"/>
  <testcase name="A_AddTrunk" time="20.151" classname="com.yeastar.swebtest.testcase.smokecase.pbxcase.NewTrunk"/>
  <testcase name="C_AddSPX" time="15.545" classname="com.yeastar.swebtest.testcase.smokecase.pbxcase.NewTrunk"/>
</testsuite> <!-- com.yeastar.swebtest.testcase.smokecase.pbxcase.NewTrunk -->
