<?xml version="1.0" encoding="UTF-8"?>
<!-- Generated by org.testng.reporters.JUnitReportReporter -->
<testsuite hostname="Yeastar-PC" name="com.yeastar.swebtest.testcase.smokecase.pbxcase.CallControl" tests="5" failures="0" timestamp="23 Aug 2017 05:45:37 GMT" time="146.321" errors="0">
  <testcase name="D_DeleteViewAutoCLIP" time="11.845" classname="com.yeastar.swebtest.testcase.smokecase.pbxcase.CallControl"/>
  <testcase name="B_CallBri" time="26.771" classname="com.yeastar.swebtest.testcase.smokecase.pbxcase.CallControl"/>
  <testcase name="C_CallBri" time="24.180" classname="com.yeastar.swebtest.testcase.smokecase.pbxcase.CallControl"/>
  <testcase name="E_CallBri" time="11.638" classname="com.yeastar.swebtest.testcase.smokecase.pbxcase.CallControl"/>
  <testcase name="A_AutoCLIP" time="71.887" classname="com.yeastar.swebtest.testcase.smokecase.pbxcase.CallControl"/>
</testsuite> <!-- com.yeastar.swebtest.testcase.smokecase.pbxcase.CallControl -->
