<?xml version="1.0" encoding="UTF-8"?>
<!-- Generated by org.testng.reporters.JUnitReportReporter -->
<testsuite hostname="Yeastar-PC" name="com.yeastar.swebtest.testcase.smokecase.pbxcase.CallFeature" tests="7" failures="0" timestamp="23 Aug 2017 05:45:37 GMT" time="101.874" errors="0">
  <testcase name="F_CallBack" time="18.966" classname="com.yeastar.swebtest.testcase.smokecase.pbxcase.CallFeature"/>
  <testcase name="D_PickupGroup" time="16.349" classname="com.yeastar.swebtest.testcase.smokecase.pbxcase.CallFeature"/>
  <testcase name="B_Queue" time="14.043" classname="com.yeastar.swebtest.testcase.smokecase.pbxcase.CallFeature"/>
  <testcase name="A_RingGroup" time="21.198" classname="com.yeastar.swebtest.testcase.smokecase.pbxcase.CallFeature"/>
  <testcase name="C_Conference" time="6.295" classname="com.yeastar.swebtest.testcase.smokecase.pbxcase.CallFeature"/>
  <testcase name="F_PINList" time="14.081" classname="com.yeastar.swebtest.testcase.smokecase.pbxcase.CallFeature"/>
  <testcase name="E_PagingIntercom" time="10.942" classname="com.yeastar.swebtest.testcase.smokecase.pbxcase.CallFeature"/>
</testsuite> <!-- com.yeastar.swebtest.testcase.smokecase.pbxcase.CallFeature -->
