<?xml version="1.0" encoding="UTF-8"?>
<!-- Generated by org.testng.reporters.JUnitReportReporter -->
<testsuite hostname="Yeastar-PC" name="com.yeastar.swebtest.testcase.smokecase.pbxcase.PagingFunction.CallFunction" tests="26" failures="2" timestamp="22 Aug 2017 13:43:46 GMT" time="511.749" errors="0">
  <testcase name="J_DelAllBlacklist" time="14.735" classname="com.yeastar.swebtest.testcase.smokecase.pbxcase.PagingFunction.CallFunction"/>
  <testcase name="G_ExportWhitelist" time="0.814" classname="com.yeastar.swebtest.testcase.smokecase.pbxcase.PagingFunction.CallFunction"/>
  <testcase name="T_BlacklistDeleteAll" time="22.341" classname="com.yeastar.swebtest.testcase.smokecase.pbxcase.PagingFunction.CallFunction"/>
  <testcase name="V_OnlyWhitelistCheck" time="7.213" classname="com.yeastar.swebtest.testcase.smokecase.pbxcase.PagingFunction.CallFunction"/>
  <testcase name="B_AddBlacklist" time="50.087" classname="com.yeastar.swebtest.testcase.smokecase.pbxcase.PagingFunction.CallFunction"/>
  <testcase name="L_ExtensionPage" time="39.520" classname="com.yeastar.swebtest.testcase.smokecase.pbxcase.PagingFunction.CallFunction"/>
  <testcase name="N_DeleteTest1Sps" time="21.560" classname="com.yeastar.swebtest.testcase.smokecase.pbxcase.PagingFunction.CallFunction"/>
  <testcase name="F_AddWhitelist" time="58.299" classname="com.yeastar.swebtest.testcase.smokecase.pbxcase.PagingFunction.CallFunction"/>
  <testcase name="K_DelAllWhitelist" time="22.453" classname="com.yeastar.swebtest.testcase.smokecase.pbxcase.PagingFunction.CallFunction"/>
  <testcase name="Q_ExtensionExport" time="0.201" classname="com.yeastar.swebtest.testcase.smokecase.pbxcase.PagingFunction.CallFunction"/>
  <testcase name="Z_DeleteSpeedDial" time="42.660" classname="com.yeastar.swebtest.testcase.smokecase.pbxcase.PagingFunction.CallFunction"/>
  <testcase name="O_ExtensionImport" time="13.300" classname="com.yeastar.swebtest.testcase.smokecase.pbxcase.PagingFunction.CallFunction"/>
  <testcase name="A_PagingIntercom" time="29.568" classname="com.yeastar.swebtest.testcase.smokecase.pbxcase.PagingFunction.CallFunction">
    <failure type="java.lang.AssertionError" message="CDR被叫方检测 【预期：1102 [6300(1102)] 实际：6300】">
      <![CDATA[java.lang.AssertionError: CDR被叫方检测 【预期：1102 [6300(1102)] 实际：6300】
	at com.yeastar.swebtest.tools.ysassert.YsAssert.fail(YsAssert.java:1086)
	at com.yeastar.swebtest.tools.ysassert.YsAssert.failNotEquals(YsAssert.java:579)
	at com.yeastar.swebtest.tools.ysassert.YsAssert.assertEqualsImpl(YsAssert.java:142)
	at com.yeastar.swebtest.tools.ysassert.YsAssert.assertEquals(YsAssert.java:116)
	at com.yeastar.swebtest.tools.ysassert.YsAssert.assertEquals(YsAssert.java:199)
	at com.yeastar.swebtest.driver.YSMethod.YS_Extension.checkCDR(YS_Extension.java:329)
	at com.yeastar.swebtest.testcase.smokecase.pbxcase.PagingFunction.CallFunction.A_PagingIntercom(CallFunction.java:56)
	at sun.reflect.NativeMethodAccessorImpl.invoke0(Native Method)
	at sun.reflect.NativeMethodAccessorImpl.invoke(NativeMethodAccessorImpl.java:62)
	at sun.reflect.DelegatingMethodAccessorImpl.invoke(DelegatingMethodAccessorImpl.java:43)
	at java.lang.reflect.Method.invoke(Method.java:498)
	at org.testng.internal.MethodInvocationHelper.invokeMethod(MethodInvocationHelper.java:85)
	at org.testng.internal.Invoker.invokeMethod(Invoker.java:639)
	at org.testng.internal.Invoker.invokeTestMethod(Invoker.java:816)
	at org.testng.internal.Invoker.invokeTestMethods(Invoker.java:1124)
	at org.testng.internal.TestMethodWorker.invokeTestMethods(TestMethodWorker.java:125)
	at org.testng.internal.TestMethodWorker.run(TestMethodWorker.java:108)
	at org.testng.TestRunner.privateRun(TestRunner.java:774)
	at org.testng.TestRunner.run(TestRunner.java:624)
	at org.testng.SuiteRunner.runTest(SuiteRunner.java:359)
	at org.testng.SuiteRunner.runSequentially(SuiteRunner.java:354)
	at org.testng.SuiteRunner.privateRun(SuiteRunner.java:312)
	at org.testng.SuiteRunner.run(SuiteRunner.java:261)
	at org.testng.SuiteRunnerWorker.runSuite(SuiteRunnerWorker.java:52)
	at org.testng.SuiteRunnerWorker.run(SuiteRunnerWorker.java:86)
	at org.testng.TestNG.runSuitesSequentially(TestNG.java:1215)
	at org.testng.TestNG.runSuitesLocally(TestNG.java:1140)
	at org.testng.TestNG.run(TestNG.java:1048)
	at org.apache.maven.surefire.testng.TestNGExecutor.run(TestNGExecutor.java:293)
	at org.apache.maven.surefire.testng.TestNGXmlTestSuite.execute(TestNGXmlTestSuite.java:84)
	at org.apache.maven.surefire.testng.TestNGProvider.invoke(TestNGProvider.java:91)
	at org.apache.maven.surefire.booter.ForkedBooter.invokeProviderInSameClassLoader(ForkedBooter.java:200)
	at org.apache.maven.surefire.booter.ForkedBooter.runSuitesInProcess(ForkedBooter.java:153)
	at org.apache.maven.surefire.booter.ForkedBooter.main(ForkedBooter.java:103)
]]>
    </failure>
  </testcase> <!-- A_PagingIntercom -->
  <testcase name="X_AddSpeedDial" time="72.186" classname="com.yeastar.swebtest.testcase.smokecase.pbxcase.PagingFunction.CallFunction">
    <failure type="java.lang.AssertionError" message="CDR被叫方检测 【预期：902000 实际：902000 [902000]】">
      <![CDATA[java.lang.AssertionError: CDR被叫方检测 【预期：902000 实际：902000 [902000]】
	at com.yeastar.swebtest.tools.ysassert.YsAssert.fail(YsAssert.java:1086)
	at com.yeastar.swebtest.tools.ysassert.YsAssert.failNotEquals(YsAssert.java:579)
	at com.yeastar.swebtest.tools.ysassert.YsAssert.assertEqualsImpl(YsAssert.java:142)
	at com.yeastar.swebtest.tools.ysassert.YsAssert.assertEquals(YsAssert.java:116)
	at com.yeastar.swebtest.tools.ysassert.YsAssert.assertEquals(YsAssert.java:199)
	at com.yeastar.swebtest.driver.YSMethod.YS_Extension.checkCDR(YS_Extension.java:290)
	at com.yeastar.swebtest.testcase.smokecase.pbxcase.PagingFunction.CallFunction.X_AddSpeedDial(CallFunction.java:379)
	at sun.reflect.NativeMethodAccessorImpl.invoke0(Native Method)
	at sun.reflect.NativeMethodAccessorImpl.invoke(NativeMethodAccessorImpl.java:62)
	at sun.reflect.DelegatingMethodAccessorImpl.invoke(DelegatingMethodAccessorImpl.java:43)
	at java.lang.reflect.Method.invoke(Method.java:498)
	at org.testng.internal.MethodInvocationHelper.invokeMethod(MethodInvocationHelper.java:85)
	at org.testng.internal.Invoker.invokeMethod(Invoker.java:639)
	at org.testng.internal.Invoker.invokeTestMethod(Invoker.java:816)
	at org.testng.internal.Invoker.invokeTestMethods(Invoker.java:1124)
	at org.testng.internal.TestMethodWorker.invokeTestMethods(TestMethodWorker.java:125)
	at org.testng.internal.TestMethodWorker.run(TestMethodWorker.java:108)
	at org.testng.TestRunner.privateRun(TestRunner.java:774)
	at org.testng.TestRunner.run(TestRunner.java:624)
	at org.testng.SuiteRunner.runTest(SuiteRunner.java:359)
	at org.testng.SuiteRunner.runSequentially(SuiteRunner.java:354)
	at org.testng.SuiteRunner.privateRun(SuiteRunner.java:312)
	at org.testng.SuiteRunner.run(SuiteRunner.java:261)
	at org.testng.SuiteRunnerWorker.runSuite(SuiteRunnerWorker.java:52)
	at org.testng.SuiteRunnerWorker.run(SuiteRunnerWorker.java:86)
	at org.testng.TestNG.runSuitesSequentially(TestNG.java:1215)
	at org.testng.TestNG.runSuitesLocally(TestNG.java:1140)
	at org.testng.TestNG.run(TestNG.java:1048)
	at org.apache.maven.surefire.testng.TestNGExecutor.run(TestNGExecutor.java:293)
	at org.apache.maven.surefire.testng.TestNGXmlTestSuite.execute(TestNGXmlTestSuite.java:84)
	at org.apache.maven.surefire.testng.TestNGProvider.invoke(TestNGProvider.java:91)
	at org.apache.maven.surefire.booter.ForkedBooter.invokeProviderInSameClassLoader(ForkedBooter.java:200)
	at org.apache.maven.surefire.booter.ForkedBooter.runSuitesInProcess(ForkedBooter.java:153)
	at org.apache.maven.surefire.booter.ForkedBooter.main(ForkedBooter.java:103)
]]>
    </failure>
  </testcase> <!-- X_AddSpeedDial -->
  <testcase name="b_DeleteAllSpeedDial" time="30.892" classname="com.yeastar.swebtest.testcase.smokecase.pbxcase.PagingFunction.CallFunction"/>
  <testcase name="R_WhiteTest1Delete" time="12.421" classname="com.yeastar.swebtest.testcase.smokecase.pbxcase.PagingFunction.CallFunction"/>
  <testcase name="E_ImportBlacklist" time="0.000" classname="com.yeastar.swebtest.testcase.smokecase.pbxcase.PagingFunction.CallFunction"/>
  <testcase name="a_ImportSpeedDial" time="0.235" classname="com.yeastar.swebtest.testcase.smokecase.pbxcase.PagingFunction.CallFunction"/>
  <testcase name="Y_ExportSpeedDial" time="1.015" classname="com.yeastar.swebtest.testcase.smokecase.pbxcase.PagingFunction.CallFunction"/>
  <testcase name="I_ImportWhitelist" time="0.000" classname="com.yeastar.swebtest.testcase.smokecase.pbxcase.PagingFunction.CallFunction"/>
  <testcase name="U_WhitelistDeleteAll" time="22.829" classname="com.yeastar.swebtest.testcase.smokecase.pbxcase.PagingFunction.CallFunction"/>
  <testcase name="M_ExtensionExport" time="0.182" classname="com.yeastar.swebtest.testcase.smokecase.pbxcase.PagingFunction.CallFunction"/>
  <testcase name="P_ExtensionWhitelist" time="41.006" classname="com.yeastar.swebtest.testcase.smokecase.pbxcase.PagingFunction.CallFunction"/>
  <testcase name="W_OnlyWhitelistUnCheck" time="6.842" classname="com.yeastar.swebtest.testcase.smokecase.pbxcase.PagingFunction.CallFunction"/>
  <testcase name="C_ExportBlacklist" time="1.078" classname="com.yeastar.swebtest.testcase.smokecase.pbxcase.PagingFunction.CallFunction"/>
  <testcase name="S_WhiteImport" time="0.312" classname="com.yeastar.swebtest.testcase.smokecase.pbxcase.PagingFunction.CallFunction"/>
</testsuite> <!-- com.yeastar.swebtest.testcase.smokecase.pbxcase.PagingFunction.CallFunction -->
