<?xml version="1.0" encoding="UTF-8"?>
<!-- Generated by org.testng.reporters.JUnitReportReporter -->
<testsuite hostname="Yeastar-PC" name="com.yeastar.swebtest.testcase.CheckToTest" tests="1" failures="0" timestamp="23 Aug 2017 05:45:37 GMT" time="184.475" errors="0">
  <testcase name="CleanExtensions" time="184.475" classname="com.yeastar.swebtest.testcase.CheckToTest"/>
</testsuite> <!-- com.yeastar.swebtest.testcase.CheckToTest -->
