<?xml version="1.0" encoding="UTF-8"?>
<!-- Generated by org.testng.reporters.JUnitReportReporter -->
<testsuite hostname="Yeastar-PC" name="com.yeastar.swebtest.testcase.smokecase.pbxcase.FeatureCode.FeatureCode" tests="6" failures="0" timestamp="22 Aug 2017 13:43:46 GMT" time="371.374" errors="0">
  <testcase name="H_CallPickup" time="49.031" classname="com.yeastar.swebtest.testcase.smokecase.pbxcase.FeatureCode.FeatureCode"/>
  <testcase name="J_CallParking" time="65.265" classname="com.yeastar.swebtest.testcase.smokecase.pbxcase.FeatureCode.FeatureCode"/>
  <testcase name="G_Transfer" time="59.448" classname="com.yeastar.swebtest.testcase.smokecase.pbxcase.FeatureCode.FeatureCode"/>
  <testcase name="F_Transfer" time="66.037" classname="com.yeastar.swebtest.testcase.smokecase.pbxcase.FeatureCode.FeatureCode"/>
  <testcase name="I_CallPickup" time="46.300" classname="com.yeastar.swebtest.testcase.smokecase.pbxcase.FeatureCode.FeatureCode"/>
  <testcase name="K_CallParking" time="85.293" classname="com.yeastar.swebtest.testcase.smokecase.pbxcase.FeatureCode.FeatureCode"/>
</testsuite> <!-- com.yeastar.swebtest.testcase.smokecase.pbxcase.FeatureCode.FeatureCode -->
