<?xml version="1.0" encoding="UTF-8"?>
<!-- Generated by org.testng.reporters.JUnitReportReporter -->
<testsuite hostname="Yeastar-PC" name="com.yeastar.swebtest.testcase.smokecase.pbxcase.Storage" tests="5" failures="0" timestamp="23 Aug 2017 05:45:37 GMT" time="52.212" errors="0">
  <testcase name="C_SetFileShare" time="0.313" classname="com.yeastar.swebtest.testcase.smokecase.pbxcase.Storage"/>
  <testcase name="E_Recording_Settings" time="22.663" classname="com.yeastar.swebtest.testcase.smokecase.pbxcase.Storage"/>
  <testcase name="A_JudgeStorage" time="12.455" classname="com.yeastar.swebtest.testcase.smokecase.pbxcase.Storage"/>
  <testcase name="B_AddNetworkDrive" time="12.491" classname="com.yeastar.swebtest.testcase.smokecase.pbxcase.Storage"/>
  <testcase name="D_StorageLocations" time="4.290" classname="com.yeastar.swebtest.testcase.smokecase.pbxcase.Storage"/>
</testsuite> <!-- com.yeastar.swebtest.testcase.smokecase.pbxcase.Storage -->
