<?xml version="1.0" encoding="UTF-8"?>
<!-- Generated by org.testng.reporters.JUnitReportReporter -->
<testsuite hostname="Yeastar-PC" name="com.yeastar.swebtest.testcase.RegressionCase.pbxcase.Conference" tests="18" failures="0" timestamp="26 Oct 2018 03:30:25 GMT" time="439.569" errors="0">
  <testcase name="D_callin4" time="34.781" classname="com.yeastar.swebtest.testcase.RegressionCase.pbxcase.Conference"/>
  <testcase name="F_delete" time="49.753" classname="com.yeastar.swebtest.testcase.RegressionCase.pbxcase.Conference"/>
  <testcase name="AA1_InitConference" time="51.941" classname="com.yeastar.swebtest.testcase.RegressionCase.pbxcase.Conference"/>
  <testcase name="D_callin2" time="23.845" classname="com.yeastar.swebtest.testcase.RegressionCase.pbxcase.Conference"/>
  <testcase name="G_recovery" time="28.936" classname="com.yeastar.swebtest.testcase.RegressionCase.pbxcase.Conference"/>
  <testcase name="D_callin1" time="18.175" classname="com.yeastar.swebtest.testcase.RegressionCase.pbxcase.Conference"/>
  <testcase name="A_add_conference1" time="11.138" classname="com.yeastar.swebtest.testcase.RegressionCase.pbxcase.Conference"/>
  <testcase name="A_add_conference2" time="13.254" classname="com.yeastar.swebtest.testcase.RegressionCase.pbxcase.Conference"/>
  <testcase name="C_CallIn3" time="12.349" classname="com.yeastar.swebtest.testcase.RegressionCase.pbxcase.Conference"/>
  <testcase name="C_CallIn5" time="27.051" classname="com.yeastar.swebtest.testcase.RegressionCase.pbxcase.Conference"/>
  <testcase name="D_callin3" time="12.969" classname="com.yeastar.swebtest.testcase.RegressionCase.pbxcase.Conference"/>
  <testcase name="C_CallIn1" time="12.692" classname="com.yeastar.swebtest.testcase.RegressionCase.pbxcase.Conference"/>
  <testcase name="B_editInRoute1" time="30.179" classname="com.yeastar.swebtest.testcase.RegressionCase.pbxcase.Conference"/>
  <testcase name="E_invite" time="35.526" classname="com.yeastar.swebtest.testcase.RegressionCase.pbxcase.Conference"/>
  <testcase name="AA0_Register" time="22.758" classname="com.yeastar.swebtest.testcase.RegressionCase.pbxcase.Conference"/>
  <testcase name="C_CallIn2" time="12.442" classname="com.yeastar.swebtest.testcase.RegressionCase.pbxcase.Conference"/>
  <testcase name="D_callin5" time="28.389" classname="com.yeastar.swebtest.testcase.RegressionCase.pbxcase.Conference"/>
  <testcase name="C_CallIn4" time="13.391" classname="com.yeastar.swebtest.testcase.RegressionCase.pbxcase.Conference"/>
</testsuite> <!-- com.yeastar.swebtest.testcase.RegressionCase.pbxcase.Conference -->
