<?xml version="1.0" encoding="UTF-8"?>
<!-- Generated by org.testng.reporters.JUnitReportReporter -->
<testsuite hostname="Yeastar-PC" name="com.yeastar.swebtest.testcase.RegressionCase.pbxcase.Extension" tests="23" failures="0" timestamp="26 Oct 2018 03:30:25 GMT" time="847.505" errors="1">
  <testcase name="B2_AttendTranferTimeout" time="53.879" classname="com.yeastar.swebtest.testcase.RegressionCase.pbxcase.Extension"/>
  <testcase name="B1_AttendTranfer" time="52.277" classname="com.yeastar.swebtest.testcase.RegressionCase.pbxcase.Extension"/>
  <testcase name="C2_callpark" time="55.586" classname="com.yeastar.swebtest.testcase.RegressionCase.pbxcase.Extension"/>
  <testcase name="H1_resetToDefault" time="6.480" classname="com.yeastar.swebtest.testcase.RegressionCase.pbxcase.Extension">
    <error type="java.lang.Error" message="Invalid memory access">
      <![CDATA[java.lang.Error: Invalid memory access
	at com.sun.jna.Native.invokeInt(Native Method)
	at com.sun.jna.Function.invoke(Function.java:383)
	at com.sun.jna.Function.invoke(Function.java:315)
	at com.sun.jna.Library$Handler.invoke(Library.java:212)
	at com.sun.proxy.$Proxy6.ys_hangup_all_call(Unknown Source)
	at com.yeastar.swebtest.tools.pjsip.PjsipApp.Pj_Hangup_All(PjsipApp.java:294)
	at com.yeastar.swebtest.testcase.RegressionCase.pbxcase.Extension.H1_resetToDefault(Extension.java:408)
	at sun.reflect.NativeMethodAccessorImpl.invoke0(Native Method)
	at sun.reflect.NativeMethodAccessorImpl.invoke(NativeMethodAccessorImpl.java:62)
	at sun.reflect.DelegatingMethodAccessorImpl.invoke(DelegatingMethodAccessorImpl.java:43)
	at java.lang.reflect.Method.invoke(Method.java:498)
	at org.testng.internal.MethodInvocationHelper.invokeMethod(MethodInvocationHelper.java:85)
	at org.testng.internal.Invoker.invokeMethod(Invoker.java:639)
	at org.testng.internal.Invoker.invokeTestMethod(Invoker.java:816)
	at org.testng.internal.Invoker.invokeTestMethods(Invoker.java:1124)
	at org.testng.internal.TestMethodWorker.invokeTestMethods(TestMethodWorker.java:125)
	at org.testng.internal.TestMethodWorker.run(TestMethodWorker.java:108)
	at org.testng.TestRunner.privateRun(TestRunner.java:774)
	at org.testng.TestRunner.run(TestRunner.java:624)
	at org.testng.SuiteRunner.runTest(SuiteRunner.java:359)
	at org.testng.SuiteRunner.runSequentially(SuiteRunner.java:354)
	at org.testng.SuiteRunner.privateRun(SuiteRunner.java:312)
	at org.testng.SuiteRunner.run(SuiteRunner.java:261)
	at org.testng.SuiteRunnerWorker.runSuite(SuiteRunnerWorker.java:52)
	at org.testng.SuiteRunnerWorker.run(SuiteRunnerWorker.java:86)
	at org.testng.TestNG.runSuitesSequentially(TestNG.java:1215)
	at org.testng.TestNG.runSuitesLocally(TestNG.java:1140)
	at org.testng.TestNG.run(TestNG.java:1048)
	at org.apache.maven.surefire.testng.TestNGExecutor.run(TestNGExecutor.java:293)
	at org.apache.maven.surefire.testng.TestNGXmlTestSuite.execute(TestNGXmlTestSuite.java:84)
	at org.apache.maven.surefire.testng.TestNGProvider.invoke(TestNGProvider.java:91)
	at org.apache.maven.surefire.booter.ForkedBooter.invokeProviderInSameClassLoader(ForkedBooter.java:200)
	at org.apache.maven.surefire.booter.ForkedBooter.runSuitesInProcess(ForkedBooter.java:153)
	at org.apache.maven.surefire.booter.ForkedBooter.main(ForkedBooter.java:103)
]]>
    </error>
  </testcase> <!-- H1_resetToDefault -->
  <testcase name="B3_BlindTransfer" time="43.295" classname="com.yeastar.swebtest.testcase.RegressionCase.pbxcase.Extension"/>
  <testcase name="K1_check_Voicemail" time="35.560" classname="com.yeastar.swebtest.testcase.RegressionCase.pbxcase.Extension"/>
  <testcase name="K2_Check_OneTouchRecord" time="4.974" classname="com.yeastar.swebtest.testcase.RegressionCase.pbxcase.Extension"/>
  <testcase name="F2_NoAnswer" time="56.037" classname="com.yeastar.swebtest.testcase.RegressionCase.pbxcase.Extension"/>
  <testcase name="G1_dnd" time="13.189" classname="com.yeastar.swebtest.testcase.RegressionCase.pbxcase.Extension"/>
  <testcase name="C1_callpark" time="50.252" classname="com.yeastar.swebtest.testcase.RegressionCase.pbxcase.Extension"/>
  <testcase name="J_internal" time="45.741" classname="com.yeastar.swebtest.testcase.RegressionCase.pbxcase.Extension"/>
  <testcase name="E2_cancelWhenBusy" time="40.229" classname="com.yeastar.swebtest.testcase.RegressionCase.pbxcase.Extension"/>
  <testcase name="A4_fxs" time="0.028" classname="com.yeastar.swebtest.testcase.RegressionCase.pbxcase.Extension"/>
  <testcase name="A1_sip" time="35.357" classname="com.yeastar.swebtest.testcase.RegressionCase.pbxcase.Extension"/>
  <testcase name="G2_canceldnd" time="39.009" classname="com.yeastar.swebtest.testcase.RegressionCase.pbxcase.Extension"/>
  <testcase name="A3_fxs" time="0.009" classname="com.yeastar.swebtest.testcase.RegressionCase.pbxcase.Extension"/>
  <testcase name="A2_sip" time="29.759" classname="com.yeastar.swebtest.testcase.RegressionCase.pbxcase.Extension"/>
  <testcase name="E1_whenbusy" time="44.830" classname="com.yeastar.swebtest.testcase.RegressionCase.pbxcase.Extension"/>
  <testcase name="D1_callforward" time="32.795" classname="com.yeastar.swebtest.testcase.RegressionCase.pbxcase.Extension"/>
  <testcase name="A0_Register" time="29.935" classname="com.yeastar.swebtest.testcase.RegressionCase.pbxcase.Extension"/>
  <testcase name="I_Voicemail" time="79.653" classname="com.yeastar.swebtest.testcase.RegressionCase.pbxcase.Extension"/>
  <testcase name="D2_cancellForward" time="31.886" classname="com.yeastar.swebtest.testcase.RegressionCase.pbxcase.Extension"/>
  <testcase name="F1_NoAnswer" time="66.745" classname="com.yeastar.swebtest.testcase.RegressionCase.pbxcase.Extension"/>
</testsuite> <!-- com.yeastar.swebtest.testcase.RegressionCase.pbxcase.Extension -->
