<?xml version="1.0" encoding="UTF-8"?>
<!-- Generated by org.testng.reporters.JUnitReportReporter -->
<testsuite hostname="Yeastar-PC" name="com.yeastar.swebtest.testcase.RegressionCase.pbxcase.SpeedDial" tests="1" failures="0" timestamp="26 Oct 2018 03:30:25 GMT" time="11.305" errors="0">
  <testcase name="A0_init" time="11.305" classname="com.yeastar.swebtest.testcase.RegressionCase.pbxcase.SpeedDial"/>
</testsuite> <!-- com.yeastar.swebtest.testcase.RegressionCase.pbxcase.SpeedDial -->
