<?xml version="1.0" encoding="UTF-8"?>
<!-- Generated by org.testng.reporters.JUnitReportReporter -->
<testsuite hostname="Yeastar-PC" name="com.yeastar.swebtest.testcase.RegressionCase.pbxcase.RingGroup" tests="5" failures="0" timestamp="26 Oct 2018 03:30:25 GMT" time="361.950" errors="0">
  <testcase name="B_edit_RingGroup1" time="76.601" classname="com.yeastar.swebtest.testcase.RegressionCase.pbxcase.RingGroup"/>
  <testcase name="A0_Register" time="36.101" classname="com.yeastar.swebtest.testcase.RegressionCase.pbxcase.RingGroup"/>
  <testcase name="C_add_RingGroup2" time="135.658" classname="com.yeastar.swebtest.testcase.RegressionCase.pbxcase.RingGroup"/>
  <testcase name="A1_add_RingGroup1" time="55.927" classname="com.yeastar.swebtest.testcase.RegressionCase.pbxcase.RingGroup"/>
  <testcase name="D_delete" time="57.663" classname="com.yeastar.swebtest.testcase.RegressionCase.pbxcase.RingGroup"/>
</testsuite> <!-- com.yeastar.swebtest.testcase.RegressionCase.pbxcase.RingGroup -->
