<?xml version="1.0" encoding="UTF-8"?>
<!-- Generated by org.testng.reporters.JUnitReportReporter -->
<testsuite hostname="Yeastar-PC" name="com.yeastar.swebtest.testcase.RegressionCase.pbxcase.Inbound" tests="20" failures="0" timestamp="26 Oct 2018 03:30:25 GMT" time="686.722" errors="0">
  <testcase name="F_timecondition5" time="57.141" classname="com.yeastar.swebtest.testcase.RegressionCase.pbxcase.Inbound"/>
  <testcase name="H_recovery" time="41.869" classname="com.yeastar.swebtest.testcase.RegressionCase.pbxcase.Inbound"/>
  <testcase name="A_callfrom5_fxo" time="0.037" classname="com.yeastar.swebtest.testcase.RegressionCase.pbxcase.Inbound"/>
  <testcase name="A_callfrom3_sps" time="33.023" classname="com.yeastar.swebtest.testcase.RegressionCase.pbxcase.Inbound"/>
  <testcase name="C2_did1_sps" time="66.130" classname="com.yeastar.swebtest.testcase.RegressionCase.pbxcase.Inbound"/>
  <testcase name="C1_did1_sps" time="20.465" classname="com.yeastar.swebtest.testcase.RegressionCase.pbxcase.Inbound"/>
  <testcase name="A_callfrom6_bri" time="0.094" classname="com.yeastar.swebtest.testcase.RegressionCase.pbxcase.Inbound"/>
  <testcase name="A_callfrom4_spx" time="0.020" classname="com.yeastar.swebtest.testcase.RegressionCase.pbxcase.Inbound"/>
  <testcase name="F_timecondition1" time="13.795" classname="com.yeastar.swebtest.testcase.RegressionCase.pbxcase.Inbound"/>
  <testcase name="F_timecondition3" time="74.229" classname="com.yeastar.swebtest.testcase.RegressionCase.pbxcase.Inbound"/>
  <testcase name="A_callfrom1_sip" time="36.324" classname="com.yeastar.swebtest.testcase.RegressionCase.pbxcase.Inbound"/>
  <testcase name="F_timecondition2" time="72.605" classname="com.yeastar.swebtest.testcase.RegressionCase.pbxcase.Inbound"/>
  <testcase name="G_delete1" time="47.792" classname="com.yeastar.swebtest.testcase.RegressionCase.pbxcase.Inbound"/>
  <testcase name="A0_init" time="22.859" classname="com.yeastar.swebtest.testcase.RegressionCase.pbxcase.Inbound"/>
  <testcase name="A_callfrom2_iax" time="0.010" classname="com.yeastar.swebtest.testcase.RegressionCase.pbxcase.Inbound"/>
  <testcase name="B2_callerid" time="72.689" classname="com.yeastar.swebtest.testcase.RegressionCase.pbxcase.Inbound"/>
  <testcase name="F_timecondition4" time="53.363" classname="com.yeastar.swebtest.testcase.RegressionCase.pbxcase.Inbound"/>
  <testcase name="A_callfrom7_e1" time="0.021" classname="com.yeastar.swebtest.testcase.RegressionCase.pbxcase.Inbound"/>
  <testcase name="A_callfrom8_gsm" time="0.012" classname="com.yeastar.swebtest.testcase.RegressionCase.pbxcase.Inbound"/>
  <testcase name="B1_callerid" time="74.244" classname="com.yeastar.swebtest.testcase.RegressionCase.pbxcase.Inbound"/>
</testsuite> <!-- com.yeastar.swebtest.testcase.RegressionCase.pbxcase.Inbound -->
