<?xml version="1.0" encoding="UTF-8"?>
<!-- Generated by org.testng.reporters.JUnitReportReporter -->
<testsuite hostname="Yeastar-PC" name="com.yeastar.swebtest.testcase.DetailCase.pbxcase.PINList" tests="18" failures="0" timestamp="18 Oct 2018 11:16:13 GMT" time="483.583" errors="0">
  <testcase name="F_deletePinNumber" time="22.798" classname="com.yeastar.swebtest.testcase.DetailCase.pbxcase.PINList"/>
  <testcase name="I_checkPin" time="36.769" classname="com.yeastar.swebtest.testcase.DetailCase.pbxcase.PINList"/>
  <testcase name="A1_addExtension" time="12.902" classname="com.yeastar.swebtest.testcase.DetailCase.pbxcase.PINList"/>
  <testcase name="A0_Init1" time="0.043" classname="com.yeastar.swebtest.testcase.DetailCase.pbxcase.PINList"/>
  <testcase name="H1_deleteOnePin_no" time="19.942" classname="com.yeastar.swebtest.testcase.DetailCase.pbxcase.PINList"/>
  <testcase name="K2_recovery_Pin" time="42.522" classname="com.yeastar.swebtest.testcase.DetailCase.pbxcase.PINList"/>
  <testcase name="E_checkPin" time="52.841" classname="com.yeastar.swebtest.testcase.DetailCase.pbxcase.PINList"/>
  <testcase name="B_addPin" time="49.406" classname="com.yeastar.swebtest.testcase.DetailCase.pbxcase.PINList"/>
  <testcase name="J3_deleteAllPin_no" time="9.800" classname="com.yeastar.swebtest.testcase.DetailCase.pbxcase.PINList"/>
  <testcase name="H2_deleteOnePin_yes" time="27.982" classname="com.yeastar.swebtest.testcase.DetailCase.pbxcase.PINList"/>
  <testcase name="K1_recovery_InRoute" time="24.610" classname="com.yeastar.swebtest.testcase.DetailCase.pbxcase.PINList"/>
  <testcase name="J1_deletePartPin_no" time="15.956" classname="com.yeastar.swebtest.testcase.DetailCase.pbxcase.PINList"/>
  <testcase name="J2_deletePartPin_yes" time="13.357" classname="com.yeastar.swebtest.testcase.DetailCase.pbxcase.PINList"/>
  <testcase name="D_editInRoute" time="29.568" classname="com.yeastar.swebtest.testcase.DetailCase.pbxcase.PINList"/>
  <testcase name="K3_recovery_Disa" time="24.392" classname="com.yeastar.swebtest.testcase.DetailCase.pbxcase.PINList"/>
  <testcase name="C_editDISA" time="29.224" classname="com.yeastar.swebtest.testcase.DetailCase.pbxcase.PINList"/>
  <testcase name="G_checkPin" time="58.109" classname="com.yeastar.swebtest.testcase.DetailCase.pbxcase.PINList"/>
  <testcase name="J4_deleteAllPin_yes" time="13.362" classname="com.yeastar.swebtest.testcase.DetailCase.pbxcase.PINList"/>
</testsuite> <!-- com.yeastar.swebtest.testcase.DetailCase.pbxcase.PINList -->
