<?xml version="1.0" encoding="UTF-8"?>
<!-- Generated by org.testng.reporters.JUnitReportReporter -->
<testsuite hostname="Yeastar-PC" name="com.yeastar.swebtest.testcase.RegressionCase.pbxcase.OutboundRestriction" tests="8" failures="0" timestamp="26 Oct 2018 03:30:25 GMT" time="564.438" errors="0">
  <testcase name="C_delete" time="61.038" classname="com.yeastar.swebtest.testcase.RegressionCase.pbxcase.OutboundRestriction"/>
  <testcase name="B_add_3_exten1102_cancelCall" time="33.695" classname="com.yeastar.swebtest.testcase.RegressionCase.pbxcase.OutboundRestriction"/>
  <testcase name="B_add_2_exten1102_cancel" time="29.169" classname="com.yeastar.swebtest.testcase.RegressionCase.pbxcase.OutboundRestriction"/>
  <testcase name="B_add_1_exten1102" time="149.555" classname="com.yeastar.swebtest.testcase.RegressionCase.pbxcase.OutboundRestriction"/>
  <testcase name="A1_add_1_all" time="213.820" classname="com.yeastar.swebtest.testcase.RegressionCase.pbxcase.OutboundRestriction"/>
  <testcase name="A_add_2_cancel" time="23.965" classname="com.yeastar.swebtest.testcase.RegressionCase.pbxcase.OutboundRestriction"/>
  <testcase name="A0_init" time="20.536" classname="com.yeastar.swebtest.testcase.RegressionCase.pbxcase.OutboundRestriction"/>
  <testcase name="A_add_3_cancelCall" time="32.660" classname="com.yeastar.swebtest.testcase.RegressionCase.pbxcase.OutboundRestriction"/>
</testsuite> <!-- com.yeastar.swebtest.testcase.RegressionCase.pbxcase.OutboundRestriction -->
