<?xml version="1.0" encoding="UTF-8"?>
<!-- Generated by org.testng.reporters.JUnitReportReporter -->
<testsuite hostname="Yeastar-PC" name="com.yeastar.swebtest.testcase.RegressionCase.pbxcase.AutoCLIP" tests="8" failures="0" timestamp="26 Oct 2018 03:30:25 GMT" time="489.872" errors="0">
  <testcase name="A0_init" time="16.428" classname="com.yeastar.swebtest.testcase.RegressionCase.pbxcase.AutoCLIP"/>
  <testcase name="A3_makeCall" time="49.920" classname="com.yeastar.swebtest.testcase.RegressionCase.pbxcase.AutoCLIP"/>
  <testcase name="B_deleteUsedRecords" time="110.281" classname="com.yeastar.swebtest.testcase.RegressionCase.pbxcase.AutoCLIP"/>
  <testcase name="D_MatchOutgoingTrunk" time="74.800" classname="com.yeastar.swebtest.testcase.RegressionCase.pbxcase.AutoCLIP"/>
  <testcase name="E_Disable_AutoCLIP" time="84.409" classname="com.yeastar.swebtest.testcase.RegressionCase.pbxcase.AutoCLIP"/>
  <testcase name="A2_makeCall" time="59.501" classname="com.yeastar.swebtest.testcase.RegressionCase.pbxcase.AutoCLIP"/>
  <testcase name="C_OnlyKeepMissedCallRecords" time="54.374" classname="com.yeastar.swebtest.testcase.RegressionCase.pbxcase.AutoCLIP"/>
  <testcase name="A1_clip_default" time="40.159" classname="com.yeastar.swebtest.testcase.RegressionCase.pbxcase.AutoCLIP"/>
</testsuite> <!-- com.yeastar.swebtest.testcase.RegressionCase.pbxcase.AutoCLIP -->
