<?xml version="1.0" encoding="UTF-8"?>
<!-- Generated by org.testng.reporters.JUnitReportReporter -->
<testsuite hostname="Yeastar-PC" name="com.yeastar.swebtest.testcase.DetailCase.pbxcase.Paging_Intercom" tests="18" failures="0" timestamp="18 Oct 2018 11:16:13 GMT" time="512.860" errors="0">
  <testcase name="E2_DisableAnswer" time="55.528" classname="com.yeastar.swebtest.testcase.DetailCase.pbxcase.Paging_Intercom"/>
  <testcase name="H_delete" time="60.832" classname="com.yeastar.swebtest.testcase.DetailCase.pbxcase.Paging_Intercom"/>
  <testcase name="B2_add_AutoPag6301" time="17.939" classname="com.yeastar.swebtest.testcase.DetailCase.pbxcase.Paging_Intercom"/>
  <testcase name="G1_intercom" time="34.444" classname="com.yeastar.swebtest.testcase.DetailCase.pbxcase.Paging_Intercom"/>
  <testcase name="B5_Apply" time="8.114" classname="com.yeastar.swebtest.testcase.DetailCase.pbxcase.Paging_Intercom"/>
  <testcase name="B3_add_NewPage6302" time="19.891" classname="com.yeastar.swebtest.testcase.DetailCase.pbxcase.Paging_Intercom"/>
  <testcase name="C1_callforward" time="6.116" classname="com.yeastar.swebtest.testcase.DetailCase.pbxcase.Paging_Intercom"/>
  <testcase name="D2_2way" time="37.236" classname="com.yeastar.swebtest.testcase.DetailCase.pbxcase.Paging_Intercom"/>
  <testcase name="A1_InitIntercom" time="9.027" classname="com.yeastar.swebtest.testcase.DetailCase.pbxcase.Paging_Intercom"/>
  <testcase name="B1_add_Paging6300" time="18.749" classname="com.yeastar.swebtest.testcase.DetailCase.pbxcase.Paging_Intercom"/>
  <testcase name="E1_EnableAnswer" time="41.408" classname="com.yeastar.swebtest.testcase.DetailCase.pbxcase.Paging_Intercom"/>
  <testcase name="F1_followToPaging" time="45.021" classname="com.yeastar.swebtest.testcase.DetailCase.pbxcase.Paging_Intercom"/>
  <testcase name="A2_InitPaging" time="33.977" classname="com.yeastar.swebtest.testcase.DetailCase.pbxcase.Paging_Intercom"/>
  <testcase name="D1_1way" time="48.972" classname="com.yeastar.swebtest.testcase.DetailCase.pbxcase.Paging_Intercom"/>
  <testcase name="B4_add_Paging6303" time="18.786" classname="com.yeastar.swebtest.testcase.DetailCase.pbxcase.Paging_Intercom"/>
  <testcase name="I_Recovery" time="6.132" classname="com.yeastar.swebtest.testcase.DetailCase.pbxcase.Paging_Intercom"/>
  <testcase name="G3_newIntercom" time="33.817" classname="com.yeastar.swebtest.testcase.DetailCase.pbxcase.Paging_Intercom"/>
  <testcase name="G2_EditFeatureCode" time="16.871" classname="com.yeastar.swebtest.testcase.DetailCase.pbxcase.Paging_Intercom"/>
</testsuite> <!-- com.yeastar.swebtest.testcase.DetailCase.pbxcase.Paging_Intercom -->
