<?xml version="1.0" encoding="UTF-8"?>
<!-- Generated by org.testng.reporters.JUnitReportReporter -->
<testsuite hostname="Yeastar-PC" name="com.yeastar.swebtest.testcase.smokecase.pbxcase.InboundRoutes.InboundRoutesTest" tests="12" failures="0" timestamp="4 Aug 2017 05:29:14 GMT" time="102.926" errors="0">
  <testcase name="H_CallPstn" time="0.000" classname="com.yeastar.swebtest.testcase.smokecase.pbxcase.InboundRoutes.InboundRoutesTest"/>
  <testcase name="I_CallE1" time="0.000" classname="com.yeastar.swebtest.testcase.smokecase.pbxcase.InboundRoutes.InboundRoutesTest"/>
  <testcase name="G_CallGsm" time="0.000" classname="com.yeastar.swebtest.testcase.smokecase.pbxcase.InboundRoutes.InboundRoutesTest"/>
  <testcase name="F_CallSpx" time="0.000" classname="com.yeastar.swebtest.testcase.smokecase.pbxcase.InboundRoutes.InboundRoutesTest"/>
  <testcase name="D_CallIax" time="0.000" classname="com.yeastar.swebtest.testcase.smokecase.pbxcase.InboundRoutes.InboundRoutesTest"/>
  <testcase name="B_CreateInboundRoutes" time="62.448" classname="com.yeastar.swebtest.testcase.smokecase.pbxcase.InboundRoutes.InboundRoutesTest"/>
  <testcase name="J_SetDidSps" time="15.352" classname="com.yeastar.swebtest.testcase.smokecase.pbxcase.InboundRoutes.InboundRoutesTest"/>
  <testcase name="A_EmailSettings" time="3.349" classname="com.yeastar.swebtest.testcase.smokecase.pbxcase.InboundRoutes.InboundRoutesTest"/>
  <testcase name="K_CallDidSps" time="0.000" classname="com.yeastar.swebtest.testcase.smokecase.pbxcase.InboundRoutes.InboundRoutesTest"/>
  <testcase name="E_CallSps" time="0.000" classname="com.yeastar.swebtest.testcase.smokecase.pbxcase.InboundRoutes.InboundRoutesTest"/>
  <testcase name="C_setSystemTime" time="21.777" classname="com.yeastar.swebtest.testcase.smokecase.pbxcase.InboundRoutes.InboundRoutesTest"/>
  <testcase name="C_CallSip" time="0.000" classname="com.yeastar.swebtest.testcase.smokecase.pbxcase.InboundRoutes.InboundRoutesTest"/>
</testsuite> <!-- com.yeastar.swebtest.testcase.smokecase.pbxcase.InboundRoutes.InboundRoutesTest -->
