<?xml version="1.0" encoding="UTF-8"?>
<!-- Generated by org.testng.reporters.JUnitReportReporter -->
<testsuite hostname="Yeastar-PC" name="com.yeastar.swebtest.testcase.smokecase.pbxcase.Extension.ExtensionTest" tests="10" failures="0" timestamp="10 Aug 2017 08:58:53 GMT" time="192.260" errors="0">
  <testcase name="C_CreateBulkExtensions" time="12.485" classname="com.yeastar.swebtest.testcase.smokecase.pbxcase.Extension.ExtensionTest"/>
  <testcase name="D_RegisterExtension" time="55.553" classname="com.yeastar.swebtest.testcase.smokecase.pbxcase.Extension.ExtensionTest"/>
  <testcase name="B_CreateFxsExtension" time="14.792" classname="com.yeastar.swebtest.testcase.smokecase.pbxcase.Extension.ExtensionTest"/>
  <testcase name="H_ImportExtension" time="0.000" classname="com.yeastar.swebtest.testcase.smokecase.pbxcase.Extension.ExtensionTest"/>
  <testcase name="F_DelExtension" time="0.000" classname="com.yeastar.swebtest.testcase.smokecase.pbxcase.Extension.ExtensionTest"/>
  <testcase name="J_ExtensionGroupSetting" time="32.491" classname="com.yeastar.swebtest.testcase.smokecase.pbxcase.Extension.ExtensionTest"/>
  <testcase name="E_ExportExtensions" time="0.971" classname="com.yeastar.swebtest.testcase.smokecase.pbxcase.Extension.ExtensionTest"/>
  <testcase name="G_DelExteiosns" time="0.000" classname="com.yeastar.swebtest.testcase.smokecase.pbxcase.Extension.ExtensionTest"/>
  <testcase name="I_PstnCall" time="61.347" classname="com.yeastar.swebtest.testcase.smokecase.pbxcase.Extension.ExtensionTest"/>
  <testcase name="A_CreateExtension" time="14.621" classname="com.yeastar.swebtest.testcase.smokecase.pbxcase.Extension.ExtensionTest"/>
</testsuite> <!-- com.yeastar.swebtest.testcase.smokecase.pbxcase.Extension.ExtensionTest -->
