<?xml version="1.0" encoding="UTF-8"?>
<!-- Generated by org.testng.reporters.JUnitReportReporter -->
<testsuite hostname="Yeastar-PC" name="com.yeastar.swebtest.testcase.smokecase.syscase.Security" tests="2" failures="0" timestamp="20 Aug 2017 10:53:50 GMT" time="19.710" errors="0">
  <testcase name="B_SetService" time="14.126" classname="com.yeastar.swebtest.testcase.smokecase.syscase.Security"/>
  <testcase name="C_ConnectToSSH" time="5.584" classname="com.yeastar.swebtest.testcase.smokecase.syscase.Security"/>
</testsuite> <!-- com.yeastar.swebtest.testcase.smokecase.syscase.Security -->
