<?xml version="1.0" encoding="UTF-8"?>
<!-- Generated by org.testng.reporters.JUnitReportReporter -->
<testsuite hostname="Yeastar-PC" name="com.yeastar.swebtest.testcase.smokecase.pbxcase.Trunk.NewTrunk" tests="5" failures="0" timestamp="18 Aug 2017 05:37:52 GMT" time="97.755" errors="0">
  <testcase name="E_SetBriTrunk" time="21.897" classname="com.yeastar.swebtest.testcase.smokecase.pbxcase.Trunk.NewTrunk"/>
  <testcase name="C_AddSPX" time="18.385" classname="com.yeastar.swebtest.testcase.smokecase.pbxcase.Trunk.NewTrunk"/>
  <testcase name="B_AddTrunkIAXTrunk" time="16.824" classname="com.yeastar.swebtest.testcase.smokecase.pbxcase.Trunk.NewTrunk"/>
  <testcase name="D_AddSPS" time="19.665" classname="com.yeastar.swebtest.testcase.smokecase.pbxcase.Trunk.NewTrunk"/>
  <testcase name="A_AddTrunk" time="20.984" classname="com.yeastar.swebtest.testcase.smokecase.pbxcase.Trunk.NewTrunk"/>
</testsuite> <!-- com.yeastar.swebtest.testcase.smokecase.pbxcase.Trunk.NewTrunk -->
