<?xml version="1.0" encoding="UTF-8"?>
<!-- Generated by org.testng.reporters.JUnitReportReporter -->
<testsuite hostname="Yeastar-PC" name="com.yeastar.swebtest.testcase.smokecase.syscase.UserPermission" tests="7" failures="0" timestamp="20 Aug 2017 10:53:50 GMT" time="92.963" errors="0">
  <testcase name="A_AddUserPermissionAdmin" time="21.574" classname="com.yeastar.swebtest.testcase.smokecase.syscase.UserPermission"/>
  <testcase name="E_Delete" time="10.885" classname="com.yeastar.swebtest.testcase.smokecase.syscase.UserPermission"/>
  <testcase name="G_DeleteAll" time="11.304" classname="com.yeastar.swebtest.testcase.smokecase.syscase.UserPermission"/>
  <testcase name="D_CheckUserPerssion" time="5.772" classname="com.yeastar.swebtest.testcase.smokecase.syscase.UserPermission"/>
  <testcase name="C_AddUserPermissionCustom" time="36.709" classname="com.yeastar.swebtest.testcase.smokecase.syscase.UserPermission"/>
  <testcase name="B_CheckUserPermisson" time="3.655" classname="com.yeastar.swebtest.testcase.smokecase.syscase.UserPermission"/>
  <testcase name="F_CheckUserPerssion" time="3.064" classname="com.yeastar.swebtest.testcase.smokecase.syscase.UserPermission"/>
</testsuite> <!-- com.yeastar.swebtest.testcase.smokecase.syscase.UserPermission -->
