<?xml version="1.0" encoding="UTF-8"?>
<!-- Generated by org.testng.reporters.JUnitReportReporter -->
<testsuite hostname="Yeastar-PC" name="com.yeastar.swebtest.testcase.smokecase.pbxcase.FeatureCode.FeatureCodeTest" tests="6" failures="0" timestamp="4 Aug 2017 05:29:14 GMT" time="16.830" errors="0">
  <testcase name="I_CallPickup" time="0.000" classname="com.yeastar.swebtest.testcase.smokecase.pbxcase.FeatureCode.FeatureCodeTest"/>
  <testcase name="G_Transfer" time="0.000" classname="com.yeastar.swebtest.testcase.smokecase.pbxcase.FeatureCode.FeatureCodeTest"/>
  <testcase name="J_CallParking" time="0.000" classname="com.yeastar.swebtest.testcase.smokecase.pbxcase.FeatureCode.FeatureCodeTest"/>
  <testcase name="H_CallPickup" time="0.001" classname="com.yeastar.swebtest.testcase.smokecase.pbxcase.FeatureCode.FeatureCodeTest"/>
  <testcase name="K_CallParking" time="0.000" classname="com.yeastar.swebtest.testcase.smokecase.pbxcase.FeatureCode.FeatureCodeTest"/>
  <testcase name="F_Transfer" time="16.829" classname="com.yeastar.swebtest.testcase.smokecase.pbxcase.FeatureCode.FeatureCodeTest"/>
</testsuite> <!-- com.yeastar.swebtest.testcase.smokecase.pbxcase.FeatureCode.FeatureCodeTest -->
