<?xml version="1.0" encoding="UTF-8"?>
<!-- Generated by org.testng.reporters.JUnitReportReporter -->
<testsuite hostname="Yeastar-PC" name="com.yeastar.swebtest.testcase.smokecase.pbxcase.FileShare_CDR.FileShare_CDR" tests="11" failures="0" timestamp="17 Aug 2017 20:39:34 GMT" time="157.003" errors="0">
  <testcase name="E_RecordingPlay" time="0.001" classname="com.yeastar.swebtest.testcase.smokecase.pbxcase.FileShare_CDR.FileShare_CDR"/>
  <testcase name="C_DownloadCDR" time="0.201" classname="com.yeastar.swebtest.testcase.smokecase.pbxcase.FileShare_CDR.FileShare_CDR"/>
  <testcase name="H_PromprPreference" time="70.160" classname="com.yeastar.swebtest.testcase.smokecase.pbxcase.FileShare_CDR.FileShare_CDR"/>
  <testcase name="I_Me_CDRRecording" time="27.719" classname="com.yeastar.swebtest.testcase.smokecase.pbxcase.FileShare_CDR.FileShare_CDR"/>
  <testcase name="B_DelCdr" time="6.400" classname="com.yeastar.swebtest.testcase.smokecase.pbxcase.FileShare_CDR.FileShare_CDR"/>
  <testcase name="G_DeleteallCDR" time="0.208" classname="com.yeastar.swebtest.testcase.smokecase.pbxcase.FileShare_CDR.FileShare_CDR"/>
  <testcase name="J_DownloaderPrompt" time="18.039" classname="com.yeastar.swebtest.testcase.smokecase.pbxcase.FileShare_CDR.FileShare_CDR"/>
  <testcase name="A_FileShare" time="0.001" classname="com.yeastar.swebtest.testcase.smokecase.pbxcase.FileShare_CDR.FileShare_CDR"/>
  <testcase name="D_Recording" time="5.642" classname="com.yeastar.swebtest.testcase.smokecase.pbxcase.FileShare_CDR.FileShare_CDR"/>
  <testcase name="K_DeleteSharetest" time="18.529" classname="com.yeastar.swebtest.testcase.smokecase.pbxcase.FileShare_CDR.FileShare_CDR"/>
  <testcase name="F_Downloader" time="10.103" classname="com.yeastar.swebtest.testcase.smokecase.pbxcase.FileShare_CDR.FileShare_CDR"/>
</testsuite> <!-- com.yeastar.swebtest.testcase.smokecase.pbxcase.FileShare_CDR.FileShare_CDR -->
