<?xml version="1.0" encoding="UTF-8"?>
<!-- Generated by org.testng.reporters.JUnitReportReporter -->
<testsuite hostname="Yeastar-PC" name="com.yeastar.swebtest.testcase.smokecase.pbxcase.Storage.StorageTest" tests="5" failures="0" timestamp="4 Aug 2017 05:29:14 GMT" time="28.545" errors="0">
  <testcase name="B_AddNetworkDrive" time="0.864" classname="com.yeastar.swebtest.testcase.smokecase.pbxcase.Storage.StorageTest"/>
  <testcase name="D_StorageLocations" time="4.423" classname="com.yeastar.swebtest.testcase.smokecase.pbxcase.Storage.StorageTest"/>
  <testcase name="A_JudgeStorage" time="13.373" classname="com.yeastar.swebtest.testcase.smokecase.pbxcase.Storage.StorageTest"/>
  <testcase name="C_SetFileShare" time="1.368" classname="com.yeastar.swebtest.testcase.smokecase.pbxcase.Storage.StorageTest"/>
  <testcase name="E_Recording_Settings" time="8.517" classname="com.yeastar.swebtest.testcase.smokecase.pbxcase.Storage.StorageTest"/>
</testsuite> <!-- com.yeastar.swebtest.testcase.smokecase.pbxcase.Storage.StorageTest -->
