<?xml version="1.0" encoding="UTF-8"?>
<!-- Generated by org.testng.reporters.JUnitReportReporter -->
<testsuite hostname="Yeastar-PC" name="com.yeastar.swebtest.testcase.smokecase.pbxcase.Storage.Storage" tests="5" failures="0" timestamp="18 Aug 2017 05:37:52 GMT" time="47.121" errors="0">
  <testcase name="B_AddNetworkDrive" time="12.502" classname="com.yeastar.swebtest.testcase.smokecase.pbxcase.Storage.Storage"/>
  <testcase name="D_StorageLocations" time="4.302" classname="com.yeastar.swebtest.testcase.smokecase.pbxcase.Storage.Storage"/>
  <testcase name="A_JudgeStorage" time="12.268" classname="com.yeastar.swebtest.testcase.smokecase.pbxcase.Storage.Storage"/>
  <testcase name="E_Recording_Settings" time="17.693" classname="com.yeastar.swebtest.testcase.smokecase.pbxcase.Storage.Storage"/>
  <testcase name="C_SetFileShare" time="0.356" classname="com.yeastar.swebtest.testcase.smokecase.pbxcase.Storage.Storage"/>
</testsuite> <!-- com.yeastar.swebtest.testcase.smokecase.pbxcase.Storage.Storage -->
