<?xml version="1.0" encoding="UTF-8"?>
<!-- Generated by org.testng.reporters.JUnitReportReporter -->
<testsuite hostname="Yeastar-PC" name="com.yeastar.swebtest.testcase.smokecase.syscase.DateTime" tests="2" failures="0" timestamp="20 Aug 2017 10:53:50 GMT" time="162.725" errors="0">
  <testcase name="A_SetTimeZone" time="117.344" classname="com.yeastar.swebtest.testcase.smokecase.syscase.DateTime"/>
  <testcase name="B_CallTest" time="45.381" classname="com.yeastar.swebtest.testcase.smokecase.syscase.DateTime"/>
</testsuite> <!-- com.yeastar.swebtest.testcase.smokecase.syscase.DateTime -->
