<?xml version="1.0" encoding="UTF-8"?>
<!-- Generated by org.testng.reporters.JUnitReportReporter -->
<testsuite hostname="Yeastar-PC" name="com.yeastar.swebtest.testcase.smokecase.pbxcase.Trunk.NewTrunkTest" tests="1" failures="0" timestamp="4 Aug 2017 05:29:14 GMT" time="32.349" errors="0">
  <testcase name="A_AddTrunk" time="32.349" classname="com.yeastar.swebtest.testcase.smokecase.pbxcase.Trunk.NewTrunkTest"/>
</testsuite> <!-- com.yeastar.swebtest.testcase.smokecase.pbxcase.Trunk.NewTrunkTest -->
