<?xml version="1.0" encoding="UTF-8"?>
<!-- Generated by org.testng.reporters.JUnitReportReporter -->
<testsuite hostname="Yeastar-PC" name="com.yeastar.swebtest.testcase.smokecase.pbxcase.CallControl.CallControl" tests="5" failures="0" timestamp="17 Aug 2017 20:39:34 GMT" time="129.212" errors="0">
  <testcase name="B_CallBri" time="26.394" classname="com.yeastar.swebtest.testcase.smokecase.pbxcase.CallControl.CallControl"/>
  <testcase name="D_DeleteViewAutoCLIP" time="5.926" classname="com.yeastar.swebtest.testcase.smokecase.pbxcase.CallControl.CallControl"/>
  <testcase name="E_CallBri" time="11.578" classname="com.yeastar.swebtest.testcase.smokecase.pbxcase.CallControl.CallControl"/>
  <testcase name="C_CallBri" time="25.790" classname="com.yeastar.swebtest.testcase.smokecase.pbxcase.CallControl.CallControl"/>
  <testcase name="A_AutoCLIP" time="59.524" classname="com.yeastar.swebtest.testcase.smokecase.pbxcase.CallControl.CallControl"/>
</testsuite> <!-- com.yeastar.swebtest.testcase.smokecase.pbxcase.CallControl.CallControl -->
