<?xml version="1.0" encoding="UTF-8"?>
<!-- Generated by org.testng.reporters.JUnitReportReporter -->
<testsuite hostname="Yeastar-PC" name="com.yeastar.swebtest.testcase.smokecase.syscase.Network" tests="2" failures="0" timestamp="20 Aug 2017 10:53:50 GMT" time="34.314" errors="0">
  <testcase name="B_DualSetting" time="24.742" classname="com.yeastar.swebtest.testcase.smokecase.syscase.Network"/>
  <testcase name="A_DualSetting" time="9.572" classname="com.yeastar.swebtest.testcase.smokecase.syscase.Network"/>
</testsuite> <!-- com.yeastar.swebtest.testcase.smokecase.syscase.Network -->
