<?xml version="1.0" encoding="UTF-8"?>
<!-- Generated by org.testng.reporters.JUnitReportReporter -->
<testsuite hostname="Yeastar-PC" name="com.yeastar.swebtest.testcase.smokecase.pbxcase.CallFeature.CallFeatureTest" tests="7" failures="0" timestamp="4 Aug 2017 05:29:13 GMT" time="92.190" errors="0">
  <testcase name="D_PickupGroup" time="16.748" classname="com.yeastar.swebtest.testcase.smokecase.pbxcase.CallFeature.CallFeatureTest"/>
  <testcase name="C_Conference" time="6.597" classname="com.yeastar.swebtest.testcase.smokecase.pbxcase.CallFeature.CallFeatureTest"/>
  <testcase name="E_PagingIntercom" time="10.585" classname="com.yeastar.swebtest.testcase.smokecase.pbxcase.CallFeature.CallFeatureTest"/>
  <testcase name="B_Queue" time="13.020" classname="com.yeastar.swebtest.testcase.smokecase.pbxcase.CallFeature.CallFeatureTest"/>
  <testcase name="A_RingGroup" time="22.187" classname="com.yeastar.swebtest.testcase.smokecase.pbxcase.CallFeature.CallFeatureTest"/>
  <testcase name="F_CallBack" time="17.832" classname="com.yeastar.swebtest.testcase.smokecase.pbxcase.CallFeature.CallFeatureTest"/>
  <testcase name="F_PINList" time="5.221" classname="com.yeastar.swebtest.testcase.smokecase.pbxcase.CallFeature.CallFeatureTest"/>
</testsuite> <!-- com.yeastar.swebtest.testcase.smokecase.pbxcase.CallFeature.CallFeatureTest -->
