<?xml version="1.0" encoding="UTF-8"?>
<!-- Generated by org.testng.reporters.JUnitReportReporter -->
<testsuite hostname="Yeastar-PC" name="com.yeastar.swebtest.testcase.smokecase.pbxcase.CallControl" tests="5" failures="0" timestamp="6 Sep 2017 04:10:02 GMT" time="140.206" errors="0">
  <testcase name="D_DeleteViewAutoCLIP" time="13.657" classname="com.yeastar.swebtest.testcase.smokecase.pbxcase.CallControl"/>
  <testcase name="B_CallBri" time="27.561" classname="com.yeastar.swebtest.testcase.smokecase.pbxcase.CallControl"/>
  <testcase name="E_CallBri" time="11.753" classname="com.yeastar.swebtest.testcase.smokecase.pbxcase.CallControl"/>
  <testcase name="A_AutoCLIP" time="62.811" classname="com.yeastar.swebtest.testcase.smokecase.pbxcase.CallControl"/>
  <testcase name="C_CallBri" time="24.424" classname="com.yeastar.swebtest.testcase.smokecase.pbxcase.CallControl"/>
</testsuite> <!-- com.yeastar.swebtest.testcase.smokecase.pbxcase.CallControl -->
