<?xml version="1.0" encoding="UTF-8"?>
<!-- Generated by org.testng.reporters.JUnitReportReporter -->
<testsuite hostname="Yeastar-PC" name="com.yeastar.swebtest.testcase.smokecase.syscase.UserPermission" tests="7" failures="0" timestamp="31 Aug 2017 11:30:59 GMT" time="100.156" errors="0">
  <testcase name="B_CheckUserPermisson" time="4.636" classname="com.yeastar.swebtest.testcase.smokecase.syscase.UserPermission"/>
  <testcase name="F_CheckUserPerssion" time="4.299" classname="com.yeastar.swebtest.testcase.smokecase.syscase.UserPermission"/>
  <testcase name="E_Delete" time="12.238" classname="com.yeastar.swebtest.testcase.smokecase.syscase.UserPermission"/>
  <testcase name="G_DeleteAll" time="12.159" classname="com.yeastar.swebtest.testcase.smokecase.syscase.UserPermission"/>
  <testcase name="D_CheckUserPerssion" time="6.893" classname="com.yeastar.swebtest.testcase.smokecase.syscase.UserPermission"/>
  <testcase name="A_AddUserPermissionAdmin" time="22.034" classname="com.yeastar.swebtest.testcase.smokecase.syscase.UserPermission"/>
  <testcase name="C_AddUserPermissionCustom" time="37.897" classname="com.yeastar.swebtest.testcase.smokecase.syscase.UserPermission"/>
</testsuite> <!-- com.yeastar.swebtest.testcase.smokecase.syscase.UserPermission -->
