<?xml version="1.0" encoding="UTF-8"?>
<!-- Generated by org.testng.reporters.JUnitReportReporter -->
<testsuite hostname="Yeastar-PC" name="com.yeastar.swebtest.testcase.RegressionCase.pbxcase.PagingIntercom" tests="5" failures="0" timestamp="1 Nov 2018 12:53:26 GMT" time="270.099" errors="0">
  <testcase name="B_intercom" time="37.775" classname="com.yeastar.swebtest.testcase.RegressionCase.pbxcase.PagingIntercom"/>
  <testcase name="A0_Regist" time="27.224" classname="com.yeastar.swebtest.testcase.RegressionCase.pbxcase.PagingIntercom"/>
  <testcase name="C_delete" time="60.616" classname="com.yeastar.swebtest.testcase.RegressionCase.pbxcase.PagingIntercom"/>
  <testcase name="A_add_paging2" time="65.060" classname="com.yeastar.swebtest.testcase.RegressionCase.pbxcase.PagingIntercom"/>
  <testcase name="A_add_paging1" time="79.424" classname="com.yeastar.swebtest.testcase.RegressionCase.pbxcase.PagingIntercom"/>
</testsuite> <!-- com.yeastar.swebtest.testcase.RegressionCase.pbxcase.PagingIntercom -->
