<?xml version="1.0" encoding="UTF-8"?>
<!-- Generated by org.testng.reporters.JUnitReportReporter -->
<testsuite hostname="Yeastar-PC" name="com.yeastar.swebtest.testcase.smokecase.pbxcase.CallFeature" tests="7" failures="0" timestamp="2 Sep 2017 04:49:20 GMT" time="107.972" errors="0">
  <testcase name="E_PagingIntercom" time="12.483" classname="com.yeastar.swebtest.testcase.smokecase.pbxcase.CallFeature"/>
  <testcase name="A_RingGroup" time="21.422" classname="com.yeastar.swebtest.testcase.smokecase.pbxcase.CallFeature"/>
  <testcase name="C_Conference" time="6.262" classname="com.yeastar.swebtest.testcase.smokecase.pbxcase.CallFeature"/>
  <testcase name="F_PINList" time="15.480" classname="com.yeastar.swebtest.testcase.smokecase.pbxcase.CallFeature"/>
  <testcase name="B_Queue" time="15.652" classname="com.yeastar.swebtest.testcase.smokecase.pbxcase.CallFeature"/>
  <testcase name="D_PickupGroup" time="16.297" classname="com.yeastar.swebtest.testcase.smokecase.pbxcase.CallFeature"/>
  <testcase name="F_CallBack" time="20.376" classname="com.yeastar.swebtest.testcase.smokecase.pbxcase.CallFeature"/>
</testsuite> <!-- com.yeastar.swebtest.testcase.smokecase.pbxcase.CallFeature -->
