<?xml version="1.0" encoding="UTF-8"?>
<!-- Generated by org.testng.reporters.JUnitReportReporter -->
<testsuite hostname="Yeastar-PC" name="com.yeastar.swebtest.testcase.smokecase.syscase.DateTime" tests="2" failures="0" timestamp="31 Aug 2017 11:30:59 GMT" time="171.569" errors="0">
  <testcase name="B_CallTest" time="45.884" classname="com.yeastar.swebtest.testcase.smokecase.syscase.DateTime"/>
  <testcase name="A_SetTimeZone" time="125.685" classname="com.yeastar.swebtest.testcase.smokecase.syscase.DateTime"/>
</testsuite> <!-- com.yeastar.swebtest.testcase.smokecase.syscase.DateTime -->
