<?xml version="1.0" encoding="UTF-8"?>
<!-- Generated by org.testng.reporters.JUnitReportReporter -->
<testsuite hostname="Yeastar-PC" name="com.yeastar.swebtest.testcase.RegressionCase.pbxcore.Conference" tests="14" failures="0" timestamp="9 Nov 2017 11:04:01 GMT" time="392.054" errors="0">
  <testcase name="A_add_conference1" time="8.017" classname="com.yeastar.swebtest.testcase.RegressionCase.pbxcore.Conference"/>
  <testcase name="F_delete" time="49.235" classname="com.yeastar.swebtest.testcase.RegressionCase.pbxcore.Conference"/>
  <testcase name="D_callin5" time="9.001" classname="com.yeastar.swebtest.testcase.RegressionCase.pbxcore.Conference"/>
  <testcase name="C_CallIn" time="76.204" classname="com.yeastar.swebtest.testcase.RegressionCase.pbxcore.Conference"/>
  <testcase name="E_invite" time="34.458" classname="com.yeastar.swebtest.testcase.RegressionCase.pbxcore.Conference"/>
  <testcase name="D_callin1" time="17.884" classname="com.yeastar.swebtest.testcase.RegressionCase.pbxcore.Conference"/>
  <testcase name="B_editInRoute1" time="35.664" classname="com.yeastar.swebtest.testcase.RegressionCase.pbxcore.Conference"/>
  <testcase name="D_callin3" time="12.778" classname="com.yeastar.swebtest.testcase.RegressionCase.pbxcore.Conference"/>
  <testcase name="D_callin2" time="17.779" classname="com.yeastar.swebtest.testcase.RegressionCase.pbxcore.Conference"/>
  <testcase name="D_callin6" time="27.132" classname="com.yeastar.swebtest.testcase.RegressionCase.pbxcore.Conference"/>
  <testcase name="D_callin4" time="17.781" classname="com.yeastar.swebtest.testcase.RegressionCase.pbxcore.Conference"/>
  <testcase name="AA1_InitConference" time="38.719" classname="com.yeastar.swebtest.testcase.RegressionCase.pbxcore.Conference"/>
  <testcase name="A_add_conference2" time="13.408" classname="com.yeastar.swebtest.testcase.RegressionCase.pbxcore.Conference"/>
  <testcase name="G_recovery" time="33.994" classname="com.yeastar.swebtest.testcase.RegressionCase.pbxcore.Conference"/>
</testsuite> <!-- com.yeastar.swebtest.testcase.RegressionCase.pbxcore.Conference -->
