<?xml version="1.0" encoding="UTF-8"?>
<!-- Generated by org.testng.reporters.JUnitReportReporter -->
<testsuite hostname="Yeastar-PC" name="com.yeastar.swebtest.testcase.smokecase.pbxcase.FeatureCode" tests="6" failures="0" timestamp="31 Aug 2017 11:30:59 GMT" time="371.312" errors="0">
  <testcase name="H_CallPickup" time="48.993" classname="com.yeastar.swebtest.testcase.smokecase.pbxcase.FeatureCode"/>
  <testcase name="J_CallParking" time="65.231" classname="com.yeastar.swebtest.testcase.smokecase.pbxcase.FeatureCode"/>
  <testcase name="I_CallPickup" time="46.369" classname="com.yeastar.swebtest.testcase.smokecase.pbxcase.FeatureCode"/>
  <testcase name="G_Transfer" time="59.348" classname="com.yeastar.swebtest.testcase.smokecase.pbxcase.FeatureCode"/>
  <testcase name="F_Transfer" time="66.050" classname="com.yeastar.swebtest.testcase.smokecase.pbxcase.FeatureCode"/>
  <testcase name="K_CallParking" time="85.321" classname="com.yeastar.swebtest.testcase.smokecase.pbxcase.FeatureCode"/>
</testsuite> <!-- com.yeastar.swebtest.testcase.smokecase.pbxcase.FeatureCode -->
