<?xml version="1.0" encoding="UTF-8"?>
<!-- Generated by org.testng.reporters.JUnitReportReporter -->
<testsuite hostname="Yeastar-PC" name="com.yeastar.swebtest.testcase.RegressionCase.pbxcase.SpeedDial" tests="1" failures="0" timestamp="1 Nov 2018 12:53:26 GMT" time="10.313" errors="0">
  <testcase name="A0_init" time="10.313" classname="com.yeastar.swebtest.testcase.RegressionCase.pbxcase.SpeedDial"/>
</testsuite> <!-- com.yeastar.swebtest.testcase.RegressionCase.pbxcase.SpeedDial -->
