<?xml version="1.0" encoding="UTF-8"?>
<!-- Generated by org.testng.reporters.JUnitReportReporter -->
<testsuite hostname="Yeastar-PC" name="com.yeastar.swebtest.testcase.RegressionCase.pbxcore.PagingIntercom" tests="4" failures="0" timestamp="9 Nov 2017 11:04:01 GMT" time="232.851" errors="0">
  <testcase name="A_add_paging2" time="66.521" classname="com.yeastar.swebtest.testcase.RegressionCase.pbxcore.PagingIntercom"/>
  <testcase name="A_add_paging1" time="71.912" classname="com.yeastar.swebtest.testcase.RegressionCase.pbxcore.PagingIntercom"/>
  <testcase name="B_intercom" time="33.803" classname="com.yeastar.swebtest.testcase.RegressionCase.pbxcore.PagingIntercom"/>
  <testcase name="C_delete" time="60.615" classname="com.yeastar.swebtest.testcase.RegressionCase.pbxcore.PagingIntercom"/>
</testsuite> <!-- com.yeastar.swebtest.testcase.RegressionCase.pbxcore.PagingIntercom -->
