<?xml version="1.0" encoding="UTF-8"?>
<!-- Generated by org.testng.reporters.JUnitReportReporter -->
<testsuite hostname="Yeastar-PC" name="com.yeastar.swebtest.testcase.RegressionCase.pbxcore.RingGroup" tests="4" failures="0" timestamp="9 Nov 2017 11:04:01 GMT" time="334.672" errors="0">
  <testcase name="D_delete" time="57.214" classname="com.yeastar.swebtest.testcase.RegressionCase.pbxcore.RingGroup"/>
  <testcase name="C_add_RingGroup2" time="144.167" classname="com.yeastar.swebtest.testcase.RegressionCase.pbxcore.RingGroup"/>
  <testcase name="A_add_RingGroup1" time="56.616" classname="com.yeastar.swebtest.testcase.RegressionCase.pbxcore.RingGroup"/>
  <testcase name="B_edit_RingGroup1" time="76.675" classname="com.yeastar.swebtest.testcase.RegressionCase.pbxcore.RingGroup"/>
</testsuite> <!-- com.yeastar.swebtest.testcase.RegressionCase.pbxcore.RingGroup -->
