<?xml version="1.0" encoding="UTF-8"?>
<!-- Generated by org.testng.reporters.JUnitReportReporter -->
<testsuite hostname="Yeastar-PC" name="com.yeastar.swebtest.testcase.CheckToTest" tests="1" failures="0" timestamp="2 Sep 2017 03:55:52 GMT" time="244.551" errors="0">
  <testcase name="CleanExtensions" time="244.551" classname="com.yeastar.swebtest.testcase.CheckToTest"/>
</testsuite> <!-- com.yeastar.swebtest.testcase.CheckToTest -->
