<?xml version="1.0" encoding="UTF-8"?>
<!-- Generated by org.testng.reporters.JUnitReportReporter -->
<testsuite hostname="Yeastar-PC" name="com.yeastar.swebtest.testcase.RegressionCase.pbxcase.BeforeTest" tests="41" failures="1" timestamp="1 Nov 2018 12:53:26 GMT" time="2049.125" errors="0">
  <testcase name="O_addHoliday1" time="82.239" classname="com.yeastar.swebtest.testcase.RegressionCase.pbxcase.BeforeTest"/>
  <testcase name="G_addOutRoute3" time="13.437" classname="com.yeastar.swebtest.testcase.RegressionCase.pbxcase.BeforeTest"/>
  <testcase name="Z_backup" time="56.537" classname="com.yeastar.swebtest.testcase.RegressionCase.pbxcase.BeforeTest"/>
  <testcase name="G_addOutRoute2" time="13.396" classname="com.yeastar.swebtest.testcase.RegressionCase.pbxcase.BeforeTest"/>
  <testcase name="G_addOutRoute1" time="72.742" classname="com.yeastar.swebtest.testcase.RegressionCase.pbxcase.BeforeTest"/>
  <testcase name="A0_setPasswordType" time="37.441" classname="com.yeastar.swebtest.testcase.RegressionCase.pbxcase.BeforeTest"/>
  <testcase name="B_addtrunk" time="54.143" classname="com.yeastar.swebtest.testcase.RegressionCase.pbxcase.BeforeTest">
    <failure type="java.lang.AssertionError" message="SIP1注册失败">
      <![CDATA[java.lang.AssertionError: SIP1注册失败
	at com.yeastar.swebtest.tools.ysassert.YsAssert.fail(YsAssert.java:1092)
	at com.yeastar.swebtest.tools.ysassert.YsAssert.assertNotEquals(YsAssert.java:916)
	at com.yeastar.swebtest.driver.YSMethod.YS_Trunk.assertTrunkStatus(YS_Trunk.java:399)
	at com.yeastar.swebtest.driver.YSMethod.YS_Trunk.addTrunk(YS_Trunk.java:202)
	at com.yeastar.swebtest.testcase.RegressionCase.pbxcase.BeforeTest.B_addtrunk(BeforeTest.java:180)
	at sun.reflect.NativeMethodAccessorImpl.invoke0(Native Method)
	at sun.reflect.NativeMethodAccessorImpl.invoke(NativeMethodAccessorImpl.java:62)
	at sun.reflect.DelegatingMethodAccessorImpl.invoke(DelegatingMethodAccessorImpl.java:43)
	at java.lang.reflect.Method.invoke(Method.java:498)
	at org.testng.internal.MethodInvocationHelper.invokeMethod(MethodInvocationHelper.java:85)
	at org.testng.internal.Invoker.invokeMethod(Invoker.java:639)
	at org.testng.internal.Invoker.invokeTestMethod(Invoker.java:816)
	at org.testng.internal.Invoker.invokeTestMethods(Invoker.java:1124)
	at org.testng.internal.TestMethodWorker.invokeTestMethods(TestMethodWorker.java:125)
	at org.testng.internal.TestMethodWorker.run(TestMethodWorker.java:108)
	at org.testng.TestRunner.privateRun(TestRunner.java:774)
	at org.testng.TestRunner.run(TestRunner.java:624)
	at org.testng.SuiteRunner.runTest(SuiteRunner.java:359)
	at org.testng.SuiteRunner.runSequentially(SuiteRunner.java:354)
	at org.testng.SuiteRunner.privateRun(SuiteRunner.java:312)
	at org.testng.SuiteRunner.run(SuiteRunner.java:261)
	at org.testng.SuiteRunnerWorker.runSuite(SuiteRunnerWorker.java:52)
	at org.testng.SuiteRunnerWorker.run(SuiteRunnerWorker.java:86)
	at org.testng.TestNG.runSuitesSequentially(TestNG.java:1215)
	at org.testng.TestNG.runSuitesLocally(TestNG.java:1140)
	at org.testng.TestNG.run(TestNG.java:1048)
	at org.apache.maven.surefire.testng.TestNGExecutor.run(TestNGExecutor.java:293)
	at org.apache.maven.surefire.testng.TestNGXmlTestSuite.execute(TestNGXmlTestSuite.java:84)
	at org.apache.maven.surefire.testng.TestNGProvider.invoke(TestNGProvider.java:91)
	at org.apache.maven.surefire.booter.ForkedBooter.invokeProviderInSameClassLoader(ForkedBooter.java:200)
	at org.apache.maven.surefire.booter.ForkedBooter.runSuitesInProcess(ForkedBooter.java:153)
	at org.apache.maven.surefire.booter.ForkedBooter.main(ForkedBooter.java:103)
]]>
    </failure>
  </testcase> <!-- B_addtrunk -->
  <testcase name="K_addconference" time="82.507" classname="com.yeastar.swebtest.testcase.RegressionCase.pbxcase.BeforeTest"/>
  <testcase name="I_addringgroup" time="75.560" classname="com.yeastar.swebtest.testcase.RegressionCase.pbxcase.BeforeTest"/>
  <testcase name="S6_upload_autotestprompt" time="14.304" classname="com.yeastar.swebtest.testcase.RegressionCase.pbxcase.BeforeTest"/>
  <testcase name="P_editHoliday" time="17.048" classname="com.yeastar.swebtest.testcase.RegressionCase.pbxcase.BeforeTest"/>
  <testcase name="A3_editExtenEmail" time="33.498" classname="com.yeastar.swebtest.testcase.RegressionCase.pbxcase.BeforeTest"/>
  <testcase name="G_addOutRoute7" time="14.412" classname="com.yeastar.swebtest.testcase.RegressionCase.pbxcase.BeforeTest"/>
  <testcase name="N_addTimeCondition3" time="27.614" classname="com.yeastar.swebtest.testcase.RegressionCase.pbxcase.BeforeTest"/>
  <testcase name="D_addtrunk" time="38.842" classname="com.yeastar.swebtest.testcase.RegressionCase.pbxcase.BeforeTest"/>
  <testcase name="A1_addExtension" time="132.174" classname="com.yeastar.swebtest.testcase.RegressionCase.pbxcase.BeforeTest"/>
  <testcase name="H_addivr" time="90.495" classname="com.yeastar.swebtest.testcase.RegressionCase.pbxcase.BeforeTest"/>
  <testcase name="G_addOutRoute8" time="2.117" classname="com.yeastar.swebtest.testcase.RegressionCase.pbxcase.BeforeTest"/>
  <testcase name="A4_addExtensionGroup" time="74.390" classname="com.yeastar.swebtest.testcase.RegressionCase.pbxcase.BeforeTest"/>
  <testcase name="L_setRecord" time="65.353" classname="com.yeastar.swebtest.testcase.RegressionCase.pbxcase.BeforeTest"/>
  <testcase name="J_addqueue" time="78.913" classname="com.yeastar.swebtest.testcase.RegressionCase.pbxcase.BeforeTest"/>
  <testcase name="S0_customPromptsInit" time="105.417" classname="com.yeastar.swebtest.testcase.RegressionCase.pbxcase.BeforeTest"/>
  <testcase name="S4_upload_prompt1" time="10.565" classname="com.yeastar.swebtest.testcase.RegressionCase.pbxcase.BeforeTest"/>
  <testcase name="C_addtrunk" time="38.537" classname="com.yeastar.swebtest.testcase.RegressionCase.pbxcase.BeforeTest"/>
  <testcase name="S2_reRecord" time="47.322" classname="com.yeastar.swebtest.testcase.RegressionCase.pbxcase.BeforeTest"/>
  <testcase name="A2_editExtenName1" time="30.222" classname="com.yeastar.swebtest.testcase.RegressionCase.pbxcase.BeforeTest"/>
  <testcase name="S1_record" time="41.822" classname="com.yeastar.swebtest.testcase.RegressionCase.pbxcase.BeforeTest"/>
  <testcase name="S7_setSystemTime" time="167.166" classname="com.yeastar.swebtest.testcase.RegressionCase.pbxcase.BeforeTest"/>
  <testcase name="S3_deleteAllRecord" time="65.993" classname="com.yeastar.swebtest.testcase.RegressionCase.pbxcase.BeforeTest"/>
  <testcase name="G_addOutRoute5" time="14.405" classname="com.yeastar.swebtest.testcase.RegressionCase.pbxcase.BeforeTest"/>
  <testcase name="E_addtrunk" time="40.162" classname="com.yeastar.swebtest.testcase.RegressionCase.pbxcase.BeforeTest"/>
  <testcase name="M_UserPermission" time="56.357" classname="com.yeastar.swebtest.testcase.RegressionCase.pbxcase.BeforeTest"/>
  <testcase name="S5_play" time="47.464" classname="com.yeastar.swebtest.testcase.RegressionCase.pbxcase.BeforeTest"/>
  <testcase name="F_addInRoute" time="64.590" classname="com.yeastar.swebtest.testcase.RegressionCase.pbxcase.BeforeTest"/>
  <testcase name="G_addOutRoute4" time="14.283" classname="com.yeastar.swebtest.testcase.RegressionCase.pbxcase.BeforeTest"/>
  <testcase name="A3_editExtenName2" time="32.406" classname="com.yeastar.swebtest.testcase.RegressionCase.pbxcase.BeforeTest"/>
  <testcase name="N_addTimeCondition4" time="60.312" classname="com.yeastar.swebtest.testcase.RegressionCase.pbxcase.BeforeTest"/>
  <testcase name="N_addTimeCondition2" time="24.632" classname="com.yeastar.swebtest.testcase.RegressionCase.pbxcase.BeforeTest"/>
  <testcase name="G_addOutRoute6" time="14.387" classname="com.yeastar.swebtest.testcase.RegressionCase.pbxcase.BeforeTest"/>
  <testcase name="N_addTimeCondition1" time="50.240" classname="com.yeastar.swebtest.testcase.RegressionCase.pbxcase.BeforeTest"/>
  <testcase name="Q_deleteHoliday" time="45.681" classname="com.yeastar.swebtest.testcase.RegressionCase.pbxcase.BeforeTest"/>
</testsuite> <!-- com.yeastar.swebtest.testcase.RegressionCase.pbxcase.BeforeTest -->
