<?xml version="1.0" encoding="UTF-8"?>
<!-- Generated by org.testng.reporters.JUnitReportReporter -->
<testsuite hostname="Yeastar-PC" name="com.yeastar.swebtest.testcase.smokecase.syscase.DateTime" tests="2" failures="0" timestamp="6 Sep 2017 02:36:08 GMT" time="172.127" errors="0">
  <testcase name="A_SetTimeZone" time="125.923" classname="com.yeastar.swebtest.testcase.smokecase.syscase.DateTime"/>
  <testcase name="B_CallTest" time="46.204" classname="com.yeastar.swebtest.testcase.smokecase.syscase.DateTime"/>
</testsuite> <!-- com.yeastar.swebtest.testcase.smokecase.syscase.DateTime -->
