<?xml version="1.0" encoding="UTF-8"?>
<!-- Generated by org.testng.reporters.JUnitReportReporter -->
<testsuite hostname="Yeastar-PC" name="com.yeastar.swebtest.testcase.RegressionCase.pbxcore.OutboundRestriction" tests="7" failures="0" timestamp="9 Nov 2017 11:04:01 GMT" time="589.115" errors="0">
  <testcase name="C_delete" time="60.432" classname="com.yeastar.swebtest.testcase.RegressionCase.pbxcore.OutboundRestriction"/>
  <testcase name="B_add_2" time="29.624" classname="com.yeastar.swebtest.testcase.RegressionCase.pbxcore.OutboundRestriction"/>
  <testcase name="A_add_2" time="23.683" classname="com.yeastar.swebtest.testcase.RegressionCase.pbxcore.OutboundRestriction"/>
  <testcase name="B_add_1" time="175.747" classname="com.yeastar.swebtest.testcase.RegressionCase.pbxcore.OutboundRestriction"/>
  <testcase name="A_add_1" time="236.976" classname="com.yeastar.swebtest.testcase.RegressionCase.pbxcore.OutboundRestriction"/>
  <testcase name="A_add_3" time="31.395" classname="com.yeastar.swebtest.testcase.RegressionCase.pbxcore.OutboundRestriction"/>
  <testcase name="B_add_3" time="31.258" classname="com.yeastar.swebtest.testcase.RegressionCase.pbxcore.OutboundRestriction"/>
</testsuite> <!-- com.yeastar.swebtest.testcase.RegressionCase.pbxcore.OutboundRestriction -->
