<?xml version="1.0" encoding="UTF-8"?>
<!-- Generated by org.testng.reporters.JUnitReportReporter -->
<testsuite hostname="Yeastar-PC" name="com.yeastar.swebtest.testcase.smokecase.pbxcase.Storage" tests="5" failures="0" timestamp="6 Sep 2017 04:10:02 GMT" time="64.826" errors="0">
  <testcase name="B_AddNetworkDrive" time="15.381" classname="com.yeastar.swebtest.testcase.smokecase.pbxcase.Storage"/>
  <testcase name="E_Recording_Settings" time="23.653" classname="com.yeastar.swebtest.testcase.smokecase.pbxcase.Storage"/>
  <testcase name="C_SetFileShare" time="1.228" classname="com.yeastar.swebtest.testcase.smokecase.pbxcase.Storage"/>
  <testcase name="A_JudgeStorage" time="20.253" classname="com.yeastar.swebtest.testcase.smokecase.pbxcase.Storage"/>
  <testcase name="D_StorageLocations" time="4.311" classname="com.yeastar.swebtest.testcase.smokecase.pbxcase.Storage"/>
</testsuite> <!-- com.yeastar.swebtest.testcase.smokecase.pbxcase.Storage -->
