<?xml version="1.0" encoding="UTF-8"?>
<!-- Generated by org.testng.reporters.JUnitReportReporter -->
<testsuite hostname="Yeastar-PC" name="com.yeastar.swebtest.testcase.DetailCase.pbxcase.Disa" tests="61" failures="1" timestamp="8 May 2018 18:53:03 GMT" time="2208.177" errors="0">
  <testcase name="F3_editInRoute" time="37.421" classname="com.yeastar.swebtest.testcase.DetailCase.pbxcase.Disa"/>
  <testcase name="D_checkTrunk1" time="42.146" classname="com.yeastar.swebtest.testcase.DetailCase.pbxcase.Disa"/>
  <testcase name="H4_newCall" time="75.136" classname="com.yeastar.swebtest.testcase.DetailCase.pbxcase.Disa"/>
  <testcase name="F1_editPin" time="39.669" classname="com.yeastar.swebtest.testcase.DetailCase.pbxcase.Disa"/>
  <testcase name="G2_checkSiglePin" time="71.556" classname="com.yeastar.swebtest.testcase.DetailCase.pbxcase.Disa"/>
  <testcase name="C2_bakckUp" time="37.289" classname="com.yeastar.swebtest.testcase.DetailCase.pbxcase.Disa"/>
  <testcase name="B3_addDisa1" time="43.680" classname="com.yeastar.swebtest.testcase.DetailCase.pbxcase.Disa"/>
  <testcase name="I3_checkResponse1" time="38.092" classname="com.yeastar.swebtest.testcase.DetailCase.pbxcase.Disa"/>
  <testcase name="K5_deletePart_yes" time="13.600" classname="com.yeastar.swebtest.testcase.DetailCase.pbxcase.Disa"/>
  <testcase name="B2_addRoute2" time="15.791" classname="com.yeastar.swebtest.testcase.DetailCase.pbxcase.Disa"/>
  <testcase name="K7_deleteAll_yes" time="13.525" classname="com.yeastar.swebtest.testcase.DetailCase.pbxcase.Disa"/>
  <testcase name="K4_deletePart_no" time="16.239" classname="com.yeastar.swebtest.testcase.DetailCase.pbxcase.Disa"/>
  <testcase name="B1_addUnavil" time="29.196" classname="com.yeastar.swebtest.testcase.DetailCase.pbxcase.Disa"/>
  <testcase name="A_addExtensions" time="27.836" classname="com.yeastar.swebtest.testcase.DetailCase.pbxcase.Disa"/>
  <testcase name="E2_checkPriority3" time="50.899" classname="com.yeastar.swebtest.testcase.DetailCase.pbxcase.Disa"/>
  <testcase name="G4_editSinglePin" time="33.004" classname="com.yeastar.swebtest.testcase.DetailCase.pbxcase.Disa"/>
  <testcase name="E3_editOutRoute" time="28.737" classname="com.yeastar.swebtest.testcase.DetailCase.pbxcase.Disa"/>
  <testcase name="K1_addDisa" time="17.219" classname="com.yeastar.swebtest.testcase.DetailCase.pbxcase.Disa"/>
  <testcase name="D_checkTrunk2" time="40.830" classname="com.yeastar.swebtest.testcase.DetailCase.pbxcase.Disa"/>
  <testcase name="D_checkTrunk6" time="0.026" classname="com.yeastar.swebtest.testcase.DetailCase.pbxcase.Disa"/>
  <testcase name="D_checkTrunk7" time="40.771" classname="com.yeastar.swebtest.testcase.DetailCase.pbxcase.Disa"/>
  <testcase name="D_checkTrunk8" time="0.024" classname="com.yeastar.swebtest.testcase.DetailCase.pbxcase.Disa"/>
  <testcase name="E7_recoveryOutRoute" time="28.857" classname="com.yeastar.swebtest.testcase.DetailCase.pbxcase.Disa"/>
  <testcase name="J2_editDigit" time="33.377" classname="com.yeastar.swebtest.testcase.DetailCase.pbxcase.Disa"/>
  <testcase name="J3_checkDigit" time="78.982" classname="com.yeastar.swebtest.testcase.DetailCase.pbxcase.Disa"/>
  <testcase name="H3_editNone" time="36.366" classname="com.yeastar.swebtest.testcase.DetailCase.pbxcase.Disa"/>
  <testcase name="E6_checkPriority" time="41.266" classname="com.yeastar.swebtest.testcase.DetailCase.pbxcase.Disa"/>
  <testcase name="K6_deleteAll_no" time="10.111" classname="com.yeastar.swebtest.testcase.DetailCase.pbxcase.Disa"/>
  <testcase name="J4_checkDigit" time="35.705" classname="com.yeastar.swebtest.testcase.DetailCase.pbxcase.Disa"/>
  <testcase name="I3_checkResponse2" time="64.986" classname="com.yeastar.swebtest.testcase.DetailCase.pbxcase.Disa"/>
  <testcase name="J1_checkDigit" time="31.411" classname="com.yeastar.swebtest.testcase.DetailCase.pbxcase.Disa"/>
  <testcase name="K3_deleteOne_yes" time="25.068" classname="com.yeastar.swebtest.testcase.DetailCase.pbxcase.Disa"/>
  <testcase name="D_checkTrunk3" time="41.255" classname="com.yeastar.swebtest.testcase.DetailCase.pbxcase.Disa"/>
  <testcase name="L1_recovery_deleteRoute" time="43.709" classname="com.yeastar.swebtest.testcase.DetailCase.pbxcase.Disa"/>
  <testcase name="G1_editSinglePin" time="40.555" classname="com.yeastar.swebtest.testcase.DetailCase.pbxcase.Disa"/>
  <testcase name="B2_addRoute1" time="25.624" classname="com.yeastar.swebtest.testcase.DetailCase.pbxcase.Disa"/>
  <testcase name="E4_checkPriority" time="40.877" classname="com.yeastar.swebtest.testcase.DetailCase.pbxcase.Disa"/>
  <testcase name="D_checkTrunk9" time="0.042" classname="com.yeastar.swebtest.testcase.DetailCase.pbxcase.Disa"/>
  <testcase name="B3_addDisa2" time="11.342" classname="com.yeastar.swebtest.testcase.DetailCase.pbxcase.Disa"/>
  <testcase name="E5_editDisa" time="37.826" classname="com.yeastar.swebtest.testcase.DetailCase.pbxcase.Disa"/>
  <testcase name="E2_checkPriority1" time="40.842" classname="com.yeastar.swebtest.testcase.DetailCase.pbxcase.Disa"/>
  <testcase name="G5_newCall" time="107.325" classname="com.yeastar.swebtest.testcase.DetailCase.pbxcase.Disa"/>
  <testcase name="F4_checkPin4" time="68.037" classname="com.yeastar.swebtest.testcase.DetailCase.pbxcase.Disa"/>
  <testcase name="G3_checkNewSinglePin" time="28.465" classname="com.yeastar.swebtest.testcase.DetailCase.pbxcase.Disa"/>
  <testcase name="D_checkTrunk5" time="40.970" classname="com.yeastar.swebtest.testcase.DetailCase.pbxcase.Disa"/>
  <testcase name="I2_editResponse" time="32.857" classname="com.yeastar.swebtest.testcase.DetailCase.pbxcase.Disa"/>
  <testcase name="H1_editNone" time="33.416" classname="com.yeastar.swebtest.testcase.DetailCase.pbxcase.Disa"/>
  <testcase name="K8_checkDestination" time="13.234" classname="com.yeastar.swebtest.testcase.DetailCase.pbxcase.Disa"/>
  <testcase name="K2_deleteOne_no" time="17.123" classname="com.yeastar.swebtest.testcase.DetailCase.pbxcase.Disa"/>
  <testcase name="I1_checkResponse" time="27.955" classname="com.yeastar.swebtest.testcase.DetailCase.pbxcase.Disa"/>
  <testcase name="E1_editInRoute" time="34.052" classname="com.yeastar.swebtest.testcase.DetailCase.pbxcase.Disa"/>
  <testcase name="L2_recovery_deleteTrunk" time="22.349" classname="com.yeastar.swebtest.testcase.DetailCase.pbxcase.Disa"/>
  <testcase name="D_checkTrunk4" time="40.873" classname="com.yeastar.swebtest.testcase.DetailCase.pbxcase.Disa"/>
  <testcase name="F2_checkPin2" time="66.062" classname="com.yeastar.swebtest.testcase.DetailCase.pbxcase.Disa">
    <failure type="java.lang.AssertionError" message="CDR被叫方检测 【预期：13001 实际：DISA3】">
      <![CDATA[java.lang.AssertionError: CDR被叫方检测 【预期：13001 实际：DISA3】
	at com.yeastar.swebtest.tools.ysassert.YsAssert.fail(YsAssert.java:1086)
	at com.yeastar.swebtest.tools.ysassert.YsAssert.failNotEquals(YsAssert.java:579)
	at com.yeastar.swebtest.tools.ysassert.YsAssert.assertEqualsImpl(YsAssert.java:142)
	at com.yeastar.swebtest.tools.ysassert.YsAssert.assertEquals(YsAssert.java:116)
	at com.yeastar.swebtest.tools.ysassert.YsAssert.assertEquals(YsAssert.java:199)
	at com.yeastar.swebtest.driver.YSMethod.YS_Extension.checkCDR(YS_Extension.java:263)
	at com.yeastar.swebtest.driver.YSMethod.YS_Extension.checkCDR(YS_Extension.java:252)
	at com.yeastar.swebtest.testcase.DetailCase.pbxcase.Disa.F2_checkPin2(Disa.java:553)
	at sun.reflect.NativeMethodAccessorImpl.invoke0(Native Method)
	at sun.reflect.NativeMethodAccessorImpl.invoke(NativeMethodAccessorImpl.java:62)
	at sun.reflect.DelegatingMethodAccessorImpl.invoke(DelegatingMethodAccessorImpl.java:43)
	at java.lang.reflect.Method.invoke(Method.java:498)
	at org.testng.internal.MethodInvocationHelper.invokeMethod(MethodInvocationHelper.java:85)
	at org.testng.internal.Invoker.invokeMethod(Invoker.java:639)
	at org.testng.internal.Invoker.invokeTestMethod(Invoker.java:816)
	at org.testng.internal.Invoker.invokeTestMethods(Invoker.java:1124)
	at org.testng.internal.TestMethodWorker.invokeTestMethods(TestMethodWorker.java:125)
	at org.testng.internal.TestMethodWorker.run(TestMethodWorker.java:108)
	at org.testng.TestRunner.privateRun(TestRunner.java:774)
	at org.testng.TestRunner.run(TestRunner.java:624)
	at org.testng.SuiteRunner.runTest(SuiteRunner.java:359)
	at org.testng.SuiteRunner.runSequentially(SuiteRunner.java:354)
	at org.testng.SuiteRunner.privateRun(SuiteRunner.java:312)
	at org.testng.SuiteRunner.run(SuiteRunner.java:261)
	at org.testng.SuiteRunnerWorker.runSuite(SuiteRunnerWorker.java:52)
	at org.testng.SuiteRunnerWorker.run(SuiteRunnerWorker.java:86)
	at org.testng.TestNG.runSuitesSequentially(TestNG.java:1215)
	at org.testng.TestNG.runSuitesLocally(TestNG.java:1140)
	at org.testng.TestNG.run(TestNG.java:1048)
	at org.apache.maven.surefire.testng.TestNGExecutor.run(TestNGExecutor.java:293)
	at org.apache.maven.surefire.testng.TestNGXmlTestSuite.execute(TestNGXmlTestSuite.java:84)
	at org.apache.maven.surefire.testng.TestNGProvider.invoke(TestNGProvider.java:91)
	at org.apache.maven.surefire.booter.ForkedBooter.invokeProviderInSameClassLoader(ForkedBooter.java:200)
	at org.apache.maven.surefire.booter.ForkedBooter.runSuitesInProcess(ForkedBooter.java:153)
	at org.apache.maven.surefire.booter.ForkedBooter.main(ForkedBooter.java:103)
]]>
    </failure>
  </testcase> <!-- F2_checkPin2 -->
  <testcase name="L4_addInRoute" time="56.303" classname="com.yeastar.swebtest.testcase.DetailCase.pbxcase.Disa"/>
  <testcase name="E2_checkPriority2" time="41.059" classname="com.yeastar.swebtest.testcase.DetailCase.pbxcase.Disa"/>
  <testcase name="C1_editInRoute" time="58.999" classname="com.yeastar.swebtest.testcase.DetailCase.pbxcase.Disa"/>
  <testcase name="L3_addDisa" time="35.584" classname="com.yeastar.swebtest.testcase.DetailCase.pbxcase.Disa"/>
  <testcase name="H2_checkNewNone" time="9.335" classname="com.yeastar.swebtest.testcase.DetailCase.pbxcase.Disa"/>
  <testcase name="F2_checkPin1" time="39.067" classname="com.yeastar.swebtest.testcase.DetailCase.pbxcase.Disa"/>
  <testcase name="F2_checkPin3" time="54.225" classname="com.yeastar.swebtest.testcase.DetailCase.pbxcase.Disa"/>
</testsuite> <!-- com.yeastar.swebtest.testcase.DetailCase.pbxcase.Disa -->
