<?xml version="1.0" encoding="UTF-8"?>
<!-- Generated by org.testng.reporters.JUnitReportReporter -->
<testsuite hostname="Yeastar-PC" name="com.yeastar.swebtest.testcase.RegressionCase.pbxcore.EmergencyNumber" tests="4" failures="0" timestamp="9 Nov 2017 11:04:01 GMT" time="297.985" errors="0">
  <testcase name="D_BlukDelete" time="44.854" classname="com.yeastar.swebtest.testcase.RegressionCase.pbxcore.EmergencyNumber"/>
  <testcase name="B_EditEmergencyNumber" time="80.318" classname="com.yeastar.swebtest.testcase.RegressionCase.pbxcore.EmergencyNumber"/>
  <testcase name="A_EmergencyNumber" time="118.458" classname="com.yeastar.swebtest.testcase.RegressionCase.pbxcore.EmergencyNumber"/>
  <testcase name="C_DeleteEmergencyNumber" time="54.355" classname="com.yeastar.swebtest.testcase.RegressionCase.pbxcore.EmergencyNumber"/>
</testsuite> <!-- com.yeastar.swebtest.testcase.RegressionCase.pbxcore.EmergencyNumber -->
