<?xml version="1.0" encoding="UTF-8"?>
<!-- Generated by org.testng.reporters.JUnitReportReporter -->
<testsuite hostname="Yeastar-PC" name="com.yeastar.swebtest.testcase.smokecase.syscase.Maintain" tests="10" failures="0" timestamp="6 Sep 2017 02:36:08 GMT" time="133.474" errors="0">
  <testcase name="B_DownloadBackUptar" time="6.075" classname="com.yeastar.swebtest.testcase.smokecase.syscase.Maintain"/>
  <testcase name="A_BackupRestore" time="13.939" classname="com.yeastar.swebtest.testcase.smokecase.syscase.Maintain"/>
  <testcase name="H_BackupSchedule" time="7.416" classname="com.yeastar.swebtest.testcase.smokecase.syscase.Maintain"/>
  <testcase name="O_OperateLog" time="30.586" classname="com.yeastar.swebtest.testcase.smokecase.syscase.Maintain"/>
  <testcase name="N_DeleteAllSystemLog" time="7.207" classname="com.yeastar.swebtest.testcase.smokecase.syscase.Maintain"/>
  <testcase name="E_DeleteBackUp" time="18.639" classname="com.yeastar.swebtest.testcase.smokecase.syscase.Maintain"/>
  <testcase name="M_DownloadSystemLog" time="7.018" classname="com.yeastar.swebtest.testcase.smokecase.syscase.Maintain"/>
  <testcase name="L_DeleteSystemLog" time="9.994" classname="com.yeastar.swebtest.testcase.smokecase.syscase.Maintain"/>
  <testcase name="Z_RecoverHttps" time="32.600" classname="com.yeastar.swebtest.testcase.smokecase.syscase.Maintain"/>
  <testcase name="F_UploadBackUp" time="0.000" classname="com.yeastar.swebtest.testcase.smokecase.syscase.Maintain"/>
</testsuite> <!-- com.yeastar.swebtest.testcase.smokecase.syscase.Maintain -->
