<?xml version="1.0" encoding="UTF-8"?>
<!-- Generated by org.testng.reporters.JUnitReportReporter -->
<testsuite hostname="Yeastar-PC" name="com.yeastar.swebtest.testcase.smokecase.pbxcase.Extension" tests="10" failures="0" timestamp="6 Sep 2017 04:10:02 GMT" time="258.371" errors="0">
  <testcase name="H_DelExteiosns" time="10.685" classname="com.yeastar.swebtest.testcase.smokecase.pbxcase.Extension"/>
  <testcase name="C_CreateFxsExtension" time="18.370" classname="com.yeastar.swebtest.testcase.smokecase.pbxcase.Extension"/>
  <testcase name="E_RegisterExtension" time="64.750" classname="com.yeastar.swebtest.testcase.smokecase.pbxcase.Extension"/>
  <testcase name="F_ExportExtensions" time="3.944" classname="com.yeastar.swebtest.testcase.smokecase.pbxcase.Extension"/>
  <testcase name="B_CreateExtension" time="20.519" classname="com.yeastar.swebtest.testcase.smokecase.pbxcase.Extension"/>
  <testcase name="K_ExtensionGroupSetting" time="32.052" classname="com.yeastar.swebtest.testcase.smokecase.pbxcase.Extension"/>
  <testcase name="G_DelExtension" time="11.518" classname="com.yeastar.swebtest.testcase.smokecase.pbxcase.Extension"/>
  <testcase name="I_ImportExtension" time="26.983" classname="com.yeastar.swebtest.testcase.smokecase.pbxcase.Extension"/>
  <testcase name="J_PstnCall" time="46.922" classname="com.yeastar.swebtest.testcase.smokecase.pbxcase.Extension"/>
  <testcase name="D_CreateBulkExtensions" time="22.628" classname="com.yeastar.swebtest.testcase.smokecase.pbxcase.Extension"/>
</testsuite> <!-- com.yeastar.swebtest.testcase.smokecase.pbxcase.Extension -->
