<?xml version="1.0" encoding="UTF-8"?>
<!-- Generated by org.testng.reporters.JUnitReportReporter -->
<testsuite hostname="Yeastar-PC" name="com.yeastar.swebtest.testcase.smokecase.pbxcase.DeleteAll" tests="22" failures="0" timestamp="31 Aug 2017 11:30:59 GMT" time="485.974" errors="0">
  <testcase name="H_Conferene" time="18.553" classname="com.yeastar.swebtest.testcase.smokecase.pbxcase.DeleteAll"/>
  <testcase name="E_Queue" time="10.864" classname="com.yeastar.swebtest.testcase.smokecase.pbxcase.DeleteAll"/>
  <testcase name="P_Disa" time="44.499" classname="com.yeastar.swebtest.testcase.smokecase.pbxcase.DeleteAll"/>
  <testcase name="I_PickupGroup" time="10.442" classname="com.yeastar.swebtest.testcase.smokecase.pbxcase.DeleteAll"/>
  <testcase name="K_PagingIntercom" time="10.429" classname="com.yeastar.swebtest.testcase.smokecase.pbxcase.DeleteAll"/>
  <testcase name="L_PagingIntercom" time="22.210" classname="com.yeastar.swebtest.testcase.smokecase.pbxcase.DeleteAll"/>
  <testcase name="C_RingGroup" time="10.414" classname="com.yeastar.swebtest.testcase.smokecase.pbxcase.DeleteAll"/>
  <testcase name="T_OutboundRoutes" time="12.438" classname="com.yeastar.swebtest.testcase.smokecase.pbxcase.DeleteAll"/>
  <testcase name="B_IVR" time="28.881" classname="com.yeastar.swebtest.testcase.smokecase.pbxcase.DeleteAll"/>
  <testcase name="G_Conference" time="10.542" classname="com.yeastar.swebtest.testcase.smokecase.pbxcase.DeleteAll"/>
  <testcase name="U_OutboundRoutes" time="30.635" classname="com.yeastar.swebtest.testcase.smokecase.pbxcase.DeleteAll"/>
  <testcase name="F_Queue" time="39.168" classname="com.yeastar.swebtest.testcase.smokecase.pbxcase.DeleteAll"/>
  <testcase name="N_CallBack" time="33.093" classname="com.yeastar.swebtest.testcase.smokecase.pbxcase.DeleteAll"/>
  <testcase name="R_PINList" time="10.425" classname="com.yeastar.swebtest.testcase.smokecase.pbxcase.DeleteAll"/>
  <testcase name="S_PINList" time="24.769" classname="com.yeastar.swebtest.testcase.smokecase.pbxcase.DeleteAll"/>
  <testcase name="J_PickupGroup" time="39.541" classname="com.yeastar.swebtest.testcase.smokecase.pbxcase.DeleteAll"/>
  <testcase name="V_InboundRoutes" time="10.505" classname="com.yeastar.swebtest.testcase.smokecase.pbxcase.DeleteAll"/>
  <testcase name="O_Disa" time="10.435" classname="com.yeastar.swebtest.testcase.smokecase.pbxcase.DeleteAll"/>
  <testcase name="D_RingGroup" time="33.805" classname="com.yeastar.swebtest.testcase.smokecase.pbxcase.DeleteAll"/>
  <testcase name="M_CallBack" time="10.761" classname="com.yeastar.swebtest.testcase.smokecase.pbxcase.DeleteAll"/>
  <testcase name="W_InboundRoutes" time="50.067" classname="com.yeastar.swebtest.testcase.smokecase.pbxcase.DeleteAll"/>
  <testcase name="A_IVR" time="13.498" classname="com.yeastar.swebtest.testcase.smokecase.pbxcase.DeleteAll"/>
</testsuite> <!-- com.yeastar.swebtest.testcase.smokecase.pbxcase.DeleteAll -->
