<?xml version="1.0" encoding="UTF-8"?>
<!-- Generated by org.testng.reporters.JUnitReportReporter -->
<testsuite hostname="Yeastar-PC" name="com.yeastar.swebtest.testcase.RegressionCase.pbxcase.RingGroup" tests="5" failures="0" timestamp="1 Nov 2018 12:53:26 GMT" time="365.971" errors="0">
  <testcase name="C_add_RingGroup2" time="140.566" classname="com.yeastar.swebtest.testcase.RegressionCase.pbxcase.RingGroup"/>
  <testcase name="A0_Register" time="35.260" classname="com.yeastar.swebtest.testcase.RegressionCase.pbxcase.RingGroup"/>
  <testcase name="A1_add_RingGroup1" time="55.792" classname="com.yeastar.swebtest.testcase.RegressionCase.pbxcase.RingGroup"/>
  <testcase name="B_edit_RingGroup1" time="76.576" classname="com.yeastar.swebtest.testcase.RegressionCase.pbxcase.RingGroup"/>
  <testcase name="D_delete" time="57.777" classname="com.yeastar.swebtest.testcase.RegressionCase.pbxcase.RingGroup"/>
</testsuite> <!-- com.yeastar.swebtest.testcase.RegressionCase.pbxcase.RingGroup -->
