<?xml version="1.0" encoding="UTF-8"?>
<!-- Generated by org.testng.reporters.JUnitReportReporter -->
<testsuite hostname="Yeastar-PC" name="com.yeastar.swebtest.testcase.smokecase.syscase.Network" tests="2" failures="0" timestamp="6 Sep 2017 02:36:08 GMT" time="41.877" errors="0">
  <testcase name="B_DualSetting" time="33.156" classname="com.yeastar.swebtest.testcase.smokecase.syscase.Network"/>
  <testcase name="A_DualSetting" time="8.721" classname="com.yeastar.swebtest.testcase.smokecase.syscase.Network"/>
</testsuite> <!-- com.yeastar.swebtest.testcase.smokecase.syscase.Network -->
