<?xml version="1.0" encoding="UTF-8"?>
<!-- Generated by org.testng.reporters.JUnitReportReporter -->
<testsuite hostname="Yeastar-PC" name="com.yeastar.swebtest.testcase.RegressionCase.pbxcore.PickupGroup" tests="5" failures="0" timestamp="9 Nov 2017 11:04:01 GMT" time="246.957" errors="0">
  <testcase name="C_delete" time="54.320" classname="com.yeastar.swebtest.testcase.RegressionCase.pbxcore.PickupGroup"/>
  <testcase name="A_add_pickupgroup3" time="30.513" classname="com.yeastar.swebtest.testcase.RegressionCase.pbxcore.PickupGroup"/>
  <testcase name="A_add_pickupgroup2" time="30.412" classname="com.yeastar.swebtest.testcase.RegressionCase.pbxcore.PickupGroup"/>
  <testcase name="A_add_pickupgroup1" time="77.172" classname="com.yeastar.swebtest.testcase.RegressionCase.pbxcore.PickupGroup"/>
  <testcase name="B_add_pickupgroup2" time="54.540" classname="com.yeastar.swebtest.testcase.RegressionCase.pbxcore.PickupGroup"/>
</testsuite> <!-- com.yeastar.swebtest.testcase.RegressionCase.pbxcore.PickupGroup -->
