<?xml version="1.0" encoding="UTF-8"?>
<!-- Generated by org.testng.reporters.JUnitReportReporter -->
<testsuite hostname="Yeastar-PC" name="com.yeastar.swebtest.testcase.RegressionCase.pbxcase.EmergencyNumber" tests="8" failures="0" timestamp="2 Nov 2018 02:36:47 GMT" time="383.125" errors="0">
  <testcase name="A0_Register" time="26.374" classname="com.yeastar.swebtest.testcase.RegressionCase.pbxcase.EmergencyNumber"/>
  <testcase name="B1_EditEmergencyNumber_prepend" time="21.485" classname="com.yeastar.swebtest.testcase.RegressionCase.pbxcase.EmergencyNumber"/>
  <testcase name="C1_DeleteEmergencyNumber" time="71.387" classname="com.yeastar.swebtest.testcase.RegressionCase.pbxcase.EmergencyNumber"/>
  <testcase name="A2_EmergencyNumber_call" time="77.327" classname="com.yeastar.swebtest.testcase.RegressionCase.pbxcase.EmergencyNumber"/>
  <testcase name="B2_EditEmergencyNumber_prepend_call" time="82.390" classname="com.yeastar.swebtest.testcase.RegressionCase.pbxcase.EmergencyNumber"/>
  <testcase name="A1_EmergencyNumber" time="27.828" classname="com.yeastar.swebtest.testcase.RegressionCase.pbxcase.EmergencyNumber"/>
  <testcase name="D_BlukDelete" time="50.139" classname="com.yeastar.swebtest.testcase.RegressionCase.pbxcase.EmergencyNumber"/>
  <testcase name="C2_Delete_Call" time="26.195" classname="com.yeastar.swebtest.testcase.RegressionCase.pbxcase.EmergencyNumber"/>
</testsuite> <!-- com.yeastar.swebtest.testcase.RegressionCase.pbxcase.EmergencyNumber -->
