<?xml version="1.0" encoding="UTF-8"?>
<!-- Generated by org.testng.reporters.JUnitReportReporter -->
<testsuite hostname="Yeastar-PC" name="com.yeastar.swebtest.testcase.smokecase.pbxcase.VoicePrompts" tests="14" failures="2" timestamp="6 Sep 2017 04:10:02 GMT" time="308.597" errors="0">
  <testcase name="M_DeleteAllCustom" time="17.302" classname="com.yeastar.swebtest.testcase.smokecase.pbxcase.VoicePrompts"/>
  <testcase name="G_DeleteMusicOnHold" time="13.015" classname="com.yeastar.swebtest.testcase.smokecase.pbxcase.VoicePrompts"/>
  <testcase name="H_RecordNew" time="41.273" classname="com.yeastar.swebtest.testcase.smokecase.pbxcase.VoicePrompts"/>
  <testcase name="F_SelectPlay1" time="13.141" classname="com.yeastar.swebtest.testcase.smokecase.pbxcase.VoicePrompts"/>
  <testcase name="I_UploadCustomPromts" time="24.905" classname="com.yeastar.swebtest.testcase.smokecase.pbxcase.VoicePrompts"/>
  <testcase name="D_CreateNewPlaylist" time="16.711" classname="com.yeastar.swebtest.testcase.smokecase.pbxcase.VoicePrompts">
    <failure type="java.lang.AssertionError" message="play1未自动显示 【预期：play1 实际：default】">
      <![CDATA[java.lang.AssertionError: play1未自动显示 【预期：play1 实际：default】
	at com.yeastar.swebtest.tools.ysassert.YsAssert.fail(YsAssert.java:1086)
	at com.yeastar.swebtest.tools.ysassert.YsAssert.failNotEquals(YsAssert.java:579)
	at com.yeastar.swebtest.tools.ysassert.YsAssert.assertEqualsImpl(YsAssert.java:142)
	at com.yeastar.swebtest.tools.ysassert.YsAssert.assertEquals(YsAssert.java:116)
	at com.yeastar.swebtest.tools.ysassert.YsAssert.assertEquals(YsAssert.java:199)
	at com.yeastar.swebtest.testcase.smokecase.pbxcase.VoicePrompts.D_CreateNewPlaylist(VoicePrompts.java:122)
	at sun.reflect.NativeMethodAccessorImpl.invoke0(Native Method)
	at sun.reflect.NativeMethodAccessorImpl.invoke(NativeMethodAccessorImpl.java:62)
	at sun.reflect.DelegatingMethodAccessorImpl.invoke(DelegatingMethodAccessorImpl.java:43)
	at java.lang.reflect.Method.invoke(Method.java:498)
	at org.testng.internal.MethodInvocationHelper.invokeMethod(MethodInvocationHelper.java:85)
	at org.testng.internal.Invoker.invokeMethod(Invoker.java:639)
	at org.testng.internal.Invoker.invokeTestMethod(Invoker.java:816)
	at org.testng.internal.Invoker.invokeTestMethods(Invoker.java:1124)
	at org.testng.internal.TestMethodWorker.invokeTestMethods(TestMethodWorker.java:125)
	at org.testng.internal.TestMethodWorker.run(TestMethodWorker.java:108)
	at org.testng.TestRunner.privateRun(TestRunner.java:774)
	at org.testng.TestRunner.run(TestRunner.java:624)
	at org.testng.SuiteRunner.runTest(SuiteRunner.java:359)
	at org.testng.SuiteRunner.runSequentially(SuiteRunner.java:354)
	at org.testng.SuiteRunner.privateRun(SuiteRunner.java:312)
	at org.testng.SuiteRunner.run(SuiteRunner.java:261)
	at org.testng.SuiteRunnerWorker.runSuite(SuiteRunnerWorker.java:52)
	at org.testng.SuiteRunnerWorker.run(SuiteRunnerWorker.java:86)
	at org.testng.TestNG.runSuitesSequentially(TestNG.java:1215)
	at org.testng.TestNG.runSuitesLocally(TestNG.java:1140)
	at org.testng.TestNG.run(TestNG.java:1048)
	at org.apache.maven.surefire.testng.TestNGExecutor.run(TestNGExecutor.java:293)
	at org.apache.maven.surefire.testng.TestNGXmlTestSuite.execute(TestNGXmlTestSuite.java:84)
	at org.apache.maven.surefire.testng.TestNGProvider.invoke(TestNGProvider.java:91)
	at org.apache.maven.surefire.booter.ForkedBooter.invokeProviderInSameClassLoader(ForkedBooter.java:200)
	at org.apache.maven.surefire.booter.ForkedBooter.runSuitesInProcess(ForkedBooter.java:153)
	at org.apache.maven.surefire.booter.ForkedBooter.main(ForkedBooter.java:103)
]]>
    </failure>
  </testcase> <!-- D_CreateNewPlaylist -->
  <testcase name="C_DeleteMusicOnHold" time="16.513" classname="com.yeastar.swebtest.testcase.smokecase.pbxcase.VoicePrompts"/>
  <testcase name="L_DeleteCustom" time="7.177" classname="com.yeastar.swebtest.testcase.smokecase.pbxcase.VoicePrompts"/>
  <testcase name="A_SystemPrompt" time="44.713" classname="com.yeastar.swebtest.testcase.smokecase.pbxcase.VoicePrompts"/>
  <testcase name="J_SelectCustomPromts" time="28.583" classname="com.yeastar.swebtest.testcase.smokecase.pbxcase.VoicePrompts"/>
  <testcase name="K_DownloadCustom" time="7.322" classname="com.yeastar.swebtest.testcase.smokecase.pbxcase.VoicePrompts"/>
  <testcase name="B_MusicOnHold" time="21.093" classname="com.yeastar.swebtest.testcase.smokecase.pbxcase.VoicePrompts"/>
  <testcase name="Z_Recover" time="19.038" classname="com.yeastar.swebtest.testcase.smokecase.pbxcase.VoicePrompts">
    <failure type="com.codeborne.selenide.ex.ElementShould" message="Element should be visible {By.xpath: .//span[starts-with(@class,&quot;x-btn-inner x-btn-inner-default-small&quot;) and text()=&quot;Yes&quot;]}
Element: &#039;&lt;span class=&quot;x-btn-inner x-btn-inner-default-small&quot; data-ref=&quot;btnInnerEl&quot; id=&quot;button-1006-btnInnerEl&quot; unselectable=&quot;on&quot; displayed:false&gt;&lt;/span&gt;&#039;">
      <![CDATA[Element should be visible {By.xpath: .//span[starts-with(@class,"x-btn-inner x-btn-inner-default-small") and text()="Yes"]}
Element: '<span class="x-btn-inner x-btn-inner-default-small" data-ref="btnInnerEl" id="button-1006-btnInnerEl" unselectable="on" displayed:false></span>'
Screenshot: file:/F:/MyProject/0GitProject/swebtest/SwebTest/build/reports/tests/1504669827667.1.png
Timeout: 10 s.
	at com.codeborne.selenide.impl.WebElementSource.checkCondition(WebElementSource.java:66)
	at com.codeborne.selenide.impl.WebElementSource.findAndAssertElementIsVisible(WebElementSource.java:72)
	at com.codeborne.selenide.commands.Click.execute(Click.java:14)
	at com.codeborne.selenide.commands.Click.execute(Click.java:11)
	at com.codeborne.selenide.commands.Commands.execute(Commands.java:140)
	at com.codeborne.selenide.impl.SelenideElementProxy.dispatchAndRetry(SelenideElementProxy.java:86)
	at com.codeborne.selenide.impl.SelenideElementProxy.invoke(SelenideElementProxy.java:62)
	at com.sun.proxy.$Proxy5.click(Unknown Source)
	at com.yeastar.swebtest.testcase.smokecase.pbxcase.VoicePrompts.Z_Recover(VoicePrompts.java:290)
	at sun.reflect.NativeMethodAccessorImpl.invoke0(Native Method)
	at sun.reflect.NativeMethodAccessorImpl.invoke(NativeMethodAccessorImpl.java:62)
	at sun.reflect.DelegatingMethodAccessorImpl.invoke(DelegatingMethodAccessorImpl.java:43)
	at java.lang.reflect.Method.invoke(Method.java:498)
	at org.testng.internal.MethodInvocationHelper.invokeMethod(MethodInvocationHelper.java:85)
	at org.testng.internal.Invoker.invokeMethod(Invoker.java:639)
	at org.testng.internal.Invoker.invokeTestMethod(Invoker.java:816)
	at org.testng.internal.Invoker.invokeTestMethods(Invoker.java:1124)
	at org.testng.internal.TestMethodWorker.invokeTestMethods(TestMethodWorker.java:125)
	at org.testng.internal.TestMethodWorker.run(TestMethodWorker.java:108)
	at org.testng.TestRunner.privateRun(TestRunner.java:774)
	at org.testng.TestRunner.run(TestRunner.java:624)
	at org.testng.SuiteRunner.runTest(SuiteRunner.java:359)
	at org.testng.SuiteRunner.runSequentially(SuiteRunner.java:354)
	at org.testng.SuiteRunner.privateRun(SuiteRunner.java:312)
	at org.testng.SuiteRunner.run(SuiteRunner.java:261)
	at org.testng.SuiteRunnerWorker.runSuite(SuiteRunnerWorker.java:52)
	at org.testng.SuiteRunnerWorker.run(SuiteRunnerWorker.java:86)
	at org.testng.TestNG.runSuitesSequentially(TestNG.java:1215)
	at org.testng.TestNG.runSuitesLocally(TestNG.java:1140)
	at org.testng.TestNG.run(TestNG.java:1048)
	at org.apache.maven.surefire.testng.TestNGExecutor.run(TestNGExecutor.java:293)
	at org.apache.maven.surefire.testng.TestNGXmlTestSuite.execute(TestNGXmlTestSuite.java:84)
	at org.apache.maven.surefire.testng.TestNGProvider.invoke(TestNGProvider.java:91)
	at org.apache.maven.surefire.booter.ForkedBooter.invokeProviderInSameClassLoader(ForkedBooter.java:200)
	at org.apache.maven.surefire.booter.ForkedBooter.runSuitesInProcess(ForkedBooter.java:153)
	at org.apache.maven.surefire.booter.ForkedBooter.main(ForkedBooter.java:103)
]]>
    </failure>
  </testcase> <!-- Z_Recover -->
  <testcase name="E_UploadMusicOnHold" time="37.811" classname="com.yeastar.swebtest.testcase.smokecase.pbxcase.VoicePrompts"/>
</testsuite> <!-- com.yeastar.swebtest.testcase.smokecase.pbxcase.VoicePrompts -->
