<?xml version="1.0" encoding="UTF-8"?>
<!-- Generated by org.testng.reporters.JUnitReportReporter -->
<testsuite hostname="Yeastar-PC" name="com.yeastar.swebtest.testcase.smokecase.pbxcase.NewTrunk" tests="4" failures="0" timestamp="2 Sep 2017 04:49:20 GMT" time="77.431" errors="0">
  <testcase name="A_AddTrunk" time="22.277" classname="com.yeastar.swebtest.testcase.smokecase.pbxcase.NewTrunk"/>
  <testcase name="D_AddSPS" time="16.821" classname="com.yeastar.swebtest.testcase.smokecase.pbxcase.NewTrunk"/>
  <testcase name="B_AddTrunkIAXTrunk" time="18.453" classname="com.yeastar.swebtest.testcase.smokecase.pbxcase.NewTrunk"/>
  <testcase name="C_AddSPX" time="19.880" classname="com.yeastar.swebtest.testcase.smokecase.pbxcase.NewTrunk"/>
</testsuite> <!-- com.yeastar.swebtest.testcase.smokecase.pbxcase.NewTrunk -->
