<?xml version="1.0" encoding="UTF-8"?>
<!-- Generated by org.testng.reporters.JUnitReportReporter -->
<testsuite hostname="Yeastar-PC" name="com.yeastar.swebtest.testcase.smokecase.syscase.Network" tests="2" failures="0" timestamp="31 Aug 2017 11:30:59 GMT" time="139.767" errors="0">
  <testcase name="A_DualSetting" time="114.394" classname="com.yeastar.swebtest.testcase.smokecase.syscase.Network"/>
  <testcase name="B_DualSetting" time="25.373" classname="com.yeastar.swebtest.testcase.smokecase.syscase.Network"/>
</testsuite> <!-- com.yeastar.swebtest.testcase.smokecase.syscase.Network -->
