<?xml version="1.0" encoding="UTF-8"?>
<!-- Generated by org.testng.reporters.JUnitReportReporter -->
<testsuite hostname="Yeastar-PC" name="com.yeastar.swebtest.testcase.smokecase.pbxcase.CallFeature" tests="7" failures="0" timestamp="6 Sep 2017 04:10:02 GMT" time="110.475" errors="0">
  <testcase name="A_RingGroup" time="21.762" classname="com.yeastar.swebtest.testcase.smokecase.pbxcase.CallFeature"/>
  <testcase name="D_PickupGroup" time="16.229" classname="com.yeastar.swebtest.testcase.smokecase.pbxcase.CallFeature"/>
  <testcase name="F_CallBack" time="22.310" classname="com.yeastar.swebtest.testcase.smokecase.pbxcase.CallFeature"/>
  <testcase name="C_Conference" time="5.183" classname="com.yeastar.swebtest.testcase.smokecase.pbxcase.CallFeature"/>
  <testcase name="F_PINList" time="16.995" classname="com.yeastar.swebtest.testcase.smokecase.pbxcase.CallFeature"/>
  <testcase name="E_PagingIntercom" time="12.492" classname="com.yeastar.swebtest.testcase.smokecase.pbxcase.CallFeature"/>
  <testcase name="B_Queue" time="15.504" classname="com.yeastar.swebtest.testcase.smokecase.pbxcase.CallFeature"/>
</testsuite> <!-- com.yeastar.swebtest.testcase.smokecase.pbxcase.CallFeature -->
