<?xml version="1.0" encoding="UTF-8"?>
<!-- Generated by org.testng.reporters.JUnitReportReporter -->
<testsuite hostname="Yeastar-PC" name="com.yeastar.swebtest.testcase.DetailCase.pbxcase.AutoCLIP" tests="74" failures="0" timestamp="8 May 2018 18:53:04 GMT" time="2709.589" errors="0">
  <testcase name="I1_makeCall_SPS_noAnswer" time="38.739" classname="com.yeastar.swebtest.testcase.DetailCase.pbxcase.AutoCLIP"/>
  <testcase name="M1_deleteOne_no" time="26.034" classname="com.yeastar.swebtest.testcase.DetailCase.pbxcase.AutoCLIP"/>
  <testcase name="L_addCallRecord5" time="37.383" classname="com.yeastar.swebtest.testcase.DetailCase.pbxcase.AutoCLIP"/>
  <testcase name="H3_checkMissRecord_BRI" time="40.675" classname="com.yeastar.swebtest.testcase.DetailCase.pbxcase.AutoCLIP"/>
  <testcase name="J3_checkUsedRecord_makeCall" time="44.207" classname="com.yeastar.swebtest.testcase.DetailCase.pbxcase.AutoCLIP"/>
  <testcase name="D3_diffNum3" time="45.357" classname="com.yeastar.swebtest.testcase.DetailCase.pbxcase.AutoCLIP"/>
  <testcase name="B2_checkDefault" time="88.548" classname="com.yeastar.swebtest.testcase.DetailCase.pbxcase.AutoCLIP"/>
  <testcase name="J6_checkUsedRecord_makeCall" time="36.757" classname="com.yeastar.swebtest.testcase.DetailCase.pbxcase.AutoCLIP"/>
  <testcase name="K5_checkTrunk_sip" time="42.109" classname="com.yeastar.swebtest.testcase.DetailCase.pbxcase.AutoCLIP"/>
  <testcase name="H4_checkMissRecord_E1" time="0.943" classname="com.yeastar.swebtest.testcase.DetailCase.pbxcase.AutoCLIP"/>
  <testcase name="D2_checkTrunk1_SPS" time="41.943" classname="com.yeastar.swebtest.testcase.DetailCase.pbxcase.AutoCLIP"/>
  <testcase name="K7_checkUsedRecord" time="51.513" classname="com.yeastar.swebtest.testcase.DetailCase.pbxcase.AutoCLIP"/>
  <testcase name="D2_checkTrunk6_BRI" time="48.690" classname="com.yeastar.swebtest.testcase.DetailCase.pbxcase.AutoCLIP"/>
  <testcase name="J5_makeCall_SPS" time="42.471" classname="com.yeastar.swebtest.testcase.DetailCase.pbxcase.AutoCLIP"/>
  <testcase name="D2_checkTrunk2_SIP" time="50.877" classname="com.yeastar.swebtest.testcase.DetailCase.pbxcase.AutoCLIP"/>
  <testcase name="E1_editAutoCLIP" time="34.089" classname="com.yeastar.swebtest.testcase.DetailCase.pbxcase.AutoCLIP"/>
  <testcase name="D3_diffNum1" time="43.239" classname="com.yeastar.swebtest.testcase.DetailCase.pbxcase.AutoCLIP"/>
  <testcase name="L_addCallRecord3" time="37.515" classname="com.yeastar.swebtest.testcase.DetailCase.pbxcase.AutoCLIP"/>
  <testcase name="B3_checkDefault" time="44.639" classname="com.yeastar.swebtest.testcase.DetailCase.pbxcase.AutoCLIP"/>
  <testcase name="M2_deleteOne_yes" time="20.504" classname="com.yeastar.swebtest.testcase.DetailCase.pbxcase.AutoCLIP"/>
  <testcase name="B1_default" time="55.026" classname="com.yeastar.swebtest.testcase.DetailCase.pbxcase.AutoCLIP"/>
  <testcase name="D2_checkTrunk5_SPX" time="41.498" classname="com.yeastar.swebtest.testcase.DetailCase.pbxcase.AutoCLIP"/>
  <testcase name="K6_checkTrunk_sps" time="35.712" classname="com.yeastar.swebtest.testcase.DetailCase.pbxcase.AutoCLIP"/>
  <testcase name="I8_disMissRecord" time="14.547" classname="com.yeastar.swebtest.testcase.DetailCase.pbxcase.AutoCLIP"/>
  <testcase name="D2_checkTrunk9_GSM" time="0.305" classname="com.yeastar.swebtest.testcase.DetailCase.pbxcase.AutoCLIP"/>
  <testcase name="K4_makeCall2_SPS_noAnswer" time="36.434" classname="com.yeastar.swebtest.testcase.DetailCase.pbxcase.AutoCLIP"/>
  <testcase name="D2_checkTrunk8_E1" time="0.188" classname="com.yeastar.swebtest.testcase.DetailCase.pbxcase.AutoCLIP"/>
  <testcase name="L_addCallRecord2" time="37.672" classname="com.yeastar.swebtest.testcase.DetailCase.pbxcase.AutoCLIP"/>
  <testcase name="J1_deleteUsedRecords" time="16.496" classname="com.yeastar.swebtest.testcase.DetailCase.pbxcase.AutoCLIP"/>
  <testcase name="E3_checkDigits1" time="41.607" classname="com.yeastar.swebtest.testcase.DetailCase.pbxcase.AutoCLIP"/>
  <testcase name="H1_checkMissRecord_SPS" time="38.606" classname="com.yeastar.swebtest.testcase.DetailCase.pbxcase.AutoCLIP"/>
  <testcase name="A_addExtension" time="42.730" classname="com.yeastar.swebtest.testcase.DetailCase.pbxcase.AutoCLIP"/>
  <testcase name="M5_delteAll_no" time="13.433" classname="com.yeastar.swebtest.testcase.DetailCase.pbxcase.AutoCLIP"/>
  <testcase name="M3_deletePart_no" time="24.921" classname="com.yeastar.swebtest.testcase.DetailCase.pbxcase.AutoCLIP"/>
  <testcase name="F2_matchOutTrunk_makeCall2" time="45.678" classname="com.yeastar.swebtest.testcase.DetailCase.pbxcase.AutoCLIP"/>
  <testcase name="F3_matchOutTrunk1" time="43.306" classname="com.yeastar.swebtest.testcase.DetailCase.pbxcase.AutoCLIP"/>
  <testcase name="F4_disMatchOutTrunk" time="16.601" classname="com.yeastar.swebtest.testcase.DetailCase.pbxcase.AutoCLIP"/>
  <testcase name="D2_checkTrunk4_IAX" time="48.333" classname="com.yeastar.swebtest.testcase.DetailCase.pbxcase.AutoCLIP"/>
  <testcase name="D1_makeCall4" time="43.626" classname="com.yeastar.swebtest.testcase.DetailCase.pbxcase.AutoCLIP"/>
  <testcase name="H2_checkMissRecord_SPX" time="42.103" classname="com.yeastar.swebtest.testcase.DetailCase.pbxcase.AutoCLIP"/>
  <testcase name="K8_makeCall_sip_noAnswer" time="37.466" classname="com.yeastar.swebtest.testcase.DetailCase.pbxcase.AutoCLIP"/>
  <testcase name="J4_disUsedRecord" time="16.331" classname="com.yeastar.swebtest.testcase.DetailCase.pbxcase.AutoCLIP"/>
  <testcase name="E3_checkDigits2" time="41.770" classname="com.yeastar.swebtest.testcase.DetailCase.pbxcase.AutoCLIP"/>
  <testcase name="I4_checkMissRecord_SPX" time="42.535" classname="com.yeastar.swebtest.testcase.DetailCase.pbxcase.AutoCLIP"/>
  <testcase name="M6_delteAll_yes" time="8.106" classname="com.yeastar.swebtest.testcase.DetailCase.pbxcase.AutoCLIP"/>
  <testcase name="E2_checkDigits_makeCall" time="39.330" classname="com.yeastar.swebtest.testcase.DetailCase.pbxcase.AutoCLIP"/>
  <testcase name="D1_makeCall2" time="46.865" classname="com.yeastar.swebtest.testcase.DetailCase.pbxcase.AutoCLIP"/>
  <testcase name="L_addCallRecord1" time="38.740" classname="com.yeastar.swebtest.testcase.DetailCase.pbxcase.AutoCLIP"/>
  <testcase name="K3_checkTrunk_sps" time="43.078" classname="com.yeastar.swebtest.testcase.DetailCase.pbxcase.AutoCLIP"/>
  <testcase name="I5_checkMissRecord_BRI" time="38.369" classname="com.yeastar.swebtest.testcase.DetailCase.pbxcase.AutoCLIP"/>
  <testcase name="D2_checkTrunk7_PSTN" time="42.834" classname="com.yeastar.swebtest.testcase.DetailCase.pbxcase.AutoCLIP"/>
  <testcase name="F5_matchOutTrunk" time="45.974" classname="com.yeastar.swebtest.testcase.DetailCase.pbxcase.AutoCLIP"/>
  <testcase name="K9_checkTrunk_sip" time="43.710" classname="com.yeastar.swebtest.testcase.DetailCase.pbxcase.AutoCLIP"/>
  <testcase name="F1_matchOutTrunk_edit" time="37.084" classname="com.yeastar.swebtest.testcase.DetailCase.pbxcase.AutoCLIP"/>
  <testcase name="J7_checkUsedRecord_makeCall" time="43.783" classname="com.yeastar.swebtest.testcase.DetailCase.pbxcase.AutoCLIP"/>
  <testcase name="K4_makeCall1_SPS_noAnswer" time="38.582" classname="com.yeastar.swebtest.testcase.DetailCase.pbxcase.AutoCLIP"/>
  <testcase name="G3_makeCall_sps_reject" time="58.271" classname="com.yeastar.swebtest.testcase.DetailCase.pbxcase.AutoCLIP"/>
  <testcase name="J2_checkUsedRecord_makeCall" time="43.985" classname="com.yeastar.swebtest.testcase.DetailCase.pbxcase.AutoCLIP"/>
  <testcase name="M4_deltePart_yes" time="6.987" classname="com.yeastar.swebtest.testcase.DetailCase.pbxcase.AutoCLIP"/>
  <testcase name="I3_checkMissRecord_SPS" time="44.714" classname="com.yeastar.swebtest.testcase.DetailCase.pbxcase.AutoCLIP"/>
  <testcase name="G1_OnlyMissedRecord" time="40.708" classname="com.yeastar.swebtest.testcase.DetailCase.pbxcase.AutoCLIP"/>
  <testcase name="F3_matchOutTrunk2" time="45.439" classname="com.yeastar.swebtest.testcase.DetailCase.pbxcase.AutoCLIP"/>
  <testcase name="G2_makeCall1_sps_accept" time="45.446" classname="com.yeastar.swebtest.testcase.DetailCase.pbxcase.AutoCLIP"/>
  <testcase name="C_addAllTrunk" time="15.172" classname="com.yeastar.swebtest.testcase.DetailCase.pbxcase.AutoCLIP"/>
  <testcase name="K1_combine" time="41.783" classname="com.yeastar.swebtest.testcase.DetailCase.pbxcase.AutoCLIP"/>
  <testcase name="K2_makeCall_sps_accept" time="36.684" classname="com.yeastar.swebtest.testcase.DetailCase.pbxcase.AutoCLIP"/>
  <testcase name="N_recovery" time="22.711" classname="com.yeastar.swebtest.testcase.DetailCase.pbxcase.AutoCLIP"/>
  <testcase name="I9_checkMissRecord1" time="51.153" classname="com.yeastar.swebtest.testcase.DetailCase.pbxcase.AutoCLIP"/>
  <testcase name="F2_matchOutTrunk_makeCall1" time="38.402" classname="com.yeastar.swebtest.testcase.DetailCase.pbxcase.AutoCLIP"/>
  <testcase name="L_addCallRecord4" time="36.868" classname="com.yeastar.swebtest.testcase.DetailCase.pbxcase.AutoCLIP"/>
  <testcase name="D1_makeCall1" time="39.687" classname="com.yeastar.swebtest.testcase.DetailCase.pbxcase.AutoCLIP"/>
  <testcase name="I6_checkMissRecord_E1" time="0.290" classname="com.yeastar.swebtest.testcase.DetailCase.pbxcase.AutoCLIP"/>
  <testcase name="D3_diffNum2_makeCall" time="45.188" classname="com.yeastar.swebtest.testcase.DetailCase.pbxcase.AutoCLIP"/>
  <testcase name="I9_checkMissRecord2" time="36.490" classname="com.yeastar.swebtest.testcase.DetailCase.pbxcase.AutoCLIP"/>
</testsuite> <!-- com.yeastar.swebtest.testcase.DetailCase.pbxcase.AutoCLIP -->
