<?xml version="1.0" encoding="UTF-8"?>
<!-- Generated by org.testng.reporters.JUnitReportReporter -->
<testsuite hostname="Yeastar-PC" name="com.yeastar.swebtest.testcase.CheckToTest" tests="1" failures="0" timestamp="6 Sep 2017 04:10:02 GMT" time="295.082" errors="0">
  <testcase name="CleanExtensions" time="295.082" classname="com.yeastar.swebtest.testcase.CheckToTest"/>
</testsuite> <!-- com.yeastar.swebtest.testcase.CheckToTest -->
