<?xml version="1.0" encoding="UTF-8"?>
<!-- Generated by org.testng.reporters.JUnitReportReporter -->
<testsuite hostname="Yeastar-PC" name="com.yeastar.swebtest.testcase.smokecase.syscase.Security" tests="2" failures="0" timestamp="6 Sep 2017 02:36:08 GMT" time="16.278" errors="0">
  <testcase name="C_ConnectToSSH" time="0.672" classname="com.yeastar.swebtest.testcase.smokecase.syscase.Security"/>
  <testcase name="B_SetService" time="15.606" classname="com.yeastar.swebtest.testcase.smokecase.syscase.Security"/>
</testsuite> <!-- com.yeastar.swebtest.testcase.smokecase.syscase.Security -->
