<?xml version="1.0" encoding="UTF-8"?>
<!-- Generated by org.testng.reporters.JUnitReportReporter -->
<testsuite hostname="Yeastar-PC" name="com.yeastar.swebtest.testcase.smokecase.pbxcase.FeatureCode" tests="6" failures="0" timestamp="6 Sep 2017 04:10:02 GMT" time="379.575" errors="0">
  <testcase name="I_CallPickup" time="46.499" classname="com.yeastar.swebtest.testcase.smokecase.pbxcase.FeatureCode"/>
  <testcase name="H_CallPickup" time="48.933" classname="com.yeastar.swebtest.testcase.smokecase.pbxcase.FeatureCode"/>
  <testcase name="G_Transfer" time="59.385" classname="com.yeastar.swebtest.testcase.smokecase.pbxcase.FeatureCode"/>
  <testcase name="F_Transfer" time="66.361" classname="com.yeastar.swebtest.testcase.smokecase.pbxcase.FeatureCode"/>
  <testcase name="J_CallParking" time="73.011" classname="com.yeastar.swebtest.testcase.smokecase.pbxcase.FeatureCode"/>
  <testcase name="K_CallParking" time="85.386" classname="com.yeastar.swebtest.testcase.smokecase.pbxcase.FeatureCode"/>
</testsuite> <!-- com.yeastar.swebtest.testcase.smokecase.pbxcase.FeatureCode -->
