<?xml version="1.0" encoding="UTF-8"?>
<!-- Generated by org.testng.reporters.JUnitReportReporter -->
<testsuite hostname="Yeastar-PC" name="com.yeastar.swebtest.testcase.RegressionCase.pbxcore.Disa_PinList" tests="7" failures="0" timestamp="9 Nov 2017 11:04:01 GMT" time="363.049" errors="0">
  <testcase name="G_Recovery" time="33.046" classname="com.yeastar.swebtest.testcase.RegressionCase.pbxcore.Disa_PinList"/>
  <testcase name="A_CreatePin" time="17.112" classname="com.yeastar.swebtest.testcase.RegressionCase.pbxcore.Disa_PinList"/>
  <testcase name="G_Delete" time="64.943" classname="com.yeastar.swebtest.testcase.RegressionCase.pbxcore.Disa_PinList"/>
  <testcase name="E_Disa1" time="26.647" classname="com.yeastar.swebtest.testcase.RegressionCase.pbxcore.Disa_PinList"/>
  <testcase name="B_CreateDisa" time="36.101" classname="com.yeastar.swebtest.testcase.RegressionCase.pbxcore.Disa_PinList"/>
  <testcase name="C_EditInroute" time="86.510" classname="com.yeastar.swebtest.testcase.RegressionCase.pbxcore.Disa_PinList"/>
  <testcase name="D_EditDisa" time="98.690" classname="com.yeastar.swebtest.testcase.RegressionCase.pbxcore.Disa_PinList"/>
</testsuite> <!-- com.yeastar.swebtest.testcase.RegressionCase.pbxcore.Disa_PinList -->
