<?xml version="1.0" encoding="UTF-8"?>
<!-- Generated by org.testng.reporters.JUnitReportReporter -->
<testsuite hostname="Yeastar-PC" name="com.yeastar.swebtest.testcase.RegressionCase.pbxcore.TimeCondition" tests="4" failures="0" timestamp="9 Nov 2017 11:04:01 GMT" time="149.024" errors="0">
  <testcase name="addTimeCondition3" time="25.295" classname="com.yeastar.swebtest.testcase.RegressionCase.pbxcore.TimeCondition"/>
  <testcase name="addTimeCondition2" time="24.344" classname="com.yeastar.swebtest.testcase.RegressionCase.pbxcore.TimeCondition"/>
  <testcase name="addTimeCondition1" time="41.198" classname="com.yeastar.swebtest.testcase.RegressionCase.pbxcore.TimeCondition"/>
  <testcase name="addTimeCondition4" time="58.187" classname="com.yeastar.swebtest.testcase.RegressionCase.pbxcore.TimeCondition"/>
</testsuite> <!-- com.yeastar.swebtest.testcase.RegressionCase.pbxcore.TimeCondition -->
