<?xml version="1.0" encoding="UTF-8"?>
<!-- Generated by org.testng.reporters.JUnitReportReporter -->
<testsuite hostname="Yeastar-PC" name="com.yeastar.swebtest.testcase.RegressionCase.pbxcore.AutoCLIP" tests="7" failures="0" timestamp="9 Nov 2017 11:04:01 GMT" time="541.686" errors="0">
  <testcase name="B_deleteUsedRecords" time="114.900" classname="com.yeastar.swebtest.testcase.RegressionCase.pbxcore.AutoCLIP"/>
  <testcase name="A3_makeCall" time="53.973" classname="com.yeastar.swebtest.testcase.RegressionCase.pbxcore.AutoCLIP"/>
  <testcase name="C_OnlyKeepMissedCallRecords" time="62.396" classname="com.yeastar.swebtest.testcase.RegressionCase.pbxcore.AutoCLIP"/>
  <testcase name="A1_clip_default" time="37.889" classname="com.yeastar.swebtest.testcase.RegressionCase.pbxcore.AutoCLIP"/>
  <testcase name="A2_makeCall" time="72.883" classname="com.yeastar.swebtest.testcase.RegressionCase.pbxcore.AutoCLIP"/>
  <testcase name="E_Disable_AutoCLIP" time="84.970" classname="com.yeastar.swebtest.testcase.RegressionCase.pbxcore.AutoCLIP"/>
  <testcase name="D_MatchOutgoingTrunk" time="114.675" classname="com.yeastar.swebtest.testcase.RegressionCase.pbxcore.AutoCLIP"/>
</testsuite> <!-- com.yeastar.swebtest.testcase.RegressionCase.pbxcore.AutoCLIP -->
