<?xml version="1.0" encoding="UTF-8"?>
<!-- Generated by org.testng.reporters.JUnitReportReporter -->
<testsuite hostname="Yeastar-PC" name="com.yeastar.swebtest.testcase.smokecase.syscase.Maintain" tests="9" failures="0" timestamp="31 Aug 2017 11:30:59 GMT" time="89.779" errors="0">
  <testcase name="H_BackupSchedule" time="7.487" classname="com.yeastar.swebtest.testcase.smokecase.syscase.Maintain"/>
  <testcase name="L_DeleteSystemLog" time="1.339" classname="com.yeastar.swebtest.testcase.smokecase.syscase.Maintain"/>
  <testcase name="M_DownloadSystemLog" time="8.392" classname="com.yeastar.swebtest.testcase.smokecase.syscase.Maintain"/>
  <testcase name="A_BackupRestore" time="13.932" classname="com.yeastar.swebtest.testcase.smokecase.syscase.Maintain"/>
  <testcase name="N_DeleteAllSystemLog" time="7.212" classname="com.yeastar.swebtest.testcase.smokecase.syscase.Maintain"/>
  <testcase name="E_DeleteBackUp" time="17.120" classname="com.yeastar.swebtest.testcase.smokecase.syscase.Maintain"/>
  <testcase name="F_UploadBackUp" time="0.000" classname="com.yeastar.swebtest.testcase.smokecase.syscase.Maintain"/>
  <testcase name="O_OperateLog" time="28.211" classname="com.yeastar.swebtest.testcase.smokecase.syscase.Maintain"/>
  <testcase name="B_DownloadBackUptar" time="6.086" classname="com.yeastar.swebtest.testcase.smokecase.syscase.Maintain"/>
</testsuite> <!-- com.yeastar.swebtest.testcase.smokecase.syscase.Maintain -->
