<?xml version="1.0" encoding="UTF-8"?>
<!-- Generated by org.testng.reporters.JUnitReportReporter -->
<testsuite hostname="Yeastar-PC" name="com.yeastar.swebtest.testcase.RegressionCase.pbxcore.Holiday" tests="3" failures="0" timestamp="9 Nov 2017 11:04:01 GMT" time="93.569" errors="0">
  <testcase name="C_deleteHoliday" time="45.671" classname="com.yeastar.swebtest.testcase.RegressionCase.pbxcore.Holiday"/>
  <testcase name="B_editHoliday" time="16.997" classname="com.yeastar.swebtest.testcase.RegressionCase.pbxcore.Holiday"/>
  <testcase name="A_addHoliday1" time="30.901" classname="com.yeastar.swebtest.testcase.RegressionCase.pbxcore.Holiday"/>
</testsuite> <!-- com.yeastar.swebtest.testcase.RegressionCase.pbxcore.Holiday -->
