<?xml version="1.0" encoding="UTF-8"?>
<!-- Generated by org.testng.reporters.JUnitReportReporter -->
<testsuite hostname="Yeastar-PC" name="com.yeastar.swebtest.testcase.DetailCase.pbxcase.IVR" tests="53" failures="1" timestamp="9 May 2018 04:51:34 GMT" time="2317.296" errors="0">
  <testcase name="C7_e1_key0_1000" time="0.018" classname="com.yeastar.swebtest.testcase.DetailCase.pbxcase.IVR"/>
  <testcase name="D4_key4_queue" time="47.870" classname="com.yeastar.swebtest.testcase.DetailCase.pbxcase.IVR"/>
  <testcase name="F9_DialOut_disable" time="32.743" classname="com.yeastar.swebtest.testcase.DetailCase.pbxcase.IVR"/>
  <testcase name="D7_key7_ivr" time="49.125" classname="com.yeastar.swebtest.testcase.DetailCase.pbxcase.IVR"/>
  <testcase name="F2_DialOut_sps" time="40.726" classname="com.yeastar.swebtest.testcase.DetailCase.pbxcase.IVR"/>
  <testcase name="C4_spx_key0_1000" time="79.035" classname="com.yeastar.swebtest.testcase.DetailCase.pbxcase.IVR"/>
  <testcase name="A2_AddIVR" time="36.544" classname="com.yeastar.swebtest.testcase.DetailCase.pbxcase.IVR"/>
  <testcase name="F8_DialOut_gsm" time="0.010" classname="com.yeastar.swebtest.testcase.DetailCase.pbxcase.IVR"/>
  <testcase name="C2_sps_keyj_1100" time="65.115" classname="com.yeastar.swebtest.testcase.DetailCase.pbxcase.IVR"/>
  <testcase name="A2_AddIVR" time="30.017" classname="com.yeastar.swebtest.testcase.DetailCase.pbxcase.IVR"/>
  <testcase name="D2_key2_voicemail3" time="22.261" classname="com.yeastar.swebtest.testcase.DetailCase.pbxcase.IVR"/>
  <testcase name="G2_voicemail_disable" time="32.067" classname="com.yeastar.swebtest.testcase.DetailCase.pbxcase.IVR"/>
  <testcase name="A2_AddIVR" time="38.288" classname="com.yeastar.swebtest.testcase.DetailCase.pbxcase.IVR"/>
  <testcase name="D94_Invalid" time="53.162" classname="com.yeastar.swebtest.testcase.DetailCase.pbxcase.IVR"/>
  <testcase name="B_EditInRoute1" time="35.527" classname="com.yeastar.swebtest.testcase.DetailCase.pbxcase.IVR"/>
  <testcase name="C1_sip_key0_1000" time="57.502" classname="com.yeastar.swebtest.testcase.DetailCase.pbxcase.IVR"/>
  <testcase name="F3_DialOut_iax" time="37.715" classname="com.yeastar.swebtest.testcase.DetailCase.pbxcase.IVR"/>
  <testcase name="D2_key2_voicemail2" time="25.206" classname="com.yeastar.swebtest.testcase.DetailCase.pbxcase.IVR"/>
  <testcase name="E2_DialExtension_ringgroup1" time="47.498" classname="com.yeastar.swebtest.testcase.DetailCase.pbxcase.IVR"/>
  <testcase name="D6_key6_custom_prompt" time="55.187" classname="com.yeastar.swebtest.testcase.DetailCase.pbxcase.IVR"/>
  <testcase name="A3_EditKeys" time="89.406" classname="com.yeastar.swebtest.testcase.DetailCase.pbxcase.IVR"/>
  <testcase name="A2_AddIVR" time="30.624" classname="com.yeastar.swebtest.testcase.DetailCase.pbxcase.IVR"/>
  <testcase name="D92_keyx_1101" time="48.633" classname="com.yeastar.swebtest.testcase.DetailCase.pbxcase.IVR"/>
  <testcase name="E1_DialExtension_1103" time="44.884" classname="com.yeastar.swebtest.testcase.DetailCase.pbxcase.IVR"/>
  <testcase name="I_delete" time="60.514" classname="com.yeastar.swebtest.testcase.DetailCase.pbxcase.IVR"/>
  <testcase name="H_prompt" time="133.581" classname="com.yeastar.swebtest.testcase.DetailCase.pbxcase.IVR">
    <failure type="java.lang.AssertionError" message="预期1000会响铃 【预期：2 实际：4】">
      <![CDATA[java.lang.AssertionError: 预期1000会响铃 【预期：2 实际：4】
	at com.yeastar.swebtest.tools.ysassert.YsAssert.fail(YsAssert.java:1086)
	at com.yeastar.swebtest.tools.ysassert.YsAssert.failNotEquals(YsAssert.java:579)
	at com.yeastar.swebtest.tools.ysassert.YsAssert.assertEqualsImpl(YsAssert.java:142)
	at com.yeastar.swebtest.tools.ysassert.YsAssert.assertEquals(YsAssert.java:116)
	at com.yeastar.swebtest.tools.ysassert.YsAssert.assertEquals(YsAssert.java:425)
	at com.yeastar.swebtest.testcase.DetailCase.pbxcase.IVR.H_prompt(IVR.java:834)
	at sun.reflect.NativeMethodAccessorImpl.invoke0(Native Method)
	at sun.reflect.NativeMethodAccessorImpl.invoke(NativeMethodAccessorImpl.java:62)
	at sun.reflect.DelegatingMethodAccessorImpl.invoke(DelegatingMethodAccessorImpl.java:43)
	at java.lang.reflect.Method.invoke(Method.java:498)
	at org.testng.internal.MethodInvocationHelper.invokeMethod(MethodInvocationHelper.java:85)
	at org.testng.internal.Invoker.invokeMethod(Invoker.java:639)
	at org.testng.internal.Invoker.invokeTestMethod(Invoker.java:816)
	at org.testng.internal.Invoker.invokeTestMethods(Invoker.java:1124)
	at org.testng.internal.TestMethodWorker.invokeTestMethods(TestMethodWorker.java:125)
	at org.testng.internal.TestMethodWorker.run(TestMethodWorker.java:108)
	at org.testng.TestRunner.privateRun(TestRunner.java:774)
	at org.testng.TestRunner.run(TestRunner.java:624)
	at org.testng.SuiteRunner.runTest(SuiteRunner.java:359)
	at org.testng.SuiteRunner.runSequentially(SuiteRunner.java:354)
	at org.testng.SuiteRunner.privateRun(SuiteRunner.java:312)
	at org.testng.SuiteRunner.run(SuiteRunner.java:261)
	at org.testng.SuiteRunnerWorker.runSuite(SuiteRunnerWorker.java:52)
	at org.testng.SuiteRunnerWorker.run(SuiteRunnerWorker.java:86)
	at org.testng.TestNG.runSuitesSequentially(TestNG.java:1215)
	at org.testng.TestNG.runSuitesLocally(TestNG.java:1140)
	at org.testng.TestNG.run(TestNG.java:1048)
	at org.apache.maven.surefire.testng.TestNGExecutor.run(TestNGExecutor.java:293)
	at org.apache.maven.surefire.testng.TestNGXmlTestSuite.execute(TestNGXmlTestSuite.java:84)
	at org.apache.maven.surefire.testng.TestNGProvider.invoke(TestNGProvider.java:91)
	at org.apache.maven.surefire.booter.ForkedBooter.invokeProviderInSameClassLoader(ForkedBooter.java:200)
	at org.apache.maven.surefire.booter.ForkedBooter.runSuitesInProcess(ForkedBooter.java:153)
	at org.apache.maven.surefire.booter.ForkedBooter.main(ForkedBooter.java:103)
]]>
    </failure>
  </testcase> <!-- H_prompt -->
  <testcase name="C8_gsm_key0_1000" time="0.021" classname="com.yeastar.swebtest.testcase.DetailCase.pbxcase.IVR"/>
  <testcase name="D3_key3_ringgroup" time="49.030" classname="com.yeastar.swebtest.testcase.DetailCase.pbxcase.IVR"/>
  <testcase name="F6_DialOut_bri" time="38.567" classname="com.yeastar.swebtest.testcase.DetailCase.pbxcase.IVR"/>
  <testcase name="A2_AddIVR" time="37.984" classname="com.yeastar.swebtest.testcase.DetailCase.pbxcase.IVR"/>
  <testcase name="D5_key5_conference" time="37.833" classname="com.yeastar.swebtest.testcase.DetailCase.pbxcase.IVR"/>
  <testcase name="F4_DialOut_spx" time="37.707" classname="com.yeastar.swebtest.testcase.DetailCase.pbxcase.IVR"/>
  <testcase name="F1_DialOut_sip" time="37.742" classname="com.yeastar.swebtest.testcase.DetailCase.pbxcase.IVR"/>
  <testcase name="A2_AddIVR" time="41.396" classname="com.yeastar.swebtest.testcase.DetailCase.pbxcase.IVR"/>
  <testcase name="A2_AddIVR" time="30.042" classname="com.yeastar.swebtest.testcase.DetailCase.pbxcase.IVR"/>
  <testcase name="C6_bri_key0_1000" time="41.358" classname="com.yeastar.swebtest.testcase.DetailCase.pbxcase.IVR"/>
  <testcase name="E3_DialExtension_disable" time="36.982" classname="com.yeastar.swebtest.testcase.DetailCase.pbxcase.IVR"/>
  <testcase name="C0_backup" time="37.267" classname="com.yeastar.swebtest.testcase.DetailCase.pbxcase.IVR"/>
  <testcase name="D1_key1_callback" time="56.277" classname="com.yeastar.swebtest.testcase.DetailCase.pbxcase.IVR"/>
  <testcase name="D93_TimeOut" time="113.080" classname="com.yeastar.swebtest.testcase.DetailCase.pbxcase.IVR"/>
  <testcase name="C5_fxo_key0_1000" time="39.019" classname="com.yeastar.swebtest.testcase.DetailCase.pbxcase.IVR"/>
  <testcase name="J_recovery" time="63.656" classname="com.yeastar.swebtest.testcase.DetailCase.pbxcase.IVR"/>
  <testcase name="C3_iax_key0_1000" time="48.843" classname="com.yeastar.swebtest.testcase.DetailCase.pbxcase.IVR"/>
  <testcase name="D2_key2_voicemail1" time="68.201" classname="com.yeastar.swebtest.testcase.DetailCase.pbxcase.IVR"/>
  <testcase name="K_editInbound2" time="35.861" classname="com.yeastar.swebtest.testcase.DetailCase.pbxcase.IVR"/>
  <testcase name="D90_key9_dialbyname" time="57.778" classname="com.yeastar.swebtest.testcase.DetailCase.pbxcase.IVR"/>
  <testcase name="G1_voicemail_enable" time="53.505" classname="com.yeastar.swebtest.testcase.DetailCase.pbxcase.IVR"/>
  <testcase name="D91_keyj_1100" time="40.563" classname="com.yeastar.swebtest.testcase.DetailCase.pbxcase.IVR"/>
  <testcase name="A2_AddIVR" time="20.853" classname="com.yeastar.swebtest.testcase.DetailCase.pbxcase.IVR"/>
  <testcase name="F7_DialOut_e1" time="0.035" classname="com.yeastar.swebtest.testcase.DetailCase.pbxcase.IVR"/>
  <testcase name="F5_DialOut_fxo" time="41.650" classname="com.yeastar.swebtest.testcase.DetailCase.pbxcase.IVR"/>
  <testcase name="A1_Init" time="23.105" classname="com.yeastar.swebtest.testcase.DetailCase.pbxcase.IVR"/>
  <testcase name="D8_key8_fxs" time="35.683" classname="com.yeastar.swebtest.testcase.DetailCase.pbxcase.IVR"/>
</testsuite> <!-- com.yeastar.swebtest.testcase.DetailCase.pbxcase.IVR -->
