<?xml version="1.0" encoding="UTF-8"?>
<!-- Generated by org.testng.reporters.JUnitReportReporter -->
<testsuite hostname="Yeastar-PC" name="com.yeastar.swebtest.testcase.smokecase.syscase.EventCenter" tests="7" failures="0" timestamp="6 Sep 2017 02:36:08 GMT" time="117.214" errors="0">
  <testcase name="F_CheckLog" time="25.762" classname="com.yeastar.swebtest.testcase.smokecase.syscase.EventCenter"/>
  <testcase name="B_EventSettings" time="6.262" classname="com.yeastar.swebtest.testcase.smokecase.syscase.EventCenter"/>
  <testcase name="E_DeleteNotification" time="8.667" classname="com.yeastar.swebtest.testcase.smokecase.syscase.EventCenter"/>
  <testcase name="A_AddContact" time="21.449" classname="com.yeastar.swebtest.testcase.smokecase.syscase.EventCenter"/>
  <testcase name="G_CheckLog" time="13.834" classname="com.yeastar.swebtest.testcase.smokecase.syscase.EventCenter"/>
  <testcase name="D_CheckEventLog" time="14.131" classname="com.yeastar.swebtest.testcase.smokecase.syscase.EventCenter"/>
  <testcase name="C_Answer" time="27.109" classname="com.yeastar.swebtest.testcase.smokecase.syscase.EventCenter"/>
</testsuite> <!-- com.yeastar.swebtest.testcase.smokecase.syscase.EventCenter -->
