<?xml version="1.0" encoding="UTF-8"?>
<!-- Generated by org.testng.reporters.JUnitReportReporter -->
<testsuite hostname="Yeastar-PC" name="com.yeastar.swebtest.testcase.smokecase.pbxcase.NewTrunk" tests="4" failures="0" timestamp="6 Sep 2017 04:10:02 GMT" time="106.885" errors="0">
  <testcase name="A_AddTrunk" time="30.584" classname="com.yeastar.swebtest.testcase.smokecase.pbxcase.NewTrunk"/>
  <testcase name="D_AddSPS" time="27.158" classname="com.yeastar.swebtest.testcase.smokecase.pbxcase.NewTrunk"/>
  <testcase name="B_AddTrunkIAXTrunk" time="23.861" classname="com.yeastar.swebtest.testcase.smokecase.pbxcase.NewTrunk"/>
  <testcase name="C_AddSPX" time="25.282" classname="com.yeastar.swebtest.testcase.smokecase.pbxcase.NewTrunk"/>
</testsuite> <!-- com.yeastar.swebtest.testcase.smokecase.pbxcase.NewTrunk -->
