<?xml version="1.0" encoding="UTF-8"?>
<!-- Generated by org.testng.reporters.JUnitReportReporter -->
<testsuite hostname="Yeastar-PC" name="com.yeastar.swebtest.testcase.smokecase.pbxcase.InboundRoutes" tests="12" failures="1" timestamp="31 Aug 2017 11:30:59 GMT" time="469.944" errors="0">
  <testcase name="L_CallDidSps" time="31.202" classname="com.yeastar.swebtest.testcase.smokecase.pbxcase.InboundRoutes"/>
  <testcase name="J_CallE1" time="1.000" classname="com.yeastar.swebtest.testcase.smokecase.pbxcase.InboundRoutes"/>
  <testcase name="E_CallIax" time="45.952" classname="com.yeastar.swebtest.testcase.smokecase.pbxcase.InboundRoutes"/>
  <testcase name="A_EmailSettings" time="11.776" classname="com.yeastar.swebtest.testcase.smokecase.pbxcase.InboundRoutes"/>
  <testcase name="D_CallSip" time="50.319" classname="com.yeastar.swebtest.testcase.smokecase.pbxcase.InboundRoutes"/>
  <testcase name="I_CallPstn" time="49.527" classname="com.yeastar.swebtest.testcase.smokecase.pbxcase.InboundRoutes">
    <failure type="java.lang.AssertionError" message="CDR被叫方检测 【预期：903000 实际：903000 [903000]】">
      <![CDATA[java.lang.AssertionError: CDR被叫方检测 【预期：903000 实际：903000 [903000]】
	at com.yeastar.swebtest.tools.ysassert.YsAssert.fail(YsAssert.java:1086)
	at com.yeastar.swebtest.tools.ysassert.YsAssert.failNotEquals(YsAssert.java:579)
	at com.yeastar.swebtest.tools.ysassert.YsAssert.assertEqualsImpl(YsAssert.java:142)
	at com.yeastar.swebtest.tools.ysassert.YsAssert.assertEquals(YsAssert.java:116)
	at com.yeastar.swebtest.tools.ysassert.YsAssert.assertEquals(YsAssert.java:199)
	at com.yeastar.swebtest.driver.YSMethod.YS_Extension.checkCDR(YS_Extension.java:285)
	at com.yeastar.swebtest.testcase.smokecase.pbxcase.InboundRoutes.I_CallPstn(InboundRoutes.java:231)
	at sun.reflect.NativeMethodAccessorImpl.invoke0(Native Method)
	at sun.reflect.NativeMethodAccessorImpl.invoke(NativeMethodAccessorImpl.java:62)
	at sun.reflect.DelegatingMethodAccessorImpl.invoke(DelegatingMethodAccessorImpl.java:43)
	at java.lang.reflect.Method.invoke(Method.java:498)
	at org.testng.internal.MethodInvocationHelper.invokeMethod(MethodInvocationHelper.java:85)
	at org.testng.internal.Invoker.invokeMethod(Invoker.java:639)
	at org.testng.internal.Invoker.invokeTestMethod(Invoker.java:816)
	at org.testng.internal.Invoker.invokeTestMethods(Invoker.java:1124)
	at org.testng.internal.TestMethodWorker.invokeTestMethods(TestMethodWorker.java:125)
	at org.testng.internal.TestMethodWorker.run(TestMethodWorker.java:108)
	at org.testng.TestRunner.privateRun(TestRunner.java:774)
	at org.testng.TestRunner.run(TestRunner.java:624)
	at org.testng.SuiteRunner.runTest(SuiteRunner.java:359)
	at org.testng.SuiteRunner.runSequentially(SuiteRunner.java:354)
	at org.testng.SuiteRunner.privateRun(SuiteRunner.java:312)
	at org.testng.SuiteRunner.run(SuiteRunner.java:261)
	at org.testng.SuiteRunnerWorker.runSuite(SuiteRunnerWorker.java:52)
	at org.testng.SuiteRunnerWorker.run(SuiteRunnerWorker.java:86)
	at org.testng.TestNG.runSuitesSequentially(TestNG.java:1215)
	at org.testng.TestNG.runSuitesLocally(TestNG.java:1140)
	at org.testng.TestNG.run(TestNG.java:1048)
	at org.apache.maven.surefire.testng.TestNGExecutor.run(TestNGExecutor.java:293)
	at org.apache.maven.surefire.testng.TestNGXmlTestSuite.execute(TestNGXmlTestSuite.java:84)
	at org.apache.maven.surefire.testng.TestNGProvider.invoke(TestNGProvider.java:91)
	at org.apache.maven.surefire.booter.ForkedBooter.invokeProviderInSameClassLoader(ForkedBooter.java:200)
	at org.apache.maven.surefire.booter.ForkedBooter.runSuitesInProcess(ForkedBooter.java:153)
	at org.apache.maven.surefire.booter.ForkedBooter.main(ForkedBooter.java:103)
]]>
    </failure>
  </testcase> <!-- I_CallPstn -->
  <testcase name="H_CallGsm" time="1.001" classname="com.yeastar.swebtest.testcase.smokecase.pbxcase.InboundRoutes"/>
  <testcase name="K_SetDidSps" time="34.182" classname="com.yeastar.swebtest.testcase.smokecase.pbxcase.InboundRoutes"/>
  <testcase name="B_CreateInboundRoutes" time="79.452" classname="com.yeastar.swebtest.testcase.smokecase.pbxcase.InboundRoutes"/>
  <testcase name="C_RegisterExtensions" time="21.046" classname="com.yeastar.swebtest.testcase.smokecase.pbxcase.InboundRoutes"/>
  <testcase name="G_CallSpx" time="49.672" classname="com.yeastar.swebtest.testcase.smokecase.pbxcase.InboundRoutes"/>
  <testcase name="F_CallSps" time="94.815" classname="com.yeastar.swebtest.testcase.smokecase.pbxcase.InboundRoutes"/>
</testsuite> <!-- com.yeastar.swebtest.testcase.smokecase.pbxcase.InboundRoutes -->
