<?xml version="1.0" encoding="UTF-8"?>
<!-- Generated by org.testng.reporters.JUnitReportReporter -->
<testsuite hostname="Yeastar-PC" name="com.yeastar.swebtest.testcase.smokecase.syscase.UserPermission" tests="7" failures="0" timestamp="6 Sep 2017 02:36:08 GMT" time="114.120" errors="0">
  <testcase name="F_CheckUserPerssion" time="5.020" classname="com.yeastar.swebtest.testcase.smokecase.syscase.UserPermission"/>
  <testcase name="A_AddUserPermissionAdmin" time="24.671" classname="com.yeastar.swebtest.testcase.smokecase.syscase.UserPermission"/>
  <testcase name="B_CheckUserPermisson" time="5.417" classname="com.yeastar.swebtest.testcase.smokecase.syscase.UserPermission"/>
  <testcase name="C_AddUserPermissionCustom" time="44.773" classname="com.yeastar.swebtest.testcase.smokecase.syscase.UserPermission"/>
  <testcase name="D_CheckUserPerssion" time="7.585" classname="com.yeastar.swebtest.testcase.smokecase.syscase.UserPermission"/>
  <testcase name="E_Delete" time="13.226" classname="com.yeastar.swebtest.testcase.smokecase.syscase.UserPermission"/>
  <testcase name="G_DeleteAll" time="13.428" classname="com.yeastar.swebtest.testcase.smokecase.syscase.UserPermission"/>
</testsuite> <!-- com.yeastar.swebtest.testcase.smokecase.syscase.UserPermission -->
