<?xml version="1.0" encoding="UTF-8"?>
<!-- Generated by org.testng.reporters.JUnitReportReporter -->
<testsuite hostname="Yeastar-PC" name="com.yeastar.swebtest.testcase.RegressionCase.pbxcore.CustomPrompts" tests="4" failures="0" timestamp="9 Nov 2017 11:04:01 GMT" time="146.294" errors="0">
  <testcase name="D_upload" time="11.993" classname="com.yeastar.swebtest.testcase.RegressionCase.pbxcore.CustomPrompts"/>
  <testcase name="A_record" time="40.952" classname="com.yeastar.swebtest.testcase.RegressionCase.pbxcore.CustomPrompts"/>
  <testcase name="C_reRecord" time="46.596" classname="com.yeastar.swebtest.testcase.RegressionCase.pbxcore.CustomPrompts"/>
  <testcase name="B_play" time="46.753" classname="com.yeastar.swebtest.testcase.RegressionCase.pbxcore.CustomPrompts"/>
</testsuite> <!-- com.yeastar.swebtest.testcase.RegressionCase.pbxcore.CustomPrompts -->
