<?xml version="1.0" encoding="UTF-8"?>
<testsuite name="TestSuite" time="15.837" tests="4" errors="0" skipped="2" failures="1">
  <properties>
    <property name="idea.version" value="2017.1.1"/>
    <property name="java.runtime.name" value="Java(TM) SE Runtime Environment"/>
    <property name="sun.boot.library.path" value="C:\Program Files (x86)\Java\jdk1.8.0_121\jre\bin"/>
    <property name="java.vm.version" value="25.121-b13"/>
    <property name="java.vm.vendor" value="Oracle Corporation"/>
    <property name="maven.multiModuleProjectDirectory" value="F:\MyProject\0GitProject\swebtest\SwebTest"/>
    <property name="java.vendor.url" value="http://java.oracle.com/"/>
    <property name="path.separator" value=";"/>
    <property name="guice.disable.misplaced.annotation.check" value="true"/>
    <property name="java.vm.name" value="Java HotSpot(TM) Client VM"/>
    <property name="file.encoding.pkg" value="sun.io"/>
    <property name="user.script" value=""/>
    <property name="user.country" value="CN"/>
    <property name="sun.java.launcher" value="SUN_STANDARD"/>
    <property name="sun.os.patch.level" value="Service Pack 1"/>
    <property name="java.vm.specification.name" value="Java Virtual Machine Specification"/>
    <property name="user.dir" value="F:\MyProject\0GitProject\swebtest\SwebTest"/>
    <property name="java.runtime.version" value="1.8.0_121-b13"/>
    <property name="java.awt.graphicsenv" value="sun.awt.Win32GraphicsEnvironment"/>
    <property name="java.endorsed.dirs" value="C:\Program Files (x86)\Java\jdk1.8.0_121\jre\lib\endorsed"/>
    <property name="os.arch" value="x86"/>
    <property name="java.io.tmpdir" value="C:\Users\Yeastar\AppData\Local\Temp\"/>
    <property name="line.separator" value="&#10;"/>
    <property name="java.vm.specification.vendor" value="Oracle Corporation"/>
    <property name="user.variant" value=""/>
    <property name="os.name" value="Windows 7"/>
    <property name="classworlds.conf" value="D:\JetBrains\IntelliJ IDEA 2017.1.1\plugins\maven\lib\maven3\bin\m2.conf"/>
    <property name="sun.jnu.encoding" value="GBK"/>
    <property name="java.library.path" value="C:\Program Files (x86)\Java\jdk1.8.0_121\bin;C:\Windows\Sun\Java\bin;C:\Windows\system32;C:\Windows;D:\apache-maven-3.3.9\bin;C:\Perl\site\bin;C:\Perl\bin;C:\ProgramData\Oracle\Java\javapath;C:\Windows\system32;C:\Windows;C:\Windows\System32\Wbem;C:\Windows\System32\WindowsPowerShell\v1.0\;C:\Program Files\TortoiseSVN\bin;D:\Qt\Qt5.5.1\5.5\mingw492_32\bin;D:\Microsoft SQL Server\120\Tools\Binn\;D:\Microsoft SQL Server\120\DTS\Binn\;D:\Microsoft SQL Server\Client SDK\ODBC\110\Tools\Binn\;D:\Microsoft SQL ServerX86\120\Tools\Binn\;D:\Microsoft SQL ServerX86\120\Tools\Binn\ManagementStudio\;D:\Microsoft SQL ServerX86\120\DTS\Binn\;C:\Program Files (x86)\Microsoft SQL Server\100\Tools\Binn\;C:\Program Files\Microsoft SQL Server\100\Tools\Binn\;C:\Program Files\Microsoft SQL Server\100\DTS\Binn\;D:\UltarEdit;C:\Program Files (x86)\Java\jdk1.8.0_121\bin;C:\Program Files (x86)\Java\jdk1.8.0_121\jre\bin;D:\Microsoft SQL Server\130\Tools\Binn\;C:\Program Files (x86)\Microsoft Visual Studio\Common\MSDev98\Bin;C:\Program Files (x86)\Microsoft Visual Studio 14.0\VC\bin;C:\windows\system32;C:\Program Files\Microsoft\Web Platform Installer\;C:\Program Files (x86)\Microsoft ASP.NET\ASP.NET Web Pages\v1.0\;C:\Program Files (x86)\Windows Kits\8.0\Windows Performance Toolkit\;D:\Microsoft SQL Server\110\Tools\Binn\;C:\Users\Yeastar\.dnx\bin;."/>
    <property name="java.specification.name" value="Java Platform API Specification"/>
    <property name="java.class.version" value="52.0"/>
    <property name="sun.management.compiler" value="HotSpot Client Compiler"/>
    <property name="os.version" value="6.1"/>
    <property name="user.home" value="C:\Users\Yeastar"/>
    <property name="user.timezone" value="Asia/Shanghai"/>
    <property name="java.awt.printerjob" value="sun.awt.windows.WPrinterJob"/>
    <property name="java.specification.version" value="1.8"/>
    <property name="file.encoding" value="UTF-8"/>
    <property name="user.name" value="Yeastar"/>
    <property name="java.class.path" value="D:\JetBrains\IntelliJ IDEA 2017.1.1\plugins\maven\lib\maven3\boot\plexus-classworlds-2.5.2.jar;D:\JetBrains\IntelliJ IDEA 2017.1.1\lib\idea_rt.jar"/>
    <property name="java.vm.specification.version" value="1.8"/>
    <property name="sun.arch.data.model" value="32"/>
    <property name="java.home" value="C:\Program Files (x86)\Java\jdk1.8.0_121\jre"/>
    <property name="sun.java.command" value="org.codehaus.classworlds.Launcher -Didea.version=2017.1.1 test"/>
    <property name="java.specification.vendor" value="Oracle Corporation"/>
    <property name="user.language" value="zh"/>
    <property name="awt.toolkit" value="sun.awt.windows.WToolkit"/>
    <property name="java.vm.info" value="mixed mode"/>
    <property name="java.version" value="1.8.0_121"/>
    <property name="java.ext.dirs" value="C:\Program Files (x86)\Java\jdk1.8.0_121\jre\lib\ext;C:\Windows\Sun\Java\lib\ext"/>
    <property name="sun.boot.class.path" value="C:\Program Files (x86)\Java\jdk1.8.0_121\jre\lib\resources.jar;C:\Program Files (x86)\Java\jdk1.8.0_121\jre\lib\rt.jar;C:\Program Files (x86)\Java\jdk1.8.0_121\jre\lib\sunrsasign.jar;C:\Program Files (x86)\Java\jdk1.8.0_121\jre\lib\jsse.jar;C:\Program Files (x86)\Java\jdk1.8.0_121\jre\lib\jce.jar;C:\Program Files (x86)\Java\jdk1.8.0_121\jre\lib\charsets.jar;C:\Program Files (x86)\Java\jdk1.8.0_121\jre\lib\jfr.jar;C:\Program Files (x86)\Java\jdk1.8.0_121\jre\classes"/>
    <property name="java.vendor" value="Oracle Corporation"/>
    <property name="maven.home" value="D:\JetBrains\IntelliJ IDEA 2017.1.1\plugins\maven\lib\maven3"/>
    <property name="file.separator" value="\"/>
    <property name="java.vendor.url.bug" value="http://bugreport.sun.com/bugreport/"/>
    <property name="sun.cpu.endian" value="little"/>
    <property name="sun.io.unicode.encoding" value="UnicodeLittle"/>
    <property name="sun.desktop" value="windows"/>
    <property name="sun.cpu.isalist" value="pentium_pro+mmx pentium_pro pentium+mmx pentium i486 i386 i86"/>
  </properties>
  <testcase name="CaseNameRetry" classname="com.yeastar.swebtest.testcase.extendcase.MyTest" time="0.004"/>
  <testcase name="DCaseName" classname="com.yeastar.swebtest.testcase.extendcase.MyTest" time="0">
    <skipped/>
    <system-out><![CDATA[[INFO ] 2017-10-19 16:26:30,780 method:com.yeastar.swebtest.tools.retry.TestResultListener.onTestStart(TestResultListener.java:54)
DCaseName Start
执行操作:执行的操作
after error test ........
[INFO ] 2017-10-19 16:26:46,594 method:com.yeastar.swebtest.tools.retry.TestngRetry.retry(TestngRetry.java:33)
Retry for [DCaseName] on class [com.yeastar.swebtest.testcase.extendcase.MyTest] Retry 1 times
onTestSkipped.....
[INFO ] 2017-10-19 16:26:46,595 method:com.yeastar.swebtest.tools.retry.TestResultListener.onTestSkipped(TestResultListener.java:41)
DCaseName Skipped
]]></system-out>
  </testcase>
  <testcase name="DCaseName" classname="com.yeastar.swebtest.testcase.extendcase.MyTest" time="0">
    <skipped/>
    <system-out><![CDATA[[INFO ] 2017-10-19 16:26:46,596 method:com.yeastar.swebtest.tools.retry.TestResultListener.onTestStart(TestResultListener.java:54)
DCaseName Start
执行操作:执行的操作
after error test ........
[INFO ] 2017-10-19 16:27:02,372 method:com.yeastar.swebtest.tools.retry.TestngRetry.retry(TestngRetry.java:33)
Retry for [DCaseName] on class [com.yeastar.swebtest.testcase.extendcase.MyTest] Retry 2 times
onTestSkipped.....
[INFO ] 2017-10-19 16:27:02,372 method:com.yeastar.swebtest.tools.retry.TestResultListener.onTestSkipped(TestResultListener.java:41)
DCaseName Skipped
]]></system-out>
  </testcase>
  <testcase name="DCaseName" classname="com.yeastar.swebtest.testcase.extendcase.MyTest" time="15.833">
    <failure message="Element not found {By.xpath: .//div[starts-with(@id,&apos;callfeature&apos;)]//span[ text()=&apos;Conference&apos;]}&#10;Expected: visible" type="com.codeborne.selenide.ex.ElementNotFound">com.codeborne.selenide.ex.ElementNotFound: Element not found {By.xpath: .//div[starts-with(@id,'callfeature')]//span[ text()='Conference']}
Expected: visible
	at sun.reflect.GeneratedConstructorAccessor9.newInstance(Unknown Source)
	at sun.reflect.DelegatingConstructorAccessorImpl.newInstance(DelegatingConstructorAccessorImpl.java:45)
	at java.lang.reflect.Constructor.newInstance(Constructor.java:423)
	at org.openqa.selenium.remote.ErrorHandler.createThrowable(ErrorHandler.java:206)
	at org.openqa.selenium.remote.ErrorHandler.throwIfResponseFailed(ErrorHandler.java:158)
	at org.openqa.selenium.remote.RemoteWebDriver.execute(RemoteWebDriver.java:678)
	at org.openqa.selenium.remote.RemoteWebDriver.findElement(RemoteWebDriver.java:363)
	at org.openqa.selenium.remote.RemoteWebDriver.findElementByXPath(RemoteWebDriver.java:500)
	at org.openqa.selenium.By$ByXPath.findElement(By.java:361)
	at org.openqa.selenium.remote.RemoteWebDriver.findElement(RemoteWebDriver.java:355)
	at com.codeborne.selenide.impl.WebElementSelector.findElement(WebElementSelector.java:28)
	at com.codeborne.selenide.impl.ElementFinder.getWebElement(ElementFinder.java:56)
	at com.codeborne.selenide.impl.WebElementSource.checkCondition(WebElementSource.java:44)
	at com.codeborne.selenide.impl.WebElementSource.findAndAssertElementIsVisible(WebElementSource.java:72)
	at com.codeborne.selenide.commands.Click.execute(Click.java:14)
	at com.codeborne.selenide.commands.Click.execute(Click.java:11)
	at com.codeborne.selenide.commands.Commands.execute(Commands.java:140)
	at com.codeborne.selenide.impl.SelenideElementProxy.dispatchAndRetry(SelenideElementProxy.java:86)
	at com.codeborne.selenide.impl.SelenideElementProxy.invoke(SelenideElementProxy.java:62)
	at com.sun.proxy.$Proxy4.click(Unknown Source)
	at com.yeastar.swebtest.testcase.extendcase.MyTest.DCaseName(MyTest.java:194)
</failure>
    <system-out><![CDATA[[INFO ] 2017-10-19 16:27:02,372 method:com.yeastar.swebtest.tools.retry.TestResultListener.onTestStart(TestResultListener.java:54)
DCaseName Start
执行操作:执行的操作
after error test ........
onTestFailure....
[INFO ] 2017-10-19 16:27:18,202 method:com.yeastar.swebtest.tools.retry.TestResultListener.onTestFailure(TestResultListener.java:32)
DCaseName Failure
]]></system-out>
  </testcase>
</testsuite>