<?xml version="1.0" encoding="UTF-8"?>
<testsuite name="TestSuite" time="2,368.019" tests="53" errors="0" skipped="0" failures="0">
  <properties>
    <property name="idea.version" value="2018.1"/>
    <property name="java.runtime.name" value="Java(TM) SE Runtime Environment"/>
    <property name="sun.boot.library.path" value="C:\Program Files (x86)\Java\jdk1.8.0_121\jre\bin"/>
    <property name="java.vm.version" value="25.121-b13"/>
    <property name="java.vm.vendor" value="Oracle Corporation"/>
    <property name="maven.multiModuleProjectDirectory" value="F:\MyProject\SwebTest"/>
    <property name="java.vendor.url" value="http://java.oracle.com/"/>
    <property name="path.separator" value=";"/>
    <property name="guice.disable.misplaced.annotation.check" value="true"/>
    <property name="java.vm.name" value="Java HotSpot(TM) Client VM"/>
    <property name="file.encoding.pkg" value="sun.io"/>
    <property name="user.script" value=""/>
    <property name="user.country" value="CN"/>
    <property name="sun.java.launcher" value="SUN_STANDARD"/>
    <property name="sun.os.patch.level" value="Service Pack 1"/>
    <property name="java.vm.specification.name" value="Java Virtual Machine Specification"/>
    <property name="user.dir" value="F:\MyProject\SwebTest"/>
    <property name="java.runtime.version" value="1.8.0_121-b13"/>
    <property name="java.awt.graphicsenv" value="sun.awt.Win32GraphicsEnvironment"/>
    <property name="java.endorsed.dirs" value="C:\Program Files (x86)\Java\jdk1.8.0_121\jre\lib\endorsed"/>
    <property name="os.arch" value="x86"/>
    <property name="java.io.tmpdir" value="C:\Users\Yeastar\AppData\Local\Temp\"/>
    <property name="line.separator" value="&#10;"/>
    <property name="java.vm.specification.vendor" value="Oracle Corporation"/>
    <property name="user.variant" value=""/>
    <property name="os.name" value="Windows 7"/>
    <property name="classworlds.conf" value="C:\Program Files\JetBrains\IntelliJ IDEA 2018.1\plugins\maven\lib\maven3\bin\m2.conf"/>
    <property name="sun.jnu.encoding" value="GBK"/>
    <property name="java.library.path" value="C:\Program Files (x86)\Java\jdk1.8.0_121\bin;C:\Windows\Sun\Java\bin;C:\Windows\system32;C:\Windows;D:\apache-maven-3.3.9\bin;C:\Program Files (x86)\Java\jdk1.8.0_121\bin;C:\Program Files (x86)\Java\jdk1.8.0_121\jre\bin;C:\Perl\site\bin;C:\Perl\bin;C:\ProgramData\Oracle\Java\javapath;C:\Windows\system32;C:\Windows;C:\Windows\System32\Wbem;C:\Windows\System32\WindowsPowerShell\v1.0\;C:\Program Files\TortoiseSVN\bin;D:\Qt\Qt5.5.1\5.5\mingw492_32\bin;D:\Microsoft SQL Server\120\Tools\Binn\;D:\Microsoft SQL Server\120\DTS\Binn\;D:\Microsoft SQL Server\Client SDK\ODBC\110\Tools\Binn\;D:\Microsoft SQL ServerX86\120\Tools\Binn\;D:\Microsoft SQL ServerX86\120\Tools\Binn\ManagementStudio\;D:\Microsoft SQL ServerX86\120\DTS\Binn\;C:\Program Files (x86)\Microsoft SQL Server\100\Tools\Binn\;C:\Program Files\Microsoft SQL Server\100\Tools\Binn\;C:\Program Files\Microsoft SQL Server\100\DTS\Binn\;D:\UltarEdit;D:\Microsoft SQL Server\130\Tools\Binn\;C:\Program Files (x86)\Microsoft Visual Studio\Common\MSDev98\Bin;C:\Program Files (x86)\Microsoft Visual Studio 14.0\VC\bin;C:\windows\system32;D:\Qt\installer-framework3.0.2\bin;C:\Users\Yeastar\.dnx\bin;."/>
    <property name="java.specification.name" value="Java Platform API Specification"/>
    <property name="java.class.version" value="52.0"/>
    <property name="sun.management.compiler" value="HotSpot Client Compiler"/>
    <property name="os.version" value="6.1"/>
    <property name="user.home" value="C:\Users\Yeastar"/>
    <property name="user.timezone" value="Asia/Shanghai"/>
    <property name="java.awt.printerjob" value="sun.awt.windows.WPrinterJob"/>
    <property name="java.specification.version" value="1.8"/>
    <property name="file.encoding" value="UTF-8"/>
    <property name="user.name" value="Yeastar"/>
    <property name="java.class.path" value="C:\Program Files\JetBrains\IntelliJ IDEA 2018.1\plugins\maven\lib\maven3\boot\plexus-classworlds-2.5.2.jar;C:\Program Files\JetBrains\IntelliJ IDEA 2018.1\lib\idea_rt.jar"/>
    <property name="java.vm.specification.version" value="1.8"/>
    <property name="sun.arch.data.model" value="32"/>
    <property name="java.home" value="C:\Program Files (x86)\Java\jdk1.8.0_121\jre"/>
    <property name="sun.java.command" value="org.codehaus.classworlds.Launcher -Didea.version=2018.1 test -f pom.xml"/>
    <property name="java.specification.vendor" value="Oracle Corporation"/>
    <property name="user.language" value="zh"/>
    <property name="awt.toolkit" value="sun.awt.windows.WToolkit"/>
    <property name="java.vm.info" value="mixed mode"/>
    <property name="java.version" value="1.8.0_121"/>
    <property name="java.ext.dirs" value="C:\Program Files (x86)\Java\jdk1.8.0_121\jre\lib\ext;C:\Windows\Sun\Java\lib\ext"/>
    <property name="sun.boot.class.path" value="C:\Program Files (x86)\Java\jdk1.8.0_121\jre\lib\resources.jar;C:\Program Files (x86)\Java\jdk1.8.0_121\jre\lib\rt.jar;C:\Program Files (x86)\Java\jdk1.8.0_121\jre\lib\sunrsasign.jar;C:\Program Files (x86)\Java\jdk1.8.0_121\jre\lib\jsse.jar;C:\Program Files (x86)\Java\jdk1.8.0_121\jre\lib\jce.jar;C:\Program Files (x86)\Java\jdk1.8.0_121\jre\lib\charsets.jar;C:\Program Files (x86)\Java\jdk1.8.0_121\jre\lib\jfr.jar;C:\Program Files (x86)\Java\jdk1.8.0_121\jre\classes"/>
    <property name="java.vendor" value="Oracle Corporation"/>
    <property name="maven.home" value="C:\Program Files\JetBrains\IntelliJ IDEA 2018.1\plugins\maven\lib\maven3"/>
    <property name="file.separator" value="\"/>
    <property name="java.vendor.url.bug" value="http://bugreport.sun.com/bugreport/"/>
    <property name="sun.cpu.endian" value="little"/>
    <property name="sun.io.unicode.encoding" value="UnicodeLittle"/>
    <property name="sun.desktop" value="windows"/>
    <property name="sun.cpu.isalist" value="pentium_pro+mmx pentium_pro pentium+mmx pentium i486 i386 i86"/>
  </properties>
  <testcase name="A1_Init" classname="com.yeastar.swebtest.testcase.DetailCase.pbxcase.IVR" time="102.084"/>
  <testcase name="A2_AddIVR" classname="com.yeastar.swebtest.testcase.DetailCase.pbxcase.IVR" time="20.695"/>
  <testcase name="A2_AddIVR" classname="com.yeastar.swebtest.testcase.DetailCase.pbxcase.IVR" time="39.408"/>
  <testcase name="A2_AddIVR" classname="com.yeastar.swebtest.testcase.DetailCase.pbxcase.IVR" time="30.139"/>
  <testcase name="A2_AddIVR" classname="com.yeastar.swebtest.testcase.DetailCase.pbxcase.IVR" time="36.904"/>
  <testcase name="A2_AddIVR" classname="com.yeastar.swebtest.testcase.DetailCase.pbxcase.IVR" time="30.057"/>
  <testcase name="A2_AddIVR" classname="com.yeastar.swebtest.testcase.DetailCase.pbxcase.IVR" time="38.072"/>
  <testcase name="A2_AddIVR" classname="com.yeastar.swebtest.testcase.DetailCase.pbxcase.IVR" time="36.823"/>
  <testcase name="A2_AddIVR" classname="com.yeastar.swebtest.testcase.DetailCase.pbxcase.IVR" time="31.041"/>
  <testcase name="A3_EditKeys" classname="com.yeastar.swebtest.testcase.DetailCase.pbxcase.IVR" time="89.662"/>
  <testcase name="B_EditInRoute1" classname="com.yeastar.swebtest.testcase.DetailCase.pbxcase.IVR" time="36.072"/>
  <testcase name="C0_backup" classname="com.yeastar.swebtest.testcase.DetailCase.pbxcase.IVR" time="37.562"/>
  <testcase name="C1_sip_key0_1000" classname="com.yeastar.swebtest.testcase.DetailCase.pbxcase.IVR" time="59.867"/>
  <testcase name="C2_sps_keyj_1100" classname="com.yeastar.swebtest.testcase.DetailCase.pbxcase.IVR" time="65.011"/>
  <testcase name="C3_iax_key0_1000" classname="com.yeastar.swebtest.testcase.DetailCase.pbxcase.IVR" time="54"/>
  <testcase name="C4_spx_key0_1000" classname="com.yeastar.swebtest.testcase.DetailCase.pbxcase.IVR" time="73.692"/>
  <testcase name="C5_fxo_key0_1000" classname="com.yeastar.swebtest.testcase.DetailCase.pbxcase.IVR" time="39.155"/>
  <testcase name="C6_bri_key0_1000" classname="com.yeastar.swebtest.testcase.DetailCase.pbxcase.IVR" time="39.018"/>
  <testcase name="C7_e1_key0_1000" classname="com.yeastar.swebtest.testcase.DetailCase.pbxcase.IVR" time="0"/>
  <testcase name="C8_gsm_key0_1000" classname="com.yeastar.swebtest.testcase.DetailCase.pbxcase.IVR" time="0"/>
  <testcase name="D1_key1_callback" classname="com.yeastar.swebtest.testcase.DetailCase.pbxcase.IVR" time="56.427"/>
  <testcase name="D2_key2_voicemail1" classname="com.yeastar.swebtest.testcase.DetailCase.pbxcase.IVR" time="67.885"/>
  <testcase name="D2_key2_voicemail2" classname="com.yeastar.swebtest.testcase.DetailCase.pbxcase.IVR" time="24.442"/>
  <testcase name="D2_key2_voicemail3" classname="com.yeastar.swebtest.testcase.DetailCase.pbxcase.IVR" time="21.212"/>
  <testcase name="D3_key3_ringgroup" classname="com.yeastar.swebtest.testcase.DetailCase.pbxcase.IVR" time="49.064"/>
  <testcase name="D4_key4_queue" classname="com.yeastar.swebtest.testcase.DetailCase.pbxcase.IVR" time="47.995"/>
  <testcase name="D5_key5_conference" classname="com.yeastar.swebtest.testcase.DetailCase.pbxcase.IVR" time="37.599"/>
  <testcase name="D6_key6_custom_prompt" classname="com.yeastar.swebtest.testcase.DetailCase.pbxcase.IVR" time="55.182"/>
  <testcase name="D7_key7_ivr" classname="com.yeastar.swebtest.testcase.DetailCase.pbxcase.IVR" time="49.124"/>
  <testcase name="D8_key8_fxs" classname="com.yeastar.swebtest.testcase.DetailCase.pbxcase.IVR" time="35.659"/>
  <testcase name="D90_key9_dialbyname" classname="com.yeastar.swebtest.testcase.DetailCase.pbxcase.IVR" time="57.652"/>
  <testcase name="D91_keyj_1100" classname="com.yeastar.swebtest.testcase.DetailCase.pbxcase.IVR" time="40.596"/>
  <testcase name="D92_keyx_1101" classname="com.yeastar.swebtest.testcase.DetailCase.pbxcase.IVR" time="48.695"/>
  <testcase name="D93_TimeOut" classname="com.yeastar.swebtest.testcase.DetailCase.pbxcase.IVR" time="113.138"/>
  <testcase name="D94_Invalid" classname="com.yeastar.swebtest.testcase.DetailCase.pbxcase.IVR" time="53.133"/>
  <testcase name="E1_DialExtension_1103" classname="com.yeastar.swebtest.testcase.DetailCase.pbxcase.IVR" time="45.139"/>
  <testcase name="E2_DialExtension_ringgroup1" classname="com.yeastar.swebtest.testcase.DetailCase.pbxcase.IVR" time="48.041"/>
  <testcase name="E3_DialExtension_disable" classname="com.yeastar.swebtest.testcase.DetailCase.pbxcase.IVR" time="36.989"/>
  <testcase name="F1_DialOut_sip" classname="com.yeastar.swebtest.testcase.DetailCase.pbxcase.IVR" time="37.81"/>
  <testcase name="F2_DialOut_sps" classname="com.yeastar.swebtest.testcase.DetailCase.pbxcase.IVR" time="40.575"/>
  <testcase name="F3_DialOut_iax" classname="com.yeastar.swebtest.testcase.DetailCase.pbxcase.IVR" time="37.79"/>
  <testcase name="F4_DialOut_spx" classname="com.yeastar.swebtest.testcase.DetailCase.pbxcase.IVR" time="37.639"/>
  <testcase name="F5_DialOut_fxo" classname="com.yeastar.swebtest.testcase.DetailCase.pbxcase.IVR" time="41.644"/>
  <testcase name="F6_DialOut_bri" classname="com.yeastar.swebtest.testcase.DetailCase.pbxcase.IVR" time="37.585"/>
  <testcase name="F7_DialOut_e1" classname="com.yeastar.swebtest.testcase.DetailCase.pbxcase.IVR" time="0"/>
  <testcase name="F8_DialOut_gsm" classname="com.yeastar.swebtest.testcase.DetailCase.pbxcase.IVR" time="0"/>
  <testcase name="F9_DialOut_disable" classname="com.yeastar.swebtest.testcase.DetailCase.pbxcase.IVR" time="32.721"/>
  <testcase name="G1_voicemail_enable" classname="com.yeastar.swebtest.testcase.DetailCase.pbxcase.IVR" time="53.296"/>
  <testcase name="G2_voicemail_disable" classname="com.yeastar.swebtest.testcase.DetailCase.pbxcase.IVR" time="31.072"/>
  <testcase name="H_prompt" classname="com.yeastar.swebtest.testcase.DetailCase.pbxcase.IVR" time="105.938"/>
  <testcase name="I_delete" classname="com.yeastar.swebtest.testcase.DetailCase.pbxcase.IVR" time="64.16"/>
  <testcase name="J_recovery" classname="com.yeastar.swebtest.testcase.DetailCase.pbxcase.IVR" time="66.048"/>
  <testcase name="K_editInbound2" classname="com.yeastar.swebtest.testcase.DetailCase.pbxcase.IVR" time="34.507"/>
</testsuite>