<?xml version="1.0" encoding="UTF-8"?>
<!-- Generated by org.testng.reporters.JUnitReportReporter -->
<testsuite hostname="Yeastar-PC" name="com.yeastar.swebtest.testcase.smokecase.syscase.Maintain" tests="9" failures="0" timestamp="24 Aug 2017 10:31:51 GMT" time="106.796" errors="1">
  <testcase name="L_DeleteSystemLog" time="10.637" classname="com.yeastar.swebtest.testcase.smokecase.syscase.Maintain"/>
  <testcase name="M_DownloadSystemLog" time="6.173" classname="com.yeastar.swebtest.testcase.smokecase.syscase.Maintain"/>
  <testcase name="O_OperateLog" time="30.048" classname="com.yeastar.swebtest.testcase.smokecase.syscase.Maintain">
    <error type="java.lang.NullPointerException">
      <![CDATA[java.lang.NullPointerException
	at javax.imageio.ImageIO.write(ImageIO.java:1538)
	at com.yeastar.swebtest.tools.ScreenShot.screenShotAsFile(ScreenShot.java:48)
	at com.yeastar.swebtest.tools.ScreenShot.takeScreenshotByAll(ScreenShot.java:38)
	at com.yeastar.swebtest.tools.ysassert.YsAssert.fail(YsAssert.java:1083)
	at com.yeastar.swebtest.tools.ysassert.YsAssert.failNotEquals(YsAssert.java:579)
	at com.yeastar.swebtest.tools.ysassert.YsAssert.assertEqualsImpl(YsAssert.java:142)
	at com.yeastar.swebtest.tools.ysassert.YsAssert.assertEquals(YsAssert.java:116)
	at com.yeastar.swebtest.tools.ysassert.YsAssert.assertEquals(YsAssert.java:199)
	at com.yeastar.swebtest.tools.ysassert.YsAssert.assertEquals(YsAssert.java:210)
	at com.yeastar.swebtest.testcase.smokecase.syscase.Maintain.O_OperateLog(Maintain.java:194)
	at sun.reflect.NativeMethodAccessorImpl.invoke0(Native Method)
	at sun.reflect.NativeMethodAccessorImpl.invoke(NativeMethodAccessorImpl.java:62)
	at sun.reflect.DelegatingMethodAccessorImpl.invoke(DelegatingMethodAccessorImpl.java:43)
	at java.lang.reflect.Method.invoke(Method.java:498)
	at org.testng.internal.MethodInvocationHelper.invokeMethod(MethodInvocationHelper.java:85)
	at org.testng.internal.Invoker.invokeMethod(Invoker.java:639)
	at org.testng.internal.Invoker.invokeTestMethod(Invoker.java:816)
	at org.testng.internal.Invoker.invokeTestMethods(Invoker.java:1124)
	at org.testng.internal.TestMethodWorker.invokeTestMethods(TestMethodWorker.java:125)
	at org.testng.internal.TestMethodWorker.run(TestMethodWorker.java:108)
	at org.testng.TestRunner.privateRun(TestRunner.java:774)
	at org.testng.TestRunner.run(TestRunner.java:624)
	at org.testng.SuiteRunner.runTest(SuiteRunner.java:359)
	at org.testng.SuiteRunner.runSequentially(SuiteRunner.java:354)
	at org.testng.SuiteRunner.privateRun(SuiteRunner.java:312)
	at org.testng.SuiteRunner.run(SuiteRunner.java:261)
	at org.testng.SuiteRunnerWorker.runSuite(SuiteRunnerWorker.java:52)
	at org.testng.SuiteRunnerWorker.run(SuiteRunnerWorker.java:86)
	at org.testng.TestNG.runSuitesSequentially(TestNG.java:1215)
	at org.testng.TestNG.runSuitesLocally(TestNG.java:1140)
	at org.testng.TestNG.run(TestNG.java:1048)
	at org.apache.maven.surefire.testng.TestNGExecutor.run(TestNGExecutor.java:293)
	at org.apache.maven.surefire.testng.TestNGXmlTestSuite.execute(TestNGXmlTestSuite.java:84)
	at org.apache.maven.surefire.testng.TestNGProvider.invoke(TestNGProvider.java:91)
	at org.apache.maven.surefire.booter.ForkedBooter.invokeProviderInSameClassLoader(ForkedBooter.java:200)
	at org.apache.maven.surefire.booter.ForkedBooter.runSuitesInProcess(ForkedBooter.java:153)
	at org.apache.maven.surefire.booter.ForkedBooter.main(ForkedBooter.java:103)
]]>
    </error>
  </testcase> <!-- O_OperateLog -->
  <testcase name="A_BackupRestore" time="13.676" classname="com.yeastar.swebtest.testcase.smokecase.syscase.Maintain"/>
  <testcase name="B_DownloadBackUptar" time="6.227" classname="com.yeastar.swebtest.testcase.smokecase.syscase.Maintain"/>
  <testcase name="N_DeleteAllSystemLog" time="15.087" classname="com.yeastar.swebtest.testcase.smokecase.syscase.Maintain"/>
  <testcase name="H_BackupSchedule" time="7.629" classname="com.yeastar.swebtest.testcase.smokecase.syscase.Maintain"/>
  <testcase name="E_DeleteBackUp" time="17.319" classname="com.yeastar.swebtest.testcase.smokecase.syscase.Maintain"/>
  <testcase name="F_UploadBackUp" time="0.000" classname="com.yeastar.swebtest.testcase.smokecase.syscase.Maintain"/>
</testsuite> <!-- com.yeastar.swebtest.testcase.smokecase.syscase.Maintain -->
