<?xml version="1.0" encoding="UTF-8"?>
<!-- Generated by org.testng.reporters.JUnitReportReporter -->
<testsuite hostname="Yeastar-PC" name="com.yeastar.swebtest.testcase.smokecase.syscase.UserPermission" tests="7" failures="0" timestamp="24 Aug 2017 10:31:51 GMT" time="93.600" errors="0">
  <testcase name="F_CheckUserPerssion" time="3.241" classname="com.yeastar.swebtest.testcase.smokecase.syscase.UserPermission"/>
  <testcase name="E_Delete" time="11.104" classname="com.yeastar.swebtest.testcase.smokecase.syscase.UserPermission"/>
  <testcase name="B_CheckUserPermisson" time="3.660" classname="com.yeastar.swebtest.testcase.smokecase.syscase.UserPermission"/>
  <testcase name="G_DeleteAll" time="11.174" classname="com.yeastar.swebtest.testcase.smokecase.syscase.UserPermission"/>
  <testcase name="D_CheckUserPerssion" time="5.712" classname="com.yeastar.swebtest.testcase.smokecase.syscase.UserPermission"/>
  <testcase name="A_AddUserPermissionAdmin" time="21.531" classname="com.yeastar.swebtest.testcase.smokecase.syscase.UserPermission"/>
  <testcase name="C_AddUserPermissionCustom" time="37.178" classname="com.yeastar.swebtest.testcase.smokecase.syscase.UserPermission"/>
</testsuite> <!-- com.yeastar.swebtest.testcase.smokecase.syscase.UserPermission -->
