<?xml version="1.0" encoding="UTF-8"?>
<!-- Generated by org.testng.reporters.JUnitReportReporter -->
<testsuite hostname="Yeastar-PC" name="com.yeastar.swebtest.testcase.smokecase.pbxcase.DeleteAll" tests="22" failures="0" timestamp="24 Aug 2017 10:31:51 GMT" time="486.694" errors="0">
  <testcase name="I_PickupGroup" time="10.390" classname="com.yeastar.swebtest.testcase.smokecase.pbxcase.DeleteAll"/>
  <testcase name="B_IVR" time="27.855" classname="com.yeastar.swebtest.testcase.smokecase.pbxcase.DeleteAll"/>
  <testcase name="F_Queue" time="39.535" classname="com.yeastar.swebtest.testcase.smokecase.pbxcase.DeleteAll"/>
  <testcase name="G_Conference" time="10.480" classname="com.yeastar.swebtest.testcase.smokecase.pbxcase.DeleteAll"/>
  <testcase name="V_InboundRoutes" time="10.547" classname="com.yeastar.swebtest.testcase.smokecase.pbxcase.DeleteAll"/>
  <testcase name="K_PagingIntercom" time="10.422" classname="com.yeastar.swebtest.testcase.smokecase.pbxcase.DeleteAll"/>
  <testcase name="R_PINList" time="10.458" classname="com.yeastar.swebtest.testcase.smokecase.pbxcase.DeleteAll"/>
  <testcase name="E_Queue" time="10.631" classname="com.yeastar.swebtest.testcase.smokecase.pbxcase.DeleteAll"/>
  <testcase name="J_PickupGroup" time="39.670" classname="com.yeastar.swebtest.testcase.smokecase.pbxcase.DeleteAll"/>
  <testcase name="T_OutboundRoutes" time="12.514" classname="com.yeastar.swebtest.testcase.smokecase.pbxcase.DeleteAll"/>
  <testcase name="W_InboundRoutes" time="50.163" classname="com.yeastar.swebtest.testcase.smokecase.pbxcase.DeleteAll"/>
  <testcase name="M_CallBack" time="10.940" classname="com.yeastar.swebtest.testcase.smokecase.pbxcase.DeleteAll"/>
  <testcase name="N_CallBack" time="33.100" classname="com.yeastar.swebtest.testcase.smokecase.pbxcase.DeleteAll"/>
  <testcase name="O_Disa" time="10.394" classname="com.yeastar.swebtest.testcase.smokecase.pbxcase.DeleteAll"/>
  <testcase name="U_OutboundRoutes" time="30.527" classname="com.yeastar.swebtest.testcase.smokecase.pbxcase.DeleteAll"/>
  <testcase name="D_RingGroup" time="34.685" classname="com.yeastar.swebtest.testcase.smokecase.pbxcase.DeleteAll"/>
  <testcase name="L_PagingIntercom" time="22.231" classname="com.yeastar.swebtest.testcase.smokecase.pbxcase.DeleteAll"/>
  <testcase name="P_Disa" time="44.555" classname="com.yeastar.swebtest.testcase.smokecase.pbxcase.DeleteAll"/>
  <testcase name="S_PINList" time="24.913" classname="com.yeastar.swebtest.testcase.smokecase.pbxcase.DeleteAll"/>
  <testcase name="H_Conferene" time="18.372" classname="com.yeastar.swebtest.testcase.smokecase.pbxcase.DeleteAll"/>
  <testcase name="C_RingGroup" time="10.456" classname="com.yeastar.swebtest.testcase.smokecase.pbxcase.DeleteAll"/>
  <testcase name="A_IVR" time="13.856" classname="com.yeastar.swebtest.testcase.smokecase.pbxcase.DeleteAll"/>
</testsuite> <!-- com.yeastar.swebtest.testcase.smokecase.pbxcase.DeleteAll -->
