<?xml version="1.0" encoding="UTF-8"?>
<!-- Generated by org.testng.reporters.JUnitReportReporter -->
<testsuite hostname="Yeastar-PC" name="com.yeastar.swebtest.testcase.smokecase.pbxcase.CallControl" tests="5" failures="0" timestamp="24 Aug 2017 10:31:51 GMT" time="145.359" errors="0">
  <testcase name="D_DeleteViewAutoCLIP" time="11.856" classname="com.yeastar.swebtest.testcase.smokecase.pbxcase.CallControl"/>
  <testcase name="B_CallBri" time="26.579" classname="com.yeastar.swebtest.testcase.smokecase.pbxcase.CallControl"/>
  <testcase name="C_CallBri" time="24.035" classname="com.yeastar.swebtest.testcase.smokecase.pbxcase.CallControl"/>
  <testcase name="A_AutoCLIP" time="71.264" classname="com.yeastar.swebtest.testcase.smokecase.pbxcase.CallControl"/>
  <testcase name="E_CallBri" time="11.625" classname="com.yeastar.swebtest.testcase.smokecase.pbxcase.CallControl"/>
</testsuite> <!-- com.yeastar.swebtest.testcase.smokecase.pbxcase.CallControl -->
