<?xml version="1.0" encoding="UTF-8"?>
<!-- Generated by org.testng.reporters.JUnitReportReporter -->
<testsuite hostname="Yeastar-PC" name="com.yeastar.swebtest.testcase.smokecase.syscase.Network" tests="2" failures="0" timestamp="24 Aug 2017 10:31:51 GMT" time="138.889" errors="0">
  <testcase name="B_DualSetting" time="23.735" classname="com.yeastar.swebtest.testcase.smokecase.syscase.Network"/>
  <testcase name="A_DualSetting" time="115.154" classname="com.yeastar.swebtest.testcase.smokecase.syscase.Network"/>
</testsuite> <!-- com.yeastar.swebtest.testcase.smokecase.syscase.Network -->
