<?xml version="1.0" encoding="UTF-8"?>
<!-- Generated by org.testng.reporters.JUnitReportReporter -->
<testsuite hostname="Yeastar-PC" name="com.yeastar.swebtest.testcase.CheckToTest" tests="1" failures="0" timestamp="24 Aug 2017 10:31:51 GMT" time="82.808" errors="0">
  <testcase name="CleanExtensions" time="82.808" classname="com.yeastar.swebtest.testcase.CheckToTest"/>
</testsuite> <!-- com.yeastar.swebtest.testcase.CheckToTest -->
