<?xml version="1.0" encoding="UTF-8"?>
<!-- Generated by org.testng.reporters.JUnitReportReporter -->
<testsuite hostname="Yeastar-PC" name="com.yeastar.swebtest.testcase.smokecase.pbxcase.FeatureCode" tests="6" failures="0" timestamp="24 Aug 2017 10:31:51 GMT" time="379.708" errors="0">
  <testcase name="J_CallParking" time="72.973" classname="com.yeastar.swebtest.testcase.smokecase.pbxcase.FeatureCode"/>
  <testcase name="K_CallParking" time="85.452" classname="com.yeastar.swebtest.testcase.smokecase.pbxcase.FeatureCode"/>
  <testcase name="H_CallPickup" time="49.044" classname="com.yeastar.swebtest.testcase.smokecase.pbxcase.FeatureCode"/>
  <testcase name="I_CallPickup" time="46.435" classname="com.yeastar.swebtest.testcase.smokecase.pbxcase.FeatureCode"/>
  <testcase name="F_Transfer" time="66.319" classname="com.yeastar.swebtest.testcase.smokecase.pbxcase.FeatureCode"/>
  <testcase name="G_Transfer" time="59.485" classname="com.yeastar.swebtest.testcase.smokecase.pbxcase.FeatureCode"/>
</testsuite> <!-- com.yeastar.swebtest.testcase.smokecase.pbxcase.FeatureCode -->
