<?xml version="1.0" encoding="UTF-8"?>
<!-- Generated by org.testng.reporters.JUnitReportReporter -->
<testsuite hostname="Yeastar-PC" name="com.yeastar.swebtest.testcase.smokecase.pbxcase.Storage" tests="5" failures="0" timestamp="24 Aug 2017 10:31:51 GMT" time="52.889" errors="0">
  <testcase name="B_AddNetworkDrive" time="12.335" classname="com.yeastar.swebtest.testcase.smokecase.pbxcase.Storage"/>
  <testcase name="C_SetFileShare" time="0.343" classname="com.yeastar.swebtest.testcase.smokecase.pbxcase.Storage"/>
  <testcase name="E_Recording_Settings" time="22.631" classname="com.yeastar.swebtest.testcase.smokecase.pbxcase.Storage"/>
  <testcase name="D_StorageLocations" time="4.375" classname="com.yeastar.swebtest.testcase.smokecase.pbxcase.Storage"/>
  <testcase name="A_JudgeStorage" time="13.205" classname="com.yeastar.swebtest.testcase.smokecase.pbxcase.Storage"/>
</testsuite> <!-- com.yeastar.swebtest.testcase.smokecase.pbxcase.Storage -->
