<?xml version="1.0" encoding="UTF-8"?>
<!-- Generated by org.testng.reporters.JUnitReportReporter -->
<testsuite hostname="Yeastar-PC" name="com.yeastar.swebtest.testcase.smokecase.syscase.EventCenter" tests="7" failures="0" timestamp="24 Aug 2017 10:31:51 GMT" time="104.298" errors="0">
  <testcase name="B_EventSettings" time="6.305" classname="com.yeastar.swebtest.testcase.smokecase.syscase.EventCenter"/>
  <testcase name="G_CheckLog" time="11.850" classname="com.yeastar.swebtest.testcase.smokecase.syscase.EventCenter"/>
  <testcase name="E_DeleteNotification" time="8.240" classname="com.yeastar.swebtest.testcase.smokecase.syscase.EventCenter"/>
  <testcase name="F_CheckLog" time="22.916" classname="com.yeastar.swebtest.testcase.smokecase.syscase.EventCenter"/>
  <testcase name="D_CheckEventLog" time="11.799" classname="com.yeastar.swebtest.testcase.smokecase.syscase.EventCenter"/>
  <testcase name="C_Answer" time="24.657" classname="com.yeastar.swebtest.testcase.smokecase.syscase.EventCenter"/>
  <testcase name="A_AddContact" time="18.531" classname="com.yeastar.swebtest.testcase.smokecase.syscase.EventCenter"/>
</testsuite> <!-- com.yeastar.swebtest.testcase.smokecase.syscase.EventCenter -->
