<?xml version="1.0" encoding="UTF-8"?>
<!-- Generated by org.testng.reporters.JUnitReportReporter -->
<testsuite hostname="Yeastar-PC" name="com.yeastar.swebtest.testcase.smokecase.pbxcase.FileShare_CDR" tests="11" failures="0" timestamp="24 Aug 2017 10:31:51 GMT" time="225.221" errors="0">
  <testcase name="G_DeleteallCDR" time="0.213" classname="com.yeastar.swebtest.testcase.smokecase.pbxcase.FileShare_CDR"/>
  <testcase name="J_DownloaderPrompt" time="28.800" classname="com.yeastar.swebtest.testcase.smokecase.pbxcase.FileShare_CDR"/>
  <testcase name="F_Downloader" time="23.644" classname="com.yeastar.swebtest.testcase.smokecase.pbxcase.FileShare_CDR"/>
  <testcase name="A_FileShare" time="0.000" classname="com.yeastar.swebtest.testcase.smokecase.pbxcase.FileShare_CDR"/>
  <testcase name="I_Me_CDRRecording" time="26.994" classname="com.yeastar.swebtest.testcase.smokecase.pbxcase.FileShare_CDR"/>
  <testcase name="H_PromprPreference" time="70.927" classname="com.yeastar.swebtest.testcase.smokecase.pbxcase.FileShare_CDR"/>
  <testcase name="K_DeleteSharetest" time="23.104" classname="com.yeastar.swebtest.testcase.smokecase.pbxcase.FileShare_CDR"/>
  <testcase name="D_Recording" time="0.204" classname="com.yeastar.swebtest.testcase.smokecase.pbxcase.FileShare_CDR"/>
  <testcase name="C_DownloadCDR" time="0.212" classname="com.yeastar.swebtest.testcase.smokecase.pbxcase.FileShare_CDR"/>
  <testcase name="E_RecordingPlay" time="39.786" classname="com.yeastar.swebtest.testcase.smokecase.pbxcase.FileShare_CDR"/>
  <testcase name="B_DelCdr" time="11.337" classname="com.yeastar.swebtest.testcase.smokecase.pbxcase.FileShare_CDR"/>
</testsuite> <!-- com.yeastar.swebtest.testcase.smokecase.pbxcase.FileShare_CDR -->
