<?xml version="1.0" encoding="UTF-8"?>
<!-- Generated by org.testng.reporters.JUnitReportReporter -->
<testsuite hostname="Yeastar-PC" name="com.yeastar.swebtest.testcase.smokecase.pbxcase.CallFunction" tests="25" failures="1" timestamp="24 Aug 2017 10:31:51 GMT" time="643.183" errors="0">
  <testcase name="N_DeleteTest1Sps" time="21.546" classname="com.yeastar.swebtest.testcase.smokecase.pbxcase.CallFunction"/>
  <testcase name="K_DelAllWhitelist" time="22.404" classname="com.yeastar.swebtest.testcase.smokecase.pbxcase.CallFunction"/>
  <testcase name="V_OnlyWhitelistCheck" time="7.198" classname="com.yeastar.swebtest.testcase.smokecase.pbxcase.CallFunction"/>
  <testcase name="H_DelWhitelist" time="21.058" classname="com.yeastar.swebtest.testcase.smokecase.pbxcase.CallFunction"/>
  <testcase name="Y_ExportSpeedDial" time="0.745" classname="com.yeastar.swebtest.testcase.smokecase.pbxcase.CallFunction"/>
  <testcase name="E_ImportBlacklist" time="11.267" classname="com.yeastar.swebtest.testcase.smokecase.pbxcase.CallFunction"/>
  <testcase name="L_ExtensionPage" time="40.669" classname="com.yeastar.swebtest.testcase.smokecase.pbxcase.CallFunction"/>
  <testcase name="a_ImportSpeedDial" time="11.596" classname="com.yeastar.swebtest.testcase.smokecase.pbxcase.CallFunction"/>
  <testcase name="P_ExtensionWhitelist" time="37.598" classname="com.yeastar.swebtest.testcase.smokecase.pbxcase.CallFunction"/>
  <testcase name="J_DelAllBlacklist" time="14.413" classname="com.yeastar.swebtest.testcase.smokecase.pbxcase.CallFunction"/>
  <testcase name="U_WhitelistDeleteAll" time="22.574" classname="com.yeastar.swebtest.testcase.smokecase.pbxcase.CallFunction"/>
  <testcase name="F_AddWhitelist" time="58.052" classname="com.yeastar.swebtest.testcase.smokecase.pbxcase.CallFunction"/>
  <testcase name="I_ImportWhitelist" time="11.042" classname="com.yeastar.swebtest.testcase.smokecase.pbxcase.CallFunction"/>
  <testcase name="S_WhiteImport" time="10.918" classname="com.yeastar.swebtest.testcase.smokecase.pbxcase.CallFunction"/>
  <testcase name="Z_DeleteSpeedDial" time="42.565" classname="com.yeastar.swebtest.testcase.smokecase.pbxcase.CallFunction"/>
  <testcase name="W_OnlyWhitelistUnCheck" time="6.807" classname="com.yeastar.swebtest.testcase.smokecase.pbxcase.CallFunction"/>
  <testcase name="C_ExportBlacklist" time="1.107" classname="com.yeastar.swebtest.testcase.smokecase.pbxcase.CallFunction"/>
  <testcase name="X_AddSpeedDial" time="69.201" classname="com.yeastar.swebtest.testcase.smokecase.pbxcase.CallFunction">
    <failure type="java.lang.AssertionError" message="CDR被叫方检测 【预期：902000 实际：902000 [902000]】">
      <![CDATA[java.lang.AssertionError: CDR被叫方检测 【预期：902000 实际：902000 [902000]】
	at com.yeastar.swebtest.tools.ysassert.YsAssert.fail(YsAssert.java:1086)
	at com.yeastar.swebtest.tools.ysassert.YsAssert.failNotEquals(YsAssert.java:579)
	at com.yeastar.swebtest.tools.ysassert.YsAssert.assertEqualsImpl(YsAssert.java:142)
	at com.yeastar.swebtest.tools.ysassert.YsAssert.assertEquals(YsAssert.java:116)
	at com.yeastar.swebtest.tools.ysassert.YsAssert.assertEquals(YsAssert.java:199)
	at com.yeastar.swebtest.driver.YSMethod.YS_Extension.checkCDR(YS_Extension.java:285)
	at com.yeastar.swebtest.testcase.smokecase.pbxcase.CallFunction.X_AddSpeedDial(CallFunction.java:426)
	at sun.reflect.NativeMethodAccessorImpl.invoke0(Native Method)
	at sun.reflect.NativeMethodAccessorImpl.invoke(NativeMethodAccessorImpl.java:62)
	at sun.reflect.DelegatingMethodAccessorImpl.invoke(DelegatingMethodAccessorImpl.java:43)
	at java.lang.reflect.Method.invoke(Method.java:498)
	at org.testng.internal.MethodInvocationHelper.invokeMethod(MethodInvocationHelper.java:85)
	at org.testng.internal.Invoker.invokeMethod(Invoker.java:639)
	at org.testng.internal.Invoker.invokeTestMethod(Invoker.java:816)
	at org.testng.internal.Invoker.invokeTestMethods(Invoker.java:1124)
	at org.testng.internal.TestMethodWorker.invokeTestMethods(TestMethodWorker.java:125)
	at org.testng.internal.TestMethodWorker.run(TestMethodWorker.java:108)
	at org.testng.TestRunner.privateRun(TestRunner.java:774)
	at org.testng.TestRunner.run(TestRunner.java:624)
	at org.testng.SuiteRunner.runTest(SuiteRunner.java:359)
	at org.testng.SuiteRunner.runSequentially(SuiteRunner.java:354)
	at org.testng.SuiteRunner.privateRun(SuiteRunner.java:312)
	at org.testng.SuiteRunner.run(SuiteRunner.java:261)
	at org.testng.SuiteRunnerWorker.runSuite(SuiteRunnerWorker.java:52)
	at org.testng.SuiteRunnerWorker.run(SuiteRunnerWorker.java:86)
	at org.testng.TestNG.runSuitesSequentially(TestNG.java:1215)
	at org.testng.TestNG.runSuitesLocally(TestNG.java:1140)
	at org.testng.TestNG.run(TestNG.java:1048)
	at org.apache.maven.surefire.testng.TestNGExecutor.run(TestNGExecutor.java:293)
	at org.apache.maven.surefire.testng.TestNGXmlTestSuite.execute(TestNGXmlTestSuite.java:84)
	at org.apache.maven.surefire.testng.TestNGProvider.invoke(TestNGProvider.java:91)
	at org.apache.maven.surefire.booter.ForkedBooter.invokeProviderInSameClassLoader(ForkedBooter.java:200)
	at org.apache.maven.surefire.booter.ForkedBooter.runSuitesInProcess(ForkedBooter.java:153)
	at org.apache.maven.surefire.booter.ForkedBooter.main(ForkedBooter.java:103)
]]>
    </failure>
  </testcase> <!-- X_AddSpeedDial -->
  <testcase name="A_PagingIntercom" time="42.848" classname="com.yeastar.swebtest.testcase.smokecase.pbxcase.CallFunction"/>
  <testcase name="b_DeleteAllSpeedDial" time="30.577" classname="com.yeastar.swebtest.testcase.smokecase.pbxcase.CallFunction"/>
  <testcase name="T_BlacklistDeleteAll" time="22.255" classname="com.yeastar.swebtest.testcase.smokecase.pbxcase.CallFunction"/>
  <testcase name="O_BlacklistImport" time="21.265" classname="com.yeastar.swebtest.testcase.smokecase.pbxcase.CallFunction"/>
  <testcase name="B_AddBlacklist" time="50.772" classname="com.yeastar.swebtest.testcase.smokecase.pbxcase.CallFunction"/>
  <testcase name="R_WhiteTest1Delete" time="12.414" classname="com.yeastar.swebtest.testcase.smokecase.pbxcase.CallFunction"/>
  <testcase name="D_DeleteBlacklist" time="52.292" classname="com.yeastar.swebtest.testcase.smokecase.pbxcase.CallFunction"/>
</testsuite> <!-- com.yeastar.swebtest.testcase.smokecase.pbxcase.CallFunction -->
