<?xml version="1.0" encoding="UTF-8"?>
<!-- Generated by org.testng.reporters.JUnitReportReporter -->
<testsuite hostname="Yeastar-PC" name="com.yeastar.swebtest.testcase.smokecase.syscase.Maintain" tests="9" failures="0" timestamp="30 Aug 2017 03:29:07 GMT" time="100.820" errors="0">
  <testcase name="F_UploadBackUp" time="0.000" classname="com.yeastar.swebtest.testcase.smokecase.syscase.Maintain"/>
  <testcase name="L_DeleteSystemLog" time="11.524" classname="com.yeastar.swebtest.testcase.smokecase.syscase.Maintain"/>
  <testcase name="H_BackupSchedule" time="7.496" classname="com.yeastar.swebtest.testcase.smokecase.syscase.Maintain"/>
  <testcase name="E_DeleteBackUp" time="17.477" classname="com.yeastar.swebtest.testcase.smokecase.syscase.Maintain"/>
  <testcase name="M_DownloadSystemLog" time="7.001" classname="com.yeastar.swebtest.testcase.smokecase.syscase.Maintain"/>
  <testcase name="B_DownloadBackUptar" time="6.131" classname="com.yeastar.swebtest.testcase.smokecase.syscase.Maintain"/>
  <testcase name="O_OperateLog" time="28.171" classname="com.yeastar.swebtest.testcase.smokecase.syscase.Maintain"/>
  <testcase name="A_BackupRestore" time="15.772" classname="com.yeastar.swebtest.testcase.smokecase.syscase.Maintain"/>
  <testcase name="N_DeleteAllSystemLog" time="7.248" classname="com.yeastar.swebtest.testcase.smokecase.syscase.Maintain"/>
</testsuite> <!-- com.yeastar.swebtest.testcase.smokecase.syscase.Maintain -->
