<?xml version="1.0" encoding="UTF-8"?>
<!-- Generated by org.testng.reporters.JUnitReportReporter -->
<testsuite hostname="Yeastar-PC" name="com.yeastar.swebtest.testcase.smokecase.pbxcase.DeleteAll" tests="22" failures="0" timestamp="30 Aug 2017 03:29:07 GMT" time="483.514" errors="0">
  <testcase name="V_InboundRoutes" time="10.464" classname="com.yeastar.swebtest.testcase.smokecase.pbxcase.DeleteAll"/>
  <testcase name="I_PickupGroup" time="10.450" classname="com.yeastar.swebtest.testcase.smokecase.pbxcase.DeleteAll"/>
  <testcase name="U_OutboundRoutes" time="29.524" classname="com.yeastar.swebtest.testcase.smokecase.pbxcase.DeleteAll"/>
  <testcase name="T_OutboundRoutes" time="12.534" classname="com.yeastar.swebtest.testcase.smokecase.pbxcase.DeleteAll"/>
  <testcase name="P_Disa" time="44.464" classname="com.yeastar.swebtest.testcase.smokecase.pbxcase.DeleteAll"/>
  <testcase name="C_RingGroup" time="10.455" classname="com.yeastar.swebtest.testcase.smokecase.pbxcase.DeleteAll"/>
  <testcase name="B_IVR" time="27.832" classname="com.yeastar.swebtest.testcase.smokecase.pbxcase.DeleteAll"/>
  <testcase name="D_RingGroup" time="34.805" classname="com.yeastar.swebtest.testcase.smokecase.pbxcase.DeleteAll"/>
  <testcase name="A_IVR" time="13.585" classname="com.yeastar.swebtest.testcase.smokecase.pbxcase.DeleteAll"/>
  <testcase name="F_Queue" time="39.184" classname="com.yeastar.swebtest.testcase.smokecase.pbxcase.DeleteAll"/>
  <testcase name="W_InboundRoutes" time="50.139" classname="com.yeastar.swebtest.testcase.smokecase.pbxcase.DeleteAll"/>
  <testcase name="K_PagingIntercom" time="10.435" classname="com.yeastar.swebtest.testcase.smokecase.pbxcase.DeleteAll"/>
  <testcase name="L_PagingIntercom" time="21.151" classname="com.yeastar.swebtest.testcase.smokecase.pbxcase.DeleteAll"/>
  <testcase name="R_PINList" time="10.418" classname="com.yeastar.swebtest.testcase.smokecase.pbxcase.DeleteAll"/>
  <testcase name="O_Disa" time="10.412" classname="com.yeastar.swebtest.testcase.smokecase.pbxcase.DeleteAll"/>
  <testcase name="N_CallBack" time="33.127" classname="com.yeastar.swebtest.testcase.smokecase.pbxcase.DeleteAll"/>
  <testcase name="J_PickupGroup" time="39.479" classname="com.yeastar.swebtest.testcase.smokecase.pbxcase.DeleteAll"/>
  <testcase name="H_Conferene" time="18.443" classname="com.yeastar.swebtest.testcase.smokecase.pbxcase.DeleteAll"/>
  <testcase name="G_Conference" time="10.443" classname="com.yeastar.swebtest.testcase.smokecase.pbxcase.DeleteAll"/>
  <testcase name="E_Queue" time="10.563" classname="com.yeastar.swebtest.testcase.smokecase.pbxcase.DeleteAll"/>
  <testcase name="S_PINList" time="24.837" classname="com.yeastar.swebtest.testcase.smokecase.pbxcase.DeleteAll"/>
  <testcase name="M_CallBack" time="10.770" classname="com.yeastar.swebtest.testcase.smokecase.pbxcase.DeleteAll"/>
</testsuite> <!-- com.yeastar.swebtest.testcase.smokecase.pbxcase.DeleteAll -->
