<?xml version="1.0" encoding="UTF-8"?>
<!-- Generated by org.testng.reporters.JUnitReportReporter -->
<testsuite hostname="Yeastar-PC" name="com.yeastar.swebtest.testcase.smokecase.pbxcase.CallControl" tests="5" failures="0" timestamp="30 Aug 2017 03:29:07 GMT" time="150.373" errors="0">
  <testcase name="B_CallBri" time="30.126" classname="com.yeastar.swebtest.testcase.smokecase.pbxcase.CallControl"/>
  <testcase name="C_CallBri" time="24.274" classname="com.yeastar.swebtest.testcase.smokecase.pbxcase.CallControl"/>
  <testcase name="D_DeleteViewAutoCLIP" time="11.958" classname="com.yeastar.swebtest.testcase.smokecase.pbxcase.CallControl"/>
  <testcase name="A_AutoCLIP" time="72.381" classname="com.yeastar.swebtest.testcase.smokecase.pbxcase.CallControl"/>
  <testcase name="E_CallBri" time="11.634" classname="com.yeastar.swebtest.testcase.smokecase.pbxcase.CallControl"/>
</testsuite> <!-- com.yeastar.swebtest.testcase.smokecase.pbxcase.CallControl -->
