<?xml version="1.0" encoding="UTF-8"?>
<!-- Generated by org.testng.reporters.JUnitReportReporter -->
<testsuite hostname="Yeastar-PC" name="com.yeastar.swebtest.testcase.CheckToTest" tests="1" failures="0" timestamp="30 Aug 2017 03:29:07 GMT" time="28.514" errors="0">
  <testcase name="CleanExtensions" time="28.514" classname="com.yeastar.swebtest.testcase.CheckToTest"/>
</testsuite> <!-- com.yeastar.swebtest.testcase.CheckToTest -->
