<?xml version="1.0" encoding="UTF-8"?>
<!-- Generated by org.testng.reporters.JUnitReportReporter -->
<testsuite hostname="Yeastar-PC" name="com.yeastar.swebtest.testcase.smokecase.syscase.Network" tests="2" failures="0" timestamp="30 Aug 2017 03:29:07 GMT" time="141.571" errors="0">
  <testcase name="A_DualSetting" time="115.197" classname="com.yeastar.swebtest.testcase.smokecase.syscase.Network"/>
  <testcase name="B_DualSetting" time="26.374" classname="com.yeastar.swebtest.testcase.smokecase.syscase.Network"/>
</testsuite> <!-- com.yeastar.swebtest.testcase.smokecase.syscase.Network -->
