<?xml version="1.0" encoding="UTF-8"?>
<!-- Generated by org.testng.reporters.JUnitReportReporter -->
<testsuite hostname="Yeastar-PC" name="com.yeastar.swebtest.testcase.smokecase.syscase.EventCenter" tests="7" failures="0" timestamp="30 Aug 2017 03:29:07 GMT" time="109.139" errors="0">
  <testcase name="D_CheckEventLog" time="12.896" classname="com.yeastar.swebtest.testcase.smokecase.syscase.EventCenter"/>
  <testcase name="C_Answer" time="25.641" classname="com.yeastar.swebtest.testcase.smokecase.syscase.EventCenter"/>
  <testcase name="G_CheckLog" time="13.077" classname="com.yeastar.swebtest.testcase.smokecase.syscase.EventCenter"/>
  <testcase name="A_AddContact" time="18.487" classname="com.yeastar.swebtest.testcase.smokecase.syscase.EventCenter"/>
  <testcase name="E_DeleteNotification" time="8.323" classname="com.yeastar.swebtest.testcase.smokecase.syscase.EventCenter"/>
  <testcase name="F_CheckLog" time="24.317" classname="com.yeastar.swebtest.testcase.smokecase.syscase.EventCenter"/>
  <testcase name="B_EventSettings" time="6.398" classname="com.yeastar.swebtest.testcase.smokecase.syscase.EventCenter"/>
</testsuite> <!-- com.yeastar.swebtest.testcase.smokecase.syscase.EventCenter -->
