<?xml version="1.0" encoding="UTF-8"?>
<!-- Generated by org.testng.reporters.JUnitReportReporter -->
<testsuite hostname="Yeastar-PC" name="com.yeastar.swebtest.testcase.smokecase.pbxcase.Storage" tests="5" failures="0" timestamp="30 Aug 2017 03:29:07 GMT" time="52.197" errors="0">
  <testcase name="C_SetFileShare" time="0.336" classname="com.yeastar.swebtest.testcase.smokecase.pbxcase.Storage"/>
  <testcase name="E_Recording_Settings" time="22.665" classname="com.yeastar.swebtest.testcase.smokecase.pbxcase.Storage"/>
  <testcase name="A_JudgeStorage" time="12.455" classname="com.yeastar.swebtest.testcase.smokecase.pbxcase.Storage"/>
  <testcase name="D_StorageLocations" time="4.330" classname="com.yeastar.swebtest.testcase.smokecase.pbxcase.Storage"/>
  <testcase name="B_AddNetworkDrive" time="12.411" classname="com.yeastar.swebtest.testcase.smokecase.pbxcase.Storage"/>
</testsuite> <!-- com.yeastar.swebtest.testcase.smokecase.pbxcase.Storage -->
