<?xml version="1.0" encoding="UTF-8"?>
<!-- Generated by org.testng.reporters.JUnitReportReporter -->
<testsuite hostname="Yeastar-PC" name="com.yeastar.swebtest.testcase.smokecase.pbxcase.CallFunction" tests="25" failures="1" timestamp="30 Aug 2017 03:29:07 GMT" time="657.188" errors="0">
  <testcase name="S_WhiteImport" time="10.908" classname="com.yeastar.swebtest.testcase.smokecase.pbxcase.CallFunction"/>
  <testcase name="Y_ExportSpeedDial" time="0.974" classname="com.yeastar.swebtest.testcase.smokecase.pbxcase.CallFunction"/>
  <testcase name="C_ExportBlacklist" time="1.035" classname="com.yeastar.swebtest.testcase.smokecase.pbxcase.CallFunction"/>
  <testcase name="X_AddSpeedDial" time="81.446" classname="com.yeastar.swebtest.testcase.smokecase.pbxcase.CallFunction">
    <failure type="java.lang.AssertionError" message="CDR呼叫方检测 【预期：1000 [1000] 实际：2000 [2000]】">
      <![CDATA[java.lang.AssertionError: CDR呼叫方检测 【预期：1000 [1000] 实际：2000 [2000]】
	at com.yeastar.swebtest.tools.ysassert.YsAssert.fail(YsAssert.java:1086)
	at com.yeastar.swebtest.tools.ysassert.YsAssert.failNotEquals(YsAssert.java:579)
	at com.yeastar.swebtest.tools.ysassert.YsAssert.assertEqualsImpl(YsAssert.java:142)
	at com.yeastar.swebtest.tools.ysassert.YsAssert.assertEquals(YsAssert.java:116)
	at com.yeastar.swebtest.tools.ysassert.YsAssert.assertEquals(YsAssert.java:199)
	at com.yeastar.swebtest.driver.YSMethod.YS_Extension.checkCDR(YS_Extension.java:284)
	at com.yeastar.swebtest.testcase.smokecase.pbxcase.CallFunction.X_AddSpeedDial(CallFunction.java:426)
	at sun.reflect.NativeMethodAccessorImpl.invoke0(Native Method)
	at sun.reflect.NativeMethodAccessorImpl.invoke(NativeMethodAccessorImpl.java:62)
	at sun.reflect.DelegatingMethodAccessorImpl.invoke(DelegatingMethodAccessorImpl.java:43)
	at java.lang.reflect.Method.invoke(Method.java:498)
	at org.testng.internal.MethodInvocationHelper.invokeMethod(MethodInvocationHelper.java:85)
	at org.testng.internal.Invoker.invokeMethod(Invoker.java:639)
	at org.testng.internal.Invoker.invokeTestMethod(Invoker.java:816)
	at org.testng.internal.Invoker.invokeTestMethods(Invoker.java:1124)
	at org.testng.internal.TestMethodWorker.invokeTestMethods(TestMethodWorker.java:125)
	at org.testng.internal.TestMethodWorker.run(TestMethodWorker.java:108)
	at org.testng.TestRunner.privateRun(TestRunner.java:774)
	at org.testng.TestRunner.run(TestRunner.java:624)
	at org.testng.SuiteRunner.runTest(SuiteRunner.java:359)
	at org.testng.SuiteRunner.runSequentially(SuiteRunner.java:354)
	at org.testng.SuiteRunner.privateRun(SuiteRunner.java:312)
	at org.testng.SuiteRunner.run(SuiteRunner.java:261)
	at org.testng.SuiteRunnerWorker.runSuite(SuiteRunnerWorker.java:52)
	at org.testng.SuiteRunnerWorker.run(SuiteRunnerWorker.java:86)
	at org.testng.TestNG.runSuitesSequentially(TestNG.java:1215)
	at org.testng.TestNG.runSuitesLocally(TestNG.java:1140)
	at org.testng.TestNG.run(TestNG.java:1048)
	at org.apache.maven.surefire.testng.TestNGExecutor.run(TestNGExecutor.java:293)
	at org.apache.maven.surefire.testng.TestNGXmlTestSuite.execute(TestNGXmlTestSuite.java:84)
	at org.apache.maven.surefire.testng.TestNGProvider.invoke(TestNGProvider.java:91)
	at org.apache.maven.surefire.booter.ForkedBooter.invokeProviderInSameClassLoader(ForkedBooter.java:200)
	at org.apache.maven.surefire.booter.ForkedBooter.runSuitesInProcess(ForkedBooter.java:153)
	at org.apache.maven.surefire.booter.ForkedBooter.main(ForkedBooter.java:103)
]]>
    </failure>
  </testcase> <!-- X_AddSpeedDial -->
  <testcase name="H_DelWhitelist" time="21.023" classname="com.yeastar.swebtest.testcase.smokecase.pbxcase.CallFunction"/>
  <testcase name="W_OnlyWhitelistUnCheck" time="6.774" classname="com.yeastar.swebtest.testcase.smokecase.pbxcase.CallFunction"/>
  <testcase name="O_BlacklistImport" time="21.211" classname="com.yeastar.swebtest.testcase.smokecase.pbxcase.CallFunction"/>
  <testcase name="R_WhiteTest1Delete" time="12.467" classname="com.yeastar.swebtest.testcase.smokecase.pbxcase.CallFunction"/>
  <testcase name="N_DeleteTest1Sps" time="21.387" classname="com.yeastar.swebtest.testcase.smokecase.pbxcase.CallFunction"/>
  <testcase name="K_DelAllWhitelist" time="22.470" classname="com.yeastar.swebtest.testcase.smokecase.pbxcase.CallFunction"/>
  <testcase name="B_AddBlacklist" time="51.469" classname="com.yeastar.swebtest.testcase.smokecase.pbxcase.CallFunction"/>
  <testcase name="E_ImportBlacklist" time="11.140" classname="com.yeastar.swebtest.testcase.smokecase.pbxcase.CallFunction"/>
  <testcase name="V_OnlyWhitelistCheck" time="7.232" classname="com.yeastar.swebtest.testcase.smokecase.pbxcase.CallFunction"/>
  <testcase name="F_AddWhitelist" time="57.957" classname="com.yeastar.swebtest.testcase.smokecase.pbxcase.CallFunction"/>
  <testcase name="I_ImportWhitelist" time="11.174" classname="com.yeastar.swebtest.testcase.smokecase.pbxcase.CallFunction"/>
  <testcase name="a_ImportSpeedDial" time="11.633" classname="com.yeastar.swebtest.testcase.smokecase.pbxcase.CallFunction"/>
  <testcase name="Z_DeleteSpeedDial" time="42.483" classname="com.yeastar.swebtest.testcase.smokecase.pbxcase.CallFunction"/>
  <testcase name="P_ExtensionWhitelist" time="39.293" classname="com.yeastar.swebtest.testcase.smokecase.pbxcase.CallFunction"/>
  <testcase name="L_ExtensionPage" time="39.646" classname="com.yeastar.swebtest.testcase.smokecase.pbxcase.CallFunction"/>
  <testcase name="b_DeleteAllSpeedDial" time="30.765" classname="com.yeastar.swebtest.testcase.smokecase.pbxcase.CallFunction"/>
  <testcase name="T_BlacklistDeleteAll" time="22.494" classname="com.yeastar.swebtest.testcase.smokecase.pbxcase.CallFunction"/>
  <testcase name="A_PagingIntercom" time="42.637" classname="com.yeastar.swebtest.testcase.smokecase.pbxcase.CallFunction"/>
  <testcase name="U_WhitelistDeleteAll" time="22.761" classname="com.yeastar.swebtest.testcase.smokecase.pbxcase.CallFunction"/>
  <testcase name="D_DeleteBlacklist" time="52.385" classname="com.yeastar.swebtest.testcase.smokecase.pbxcase.CallFunction"/>
  <testcase name="J_DelAllBlacklist" time="14.424" classname="com.yeastar.swebtest.testcase.smokecase.pbxcase.CallFunction"/>
</testsuite> <!-- com.yeastar.swebtest.testcase.smokecase.pbxcase.CallFunction -->
