<?xml version="1.0" encoding="UTF-8"?>
<!-- Generated by org.testng.reporters.JUnitReportReporter -->
<testsuite hostname="Yeastar-PC" name="com.yeastar.swebtest.testcase.smokecase.pbxcase.VoicePrompts" tests="13" failures="0" timestamp="30 Aug 2017 03:29:07 GMT" time="258.669" errors="0">
  <testcase name="F_SelectPlay1" time="17.245" classname="com.yeastar.swebtest.testcase.smokecase.pbxcase.VoicePrompts"/>
  <testcase name="M_DeleteAllCustom" time="15.344" classname="com.yeastar.swebtest.testcase.smokecase.pbxcase.VoicePrompts"/>
  <testcase name="E_UploadMusicOnHold" time="29.900" classname="com.yeastar.swebtest.testcase.smokecase.pbxcase.VoicePrompts"/>
  <testcase name="J_SelectCustomPromts" time="24.862" classname="com.yeastar.swebtest.testcase.smokecase.pbxcase.VoicePrompts"/>
  <testcase name="D_CreateNewPlaylist" time="15.565" classname="com.yeastar.swebtest.testcase.smokecase.pbxcase.VoicePrompts"/>
  <testcase name="B_MusicOnHold" time="17.287" classname="com.yeastar.swebtest.testcase.smokecase.pbxcase.VoicePrompts"/>
  <testcase name="I_UploadCustomPromts" time="21.107" classname="com.yeastar.swebtest.testcase.smokecase.pbxcase.VoicePrompts"/>
  <testcase name="A_SystemPrompt" time="45.018" classname="com.yeastar.swebtest.testcase.smokecase.pbxcase.VoicePrompts"/>
  <testcase name="K_DownloadCustom" time="6.340" classname="com.yeastar.swebtest.testcase.smokecase.pbxcase.VoicePrompts"/>
  <testcase name="H_RecordNew" time="34.367" classname="com.yeastar.swebtest.testcase.smokecase.pbxcase.VoicePrompts"/>
  <testcase name="G_DeleteMusicOnHold" time="9.507" classname="com.yeastar.swebtest.testcase.smokecase.pbxcase.VoicePrompts"/>
  <testcase name="C_DeleteMusicOnHold" time="15.979" classname="com.yeastar.swebtest.testcase.smokecase.pbxcase.VoicePrompts"/>
  <testcase name="L_DeleteCustom" time="6.148" classname="com.yeastar.swebtest.testcase.smokecase.pbxcase.VoicePrompts"/>
</testsuite> <!-- com.yeastar.swebtest.testcase.smokecase.pbxcase.VoicePrompts -->
