<?xml version="1.0" encoding="UTF-8"?>
<!-- Generated by org.testng.reporters.JUnitReportReporter -->
<testsuite hostname="Yeastar-PC" name="com.yeastar.swebtest.testcase.smokecase.pbxcase.CallFeature" tests="7" failures="0" timestamp="30 Aug 2017 03:29:07 GMT" time="102.407" errors="0">
  <testcase name="B_Queue" time="14.119" classname="com.yeastar.swebtest.testcase.smokecase.pbxcase.CallFeature"/>
  <testcase name="E_PagingIntercom" time="10.942" classname="com.yeastar.swebtest.testcase.smokecase.pbxcase.CallFeature"/>
  <testcase name="A_RingGroup" time="21.684" classname="com.yeastar.swebtest.testcase.smokecase.pbxcase.CallFeature"/>
  <testcase name="D_PickupGroup" time="16.344" classname="com.yeastar.swebtest.testcase.smokecase.pbxcase.CallFeature"/>
  <testcase name="F_PINList" time="14.093" classname="com.yeastar.swebtest.testcase.smokecase.pbxcase.CallFeature"/>
  <testcase name="C_Conference" time="6.332" classname="com.yeastar.swebtest.testcase.smokecase.pbxcase.CallFeature"/>
  <testcase name="F_CallBack" time="18.893" classname="com.yeastar.swebtest.testcase.smokecase.pbxcase.CallFeature"/>
</testsuite> <!-- com.yeastar.swebtest.testcase.smokecase.pbxcase.CallFeature -->
