<?xml version="1.0" encoding="UTF-8"?>
<!-- Generated by org.testng.reporters.JUnitReportReporter -->
<testsuite hostname="Yeastar-PC" name="com.yeastar.swebtest.testcase.smokecase.pbxcase.FeatureCode" tests="6" failures="0" timestamp="30 Aug 2017 03:29:07 GMT" time="379.320" errors="0">
  <testcase name="F_Transfer" time="66.302" classname="com.yeastar.swebtest.testcase.smokecase.pbxcase.FeatureCode"/>
  <testcase name="I_CallPickup" time="46.348" classname="com.yeastar.swebtest.testcase.smokecase.pbxcase.FeatureCode"/>
  <testcase name="H_CallPickup" time="48.962" classname="com.yeastar.swebtest.testcase.smokecase.pbxcase.FeatureCode"/>
  <testcase name="G_Transfer" time="59.527" classname="com.yeastar.swebtest.testcase.smokecase.pbxcase.FeatureCode"/>
  <testcase name="K_CallParking" time="82.927" classname="com.yeastar.swebtest.testcase.smokecase.pbxcase.FeatureCode"/>
  <testcase name="J_CallParking" time="75.254" classname="com.yeastar.swebtest.testcase.smokecase.pbxcase.FeatureCode"/>
</testsuite> <!-- com.yeastar.swebtest.testcase.smokecase.pbxcase.FeatureCode -->
