<?xml version="1.0" encoding="UTF-8"?>
<!-- Generated by org.testng.reporters.JUnitReportReporter -->
<testsuite hostname="Yeastar-PC" name="com.yeastar.swebtest.testcase.smokecase.syscase.Security" tests="2" failures="0" timestamp="30 Aug 2017 03:29:07 GMT" time="17.777" errors="0">
  <testcase name="C_ConnectToSSH" time="0.560" classname="com.yeastar.swebtest.testcase.smokecase.syscase.Security"/>
  <testcase name="B_SetService" time="17.217" classname="com.yeastar.swebtest.testcase.smokecase.syscase.Security"/>
</testsuite> <!-- com.yeastar.swebtest.testcase.smokecase.syscase.Security -->
