<?xml version="1.0" encoding="UTF-8"?>
<!-- Generated by org.testng.reporters.JUnitReportReporter -->
<testsuite hostname="Yeastar-PC" name="com.yeastar.swebtest.testcase.smokecase.pbxcase.FileShare_CDR" tests="11" failures="0" timestamp="30 Aug 2017 03:29:07 GMT" time="230.071" errors="0">
  <testcase name="G_DeleteallCDR" time="0.213" classname="com.yeastar.swebtest.testcase.smokecase.pbxcase.FileShare_CDR"/>
  <testcase name="H_PromprPreference" time="71.256" classname="com.yeastar.swebtest.testcase.smokecase.pbxcase.FileShare_CDR"/>
  <testcase name="C_DownloadCDR" time="0.567" classname="com.yeastar.swebtest.testcase.smokecase.pbxcase.FileShare_CDR"/>
  <testcase name="E_RecordingPlay" time="39.725" classname="com.yeastar.swebtest.testcase.smokecase.pbxcase.FileShare_CDR"/>
  <testcase name="I_Me_CDRRecording" time="29.480" classname="com.yeastar.swebtest.testcase.smokecase.pbxcase.FileShare_CDR"/>
  <testcase name="A_FileShare" time="0.000" classname="com.yeastar.swebtest.testcase.smokecase.pbxcase.FileShare_CDR"/>
  <testcase name="D_Recording" time="1.425" classname="com.yeastar.swebtest.testcase.smokecase.pbxcase.FileShare_CDR"/>
  <testcase name="K_DeleteSharetest" time="23.686" classname="com.yeastar.swebtest.testcase.smokecase.pbxcase.FileShare_CDR"/>
  <testcase name="J_DownloaderPrompt" time="28.975" classname="com.yeastar.swebtest.testcase.smokecase.pbxcase.FileShare_CDR"/>
  <testcase name="B_DelCdr" time="11.321" classname="com.yeastar.swebtest.testcase.smokecase.pbxcase.FileShare_CDR"/>
  <testcase name="F_Downloader" time="23.423" classname="com.yeastar.swebtest.testcase.smokecase.pbxcase.FileShare_CDR"/>
</testsuite> <!-- com.yeastar.swebtest.testcase.smokecase.pbxcase.FileShare_CDR -->
