<?xml version="1.0" encoding="UTF-8"?>
<testsuite name="TestSuite" time="398.653" tests="22" errors="0" skipped="0" failures="0">
  <properties>
    <property name="idea.version" value="2017.1.1"/>
    <property name="java.runtime.name" value="Java(TM) SE Runtime Environment"/>
    <property name="sun.boot.library.path" value="C:\Program Files (x86)\Java\jdk1.8.0_121\jre\bin"/>
    <property name="java.vm.version" value="25.121-b13"/>
    <property name="java.vm.vendor" value="Oracle Corporation"/>
    <property name="maven.multiModuleProjectDirectory" value="F:\MyProject\0GitProject\swebtest\SwebTest"/>
    <property name="java.vendor.url" value="http://java.oracle.com/"/>
    <property name="path.separator" value=";"/>
    <property name="guice.disable.misplaced.annotation.check" value="true"/>
    <property name="java.vm.name" value="Java HotSpot(TM) Client VM"/>
    <property name="file.encoding.pkg" value="sun.io"/>
    <property name="user.script" value=""/>
    <property name="user.country" value="CN"/>
    <property name="sun.java.launcher" value="SUN_STANDARD"/>
    <property name="sun.os.patch.level" value="Service Pack 1"/>
    <property name="java.vm.specification.name" value="Java Virtual Machine Specification"/>
    <property name="user.dir" value="F:\MyProject\0GitProject\swebtest\SwebTest"/>
    <property name="java.runtime.version" value="1.8.0_121-b13"/>
    <property name="java.awt.graphicsenv" value="sun.awt.Win32GraphicsEnvironment"/>
    <property name="java.endorsed.dirs" value="C:\Program Files (x86)\Java\jdk1.8.0_121\jre\lib\endorsed"/>
    <property name="os.arch" value="x86"/>
    <property name="java.io.tmpdir" value="C:\Users\Yeastar\AppData\Local\Temp\"/>
    <property name="line.separator" value="&#10;"/>
    <property name="java.vm.specification.vendor" value="Oracle Corporation"/>
    <property name="user.variant" value=""/>
    <property name="os.name" value="Windows 7"/>
    <property name="classworlds.conf" value="D:\JetBrains\IntelliJ IDEA 2017.1.1\plugins\maven\lib\maven3\bin\m2.conf"/>
    <property name="sun.jnu.encoding" value="GBK"/>
    <property name="java.library.path" value="C:\Program Files (x86)\Java\jdk1.8.0_121\bin;C:\Windows\Sun\Java\bin;C:\Windows\system32;C:\Windows;C:\Perl\site\bin;C:\Perl\bin;C:\ProgramData\Oracle\Java\javapath;C:\Windows\system32;C:\Windows;C:\Windows\System32\Wbem;C:\Windows\System32\WindowsPowerShell\v1.0\;C:\Program Files\TortoiseSVN\bin;D:\Qt\Qt5.5.1\5.5\mingw492_32\bin;D:\Microsoft SQL Server\120\Tools\Binn\;D:\Microsoft SQL Server\120\DTS\Binn\;D:\Microsoft SQL Server\Client SDK\ODBC\110\Tools\Binn\;D:\Microsoft SQL ServerX86\120\Tools\Binn\;D:\Microsoft SQL ServerX86\120\Tools\Binn\ManagementStudio\;D:\Microsoft SQL ServerX86\120\DTS\Binn\;C:\Program Files (x86)\Microsoft SQL Server\100\Tools\Binn\;C:\Program Files\Microsoft SQL Server\100\Tools\Binn\;C:\Program Files\Microsoft SQL Server\100\DTS\Binn\;D:\UltarEdit;C:\Program Files (x86)\Java\jdk1.8.0_121\bin;C:\Program Files (x86)\Java\jdk1.8.0_121\jre\bin;D:\Microsoft SQL Server\130\Tools\Binn\;C:\Program Files (x86)\Microsoft Visual Studio\Common\MSDev98\Bin;C:\Program Files (x86)\Microsoft Visual Studio 14.0\VC\bin;C:\windows\system32;C:\Program Files\Microsoft\Web Platform Installer\;C:\Program Files (x86)\Microsoft ASP.NET\ASP.NET Web Pages\v1.0\;C:\Program Files (x86)\Windows Kits\8.0\Windows Performance Toolkit\;D:\Microsoft SQL Server\110\Tools\Binn\;C:\Users\Yeastar\.dnx\bin;."/>
    <property name="java.specification.name" value="Java Platform API Specification"/>
    <property name="java.class.version" value="52.0"/>
    <property name="sun.management.compiler" value="HotSpot Client Compiler"/>
    <property name="os.version" value="6.1"/>
    <property name="user.home" value="C:\Users\Yeastar"/>
    <property name="user.timezone" value="Asia/Shanghai"/>
    <property name="java.awt.printerjob" value="sun.awt.windows.WPrinterJob"/>
    <property name="java.specification.version" value="1.8"/>
    <property name="file.encoding" value="UTF-8"/>
    <property name="user.name" value="Yeastar"/>
    <property name="java.class.path" value="D:\JetBrains\IntelliJ IDEA 2017.1.1\plugins\maven\lib\maven3\boot\plexus-classworlds-2.5.2.jar;D:\JetBrains\IntelliJ IDEA 2017.1.1\lib\idea_rt.jar"/>
    <property name="java.vm.specification.version" value="1.8"/>
    <property name="sun.arch.data.model" value="32"/>
    <property name="java.home" value="C:\Program Files (x86)\Java\jdk1.8.0_121\jre"/>
    <property name="sun.java.command" value="org.codehaus.classworlds.Launcher -Didea.version=2017.1.1 test"/>
    <property name="java.specification.vendor" value="Oracle Corporation"/>
    <property name="user.language" value="zh"/>
    <property name="awt.toolkit" value="sun.awt.windows.WToolkit"/>
    <property name="java.vm.info" value="mixed mode"/>
    <property name="java.version" value="1.8.0_121"/>
    <property name="java.ext.dirs" value="C:\Program Files (x86)\Java\jdk1.8.0_121\jre\lib\ext;C:\Windows\Sun\Java\lib\ext"/>
    <property name="sun.boot.class.path" value="C:\Program Files (x86)\Java\jdk1.8.0_121\jre\lib\resources.jar;C:\Program Files (x86)\Java\jdk1.8.0_121\jre\lib\rt.jar;C:\Program Files (x86)\Java\jdk1.8.0_121\jre\lib\sunrsasign.jar;C:\Program Files (x86)\Java\jdk1.8.0_121\jre\lib\jsse.jar;C:\Program Files (x86)\Java\jdk1.8.0_121\jre\lib\jce.jar;C:\Program Files (x86)\Java\jdk1.8.0_121\jre\lib\charsets.jar;C:\Program Files (x86)\Java\jdk1.8.0_121\jre\lib\jfr.jar;C:\Program Files (x86)\Java\jdk1.8.0_121\jre\classes"/>
    <property name="java.vendor" value="Oracle Corporation"/>
    <property name="maven.home" value="D:\JetBrains\IntelliJ IDEA 2017.1.1\plugins\maven\lib\maven3"/>
    <property name="file.separator" value="\"/>
    <property name="java.vendor.url.bug" value="http://bugreport.sun.com/bugreport/"/>
    <property name="sun.cpu.endian" value="little"/>
    <property name="sun.io.unicode.encoding" value="UnicodeLittle"/>
    <property name="sun.desktop" value="windows"/>
    <property name="sun.cpu.isalist" value="pentium_pro+mmx pentium_pro pentium+mmx pentium i486 i386 i86"/>
  </properties>
  <testcase name="A_DualSetting" classname="com.yeastar.swebtest.testcase.smokecase.syscase.Network" time="9.573"/>
  <testcase name="B_DualSetting" classname="com.yeastar.swebtest.testcase.smokecase.syscase.Network" time="24.741"/>
  <testcase name="B_SetService" classname="com.yeastar.swebtest.testcase.smokecase.syscase.Security" time="14.124"/>
  <testcase name="C_ConnectToSSH" classname="com.yeastar.swebtest.testcase.smokecase.syscase.Security" time="5.584"/>
  <testcase name="A_AddUserPermissionAdmin" classname="com.yeastar.swebtest.testcase.smokecase.syscase.UserPermission" time="21.575"/>
  <testcase name="B_CheckUserPermisson" classname="com.yeastar.swebtest.testcase.smokecase.syscase.UserPermission" time="3.655"/>
  <testcase name="C_AddUserPermissionCustom" classname="com.yeastar.swebtest.testcase.smokecase.syscase.UserPermission" time="36.713"/>
  <testcase name="D_CheckUserPerssion" classname="com.yeastar.swebtest.testcase.smokecase.syscase.UserPermission" time="5.77"/>
  <testcase name="E_Delete" classname="com.yeastar.swebtest.testcase.smokecase.syscase.UserPermission" time="10.885"/>
  <testcase name="F_CheckUserPerssion" classname="com.yeastar.swebtest.testcase.smokecase.syscase.UserPermission" time="3.065"/>
  <testcase name="G_DeleteAll" classname="com.yeastar.swebtest.testcase.smokecase.syscase.UserPermission" time="11.304"/>
  <testcase name="A_SetTimeZone" classname="com.yeastar.swebtest.testcase.smokecase.syscase.DateTime" time="117.344"/>
  <testcase name="B_CallTest" classname="com.yeastar.swebtest.testcase.smokecase.syscase.DateTime" time="45.382"/>
  <testcase name="A_BackupRestore" classname="com.yeastar.swebtest.testcase.smokecase.syscase.Maintain" time="15.46"/>
  <testcase name="B_DownloadBackUptar" classname="com.yeastar.swebtest.testcase.smokecase.syscase.Maintain" time="6.074"/>
  <testcase name="E_DeleteBackUp" classname="com.yeastar.swebtest.testcase.smokecase.syscase.Maintain" time="17.137"/>
  <testcase name="F_UploadBackUp" classname="com.yeastar.swebtest.testcase.smokecase.syscase.Maintain" time="0"/>
  <testcase name="H_BackupSchedule" classname="com.yeastar.swebtest.testcase.smokecase.syscase.Maintain" time="7.462"/>
  <testcase name="L_DeleteSystemLog" classname="com.yeastar.swebtest.testcase.smokecase.syscase.Maintain" time="1.34"/>
  <testcase name="M_DownloadSystemLog" classname="com.yeastar.swebtest.testcase.smokecase.syscase.Maintain" time="6.317"/>
  <testcase name="N_DeleteAllSystemLog" classname="com.yeastar.swebtest.testcase.smokecase.syscase.Maintain" time="7.231"/>
  <testcase name="O_OperateLog" classname="com.yeastar.swebtest.testcase.smokecase.syscase.Maintain" time="27.917"/>
</testsuite>