<?xml version="1.0" encoding="UTF-8"?>
<!-- Generated by org.testng.reporters.JUnitReportReporter -->
<testsuite hostname="Yeastar-PC" name="com.yeastar.swebtest.testcase.DetailCase.pbxcase.BeforeTest" tests="36" failures="0" timestamp="20 Apr 2018 01:18:00 GMT" time="1137.963" errors="0">
  <testcase name="A3_editExtenEmail1" time="22.108" classname="com.yeastar.swebtest.testcase.DetailCase.pbxcase.BeforeTest"/>
  <testcase name="E_addtrunk" time="40.139" classname="com.yeastar.swebtest.testcase.DetailCase.pbxcase.BeforeTest"/>
  <testcase name="B_addtrunk" time="42.890" classname="com.yeastar.swebtest.testcase.DetailCase.pbxcase.BeforeTest"/>
  <testcase name="A3_editExtenName2" time="28.616" classname="com.yeastar.swebtest.testcase.DetailCase.pbxcase.BeforeTest"/>
  <testcase name="C1_addtrunk" time="0.020" classname="com.yeastar.swebtest.testcase.DetailCase.pbxcase.BeforeTest"/>
  <testcase name="G_addOutRoute9" time="0.023" classname="com.yeastar.swebtest.testcase.DetailCase.pbxcase.BeforeTest"/>
  <testcase name="G_addOutRoute4" time="14.834" classname="com.yeastar.swebtest.testcase.DetailCase.pbxcase.BeforeTest"/>
  <testcase name="A4_addExtensionGroup" time="33.716" classname="com.yeastar.swebtest.testcase.DetailCase.pbxcase.BeforeTest"/>
  <testcase name="R_UserPermission" time="36.343" classname="com.yeastar.swebtest.testcase.DetailCase.pbxcase.BeforeTest"/>
  <testcase name="C_addtrunk" time="42.795" classname="com.yeastar.swebtest.testcase.DetailCase.pbxcase.BeforeTest"/>
  <testcase name="D_addtrunk" time="44.670" classname="com.yeastar.swebtest.testcase.DetailCase.pbxcase.BeforeTest"/>
  <testcase name="M_adddisa" time="37.685" classname="com.yeastar.swebtest.testcase.DetailCase.pbxcase.BeforeTest"/>
  <testcase name="O1_setRecord" time="9.359" classname="com.yeastar.swebtest.testcase.DetailCase.pbxcase.BeforeTest"/>
  <testcase name="G_addOutRoute3" time="14.677" classname="com.yeastar.swebtest.testcase.DetailCase.pbxcase.BeforeTest"/>
  <testcase name="A1_addExtension" time="78.546" classname="com.yeastar.swebtest.testcase.DetailCase.pbxcase.BeforeTest"/>
  <testcase name="Q_setAMI" time="19.188" classname="com.yeastar.swebtest.testcase.DetailCase.pbxcase.BeforeTest"/>
  <testcase name="A3_editExtenEmail2" time="31.155" classname="com.yeastar.swebtest.testcase.DetailCase.pbxcase.BeforeTest"/>
  <testcase name="B1_addtrunk" time="55.424" classname="com.yeastar.swebtest.testcase.DetailCase.pbxcase.BeforeTest"/>
  <testcase name="L_addcallback" time="40.138" classname="com.yeastar.swebtest.testcase.DetailCase.pbxcase.BeforeTest"/>
  <testcase name="G_addOutRoute8" time="0.024" classname="com.yeastar.swebtest.testcase.DetailCase.pbxcase.BeforeTest"/>
  <testcase name="J_addqueue" time="41.384" classname="com.yeastar.swebtest.testcase.DetailCase.pbxcase.BeforeTest"/>
  <testcase name="F_addInRoute" time="51.374" classname="com.yeastar.swebtest.testcase.DetailCase.pbxcase.BeforeTest"/>
  <testcase name="I_addringgroup" time="35.140" classname="com.yeastar.swebtest.testcase.DetailCase.pbxcase.BeforeTest"/>
  <testcase name="K_addconference" time="28.012" classname="com.yeastar.swebtest.testcase.DetailCase.pbxcase.BeforeTest"/>
  <testcase name="G_addOutRoute5" time="14.791" classname="com.yeastar.swebtest.testcase.DetailCase.pbxcase.BeforeTest"/>
  <testcase name="A2_editExtenName1" time="26.952" classname="com.yeastar.swebtest.testcase.DetailCase.pbxcase.BeforeTest"/>
  <testcase name="S_setSystemTime" time="121.689" classname="com.yeastar.swebtest.testcase.DetailCase.pbxcase.BeforeTest"/>
  <testcase name="G_addOutRoute6" time="16.777" classname="com.yeastar.swebtest.testcase.DetailCase.pbxcase.BeforeTest"/>
  <testcase name="G_addOutRoute7" time="0.025" classname="com.yeastar.swebtest.testcase.DetailCase.pbxcase.BeforeTest"/>
  <testcase name="O2_setRecord" time="48.360" classname="com.yeastar.swebtest.testcase.DetailCase.pbxcase.BeforeTest"/>
  <testcase name="P2_setCode" time="7.405" classname="com.yeastar.swebtest.testcase.DetailCase.pbxcase.BeforeTest"/>
  <testcase name="P1_setRegistrationTime" time="6.991" classname="com.yeastar.swebtest.testcase.DetailCase.pbxcase.BeforeTest"/>
  <testcase name="G_addOutRoute2" time="16.870" classname="com.yeastar.swebtest.testcase.DetailCase.pbxcase.BeforeTest"/>
  <testcase name="H_addivr" time="48.473" classname="com.yeastar.swebtest.testcase.DetailCase.pbxcase.BeforeTest"/>
  <testcase name="G_addOutRoute1" time="32.192" classname="com.yeastar.swebtest.testcase.DetailCase.pbxcase.BeforeTest"/>
  <testcase name="N_addPin" time="49.178" classname="com.yeastar.swebtest.testcase.DetailCase.pbxcase.BeforeTest"/>
</testsuite> <!-- com.yeastar.swebtest.testcase.DetailCase.pbxcase.BeforeTest -->
