<?xml version="1.0" encoding="UTF-8"?>
<!-- Generated by org.testng.reporters.JUnitReportReporter -->
<testsuite hostname="Yeastar-PC" name="com.yeastar.swebtest.testcase.DetailCase.pbxcase.Conference" tests="40" failures="0" timestamp="20 Apr 2018 01:18:00 GMT" time="1430.483" errors="0">
  <testcase name="F1_waitModerator" time="141.478" classname="com.yeastar.swebtest.testcase.DetailCase.pbxcase.Conference"/>
  <testcase name="Ca1_hangup_extension" time="27.562" classname="com.yeastar.swebtest.testcase.DetailCase.pbxcase.Conference"/>
  <testcase name="D1_Participant1" time="59.114" classname="com.yeastar.swebtest.testcase.DetailCase.pbxcase.Conference"/>
  <testcase name="K2_recovery" time="55.942" classname="com.yeastar.swebtest.testcase.DetailCase.pbxcase.Conference"/>
  <testcase name="C4_spx" time="25.938" classname="com.yeastar.swebtest.testcase.DetailCase.pbxcase.Conference"/>
  <testcase name="Ca6_hangup_fxo" time="21.339" classname="com.yeastar.swebtest.testcase.DetailCase.pbxcase.Conference"/>
  <testcase name="Ca9_hangup_gsm" time="0.015" classname="com.yeastar.swebtest.testcase.DetailCase.pbxcase.Conference"/>
  <testcase name="G1_ModeratorPassword" time="99.997" classname="com.yeastar.swebtest.testcase.DetailCase.pbxcase.Conference"/>
  <testcase name="B3_Apply" time="8.100" classname="com.yeastar.swebtest.testcase.DetailCase.pbxcase.Conference"/>
  <testcase name="A2_AddConferences" time="15.653" classname="com.yeastar.swebtest.testcase.DetailCase.pbxcase.Conference"/>
  <testcase name="C3_sip" time="31.653" classname="com.yeastar.swebtest.testcase.DetailCase.pbxcase.Conference"/>
  <testcase name="Ca2_hangup_sps" time="29.129" classname="com.yeastar.swebtest.testcase.DetailCase.pbxcase.Conference"/>
  <testcase name="A2_AddConferences" time="14.707" classname="com.yeastar.swebtest.testcase.DetailCase.pbxcase.Conference"/>
  <testcase name="Ca8_hangup_e1" time="0.017" classname="com.yeastar.swebtest.testcase.DetailCase.pbxcase.Conference"/>
  <testcase name="C6_fxo" time="26.218" classname="com.yeastar.swebtest.testcase.DetailCase.pbxcase.Conference"/>
  <testcase name="A1_Init" time="29.968" classname="com.yeastar.swebtest.testcase.DetailCase.pbxcase.Conference"/>
  <testcase name="A2_AddConferences" time="14.288" classname="com.yeastar.swebtest.testcase.DetailCase.pbxcase.Conference"/>
  <testcase name="D4_Participant4" time="144.329" classname="com.yeastar.swebtest.testcase.DetailCase.pbxcase.Conference"/>
  <testcase name="B2_AddInbound" time="30.648" classname="com.yeastar.swebtest.testcase.DetailCase.pbxcase.Conference"/>
  <testcase name="D3_Participant3" time="49.217" classname="com.yeastar.swebtest.testcase.DetailCase.pbxcase.Conference"/>
  <testcase name="Ca5_hangup_iax" time="21.341" classname="com.yeastar.swebtest.testcase.DetailCase.pbxcase.Conference"/>
  <testcase name="D2_Participant2" time="35.338" classname="com.yeastar.swebtest.testcase.DetailCase.pbxcase.Conference"/>
  <testcase name="C1_extension" time="31.951" classname="com.yeastar.swebtest.testcase.DetailCase.pbxcase.Conference"/>
  <testcase name="B2_AddInbound" time="30.681" classname="com.yeastar.swebtest.testcase.DetailCase.pbxcase.Conference"/>
  <testcase name="B2_AddInbound" time="29.548" classname="com.yeastar.swebtest.testcase.DetailCase.pbxcase.Conference"/>
  <testcase name="H1_AllowInvite" time="187.306" classname="com.yeastar.swebtest.testcase.DetailCase.pbxcase.Conference"/>
  <testcase name="C5_iax2" time="0.019" classname="com.yeastar.swebtest.testcase.DetailCase.pbxcase.Conference"/>
  <testcase name="Ca3_hangup_sip" time="29.097" classname="com.yeastar.swebtest.testcase.DetailCase.pbxcase.Conference"/>
  <testcase name="B1_AddInbound" time="19.900" classname="com.yeastar.swebtest.testcase.DetailCase.pbxcase.Conference"/>
  <testcase name="J1_delete" time="62.016" classname="com.yeastar.swebtest.testcase.DetailCase.pbxcase.Conference"/>
  <testcase name="C5_iax1" time="31.712" classname="com.yeastar.swebtest.testcase.DetailCase.pbxcase.Conference"/>
  <testcase name="C7_bri" time="25.880" classname="com.yeastar.swebtest.testcase.DetailCase.pbxcase.Conference"/>
  <testcase name="Ca4_hangup_spx" time="21.310" classname="com.yeastar.swebtest.testcase.DetailCase.pbxcase.Conference"/>
  <testcase name="E1_Prompt" time="0.014" classname="com.yeastar.swebtest.testcase.DetailCase.pbxcase.Conference"/>
  <testcase name="C9_gsm" time="0.015" classname="com.yeastar.swebtest.testcase.DetailCase.pbxcase.Conference"/>
  <testcase name="C8_e1" time="0.020" classname="com.yeastar.swebtest.testcase.DetailCase.pbxcase.Conference"/>
  <testcase name="Ca7_hangup_bri" time="21.296" classname="com.yeastar.swebtest.testcase.DetailCase.pbxcase.Conference"/>
  <testcase name="K1_recovery" time="25.920" classname="com.yeastar.swebtest.testcase.DetailCase.pbxcase.Conference"/>
  <testcase name="I1_menu" time="0.014" classname="com.yeastar.swebtest.testcase.DetailCase.pbxcase.Conference"/>
  <testcase name="C2_sps" time="31.793" classname="com.yeastar.swebtest.testcase.DetailCase.pbxcase.Conference"/>
</testsuite> <!-- com.yeastar.swebtest.testcase.DetailCase.pbxcase.Conference -->
