<?xml version="1.0" encoding="UTF-8"?>
<!-- Generated by org.testng.reporters.JUnitReportReporter -->
<testsuite hostname="Yeastar-PC" name="com.yeastar.swebtest.testcase.DetailCase.pbxcase.PickupGroup" tests="30" failures="1" timestamp="15 Oct 2018 15:52:52 GMT" time="737.445" errors="0">
  <testcase name="E2_pickup" time="32.941" classname="com.yeastar.swebtest.testcase.DetailCase.pbxcase.PickupGroup"/>
  <testcase name="C7_fxo" time="0.030" classname="com.yeastar.swebtest.testcase.DetailCase.pbxcase.PickupGroup"/>
  <testcase name="C4_sps" time="52.973" classname="com.yeastar.swebtest.testcase.DetailCase.pbxcase.PickupGroup"/>
  <testcase name="D3_queue" time="28.523" classname="com.yeastar.swebtest.testcase.DetailCase.pbxcase.PickupGroup">
    <failure type="java.lang.AssertionError" message="CDR被叫方检测 【预期：xlq [1103(pickup 6700(1103))] 实际：xlq [1103(pickup 6700(1105))]】">
      <![CDATA[java.lang.AssertionError: CDR被叫方检测 【预期：xlq [1103(pickup 6700(1103))] 实际：xlq [1103(pickup 6700(1105))]】
	at com.yeastar.swebtest.tools.ysassert.YsAssert.fail(YsAssert.java:1092)
	at com.yeastar.swebtest.tools.ysassert.YsAssert.failNotEquals(YsAssert.java:583)
	at com.yeastar.swebtest.tools.ysassert.YsAssert.assertEqualsImpl(YsAssert.java:146)
	at com.yeastar.swebtest.tools.ysassert.YsAssert.assertEquals(YsAssert.java:120)
	at com.yeastar.swebtest.tools.ysassert.YsAssert.assertEquals(YsAssert.java:203)
	at com.yeastar.swebtest.driver.YSMethod.YS_Extension.checkCDR(YS_Extension.java:289)
	at com.yeastar.swebtest.testcase.DetailCase.pbxcase.PickupGroup.D3_queue(PickupGroup.java:407)
	at sun.reflect.NativeMethodAccessorImpl.invoke0(Native Method)
	at sun.reflect.NativeMethodAccessorImpl.invoke(NativeMethodAccessorImpl.java:62)
	at sun.reflect.DelegatingMethodAccessorImpl.invoke(DelegatingMethodAccessorImpl.java:43)
	at java.lang.reflect.Method.invoke(Method.java:498)
	at org.testng.internal.MethodInvocationHelper.invokeMethod(MethodInvocationHelper.java:85)
	at org.testng.internal.Invoker.invokeMethod(Invoker.java:639)
	at org.testng.internal.Invoker.invokeTestMethod(Invoker.java:816)
	at org.testng.internal.Invoker.invokeTestMethods(Invoker.java:1124)
	at org.testng.internal.TestMethodWorker.invokeTestMethods(TestMethodWorker.java:125)
	at org.testng.internal.TestMethodWorker.run(TestMethodWorker.java:108)
	at org.testng.TestRunner.privateRun(TestRunner.java:774)
	at org.testng.TestRunner.run(TestRunner.java:624)
	at org.testng.SuiteRunner.runTest(SuiteRunner.java:359)
	at org.testng.SuiteRunner.runSequentially(SuiteRunner.java:354)
	at org.testng.SuiteRunner.privateRun(SuiteRunner.java:312)
	at org.testng.SuiteRunner.run(SuiteRunner.java:261)
	at org.testng.SuiteRunnerWorker.runSuite(SuiteRunnerWorker.java:52)
	at org.testng.SuiteRunnerWorker.run(SuiteRunnerWorker.java:86)
	at org.testng.TestNG.runSuitesSequentially(TestNG.java:1215)
	at org.testng.TestNG.runSuitesLocally(TestNG.java:1140)
	at org.testng.TestNG.run(TestNG.java:1048)
	at org.apache.maven.surefire.testng.TestNGExecutor.run(TestNGExecutor.java:293)
	at org.apache.maven.surefire.testng.TestNGXmlTestSuite.execute(TestNGXmlTestSuite.java:84)
	at org.apache.maven.surefire.testng.TestNGProvider.invoke(TestNGProvider.java:91)
	at org.apache.maven.surefire.booter.ForkedBooter.invokeProviderInSameClassLoader(ForkedBooter.java:200)
	at org.apache.maven.surefire.booter.ForkedBooter.runSuitesInProcess(ForkedBooter.java:153)
	at org.apache.maven.surefire.booter.ForkedBooter.main(ForkedBooter.java:103)
]]>
    </failure>
  </testcase> <!-- D3_queue -->
  <testcase name="F2_pickup" time="29.941" classname="com.yeastar.swebtest.testcase.DetailCase.pbxcase.PickupGroup"/>
  <testcase name="B1_AddPickupGroup1" time="14.068" classname="com.yeastar.swebtest.testcase.DetailCase.pbxcase.PickupGroup"/>
  <testcase name="Ca_gsm" time="0.040" classname="com.yeastar.swebtest.testcase.DetailCase.pbxcase.PickupGroup"/>
  <testcase name="C3_sip_04_2" time="52.788" classname="com.yeastar.swebtest.testcase.DetailCase.pbxcase.PickupGroup"/>
  <testcase name="G_recovery_featurecode" time="17.298" classname="com.yeastar.swebtest.testcase.DetailCase.pbxcase.PickupGroup"/>
  <testcase name="F1_edit_disablefeaturecode" time="22.185" classname="com.yeastar.swebtest.testcase.DetailCase.pbxcase.PickupGroup"/>
  <testcase name="A1_InitFeatureCode" time="10.535" classname="com.yeastar.swebtest.testcase.DetailCase.pbxcase.PickupGroup"/>
  <testcase name="B2_AddPickupGroup2" time="13.986" classname="com.yeastar.swebtest.testcase.DetailCase.pbxcase.PickupGroup"/>
  <testcase name="D2_ringgroup" time="33.814" classname="com.yeastar.swebtest.testcase.DetailCase.pbxcase.PickupGroup"/>
  <testcase name="Cb_fxs" time="0.017" classname="com.yeastar.swebtest.testcase.DetailCase.pbxcase.PickupGroup"/>
  <testcase name="C6_spx" time="0.028" classname="com.yeastar.swebtest.testcase.DetailCase.pbxcase.PickupGroup"/>
  <testcase name="C2_sip_4_1" time="29.325" classname="com.yeastar.swebtest.testcase.DetailCase.pbxcase.PickupGroup"/>
  <testcase name="C8_bri" time="0.041" classname="com.yeastar.swebtest.testcase.DetailCase.pbxcase.PickupGroup"/>
  <testcase name="D1_ivr" time="39.275" classname="com.yeastar.swebtest.testcase.DetailCase.pbxcase.PickupGroup"/>
  <testcase name="B4_apply" time="8.109" classname="com.yeastar.swebtest.testcase.DetailCase.pbxcase.PickupGroup"/>
  <testcase name="B3_EditPickupGroup1" time="0.033" classname="com.yeastar.swebtest.testcase.DetailCase.pbxcase.PickupGroup"/>
  <testcase name="E3_pickup_ex" time="32.810" classname="com.yeastar.swebtest.testcase.DetailCase.pbxcase.PickupGroup"/>
  <testcase name="G1_delete" time="60.671" classname="com.yeastar.swebtest.testcase.DetailCase.pbxcase.PickupGroup"/>
  <testcase name="C3_sip_04_1" time="52.747" classname="com.yeastar.swebtest.testcase.DetailCase.pbxcase.PickupGroup"/>
  <testcase name="C1_sip_4" time="53.977" classname="com.yeastar.swebtest.testcase.DetailCase.pbxcase.PickupGroup"/>
  <testcase name="C2_sip_4_2" time="52.853" classname="com.yeastar.swebtest.testcase.DetailCase.pbxcase.PickupGroup"/>
  <testcase name="C5_iax" time="0.047" classname="com.yeastar.swebtest.testcase.DetailCase.pbxcase.PickupGroup"/>
  <testcase name="C9_e1" time="0.016" classname="com.yeastar.swebtest.testcase.DetailCase.pbxcase.PickupGroup"/>
  <testcase name="A2_InitPickupGroup" time="43.183" classname="com.yeastar.swebtest.testcase.DetailCase.pbxcase.PickupGroup"/>
  <testcase name="F3_pickup_ex" time="32.881" classname="com.yeastar.swebtest.testcase.DetailCase.pbxcase.PickupGroup"/>
  <testcase name="E1_editfeaturecode" time="22.310" classname="com.yeastar.swebtest.testcase.DetailCase.pbxcase.PickupGroup"/>
</testsuite> <!-- com.yeastar.swebtest.testcase.DetailCase.pbxcase.PickupGroup -->
