<?xml version="1.0" encoding="UTF-8"?>
<!-- Generated by org.testng.reporters.JUnitReportReporter -->
<testsuite hostname="Yeastar-PC" name="com.yeastar.swebtest.testcase.DetailCase.pbxcase.Conference" tests="42" failures="0" timestamp="15 Oct 2018 15:52:52 GMT" time="1694.541" errors="0">
  <testcase name="Ca6_hangup_fxo" time="0.014" classname="com.yeastar.swebtest.testcase.DetailCase.pbxcase.Conference"/>
  <testcase name="F1_waitModerator" time="259.031" classname="com.yeastar.swebtest.testcase.DetailCase.pbxcase.Conference"/>
  <testcase name="B1_AddInbound" time="58.513" classname="com.yeastar.swebtest.testcase.DetailCase.pbxcase.Conference"/>
  <testcase name="B2_AddInbound" time="20.209" classname="com.yeastar.swebtest.testcase.DetailCase.pbxcase.Conference"/>
  <testcase name="Ca2_hangup_sps" time="32.178" classname="com.yeastar.swebtest.testcase.DetailCase.pbxcase.Conference"/>
  <testcase name="A2_AddConferences" time="13.157" classname="com.yeastar.swebtest.testcase.DetailCase.pbxcase.Conference"/>
  <testcase name="C4_spx" time="0.013" classname="com.yeastar.swebtest.testcase.DetailCase.pbxcase.Conference"/>
  <testcase name="Ca9_hangup_gsm" time="0.010" classname="com.yeastar.swebtest.testcase.DetailCase.pbxcase.Conference"/>
  <testcase name="C1_extension" time="31.941" classname="com.yeastar.swebtest.testcase.DetailCase.pbxcase.Conference"/>
  <testcase name="B3_Apply" time="8.123" classname="com.yeastar.swebtest.testcase.DetailCase.pbxcase.Conference"/>
  <testcase name="K2_recovery" time="84.639" classname="com.yeastar.swebtest.testcase.DetailCase.pbxcase.Conference"/>
  <testcase name="D1_Participant1" time="56.039" classname="com.yeastar.swebtest.testcase.DetailCase.pbxcase.Conference"/>
  <testcase name="A2_AddConferences" time="13.115" classname="com.yeastar.swebtest.testcase.DetailCase.pbxcase.Conference"/>
  <testcase name="I1_menu" time="0.020" classname="com.yeastar.swebtest.testcase.DetailCase.pbxcase.Conference"/>
  <testcase name="A2_AddConferences" time="14.465" classname="com.yeastar.swebtest.testcase.DetailCase.pbxcase.Conference"/>
  <testcase name="B4_backup" time="70.851" classname="com.yeastar.swebtest.testcase.DetailCase.pbxcase.Conference"/>
  <testcase name="K1_recovery" time="67.443" classname="com.yeastar.swebtest.testcase.DetailCase.pbxcase.Conference"/>
  <testcase name="D3_Participant3" time="49.351" classname="com.yeastar.swebtest.testcase.DetailCase.pbxcase.Conference"/>
  <testcase name="C2_sps" time="31.662" classname="com.yeastar.swebtest.testcase.DetailCase.pbxcase.Conference"/>
  <testcase name="C7_bri" time="0.021" classname="com.yeastar.swebtest.testcase.DetailCase.pbxcase.Conference"/>
  <testcase name="Ca5_hangup_iax" time="0.015" classname="com.yeastar.swebtest.testcase.DetailCase.pbxcase.Conference"/>
  <testcase name="D2_Participant2" time="35.014" classname="com.yeastar.swebtest.testcase.DetailCase.pbxcase.Conference"/>
  <testcase name="H1_AllowInvite" time="198.119" classname="com.yeastar.swebtest.testcase.DetailCase.pbxcase.Conference"/>
  <testcase name="C5_iax2" time="0.040" classname="com.yeastar.swebtest.testcase.DetailCase.pbxcase.Conference"/>
  <testcase name="G1_ModeratorPassword" time="243.170" classname="com.yeastar.swebtest.testcase.DetailCase.pbxcase.Conference"/>
  <testcase name="Ca4_hangup_spx" time="0.018" classname="com.yeastar.swebtest.testcase.DetailCase.pbxcase.Conference"/>
  <testcase name="C9_gsm" time="0.010" classname="com.yeastar.swebtest.testcase.DetailCase.pbxcase.Conference"/>
  <testcase name="D4_Participant4" time="141.455" classname="com.yeastar.swebtest.testcase.DetailCase.pbxcase.Conference"/>
  <testcase name="A1_Init" time="39.204" classname="com.yeastar.swebtest.testcase.DetailCase.pbxcase.Conference"/>
  <testcase name="Ca8_hangup_e1" time="0.011" classname="com.yeastar.swebtest.testcase.DetailCase.pbxcase.Conference"/>
  <testcase name="Ca7_hangup_bri" time="0.011" classname="com.yeastar.swebtest.testcase.DetailCase.pbxcase.Conference"/>
  <testcase name="C5_iax1" time="0.034" classname="com.yeastar.swebtest.testcase.DetailCase.pbxcase.Conference"/>
  <testcase name="Ca3_hangup_sip" time="31.966" classname="com.yeastar.swebtest.testcase.DetailCase.pbxcase.Conference"/>
  <testcase name="C6_fxo" time="0.035" classname="com.yeastar.swebtest.testcase.DetailCase.pbxcase.Conference"/>
  <testcase name="J1_delete" time="61.874" classname="com.yeastar.swebtest.testcase.DetailCase.pbxcase.Conference"/>
  <testcase name="A0_Register" time="28.911" classname="com.yeastar.swebtest.testcase.DetailCase.pbxcase.Conference"/>
  <testcase name="B2_AddInbound" time="20.280" classname="com.yeastar.swebtest.testcase.DetailCase.pbxcase.Conference"/>
  <testcase name="C8_e1" time="0.014" classname="com.yeastar.swebtest.testcase.DetailCase.pbxcase.Conference"/>
  <testcase name="C3_sip" time="31.539" classname="com.yeastar.swebtest.testcase.DetailCase.pbxcase.Conference"/>
  <testcase name="Ca1_hangup_extension" time="31.833" classname="com.yeastar.swebtest.testcase.DetailCase.pbxcase.Conference"/>
  <testcase name="B2_AddInbound" time="20.143" classname="com.yeastar.swebtest.testcase.DetailCase.pbxcase.Conference"/>
  <testcase name="E1_Prompt" time="0.050" classname="com.yeastar.swebtest.testcase.DetailCase.pbxcase.Conference"/>
</testsuite> <!-- com.yeastar.swebtest.testcase.DetailCase.pbxcase.Conference -->
