<?xml version="1.0" encoding="UTF-8"?>
<!-- Generated by org.testng.reporters.JUnitReportReporter -->
<testsuite hostname="Yeastar-PC" name="com.yeastar.swebtest.testcase.DetailCase.pbxcase.IVR" tests="52" failures="1" timestamp="20 Apr 2018 01:18:00 GMT" time="2349.490" errors="0">
  <testcase name="A2_AddIVR" time="29.258" classname="com.yeastar.swebtest.testcase.DetailCase.pbxcase.IVR"/>
  <testcase name="F5_DialOut_fxo" time="41.917" classname="com.yeastar.swebtest.testcase.DetailCase.pbxcase.IVR"/>
  <testcase name="G1_voicemail_enable" time="53.123" classname="com.yeastar.swebtest.testcase.DetailCase.pbxcase.IVR"/>
  <testcase name="D92_keyx_1101" time="48.638" classname="com.yeastar.swebtest.testcase.DetailCase.pbxcase.IVR"/>
  <testcase name="D3_key3_ringgroup" time="48.931" classname="com.yeastar.swebtest.testcase.DetailCase.pbxcase.IVR"/>
  <testcase name="A1_Init" time="21.712" classname="com.yeastar.swebtest.testcase.DetailCase.pbxcase.IVR"/>
  <testcase name="A2_AddIVR" time="20.207" classname="com.yeastar.swebtest.testcase.DetailCase.pbxcase.IVR"/>
  <testcase name="A2_AddIVR" time="38.557" classname="com.yeastar.swebtest.testcase.DetailCase.pbxcase.IVR"/>
  <testcase name="G2_voicemail_disable" time="31.720" classname="com.yeastar.swebtest.testcase.DetailCase.pbxcase.IVR"/>
  <testcase name="E2_DialExtension_ringgroup1" time="46.837" classname="com.yeastar.swebtest.testcase.DetailCase.pbxcase.IVR"/>
  <testcase name="K_editInbound2" time="35.525" classname="com.yeastar.swebtest.testcase.DetailCase.pbxcase.IVR"/>
  <testcase name="D7_key7_ivr" time="49.037" classname="com.yeastar.swebtest.testcase.DetailCase.pbxcase.IVR"/>
  <testcase name="D2_key2_voicemail3" time="20.347" classname="com.yeastar.swebtest.testcase.DetailCase.pbxcase.IVR"/>
  <testcase name="D5_key5_conference" time="37.453" classname="com.yeastar.swebtest.testcase.DetailCase.pbxcase.IVR"/>
  <testcase name="F9_DialOut_disable" time="33.005" classname="com.yeastar.swebtest.testcase.DetailCase.pbxcase.IVR"/>
  <testcase name="D94_Invalid" time="126.015" classname="com.yeastar.swebtest.testcase.DetailCase.pbxcase.IVR"/>
  <testcase name="C8_gsm_key0_1000" time="0.019" classname="com.yeastar.swebtest.testcase.DetailCase.pbxcase.IVR"/>
  <testcase name="A2_AddIVR" time="36.651" classname="com.yeastar.swebtest.testcase.DetailCase.pbxcase.IVR"/>
  <testcase name="F3_DialOut_iax" time="37.733" classname="com.yeastar.swebtest.testcase.DetailCase.pbxcase.IVR"/>
  <testcase name="C7_e1_key0_1000" time="0.011" classname="com.yeastar.swebtest.testcase.DetailCase.pbxcase.IVR"/>
  <testcase name="A2_AddIVR" time="37.427" classname="com.yeastar.swebtest.testcase.DetailCase.pbxcase.IVR"/>
  <testcase name="D91_keyj_1100" time="40.602" classname="com.yeastar.swebtest.testcase.DetailCase.pbxcase.IVR"/>
  <testcase name="D93_TimeOut" time="112.112" classname="com.yeastar.swebtest.testcase.DetailCase.pbxcase.IVR"/>
  <testcase name="F4_DialOut_spx" time="37.600" classname="com.yeastar.swebtest.testcase.DetailCase.pbxcase.IVR"/>
  <testcase name="C5_fxo_key0_1000" time="41.419" classname="com.yeastar.swebtest.testcase.DetailCase.pbxcase.IVR"/>
  <testcase name="J_recovery" time="56.478" classname="com.yeastar.swebtest.testcase.DetailCase.pbxcase.IVR"/>
  <testcase name="D4_key4_queue" time="47.767" classname="com.yeastar.swebtest.testcase.DetailCase.pbxcase.IVR"/>
  <testcase name="F6_DialOut_bri" time="37.465" classname="com.yeastar.swebtest.testcase.DetailCase.pbxcase.IVR"/>
  <testcase name="A2_AddIVR" time="29.263" classname="com.yeastar.swebtest.testcase.DetailCase.pbxcase.IVR"/>
  <testcase name="B_EditInRoute1" time="34.322" classname="com.yeastar.swebtest.testcase.DetailCase.pbxcase.IVR"/>
  <testcase name="D2_key2_voicemail1" time="67.696" classname="com.yeastar.swebtest.testcase.DetailCase.pbxcase.IVR"/>
  <testcase name="C3_iax_key0_1000" time="56.442" classname="com.yeastar.swebtest.testcase.DetailCase.pbxcase.IVR"/>
  <testcase name="A3_EditKeys" time="88.989" classname="com.yeastar.swebtest.testcase.DetailCase.pbxcase.IVR"/>
  <testcase name="E1_DialExtension_1103" time="44.986" classname="com.yeastar.swebtest.testcase.DetailCase.pbxcase.IVR"/>
  <testcase name="A2_AddIVR" time="29.874" classname="com.yeastar.swebtest.testcase.DetailCase.pbxcase.IVR"/>
  <testcase name="C4_spx_key0_1000" time="78.488" classname="com.yeastar.swebtest.testcase.DetailCase.pbxcase.IVR"/>
  <testcase name="C2_sps_keyj_1100" time="64.628" classname="com.yeastar.swebtest.testcase.DetailCase.pbxcase.IVR"/>
  <testcase name="E3_DialExtension_disable" time="36.803" classname="com.yeastar.swebtest.testcase.DetailCase.pbxcase.IVR"/>
  <testcase name="D6_key6_custom_prompt" time="63.338" classname="com.yeastar.swebtest.testcase.DetailCase.pbxcase.IVR"/>
  <testcase name="F2_DialOut_sps" time="40.732" classname="com.yeastar.swebtest.testcase.DetailCase.pbxcase.IVR"/>
  <testcase name="D1_key1_callback" time="64.184" classname="com.yeastar.swebtest.testcase.DetailCase.pbxcase.IVR"/>
  <testcase name="F1_DialOut_sip" time="37.642" classname="com.yeastar.swebtest.testcase.DetailCase.pbxcase.IVR"/>
  <testcase name="I_delete" time="57.478" classname="com.yeastar.swebtest.testcase.DetailCase.pbxcase.IVR"/>
  <testcase name="D90_key9_dialbyname" time="57.803" classname="com.yeastar.swebtest.testcase.DetailCase.pbxcase.IVR"/>
  <testcase name="A2_AddIVR" time="37.788" classname="com.yeastar.swebtest.testcase.DetailCase.pbxcase.IVR"/>
  <testcase name="D8_key8_fxs" time="37.082" classname="com.yeastar.swebtest.testcase.DetailCase.pbxcase.IVR"/>
  <testcase name="F7_DialOut_e1" time="0.011" classname="com.yeastar.swebtest.testcase.DetailCase.pbxcase.IVR"/>
  <testcase name="C6_bri_key0_1000" time="38.988" classname="com.yeastar.swebtest.testcase.DetailCase.pbxcase.IVR"/>
  <testcase name="D2_key2_voicemail2" time="24.909" classname="com.yeastar.swebtest.testcase.DetailCase.pbxcase.IVR"/>
  <testcase name="H_prompt" time="135.228" classname="com.yeastar.swebtest.testcase.DetailCase.pbxcase.IVR">
    <failure type="java.lang.AssertionError" message="预期1000会响铃 【预期：2 实际：4】">
      <![CDATA[java.lang.AssertionError: 预期1000会响铃 【预期：2 实际：4】
	at com.yeastar.swebtest.tools.ysassert.YsAssert.fail(YsAssert.java:1086)
	at com.yeastar.swebtest.tools.ysassert.YsAssert.failNotEquals(YsAssert.java:579)
	at com.yeastar.swebtest.tools.ysassert.YsAssert.assertEqualsImpl(YsAssert.java:142)
	at com.yeastar.swebtest.tools.ysassert.YsAssert.assertEquals(YsAssert.java:116)
	at com.yeastar.swebtest.tools.ysassert.YsAssert.assertEquals(YsAssert.java:425)
	at com.yeastar.swebtest.testcase.DetailCase.pbxcase.IVR.H_prompt(IVR.java:831)
	at sun.reflect.NativeMethodAccessorImpl.invoke0(Native Method)
	at sun.reflect.NativeMethodAccessorImpl.invoke(NativeMethodAccessorImpl.java:62)
	at sun.reflect.DelegatingMethodAccessorImpl.invoke(DelegatingMethodAccessorImpl.java:43)
	at java.lang.reflect.Method.invoke(Method.java:498)
	at org.testng.internal.MethodInvocationHelper.invokeMethod(MethodInvocationHelper.java:85)
	at org.testng.internal.Invoker.invokeMethod(Invoker.java:639)
	at org.testng.internal.Invoker.invokeTestMethod(Invoker.java:816)
	at org.testng.internal.Invoker.invokeTestMethods(Invoker.java:1124)
	at org.testng.internal.TestMethodWorker.invokeTestMethods(TestMethodWorker.java:125)
	at org.testng.internal.TestMethodWorker.run(TestMethodWorker.java:108)
	at org.testng.TestRunner.privateRun(TestRunner.java:774)
	at org.testng.TestRunner.run(TestRunner.java:624)
	at org.testng.SuiteRunner.runTest(SuiteRunner.java:359)
	at org.testng.SuiteRunner.runSequentially(SuiteRunner.java:354)
	at org.testng.SuiteRunner.privateRun(SuiteRunner.java:312)
	at org.testng.SuiteRunner.run(SuiteRunner.java:261)
	at org.testng.SuiteRunnerWorker.runSuite(SuiteRunnerWorker.java:52)
	at org.testng.SuiteRunnerWorker.run(SuiteRunnerWorker.java:86)
	at org.testng.TestNG.runSuitesSequentially(TestNG.java:1215)
	at org.testng.TestNG.runSuitesLocally(TestNG.java:1140)
	at org.testng.TestNG.run(TestNG.java:1048)
	at org.apache.maven.surefire.testng.TestNGExecutor.run(TestNGExecutor.java:293)
	at org.apache.maven.surefire.testng.TestNGXmlTestSuite.execute(TestNGXmlTestSuite.java:84)
	at org.apache.maven.surefire.testng.TestNGProvider.invoke(TestNGProvider.java:91)
	at org.apache.maven.surefire.booter.ForkedBooter.invokeProviderInSameClassLoader(ForkedBooter.java:200)
	at org.apache.maven.surefire.booter.ForkedBooter.runSuitesInProcess(ForkedBooter.java:153)
	at org.apache.maven.surefire.booter.ForkedBooter.main(ForkedBooter.java:103)
]]>
    </failure>
  </testcase> <!-- H_prompt -->
  <testcase name="C1_sip_key0_1000" time="55.238" classname="com.yeastar.swebtest.testcase.DetailCase.pbxcase.IVR"/>
  <testcase name="F8_DialOut_gsm" time="0.012" classname="com.yeastar.swebtest.testcase.DetailCase.pbxcase.IVR"/>
</testsuite> <!-- com.yeastar.swebtest.testcase.DetailCase.pbxcase.IVR -->
