<?xml version="1.0" encoding="UTF-8"?>
<!-- Generated by org.testng.reporters.JUnitReportReporter -->
<testsuite hostname="Yeastar-PC" name="com.yeastar.swebtest.testcase.DetailCase.pbxcase.EmergencyNumber" tests="50" failures="1" timestamp="20 Apr 2018 01:18:00 GMT" time="1934.784" errors="0">
  <testcase name="C2_checkUnavailTrunk" time="32.442" classname="com.yeastar.swebtest.testcase.DetailCase.pbxcase.EmergencyNumber"/>
  <testcase name="B4_makeCall1" time="11.113" classname="com.yeastar.swebtest.testcase.DetailCase.pbxcase.EmergencyNumber"/>
  <testcase name="C6_checkTrunk" time="79.435" classname="com.yeastar.swebtest.testcase.DetailCase.pbxcase.EmergencyNumber"/>
  <testcase name="C3_addTrunk" time="44.960" classname="com.yeastar.swebtest.testcase.DetailCase.pbxcase.EmergencyNumber"/>
  <testcase name="G1_addNumber" time="3.565" classname="com.yeastar.swebtest.testcase.DetailCase.pbxcase.EmergencyNumber"/>
  <testcase name="F2_EventCenter2" time="79.186" classname="com.yeastar.swebtest.testcase.DetailCase.pbxcase.EmergencyNumber"/>
  <testcase name="E1_voipAndPhysical" time="44.171" classname="com.yeastar.swebtest.testcase.DetailCase.pbxcase.EmergencyNumber"/>
  <testcase name="C5_deleteTrunk_addNotification" time="30.721" classname="com.yeastar.swebtest.testcase.DetailCase.pbxcase.EmergencyNumber"/>
  <testcase name="D6_check_e1" time="0.011" classname="com.yeastar.swebtest.testcase.DetailCase.pbxcase.EmergencyNumber"/>
  <testcase name="C4_checkTrunk1" time="54.081" classname="com.yeastar.swebtest.testcase.DetailCase.pbxcase.EmergencyNumber"/>
  <testcase name="G3_deleteOne_yes" time="24.781" classname="com.yeastar.swebtest.testcase.DetailCase.pbxcase.EmergencyNumber"/>
  <testcase name="C1_edittrunk_Unavail" time="34.193" classname="com.yeastar.swebtest.testcase.DetailCase.pbxcase.EmergencyNumber"/>
  <testcase name="C8_checkNotification" time="60.961" classname="com.yeastar.swebtest.testcase.DetailCase.pbxcase.EmergencyNumber"/>
  <testcase name="C4_checkTrunk2" time="83.059" classname="com.yeastar.swebtest.testcase.DetailCase.pbxcase.EmergencyNumber"/>
  <testcase name="G5_deletePart_yes" time="13.279" classname="com.yeastar.swebtest.testcase.DetailCase.pbxcase.EmergencyNumber"/>
  <testcase name="G7_delteAll_yes" time="13.246" classname="com.yeastar.swebtest.testcase.DetailCase.pbxcase.EmergencyNumber"/>
  <testcase name="E6_checkPhyAndPhy" time="82.946" classname="com.yeastar.swebtest.testcase.DetailCase.pbxcase.EmergencyNumber"/>
  <testcase name="H_recovery" time="43.524" classname="com.yeastar.swebtest.testcase.DetailCase.pbxcase.EmergencyNumber"/>
  <testcase name="A1_registerExtensions" time="51.607" classname="com.yeastar.swebtest.testcase.DetailCase.pbxcase.EmergencyNumber"/>
  <testcase name="E5_PhyAndPhy" time="35.516" classname="com.yeastar.swebtest.testcase.DetailCase.pbxcase.EmergencyNumber"/>
  <testcase name="F2_EventCenter5" time="54.604" classname="com.yeastar.swebtest.testcase.DetailCase.pbxcase.EmergencyNumber">
    <failure type="com.codeborne.selenide.ex.ElementShould" message="Element should be visible {By.xpath: .//span[starts-with(@class,&quot;x-btn-inner x-btn-inner-default-small&quot;) and text()=&quot;Search&quot;]}
Element: &#039;&lt;span class=&quot;x-btn-inner x-btn-inner-default-small&quot; data-ref=&quot;btnInnerEl&quot; id=&quot;st-el-search-btnInnerEl&quot; unselectable=&quot;on&quot; displayed:false&gt;&lt;/span&gt;&#039;">
      <![CDATA[Element should be visible {By.xpath: .//span[starts-with(@class,"x-btn-inner x-btn-inner-default-small") and text()="Search"]}
Element: '<span class="x-btn-inner x-btn-inner-default-small" data-ref="btnInnerEl" id="st-el-search-btnInnerEl" unselectable="on" displayed:false></span>'
Screenshot: file:/F:/MyProject/SwebTest/build/reports/tests/1524164889701.1.png
Timeout: 15 s.
	at com.codeborne.selenide.impl.WebElementSource.checkCondition(WebElementSource.java:66)
	at com.codeborne.selenide.impl.WebElementSource.findAndAssertElementIsVisible(WebElementSource.java:72)
	at com.codeborne.selenide.commands.Click.execute(Click.java:14)
	at com.codeborne.selenide.commands.Click.execute(Click.java:11)
	at com.codeborne.selenide.commands.Commands.execute(Commands.java:140)
	at com.codeborne.selenide.impl.SelenideElementProxy.dispatchAndRetry(SelenideElementProxy.java:86)
	at com.codeborne.selenide.impl.SelenideElementProxy.invoke(SelenideElementProxy.java:62)
	at com.sun.proxy.$Proxy6.click(Unknown Source)
	at com.yeastar.swebtest.driver.YSMethod.YS_Extension.checkCDR(YS_Extension.java:260)
	at com.yeastar.swebtest.testcase.DetailCase.pbxcase.EmergencyNumber.F2_EventCenter5(EmergencyNumber.java:900)
	at sun.reflect.NativeMethodAccessorImpl.invoke0(Native Method)
	at sun.reflect.NativeMethodAccessorImpl.invoke(NativeMethodAccessorImpl.java:62)
	at sun.reflect.DelegatingMethodAccessorImpl.invoke(DelegatingMethodAccessorImpl.java:43)
	at java.lang.reflect.Method.invoke(Method.java:498)
	at org.testng.internal.MethodInvocationHelper.invokeMethod(MethodInvocationHelper.java:85)
	at org.testng.internal.Invoker.invokeMethod(Invoker.java:639)
	at org.testng.internal.Invoker.invokeTestMethod(Invoker.java:816)
	at org.testng.internal.Invoker.invokeTestMethods(Invoker.java:1124)
	at org.testng.internal.TestMethodWorker.invokeTestMethods(TestMethodWorker.java:125)
	at org.testng.internal.TestMethodWorker.run(TestMethodWorker.java:108)
	at org.testng.TestRunner.privateRun(TestRunner.java:774)
	at org.testng.TestRunner.run(TestRunner.java:624)
	at org.testng.SuiteRunner.runTest(SuiteRunner.java:359)
	at org.testng.SuiteRunner.runSequentially(SuiteRunner.java:354)
	at org.testng.SuiteRunner.privateRun(SuiteRunner.java:312)
	at org.testng.SuiteRunner.run(SuiteRunner.java:261)
	at org.testng.SuiteRunnerWorker.runSuite(SuiteRunnerWorker.java:52)
	at org.testng.SuiteRunnerWorker.run(SuiteRunnerWorker.java:86)
	at org.testng.TestNG.runSuitesSequentially(TestNG.java:1215)
	at org.testng.TestNG.runSuitesLocally(TestNG.java:1140)
	at org.testng.TestNG.run(TestNG.java:1048)
	at org.apache.maven.surefire.testng.TestNGExecutor.run(TestNGExecutor.java:293)
	at org.apache.maven.surefire.testng.TestNGXmlTestSuite.execute(TestNGXmlTestSuite.java:84)
	at org.apache.maven.surefire.testng.TestNGProvider.invoke(TestNGProvider.java:91)
	at org.apache.maven.surefire.booter.ForkedBooter.invokeProviderInSameClassLoader(ForkedBooter.java:200)
	at org.apache.maven.surefire.booter.ForkedBooter.runSuitesInProcess(ForkedBooter.java:153)
	at org.apache.maven.surefire.booter.ForkedBooter.main(ForkedBooter.java:103)
]]>
    </failure>
  </testcase> <!-- F2_EventCenter5 -->
  <testcase name="G6_deleteAll_no" time="9.769" classname="com.yeastar.swebtest.testcase.DetailCase.pbxcase.EmergencyNumber"/>
  <testcase name="D5_check_pstn" time="55.379" classname="com.yeastar.swebtest.testcase.DetailCase.pbxcase.EmergencyNumber"/>
  <testcase name="F2_EventCenter4" time="7.929" classname="com.yeastar.swebtest.testcase.DetailCase.pbxcase.EmergencyNumber"/>
  <testcase name="F2_eventCenter8" time="70.747" classname="com.yeastar.swebtest.testcase.DetailCase.pbxcase.EmergencyNumber"/>
  <testcase name="D4_check_spx" time="55.374" classname="com.yeastar.swebtest.testcase.DetailCase.pbxcase.EmergencyNumber"/>
  <testcase name="B1_addEmergencyNum" time="31.453" classname="com.yeastar.swebtest.testcase.DetailCase.pbxcase.EmergencyNumber"/>
  <testcase name="F2_eventCenter9" time="24.095" classname="com.yeastar.swebtest.testcase.DetailCase.pbxcase.EmergencyNumber"/>
  <testcase name="G4_deletePart_no" time="18.325" classname="com.yeastar.swebtest.testcase.DetailCase.pbxcase.EmergencyNumber"/>
  <testcase name="F3_recoveryEvent" time="19.837" classname="com.yeastar.swebtest.testcase.DetailCase.pbxcase.EmergencyNumber"/>
  <testcase name="D7_check_gsm" time="0.018" classname="com.yeastar.swebtest.testcase.DetailCase.pbxcase.EmergencyNumber"/>
  <testcase name="B3_editEmergencyNumb" time="34.300" classname="com.yeastar.swebtest.testcase.DetailCase.pbxcase.EmergencyNumber"/>
  <testcase name="F2_eventCenter6" time="13.050" classname="com.yeastar.swebtest.testcase.DetailCase.pbxcase.EmergencyNumber"/>
  <testcase name="G2_deleteOne_no" time="15.179" classname="com.yeastar.swebtest.testcase.DetailCase.pbxcase.EmergencyNumber"/>
  <testcase name="F2_EventCenter3" time="11.505" classname="com.yeastar.swebtest.testcase.DetailCase.pbxcase.EmergencyNumber"/>
  <testcase name="E4_checkPhyAndVoip" time="86.935" classname="com.yeastar.swebtest.testcase.DetailCase.pbxcase.EmergencyNumber"/>
  <testcase name="A2_addUnavailTrunk" time="20.742" classname="com.yeastar.swebtest.testcase.DetailCase.pbxcase.EmergencyNumber"/>
  <testcase name="F1_Contacts2" time="79.667" classname="com.yeastar.swebtest.testcase.DetailCase.pbxcase.EmergencyNumber"/>
  <testcase name="D5_check_bri" time="55.060" classname="com.yeastar.swebtest.testcase.DetailCase.pbxcase.EmergencyNumber"/>
  <testcase name="D3_check_iax" time="54.226" classname="com.yeastar.swebtest.testcase.DetailCase.pbxcase.EmergencyNumber"/>
  <testcase name="D1_addEmergency_line" time="99.350" classname="com.yeastar.swebtest.testcase.DetailCase.pbxcase.EmergencyNumber"/>
  <testcase name="F1_Contacts3" time="21.969" classname="com.yeastar.swebtest.testcase.DetailCase.pbxcase.EmergencyNumber"/>
  <testcase name="F2_EventCenter1" time="9.945" classname="com.yeastar.swebtest.testcase.DetailCase.pbxcase.EmergencyNumber"/>
  <testcase name="C7_deleteNotification" time="26.179" classname="com.yeastar.swebtest.testcase.DetailCase.pbxcase.EmergencyNumber"/>
  <testcase name="E2_checkVoipAndPhy" time="54.270" classname="com.yeastar.swebtest.testcase.DetailCase.pbxcase.EmergencyNumber"/>
  <testcase name="B2_makeCall" time="55.651" classname="com.yeastar.swebtest.testcase.DetailCase.pbxcase.EmergencyNumber"/>
  <testcase name="F2_eventCenter7" time="9.931" classname="com.yeastar.swebtest.testcase.DetailCase.pbxcase.EmergencyNumber"/>
  <testcase name="F1_Contacts1" time="26.451" classname="com.yeastar.swebtest.testcase.DetailCase.pbxcase.EmergencyNumber"/>
  <testcase name="E3_PhyAndVoip" time="35.503" classname="com.yeastar.swebtest.testcase.DetailCase.pbxcase.EmergencyNumber"/>
  <testcase name="B4_makeCall2" time="54.544" classname="com.yeastar.swebtest.testcase.DetailCase.pbxcase.EmergencyNumber"/>
</testsuite> <!-- com.yeastar.swebtest.testcase.DetailCase.pbxcase.EmergencyNumber -->
