<?xml version="1.0" encoding="UTF-8"?>
<!-- Generated by org.testng.reporters.JUnitReportReporter -->
<testsuite hostname="Yeastar-PC" name="com.yeastar.swebtest.testcase.DetailCase.pbxcase.Paging_Intercom" tests="18" failures="0" timestamp="15 Oct 2018 15:52:52 GMT" time="503.118" errors="0">
  <testcase name="F1_followToPaging" time="44.878" classname="com.yeastar.swebtest.testcase.DetailCase.pbxcase.Paging_Intercom"/>
  <testcase name="B3_add_NewPage6302" time="19.747" classname="com.yeastar.swebtest.testcase.DetailCase.pbxcase.Paging_Intercom"/>
  <testcase name="C1_callforward" time="6.100" classname="com.yeastar.swebtest.testcase.DetailCase.pbxcase.Paging_Intercom"/>
  <testcase name="D1_1way" time="57.061" classname="com.yeastar.swebtest.testcase.DetailCase.pbxcase.Paging_Intercom"/>
  <testcase name="H_delete" time="60.727" classname="com.yeastar.swebtest.testcase.DetailCase.pbxcase.Paging_Intercom"/>
  <testcase name="B1_add_Paging6300" time="18.678" classname="com.yeastar.swebtest.testcase.DetailCase.pbxcase.Paging_Intercom"/>
  <testcase name="D2_2way" time="34.479" classname="com.yeastar.swebtest.testcase.DetailCase.pbxcase.Paging_Intercom"/>
  <testcase name="A1_InitIntercom" time="9.059" classname="com.yeastar.swebtest.testcase.DetailCase.pbxcase.Paging_Intercom"/>
  <testcase name="G1_intercom" time="34.190" classname="com.yeastar.swebtest.testcase.DetailCase.pbxcase.Paging_Intercom"/>
  <testcase name="E2_DisableAnswer" time="58.560" classname="com.yeastar.swebtest.testcase.DetailCase.pbxcase.Paging_Intercom"/>
  <testcase name="G2_EditFeatureCode" time="16.899" classname="com.yeastar.swebtest.testcase.DetailCase.pbxcase.Paging_Intercom"/>
  <testcase name="B5_Apply" time="8.165" classname="com.yeastar.swebtest.testcase.DetailCase.pbxcase.Paging_Intercom"/>
  <testcase name="B2_add_AutoPag6301" time="17.696" classname="com.yeastar.swebtest.testcase.DetailCase.pbxcase.Paging_Intercom"/>
  <testcase name="A2_InitPaging" time="19.857" classname="com.yeastar.swebtest.testcase.DetailCase.pbxcase.Paging_Intercom"/>
  <testcase name="G3_newIntercom" time="33.684" classname="com.yeastar.swebtest.testcase.DetailCase.pbxcase.Paging_Intercom"/>
  <testcase name="I_Recovery" time="6.059" classname="com.yeastar.swebtest.testcase.DetailCase.pbxcase.Paging_Intercom"/>
  <testcase name="E1_EnableAnswer" time="38.527" classname="com.yeastar.swebtest.testcase.DetailCase.pbxcase.Paging_Intercom"/>
  <testcase name="B4_add_Paging6303" time="18.752" classname="com.yeastar.swebtest.testcase.DetailCase.pbxcase.Paging_Intercom"/>
</testsuite> <!-- com.yeastar.swebtest.testcase.DetailCase.pbxcase.Paging_Intercom -->
