<?xml version="1.0" encoding="UTF-8"?>
<!-- Generated by org.testng.reporters.JUnitReportReporter -->
<testsuite hostname="Yeastar-PC" name="com.yeastar.swebtest.testcase.DetailCase.pbxcase.Callback" tests="48" failures="1" timestamp="15 Oct 2018 15:52:52 GMT" time="1196.076" errors="0">
  <testcase name="D6_des_conference" time="38.485" classname="com.yeastar.swebtest.testcase.DetailCase.pbxcase.Callback"/>
  <testcase name="A2_add_trunks" time="40.060" classname="com.yeastar.swebtest.testcase.DetailCase.pbxcase.Callback"/>
  <testcase name="D3_des_ivr" time="45.909" classname="com.yeastar.swebtest.testcase.DetailCase.pbxcase.Callback"/>
  <testcase name="G1_recovery_callback" time="47.316" classname="com.yeastar.swebtest.testcase.DetailCase.pbxcase.Callback"/>
  <testcase name="A3_add_destination" time="9.107" classname="com.yeastar.swebtest.testcase.DetailCase.pbxcase.Callback"/>
  <testcase name="D5_des_queue" time="41.357" classname="com.yeastar.swebtest.testcase.DetailCase.pbxcase.Callback">
    <failure type="java.lang.AssertionError" message="CDR被叫方检测 【预期：1100 [6700(1100)] 实际：6700(1100)】">
      <![CDATA[java.lang.AssertionError: CDR被叫方检测 【预期：1100 [6700(1100)] 实际：6700(1100)】
	at com.yeastar.swebtest.tools.ysassert.YsAssert.fail(YsAssert.java:1092)
	at com.yeastar.swebtest.tools.ysassert.YsAssert.failNotEquals(YsAssert.java:583)
	at com.yeastar.swebtest.tools.ysassert.YsAssert.assertEqualsImpl(YsAssert.java:146)
	at com.yeastar.swebtest.tools.ysassert.YsAssert.assertEquals(YsAssert.java:120)
	at com.yeastar.swebtest.tools.ysassert.YsAssert.assertEquals(YsAssert.java:203)
	at com.yeastar.swebtest.driver.YSMethod.YS_Extension.checkCDR(YS_Extension.java:289)
	at com.yeastar.swebtest.driver.YSMethod.YS_Extension.checkCDR(YS_Extension.java:278)
	at com.yeastar.swebtest.testcase.DetailCase.pbxcase.Callback.D5_des_queue(Callback.java:443)
	at sun.reflect.NativeMethodAccessorImpl.invoke0(Native Method)
	at sun.reflect.NativeMethodAccessorImpl.invoke(NativeMethodAccessorImpl.java:62)
	at sun.reflect.DelegatingMethodAccessorImpl.invoke(DelegatingMethodAccessorImpl.java:43)
	at java.lang.reflect.Method.invoke(Method.java:498)
	at org.testng.internal.MethodInvocationHelper.invokeMethod(MethodInvocationHelper.java:85)
	at org.testng.internal.Invoker.invokeMethod(Invoker.java:639)
	at org.testng.internal.Invoker.invokeTestMethod(Invoker.java:816)
	at org.testng.internal.Invoker.invokeTestMethods(Invoker.java:1124)
	at org.testng.internal.TestMethodWorker.invokeTestMethods(TestMethodWorker.java:125)
	at org.testng.internal.TestMethodWorker.run(TestMethodWorker.java:108)
	at org.testng.TestRunner.privateRun(TestRunner.java:774)
	at org.testng.TestRunner.run(TestRunner.java:624)
	at org.testng.SuiteRunner.runTest(SuiteRunner.java:359)
	at org.testng.SuiteRunner.runSequentially(SuiteRunner.java:354)
	at org.testng.SuiteRunner.privateRun(SuiteRunner.java:312)
	at org.testng.SuiteRunner.run(SuiteRunner.java:261)
	at org.testng.SuiteRunnerWorker.runSuite(SuiteRunnerWorker.java:52)
	at org.testng.SuiteRunnerWorker.run(SuiteRunnerWorker.java:86)
	at org.testng.TestNG.runSuitesSequentially(TestNG.java:1215)
	at org.testng.TestNG.runSuitesLocally(TestNG.java:1140)
	at org.testng.TestNG.run(TestNG.java:1048)
	at org.apache.maven.surefire.testng.TestNGExecutor.run(TestNGExecutor.java:293)
	at org.apache.maven.surefire.testng.TestNGXmlTestSuite.execute(TestNGXmlTestSuite.java:84)
	at org.apache.maven.surefire.testng.TestNGProvider.invoke(TestNGProvider.java:91)
	at org.apache.maven.surefire.booter.ForkedBooter.invokeProviderInSameClassLoader(ForkedBooter.java:200)
	at org.apache.maven.surefire.booter.ForkedBooter.runSuitesInProcess(ForkedBooter.java:153)
	at org.apache.maven.surefire.booter.ForkedBooter.main(ForkedBooter.java:103)
]]>
    </failure>
  </testcase> <!-- D5_des_queue -->
  <testcase name="E4_bri" time="0.025" classname="com.yeastar.swebtest.testcase.DetailCase.pbxcase.Callback"/>
  <testcase name="F_delete" time="67.410" classname="com.yeastar.swebtest.testcase.DetailCase.pbxcase.Callback"/>
  <testcase name="A3_add_destination" time="14.186" classname="com.yeastar.swebtest.testcase.DetailCase.pbxcase.Callback"/>
  <testcase name="B2_add_InRoute_destination" time="20.264" classname="com.yeastar.swebtest.testcase.DetailCase.pbxcase.Callback"/>
  <testcase name="E2_spx" time="0.013" classname="com.yeastar.swebtest.testcase.DetailCase.pbxcase.Callback"/>
  <testcase name="B2_add_InRoute_destination" time="20.698" classname="com.yeastar.swebtest.testcase.DetailCase.pbxcase.Callback"/>
  <testcase name="D1_des_hangup" time="7.982" classname="com.yeastar.swebtest.testcase.DetailCase.pbxcase.Callback"/>
  <testcase name="D4_des_ringgroup" time="52.525" classname="com.yeastar.swebtest.testcase.DetailCase.pbxcase.Callback"/>
  <testcase name="A1_Init" time="31.594" classname="com.yeastar.swebtest.testcase.DetailCase.pbxcase.Callback"/>
  <testcase name="C1_through_sps" time="65.485" classname="com.yeastar.swebtest.testcase.DetailCase.pbxcase.Callback"/>
  <testcase name="C3_through_iax" time="0.024" classname="com.yeastar.swebtest.testcase.DetailCase.pbxcase.Callback"/>
  <testcase name="A3_add_destination" time="14.339" classname="com.yeastar.swebtest.testcase.DetailCase.pbxcase.Callback"/>
  <testcase name="C6_through_bri" time="0.010" classname="com.yeastar.swebtest.testcase.DetailCase.pbxcase.Callback"/>
  <testcase name="C7_through_e1" time="0.060" classname="com.yeastar.swebtest.testcase.DetailCase.pbxcase.Callback"/>
  <testcase name="E1_sps" time="36.313" classname="com.yeastar.swebtest.testcase.DetailCase.pbxcase.Callback"/>
  <testcase name="D7_des_disa" time="50.295" classname="com.yeastar.swebtest.testcase.DetailCase.pbxcase.Callback"/>
  <testcase name="D8_des_fxs" time="0.010" classname="com.yeastar.swebtest.testcase.DetailCase.pbxcase.Callback"/>
  <testcase name="B2_add_InRoute_destination" time="20.733" classname="com.yeastar.swebtest.testcase.DetailCase.pbxcase.Callback"/>
  <testcase name="B3_apply" time="8.136" classname="com.yeastar.swebtest.testcase.DetailCase.pbxcase.Callback"/>
  <testcase name="C5_through_fxo" time="0.010" classname="com.yeastar.swebtest.testcase.DetailCase.pbxcase.Callback"/>
  <testcase name="A3_add_destination" time="14.123" classname="com.yeastar.swebtest.testcase.DetailCase.pbxcase.Callback"/>
  <testcase name="C2_through_sip" time="41.224" classname="com.yeastar.swebtest.testcase.DetailCase.pbxcase.Callback"/>
  <testcase name="B2_add_InRoute_destination" time="20.529" classname="com.yeastar.swebtest.testcase.DetailCase.pbxcase.Callback"/>
  <testcase name="B1_add_InRoute_trunk" time="98.546" classname="com.yeastar.swebtest.testcase.DetailCase.pbxcase.Callback"/>
  <testcase name="B2_add_InRoute_destination" time="20.651" classname="com.yeastar.swebtest.testcase.DetailCase.pbxcase.Callback"/>
  <testcase name="E6_gsm" time="0.034" classname="com.yeastar.swebtest.testcase.DetailCase.pbxcase.Callback"/>
  <testcase name="A3_add_destination" time="14.209" classname="com.yeastar.swebtest.testcase.DetailCase.pbxcase.Callback"/>
  <testcase name="B2_add_InRoute_destination" time="20.724" classname="com.yeastar.swebtest.testcase.DetailCase.pbxcase.Callback"/>
  <testcase name="A3_add_destination" time="14.482" classname="com.yeastar.swebtest.testcase.DetailCase.pbxcase.Callback"/>
  <testcase name="A0_Init1" time="0.015" classname="com.yeastar.swebtest.testcase.DetailCase.pbxcase.Callback"/>
  <testcase name="C8_through_gsm" time="0.016" classname="com.yeastar.swebtest.testcase.DetailCase.pbxcase.Callback"/>
  <testcase name="A3_add_destination" time="14.156" classname="com.yeastar.swebtest.testcase.DetailCase.pbxcase.Callback"/>
  <testcase name="B2_add_InRoute_destination" time="20.723" classname="com.yeastar.swebtest.testcase.DetailCase.pbxcase.Callback"/>
  <testcase name="B2_add_InRoute_destination" time="20.808" classname="com.yeastar.swebtest.testcase.DetailCase.pbxcase.Callback"/>
  <testcase name="C4_through_spx" time="0.040" classname="com.yeastar.swebtest.testcase.DetailCase.pbxcase.Callback"/>
  <testcase name="E5_e1" time="0.024" classname="com.yeastar.swebtest.testcase.DetailCase.pbxcase.Callback"/>
  <testcase name="A0_Init2" time="53.842" classname="com.yeastar.swebtest.testcase.DetailCase.pbxcase.Callback"/>
  <testcase name="G2_recovery_inbound" time="76.312" classname="com.yeastar.swebtest.testcase.DetailCase.pbxcase.Callback"/>
  <testcase name="E3_fxo" time="0.011" classname="com.yeastar.swebtest.testcase.DetailCase.pbxcase.Callback"/>
  <testcase name="E7_bakckUp" time="69.579" classname="com.yeastar.swebtest.testcase.DetailCase.pbxcase.Callback"/>
  <testcase name="D2_des_extension" time="49.326" classname="com.yeastar.swebtest.testcase.DetailCase.pbxcase.Callback"/>
  <testcase name="A3_add_destination" time="14.356" classname="com.yeastar.swebtest.testcase.DetailCase.pbxcase.Callback"/>
</testsuite> <!-- com.yeastar.swebtest.testcase.DetailCase.pbxcase.Callback -->
