<?xml version="1.0" encoding="UTF-8"?>
<!-- Generated by org.testng.reporters.JUnitReportReporter -->
<testsuite hostname="Yeastar-PC" name="com.yeastar.swebtest.testcase.DetailCase.pbxcase.Blacklist_Whitelist" tests="108" failures="1" timestamp="20 Apr 2018 01:18:00 GMT" time="2544.630" errors="0">
  <testcase name="B1_black_admin5" time="45.686" classname="com.yeastar.swebtest.testcase.DetailCase.pbxcase.Blacklist_Whitelist"/>
  <testcase name="D1_black_me3" time="11.116" classname="com.yeastar.swebtest.testcase.DetailCase.pbxcase.Blacklist_Whitelist"/>
  <testcase name="B7_black_admin2" time="11.105" classname="com.yeastar.swebtest.testcase.DetailCase.pbxcase.Blacklist_Whitelist"/>
  <testcase name="C5_black_admin6" time="11.129" classname="com.yeastar.swebtest.testcase.DetailCase.pbxcase.Blacklist_Whitelist"/>
  <testcase name="C3_black_admin5" time="28.704" classname="com.yeastar.swebtest.testcase.DetailCase.pbxcase.Blacklist_Whitelist"/>
  <testcase name="B3_black_admin2" time="28.454" classname="com.yeastar.swebtest.testcase.DetailCase.pbxcase.Blacklist_Whitelist"/>
  <testcase name="B5_black_admin2" time="11.099" classname="com.yeastar.swebtest.testcase.DetailCase.pbxcase.Blacklist_Whitelist"/>
  <testcase name="C2_white_admin4" time="45.586" classname="com.yeastar.swebtest.testcase.DetailCase.pbxcase.Blacklist_Whitelist"/>
  <testcase name="D2_white_me1" time="14.320" classname="com.yeastar.swebtest.testcase.DetailCase.pbxcase.Blacklist_Whitelist"/>
  <testcase name="B7_black_admin4" time="29.689" classname="com.yeastar.swebtest.testcase.DetailCase.pbxcase.Blacklist_Whitelist"/>
  <testcase name="B3_black_admin7" time="11.596" classname="com.yeastar.swebtest.testcase.DetailCase.pbxcase.Blacklist_Whitelist"/>
  <testcase name="C4_white_admin1" time="19.633" classname="com.yeastar.swebtest.testcase.DetailCase.pbxcase.Blacklist_Whitelist"/>
  <testcase name="D5_black_me4" time="21.537" classname="com.yeastar.swebtest.testcase.DetailCase.pbxcase.Blacklist_Whitelist"/>
  <testcase name="B1_black_admin2" time="11.099" classname="com.yeastar.swebtest.testcase.DetailCase.pbxcase.Blacklist_Whitelist"/>
  <testcase name="B3_black_admin5" time="11.174" classname="com.yeastar.swebtest.testcase.DetailCase.pbxcase.Blacklist_Whitelist"/>
  <testcase name="D2_white_me2" time="21.630" classname="com.yeastar.swebtest.testcase.DetailCase.pbxcase.Blacklist_Whitelist"/>
  <testcase name="B8_white_admin3" time="28.606" classname="com.yeastar.swebtest.testcase.DetailCase.pbxcase.Blacklist_Whitelist"/>
  <testcase name="D4_white_me4" time="21.498" classname="com.yeastar.swebtest.testcase.DetailCase.pbxcase.Blacklist_Whitelist"/>
  <testcase name="D5_black_me2" time="11.087" classname="com.yeastar.swebtest.testcase.DetailCase.pbxcase.Blacklist_Whitelist"/>
  <testcase name="B5_black_admin4" time="28.563" classname="com.yeastar.swebtest.testcase.DetailCase.pbxcase.Blacklist_Whitelist"/>
  <testcase name="A2_init" time="19.950" classname="com.yeastar.swebtest.testcase.DetailCase.pbxcase.Blacklist_Whitelist"/>
  <testcase name="C1_black_admin2" time="11.096" classname="com.yeastar.swebtest.testcase.DetailCase.pbxcase.Blacklist_Whitelist"/>
  <testcase name="C5_black_admin1" time="34.962" classname="com.yeastar.swebtest.testcase.DetailCase.pbxcase.Blacklist_Whitelist"/>
  <testcase name="D6_white_me1" time="14.277" classname="com.yeastar.swebtest.testcase.DetailCase.pbxcase.Blacklist_Whitelist"/>
  <testcase name="D6_white_me6" time="11.089" classname="com.yeastar.swebtest.testcase.DetailCase.pbxcase.Blacklist_Whitelist"/>
  <testcase name="C3_black_admin3" time="11.122" classname="com.yeastar.swebtest.testcase.DetailCase.pbxcase.Blacklist_Whitelist"/>
  <testcase name="B1_black_admin6" time="29.867" classname="com.yeastar.swebtest.testcase.DetailCase.pbxcase.Blacklist_Whitelist"/>
  <testcase name="B6_white_admin1" time="19.685" classname="com.yeastar.swebtest.testcase.DetailCase.pbxcase.Blacklist_Whitelist"/>
  <testcase name="C7_black_admin2" time="28.803" classname="com.yeastar.swebtest.testcase.DetailCase.pbxcase.Blacklist_Whitelist"/>
  <testcase name="D5_black_me5" time="21.455" classname="com.yeastar.swebtest.testcase.DetailCase.pbxcase.Blacklist_Whitelist"/>
  <testcase name="B3_black_admin4" time="45.637" classname="com.yeastar.swebtest.testcase.DetailCase.pbxcase.Blacklist_Whitelist"/>
  <testcase name="B6_white_admin3" time="31.712" classname="com.yeastar.swebtest.testcase.DetailCase.pbxcase.Blacklist_Whitelist"/>
  <testcase name="B5_black_admin5" time="36.594" classname="com.yeastar.swebtest.testcase.DetailCase.pbxcase.Blacklist_Whitelist"/>
  <testcase name="B4_white_admin4" time="31.792" classname="com.yeastar.swebtest.testcase.DetailCase.pbxcase.Blacklist_Whitelist"/>
  <testcase name="B7_black_admin3" time="11.089" classname="com.yeastar.swebtest.testcase.DetailCase.pbxcase.Blacklist_Whitelist"/>
  <testcase name="B3_black_admin6" time="11.093" classname="com.yeastar.swebtest.testcase.DetailCase.pbxcase.Blacklist_Whitelist"/>
  <testcase name="D4_white_me3" time="29.076" classname="com.yeastar.swebtest.testcase.DetailCase.pbxcase.Blacklist_Whitelist"/>
  <testcase name="C3_black_admin1" time="40.034" classname="com.yeastar.swebtest.testcase.DetailCase.pbxcase.Blacklist_Whitelist"/>
  <testcase name="B8_white_admin1" time="19.698" classname="com.yeastar.swebtest.testcase.DetailCase.pbxcase.Blacklist_Whitelist"/>
  <testcase name="B5_black_admin3" time="11.189" classname="com.yeastar.swebtest.testcase.DetailCase.pbxcase.Blacklist_Whitelist"/>
  <testcase name="C2_white_admin3" time="45.682" classname="com.yeastar.swebtest.testcase.DetailCase.pbxcase.Blacklist_Whitelist"/>
  <testcase name="C8_white_admin2" time="28.664" classname="com.yeastar.swebtest.testcase.DetailCase.pbxcase.Blacklist_Whitelist"/>
  <testcase name="C9_EmergencyNumber5" time="29.142" classname="com.yeastar.swebtest.testcase.DetailCase.pbxcase.Blacklist_Whitelist"/>
  <testcase name="D6_white_me7" time="27.069" classname="com.yeastar.swebtest.testcase.DetailCase.pbxcase.Blacklist_Whitelist"/>
  <testcase name="B1_black_admin4" time="28.601" classname="com.yeastar.swebtest.testcase.DetailCase.pbxcase.Blacklist_Whitelist"/>
  <testcase name="C6_white_admin2" time="38.328" classname="com.yeastar.swebtest.testcase.DetailCase.pbxcase.Blacklist_Whitelist">
    <failure type="java.lang.AssertionError" message="CDR被叫方检测 【预期：1000 [1000] 实际：1000】">
      <![CDATA[java.lang.AssertionError: CDR被叫方检测 【预期：1000 [1000] 实际：1000】
	at com.yeastar.swebtest.tools.ysassert.YsAssert.fail(YsAssert.java:1086)
	at com.yeastar.swebtest.tools.ysassert.YsAssert.failNotEquals(YsAssert.java:579)
	at com.yeastar.swebtest.tools.ysassert.YsAssert.assertEqualsImpl(YsAssert.java:142)
	at com.yeastar.swebtest.tools.ysassert.YsAssert.assertEquals(YsAssert.java:116)
	at com.yeastar.swebtest.tools.ysassert.YsAssert.assertEquals(YsAssert.java:199)
	at com.yeastar.swebtest.driver.YSMethod.YS_Extension.checkCDR(YS_Extension.java:263)
	at com.yeastar.swebtest.driver.YSMethod.YS_Extension.checkCDR(YS_Extension.java:252)
	at com.yeastar.swebtest.testcase.DetailCase.pbxcase.Blacklist_Whitelist.C6_white_admin2(Blacklist_Whitelist.java:1050)
	at sun.reflect.NativeMethodAccessorImpl.invoke0(Native Method)
	at sun.reflect.NativeMethodAccessorImpl.invoke(NativeMethodAccessorImpl.java:62)
	at sun.reflect.DelegatingMethodAccessorImpl.invoke(DelegatingMethodAccessorImpl.java:43)
	at java.lang.reflect.Method.invoke(Method.java:498)
	at org.testng.internal.MethodInvocationHelper.invokeMethod(MethodInvocationHelper.java:85)
	at org.testng.internal.Invoker.invokeMethod(Invoker.java:639)
	at org.testng.internal.Invoker.invokeTestMethod(Invoker.java:816)
	at org.testng.internal.Invoker.invokeTestMethods(Invoker.java:1124)
	at org.testng.internal.TestMethodWorker.invokeTestMethods(TestMethodWorker.java:125)
	at org.testng.internal.TestMethodWorker.run(TestMethodWorker.java:108)
	at org.testng.TestRunner.privateRun(TestRunner.java:774)
	at org.testng.TestRunner.run(TestRunner.java:624)
	at org.testng.SuiteRunner.runTest(SuiteRunner.java:359)
	at org.testng.SuiteRunner.runSequentially(SuiteRunner.java:354)
	at org.testng.SuiteRunner.privateRun(SuiteRunner.java:312)
	at org.testng.SuiteRunner.run(SuiteRunner.java:261)
	at org.testng.SuiteRunnerWorker.runSuite(SuiteRunnerWorker.java:52)
	at org.testng.SuiteRunnerWorker.run(SuiteRunnerWorker.java:86)
	at org.testng.TestNG.runSuitesSequentially(TestNG.java:1215)
	at org.testng.TestNG.runSuitesLocally(TestNG.java:1140)
	at org.testng.TestNG.run(TestNG.java:1048)
	at org.apache.maven.surefire.testng.TestNGExecutor.run(TestNGExecutor.java:293)
	at org.apache.maven.surefire.testng.TestNGXmlTestSuite.execute(TestNGXmlTestSuite.java:84)
	at org.apache.maven.surefire.testng.TestNGProvider.invoke(TestNGProvider.java:91)
	at org.apache.maven.surefire.booter.ForkedBooter.invokeProviderInSameClassLoader(ForkedBooter.java:200)
	at org.apache.maven.surefire.booter.ForkedBooter.runSuitesInProcess(ForkedBooter.java:153)
	at org.apache.maven.surefire.booter.ForkedBooter.main(ForkedBooter.java:103)
]]>
    </failure>
  </testcase> <!-- C6_white_admin2 -->
  <testcase name="B1_black_admin1" time="16.723" classname="com.yeastar.swebtest.testcase.DetailCase.pbxcase.Blacklist_Whitelist"/>
  <testcase name="D6_white_me5" time="21.433" classname="com.yeastar.swebtest.testcase.DetailCase.pbxcase.Blacklist_Whitelist"/>
  <testcase name="D5_black_me3" time="17.172" classname="com.yeastar.swebtest.testcase.DetailCase.pbxcase.Blacklist_Whitelist"/>
  <testcase name="D4_white_me2" time="21.617" classname="com.yeastar.swebtest.testcase.DetailCase.pbxcase.Blacklist_Whitelist"/>
  <testcase name="C8_white_admin3" time="28.761" classname="com.yeastar.swebtest.testcase.DetailCase.pbxcase.Blacklist_Whitelist"/>
  <testcase name="D3_black_me3" time="17.093" classname="com.yeastar.swebtest.testcase.DetailCase.pbxcase.Blacklist_Whitelist"/>
  <testcase name="B4_white_admin2" time="28.677" classname="com.yeastar.swebtest.testcase.DetailCase.pbxcase.Blacklist_Whitelist"/>
  <testcase name="C3_black_admin4" time="11.090" classname="com.yeastar.swebtest.testcase.DetailCase.pbxcase.Blacklist_Whitelist"/>
  <testcase name="B3_black_admin3" time="11.593" classname="com.yeastar.swebtest.testcase.DetailCase.pbxcase.Blacklist_Whitelist"/>
  <testcase name="C1_black_admin7" time="12.175" classname="com.yeastar.swebtest.testcase.DetailCase.pbxcase.Blacklist_Whitelist"/>
  <testcase name="C9_EmergencyNumber1" time="26.601" classname="com.yeastar.swebtest.testcase.DetailCase.pbxcase.Blacklist_Whitelist"/>
  <testcase name="D5_black_me1" time="39.222" classname="com.yeastar.swebtest.testcase.DetailCase.pbxcase.Blacklist_Whitelist"/>
  <testcase name="C7_black_admin1" time="34.723" classname="com.yeastar.swebtest.testcase.DetailCase.pbxcase.Blacklist_Whitelist"/>
  <testcase name="C9_EmergencyNumber4" time="9.789" classname="com.yeastar.swebtest.testcase.DetailCase.pbxcase.Blacklist_Whitelist"/>
  <testcase name="C5_black_admin5" time="11.110" classname="com.yeastar.swebtest.testcase.DetailCase.pbxcase.Blacklist_Whitelist"/>
  <testcase name="C8_white_admin1" time="17.202" classname="com.yeastar.swebtest.testcase.DetailCase.pbxcase.Blacklist_Whitelist"/>
  <testcase name="C1_black_admin4" time="11.095" classname="com.yeastar.swebtest.testcase.DetailCase.pbxcase.Blacklist_Whitelist"/>
  <testcase name="C4_white_admin3" time="11.092" classname="com.yeastar.swebtest.testcase.DetailCase.pbxcase.Blacklist_Whitelist"/>
  <testcase name="B2_white_admin2" time="28.549" classname="com.yeastar.swebtest.testcase.DetailCase.pbxcase.Blacklist_Whitelist"/>
  <testcase name="D1_black_me4" time="21.868" classname="com.yeastar.swebtest.testcase.DetailCase.pbxcase.Blacklist_Whitelist"/>
  <testcase name="B5_black_admin6" time="28.799" classname="com.yeastar.swebtest.testcase.DetailCase.pbxcase.Blacklist_Whitelist"/>
  <testcase name="D4_white_me1" time="14.301" classname="com.yeastar.swebtest.testcase.DetailCase.pbxcase.Blacklist_Whitelist"/>
  <testcase name="C6_white_admin3" time="28.668" classname="com.yeastar.swebtest.testcase.DetailCase.pbxcase.Blacklist_Whitelist"/>
  <testcase name="B7_black_admin1" time="37.432" classname="com.yeastar.swebtest.testcase.DetailCase.pbxcase.Blacklist_Whitelist"/>
  <testcase name="B2_white_admin1" time="19.772" classname="com.yeastar.swebtest.testcase.DetailCase.pbxcase.Blacklist_Whitelist"/>
  <testcase name="C1_black_admin6" time="29.092" classname="com.yeastar.swebtest.testcase.DetailCase.pbxcase.Blacklist_Whitelist"/>
  <testcase name="B1_black_admin3" time="11.104" classname="com.yeastar.swebtest.testcase.DetailCase.pbxcase.Blacklist_Whitelist"/>
  <testcase name="C5_black_admin2" time="11.095" classname="com.yeastar.swebtest.testcase.DetailCase.pbxcase.Blacklist_Whitelist"/>
  <testcase name="B4_white_admin1" time="21.839" classname="com.yeastar.swebtest.testcase.DetailCase.pbxcase.Blacklist_Whitelist"/>
  <testcase name="B2_white_admin3" time="11.176" classname="com.yeastar.swebtest.testcase.DetailCase.pbxcase.Blacklist_Whitelist"/>
  <testcase name="C4_white_admin2" time="45.654" classname="com.yeastar.swebtest.testcase.DetailCase.pbxcase.Blacklist_Whitelist"/>
  <testcase name="B5_black_admin1" time="38.305" classname="com.yeastar.swebtest.testcase.DetailCase.pbxcase.Blacklist_Whitelist"/>
  <testcase name="C6_white_admin1" time="21.719" classname="com.yeastar.swebtest.testcase.DetailCase.pbxcase.Blacklist_Whitelist"/>
  <testcase name="C8_white_admin4" time="26.949" classname="com.yeastar.swebtest.testcase.DetailCase.pbxcase.Blacklist_Whitelist"/>
  <testcase name="B6_white_admin2" time="28.657" classname="com.yeastar.swebtest.testcase.DetailCase.pbxcase.Blacklist_Whitelist"/>
  <testcase name="D6_white_me2" time="21.515" classname="com.yeastar.swebtest.testcase.DetailCase.pbxcase.Blacklist_Whitelist"/>
  <testcase name="C1_black_admin5" time="45.603" classname="com.yeastar.swebtest.testcase.DetailCase.pbxcase.Blacklist_Whitelist"/>
  <testcase name="D6_white_me4" time="27.193" classname="com.yeastar.swebtest.testcase.DetailCase.pbxcase.Blacklist_Whitelist"/>
  <testcase name="A1_addExtensions" time="59.064" classname="com.yeastar.swebtest.testcase.DetailCase.pbxcase.Blacklist_Whitelist"/>
  <testcase name="D6_white_me8" time="21.454" classname="com.yeastar.swebtest.testcase.DetailCase.pbxcase.Blacklist_Whitelist"/>
  <testcase name="C5_black_admin3" time="11.233" classname="com.yeastar.swebtest.testcase.DetailCase.pbxcase.Blacklist_Whitelist"/>
  <testcase name="C8_white_admin6" time="28.544" classname="com.yeastar.swebtest.testcase.DetailCase.pbxcase.Blacklist_Whitelist"/>
  <testcase name="D6_white_me9" time="21.753" classname="com.yeastar.swebtest.testcase.DetailCase.pbxcase.Blacklist_Whitelist"/>
  <testcase name="D3_black_me1" time="31.923" classname="com.yeastar.swebtest.testcase.DetailCase.pbxcase.Blacklist_Whitelist"/>
  <testcase name="C9_EmergencyNumber3" time="28.583" classname="com.yeastar.swebtest.testcase.DetailCase.pbxcase.Blacklist_Whitelist"/>
  <testcase name="C3_black_admin2" time="45.746" classname="com.yeastar.swebtest.testcase.DetailCase.pbxcase.Blacklist_Whitelist"/>
  <testcase name="C9_EmergencyNumber2" time="21.152" classname="com.yeastar.swebtest.testcase.DetailCase.pbxcase.Blacklist_Whitelist"/>
  <testcase name="D6_white_me3" time="17.088" classname="com.yeastar.swebtest.testcase.DetailCase.pbxcase.Blacklist_Whitelist"/>
  <testcase name="D1_black_me1" time="40.110" classname="com.yeastar.swebtest.testcase.DetailCase.pbxcase.Blacklist_Whitelist"/>
  <testcase name="C2_white_admin5" time="29.145" classname="com.yeastar.swebtest.testcase.DetailCase.pbxcase.Blacklist_Whitelist"/>
  <testcase name="D3_black_me2" time="22.600" classname="com.yeastar.swebtest.testcase.DetailCase.pbxcase.Blacklist_Whitelist"/>
  <testcase name="C7_black_admin3" time="11.183" classname="com.yeastar.swebtest.testcase.DetailCase.pbxcase.Blacklist_Whitelist"/>
  <testcase name="C1_black_admin3" time="11.196" classname="com.yeastar.swebtest.testcase.DetailCase.pbxcase.Blacklist_Whitelist"/>
  <testcase name="C2_white_admin1" time="19.707" classname="com.yeastar.swebtest.testcase.DetailCase.pbxcase.Blacklist_Whitelist"/>
  <testcase name="B8_white_admin2" time="30.618" classname="com.yeastar.swebtest.testcase.DetailCase.pbxcase.Blacklist_Whitelist"/>
  <testcase name="B3_black_admin1" time="35.891" classname="com.yeastar.swebtest.testcase.DetailCase.pbxcase.Blacklist_Whitelist"/>
  <testcase name="C7_black_admin5" time="11.185" classname="com.yeastar.swebtest.testcase.DetailCase.pbxcase.Blacklist_Whitelist"/>
  <testcase name="C7_black_admin4" time="11.094" classname="com.yeastar.swebtest.testcase.DetailCase.pbxcase.Blacklist_Whitelist"/>
  <testcase name="C2_white_admin2" time="11.088" classname="com.yeastar.swebtest.testcase.DetailCase.pbxcase.Blacklist_Whitelist"/>
  <testcase name="C8_white_admin5" time="11.103" classname="com.yeastar.swebtest.testcase.DetailCase.pbxcase.Blacklist_Whitelist"/>
  <testcase name="D1_black_me2" time="17.104" classname="com.yeastar.swebtest.testcase.DetailCase.pbxcase.Blacklist_Whitelist"/>
  <testcase name="C1_black_admin1" time="38.591" classname="com.yeastar.swebtest.testcase.DetailCase.pbxcase.Blacklist_Whitelist"/>
</testsuite> <!-- com.yeastar.swebtest.testcase.DetailCase.pbxcase.Blacklist_Whitelist -->
