<?xml version="1.0" encoding="UTF-8"?>
<!-- Generated by org.testng.reporters.JUnitReportReporter -->
<testsuite hostname="Yeastar-PC" name="com.yeastar.swebtest.testcase.DetailCase.pbxcase.Disa" tests="60" failures="2" timestamp="20 Apr 2018 01:18:00 GMT" time="2121.581" errors="0">
  <testcase name="F2_checkPin3" time="54.739" classname="com.yeastar.swebtest.testcase.DetailCase.pbxcase.Disa"/>
  <testcase name="D_checkTrunk5" time="39.784" classname="com.yeastar.swebtest.testcase.DetailCase.pbxcase.Disa"/>
  <testcase name="G1_editSinglePin" time="37.488" classname="com.yeastar.swebtest.testcase.DetailCase.pbxcase.Disa"/>
  <testcase name="D_checkTrunk1" time="40.278" classname="com.yeastar.swebtest.testcase.DetailCase.pbxcase.Disa"/>
  <testcase name="B3_addDisa1" time="40.998" classname="com.yeastar.swebtest.testcase.DetailCase.pbxcase.Disa"/>
  <testcase name="K4_deletePart_no" time="14.388" classname="com.yeastar.swebtest.testcase.DetailCase.pbxcase.Disa"/>
  <testcase name="H1_editNone" time="31.324" classname="com.yeastar.swebtest.testcase.DetailCase.pbxcase.Disa"/>
  <testcase name="I2_editResponse" time="30.578" classname="com.yeastar.swebtest.testcase.DetailCase.pbxcase.Disa"/>
  <testcase name="D_checkTrunk9" time="0.018" classname="com.yeastar.swebtest.testcase.DetailCase.pbxcase.Disa"/>
  <testcase name="D_checkTrunk6" time="0.018" classname="com.yeastar.swebtest.testcase.DetailCase.pbxcase.Disa"/>
  <testcase name="K2_deleteOne_no" time="19.754" classname="com.yeastar.swebtest.testcase.DetailCase.pbxcase.Disa"/>
  <testcase name="B1_addUnavil" time="25.303" classname="com.yeastar.swebtest.testcase.DetailCase.pbxcase.Disa"/>
  <testcase name="C_editInRoute" time="57.231" classname="com.yeastar.swebtest.testcase.DetailCase.pbxcase.Disa"/>
  <testcase name="G4_editSinglePin" time="30.608" classname="com.yeastar.swebtest.testcase.DetailCase.pbxcase.Disa"/>
  <testcase name="F3_editInRoute" time="35.991" classname="com.yeastar.swebtest.testcase.DetailCase.pbxcase.Disa"/>
  <testcase name="J3_checkDigit" time="74.871" classname="com.yeastar.swebtest.testcase.DetailCase.pbxcase.Disa"/>
  <testcase name="B2_addRoute2" time="14.276" classname="com.yeastar.swebtest.testcase.DetailCase.pbxcase.Disa"/>
  <testcase name="E5_editDisa" time="35.371" classname="com.yeastar.swebtest.testcase.DetailCase.pbxcase.Disa"/>
  <testcase name="F1_editPin" time="37.502" classname="com.yeastar.swebtest.testcase.DetailCase.pbxcase.Disa"/>
  <testcase name="F4_checkPin4" time="65.095" classname="com.yeastar.swebtest.testcase.DetailCase.pbxcase.Disa"/>
  <testcase name="L3_addDisa" time="28.220" classname="com.yeastar.swebtest.testcase.DetailCase.pbxcase.Disa"/>
  <testcase name="D_checkTrunk7" time="40.622" classname="com.yeastar.swebtest.testcase.DetailCase.pbxcase.Disa"/>
  <testcase name="H3_editNone" time="31.626" classname="com.yeastar.swebtest.testcase.DetailCase.pbxcase.Disa"/>
  <testcase name="E4_checkPriority" time="50.462" classname="com.yeastar.swebtest.testcase.DetailCase.pbxcase.Disa">
    <failure type="java.lang.AssertionError" message="CDR呼叫方检测 【预期：2001 [2001] 实际：3001 [3001]】">
      <![CDATA[java.lang.AssertionError: CDR呼叫方检测 【预期：2001 [2001] 实际：3001 [3001]】
	at com.yeastar.swebtest.tools.ysassert.YsAssert.fail(YsAssert.java:1086)
	at com.yeastar.swebtest.tools.ysassert.YsAssert.failNotEquals(YsAssert.java:579)
	at com.yeastar.swebtest.tools.ysassert.YsAssert.assertEqualsImpl(YsAssert.java:142)
	at com.yeastar.swebtest.tools.ysassert.YsAssert.assertEquals(YsAssert.java:116)
	at com.yeastar.swebtest.tools.ysassert.YsAssert.assertEquals(YsAssert.java:199)
	at com.yeastar.swebtest.driver.YSMethod.YS_Extension.checkCDR(YS_Extension.java:262)
	at com.yeastar.swebtest.driver.YSMethod.YS_Extension.checkCDR(YS_Extension.java:252)
	at com.yeastar.swebtest.testcase.DetailCase.pbxcase.Disa.E4_checkPriority(Disa.java:448)
	at sun.reflect.NativeMethodAccessorImpl.invoke0(Native Method)
	at sun.reflect.NativeMethodAccessorImpl.invoke(NativeMethodAccessorImpl.java:62)
	at sun.reflect.DelegatingMethodAccessorImpl.invoke(DelegatingMethodAccessorImpl.java:43)
	at java.lang.reflect.Method.invoke(Method.java:498)
	at org.testng.internal.MethodInvocationHelper.invokeMethod(MethodInvocationHelper.java:85)
	at org.testng.internal.Invoker.invokeMethod(Invoker.java:639)
	at org.testng.internal.Invoker.invokeTestMethod(Invoker.java:816)
	at org.testng.internal.Invoker.invokeTestMethods(Invoker.java:1124)
	at org.testng.internal.TestMethodWorker.invokeTestMethods(TestMethodWorker.java:125)
	at org.testng.internal.TestMethodWorker.run(TestMethodWorker.java:108)
	at org.testng.TestRunner.privateRun(TestRunner.java:774)
	at org.testng.TestRunner.run(TestRunner.java:624)
	at org.testng.SuiteRunner.runTest(SuiteRunner.java:359)
	at org.testng.SuiteRunner.runSequentially(SuiteRunner.java:354)
	at org.testng.SuiteRunner.privateRun(SuiteRunner.java:312)
	at org.testng.SuiteRunner.run(SuiteRunner.java:261)
	at org.testng.SuiteRunnerWorker.runSuite(SuiteRunnerWorker.java:52)
	at org.testng.SuiteRunnerWorker.run(SuiteRunnerWorker.java:86)
	at org.testng.TestNG.runSuitesSequentially(TestNG.java:1215)
	at org.testng.TestNG.runSuitesLocally(TestNG.java:1140)
	at org.testng.TestNG.run(TestNG.java:1048)
	at org.apache.maven.surefire.testng.TestNGExecutor.run(TestNGExecutor.java:293)
	at org.apache.maven.surefire.testng.TestNGXmlTestSuite.execute(TestNGXmlTestSuite.java:84)
	at org.apache.maven.surefire.testng.TestNGProvider.invoke(TestNGProvider.java:91)
	at org.apache.maven.surefire.booter.ForkedBooter.invokeProviderInSameClassLoader(ForkedBooter.java:200)
	at org.apache.maven.surefire.booter.ForkedBooter.runSuitesInProcess(ForkedBooter.java:153)
	at org.apache.maven.surefire.booter.ForkedBooter.main(ForkedBooter.java:103)
]]>
    </failure>
  </testcase> <!-- E4_checkPriority -->
  <testcase name="J1_checkDigit" time="32.661" classname="com.yeastar.swebtest.testcase.DetailCase.pbxcase.Disa"/>
  <testcase name="L2_recovery_deleteTrunk" time="35.774" classname="com.yeastar.swebtest.testcase.DetailCase.pbxcase.Disa"/>
  <testcase name="D_checkTrunk3" time="39.722" classname="com.yeastar.swebtest.testcase.DetailCase.pbxcase.Disa"/>
  <testcase name="E2_checkPriority2" time="39.740" classname="com.yeastar.swebtest.testcase.DetailCase.pbxcase.Disa"/>
  <testcase name="K8_checkDestination" time="11.099" classname="com.yeastar.swebtest.testcase.DetailCase.pbxcase.Disa"/>
  <testcase name="H4_newCall" time="73.197" classname="com.yeastar.swebtest.testcase.DetailCase.pbxcase.Disa"/>
  <testcase name="K1_addDisa" time="16.111" classname="com.yeastar.swebtest.testcase.DetailCase.pbxcase.Disa"/>
  <testcase name="K6_deleteAll_no" time="9.798" classname="com.yeastar.swebtest.testcase.DetailCase.pbxcase.Disa"/>
  <testcase name="B2_addRoute1" time="24.747" classname="com.yeastar.swebtest.testcase.DetailCase.pbxcase.Disa"/>
  <testcase name="J2_editDigit" time="30.871" classname="com.yeastar.swebtest.testcase.DetailCase.pbxcase.Disa"/>
  <testcase name="J4_checkDigit" time="35.620" classname="com.yeastar.swebtest.testcase.DetailCase.pbxcase.Disa"/>
  <testcase name="D_checkTrunk8" time="2.083" classname="com.yeastar.swebtest.testcase.DetailCase.pbxcase.Disa"/>
  <testcase name="G2_checkSiglePin" time="70.418" classname="com.yeastar.swebtest.testcase.DetailCase.pbxcase.Disa">
    <failure type="java.lang.AssertionError" message="CDR呼叫方检测 【预期：2001 [2001] 实际：3001 [3001]】">
      <![CDATA[java.lang.AssertionError: CDR呼叫方检测 【预期：2001 [2001] 实际：3001 [3001]】
	at com.yeastar.swebtest.tools.ysassert.YsAssert.fail(YsAssert.java:1086)
	at com.yeastar.swebtest.tools.ysassert.YsAssert.failNotEquals(YsAssert.java:579)
	at com.yeastar.swebtest.tools.ysassert.YsAssert.assertEqualsImpl(YsAssert.java:142)
	at com.yeastar.swebtest.tools.ysassert.YsAssert.assertEquals(YsAssert.java:116)
	at com.yeastar.swebtest.tools.ysassert.YsAssert.assertEquals(YsAssert.java:199)
	at com.yeastar.swebtest.driver.YSMethod.YS_Extension.checkCDR(YS_Extension.java:262)
	at com.yeastar.swebtest.driver.YSMethod.YS_Extension.checkCDR(YS_Extension.java:252)
	at com.yeastar.swebtest.testcase.DetailCase.pbxcase.Disa.G2_checkSiglePin(Disa.java:652)
	at sun.reflect.NativeMethodAccessorImpl.invoke0(Native Method)
	at sun.reflect.NativeMethodAccessorImpl.invoke(NativeMethodAccessorImpl.java:62)
	at sun.reflect.DelegatingMethodAccessorImpl.invoke(DelegatingMethodAccessorImpl.java:43)
	at java.lang.reflect.Method.invoke(Method.java:498)
	at org.testng.internal.MethodInvocationHelper.invokeMethod(MethodInvocationHelper.java:85)
	at org.testng.internal.Invoker.invokeMethod(Invoker.java:639)
	at org.testng.internal.Invoker.invokeTestMethod(Invoker.java:816)
	at org.testng.internal.Invoker.invokeTestMethods(Invoker.java:1124)
	at org.testng.internal.TestMethodWorker.invokeTestMethods(TestMethodWorker.java:125)
	at org.testng.internal.TestMethodWorker.run(TestMethodWorker.java:108)
	at org.testng.TestRunner.privateRun(TestRunner.java:774)
	at org.testng.TestRunner.run(TestRunner.java:624)
	at org.testng.SuiteRunner.runTest(SuiteRunner.java:359)
	at org.testng.SuiteRunner.runSequentially(SuiteRunner.java:354)
	at org.testng.SuiteRunner.privateRun(SuiteRunner.java:312)
	at org.testng.SuiteRunner.run(SuiteRunner.java:261)
	at org.testng.SuiteRunnerWorker.runSuite(SuiteRunnerWorker.java:52)
	at org.testng.SuiteRunnerWorker.run(SuiteRunnerWorker.java:86)
	at org.testng.TestNG.runSuitesSequentially(TestNG.java:1215)
	at org.testng.TestNG.runSuitesLocally(TestNG.java:1140)
	at org.testng.TestNG.run(TestNG.java:1048)
	at org.apache.maven.surefire.testng.TestNGExecutor.run(TestNGExecutor.java:293)
	at org.apache.maven.surefire.testng.TestNGXmlTestSuite.execute(TestNGXmlTestSuite.java:84)
	at org.apache.maven.surefire.testng.TestNGProvider.invoke(TestNGProvider.java:91)
	at org.apache.maven.surefire.booter.ForkedBooter.invokeProviderInSameClassLoader(ForkedBooter.java:200)
	at org.apache.maven.surefire.booter.ForkedBooter.runSuitesInProcess(ForkedBooter.java:153)
	at org.apache.maven.surefire.booter.ForkedBooter.main(ForkedBooter.java:103)
]]>
    </failure>
  </testcase> <!-- G2_checkSiglePin -->
  <testcase name="F2_checkPin1" time="38.118" classname="com.yeastar.swebtest.testcase.DetailCase.pbxcase.Disa"/>
  <testcase name="I3_checkResponse2" time="63.554" classname="com.yeastar.swebtest.testcase.DetailCase.pbxcase.Disa"/>
  <testcase name="I3_checkResponse1" time="37.112" classname="com.yeastar.swebtest.testcase.DetailCase.pbxcase.Disa"/>
  <testcase name="G5_newCall" time="104.343" classname="com.yeastar.swebtest.testcase.DetailCase.pbxcase.Disa"/>
  <testcase name="K3_deleteOne_yes" time="27.893" classname="com.yeastar.swebtest.testcase.DetailCase.pbxcase.Disa"/>
  <testcase name="I1_checkResponse" time="27.089" classname="com.yeastar.swebtest.testcase.DetailCase.pbxcase.Disa"/>
  <testcase name="E7_recoveryOutRoute" time="27.707" classname="com.yeastar.swebtest.testcase.DetailCase.pbxcase.Disa"/>
  <testcase name="E1_editInRoute" time="33.575" classname="com.yeastar.swebtest.testcase.DetailCase.pbxcase.Disa"/>
  <testcase name="H2_checkNewNone" time="9.092" classname="com.yeastar.swebtest.testcase.DetailCase.pbxcase.Disa"/>
  <testcase name="D_checkTrunk4" time="40.878" classname="com.yeastar.swebtest.testcase.DetailCase.pbxcase.Disa"/>
  <testcase name="E2_checkPriority1" time="39.851" classname="com.yeastar.swebtest.testcase.DetailCase.pbxcase.Disa"/>
  <testcase name="A_addExtensions" time="27.503" classname="com.yeastar.swebtest.testcase.DetailCase.pbxcase.Disa"/>
  <testcase name="E6_checkPriority" time="40.809" classname="com.yeastar.swebtest.testcase.DetailCase.pbxcase.Disa"/>
  <testcase name="L4_addInRoute" time="55.871" classname="com.yeastar.swebtest.testcase.DetailCase.pbxcase.Disa"/>
  <testcase name="B3_addDisa2" time="10.837" classname="com.yeastar.swebtest.testcase.DetailCase.pbxcase.Disa"/>
  <testcase name="G3_checkNewSinglePin" time="34.194" classname="com.yeastar.swebtest.testcase.DetailCase.pbxcase.Disa"/>
  <testcase name="K5_deletePart_yes" time="13.371" classname="com.yeastar.swebtest.testcase.DetailCase.pbxcase.Disa"/>
  <testcase name="L1_recovery_deleteRoute" time="37.496" classname="com.yeastar.swebtest.testcase.DetailCase.pbxcase.Disa"/>
  <testcase name="F2_checkPin2" time="63.444" classname="com.yeastar.swebtest.testcase.DetailCase.pbxcase.Disa"/>
  <testcase name="E2_checkPriority3" time="49.773" classname="com.yeastar.swebtest.testcase.DetailCase.pbxcase.Disa"/>
  <testcase name="K7_deleteAll_yes" time="13.336" classname="com.yeastar.swebtest.testcase.DetailCase.pbxcase.Disa"/>
  <testcase name="E3_editOutRoute" time="27.602" classname="com.yeastar.swebtest.testcase.DetailCase.pbxcase.Disa"/>
  <testcase name="D_checkTrunk2" time="39.747" classname="com.yeastar.swebtest.testcase.DetailCase.pbxcase.Disa"/>
</testsuite> <!-- com.yeastar.swebtest.testcase.DetailCase.pbxcase.Disa -->
