<?xml version="1.0" encoding="UTF-8"?>
<!-- Generated by org.testng.reporters.JUnitReportReporter -->
<testsuite hostname="Yeastar-PC" name="com.yeastar.swebtest.testcase.DetailCase.pbxcase.OutboundRoutes" tests="88" failures="1" timestamp="20 Apr 2018 01:18:00 GMT" time="4679.765" errors="0">
  <testcase name="K1_editPatterns" time="56.848" classname="com.yeastar.swebtest.testcase.DetailCase.pbxcase.OutboundRoutes"/>
  <testcase name="K1_editPatterns" time="56.853" classname="com.yeastar.swebtest.testcase.DetailCase.pbxcase.OutboundRoutes"/>
  <testcase name="K1_editPatterns" time="56.925" classname="com.yeastar.swebtest.testcase.DetailCase.pbxcase.OutboundRoutes"/>
  <testcase name="K2_editPatterns" time="44.392" classname="com.yeastar.swebtest.testcase.DetailCase.pbxcase.OutboundRoutes"/>
  <testcase name="Q_recovery1" time="102.768" classname="com.yeastar.swebtest.testcase.DetailCase.pbxcase.OutboundRoutes"/>
  <testcase name="K2_editPatterns" time="44.458" classname="com.yeastar.swebtest.testcase.DetailCase.pbxcase.OutboundRoutes"/>
  <testcase name="N_import" time="18.659" classname="com.yeastar.swebtest.testcase.DetailCase.pbxcase.OutboundRoutes"/>
  <testcase name="K1_editPatterns" time="57.275" classname="com.yeastar.swebtest.testcase.DetailCase.pbxcase.OutboundRoutes"/>
  <testcase name="K2_editPatterns" time="44.482" classname="com.yeastar.swebtest.testcase.DetailCase.pbxcase.OutboundRoutes"/>
  <testcase name="K2_editPatterns" time="44.379" classname="com.yeastar.swebtest.testcase.DetailCase.pbxcase.OutboundRoutes"/>
  <testcase name="K1_editPatterns" time="58.107" classname="com.yeastar.swebtest.testcase.DetailCase.pbxcase.OutboundRoutes"/>
  <testcase name="K1_editPatterns" time="57.588" classname="com.yeastar.swebtest.testcase.DetailCase.pbxcase.OutboundRoutes"/>
  <testcase name="G_rrmemory_hunt" time="220.399" classname="com.yeastar.swebtest.testcase.DetailCase.pbxcase.OutboundRoutes"/>
  <testcase name="K1_editPatterns" time="57.110" classname="com.yeastar.swebtest.testcase.DetailCase.pbxcase.OutboundRoutes"/>
  <testcase name="L8_checkPassword4" time="76.946" classname="com.yeastar.swebtest.testcase.DetailCase.pbxcase.OutboundRoutes"/>
  <testcase name="K1_editPatterns" time="56.669" classname="com.yeastar.swebtest.testcase.DetailCase.pbxcase.OutboundRoutes"/>
  <testcase name="A_addTrunk" time="26.504" classname="com.yeastar.swebtest.testcase.DetailCase.pbxcase.OutboundRoutes"/>
  <testcase name="L1_editPassword" time="75.431" classname="com.yeastar.swebtest.testcase.DetailCase.pbxcase.OutboundRoutes"/>
  <testcase name="K1_editPatterns" time="57.192" classname="com.yeastar.swebtest.testcase.DetailCase.pbxcase.OutboundRoutes"/>
  <testcase name="K1_editPatterns" time="57.015" classname="com.yeastar.swebtest.testcase.DetailCase.pbxcase.OutboundRoutes"/>
  <testcase name="M2_timeCondition1" time="80.265" classname="com.yeastar.swebtest.testcase.DetailCase.pbxcase.OutboundRoutes"/>
  <testcase name="K1_editPatterns" time="57.434" classname="com.yeastar.swebtest.testcase.DetailCase.pbxcase.OutboundRoutes"/>
  <testcase name="K1_editPatterns" time="56.915" classname="com.yeastar.swebtest.testcase.DetailCase.pbxcase.OutboundRoutes"/>
  <testcase name="K1_editPatterns" time="56.716" classname="com.yeastar.swebtest.testcase.DetailCase.pbxcase.OutboundRoutes"/>
  <testcase name="K1_editPatterns" time="56.835" classname="com.yeastar.swebtest.testcase.DetailCase.pbxcase.OutboundRoutes"/>
  <testcase name="P4_deletePart_yes" time="13.321" classname="com.yeastar.swebtest.testcase.DetailCase.pbxcase.OutboundRoutes"/>
  <testcase name="P6_deleteAll_yes" time="13.285" classname="com.yeastar.swebtest.testcase.DetailCase.pbxcase.OutboundRoutes"/>
  <testcase name="L7_editPassword4" time="30.010" classname="com.yeastar.swebtest.testcase.DetailCase.pbxcase.OutboundRoutes"/>
  <testcase name="P2_deleteOne_yes" time="27.320" classname="com.yeastar.swebtest.testcase.DetailCase.pbxcase.OutboundRoutes"/>
  <testcase name="K2_editPatterns" time="44.384" classname="com.yeastar.swebtest.testcase.DetailCase.pbxcase.OutboundRoutes"/>
  <testcase name="K2_editPatterns" time="44.428" classname="com.yeastar.swebtest.testcase.DetailCase.pbxcase.OutboundRoutes"/>
  <testcase name="K1_editPatterns" time="57.184" classname="com.yeastar.swebtest.testcase.DetailCase.pbxcase.OutboundRoutes"/>
  <testcase name="C_call" time="47.485" classname="com.yeastar.swebtest.testcase.DetailCase.pbxcase.OutboundRoutes">
    <failure type="java.lang.AssertionError" message=" 录音失败">
      <![CDATA[java.lang.AssertionError:  录音失败
	at com.yeastar.swebtest.tools.ysassert.YsAssert.fail(YsAssert.java:1086)
	at com.yeastar.swebtest.testcase.RegressionCase.pbxcase.Outbound.A_out1_sip(Outbound.java:63)
	at com.yeastar.swebtest.testcase.DetailCase.pbxcase.OutboundRoutes.C_call(OutboundRoutes.java:96)
	at sun.reflect.NativeMethodAccessorImpl.invoke0(Native Method)
	at sun.reflect.NativeMethodAccessorImpl.invoke(NativeMethodAccessorImpl.java:62)
	at sun.reflect.DelegatingMethodAccessorImpl.invoke(DelegatingMethodAccessorImpl.java:43)
	at java.lang.reflect.Method.invoke(Method.java:498)
	at org.testng.internal.MethodInvocationHelper.invokeMethod(MethodInvocationHelper.java:85)
	at org.testng.internal.Invoker.invokeMethod(Invoker.java:639)
	at org.testng.internal.Invoker.invokeTestMethod(Invoker.java:816)
	at org.testng.internal.Invoker.invokeTestMethods(Invoker.java:1124)
	at org.testng.internal.TestMethodWorker.invokeTestMethods(TestMethodWorker.java:125)
	at org.testng.internal.TestMethodWorker.run(TestMethodWorker.java:108)
	at org.testng.TestRunner.privateRun(TestRunner.java:774)
	at org.testng.TestRunner.run(TestRunner.java:624)
	at org.testng.SuiteRunner.runTest(SuiteRunner.java:359)
	at org.testng.SuiteRunner.runSequentially(SuiteRunner.java:354)
	at org.testng.SuiteRunner.privateRun(SuiteRunner.java:312)
	at org.testng.SuiteRunner.run(SuiteRunner.java:261)
	at org.testng.SuiteRunnerWorker.runSuite(SuiteRunnerWorker.java:52)
	at org.testng.SuiteRunnerWorker.run(SuiteRunnerWorker.java:86)
	at org.testng.TestNG.runSuitesSequentially(TestNG.java:1215)
	at org.testng.TestNG.runSuitesLocally(TestNG.java:1140)
	at org.testng.TestNG.run(TestNG.java:1048)
	at org.apache.maven.surefire.testng.TestNGExecutor.run(TestNGExecutor.java:293)
	at org.apache.maven.surefire.testng.TestNGXmlTestSuite.execute(TestNGXmlTestSuite.java:84)
	at org.apache.maven.surefire.testng.TestNGProvider.invoke(TestNGProvider.java:91)
	at org.apache.maven.surefire.booter.ForkedBooter.invokeProviderInSameClassLoader(ForkedBooter.java:200)
	at org.apache.maven.surefire.booter.ForkedBooter.runSuitesInProcess(ForkedBooter.java:153)
	at org.apache.maven.surefire.booter.ForkedBooter.main(ForkedBooter.java:103)
]]>
    </failure>
  </testcase> <!-- C_call -->
  <testcase name="D_deleteOutBoundRoutes" time="22.733" classname="com.yeastar.swebtest.testcase.DetailCase.pbxcase.OutboundRoutes"/>
  <testcase name="K1_editPatterns" time="57.921" classname="com.yeastar.swebtest.testcase.DetailCase.pbxcase.OutboundRoutes"/>
  <testcase name="K1_editPatterns" time="57.232" classname="com.yeastar.swebtest.testcase.DetailCase.pbxcase.OutboundRoutes"/>
  <testcase name="K2_editPatterns" time="44.327" classname="com.yeastar.swebtest.testcase.DetailCase.pbxcase.OutboundRoutes"/>
  <testcase name="P5_deleteAll_no" time="9.771" classname="com.yeastar.swebtest.testcase.DetailCase.pbxcase.OutboundRoutes"/>
  <testcase name="K1_editPatterns" time="57.958" classname="com.yeastar.swebtest.testcase.DetailCase.pbxcase.OutboundRoutes"/>
  <testcase name="K1_editPatterns" time="56.840" classname="com.yeastar.swebtest.testcase.DetailCase.pbxcase.OutboundRoutes"/>
  <testcase name="K1_editPatterns" time="61.098" classname="com.yeastar.swebtest.testcase.DetailCase.pbxcase.OutboundRoutes"/>
  <testcase name="K2_editPatterns" time="44.449" classname="com.yeastar.swebtest.testcase.DetailCase.pbxcase.OutboundRoutes"/>
  <testcase name="P8_addTime" time="36.027" classname="com.yeastar.swebtest.testcase.DetailCase.pbxcase.OutboundRoutes"/>
  <testcase name="K1_editPatterns" time="58.295" classname="com.yeastar.swebtest.testcase.DetailCase.pbxcase.OutboundRoutes"/>
  <testcase name="O_checkPriority2" time="67.428" classname="com.yeastar.swebtest.testcase.DetailCase.pbxcase.OutboundRoutes"/>
  <testcase name="K1_editPatterns" time="57.304" classname="com.yeastar.swebtest.testcase.DetailCase.pbxcase.OutboundRoutes"/>
  <testcase name="P3_deletePart_no" time="21.450" classname="com.yeastar.swebtest.testcase.DetailCase.pbxcase.OutboundRoutes"/>
  <testcase name="K2_editPatterns" time="44.292" classname="com.yeastar.swebtest.testcase.DetailCase.pbxcase.OutboundRoutes"/>
  <testcase name="K1_editPatterns" time="58.001" classname="com.yeastar.swebtest.testcase.DetailCase.pbxcase.OutboundRoutes"/>
  <testcase name="K1_editPatterns" time="56.781" classname="com.yeastar.swebtest.testcase.DetailCase.pbxcase.OutboundRoutes"/>
  <testcase name="K1_editPatterns" time="56.883" classname="com.yeastar.swebtest.testcase.DetailCase.pbxcase.OutboundRoutes"/>
  <testcase name="Q_recovery2" time="40.814" classname="com.yeastar.swebtest.testcase.DetailCase.pbxcase.OutboundRoutes"/>
  <testcase name="O_checkPriority3" time="82.489" classname="com.yeastar.swebtest.testcase.DetailCase.pbxcase.OutboundRoutes"/>
  <testcase name="K1_editPatterns" time="57.994" classname="com.yeastar.swebtest.testcase.DetailCase.pbxcase.OutboundRoutes"/>
  <testcase name="L6_checkPassword3" time="62.189" classname="com.yeastar.swebtest.testcase.DetailCase.pbxcase.OutboundRoutes"/>
  <testcase name="P9_deleteTrunk" time="35.595" classname="com.yeastar.swebtest.testcase.DetailCase.pbxcase.OutboundRoutes"/>
  <testcase name="K1_editPatterns" time="56.752" classname="com.yeastar.swebtest.testcase.DetailCase.pbxcase.OutboundRoutes"/>
  <testcase name="P7_deleteTime" time="30.165" classname="com.yeastar.swebtest.testcase.DetailCase.pbxcase.OutboundRoutes"/>
  <testcase name="K1_editPatterns" time="56.860" classname="com.yeastar.swebtest.testcase.DetailCase.pbxcase.OutboundRoutes"/>
  <testcase name="L5_editPassword3" time="29.503" classname="com.yeastar.swebtest.testcase.DetailCase.pbxcase.OutboundRoutes"/>
  <testcase name="H_editSecond" time="35.666" classname="com.yeastar.swebtest.testcase.DetailCase.pbxcase.OutboundRoutes"/>
  <testcase name="M1_addTimeCondition" time="32.014" classname="com.yeastar.swebtest.testcase.DetailCase.pbxcase.OutboundRoutes"/>
  <testcase name="K1_editPatterns" time="57.242" classname="com.yeastar.swebtest.testcase.DetailCase.pbxcase.OutboundRoutes"/>
  <testcase name="J_editOutBound" time="65.627" classname="com.yeastar.swebtest.testcase.DetailCase.pbxcase.OutboundRoutes"/>
  <testcase name="K1_editPatterns" time="56.884" classname="com.yeastar.swebtest.testcase.DetailCase.pbxcase.OutboundRoutes"/>
  <testcase name="K1_editPatterns" time="57.016" classname="com.yeastar.swebtest.testcase.DetailCase.pbxcase.OutboundRoutes"/>
  <testcase name="K1_editPatterns" time="58.184" classname="com.yeastar.swebtest.testcase.DetailCase.pbxcase.OutboundRoutes"/>
  <testcase name="I_checkPatterns" time="98.990" classname="com.yeastar.swebtest.testcase.DetailCase.pbxcase.OutboundRoutes"/>
  <testcase name="K1_editPatterns" time="56.963" classname="com.yeastar.swebtest.testcase.DetailCase.pbxcase.OutboundRoutes"/>
  <testcase name="L2_checkPassword" time="82.787" classname="com.yeastar.swebtest.testcase.DetailCase.pbxcase.OutboundRoutes"/>
  <testcase name="K1_editPatterns" time="57.354" classname="com.yeastar.swebtest.testcase.DetailCase.pbxcase.OutboundRoutes"/>
  <testcase name="P1_deleteOne_no" time="25.289" classname="com.yeastar.swebtest.testcase.DetailCase.pbxcase.OutboundRoutes"/>
  <testcase name="K2_editPatterns" time="44.453" classname="com.yeastar.swebtest.testcase.DetailCase.pbxcase.OutboundRoutes"/>
  <testcase name="K1_editPatterns" time="57.908" classname="com.yeastar.swebtest.testcase.DetailCase.pbxcase.OutboundRoutes"/>
  <testcase name="E_editOutRoute" time="77.536" classname="com.yeastar.swebtest.testcase.DetailCase.pbxcase.OutboundRoutes"/>
  <testcase name="K1_editPatterns" time="56.939" classname="com.yeastar.swebtest.testcase.DetailCase.pbxcase.OutboundRoutes"/>
  <testcase name="K1_editPatterns" time="56.891" classname="com.yeastar.swebtest.testcase.DetailCase.pbxcase.OutboundRoutes"/>
  <testcase name="K1_editPatterns" time="56.830" classname="com.yeastar.swebtest.testcase.DetailCase.pbxcase.OutboundRoutes"/>
  <testcase name="K1_editPatterns" time="56.927" classname="com.yeastar.swebtest.testcase.DetailCase.pbxcase.OutboundRoutes"/>
  <testcase name="B_addExtensions" time="37.367" classname="com.yeastar.swebtest.testcase.DetailCase.pbxcase.OutboundRoutes"/>
  <testcase name="L4_checkPassword2" time="64.642" classname="com.yeastar.swebtest.testcase.DetailCase.pbxcase.OutboundRoutes"/>
  <testcase name="M2_timeCondition2" time="47.380" classname="com.yeastar.swebtest.testcase.DetailCase.pbxcase.OutboundRoutes"/>
  <testcase name="K1_editPatterns" time="56.904" classname="com.yeastar.swebtest.testcase.DetailCase.pbxcase.OutboundRoutes"/>
  <testcase name="O_checkPriority1" time="45.636" classname="com.yeastar.swebtest.testcase.DetailCase.pbxcase.OutboundRoutes"/>
  <testcase name="K1_editPatterns" time="57.039" classname="com.yeastar.swebtest.testcase.DetailCase.pbxcase.OutboundRoutes"/>
  <testcase name="K1_editPatterns" time="57.234" classname="com.yeastar.swebtest.testcase.DetailCase.pbxcase.OutboundRoutes"/>
  <testcase name="F_checkMember" time="11.112" classname="com.yeastar.swebtest.testcase.DetailCase.pbxcase.OutboundRoutes"/>
  <testcase name="L3_editPassword2" time="34.218" classname="com.yeastar.swebtest.testcase.DetailCase.pbxcase.OutboundRoutes"/>
</testsuite> <!-- com.yeastar.swebtest.testcase.DetailCase.pbxcase.OutboundRoutes -->
