<?xml version="1.0" encoding="UTF-8"?>
<!-- Generated by org.testng.reporters.JUnitReportReporter -->
<testsuite hostname="Yeastar-PC" name="com.yeastar.swebtest.testcase.DetailCase.pbxcase.Disa" tests="58" failures="1" timestamp="15 Oct 2018 15:52:52 GMT" time="2046.395" errors="0">
  <testcase name="D_checkTrunk6" time="0.046" classname="com.yeastar.swebtest.testcase.DetailCase.pbxcase.Disa"/>
  <testcase name="B2_addRoute1" time="18.074" classname="com.yeastar.swebtest.testcase.DetailCase.pbxcase.Disa"/>
  <testcase name="E7_recoveryOutRoute" time="27.586" classname="com.yeastar.swebtest.testcase.DetailCase.pbxcase.Disa"/>
  <testcase name="E5_editDisa" time="36.995" classname="com.yeastar.swebtest.testcase.DetailCase.pbxcase.Disa"/>
  <testcase name="E1_editInRoute" time="30.332" classname="com.yeastar.swebtest.testcase.DetailCase.pbxcase.Disa"/>
  <testcase name="E3_editOutRoute" time="27.625" classname="com.yeastar.swebtest.testcase.DetailCase.pbxcase.Disa"/>
  <testcase name="A1_addExtensions" time="22.891" classname="com.yeastar.swebtest.testcase.DetailCase.pbxcase.Disa"/>
  <testcase name="B2_addRoute2" time="13.114" classname="com.yeastar.swebtest.testcase.DetailCase.pbxcase.Disa"/>
  <testcase name="H3_editNone" time="32.967" classname="com.yeastar.swebtest.testcase.DetailCase.pbxcase.Disa"/>
  <testcase name="F4_checkPin4" time="65.109" classname="com.yeastar.swebtest.testcase.DetailCase.pbxcase.Disa"/>
  <testcase name="L2_recovery_deleteTrunk" time="22.027" classname="com.yeastar.swebtest.testcase.DetailCase.pbxcase.Disa"/>
  <testcase name="K2_deleteOne_no" time="19.944" classname="com.yeastar.swebtest.testcase.DetailCase.pbxcase.Disa"/>
  <testcase name="J2_editDigit" time="32.351" classname="com.yeastar.swebtest.testcase.DetailCase.pbxcase.Disa"/>
  <testcase name="G1_editSinglePin" time="39.057" classname="com.yeastar.swebtest.testcase.DetailCase.pbxcase.Disa"/>
  <testcase name="E4_checkPriority" time="40.190" classname="com.yeastar.swebtest.testcase.DetailCase.pbxcase.Disa"/>
  <testcase name="D_checkTrunk9" time="48.395" classname="com.yeastar.swebtest.testcase.DetailCase.pbxcase.Disa">
    <failure type="java.lang.AssertionError" message="CDR呼叫方检测 【预期：2001 [2001] 实际：3001 [3001]】">
      <![CDATA[java.lang.AssertionError: CDR呼叫方检测 【预期：2001 [2001] 实际：3001 [3001]】
	at com.yeastar.swebtest.tools.ysassert.YsAssert.fail(YsAssert.java:1092)
	at com.yeastar.swebtest.tools.ysassert.YsAssert.failNotEquals(YsAssert.java:583)
	at com.yeastar.swebtest.tools.ysassert.YsAssert.assertEqualsImpl(YsAssert.java:146)
	at com.yeastar.swebtest.tools.ysassert.YsAssert.assertEquals(YsAssert.java:120)
	at com.yeastar.swebtest.tools.ysassert.YsAssert.assertEquals(YsAssert.java:203)
	at com.yeastar.swebtest.driver.YSMethod.YS_Extension.checkCDR(YS_Extension.java:288)
	at com.yeastar.swebtest.driver.YSMethod.YS_Extension.checkCDR(YS_Extension.java:278)
	at com.yeastar.swebtest.testcase.DetailCase.pbxcase.Disa.D_checkTrunk9(Disa.java:367)
	at sun.reflect.NativeMethodAccessorImpl.invoke0(Native Method)
	at sun.reflect.NativeMethodAccessorImpl.invoke(NativeMethodAccessorImpl.java:62)
	at sun.reflect.DelegatingMethodAccessorImpl.invoke(DelegatingMethodAccessorImpl.java:43)
	at java.lang.reflect.Method.invoke(Method.java:498)
	at org.testng.internal.MethodInvocationHelper.invokeMethod(MethodInvocationHelper.java:85)
	at org.testng.internal.Invoker.invokeMethod(Invoker.java:639)
	at org.testng.internal.Invoker.invokeTestMethod(Invoker.java:816)
	at org.testng.internal.Invoker.invokeTestMethods(Invoker.java:1124)
	at org.testng.internal.TestMethodWorker.invokeTestMethods(TestMethodWorker.java:125)
	at org.testng.internal.TestMethodWorker.run(TestMethodWorker.java:108)
	at org.testng.TestRunner.privateRun(TestRunner.java:774)
	at org.testng.TestRunner.run(TestRunner.java:624)
	at org.testng.SuiteRunner.runTest(SuiteRunner.java:359)
	at org.testng.SuiteRunner.runSequentially(SuiteRunner.java:354)
	at org.testng.SuiteRunner.privateRun(SuiteRunner.java:312)
	at org.testng.SuiteRunner.run(SuiteRunner.java:261)
	at org.testng.SuiteRunnerWorker.runSuite(SuiteRunnerWorker.java:52)
	at org.testng.SuiteRunnerWorker.run(SuiteRunnerWorker.java:86)
	at org.testng.TestNG.runSuitesSequentially(TestNG.java:1215)
	at org.testng.TestNG.runSuitesLocally(TestNG.java:1140)
	at org.testng.TestNG.run(TestNG.java:1048)
	at org.apache.maven.surefire.testng.TestNGExecutor.run(TestNGExecutor.java:293)
	at org.apache.maven.surefire.testng.TestNGXmlTestSuite.execute(TestNGXmlTestSuite.java:84)
	at org.apache.maven.surefire.testng.TestNGProvider.invoke(TestNGProvider.java:91)
	at org.apache.maven.surefire.booter.ForkedBooter.invokeProviderInSameClassLoader(ForkedBooter.java:200)
	at org.apache.maven.surefire.booter.ForkedBooter.runSuitesInProcess(ForkedBooter.java:153)
	at org.apache.maven.surefire.booter.ForkedBooter.main(ForkedBooter.java:103)
]]>
    </failure>
  </testcase> <!-- D_checkTrunk9 -->
  <testcase name="E2_checkPriority3" time="49.697" classname="com.yeastar.swebtest.testcase.DetailCase.pbxcase.Disa"/>
  <testcase name="H1_editNone" time="32.878" classname="com.yeastar.swebtest.testcase.DetailCase.pbxcase.Disa"/>
  <testcase name="K6_deleteAll_no" time="9.778" classname="com.yeastar.swebtest.testcase.DetailCase.pbxcase.Disa"/>
  <testcase name="I1_checkResponse" time="24.130" classname="com.yeastar.swebtest.testcase.DetailCase.pbxcase.Disa"/>
  <testcase name="D_checkTrunk3" time="0.042" classname="com.yeastar.swebtest.testcase.DetailCase.pbxcase.Disa"/>
  <testcase name="K3_deleteOne_yes" time="27.986" classname="com.yeastar.swebtest.testcase.DetailCase.pbxcase.Disa"/>
  <testcase name="H2_checkNewNone" time="11.182" classname="com.yeastar.swebtest.testcase.DetailCase.pbxcase.Disa"/>
  <testcase name="H4_newCall" time="76.133" classname="com.yeastar.swebtest.testcase.DetailCase.pbxcase.Disa"/>
  <testcase name="I3_checkResponse2" time="63.590" classname="com.yeastar.swebtest.testcase.DetailCase.pbxcase.Disa"/>
  <testcase name="D_checkTrunk5" time="0.040" classname="com.yeastar.swebtest.testcase.DetailCase.pbxcase.Disa"/>
  <testcase name="D_checkTrunk7" time="0.082" classname="com.yeastar.swebtest.testcase.DetailCase.pbxcase.Disa"/>
  <testcase name="E2_checkPriority2" time="39.810" classname="com.yeastar.swebtest.testcase.DetailCase.pbxcase.Disa"/>
  <testcase name="D_checkTrunk2" time="36.648" classname="com.yeastar.swebtest.testcase.DetailCase.pbxcase.Disa"/>
  <testcase name="J4_checkDigit" time="32.637" classname="com.yeastar.swebtest.testcase.DetailCase.pbxcase.Disa"/>
  <testcase name="G3_checkNewSinglePin" time="166.179" classname="com.yeastar.swebtest.testcase.DetailCase.pbxcase.Disa"/>
  <testcase name="K7_deleteAll_yes" time="13.325" classname="com.yeastar.swebtest.testcase.DetailCase.pbxcase.Disa"/>
  <testcase name="D_checkTrunk8" time="0.010" classname="com.yeastar.swebtest.testcase.DetailCase.pbxcase.Disa"/>
  <testcase name="E2_checkPriority1" time="39.915" classname="com.yeastar.swebtest.testcase.DetailCase.pbxcase.Disa"/>
  <testcase name="I2_editResponse" time="32.027" classname="com.yeastar.swebtest.testcase.DetailCase.pbxcase.Disa"/>
  <testcase name="L3_addDisa" time="38.040" classname="com.yeastar.swebtest.testcase.DetailCase.pbxcase.Disa"/>
  <testcase name="G2_checkSiglePin" time="69.659" classname="com.yeastar.swebtest.testcase.DetailCase.pbxcase.Disa"/>
  <testcase name="F2_checkPin1" time="35.156" classname="com.yeastar.swebtest.testcase.DetailCase.pbxcase.Disa"/>
  <testcase name="F2_checkPin2" time="63.492" classname="com.yeastar.swebtest.testcase.DetailCase.pbxcase.Disa"/>
  <testcase name="J1_checkDigit" time="28.690" classname="com.yeastar.swebtest.testcase.DetailCase.pbxcase.Disa"/>
  <testcase name="K8_checkDestination" time="10.149" classname="com.yeastar.swebtest.testcase.DetailCase.pbxcase.Disa"/>
  <testcase name="B3_addDisa2" time="10.657" classname="com.yeastar.swebtest.testcase.DetailCase.pbxcase.Disa"/>
  <testcase name="K1_addDisa" time="16.015" classname="com.yeastar.swebtest.testcase.DetailCase.pbxcase.Disa"/>
  <testcase name="E6_checkPriority" time="40.189" classname="com.yeastar.swebtest.testcase.DetailCase.pbxcase.Disa"/>
  <testcase name="D_checkTrunk1" time="39.667" classname="com.yeastar.swebtest.testcase.DetailCase.pbxcase.Disa"/>
  <testcase name="F1_editPin" time="39.029" classname="com.yeastar.swebtest.testcase.DetailCase.pbxcase.Disa"/>
  <testcase name="K4_deletePart_no" time="15.958" classname="com.yeastar.swebtest.testcase.DetailCase.pbxcase.Disa"/>
  <testcase name="B1_addUnavil" time="23.842" classname="com.yeastar.swebtest.testcase.DetailCase.pbxcase.Disa"/>
  <testcase name="F3_editInRoute" time="31.412" classname="com.yeastar.swebtest.testcase.DetailCase.pbxcase.Disa"/>
  <testcase name="J3_checkDigit" time="74.652" classname="com.yeastar.swebtest.testcase.DetailCase.pbxcase.Disa"/>
  <testcase name="L1_recovery_deleteRoute" time="32.423" classname="com.yeastar.swebtest.testcase.DetailCase.pbxcase.Disa"/>
  <testcase name="B3_addDisa1" time="75.466" classname="com.yeastar.swebtest.testcase.DetailCase.pbxcase.Disa"/>
  <testcase name="C1_editInRoute" time="85.759" classname="com.yeastar.swebtest.testcase.DetailCase.pbxcase.Disa"/>
  <testcase name="L4_addInRoute" time="84.494" classname="com.yeastar.swebtest.testcase.DetailCase.pbxcase.Disa"/>
  <testcase name="D_checkTrunk4" time="0.026" classname="com.yeastar.swebtest.testcase.DetailCase.pbxcase.Disa"/>
  <testcase name="F2_checkPin3" time="51.422" classname="com.yeastar.swebtest.testcase.DetailCase.pbxcase.Disa"/>
  <testcase name="I3_checkResponse1" time="34.066" classname="com.yeastar.swebtest.testcase.DetailCase.pbxcase.Disa"/>
  <testcase name="K5_deletePart_yes" time="13.340" classname="com.yeastar.swebtest.testcase.DetailCase.pbxcase.Disa"/>
</testsuite> <!-- com.yeastar.swebtest.testcase.DetailCase.pbxcase.Disa -->
