<?xml version="1.0" encoding="UTF-8"?>
<!-- Generated by org.testng.reporters.JUnitReportReporter -->
<testsuite hostname="Yeastar-PC" name="com.yeastar.swebtest.testcase.DetailCase.pbxcase.AutoCLIP" tests="74" failures="0" timestamp="20 Apr 2018 01:18:00 GMT" time="2058.322" errors="0">
  <testcase name="L_addCallRecord1" time="28.684" classname="com.yeastar.swebtest.testcase.DetailCase.pbxcase.AutoCLIP"/>
  <testcase name="J3_checkUsedRecord_makeCall" time="33.341" classname="com.yeastar.swebtest.testcase.DetailCase.pbxcase.AutoCLIP"/>
  <testcase name="F2_matchOutTrunk_makeCall2" time="34.818" classname="com.yeastar.swebtest.testcase.DetailCase.pbxcase.AutoCLIP"/>
  <testcase name="G2_makeCall1_sps_accept" time="35.204" classname="com.yeastar.swebtest.testcase.DetailCase.pbxcase.AutoCLIP"/>
  <testcase name="J6_checkUsedRecord_makeCall" time="33.664" classname="com.yeastar.swebtest.testcase.DetailCase.pbxcase.AutoCLIP"/>
  <testcase name="G3_makeCall_sps_reject" time="51.909" classname="com.yeastar.swebtest.testcase.DetailCase.pbxcase.AutoCLIP"/>
  <testcase name="E1_editAutoCLIP" time="26.363" classname="com.yeastar.swebtest.testcase.DetailCase.pbxcase.AutoCLIP"/>
  <testcase name="F1_matchOutTrunk_edit" time="27.443" classname="com.yeastar.swebtest.testcase.DetailCase.pbxcase.AutoCLIP"/>
  <testcase name="K5_checkTrunk_sip" time="33.192" classname="com.yeastar.swebtest.testcase.DetailCase.pbxcase.AutoCLIP"/>
  <testcase name="J4_disUsedRecord" time="13.235" classname="com.yeastar.swebtest.testcase.DetailCase.pbxcase.AutoCLIP"/>
  <testcase name="K8_makeCall_sip_noAnswer" time="28.700" classname="com.yeastar.swebtest.testcase.DetailCase.pbxcase.AutoCLIP"/>
  <testcase name="J1_deleteUsedRecords" time="13.306" classname="com.yeastar.swebtest.testcase.DetailCase.pbxcase.AutoCLIP"/>
  <testcase name="H2_checkMissRecord_SPX" time="33.209" classname="com.yeastar.swebtest.testcase.DetailCase.pbxcase.AutoCLIP"/>
  <testcase name="D2_checkTrunk9_GSM" time="0.021" classname="com.yeastar.swebtest.testcase.DetailCase.pbxcase.AutoCLIP"/>
  <testcase name="D1_makeCall4" time="31.555" classname="com.yeastar.swebtest.testcase.DetailCase.pbxcase.AutoCLIP"/>
  <testcase name="K4_makeCall2_SPS_noAnswer" time="28.681" classname="com.yeastar.swebtest.testcase.DetailCase.pbxcase.AutoCLIP"/>
  <testcase name="D3_diffNum1" time="37.634" classname="com.yeastar.swebtest.testcase.DetailCase.pbxcase.AutoCLIP"/>
  <testcase name="I9_checkMissRecord1" time="28.675" classname="com.yeastar.swebtest.testcase.DetailCase.pbxcase.AutoCLIP"/>
  <testcase name="F3_matchOutTrunk2" time="28.781" classname="com.yeastar.swebtest.testcase.DetailCase.pbxcase.AutoCLIP"/>
  <testcase name="M4_deltePart_yes" time="5.263" classname="com.yeastar.swebtest.testcase.DetailCase.pbxcase.AutoCLIP"/>
  <testcase name="A_addExtension" time="33.310" classname="com.yeastar.swebtest.testcase.DetailCase.pbxcase.AutoCLIP"/>
  <testcase name="D2_checkTrunk2_SIP" time="31.655" classname="com.yeastar.swebtest.testcase.DetailCase.pbxcase.AutoCLIP"/>
  <testcase name="D2_checkTrunk1_SPS" time="36.608" classname="com.yeastar.swebtest.testcase.DetailCase.pbxcase.AutoCLIP"/>
  <testcase name="I5_checkMissRecord_BRI" time="29.098" classname="com.yeastar.swebtest.testcase.DetailCase.pbxcase.AutoCLIP"/>
  <testcase name="K6_checkTrunk_sps" time="28.769" classname="com.yeastar.swebtest.testcase.DetailCase.pbxcase.AutoCLIP"/>
  <testcase name="K1_combine" time="31.466" classname="com.yeastar.swebtest.testcase.DetailCase.pbxcase.AutoCLIP"/>
  <testcase name="J5_makeCall_SPS" time="28.618" classname="com.yeastar.swebtest.testcase.DetailCase.pbxcase.AutoCLIP"/>
  <testcase name="I3_checkMissRecord_SPS" time="28.742" classname="com.yeastar.swebtest.testcase.DetailCase.pbxcase.AutoCLIP"/>
  <testcase name="F4_disMatchOutTrunk" time="12.511" classname="com.yeastar.swebtest.testcase.DetailCase.pbxcase.AutoCLIP"/>
  <testcase name="H4_checkMissRecord_E1" time="0.017" classname="com.yeastar.swebtest.testcase.DetailCase.pbxcase.AutoCLIP"/>
  <testcase name="M6_delteAll_yes" time="5.218" classname="com.yeastar.swebtest.testcase.DetailCase.pbxcase.AutoCLIP"/>
  <testcase name="I4_checkMissRecord_SPX" time="33.766" classname="com.yeastar.swebtest.testcase.DetailCase.pbxcase.AutoCLIP"/>
  <testcase name="B1_default" time="37.221" classname="com.yeastar.swebtest.testcase.DetailCase.pbxcase.AutoCLIP"/>
  <testcase name="D2_checkTrunk5_SPX" time="36.758" classname="com.yeastar.swebtest.testcase.DetailCase.pbxcase.AutoCLIP"/>
  <testcase name="D1_makeCall2" time="31.771" classname="com.yeastar.swebtest.testcase.DetailCase.pbxcase.AutoCLIP"/>
  <testcase name="L_addCallRecord3" time="37.680" classname="com.yeastar.swebtest.testcase.DetailCase.pbxcase.AutoCLIP"/>
  <testcase name="B3_checkDefault" time="31.594" classname="com.yeastar.swebtest.testcase.DetailCase.pbxcase.AutoCLIP"/>
  <testcase name="E2_checkDigits_makeCall" time="33.408" classname="com.yeastar.swebtest.testcase.DetailCase.pbxcase.AutoCLIP"/>
  <testcase name="D2_checkTrunk4_IAX" time="32.707" classname="com.yeastar.swebtest.testcase.DetailCase.pbxcase.AutoCLIP"/>
  <testcase name="B2_checkDefault" time="67.649" classname="com.yeastar.swebtest.testcase.DetailCase.pbxcase.AutoCLIP"/>
  <testcase name="G1_OnlyMissedRecord" time="29.408" classname="com.yeastar.swebtest.testcase.DetailCase.pbxcase.AutoCLIP"/>
  <testcase name="N_recovery" time="17.528" classname="com.yeastar.swebtest.testcase.DetailCase.pbxcase.AutoCLIP"/>
  <testcase name="C_addAllTrunk" time="11.331" classname="com.yeastar.swebtest.testcase.DetailCase.pbxcase.AutoCLIP"/>
  <testcase name="M3_deletePart_no" time="18.363" classname="com.yeastar.swebtest.testcase.DetailCase.pbxcase.AutoCLIP"/>
  <testcase name="L_addCallRecord5" time="28.656" classname="com.yeastar.swebtest.testcase.DetailCase.pbxcase.AutoCLIP"/>
  <testcase name="K9_checkTrunk_sip" time="33.561" classname="com.yeastar.swebtest.testcase.DetailCase.pbxcase.AutoCLIP"/>
  <testcase name="F5_matchOutTrunk" time="33.662" classname="com.yeastar.swebtest.testcase.DetailCase.pbxcase.AutoCLIP"/>
  <testcase name="I6_checkMissRecord_E1" time="0.017" classname="com.yeastar.swebtest.testcase.DetailCase.pbxcase.AutoCLIP"/>
  <testcase name="M1_deleteOne_no" time="21.016" classname="com.yeastar.swebtest.testcase.DetailCase.pbxcase.AutoCLIP"/>
  <testcase name="D2_checkTrunk7_PSTN" time="34.636" classname="com.yeastar.swebtest.testcase.DetailCase.pbxcase.AutoCLIP"/>
  <testcase name="K2_makeCall_sps_accept" time="31.279" classname="com.yeastar.swebtest.testcase.DetailCase.pbxcase.AutoCLIP"/>
  <testcase name="F2_matchOutTrunk_makeCall1" time="28.738" classname="com.yeastar.swebtest.testcase.DetailCase.pbxcase.AutoCLIP"/>
  <testcase name="K4_makeCall1_SPS_noAnswer" time="28.707" classname="com.yeastar.swebtest.testcase.DetailCase.pbxcase.AutoCLIP"/>
  <testcase name="F3_matchOutTrunk1" time="33.715" classname="com.yeastar.swebtest.testcase.DetailCase.pbxcase.AutoCLIP"/>
  <testcase name="D2_checkTrunk8_E1" time="0.018" classname="com.yeastar.swebtest.testcase.DetailCase.pbxcase.AutoCLIP"/>
  <testcase name="I8_disMissRecord" time="12.266" classname="com.yeastar.swebtest.testcase.DetailCase.pbxcase.AutoCLIP"/>
  <testcase name="E3_checkDigits2" time="34.716" classname="com.yeastar.swebtest.testcase.DetailCase.pbxcase.AutoCLIP"/>
  <testcase name="H1_checkMissRecord_SPS" time="33.701" classname="com.yeastar.swebtest.testcase.DetailCase.pbxcase.AutoCLIP"/>
  <testcase name="M5_delteAll_no" time="9.794" classname="com.yeastar.swebtest.testcase.DetailCase.pbxcase.AutoCLIP"/>
  <testcase name="L_addCallRecord4" time="28.647" classname="com.yeastar.swebtest.testcase.DetailCase.pbxcase.AutoCLIP"/>
  <testcase name="E3_checkDigits1" time="35.880" classname="com.yeastar.swebtest.testcase.DetailCase.pbxcase.AutoCLIP"/>
  <testcase name="M2_deleteOne_yes" time="16.734" classname="com.yeastar.swebtest.testcase.DetailCase.pbxcase.AutoCLIP"/>
  <testcase name="D1_makeCall1" time="36.406" classname="com.yeastar.swebtest.testcase.DetailCase.pbxcase.AutoCLIP"/>
  <testcase name="D3_diffNum2_makeCall" time="29.774" classname="com.yeastar.swebtest.testcase.DetailCase.pbxcase.AutoCLIP"/>
  <testcase name="K7_checkUsedRecord" time="33.648" classname="com.yeastar.swebtest.testcase.DetailCase.pbxcase.AutoCLIP"/>
  <testcase name="K3_checkTrunk_sps" time="28.557" classname="com.yeastar.swebtest.testcase.DetailCase.pbxcase.AutoCLIP"/>
  <testcase name="H3_checkMissRecord_BRI" time="29.070" classname="com.yeastar.swebtest.testcase.DetailCase.pbxcase.AutoCLIP"/>
  <testcase name="I1_makeCall_SPS_noAnswer" time="29.687" classname="com.yeastar.swebtest.testcase.DetailCase.pbxcase.AutoCLIP"/>
  <testcase name="D3_diffNum3" time="28.574" classname="com.yeastar.swebtest.testcase.DetailCase.pbxcase.AutoCLIP"/>
  <testcase name="I9_checkMissRecord2" time="28.620" classname="com.yeastar.swebtest.testcase.DetailCase.pbxcase.AutoCLIP"/>
  <testcase name="J2_checkUsedRecord_makeCall" time="33.497" classname="com.yeastar.swebtest.testcase.DetailCase.pbxcase.AutoCLIP"/>
  <testcase name="J7_checkUsedRecord_makeCall" time="29.300" classname="com.yeastar.swebtest.testcase.DetailCase.pbxcase.AutoCLIP"/>
  <testcase name="L_addCallRecord2" time="29.967" classname="com.yeastar.swebtest.testcase.DetailCase.pbxcase.AutoCLIP"/>
  <testcase name="D2_checkTrunk6_BRI" time="36.605" classname="com.yeastar.swebtest.testcase.DetailCase.pbxcase.AutoCLIP"/>
</testsuite> <!-- com.yeastar.swebtest.testcase.DetailCase.pbxcase.AutoCLIP -->
