<?xml version="1.0" encoding="UTF-8"?>
<!-- Generated by org.testng.reporters.JUnitReportReporter -->
<testsuite hostname="Yeastar-PC" name="com.yeastar.swebtest.testcase.DetailCase.pbxcase.OutboundRestriction" tests="77" failures="0" timestamp="20 Apr 2018 01:18:00 GMT" time="3274.933" errors="0">
  <testcase name="I_recovery2" time="17.854" classname="com.yeastar.swebtest.testcase.DetailCase.pbxcase.OutboundRestriction"/>
  <testcase name="G5_checkRestriction1" time="135.770" classname="com.yeastar.swebtest.testcase.DetailCase.pbxcase.OutboundRestriction"/>
  <testcase name="E3_check2_callOut" time="12.114" classname="com.yeastar.swebtest.testcase.DetailCase.pbxcase.OutboundRestriction"/>
  <testcase name="A_addExtension" time="51.936" classname="com.yeastar.swebtest.testcase.DetailCase.pbxcase.OutboundRestriction"/>
  <testcase name="I_recovery4" time="32.266" classname="com.yeastar.swebtest.testcase.DetailCase.pbxcase.OutboundRestriction"/>
  <testcase name="H4_deleteAll_yes" time="13.399" classname="com.yeastar.swebtest.testcase.DetailCase.pbxcase.OutboundRestriction"/>
  <testcase name="I_recovery7" time="50.121" classname="com.yeastar.swebtest.testcase.DetailCase.pbxcase.OutboundRestriction"/>
  <testcase name="D1_checkCallIn5_bri" time="28.727" classname="com.yeastar.swebtest.testcase.DetailCase.pbxcase.OutboundRestriction"/>
  <testcase name="E9_checkExtension3" time="12.564" classname="com.yeastar.swebtest.testcase.DetailCase.pbxcase.OutboundRestriction"/>
  <testcase name="G7_checkRestriction1" time="29.919" classname="com.yeastar.swebtest.testcase.DetailCase.pbxcase.OutboundRestriction"/>
  <testcase name="F3_CancelRestriction" time="41.909" classname="com.yeastar.swebtest.testcase.DetailCase.pbxcase.OutboundRestriction"/>
  <testcase name="D2_checkCallIn1_internal" time="28.659" classname="com.yeastar.swebtest.testcase.DetailCase.pbxcase.OutboundRestriction"/>
  <testcase name="C3_checkCallOut5_e1" time="0.035" classname="com.yeastar.swebtest.testcase.DetailCase.pbxcase.OutboundRestriction"/>
  <testcase name="E9_checkExtension1" time="29.830" classname="com.yeastar.swebtest.testcase.DetailCase.pbxcase.OutboundRestriction"/>
  <testcase name="F1_removeExtension" time="27.658" classname="com.yeastar.swebtest.testcase.DetailCase.pbxcase.OutboundRestriction"/>
  <testcase name="E7_3editOutRoute" time="126.556" classname="com.yeastar.swebtest.testcase.DetailCase.pbxcase.OutboundRestriction"/>
  <testcase name="E2_Restriction2" time="215.675" classname="com.yeastar.swebtest.testcase.DetailCase.pbxcase.OutboundRestriction"/>
  <testcase name="E2_Restriction3" time="215.798" classname="com.yeastar.swebtest.testcase.DetailCase.pbxcase.OutboundRestriction"/>
  <testcase name="G2_checkRestriction1" time="239.990" classname="com.yeastar.swebtest.testcase.DetailCase.pbxcase.OutboundRestriction"/>
  <testcase name="E7_2editExtensionGroup" time="33.445" classname="com.yeastar.swebtest.testcase.DetailCase.pbxcase.OutboundRestriction"/>
  <testcase name="C3_checkCallOut2_spx" time="12.109" classname="com.yeastar.swebtest.testcase.DetailCase.pbxcase.OutboundRestriction"/>
  <testcase name="D4_checkCallOut_sps" time="12.111" classname="com.yeastar.swebtest.testcase.DetailCase.pbxcase.OutboundRestriction"/>
  <testcase name="D7_checkExtension_yes" time="15.638" classname="com.yeastar.swebtest.testcase.DetailCase.pbxcase.OutboundRestriction"/>
  <testcase name="D1_checkCallIn3_iax" time="30.150" classname="com.yeastar.swebtest.testcase.DetailCase.pbxcase.OutboundRestriction"/>
  <testcase name="D1_checkCallIn6_e1" time="0.025" classname="com.yeastar.swebtest.testcase.DetailCase.pbxcase.OutboundRestriction"/>
  <testcase name="D1_checkCallIn1_sip" time="29.889" classname="com.yeastar.swebtest.testcase.DetailCase.pbxcase.OutboundRestriction"/>
  <testcase name="E7_4editInRoute" time="35.023" classname="com.yeastar.swebtest.testcase.DetailCase.pbxcase.OutboundRestriction"/>
  <testcase name="E2_Restriction1" time="196.590" classname="com.yeastar.swebtest.testcase.DetailCase.pbxcase.OutboundRestriction"/>
  <testcase name="E3_check5_callIn_internal" time="29.821" classname="com.yeastar.swebtest.testcase.DetailCase.pbxcase.OutboundRestriction"/>
  <testcase name="I_recovery6" time="39.905" classname="com.yeastar.swebtest.testcase.DetailCase.pbxcase.OutboundRestriction"/>
  <testcase name="E7_1addExtension" time="63.321" classname="com.yeastar.swebtest.testcase.DetailCase.pbxcase.OutboundRestriction"/>
  <testcase name="D1_checkCallIn7_pstn" time="29.297" classname="com.yeastar.swebtest.testcase.DetailCase.pbxcase.OutboundRestriction"/>
  <testcase name="C3_checkCallOut8_account" time="0.039" classname="com.yeastar.swebtest.testcase.DetailCase.pbxcase.OutboundRestriction"/>
  <testcase name="E9_checkExtension2" time="29.741" classname="com.yeastar.swebtest.testcase.DetailCase.pbxcase.OutboundRestriction"/>
  <testcase name="F6_checkRestriction" time="12.162" classname="com.yeastar.swebtest.testcase.DetailCase.pbxcase.OutboundRestriction"/>
  <testcase name="F2_checkExtension" time="12.599" classname="com.yeastar.swebtest.testcase.DetailCase.pbxcase.OutboundRestriction"/>
  <testcase name="D1_checkCallIn9_account" time="0.022" classname="com.yeastar.swebtest.testcase.DetailCase.pbxcase.OutboundRestriction"/>
  <testcase name="H1_deletePart_no" time="15.838" classname="com.yeastar.swebtest.testcase.DetailCase.pbxcase.OutboundRestriction"/>
  <testcase name="C3_checkCallOut1_sip" time="12.106" classname="com.yeastar.swebtest.testcase.DetailCase.pbxcase.OutboundRestriction"/>
  <testcase name="G6_CancelRestriction2" time="21.778" classname="com.yeastar.swebtest.testcase.DetailCase.pbxcase.OutboundRestriction"/>
  <testcase name="I_recovery3" time="46.740" classname="com.yeastar.swebtest.testcase.DetailCase.pbxcase.OutboundRestriction"/>
  <testcase name="C3_checkCallOut6_pstn" time="12.766" classname="com.yeastar.swebtest.testcase.DetailCase.pbxcase.OutboundRestriction"/>
  <testcase name="C1_checkRestriction" time="249.253" classname="com.yeastar.swebtest.testcase.DetailCase.pbxcase.OutboundRestriction"/>
  <testcase name="C3_checkCallOut4_bri" time="12.123" classname="com.yeastar.swebtest.testcase.DetailCase.pbxcase.OutboundRestriction"/>
  <testcase name="I_recovery1" time="7.043" classname="com.yeastar.swebtest.testcase.DetailCase.pbxcase.OutboundRestriction"/>
  <testcase name="C3_checkCallOut7_gsm" time="0.024" classname="com.yeastar.swebtest.testcase.DetailCase.pbxcase.OutboundRestriction"/>
  <testcase name="E8_registerExtension" time="14.209" classname="com.yeastar.swebtest.testcase.DetailCase.pbxcase.OutboundRestriction"/>
  <testcase name="E3_check6_EmergencyNum" time="55.532" classname="com.yeastar.swebtest.testcase.DetailCase.pbxcase.OutboundRestriction"/>
  <testcase name="I_recovery5" time="38.019" classname="com.yeastar.swebtest.testcase.DetailCase.pbxcase.OutboundRestriction"/>
  <testcase name="C2_checkCallOut_internal" time="29.635" classname="com.yeastar.swebtest.testcase.DetailCase.pbxcase.OutboundRestriction"/>
  <testcase name="E3_check4_callIn" time="29.574" classname="com.yeastar.swebtest.testcase.DetailCase.pbxcase.OutboundRestriction"/>
  <testcase name="F5_Restriction" time="39.379" classname="com.yeastar.swebtest.testcase.DetailCase.pbxcase.OutboundRestriction"/>
  <testcase name="D1_checkCallIn4_spx" time="28.930" classname="com.yeastar.swebtest.testcase.DetailCase.pbxcase.OutboundRestriction"/>
  <testcase name="H2_deletePart_yes" time="13.383" classname="com.yeastar.swebtest.testcase.DetailCase.pbxcase.OutboundRestriction"/>
  <testcase name="C3_checkCallOut3_iax" time="12.176" classname="com.yeastar.swebtest.testcase.DetailCase.pbxcase.OutboundRestriction"/>
  <testcase name="D1_checkCallIn2_sps" time="29.903" classname="com.yeastar.swebtest.testcase.DetailCase.pbxcase.OutboundRestriction"/>
  <testcase name="D1_checkCallIn8_gsm" time="0.077" classname="com.yeastar.swebtest.testcase.DetailCase.pbxcase.OutboundRestriction"/>
  <testcase name="E2_Restriction4" time="181.081" classname="com.yeastar.swebtest.testcase.DetailCase.pbxcase.OutboundRestriction"/>
  <testcase name="G7_checkRestriction3" time="30.823" classname="com.yeastar.swebtest.testcase.DetailCase.pbxcase.OutboundRestriction"/>
  <testcase name="G6_CancelRestriction1" time="24.026" classname="com.yeastar.swebtest.testcase.DetailCase.pbxcase.OutboundRestriction"/>
  <testcase name="B2_addEmergencyNum" time="31.597" classname="com.yeastar.swebtest.testcase.DetailCase.pbxcase.OutboundRestriction"/>
  <testcase name="D8_checkRestriction" time="28.938" classname="com.yeastar.swebtest.testcase.DetailCase.pbxcase.OutboundRestriction"/>
  <testcase name="G7_checkRestriction2" time="29.690" classname="com.yeastar.swebtest.testcase.DetailCase.pbxcase.OutboundRestriction"/>
  <testcase name="D2_checkCallOut9_EmergencyNum" time="57.019" classname="com.yeastar.swebtest.testcase.DetailCase.pbxcase.OutboundRestriction"/>
  <testcase name="D6_checkRestriction" time="12.599" classname="com.yeastar.swebtest.testcase.DetailCase.pbxcase.OutboundRestriction"/>
  <testcase name="B1_addRestriction" time="36.855" classname="com.yeastar.swebtest.testcase.DetailCase.pbxcase.OutboundRestriction"/>
  <testcase name="D3_deleteRestriction" time="46.062" classname="com.yeastar.swebtest.testcase.DetailCase.pbxcase.OutboundRestriction"/>
  <testcase name="E3_check1_callOut" time="12.221" classname="com.yeastar.swebtest.testcase.DetailCase.pbxcase.OutboundRestriction"/>
  <testcase name="G6_CancelRestriction3" time="23.269" classname="com.yeastar.swebtest.testcase.DetailCase.pbxcase.OutboundRestriction"/>
  <testcase name="G4_addRestriction" time="15.949" classname="com.yeastar.swebtest.testcase.DetailCase.pbxcase.OutboundRestriction"/>
  <testcase name="E1_addRestriction" time="30.511" classname="com.yeastar.swebtest.testcase.DetailCase.pbxcase.OutboundRestriction"/>
  <testcase name="D5_checkExtension_no" time="24.900" classname="com.yeastar.swebtest.testcase.DetailCase.pbxcase.OutboundRestriction"/>
  <testcase name="E6_deleteExtension" time="33.729" classname="com.yeastar.swebtest.testcase.DetailCase.pbxcase.OutboundRestriction"/>
  <testcase name="E3_check3_callOut_internal" time="34.932" classname="com.yeastar.swebtest.testcase.DetailCase.pbxcase.OutboundRestriction"/>
  <testcase name="G1_addRestriction_Extension" time="19.278" classname="com.yeastar.swebtest.testcase.DetailCase.pbxcase.OutboundRestriction"/>
  <testcase name="H3_deleteAll_no" time="9.794" classname="com.yeastar.swebtest.testcase.DetailCase.pbxcase.OutboundRestriction"/>
  <testcase name="F4_checkRestriction" time="30.505" classname="com.yeastar.swebtest.testcase.DetailCase.pbxcase.OutboundRestriction"/>
</testsuite> <!-- com.yeastar.swebtest.testcase.DetailCase.pbxcase.OutboundRestriction -->
