<?xml version="1.0" encoding="UTF-8"?>
<!-- Generated by org.testng.reporters.JUnitReportReporter -->
<testsuite hostname="Yeastar-PC" name="com.yeastar.swebtest.testcase.DetailCase.pbxcase.SpeedDial" tests="40" failures="0" timestamp="20 Apr 2018 01:18:00 GMT" time="865.282" errors="0">
  <testcase name="C5_editPrefix" time="8.747" classname="com.yeastar.swebtest.testcase.DetailCase.pbxcase.SpeedDial"/>
  <testcase name="I_recovery2" time="29.842" classname="com.yeastar.swebtest.testcase.DetailCase.pbxcase.SpeedDial"/>
  <testcase name="D2_add_outRouteDial" time="70.915" classname="com.yeastar.swebtest.testcase.DetailCase.pbxcase.SpeedDial"/>
  <testcase name="C8_checkPrefix" time="28.851" classname="com.yeastar.swebtest.testcase.DetailCase.pbxcase.SpeedDial"/>
  <testcase name="G1_editOutRoute" time="34.664" classname="com.yeastar.swebtest.testcase.DetailCase.pbxcase.SpeedDial"/>
  <testcase name="C2_checkPrefix1" time="11.094" classname="com.yeastar.swebtest.testcase.DetailCase.pbxcase.SpeedDial"/>
  <testcase name="E8_checkE1" time="0.020" classname="com.yeastar.swebtest.testcase.DetailCase.pbxcase.SpeedDial"/>
  <testcase name="B1_addSpeedDial" time="35.208" classname="com.yeastar.swebtest.testcase.DetailCase.pbxcase.SpeedDial"/>
  <testcase name="E3_checkAccount" time="0.016" classname="com.yeastar.swebtest.testcase.DetailCase.pbxcase.SpeedDial"/>
  <testcase name="B3_editSpeedDial" time="20.647" classname="com.yeastar.swebtest.testcase.DetailCase.pbxcase.SpeedDial"/>
  <testcase name="C3_editPrefix" time="8.827" classname="com.yeastar.swebtest.testcase.DetailCase.pbxcase.SpeedDial"/>
  <testcase name="G3_checkSPS" time="29.021" classname="com.yeastar.swebtest.testcase.DetailCase.pbxcase.SpeedDial"/>
  <testcase name="C1_editPrefix" time="8.806" classname="com.yeastar.swebtest.testcase.DetailCase.pbxcase.SpeedDial"/>
  <testcase name="H2_deleteOne_yes" time="24.935" classname="com.yeastar.swebtest.testcase.DetailCase.pbxcase.SpeedDial"/>
  <testcase name="E2_checkSPS" time="29.761" classname="com.yeastar.swebtest.testcase.DetailCase.pbxcase.SpeedDial"/>
  <testcase name="G2_checkSPS" time="14.098" classname="com.yeastar.swebtest.testcase.DetailCase.pbxcase.SpeedDial"/>
  <testcase name="H5_deleteAll_no" time="9.838" classname="com.yeastar.swebtest.testcase.DetailCase.pbxcase.SpeedDial"/>
  <testcase name="E6_checkBRI" time="45.768" classname="com.yeastar.swebtest.testcase.DetailCase.pbxcase.SpeedDial"/>
  <testcase name="B2_checkSpeedDial" time="28.716" classname="com.yeastar.swebtest.testcase.DetailCase.pbxcase.SpeedDial"/>
  <testcase name="C7_editPrefix" time="8.802" classname="com.yeastar.swebtest.testcase.DetailCase.pbxcase.SpeedDial"/>
  <testcase name="D1_import" time="22.670" classname="com.yeastar.swebtest.testcase.DetailCase.pbxcase.SpeedDial"/>
  <testcase name="H6_deleteAll_yes" time="13.395" classname="com.yeastar.swebtest.testcase.DetailCase.pbxcase.SpeedDial"/>
  <testcase name="E4_checkIAX" time="29.754" classname="com.yeastar.swebtest.testcase.DetailCase.pbxcase.SpeedDial"/>
  <testcase name="E9_checkGSM" time="0.014" classname="com.yeastar.swebtest.testcase.DetailCase.pbxcase.SpeedDial"/>
  <testcase name="H4_deletePart_yes" time="14.358" classname="com.yeastar.swebtest.testcase.DetailCase.pbxcase.SpeedDial"/>
  <testcase name="H1_deleteOne_no" time="17.082" classname="com.yeastar.swebtest.testcase.DetailCase.pbxcase.SpeedDial"/>
  <testcase name="D3_add_incorrect" time="25.800" classname="com.yeastar.swebtest.testcase.DetailCase.pbxcase.SpeedDial"/>
  <testcase name="E7_checkPSTN" time="29.818" classname="com.yeastar.swebtest.testcase.DetailCase.pbxcase.SpeedDial"/>
  <testcase name="A_addExtension" time="28.658" classname="com.yeastar.swebtest.testcase.DetailCase.pbxcase.SpeedDial"/>
  <testcase name="H3_deletePart_no" time="14.363" classname="com.yeastar.swebtest.testcase.DetailCase.pbxcase.SpeedDial"/>
  <testcase name="B4_checkSpeedDial2" time="29.534" classname="com.yeastar.swebtest.testcase.DetailCase.pbxcase.SpeedDial"/>
  <testcase name="F_checkIncorrect" time="14.780" classname="com.yeastar.swebtest.testcase.DetailCase.pbxcase.SpeedDial"/>
  <testcase name="C2_checkPrefix3" time="28.651" classname="com.yeastar.swebtest.testcase.DetailCase.pbxcase.SpeedDial"/>
  <testcase name="E1_checkSIP" time="29.949" classname="com.yeastar.swebtest.testcase.DetailCase.pbxcase.SpeedDial"/>
  <testcase name="C4_checkPrefix" time="28.774" classname="com.yeastar.swebtest.testcase.DetailCase.pbxcase.SpeedDial"/>
  <testcase name="E5_checkSPX" time="28.922" classname="com.yeastar.swebtest.testcase.DetailCase.pbxcase.SpeedDial"/>
  <testcase name="C6_checkPrefix" time="28.721" classname="com.yeastar.swebtest.testcase.DetailCase.pbxcase.SpeedDial"/>
  <testcase name="I_recovery1" time="8.671" classname="com.yeastar.swebtest.testcase.DetailCase.pbxcase.SpeedDial"/>
  <testcase name="C2_checkPrefix2" time="11.179" classname="com.yeastar.swebtest.testcase.DetailCase.pbxcase.SpeedDial"/>
  <testcase name="B4_checkSpeedDial1" time="11.613" classname="com.yeastar.swebtest.testcase.DetailCase.pbxcase.SpeedDial"/>
</testsuite> <!-- com.yeastar.swebtest.testcase.DetailCase.pbxcase.SpeedDial -->
