<?xml version="1.0" encoding="UTF-8"?>
<!-- Generated by org.testng.reporters.JUnitReportReporter -->
<testsuite hostname="Yeastar-PC" name="com.yeastar.swebtest.testcase.DetailCase.pbxcase.PINList" tests="18" failures="0" timestamp="20 Aug 2018 07:14:26 GMT" time="480.070" errors="0">
  <testcase name="F_deletePinNumber" time="20.529" classname="com.yeastar.swebtest.testcase.DetailCase.pbxcase.PINList"/>
  <testcase name="H1_deleteOnePin_no" time="16.905" classname="com.yeastar.swebtest.testcase.DetailCase.pbxcase.PINList"/>
  <testcase name="G_checkPin" time="58.183" classname="com.yeastar.swebtest.testcase.DetailCase.pbxcase.PINList"/>
  <testcase name="I_checkPin" time="36.965" classname="com.yeastar.swebtest.testcase.DetailCase.pbxcase.PINList"/>
  <testcase name="K2_recovery_Pin" time="43.220" classname="com.yeastar.swebtest.testcase.DetailCase.pbxcase.PINList"/>
  <testcase name="K1_recovery_InRoute" time="27.187" classname="com.yeastar.swebtest.testcase.DetailCase.pbxcase.PINList"/>
  <testcase name="A0_Init1" time="0.027" classname="com.yeastar.swebtest.testcase.DetailCase.pbxcase.PINList"/>
  <testcase name="B_addPin" time="48.102" classname="com.yeastar.swebtest.testcase.DetailCase.pbxcase.PINList"/>
  <testcase name="H2_deleteOnePin_yes" time="24.902" classname="com.yeastar.swebtest.testcase.DetailCase.pbxcase.PINList"/>
  <testcase name="J1_deletePartPin_no" time="14.461" classname="com.yeastar.swebtest.testcase.DetailCase.pbxcase.PINList"/>
  <testcase name="A1_addExtension" time="12.302" classname="com.yeastar.swebtest.testcase.DetailCase.pbxcase.PINList"/>
  <testcase name="C_editDISA" time="29.372" classname="com.yeastar.swebtest.testcase.DetailCase.pbxcase.PINList"/>
  <testcase name="J4_deleteAllPin_yes" time="13.419" classname="com.yeastar.swebtest.testcase.DetailCase.pbxcase.PINList"/>
  <testcase name="J2_deletePartPin_yes" time="13.448" classname="com.yeastar.swebtest.testcase.DetailCase.pbxcase.PINList"/>
  <testcase name="K3_recovery_Disa" time="24.593" classname="com.yeastar.swebtest.testcase.DetailCase.pbxcase.PINList"/>
  <testcase name="J3_deleteAllPin_no" time="9.910" classname="com.yeastar.swebtest.testcase.DetailCase.pbxcase.PINList"/>
  <testcase name="D_editInRoute" time="33.269" classname="com.yeastar.swebtest.testcase.DetailCase.pbxcase.PINList"/>
  <testcase name="E_checkPin" time="53.276" classname="com.yeastar.swebtest.testcase.DetailCase.pbxcase.PINList"/>
</testsuite> <!-- com.yeastar.swebtest.testcase.DetailCase.pbxcase.PINList -->
