<?xml version="1.0" encoding="UTF-8"?>
<!-- Generated by org.testng.reporters.JUnitReportReporter -->
<testsuite hostname="Yeastar-PC" name="com.yeastar.swebtest.testcase.DetailCase.pbxcase.Queue" tests="105" failures="1" timestamp="15 Oct 2018 15:52:52 GMT" time="4010.790" errors="0">
  <testcase name="F7_dynamic_login6712" time="19.431" classname="com.yeastar.swebtest.testcase.DetailCase.pbxcase.Queue"/>
  <testcase name="G3_MusicOnHold1" time="6.191" classname="com.yeastar.swebtest.testcase.DetailCase.pbxcase.Queue"/>
  <testcase name="C1_sps_6701" time="46.915" classname="com.yeastar.swebtest.testcase.DetailCase.pbxcase.Queue"/>
  <testcase name="G5_Satisfaction" time="124.729" classname="com.yeastar.swebtest.testcase.DetailCase.pbxcase.Queue">
    <failure type="java.lang.AssertionError" message="坐席挂断时播放满意度调查提示音satisfaction 【预期：true 实际：false】">
      <![CDATA[java.lang.AssertionError: 坐席挂断时播放满意度调查提示音satisfaction 【预期：true 实际：false】
	at com.yeastar.swebtest.tools.ysassert.YsAssert.fail(YsAssert.java:1092)
	at com.yeastar.swebtest.tools.ysassert.YsAssert.failNotEquals(YsAssert.java:583)
	at com.yeastar.swebtest.tools.ysassert.YsAssert.assertEqualsImpl(YsAssert.java:146)
	at com.yeastar.swebtest.tools.ysassert.YsAssert.assertEquals(YsAssert.java:120)
	at com.yeastar.swebtest.tools.ysassert.YsAssert.assertEquals(YsAssert.java:337)
	at com.yeastar.swebtest.testcase.DetailCase.pbxcase.Queue.G5_Satisfaction(Queue.java:904)
	at sun.reflect.NativeMethodAccessorImpl.invoke0(Native Method)
	at sun.reflect.NativeMethodAccessorImpl.invoke(NativeMethodAccessorImpl.java:62)
	at sun.reflect.DelegatingMethodAccessorImpl.invoke(DelegatingMethodAccessorImpl.java:43)
	at java.lang.reflect.Method.invoke(Method.java:498)
	at org.testng.internal.MethodInvocationHelper.invokeMethod(MethodInvocationHelper.java:85)
	at org.testng.internal.Invoker.invokeMethod(Invoker.java:639)
	at org.testng.internal.Invoker.invokeTestMethod(Invoker.java:816)
	at org.testng.internal.Invoker.invokeTestMethods(Invoker.java:1124)
	at org.testng.internal.TestMethodWorker.invokeTestMethods(TestMethodWorker.java:125)
	at org.testng.internal.TestMethodWorker.run(TestMethodWorker.java:108)
	at org.testng.TestRunner.privateRun(TestRunner.java:774)
	at org.testng.TestRunner.run(TestRunner.java:624)
	at org.testng.SuiteRunner.runTest(SuiteRunner.java:359)
	at org.testng.SuiteRunner.runSequentially(SuiteRunner.java:354)
	at org.testng.SuiteRunner.privateRun(SuiteRunner.java:312)
	at org.testng.SuiteRunner.run(SuiteRunner.java:261)
	at org.testng.SuiteRunnerWorker.runSuite(SuiteRunnerWorker.java:52)
	at org.testng.SuiteRunnerWorker.run(SuiteRunnerWorker.java:86)
	at org.testng.TestNG.runSuitesSequentially(TestNG.java:1215)
	at org.testng.TestNG.runSuitesLocally(TestNG.java:1140)
	at org.testng.TestNG.run(TestNG.java:1048)
	at org.apache.maven.surefire.testng.TestNGExecutor.run(TestNGExecutor.java:293)
	at org.apache.maven.surefire.testng.TestNGXmlTestSuite.execute(TestNGXmlTestSuite.java:84)
	at org.apache.maven.surefire.testng.TestNGProvider.invoke(TestNGProvider.java:91)
	at org.apache.maven.surefire.booter.ForkedBooter.invokeProviderInSameClassLoader(ForkedBooter.java:200)
	at org.apache.maven.surefire.booter.ForkedBooter.runSuitesInProcess(ForkedBooter.java:153)
	at org.apache.maven.surefire.booter.ForkedBooter.main(ForkedBooter.java:103)
]]>
    </failure>
  </testcase> <!-- G5_Satisfaction -->
  <testcase name="G3_MusicOnHold2" time="5.394" classname="com.yeastar.swebtest.testcase.DetailCase.pbxcase.Queue"/>
  <testcase name="A4_AddQueues" time="36.982" classname="com.yeastar.swebtest.testcase.DetailCase.pbxcase.Queue"/>
  <testcase name="E3_key2_voicemail2_check" time="52.792" classname="com.yeastar.swebtest.testcase.DetailCase.pbxcase.Queue"/>
  <testcase name="E8_key7_DialbyName" time="53.574" classname="com.yeastar.swebtest.testcase.DetailCase.pbxcase.Queue"/>
  <testcase name="F1_dynamic_login6701" time="13.129" classname="com.yeastar.swebtest.testcase.DetailCase.pbxcase.Queue"/>
  <testcase name="A4_AddQueues" time="43.894" classname="com.yeastar.swebtest.testcase.DetailCase.pbxcase.Queue"/>
  <testcase name="N8_leave_join_empty" time="23.055" classname="com.yeastar.swebtest.testcase.DetailCase.pbxcase.Queue"/>
  <testcase name="A4_AddQueues" time="34.769" classname="com.yeastar.swebtest.testcase.DetailCase.pbxcase.Queue"/>
  <testcase name="N7_leave_join_empty" time="28.885" classname="com.yeastar.swebtest.testcase.DetailCase.pbxcase.Queue"/>
  <testcase name="D1_fail_hangup" time="11.076" classname="com.yeastar.swebtest.testcase.DetailCase.pbxcase.Queue"/>
  <testcase name="F8_dynamic_login6713" time="21.033" classname="com.yeastar.swebtest.testcase.DetailCase.pbxcase.Queue"/>
  <testcase name="C2_sip_6701" time="49.416" classname="com.yeastar.swebtest.testcase.DetailCase.pbxcase.Queue"/>
  <testcase name="G6_CallerPosition" time="0.026" classname="com.yeastar.swebtest.testcase.DetailCase.pbxcase.Queue"/>
  <testcase name="P1_recovery" time="72.017" classname="com.yeastar.swebtest.testcase.DetailCase.pbxcase.Queue"/>
  <testcase name="E1_key0_hangup" time="30.464" classname="com.yeastar.swebtest.testcase.DetailCase.pbxcase.Queue"/>
  <testcase name="G9_warp_time20" time="95.234" classname="com.yeastar.swebtest.testcase.DetailCase.pbxcase.Queue"/>
  <testcase name="D3_fail_voicemail2_check" time="48.746" classname="com.yeastar.swebtest.testcase.DetailCase.pbxcase.Queue"/>
  <testcase name="C6_bri_6701" time="0.031" classname="com.yeastar.swebtest.testcase.DetailCase.pbxcase.Queue"/>
  <testcase name="D4_fail_ivr" time="49.585" classname="com.yeastar.swebtest.testcase.DetailCase.pbxcase.Queue"/>
  <testcase name="A4_AddQueues" time="44.899" classname="com.yeastar.swebtest.testcase.DetailCase.pbxcase.Queue"/>
  <testcase name="L2_linear" time="140.873" classname="com.yeastar.swebtest.testcase.DetailCase.pbxcase.Queue"/>
  <testcase name="A4_AddQueues" time="41.810" classname="com.yeastar.swebtest.testcase.DetailCase.pbxcase.Queue"/>
  <testcase name="B2_AddInbound" time="20.200" classname="com.yeastar.swebtest.testcase.DetailCase.pbxcase.Queue"/>
  <testcase name="K1_rrmemory" time="97.853" classname="com.yeastar.swebtest.testcase.DetailCase.pbxcase.Queue"/>
  <testcase name="F6_dynamic_login6711" time="15.954" classname="com.yeastar.swebtest.testcase.DetailCase.pbxcase.Queue"/>
  <testcase name="N6_leave_join_empty" time="1.066" classname="com.yeastar.swebtest.testcase.DetailCase.pbxcase.Queue"/>
  <testcase name="N3_leave_join_empty" time="28.931" classname="com.yeastar.swebtest.testcase.DetailCase.pbxcase.Queue"/>
  <testcase name="Fa_dynamic_login6714" time="19.221" classname="com.yeastar.swebtest.testcase.DetailCase.pbxcase.Queue"/>
  <testcase name="B2_AddInbound" time="20.547" classname="com.yeastar.swebtest.testcase.DetailCase.pbxcase.Queue"/>
  <testcase name="E4_key3_ivr" time="45.996" classname="com.yeastar.swebtest.testcase.DetailCase.pbxcase.Queue"/>
  <testcase name="H2_leastRecent" time="37.242" classname="com.yeastar.swebtest.testcase.DetailCase.pbxcase.Queue"/>
  <testcase name="B2_AddInbound" time="20.451" classname="com.yeastar.swebtest.testcase.DetailCase.pbxcase.Queue"/>
  <testcase name="A4_AddQueues" time="43.708" classname="com.yeastar.swebtest.testcase.DetailCase.pbxcase.Queue"/>
  <testcase name="B2_AddInbound" time="20.466" classname="com.yeastar.swebtest.testcase.DetailCase.pbxcase.Queue"/>
  <testcase name="E7_key6_conference" time="50.427" classname="com.yeastar.swebtest.testcase.DetailCase.pbxcase.Queue"/>
  <testcase name="B2_AddInbound" time="20.481" classname="com.yeastar.swebtest.testcase.DetailCase.pbxcase.Queue"/>
  <testcase name="H3_leastRecent" time="39.936" classname="com.yeastar.swebtest.testcase.DetailCase.pbxcase.Queue"/>
  <testcase name="C8_gsm_6701" time="0.023" classname="com.yeastar.swebtest.testcase.DetailCase.pbxcase.Queue"/>
  <testcase name="K2_rrmemory" time="38.197" classname="com.yeastar.swebtest.testcase.DetailCase.pbxcase.Queue"/>
  <testcase name="B2_AddInbound" time="20.678" classname="com.yeastar.swebtest.testcase.DetailCase.pbxcase.Queue"/>
  <testcase name="B1_AddInbound" time="57.886" classname="com.yeastar.swebtest.testcase.DetailCase.pbxcase.Queue"/>
  <testcase name="E6_key5_queue" time="57.516" classname="com.yeastar.swebtest.testcase.DetailCase.pbxcase.Queue"/>
  <testcase name="N2_leave_join_empty" time="1.064" classname="com.yeastar.swebtest.testcase.DetailCase.pbxcase.Queue"/>
  <testcase name="B2_AddInbound" time="20.581" classname="com.yeastar.swebtest.testcase.DetailCase.pbxcase.Queue"/>
  <testcase name="B2_AddInbound" time="20.482" classname="com.yeastar.swebtest.testcase.DetailCase.pbxcase.Queue"/>
  <testcase name="C4_spx_6701" time="0.037" classname="com.yeastar.swebtest.testcase.DetailCase.pbxcase.Queue"/>
  <testcase name="D2_fail_extension" time="50.336" classname="com.yeastar.swebtest.testcase.DetailCase.pbxcase.Queue"/>
  <testcase name="D3_fail_voicemail3_login" time="41.385" classname="com.yeastar.swebtest.testcase.DetailCase.pbxcase.Queue"/>
  <testcase name="E2_key1_extension" time="43.496" classname="com.yeastar.swebtest.testcase.DetailCase.pbxcase.Queue"/>
  <testcase name="A4_AddQueues" time="41.703" classname="com.yeastar.swebtest.testcase.DetailCase.pbxcase.Queue"/>
  <testcase name="A4_AddQueues" time="31.640" classname="com.yeastar.swebtest.testcase.DetailCase.pbxcase.Queue"/>
  <testcase name="F5_dynamic_login6710" time="13.482" classname="com.yeastar.swebtest.testcase.DetailCase.pbxcase.Queue"/>
  <testcase name="F9_dynamic_login6714" time="9.147" classname="com.yeastar.swebtest.testcase.DetailCase.pbxcase.Queue"/>
  <testcase name="F3_dynamic_logoff6701" time="13.056" classname="com.yeastar.swebtest.testcase.DetailCase.pbxcase.Queue"/>
  <testcase name="E3_key2_voicemail3_login" time="31.843" classname="com.yeastar.swebtest.testcase.DetailCase.pbxcase.Queue"/>
  <testcase name="G9_warp_time0" time="39.018" classname="com.yeastar.swebtest.testcase.DetailCase.pbxcase.Queue"/>
  <testcase name="A4_AddQueues" time="39.962" classname="com.yeastar.swebtest.testcase.DetailCase.pbxcase.Queue"/>
  <testcase name="I3_fewestcalls" time="55.804" classname="com.yeastar.swebtest.testcase.DetailCase.pbxcase.Queue"/>
  <testcase name="B5_Register" time="48.633" classname="com.yeastar.swebtest.testcase.DetailCase.pbxcase.Queue"/>
  <testcase name="G8_AgentTimeout_Retry" time="122.289" classname="com.yeastar.swebtest.testcase.DetailCase.pbxcase.Queue"/>
  <testcase name="L1_linear" time="186.918" classname="com.yeastar.swebtest.testcase.DetailCase.pbxcase.Queue"/>
  <testcase name="A1_initBeforeTest" time="0.036" classname="com.yeastar.swebtest.testcase.DetailCase.pbxcase.Queue"/>
  <testcase name="N4_leave_join_empty" time="1.045" classname="com.yeastar.swebtest.testcase.DetailCase.pbxcase.Queue"/>
  <testcase name="D8_fail_DialbyName" time="55.286" classname="com.yeastar.swebtest.testcase.DetailCase.pbxcase.Queue"/>
  <testcase name="A4_AddQueues" time="31.593" classname="com.yeastar.swebtest.testcase.DetailCase.pbxcase.Queue"/>
  <testcase name="B2_AddInbound" time="20.550" classname="com.yeastar.swebtest.testcase.DetailCase.pbxcase.Queue"/>
  <testcase name="N0_backup" time="43.034" classname="com.yeastar.swebtest.testcase.DetailCase.pbxcase.Queue"/>
  <testcase name="A4_AddQueues" time="38.977" classname="com.yeastar.swebtest.testcase.DetailCase.pbxcase.Queue"/>
  <testcase name="A4_AddQueues" time="44.086" classname="com.yeastar.swebtest.testcase.DetailCase.pbxcase.Queue"/>
  <testcase name="D5_fail_ringgroup" time="45.341" classname="com.yeastar.swebtest.testcase.DetailCase.pbxcase.Queue"/>
  <testcase name="H1_leastRecent" time="65.884" classname="com.yeastar.swebtest.testcase.DetailCase.pbxcase.Queue"/>
  <testcase name="B2_AddInbound" time="20.125" classname="com.yeastar.swebtest.testcase.DetailCase.pbxcase.Queue"/>
  <testcase name="N5_leave_join_empty" time="28.937" classname="com.yeastar.swebtest.testcase.DetailCase.pbxcase.Queue"/>
  <testcase name="C7_e1_6701" time="0.053" classname="com.yeastar.swebtest.testcase.DetailCase.pbxcase.Queue"/>
  <testcase name="B3_Apply" time="8.098" classname="com.yeastar.swebtest.testcase.DetailCase.pbxcase.Queue"/>
  <testcase name="I2_fewestcalls" time="55.902" classname="com.yeastar.swebtest.testcase.DetailCase.pbxcase.Queue"/>
  <testcase name="D6_fail_queue" time="68.962" classname="com.yeastar.swebtest.testcase.DetailCase.pbxcase.Queue"/>
  <testcase name="O1_delete" time="70.145" classname="com.yeastar.swebtest.testcase.DetailCase.pbxcase.Queue"/>
  <testcase name="B2_AddInbound" time="20.374" classname="com.yeastar.swebtest.testcase.DetailCase.pbxcase.Queue"/>
  <testcase name="B2_AddInbound" time="20.333" classname="com.yeastar.swebtest.testcase.DetailCase.pbxcase.Queue"/>
  <testcase name="G7_PeriodicAnnouncements" time="0.048" classname="com.yeastar.swebtest.testcase.DetailCase.pbxcase.Queue"/>
  <testcase name="G2_JoinAnnouncement" time="11.120" classname="com.yeastar.swebtest.testcase.DetailCase.pbxcase.Queue"/>
  <testcase name="M1_ringall" time="101.502" classname="com.yeastar.swebtest.testcase.DetailCase.pbxcase.Queue"/>
  <testcase name="J1_random" time="0.039" classname="com.yeastar.swebtest.testcase.DetailCase.pbxcase.Queue"/>
  <testcase name="E3_key2_voicemail1" time="59.527" classname="com.yeastar.swebtest.testcase.DetailCase.pbxcase.Queue"/>
  <testcase name="A4_AddQueues" time="41.042" classname="com.yeastar.swebtest.testcase.DetailCase.pbxcase.Queue"/>
  <testcase name="D3_fail_voicemail1" time="63.866" classname="com.yeastar.swebtest.testcase.DetailCase.pbxcase.Queue"/>
  <testcase name="G4_AgentID" time="0.033" classname="com.yeastar.swebtest.testcase.DetailCase.pbxcase.Queue"/>
  <testcase name="P2_recovery" time="85.986" classname="com.yeastar.swebtest.testcase.DetailCase.pbxcase.Queue"/>
  <testcase name="F2_dynamic_call6701" time="59.896" classname="com.yeastar.swebtest.testcase.DetailCase.pbxcase.Queue"/>
  <testcase name="N1_leave_join_empty" time="35.508" classname="com.yeastar.swebtest.testcase.DetailCase.pbxcase.Queue"/>
  <testcase name="A3_Init" time="39.508" classname="com.yeastar.swebtest.testcase.DetailCase.pbxcase.Queue"/>
  <testcase name="A4_AddQueues" time="41.837" classname="com.yeastar.swebtest.testcase.DetailCase.pbxcase.Queue"/>
  <testcase name="D7_fail_conference" time="51.989" classname="com.yeastar.swebtest.testcase.DetailCase.pbxcase.Queue"/>
  <testcase name="C3_iax_6701" time="0.024" classname="com.yeastar.swebtest.testcase.DetailCase.pbxcase.Queue"/>
  <testcase name="F4_dynamic_call6701" time="54.966" classname="com.yeastar.swebtest.testcase.DetailCase.pbxcase.Queue"/>
  <testcase name="B2_AddInbound" time="20.922" classname="com.yeastar.swebtest.testcase.DetailCase.pbxcase.Queue"/>
  <testcase name="B2_AddInbound" time="20.473" classname="com.yeastar.swebtest.testcase.DetailCase.pbxcase.Queue"/>
  <testcase name="I1_fewestcalls" time="73.031" classname="com.yeastar.swebtest.testcase.DetailCase.pbxcase.Queue"/>
  <testcase name="C5_fxo_6701" time="0.012" classname="com.yeastar.swebtest.testcase.DetailCase.pbxcase.Queue"/>
  <testcase name="E5_key4_ringgroup" time="48.095" classname="com.yeastar.swebtest.testcase.DetailCase.pbxcase.Queue"/>
</testsuite> <!-- com.yeastar.swebtest.testcase.DetailCase.pbxcase.Queue -->
