<?xml version="1.0" encoding="UTF-8"?>
<!-- Generated by org.testng.reporters.JUnitReportReporter -->
<testsuite hostname="Yeastar-PC" name="com.yeastar.swebtest.testcase.DetailCase.pbxcase.Blacklist_Whitelist" tests="108" failures="15" timestamp="22 Apr 2018 04:56:57 GMT" time="2622.663" errors="0">
  <testcase name="B4_white_admin4" time="31.717" classname="com.yeastar.swebtest.testcase.DetailCase.pbxcase.Blacklist_Whitelist"/>
  <testcase name="D4_white_me2" time="21.472" classname="com.yeastar.swebtest.testcase.DetailCase.pbxcase.Blacklist_Whitelist"/>
  <testcase name="C3_black_admin3" time="11.108" classname="com.yeastar.swebtest.testcase.DetailCase.pbxcase.Blacklist_Whitelist"/>
  <testcase name="D5_black_me2" time="11.108" classname="com.yeastar.swebtest.testcase.DetailCase.pbxcase.Blacklist_Whitelist"/>
  <testcase name="C7_black_admin3" time="11.099" classname="com.yeastar.swebtest.testcase.DetailCase.pbxcase.Blacklist_Whitelist"/>
  <testcase name="D6_white_me1" time="14.461" classname="com.yeastar.swebtest.testcase.DetailCase.pbxcase.Blacklist_Whitelist"/>
  <testcase name="C4_white_admin1" time="19.731" classname="com.yeastar.swebtest.testcase.DetailCase.pbxcase.Blacklist_Whitelist"/>
  <testcase name="D1_black_me2" time="28.995" classname="com.yeastar.swebtest.testcase.DetailCase.pbxcase.Blacklist_Whitelist">
    <failure type="java.lang.AssertionError" message=" 1100拨打32001,预期呼出成功,实际呼出失败">
      <![CDATA[java.lang.AssertionError:  1100拨打32001,预期呼出成功,实际呼出失败
	at com.yeastar.swebtest.tools.ysassert.YsAssert.fail(YsAssert.java:1086)
	at com.yeastar.swebtest.testcase.DetailCase.pbxcase.Blacklist_Whitelist.D1_black_me2(Blacklist_Whitelist.java:1344)
	at sun.reflect.NativeMethodAccessorImpl.invoke0(Native Method)
	at sun.reflect.NativeMethodAccessorImpl.invoke(NativeMethodAccessorImpl.java:62)
	at sun.reflect.DelegatingMethodAccessorImpl.invoke(DelegatingMethodAccessorImpl.java:43)
	at java.lang.reflect.Method.invoke(Method.java:498)
	at org.testng.internal.MethodInvocationHelper.invokeMethod(MethodInvocationHelper.java:85)
	at org.testng.internal.Invoker.invokeMethod(Invoker.java:639)
	at org.testng.internal.Invoker.invokeTestMethod(Invoker.java:816)
	at org.testng.internal.Invoker.invokeTestMethods(Invoker.java:1124)
	at org.testng.internal.TestMethodWorker.invokeTestMethods(TestMethodWorker.java:125)
	at org.testng.internal.TestMethodWorker.run(TestMethodWorker.java:108)
	at org.testng.TestRunner.privateRun(TestRunner.java:774)
	at org.testng.TestRunner.run(TestRunner.java:624)
	at org.testng.SuiteRunner.runTest(SuiteRunner.java:359)
	at org.testng.SuiteRunner.runSequentially(SuiteRunner.java:354)
	at org.testng.SuiteRunner.privateRun(SuiteRunner.java:312)
	at org.testng.SuiteRunner.run(SuiteRunner.java:261)
	at org.testng.SuiteRunnerWorker.runSuite(SuiteRunnerWorker.java:52)
	at org.testng.SuiteRunnerWorker.run(SuiteRunnerWorker.java:86)
	at org.testng.TestNG.runSuitesSequentially(TestNG.java:1215)
	at org.testng.TestNG.runSuitesLocally(TestNG.java:1140)
	at org.testng.TestNG.run(TestNG.java:1048)
	at org.apache.maven.surefire.testng.TestNGExecutor.run(TestNGExecutor.java:293)
	at org.apache.maven.surefire.testng.TestNGXmlTestSuite.execute(TestNGXmlTestSuite.java:84)
	at org.apache.maven.surefire.testng.TestNGProvider.invoke(TestNGProvider.java:91)
	at org.apache.maven.surefire.booter.ForkedBooter.invokeProviderInSameClassLoader(ForkedBooter.java:200)
	at org.apache.maven.surefire.booter.ForkedBooter.runSuitesInProcess(ForkedBooter.java:153)
	at org.apache.maven.surefire.booter.ForkedBooter.main(ForkedBooter.java:103)
]]>
    </failure>
  </testcase> <!-- D1_black_me2 -->
  <testcase name="B5_black_admin6" time="28.700" classname="com.yeastar.swebtest.testcase.DetailCase.pbxcase.Blacklist_Whitelist"/>
  <testcase name="B1_black_admin2" time="11.105" classname="com.yeastar.swebtest.testcase.DetailCase.pbxcase.Blacklist_Whitelist"/>
  <testcase name="B5_black_admin2" time="11.104" classname="com.yeastar.swebtest.testcase.DetailCase.pbxcase.Blacklist_Whitelist"/>
  <testcase name="D6_white_me8" time="34.679" classname="com.yeastar.swebtest.testcase.DetailCase.pbxcase.Blacklist_Whitelist">
    <failure type="java.lang.AssertionError" message="CDR呼叫方检测 【预期：1000 [1000] 实际：2001 [2001]】">
      <![CDATA[java.lang.AssertionError: CDR呼叫方检测 【预期：1000 [1000] 实际：2001 [2001]】
	at com.yeastar.swebtest.tools.ysassert.YsAssert.fail(YsAssert.java:1086)
	at com.yeastar.swebtest.tools.ysassert.YsAssert.failNotEquals(YsAssert.java:579)
	at com.yeastar.swebtest.tools.ysassert.YsAssert.assertEqualsImpl(YsAssert.java:142)
	at com.yeastar.swebtest.tools.ysassert.YsAssert.assertEquals(YsAssert.java:116)
	at com.yeastar.swebtest.tools.ysassert.YsAssert.assertEquals(YsAssert.java:199)
	at com.yeastar.swebtest.driver.YSMethod.YS_Me.checkCDR(YS_Me.java:98)
	at com.yeastar.swebtest.driver.YSMethod.YS_Me.checkCDR(YS_Me.java:91)
	at com.yeastar.swebtest.testcase.DetailCase.pbxcase.Blacklist_Whitelist.D6_white_me8(Blacklist_Whitelist.java:1680)
	at sun.reflect.NativeMethodAccessorImpl.invoke0(Native Method)
	at sun.reflect.NativeMethodAccessorImpl.invoke(NativeMethodAccessorImpl.java:62)
	at sun.reflect.DelegatingMethodAccessorImpl.invoke(DelegatingMethodAccessorImpl.java:43)
	at java.lang.reflect.Method.invoke(Method.java:498)
	at org.testng.internal.MethodInvocationHelper.invokeMethod(MethodInvocationHelper.java:85)
	at org.testng.internal.Invoker.invokeMethod(Invoker.java:639)
	at org.testng.internal.Invoker.invokeTestMethod(Invoker.java:816)
	at org.testng.internal.Invoker.invokeTestMethods(Invoker.java:1124)
	at org.testng.internal.TestMethodWorker.invokeTestMethods(TestMethodWorker.java:125)
	at org.testng.internal.TestMethodWorker.run(TestMethodWorker.java:108)
	at org.testng.TestRunner.privateRun(TestRunner.java:774)
	at org.testng.TestRunner.run(TestRunner.java:624)
	at org.testng.SuiteRunner.runTest(SuiteRunner.java:359)
	at org.testng.SuiteRunner.runSequentially(SuiteRunner.java:354)
	at org.testng.SuiteRunner.privateRun(SuiteRunner.java:312)
	at org.testng.SuiteRunner.run(SuiteRunner.java:261)
	at org.testng.SuiteRunnerWorker.runSuite(SuiteRunnerWorker.java:52)
	at org.testng.SuiteRunnerWorker.run(SuiteRunnerWorker.java:86)
	at org.testng.TestNG.runSuitesSequentially(TestNG.java:1215)
	at org.testng.TestNG.runSuitesLocally(TestNG.java:1140)
	at org.testng.TestNG.run(TestNG.java:1048)
	at org.apache.maven.surefire.testng.TestNGExecutor.run(TestNGExecutor.java:293)
	at org.apache.maven.surefire.testng.TestNGXmlTestSuite.execute(TestNGXmlTestSuite.java:84)
	at org.apache.maven.surefire.testng.TestNGProvider.invoke(TestNGProvider.java:91)
	at org.apache.maven.surefire.booter.ForkedBooter.invokeProviderInSameClassLoader(ForkedBooter.java:200)
	at org.apache.maven.surefire.booter.ForkedBooter.runSuitesInProcess(ForkedBooter.java:153)
	at org.apache.maven.surefire.booter.ForkedBooter.main(ForkedBooter.java:103)
]]>
    </failure>
  </testcase> <!-- D6_white_me8 -->
  <testcase name="B4_white_admin1" time="22.074" classname="com.yeastar.swebtest.testcase.DetailCase.pbxcase.Blacklist_Whitelist"/>
  <testcase name="D1_black_me4" time="21.636" classname="com.yeastar.swebtest.testcase.DetailCase.pbxcase.Blacklist_Whitelist"/>
  <testcase name="D2_white_me2" time="34.552" classname="com.yeastar.swebtest.testcase.DetailCase.pbxcase.Blacklist_Whitelist">
    <failure type="java.lang.AssertionError" message="CDR呼叫方检测 【预期：1000 [1000] 实际：2001 [2001]】">
      <![CDATA[java.lang.AssertionError: CDR呼叫方检测 【预期：1000 [1000] 实际：2001 [2001]】
	at com.yeastar.swebtest.tools.ysassert.YsAssert.fail(YsAssert.java:1086)
	at com.yeastar.swebtest.tools.ysassert.YsAssert.failNotEquals(YsAssert.java:579)
	at com.yeastar.swebtest.tools.ysassert.YsAssert.assertEqualsImpl(YsAssert.java:142)
	at com.yeastar.swebtest.tools.ysassert.YsAssert.assertEquals(YsAssert.java:116)
	at com.yeastar.swebtest.tools.ysassert.YsAssert.assertEquals(YsAssert.java:199)
	at com.yeastar.swebtest.driver.YSMethod.YS_Me.checkCDR(YS_Me.java:98)
	at com.yeastar.swebtest.driver.YSMethod.YS_Me.checkCDR(YS_Me.java:91)
	at com.yeastar.swebtest.testcase.DetailCase.pbxcase.Blacklist_Whitelist.D2_white_me2(Blacklist_Whitelist.java:1393)
	at sun.reflect.NativeMethodAccessorImpl.invoke0(Native Method)
	at sun.reflect.NativeMethodAccessorImpl.invoke(NativeMethodAccessorImpl.java:62)
	at sun.reflect.DelegatingMethodAccessorImpl.invoke(DelegatingMethodAccessorImpl.java:43)
	at java.lang.reflect.Method.invoke(Method.java:498)
	at org.testng.internal.MethodInvocationHelper.invokeMethod(MethodInvocationHelper.java:85)
	at org.testng.internal.Invoker.invokeMethod(Invoker.java:639)
	at org.testng.internal.Invoker.invokeTestMethod(Invoker.java:816)
	at org.testng.internal.Invoker.invokeTestMethods(Invoker.java:1124)
	at org.testng.internal.TestMethodWorker.invokeTestMethods(TestMethodWorker.java:125)
	at org.testng.internal.TestMethodWorker.run(TestMethodWorker.java:108)
	at org.testng.TestRunner.privateRun(TestRunner.java:774)
	at org.testng.TestRunner.run(TestRunner.java:624)
	at org.testng.SuiteRunner.runTest(SuiteRunner.java:359)
	at org.testng.SuiteRunner.runSequentially(SuiteRunner.java:354)
	at org.testng.SuiteRunner.privateRun(SuiteRunner.java:312)
	at org.testng.SuiteRunner.run(SuiteRunner.java:261)
	at org.testng.SuiteRunnerWorker.runSuite(SuiteRunnerWorker.java:52)
	at org.testng.SuiteRunnerWorker.run(SuiteRunnerWorker.java:86)
	at org.testng.TestNG.runSuitesSequentially(TestNG.java:1215)
	at org.testng.TestNG.runSuitesLocally(TestNG.java:1140)
	at org.testng.TestNG.run(TestNG.java:1048)
	at org.apache.maven.surefire.testng.TestNGExecutor.run(TestNGExecutor.java:293)
	at org.apache.maven.surefire.testng.TestNGXmlTestSuite.execute(TestNGXmlTestSuite.java:84)
	at org.apache.maven.surefire.testng.TestNGProvider.invoke(TestNGProvider.java:91)
	at org.apache.maven.surefire.booter.ForkedBooter.invokeProviderInSameClassLoader(ForkedBooter.java:200)
	at org.apache.maven.surefire.booter.ForkedBooter.runSuitesInProcess(ForkedBooter.java:153)
	at org.apache.maven.surefire.booter.ForkedBooter.main(ForkedBooter.java:103)
]]>
    </failure>
  </testcase> <!-- D2_white_me2 -->
  <testcase name="D5_black_me3" time="17.101" classname="com.yeastar.swebtest.testcase.DetailCase.pbxcase.Blacklist_Whitelist"/>
  <testcase name="C9_EmergencyNumber1" time="28.845" classname="com.yeastar.swebtest.testcase.DetailCase.pbxcase.Blacklist_Whitelist"/>
  <testcase name="B3_black_admin3" time="11.099" classname="com.yeastar.swebtest.testcase.DetailCase.pbxcase.Blacklist_Whitelist"/>
  <testcase name="C9_EmergencyNumber5" time="29.393" classname="com.yeastar.swebtest.testcase.DetailCase.pbxcase.Blacklist_Whitelist"/>
  <testcase name="C2_white_admin4" time="45.805" classname="com.yeastar.swebtest.testcase.DetailCase.pbxcase.Blacklist_Whitelist"/>
  <testcase name="D4_white_me4" time="21.503" classname="com.yeastar.swebtest.testcase.DetailCase.pbxcase.Blacklist_Whitelist"/>
  <testcase name="D2_white_me1" time="14.342" classname="com.yeastar.swebtest.testcase.DetailCase.pbxcase.Blacklist_Whitelist"/>
  <testcase name="B3_black_admin1" time="38.263" classname="com.yeastar.swebtest.testcase.DetailCase.pbxcase.Blacklist_Whitelist"/>
  <testcase name="C1_black_admin7" time="11.107" classname="com.yeastar.swebtest.testcase.DetailCase.pbxcase.Blacklist_Whitelist"/>
  <testcase name="C3_black_admin4" time="11.109" classname="com.yeastar.swebtest.testcase.DetailCase.pbxcase.Blacklist_Whitelist"/>
  <testcase name="D6_white_me2" time="34.525" classname="com.yeastar.swebtest.testcase.DetailCase.pbxcase.Blacklist_Whitelist">
    <failure type="java.lang.AssertionError" message="CDR呼叫方检测 【预期：1000 [1000] 实际：2002 [2002]】">
      <![CDATA[java.lang.AssertionError: CDR呼叫方检测 【预期：1000 [1000] 实际：2002 [2002]】
	at com.yeastar.swebtest.tools.ysassert.YsAssert.fail(YsAssert.java:1086)
	at com.yeastar.swebtest.tools.ysassert.YsAssert.failNotEquals(YsAssert.java:579)
	at com.yeastar.swebtest.tools.ysassert.YsAssert.assertEqualsImpl(YsAssert.java:142)
	at com.yeastar.swebtest.tools.ysassert.YsAssert.assertEquals(YsAssert.java:116)
	at com.yeastar.swebtest.tools.ysassert.YsAssert.assertEquals(YsAssert.java:199)
	at com.yeastar.swebtest.driver.YSMethod.YS_Me.checkCDR(YS_Me.java:98)
	at com.yeastar.swebtest.driver.YSMethod.YS_Me.checkCDR(YS_Me.java:91)
	at com.yeastar.swebtest.testcase.DetailCase.pbxcase.Blacklist_Whitelist.D6_white_me2(Blacklist_Whitelist.java:1596)
	at sun.reflect.NativeMethodAccessorImpl.invoke0(Native Method)
	at sun.reflect.NativeMethodAccessorImpl.invoke(NativeMethodAccessorImpl.java:62)
	at sun.reflect.DelegatingMethodAccessorImpl.invoke(DelegatingMethodAccessorImpl.java:43)
	at java.lang.reflect.Method.invoke(Method.java:498)
	at org.testng.internal.MethodInvocationHelper.invokeMethod(MethodInvocationHelper.java:85)
	at org.testng.internal.Invoker.invokeMethod(Invoker.java:639)
	at org.testng.internal.Invoker.invokeTestMethod(Invoker.java:816)
	at org.testng.internal.Invoker.invokeTestMethods(Invoker.java:1124)
	at org.testng.internal.TestMethodWorker.invokeTestMethods(TestMethodWorker.java:125)
	at org.testng.internal.TestMethodWorker.run(TestMethodWorker.java:108)
	at org.testng.TestRunner.privateRun(TestRunner.java:774)
	at org.testng.TestRunner.run(TestRunner.java:624)
	at org.testng.SuiteRunner.runTest(SuiteRunner.java:359)
	at org.testng.SuiteRunner.runSequentially(SuiteRunner.java:354)
	at org.testng.SuiteRunner.privateRun(SuiteRunner.java:312)
	at org.testng.SuiteRunner.run(SuiteRunner.java:261)
	at org.testng.SuiteRunnerWorker.runSuite(SuiteRunnerWorker.java:52)
	at org.testng.SuiteRunnerWorker.run(SuiteRunnerWorker.java:86)
	at org.testng.TestNG.runSuitesSequentially(TestNG.java:1215)
	at org.testng.TestNG.runSuitesLocally(TestNG.java:1140)
	at org.testng.TestNG.run(TestNG.java:1048)
	at org.apache.maven.surefire.testng.TestNGExecutor.run(TestNGExecutor.java:293)
	at org.apache.maven.surefire.testng.TestNGXmlTestSuite.execute(TestNGXmlTestSuite.java:84)
	at org.apache.maven.surefire.testng.TestNGProvider.invoke(TestNGProvider.java:91)
	at org.apache.maven.surefire.booter.ForkedBooter.invokeProviderInSameClassLoader(ForkedBooter.java:200)
	at org.apache.maven.surefire.booter.ForkedBooter.runSuitesInProcess(ForkedBooter.java:153)
	at org.apache.maven.surefire.booter.ForkedBooter.main(ForkedBooter.java:103)
]]>
    </failure>
  </testcase> <!-- D6_white_me2 -->
  <testcase name="C9_EmergencyNumber3" time="28.507" classname="com.yeastar.swebtest.testcase.DetailCase.pbxcase.Blacklist_Whitelist"/>
  <testcase name="D4_white_me1" time="14.334" classname="com.yeastar.swebtest.testcase.DetailCase.pbxcase.Blacklist_Whitelist"/>
  <testcase name="C7_black_admin4" time="11.159" classname="com.yeastar.swebtest.testcase.DetailCase.pbxcase.Blacklist_Whitelist"/>
  <testcase name="C5_black_admin1" time="37.187" classname="com.yeastar.swebtest.testcase.DetailCase.pbxcase.Blacklist_Whitelist"/>
  <testcase name="B6_white_admin3" time="39.577" classname="com.yeastar.swebtest.testcase.DetailCase.pbxcase.Blacklist_Whitelist">
    <failure type="java.lang.AssertionError" message="CDR呼叫方检测 【预期：1100 [1100] 实际：3001 [3001]】">
      <![CDATA[java.lang.AssertionError: CDR呼叫方检测 【预期：1100 [1100] 实际：3001 [3001]】
	at com.yeastar.swebtest.tools.ysassert.YsAssert.fail(YsAssert.java:1086)
	at com.yeastar.swebtest.tools.ysassert.YsAssert.failNotEquals(YsAssert.java:579)
	at com.yeastar.swebtest.tools.ysassert.YsAssert.assertEqualsImpl(YsAssert.java:142)
	at com.yeastar.swebtest.tools.ysassert.YsAssert.assertEquals(YsAssert.java:116)
	at com.yeastar.swebtest.tools.ysassert.YsAssert.assertEquals(YsAssert.java:199)
	at com.yeastar.swebtest.driver.YSMethod.YS_Extension.checkCDR(YS_Extension.java:262)
	at com.yeastar.swebtest.driver.YSMethod.YS_Extension.checkCDR(YS_Extension.java:252)
	at com.yeastar.swebtest.testcase.DetailCase.pbxcase.Blacklist_Whitelist.B6_white_admin3(Blacklist_Whitelist.java:549)
	at sun.reflect.NativeMethodAccessorImpl.invoke0(Native Method)
	at sun.reflect.NativeMethodAccessorImpl.invoke(NativeMethodAccessorImpl.java:62)
	at sun.reflect.DelegatingMethodAccessorImpl.invoke(DelegatingMethodAccessorImpl.java:43)
	at java.lang.reflect.Method.invoke(Method.java:498)
	at org.testng.internal.MethodInvocationHelper.invokeMethod(MethodInvocationHelper.java:85)
	at org.testng.internal.Invoker.invokeMethod(Invoker.java:639)
	at org.testng.internal.Invoker.invokeTestMethod(Invoker.java:816)
	at org.testng.internal.Invoker.invokeTestMethods(Invoker.java:1124)
	at org.testng.internal.TestMethodWorker.invokeTestMethods(TestMethodWorker.java:125)
	at org.testng.internal.TestMethodWorker.run(TestMethodWorker.java:108)
	at org.testng.TestRunner.privateRun(TestRunner.java:774)
	at org.testng.TestRunner.run(TestRunner.java:624)
	at org.testng.SuiteRunner.runTest(SuiteRunner.java:359)
	at org.testng.SuiteRunner.runSequentially(SuiteRunner.java:354)
	at org.testng.SuiteRunner.privateRun(SuiteRunner.java:312)
	at org.testng.SuiteRunner.run(SuiteRunner.java:261)
	at org.testng.SuiteRunnerWorker.runSuite(SuiteRunnerWorker.java:52)
	at org.testng.SuiteRunnerWorker.run(SuiteRunnerWorker.java:86)
	at org.testng.TestNG.runSuitesSequentially(TestNG.java:1215)
	at org.testng.TestNG.runSuitesLocally(TestNG.java:1140)
	at org.testng.TestNG.run(TestNG.java:1048)
	at org.apache.maven.surefire.testng.TestNGExecutor.run(TestNGExecutor.java:293)
	at org.apache.maven.surefire.testng.TestNGXmlTestSuite.execute(TestNGXmlTestSuite.java:84)
	at org.apache.maven.surefire.testng.TestNGProvider.invoke(TestNGProvider.java:91)
	at org.apache.maven.surefire.booter.ForkedBooter.invokeProviderInSameClassLoader(ForkedBooter.java:200)
	at org.apache.maven.surefire.booter.ForkedBooter.runSuitesInProcess(ForkedBooter.java:153)
	at org.apache.maven.surefire.booter.ForkedBooter.main(ForkedBooter.java:103)
]]>
    </failure>
  </testcase> <!-- B6_white_admin3 -->
  <testcase name="B1_black_admin3" time="11.097" classname="com.yeastar.swebtest.testcase.DetailCase.pbxcase.Blacklist_Whitelist"/>
  <testcase name="C6_white_admin1" time="21.873" classname="com.yeastar.swebtest.testcase.DetailCase.pbxcase.Blacklist_Whitelist"/>
  <testcase name="B2_white_admin2" time="28.685" classname="com.yeastar.swebtest.testcase.DetailCase.pbxcase.Blacklist_Whitelist"/>
  <testcase name="B7_black_admin1" time="37.650" classname="com.yeastar.swebtest.testcase.DetailCase.pbxcase.Blacklist_Whitelist"/>
  <testcase name="B3_black_admin6" time="11.096" classname="com.yeastar.swebtest.testcase.DetailCase.pbxcase.Blacklist_Whitelist"/>
  <testcase name="B7_black_admin2" time="11.104" classname="com.yeastar.swebtest.testcase.DetailCase.pbxcase.Blacklist_Whitelist"/>
  <testcase name="D3_black_me1" time="32.181" classname="com.yeastar.swebtest.testcase.DetailCase.pbxcase.Blacklist_Whitelist"/>
  <testcase name="C7_black_admin1" time="34.921" classname="com.yeastar.swebtest.testcase.DetailCase.pbxcase.Blacklist_Whitelist"/>
  <testcase name="C8_white_admin3" time="28.723" classname="com.yeastar.swebtest.testcase.DetailCase.pbxcase.Blacklist_Whitelist"/>
  <testcase name="B5_black_admin3" time="11.101" classname="com.yeastar.swebtest.testcase.DetailCase.pbxcase.Blacklist_Whitelist"/>
  <testcase name="D6_white_me6" time="11.113" classname="com.yeastar.swebtest.testcase.DetailCase.pbxcase.Blacklist_Whitelist"/>
  <testcase name="C9_EmergencyNumber4" time="9.774" classname="com.yeastar.swebtest.testcase.DetailCase.pbxcase.Blacklist_Whitelist"/>
  <testcase name="D6_white_me4" time="27.092" classname="com.yeastar.swebtest.testcase.DetailCase.pbxcase.Blacklist_Whitelist"/>
  <testcase name="A2_init" time="22.306" classname="com.yeastar.swebtest.testcase.DetailCase.pbxcase.Blacklist_Whitelist"/>
  <testcase name="C5_black_admin2" time="11.097" classname="com.yeastar.swebtest.testcase.DetailCase.pbxcase.Blacklist_Whitelist"/>
  <testcase name="A1_addExtensions" time="59.249" classname="com.yeastar.swebtest.testcase.DetailCase.pbxcase.Blacklist_Whitelist"/>
  <testcase name="C8_white_admin6" time="28.815" classname="com.yeastar.swebtest.testcase.DetailCase.pbxcase.Blacklist_Whitelist"/>
  <testcase name="B3_black_admin5" time="11.098" classname="com.yeastar.swebtest.testcase.DetailCase.pbxcase.Blacklist_Whitelist"/>
  <testcase name="C9_EmergencyNumber2" time="21.266" classname="com.yeastar.swebtest.testcase.DetailCase.pbxcase.Blacklist_Whitelist"/>
  <testcase name="D6_white_me9" time="21.402" classname="com.yeastar.swebtest.testcase.DetailCase.pbxcase.Blacklist_Whitelist"/>
  <testcase name="C3_black_admin2" time="45.710" classname="com.yeastar.swebtest.testcase.DetailCase.pbxcase.Blacklist_Whitelist"/>
  <testcase name="D3_black_me2" time="34.683" classname="com.yeastar.swebtest.testcase.DetailCase.pbxcase.Blacklist_Whitelist">
    <failure type="java.lang.AssertionError" message="CDR呼叫方检测 【预期：1000 [1000] 实际：2001 [2001]】">
      <![CDATA[java.lang.AssertionError: CDR呼叫方检测 【预期：1000 [1000] 实际：2001 [2001]】
	at com.yeastar.swebtest.tools.ysassert.YsAssert.fail(YsAssert.java:1086)
	at com.yeastar.swebtest.tools.ysassert.YsAssert.failNotEquals(YsAssert.java:579)
	at com.yeastar.swebtest.tools.ysassert.YsAssert.assertEqualsImpl(YsAssert.java:142)
	at com.yeastar.swebtest.tools.ysassert.YsAssert.assertEquals(YsAssert.java:116)
	at com.yeastar.swebtest.tools.ysassert.YsAssert.assertEquals(YsAssert.java:199)
	at com.yeastar.swebtest.driver.YSMethod.YS_Me.checkCDR(YS_Me.java:98)
	at com.yeastar.swebtest.driver.YSMethod.YS_Me.checkCDR(YS_Me.java:91)
	at com.yeastar.swebtest.testcase.DetailCase.pbxcase.Blacklist_Whitelist.D3_black_me2(Blacklist_Whitelist.java:1430)
	at sun.reflect.NativeMethodAccessorImpl.invoke0(Native Method)
	at sun.reflect.NativeMethodAccessorImpl.invoke(NativeMethodAccessorImpl.java:62)
	at sun.reflect.DelegatingMethodAccessorImpl.invoke(DelegatingMethodAccessorImpl.java:43)
	at java.lang.reflect.Method.invoke(Method.java:498)
	at org.testng.internal.MethodInvocationHelper.invokeMethod(MethodInvocationHelper.java:85)
	at org.testng.internal.Invoker.invokeMethod(Invoker.java:639)
	at org.testng.internal.Invoker.invokeTestMethod(Invoker.java:816)
	at org.testng.internal.Invoker.invokeTestMethods(Invoker.java:1124)
	at org.testng.internal.TestMethodWorker.invokeTestMethods(TestMethodWorker.java:125)
	at org.testng.internal.TestMethodWorker.run(TestMethodWorker.java:108)
	at org.testng.TestRunner.privateRun(TestRunner.java:774)
	at org.testng.TestRunner.run(TestRunner.java:624)
	at org.testng.SuiteRunner.runTest(SuiteRunner.java:359)
	at org.testng.SuiteRunner.runSequentially(SuiteRunner.java:354)
	at org.testng.SuiteRunner.privateRun(SuiteRunner.java:312)
	at org.testng.SuiteRunner.run(SuiteRunner.java:261)
	at org.testng.SuiteRunnerWorker.runSuite(SuiteRunnerWorker.java:52)
	at org.testng.SuiteRunnerWorker.run(SuiteRunnerWorker.java:86)
	at org.testng.TestNG.runSuitesSequentially(TestNG.java:1215)
	at org.testng.TestNG.runSuitesLocally(TestNG.java:1140)
	at org.testng.TestNG.run(TestNG.java:1048)
	at org.apache.maven.surefire.testng.TestNGExecutor.run(TestNGExecutor.java:293)
	at org.apache.maven.surefire.testng.TestNGXmlTestSuite.execute(TestNGXmlTestSuite.java:84)
	at org.apache.maven.surefire.testng.TestNGProvider.invoke(TestNGProvider.java:91)
	at org.apache.maven.surefire.booter.ForkedBooter.invokeProviderInSameClassLoader(ForkedBooter.java:200)
	at org.apache.maven.surefire.booter.ForkedBooter.runSuitesInProcess(ForkedBooter.java:153)
	at org.apache.maven.surefire.booter.ForkedBooter.main(ForkedBooter.java:103)
]]>
    </failure>
  </testcase> <!-- D3_black_me2 -->
  <testcase name="B6_white_admin1" time="19.746" classname="com.yeastar.swebtest.testcase.DetailCase.pbxcase.Blacklist_Whitelist"/>
  <testcase name="D3_black_me3" time="17.100" classname="com.yeastar.swebtest.testcase.DetailCase.pbxcase.Blacklist_Whitelist"/>
  <testcase name="C5_black_admin5" time="11.107" classname="com.yeastar.swebtest.testcase.DetailCase.pbxcase.Blacklist_Whitelist"/>
  <testcase name="B3_black_admin2" time="30.687" classname="com.yeastar.swebtest.testcase.DetailCase.pbxcase.Blacklist_Whitelist"/>
  <testcase name="C1_black_admin2" time="13.168" classname="com.yeastar.swebtest.testcase.DetailCase.pbxcase.Blacklist_Whitelist"/>
  <testcase name="B6_white_admin2" time="36.444" classname="com.yeastar.swebtest.testcase.DetailCase.pbxcase.Blacklist_Whitelist">
    <failure type="java.lang.AssertionError" message="CDR呼叫方检测 【预期：1000 [1000] 实际：3001 [3001]】">
      <![CDATA[java.lang.AssertionError: CDR呼叫方检测 【预期：1000 [1000] 实际：3001 [3001]】
	at com.yeastar.swebtest.tools.ysassert.YsAssert.fail(YsAssert.java:1086)
	at com.yeastar.swebtest.tools.ysassert.YsAssert.failNotEquals(YsAssert.java:579)
	at com.yeastar.swebtest.tools.ysassert.YsAssert.assertEqualsImpl(YsAssert.java:142)
	at com.yeastar.swebtest.tools.ysassert.YsAssert.assertEquals(YsAssert.java:116)
	at com.yeastar.swebtest.tools.ysassert.YsAssert.assertEquals(YsAssert.java:199)
	at com.yeastar.swebtest.driver.YSMethod.YS_Extension.checkCDR(YS_Extension.java:262)
	at com.yeastar.swebtest.driver.YSMethod.YS_Extension.checkCDR(YS_Extension.java:252)
	at com.yeastar.swebtest.testcase.DetailCase.pbxcase.Blacklist_Whitelist.B6_white_admin2(Blacklist_Whitelist.java:536)
	at sun.reflect.NativeMethodAccessorImpl.invoke0(Native Method)
	at sun.reflect.NativeMethodAccessorImpl.invoke(NativeMethodAccessorImpl.java:62)
	at sun.reflect.DelegatingMethodAccessorImpl.invoke(DelegatingMethodAccessorImpl.java:43)
	at java.lang.reflect.Method.invoke(Method.java:498)
	at org.testng.internal.MethodInvocationHelper.invokeMethod(MethodInvocationHelper.java:85)
	at org.testng.internal.Invoker.invokeMethod(Invoker.java:639)
	at org.testng.internal.Invoker.invokeTestMethod(Invoker.java:816)
	at org.testng.internal.Invoker.invokeTestMethods(Invoker.java:1124)
	at org.testng.internal.TestMethodWorker.invokeTestMethods(TestMethodWorker.java:125)
	at org.testng.internal.TestMethodWorker.run(TestMethodWorker.java:108)
	at org.testng.TestRunner.privateRun(TestRunner.java:774)
	at org.testng.TestRunner.run(TestRunner.java:624)
	at org.testng.SuiteRunner.runTest(SuiteRunner.java:359)
	at org.testng.SuiteRunner.runSequentially(SuiteRunner.java:354)
	at org.testng.SuiteRunner.privateRun(SuiteRunner.java:312)
	at org.testng.SuiteRunner.run(SuiteRunner.java:261)
	at org.testng.SuiteRunnerWorker.runSuite(SuiteRunnerWorker.java:52)
	at org.testng.SuiteRunnerWorker.run(SuiteRunnerWorker.java:86)
	at org.testng.TestNG.runSuitesSequentially(TestNG.java:1215)
	at org.testng.TestNG.runSuitesLocally(TestNG.java:1140)
	at org.testng.TestNG.run(TestNG.java:1048)
	at org.apache.maven.surefire.testng.TestNGExecutor.run(TestNGExecutor.java:293)
	at org.apache.maven.surefire.testng.TestNGXmlTestSuite.execute(TestNGXmlTestSuite.java:84)
	at org.apache.maven.surefire.testng.TestNGProvider.invoke(TestNGProvider.java:91)
	at org.apache.maven.surefire.booter.ForkedBooter.invokeProviderInSameClassLoader(ForkedBooter.java:200)
	at org.apache.maven.surefire.booter.ForkedBooter.runSuitesInProcess(ForkedBooter.java:153)
	at org.apache.maven.surefire.booter.ForkedBooter.main(ForkedBooter.java:103)
]]>
    </failure>
  </testcase> <!-- B6_white_admin2 -->
  <testcase name="D5_black_me4" time="34.633" classname="com.yeastar.swebtest.testcase.DetailCase.pbxcase.Blacklist_Whitelist">
    <failure type="java.lang.AssertionError" message="CDR呼叫方检测 【预期：1000 [1000] 实际：2001 [2001]】">
      <![CDATA[java.lang.AssertionError: CDR呼叫方检测 【预期：1000 [1000] 实际：2001 [2001]】
	at com.yeastar.swebtest.tools.ysassert.YsAssert.fail(YsAssert.java:1086)
	at com.yeastar.swebtest.tools.ysassert.YsAssert.failNotEquals(YsAssert.java:579)
	at com.yeastar.swebtest.tools.ysassert.YsAssert.assertEqualsImpl(YsAssert.java:142)
	at com.yeastar.swebtest.tools.ysassert.YsAssert.assertEquals(YsAssert.java:116)
	at com.yeastar.swebtest.tools.ysassert.YsAssert.assertEquals(YsAssert.java:199)
	at com.yeastar.swebtest.driver.YSMethod.YS_Me.checkCDR(YS_Me.java:98)
	at com.yeastar.swebtest.driver.YSMethod.YS_Me.checkCDR(YS_Me.java:91)
	at com.yeastar.swebtest.testcase.DetailCase.pbxcase.Blacklist_Whitelist.D5_black_me4(Blacklist_Whitelist.java:1563)
	at sun.reflect.NativeMethodAccessorImpl.invoke0(Native Method)
	at sun.reflect.NativeMethodAccessorImpl.invoke(NativeMethodAccessorImpl.java:62)
	at sun.reflect.DelegatingMethodAccessorImpl.invoke(DelegatingMethodAccessorImpl.java:43)
	at java.lang.reflect.Method.invoke(Method.java:498)
	at org.testng.internal.MethodInvocationHelper.invokeMethod(MethodInvocationHelper.java:85)
	at org.testng.internal.Invoker.invokeMethod(Invoker.java:639)
	at org.testng.internal.Invoker.invokeTestMethod(Invoker.java:816)
	at org.testng.internal.Invoker.invokeTestMethods(Invoker.java:1124)
	at org.testng.internal.TestMethodWorker.invokeTestMethods(TestMethodWorker.java:125)
	at org.testng.internal.TestMethodWorker.run(TestMethodWorker.java:108)
	at org.testng.TestRunner.privateRun(TestRunner.java:774)
	at org.testng.TestRunner.run(TestRunner.java:624)
	at org.testng.SuiteRunner.runTest(SuiteRunner.java:359)
	at org.testng.SuiteRunner.runSequentially(SuiteRunner.java:354)
	at org.testng.SuiteRunner.privateRun(SuiteRunner.java:312)
	at org.testng.SuiteRunner.run(SuiteRunner.java:261)
	at org.testng.SuiteRunnerWorker.runSuite(SuiteRunnerWorker.java:52)
	at org.testng.SuiteRunnerWorker.run(SuiteRunnerWorker.java:86)
	at org.testng.TestNG.runSuitesSequentially(TestNG.java:1215)
	at org.testng.TestNG.runSuitesLocally(TestNG.java:1140)
	at org.testng.TestNG.run(TestNG.java:1048)
	at org.apache.maven.surefire.testng.TestNGExecutor.run(TestNGExecutor.java:293)
	at org.apache.maven.surefire.testng.TestNGXmlTestSuite.execute(TestNGXmlTestSuite.java:84)
	at org.apache.maven.surefire.testng.TestNGProvider.invoke(TestNGProvider.java:91)
	at org.apache.maven.surefire.booter.ForkedBooter.invokeProviderInSameClassLoader(ForkedBooter.java:200)
	at org.apache.maven.surefire.booter.ForkedBooter.runSuitesInProcess(ForkedBooter.java:153)
	at org.apache.maven.surefire.booter.ForkedBooter.main(ForkedBooter.java:103)
]]>
    </failure>
  </testcase> <!-- D5_black_me4 -->
  <testcase name="C7_black_admin5" time="11.099" classname="com.yeastar.swebtest.testcase.DetailCase.pbxcase.Blacklist_Whitelist"/>
  <testcase name="C3_black_admin1" time="40.133" classname="com.yeastar.swebtest.testcase.DetailCase.pbxcase.Blacklist_Whitelist"/>
  <testcase name="D4_white_me3" time="27.129" classname="com.yeastar.swebtest.testcase.DetailCase.pbxcase.Blacklist_Whitelist"/>
  <testcase name="C5_black_admin3" time="11.104" classname="com.yeastar.swebtest.testcase.DetailCase.pbxcase.Blacklist_Whitelist"/>
  <testcase name="B1_black_admin4" time="30.941" classname="com.yeastar.swebtest.testcase.DetailCase.pbxcase.Blacklist_Whitelist"/>
  <testcase name="D6_white_me3" time="17.110" classname="com.yeastar.swebtest.testcase.DetailCase.pbxcase.Blacklist_Whitelist"/>
  <testcase name="C1_black_admin4" time="11.113" classname="com.yeastar.swebtest.testcase.DetailCase.pbxcase.Blacklist_Whitelist"/>
  <testcase name="C2_white_admin5" time="28.742" classname="com.yeastar.swebtest.testcase.DetailCase.pbxcase.Blacklist_Whitelist"/>
  <testcase name="C7_black_admin2" time="28.997" classname="com.yeastar.swebtest.testcase.DetailCase.pbxcase.Blacklist_Whitelist"/>
  <testcase name="B5_black_admin1" time="38.424" classname="com.yeastar.swebtest.testcase.DetailCase.pbxcase.Blacklist_Whitelist"/>
  <testcase name="C1_black_admin5" time="45.582" classname="com.yeastar.swebtest.testcase.DetailCase.pbxcase.Blacklist_Whitelist"/>
  <testcase name="C6_white_admin3" time="28.913" classname="com.yeastar.swebtest.testcase.DetailCase.pbxcase.Blacklist_Whitelist"/>
  <testcase name="C8_white_admin4" time="26.956" classname="com.yeastar.swebtest.testcase.DetailCase.pbxcase.Blacklist_Whitelist"/>
  <testcase name="B8_white_admin1" time="20.047" classname="com.yeastar.swebtest.testcase.DetailCase.pbxcase.Blacklist_Whitelist"/>
  <testcase name="B1_black_admin6" time="28.597" classname="com.yeastar.swebtest.testcase.DetailCase.pbxcase.Blacklist_Whitelist"/>
  <testcase name="B2_white_admin1" time="19.894" classname="com.yeastar.swebtest.testcase.DetailCase.pbxcase.Blacklist_Whitelist"/>
  <testcase name="B5_black_admin4" time="30.981" classname="com.yeastar.swebtest.testcase.DetailCase.pbxcase.Blacklist_Whitelist"/>
  <testcase name="C2_white_admin2" time="11.112" classname="com.yeastar.swebtest.testcase.DetailCase.pbxcase.Blacklist_Whitelist"/>
  <testcase name="B8_white_admin2" time="21.542" classname="com.yeastar.swebtest.testcase.DetailCase.pbxcase.Blacklist_Whitelist">
    <failure type="java.lang.AssertionError" message="CDR呼叫方检测 【预期：1100 [1100] 实际：3004 [3004]】">
      <![CDATA[java.lang.AssertionError: CDR呼叫方检测 【预期：1100 [1100] 实际：3004 [3004]】
	at com.yeastar.swebtest.tools.ysassert.YsAssert.fail(YsAssert.java:1086)
	at com.yeastar.swebtest.tools.ysassert.YsAssert.failNotEquals(YsAssert.java:579)
	at com.yeastar.swebtest.tools.ysassert.YsAssert.assertEqualsImpl(YsAssert.java:142)
	at com.yeastar.swebtest.tools.ysassert.YsAssert.assertEquals(YsAssert.java:116)
	at com.yeastar.swebtest.tools.ysassert.YsAssert.assertEquals(YsAssert.java:199)
	at com.yeastar.swebtest.driver.YSMethod.YS_Extension.checkCDR(YS_Extension.java:262)
	at com.yeastar.swebtest.driver.YSMethod.YS_Extension.checkCDR(YS_Extension.java:252)
	at com.yeastar.swebtest.testcase.DetailCase.pbxcase.Blacklist_Whitelist.B8_white_admin2(Blacklist_Whitelist.java:629)
	at sun.reflect.NativeMethodAccessorImpl.invoke0(Native Method)
	at sun.reflect.NativeMethodAccessorImpl.invoke(NativeMethodAccessorImpl.java:62)
	at sun.reflect.DelegatingMethodAccessorImpl.invoke(DelegatingMethodAccessorImpl.java:43)
	at java.lang.reflect.Method.invoke(Method.java:498)
	at org.testng.internal.MethodInvocationHelper.invokeMethod(MethodInvocationHelper.java:85)
	at org.testng.internal.Invoker.invokeMethod(Invoker.java:639)
	at org.testng.internal.Invoker.invokeTestMethod(Invoker.java:816)
	at org.testng.internal.Invoker.invokeTestMethods(Invoker.java:1124)
	at org.testng.internal.TestMethodWorker.invokeTestMethods(TestMethodWorker.java:125)
	at org.testng.internal.TestMethodWorker.run(TestMethodWorker.java:108)
	at org.testng.TestRunner.privateRun(TestRunner.java:774)
	at org.testng.TestRunner.run(TestRunner.java:624)
	at org.testng.SuiteRunner.runTest(SuiteRunner.java:359)
	at org.testng.SuiteRunner.runSequentially(SuiteRunner.java:354)
	at org.testng.SuiteRunner.privateRun(SuiteRunner.java:312)
	at org.testng.SuiteRunner.run(SuiteRunner.java:261)
	at org.testng.SuiteRunnerWorker.runSuite(SuiteRunnerWorker.java:52)
	at org.testng.SuiteRunnerWorker.run(SuiteRunnerWorker.java:86)
	at org.testng.TestNG.runSuitesSequentially(TestNG.java:1215)
	at org.testng.TestNG.runSuitesLocally(TestNG.java:1140)
	at org.testng.TestNG.run(TestNG.java:1048)
	at org.apache.maven.surefire.testng.TestNGExecutor.run(TestNGExecutor.java:293)
	at org.apache.maven.surefire.testng.TestNGXmlTestSuite.execute(TestNGXmlTestSuite.java:84)
	at org.apache.maven.surefire.testng.TestNGProvider.invoke(TestNGProvider.java:91)
	at org.apache.maven.surefire.booter.ForkedBooter.invokeProviderInSameClassLoader(ForkedBooter.java:200)
	at org.apache.maven.surefire.booter.ForkedBooter.runSuitesInProcess(ForkedBooter.java:153)
	at org.apache.maven.surefire.booter.ForkedBooter.main(ForkedBooter.java:103)
]]>
    </failure>
  </testcase> <!-- B8_white_admin2 -->
  <testcase name="C2_white_admin3" time="36.421" classname="com.yeastar.swebtest.testcase.DetailCase.pbxcase.Blacklist_Whitelist">
    <failure type="java.lang.AssertionError" message="CDR呼叫方检测 【预期：1100 [1100] 实际：1102 [1102]】">
      <![CDATA[java.lang.AssertionError: CDR呼叫方检测 【预期：1100 [1100] 实际：1102 [1102]】
	at com.yeastar.swebtest.tools.ysassert.YsAssert.fail(YsAssert.java:1086)
	at com.yeastar.swebtest.tools.ysassert.YsAssert.failNotEquals(YsAssert.java:579)
	at com.yeastar.swebtest.tools.ysassert.YsAssert.assertEqualsImpl(YsAssert.java:142)
	at com.yeastar.swebtest.tools.ysassert.YsAssert.assertEquals(YsAssert.java:116)
	at com.yeastar.swebtest.tools.ysassert.YsAssert.assertEquals(YsAssert.java:199)
	at com.yeastar.swebtest.driver.YSMethod.YS_Extension.checkCDR(YS_Extension.java:262)
	at com.yeastar.swebtest.driver.YSMethod.YS_Extension.checkCDR(YS_Extension.java:252)
	at com.yeastar.swebtest.testcase.DetailCase.pbxcase.Blacklist_Whitelist.C2_white_admin3(Blacklist_Whitelist.java:788)
	at sun.reflect.NativeMethodAccessorImpl.invoke0(Native Method)
	at sun.reflect.NativeMethodAccessorImpl.invoke(NativeMethodAccessorImpl.java:62)
	at sun.reflect.DelegatingMethodAccessorImpl.invoke(DelegatingMethodAccessorImpl.java:43)
	at java.lang.reflect.Method.invoke(Method.java:498)
	at org.testng.internal.MethodInvocationHelper.invokeMethod(MethodInvocationHelper.java:85)
	at org.testng.internal.Invoker.invokeMethod(Invoker.java:639)
	at org.testng.internal.Invoker.invokeTestMethod(Invoker.java:816)
	at org.testng.internal.Invoker.invokeTestMethods(Invoker.java:1124)
	at org.testng.internal.TestMethodWorker.invokeTestMethods(TestMethodWorker.java:125)
	at org.testng.internal.TestMethodWorker.run(TestMethodWorker.java:108)
	at org.testng.TestRunner.privateRun(TestRunner.java:774)
	at org.testng.TestRunner.run(TestRunner.java:624)
	at org.testng.SuiteRunner.runTest(SuiteRunner.java:359)
	at org.testng.SuiteRunner.runSequentially(SuiteRunner.java:354)
	at org.testng.SuiteRunner.privateRun(SuiteRunner.java:312)
	at org.testng.SuiteRunner.run(SuiteRunner.java:261)
	at org.testng.SuiteRunnerWorker.runSuite(SuiteRunnerWorker.java:52)
	at org.testng.SuiteRunnerWorker.run(SuiteRunnerWorker.java:86)
	at org.testng.TestNG.runSuitesSequentially(TestNG.java:1215)
	at org.testng.TestNG.runSuitesLocally(TestNG.java:1140)
	at org.testng.TestNG.run(TestNG.java:1048)
	at org.apache.maven.surefire.testng.TestNGExecutor.run(TestNGExecutor.java:293)
	at org.apache.maven.surefire.testng.TestNGXmlTestSuite.execute(TestNGXmlTestSuite.java:84)
	at org.apache.maven.surefire.testng.TestNGProvider.invoke(TestNGProvider.java:91)
	at org.apache.maven.surefire.booter.ForkedBooter.invokeProviderInSameClassLoader(ForkedBooter.java:200)
	at org.apache.maven.surefire.booter.ForkedBooter.runSuitesInProcess(ForkedBooter.java:153)
	at org.apache.maven.surefire.booter.ForkedBooter.main(ForkedBooter.java:103)
]]>
    </failure>
  </testcase> <!-- C2_white_admin3 -->
  <testcase name="C2_white_admin1" time="19.804" classname="com.yeastar.swebtest.testcase.DetailCase.pbxcase.Blacklist_Whitelist"/>
  <testcase name="D1_black_me3" time="11.095" classname="com.yeastar.swebtest.testcase.DetailCase.pbxcase.Blacklist_Whitelist"/>
  <testcase name="D5_black_me5" time="21.397" classname="com.yeastar.swebtest.testcase.DetailCase.pbxcase.Blacklist_Whitelist"/>
  <testcase name="B8_white_admin3" time="28.520" classname="com.yeastar.swebtest.testcase.DetailCase.pbxcase.Blacklist_Whitelist"/>
  <testcase name="C1_black_admin1" time="38.626" classname="com.yeastar.swebtest.testcase.DetailCase.pbxcase.Blacklist_Whitelist"/>
  <testcase name="C3_black_admin5" time="28.766" classname="com.yeastar.swebtest.testcase.DetailCase.pbxcase.Blacklist_Whitelist"/>
  <testcase name="C4_white_admin3" time="13.192" classname="com.yeastar.swebtest.testcase.DetailCase.pbxcase.Blacklist_Whitelist"/>
  <testcase name="B2_white_admin3" time="11.094" classname="com.yeastar.swebtest.testcase.DetailCase.pbxcase.Blacklist_Whitelist"/>
  <testcase name="D6_white_me7" time="27.188" classname="com.yeastar.swebtest.testcase.DetailCase.pbxcase.Blacklist_Whitelist"/>
  <testcase name="C8_white_admin5" time="11.098" classname="com.yeastar.swebtest.testcase.DetailCase.pbxcase.Blacklist_Whitelist"/>
  <testcase name="C6_white_admin2" time="38.045" classname="com.yeastar.swebtest.testcase.DetailCase.pbxcase.Blacklist_Whitelist">
    <failure type="java.lang.AssertionError" message="CDR被叫方检测 【预期：1000 [1000] 实际：1000】">
      <![CDATA[java.lang.AssertionError: CDR被叫方检测 【预期：1000 [1000] 实际：1000】
	at com.yeastar.swebtest.tools.ysassert.YsAssert.fail(YsAssert.java:1086)
	at com.yeastar.swebtest.tools.ysassert.YsAssert.failNotEquals(YsAssert.java:579)
	at com.yeastar.swebtest.tools.ysassert.YsAssert.assertEqualsImpl(YsAssert.java:142)
	at com.yeastar.swebtest.tools.ysassert.YsAssert.assertEquals(YsAssert.java:116)
	at com.yeastar.swebtest.tools.ysassert.YsAssert.assertEquals(YsAssert.java:199)
	at com.yeastar.swebtest.driver.YSMethod.YS_Extension.checkCDR(YS_Extension.java:263)
	at com.yeastar.swebtest.driver.YSMethod.YS_Extension.checkCDR(YS_Extension.java:252)
	at com.yeastar.swebtest.testcase.DetailCase.pbxcase.Blacklist_Whitelist.C6_white_admin2(Blacklist_Whitelist.java:1050)
	at sun.reflect.NativeMethodAccessorImpl.invoke0(Native Method)
	at sun.reflect.NativeMethodAccessorImpl.invoke(NativeMethodAccessorImpl.java:62)
	at sun.reflect.DelegatingMethodAccessorImpl.invoke(DelegatingMethodAccessorImpl.java:43)
	at java.lang.reflect.Method.invoke(Method.java:498)
	at org.testng.internal.MethodInvocationHelper.invokeMethod(MethodInvocationHelper.java:85)
	at org.testng.internal.Invoker.invokeMethod(Invoker.java:639)
	at org.testng.internal.Invoker.invokeTestMethod(Invoker.java:816)
	at org.testng.internal.Invoker.invokeTestMethods(Invoker.java:1124)
	at org.testng.internal.TestMethodWorker.invokeTestMethods(TestMethodWorker.java:125)
	at org.testng.internal.TestMethodWorker.run(TestMethodWorker.java:108)
	at org.testng.TestRunner.privateRun(TestRunner.java:774)
	at org.testng.TestRunner.run(TestRunner.java:624)
	at org.testng.SuiteRunner.runTest(SuiteRunner.java:359)
	at org.testng.SuiteRunner.runSequentially(SuiteRunner.java:354)
	at org.testng.SuiteRunner.privateRun(SuiteRunner.java:312)
	at org.testng.SuiteRunner.run(SuiteRunner.java:261)
	at org.testng.SuiteRunnerWorker.runSuite(SuiteRunnerWorker.java:52)
	at org.testng.SuiteRunnerWorker.run(SuiteRunnerWorker.java:86)
	at org.testng.TestNG.runSuitesSequentially(TestNG.java:1215)
	at org.testng.TestNG.runSuitesLocally(TestNG.java:1140)
	at org.testng.TestNG.run(TestNG.java:1048)
	at org.apache.maven.surefire.testng.TestNGExecutor.run(TestNGExecutor.java:293)
	at org.apache.maven.surefire.testng.TestNGXmlTestSuite.execute(TestNGXmlTestSuite.java:84)
	at org.apache.maven.surefire.testng.TestNGProvider.invoke(TestNGProvider.java:91)
	at org.apache.maven.surefire.booter.ForkedBooter.invokeProviderInSameClassLoader(ForkedBooter.java:200)
	at org.apache.maven.surefire.booter.ForkedBooter.runSuitesInProcess(ForkedBooter.java:153)
	at org.apache.maven.surefire.booter.ForkedBooter.main(ForkedBooter.java:103)
]]>
    </failure>
  </testcase> <!-- C6_white_admin2 -->
  <testcase name="B3_black_admin7" time="11.096" classname="com.yeastar.swebtest.testcase.DetailCase.pbxcase.Blacklist_Whitelist"/>
  <testcase name="C8_white_admin1" time="17.294" classname="com.yeastar.swebtest.testcase.DetailCase.pbxcase.Blacklist_Whitelist"/>
  <testcase name="B5_black_admin5" time="51.903" classname="com.yeastar.swebtest.testcase.DetailCase.pbxcase.Blacklist_Whitelist">
    <failure type="java.lang.AssertionError" message="CDR呼叫方检测 【预期：1100 [1100] 实际：1101 [1101]】">
      <![CDATA[java.lang.AssertionError: CDR呼叫方检测 【预期：1100 [1100] 实际：1101 [1101]】
	at com.yeastar.swebtest.tools.ysassert.YsAssert.fail(YsAssert.java:1086)
	at com.yeastar.swebtest.tools.ysassert.YsAssert.failNotEquals(YsAssert.java:579)
	at com.yeastar.swebtest.tools.ysassert.YsAssert.assertEqualsImpl(YsAssert.java:142)
	at com.yeastar.swebtest.tools.ysassert.YsAssert.assertEquals(YsAssert.java:116)
	at com.yeastar.swebtest.tools.ysassert.YsAssert.assertEquals(YsAssert.java:199)
	at com.yeastar.swebtest.driver.YSMethod.YS_Extension.checkCDR(YS_Extension.java:262)
	at com.yeastar.swebtest.driver.YSMethod.YS_Extension.checkCDR(YS_Extension.java:252)
	at com.yeastar.swebtest.testcase.DetailCase.pbxcase.Blacklist_Whitelist.B5_black_admin5(Blacklist_Whitelist.java:503)
	at sun.reflect.NativeMethodAccessorImpl.invoke0(Native Method)
	at sun.reflect.NativeMethodAccessorImpl.invoke(NativeMethodAccessorImpl.java:62)
	at sun.reflect.DelegatingMethodAccessorImpl.invoke(DelegatingMethodAccessorImpl.java:43)
	at java.lang.reflect.Method.invoke(Method.java:498)
	at org.testng.internal.MethodInvocationHelper.invokeMethod(MethodInvocationHelper.java:85)
	at org.testng.internal.Invoker.invokeMethod(Invoker.java:639)
	at org.testng.internal.Invoker.invokeTestMethod(Invoker.java:816)
	at org.testng.internal.Invoker.invokeTestMethods(Invoker.java:1124)
	at org.testng.internal.TestMethodWorker.invokeTestMethods(TestMethodWorker.java:125)
	at org.testng.internal.TestMethodWorker.run(TestMethodWorker.java:108)
	at org.testng.TestRunner.privateRun(TestRunner.java:774)
	at org.testng.TestRunner.run(TestRunner.java:624)
	at org.testng.SuiteRunner.runTest(SuiteRunner.java:359)
	at org.testng.SuiteRunner.runSequentially(SuiteRunner.java:354)
	at org.testng.SuiteRunner.privateRun(SuiteRunner.java:312)
	at org.testng.SuiteRunner.run(SuiteRunner.java:261)
	at org.testng.SuiteRunnerWorker.runSuite(SuiteRunnerWorker.java:52)
	at org.testng.SuiteRunnerWorker.run(SuiteRunnerWorker.java:86)
	at org.testng.TestNG.runSuitesSequentially(TestNG.java:1215)
	at org.testng.TestNG.runSuitesLocally(TestNG.java:1140)
	at org.testng.TestNG.run(TestNG.java:1048)
	at org.apache.maven.surefire.testng.TestNGExecutor.run(TestNGExecutor.java:293)
	at org.apache.maven.surefire.testng.TestNGXmlTestSuite.execute(TestNGXmlTestSuite.java:84)
	at org.apache.maven.surefire.testng.TestNGProvider.invoke(TestNGProvider.java:91)
	at org.apache.maven.surefire.booter.ForkedBooter.invokeProviderInSameClassLoader(ForkedBooter.java:200)
	at org.apache.maven.surefire.booter.ForkedBooter.runSuitesInProcess(ForkedBooter.java:153)
	at org.apache.maven.surefire.booter.ForkedBooter.main(ForkedBooter.java:103)
]]>
    </failure>
  </testcase> <!-- B5_black_admin5 -->
  <testcase name="C4_white_admin2" time="36.364" classname="com.yeastar.swebtest.testcase.DetailCase.pbxcase.Blacklist_Whitelist">
    <failure type="java.lang.AssertionError" message="CDR呼叫方检测 【预期：1100 [1100] 实际：2002 [2002]】">
      <![CDATA[java.lang.AssertionError: CDR呼叫方检测 【预期：1100 [1100] 实际：2002 [2002]】
	at com.yeastar.swebtest.tools.ysassert.YsAssert.fail(YsAssert.java:1086)
	at com.yeastar.swebtest.tools.ysassert.YsAssert.failNotEquals(YsAssert.java:579)
	at com.yeastar.swebtest.tools.ysassert.YsAssert.assertEqualsImpl(YsAssert.java:142)
	at com.yeastar.swebtest.tools.ysassert.YsAssert.assertEquals(YsAssert.java:116)
	at com.yeastar.swebtest.tools.ysassert.YsAssert.assertEquals(YsAssert.java:199)
	at com.yeastar.swebtest.driver.YSMethod.YS_Extension.checkCDR(YS_Extension.java:262)
	at com.yeastar.swebtest.driver.YSMethod.YS_Extension.checkCDR(YS_Extension.java:252)
	at com.yeastar.swebtest.testcase.DetailCase.pbxcase.Blacklist_Whitelist.C4_white_admin2(Blacklist_Whitelist.java:915)
	at sun.reflect.NativeMethodAccessorImpl.invoke0(Native Method)
	at sun.reflect.NativeMethodAccessorImpl.invoke(NativeMethodAccessorImpl.java:62)
	at sun.reflect.DelegatingMethodAccessorImpl.invoke(DelegatingMethodAccessorImpl.java:43)
	at java.lang.reflect.Method.invoke(Method.java:498)
	at org.testng.internal.MethodInvocationHelper.invokeMethod(MethodInvocationHelper.java:85)
	at org.testng.internal.Invoker.invokeMethod(Invoker.java:639)
	at org.testng.internal.Invoker.invokeTestMethod(Invoker.java:816)
	at org.testng.internal.Invoker.invokeTestMethods(Invoker.java:1124)
	at org.testng.internal.TestMethodWorker.invokeTestMethods(TestMethodWorker.java:125)
	at org.testng.internal.TestMethodWorker.run(TestMethodWorker.java:108)
	at org.testng.TestRunner.privateRun(TestRunner.java:774)
	at org.testng.TestRunner.run(TestRunner.java:624)
	at org.testng.SuiteRunner.runTest(SuiteRunner.java:359)
	at org.testng.SuiteRunner.runSequentially(SuiteRunner.java:354)
	at org.testng.SuiteRunner.privateRun(SuiteRunner.java:312)
	at org.testng.SuiteRunner.run(SuiteRunner.java:261)
	at org.testng.SuiteRunnerWorker.runSuite(SuiteRunnerWorker.java:52)
	at org.testng.SuiteRunnerWorker.run(SuiteRunnerWorker.java:86)
	at org.testng.TestNG.runSuitesSequentially(TestNG.java:1215)
	at org.testng.TestNG.runSuitesLocally(TestNG.java:1140)
	at org.testng.TestNG.run(TestNG.java:1048)
	at org.apache.maven.surefire.testng.TestNGExecutor.run(TestNGExecutor.java:293)
	at org.apache.maven.surefire.testng.TestNGXmlTestSuite.execute(TestNGXmlTestSuite.java:84)
	at org.apache.maven.surefire.testng.TestNGProvider.invoke(TestNGProvider.java:91)
	at org.apache.maven.surefire.booter.ForkedBooter.invokeProviderInSameClassLoader(ForkedBooter.java:200)
	at org.apache.maven.surefire.booter.ForkedBooter.runSuitesInProcess(ForkedBooter.java:153)
	at org.apache.maven.surefire.booter.ForkedBooter.main(ForkedBooter.java:103)
]]>
    </failure>
  </testcase> <!-- C4_white_admin2 -->
  <testcase name="C8_white_admin2" time="28.709" classname="com.yeastar.swebtest.testcase.DetailCase.pbxcase.Blacklist_Whitelist"/>
  <testcase name="B1_black_admin1" time="16.827" classname="com.yeastar.swebtest.testcase.DetailCase.pbxcase.Blacklist_Whitelist"/>
  <testcase name="C1_black_admin6" time="28.858" classname="com.yeastar.swebtest.testcase.DetailCase.pbxcase.Blacklist_Whitelist"/>
  <testcase name="C1_black_admin3" time="11.109" classname="com.yeastar.swebtest.testcase.DetailCase.pbxcase.Blacklist_Whitelist"/>
  <testcase name="B4_white_admin2" time="28.685" classname="com.yeastar.swebtest.testcase.DetailCase.pbxcase.Blacklist_Whitelist"/>
  <testcase name="D6_white_me5" time="21.453" classname="com.yeastar.swebtest.testcase.DetailCase.pbxcase.Blacklist_Whitelist"/>
  <testcase name="D1_black_me1" time="40.905" classname="com.yeastar.swebtest.testcase.DetailCase.pbxcase.Blacklist_Whitelist"/>
  <testcase name="B7_black_admin3" time="11.095" classname="com.yeastar.swebtest.testcase.DetailCase.pbxcase.Blacklist_Whitelist"/>
  <testcase name="B7_black_admin4" time="28.796" classname="com.yeastar.swebtest.testcase.DetailCase.pbxcase.Blacklist_Whitelist"/>
  <testcase name="C5_black_admin6" time="11.096" classname="com.yeastar.swebtest.testcase.DetailCase.pbxcase.Blacklist_Whitelist"/>
  <testcase name="B1_black_admin5" time="36.560" classname="com.yeastar.swebtest.testcase.DetailCase.pbxcase.Blacklist_Whitelist">
    <failure type="java.lang.AssertionError" message="CDR呼叫方检测 【预期：1100 [1100] 实际：2000 [2000]】">
      <![CDATA[java.lang.AssertionError: CDR呼叫方检测 【预期：1100 [1100] 实际：2000 [2000]】
	at com.yeastar.swebtest.tools.ysassert.YsAssert.fail(YsAssert.java:1086)
	at com.yeastar.swebtest.tools.ysassert.YsAssert.failNotEquals(YsAssert.java:579)
	at com.yeastar.swebtest.tools.ysassert.YsAssert.assertEqualsImpl(YsAssert.java:142)
	at com.yeastar.swebtest.tools.ysassert.YsAssert.assertEquals(YsAssert.java:116)
	at com.yeastar.swebtest.tools.ysassert.YsAssert.assertEquals(YsAssert.java:199)
	at com.yeastar.swebtest.driver.YSMethod.YS_Extension.checkCDR(YS_Extension.java:262)
	at com.yeastar.swebtest.driver.YSMethod.YS_Extension.checkCDR(YS_Extension.java:252)
	at com.yeastar.swebtest.testcase.DetailCase.pbxcase.Blacklist_Whitelist.B1_black_admin5(Blacklist_Whitelist.java:192)
	at sun.reflect.NativeMethodAccessorImpl.invoke0(Native Method)
	at sun.reflect.NativeMethodAccessorImpl.invoke(NativeMethodAccessorImpl.java:62)
	at sun.reflect.DelegatingMethodAccessorImpl.invoke(DelegatingMethodAccessorImpl.java:43)
	at java.lang.reflect.Method.invoke(Method.java:498)
	at org.testng.internal.MethodInvocationHelper.invokeMethod(MethodInvocationHelper.java:85)
	at org.testng.internal.Invoker.invokeMethod(Invoker.java:639)
	at org.testng.internal.Invoker.invokeTestMethod(Invoker.java:816)
	at org.testng.internal.Invoker.invokeTestMethods(Invoker.java:1124)
	at org.testng.internal.TestMethodWorker.invokeTestMethods(TestMethodWorker.java:125)
	at org.testng.internal.TestMethodWorker.run(TestMethodWorker.java:108)
	at org.testng.TestRunner.privateRun(TestRunner.java:774)
	at org.testng.TestRunner.run(TestRunner.java:624)
	at org.testng.SuiteRunner.runTest(SuiteRunner.java:359)
	at org.testng.SuiteRunner.runSequentially(SuiteRunner.java:354)
	at org.testng.SuiteRunner.privateRun(SuiteRunner.java:312)
	at org.testng.SuiteRunner.run(SuiteRunner.java:261)
	at org.testng.SuiteRunnerWorker.runSuite(SuiteRunnerWorker.java:52)
	at org.testng.SuiteRunnerWorker.run(SuiteRunnerWorker.java:86)
	at org.testng.TestNG.runSuitesSequentially(TestNG.java:1215)
	at org.testng.TestNG.runSuitesLocally(TestNG.java:1140)
	at org.testng.TestNG.run(TestNG.java:1048)
	at org.apache.maven.surefire.testng.TestNGExecutor.run(TestNGExecutor.java:293)
	at org.apache.maven.surefire.testng.TestNGXmlTestSuite.execute(TestNGXmlTestSuite.java:84)
	at org.apache.maven.surefire.testng.TestNGProvider.invoke(TestNGProvider.java:91)
	at org.apache.maven.surefire.booter.ForkedBooter.invokeProviderInSameClassLoader(ForkedBooter.java:200)
	at org.apache.maven.surefire.booter.ForkedBooter.runSuitesInProcess(ForkedBooter.java:153)
	at org.apache.maven.surefire.booter.ForkedBooter.main(ForkedBooter.java:103)
]]>
    </failure>
  </testcase> <!-- B1_black_admin5 -->
  <testcase name="D5_black_me1" time="39.427" classname="com.yeastar.swebtest.testcase.DetailCase.pbxcase.Blacklist_Whitelist"/>
  <testcase name="B3_black_admin4" time="36.506" classname="com.yeastar.swebtest.testcase.DetailCase.pbxcase.Blacklist_Whitelist">
    <failure type="java.lang.AssertionError" message="CDR呼叫方检测 【预期：1100 [1100] 实际：2001 [2001]】">
      <![CDATA[java.lang.AssertionError: CDR呼叫方检测 【预期：1100 [1100] 实际：2001 [2001]】
	at com.yeastar.swebtest.tools.ysassert.YsAssert.fail(YsAssert.java:1086)
	at com.yeastar.swebtest.tools.ysassert.YsAssert.failNotEquals(YsAssert.java:579)
	at com.yeastar.swebtest.tools.ysassert.YsAssert.assertEqualsImpl(YsAssert.java:142)
	at com.yeastar.swebtest.tools.ysassert.YsAssert.assertEquals(YsAssert.java:116)
	at com.yeastar.swebtest.tools.ysassert.YsAssert.assertEquals(YsAssert.java:199)
	at com.yeastar.swebtest.driver.YSMethod.YS_Extension.checkCDR(YS_Extension.java:262)
	at com.yeastar.swebtest.driver.YSMethod.YS_Extension.checkCDR(YS_Extension.java:252)
	at com.yeastar.swebtest.testcase.DetailCase.pbxcase.Blacklist_Whitelist.B3_black_admin4(Blacklist_Whitelist.java:309)
	at sun.reflect.NativeMethodAccessorImpl.invoke0(Native Method)
	at sun.reflect.NativeMethodAccessorImpl.invoke(NativeMethodAccessorImpl.java:62)
	at sun.reflect.DelegatingMethodAccessorImpl.invoke(DelegatingMethodAccessorImpl.java:43)
	at java.lang.reflect.Method.invoke(Method.java:498)
	at org.testng.internal.MethodInvocationHelper.invokeMethod(MethodInvocationHelper.java:85)
	at org.testng.internal.Invoker.invokeMethod(Invoker.java:639)
	at org.testng.internal.Invoker.invokeTestMethod(Invoker.java:816)
	at org.testng.internal.Invoker.invokeTestMethods(Invoker.java:1124)
	at org.testng.internal.TestMethodWorker.invokeTestMethods(TestMethodWorker.java:125)
	at org.testng.internal.TestMethodWorker.run(TestMethodWorker.java:108)
	at org.testng.TestRunner.privateRun(TestRunner.java:774)
	at org.testng.TestRunner.run(TestRunner.java:624)
	at org.testng.SuiteRunner.runTest(SuiteRunner.java:359)
	at org.testng.SuiteRunner.runSequentially(SuiteRunner.java:354)
	at org.testng.SuiteRunner.privateRun(SuiteRunner.java:312)
	at org.testng.SuiteRunner.run(SuiteRunner.java:261)
	at org.testng.SuiteRunnerWorker.runSuite(SuiteRunnerWorker.java:52)
	at org.testng.SuiteRunnerWorker.run(SuiteRunnerWorker.java:86)
	at org.testng.TestNG.runSuitesSequentially(TestNG.java:1215)
	at org.testng.TestNG.runSuitesLocally(TestNG.java:1140)
	at org.testng.TestNG.run(TestNG.java:1048)
	at org.apache.maven.surefire.testng.TestNGExecutor.run(TestNGExecutor.java:293)
	at org.apache.maven.surefire.testng.TestNGXmlTestSuite.execute(TestNGXmlTestSuite.java:84)
	at org.apache.maven.surefire.testng.TestNGProvider.invoke(TestNGProvider.java:91)
	at org.apache.maven.surefire.booter.ForkedBooter.invokeProviderInSameClassLoader(ForkedBooter.java:200)
	at org.apache.maven.surefire.booter.ForkedBooter.runSuitesInProcess(ForkedBooter.java:153)
	at org.apache.maven.surefire.booter.ForkedBooter.main(ForkedBooter.java:103)
]]>
    </failure>
  </testcase> <!-- B3_black_admin4 -->
</testsuite> <!-- com.yeastar.swebtest.testcase.DetailCase.pbxcase.Blacklist_Whitelist -->
