<?xml version="1.0" encoding="UTF-8"?>
<!-- Generated by org.testng.reporters.JUnitReportReporter -->
<testsuite hostname="Yeastar-PC" name="com.yeastar.swebtest.testcase.DetailCase.pbxcase.Disa" tests="60" failures="0" timestamp="22 Apr 2018 04:56:57 GMT" time="2112.986" errors="0">
  <testcase name="B3_addDisa1" time="41.686" classname="com.yeastar.swebtest.testcase.DetailCase.pbxcase.Disa"/>
  <testcase name="D_checkTrunk9" time="0.021" classname="com.yeastar.swebtest.testcase.DetailCase.pbxcase.Disa"/>
  <testcase name="E7_recoveryOutRoute" time="27.697" classname="com.yeastar.swebtest.testcase.DetailCase.pbxcase.Disa"/>
  <testcase name="D_checkTrunk7" time="39.779" classname="com.yeastar.swebtest.testcase.DetailCase.pbxcase.Disa"/>
  <testcase name="K6_deleteAll_no" time="9.836" classname="com.yeastar.swebtest.testcase.DetailCase.pbxcase.Disa"/>
  <testcase name="G1_editSinglePin" time="39.151" classname="com.yeastar.swebtest.testcase.DetailCase.pbxcase.Disa"/>
  <testcase name="L2_recovery_deleteTrunk" time="35.696" classname="com.yeastar.swebtest.testcase.DetailCase.pbxcase.Disa"/>
  <testcase name="F2_checkPin1" time="38.106" classname="com.yeastar.swebtest.testcase.DetailCase.pbxcase.Disa"/>
  <testcase name="K7_deleteAll_yes" time="13.351" classname="com.yeastar.swebtest.testcase.DetailCase.pbxcase.Disa"/>
  <testcase name="L1_recovery_deleteRoute" time="37.592" classname="com.yeastar.swebtest.testcase.DetailCase.pbxcase.Disa"/>
  <testcase name="D_checkTrunk1" time="39.935" classname="com.yeastar.swebtest.testcase.DetailCase.pbxcase.Disa"/>
  <testcase name="H4_newCall" time="73.183" classname="com.yeastar.swebtest.testcase.DetailCase.pbxcase.Disa"/>
  <testcase name="H2_checkNewNone" time="9.101" classname="com.yeastar.swebtest.testcase.DetailCase.pbxcase.Disa"/>
  <testcase name="I2_editResponse" time="32.216" classname="com.yeastar.swebtest.testcase.DetailCase.pbxcase.Disa"/>
  <testcase name="K2_deleteOne_no" time="16.728" classname="com.yeastar.swebtest.testcase.DetailCase.pbxcase.Disa"/>
  <testcase name="F3_editInRoute" time="36.207" classname="com.yeastar.swebtest.testcase.DetailCase.pbxcase.Disa"/>
  <testcase name="D_checkTrunk2" time="39.923" classname="com.yeastar.swebtest.testcase.DetailCase.pbxcase.Disa"/>
  <testcase name="I3_checkResponse1" time="38.114" classname="com.yeastar.swebtest.testcase.DetailCase.pbxcase.Disa"/>
  <testcase name="F4_checkPin4" time="65.147" classname="com.yeastar.swebtest.testcase.DetailCase.pbxcase.Disa"/>
  <testcase name="B3_addDisa2" time="10.921" classname="com.yeastar.swebtest.testcase.DetailCase.pbxcase.Disa"/>
  <testcase name="K1_addDisa" time="16.270" classname="com.yeastar.swebtest.testcase.DetailCase.pbxcase.Disa"/>
  <testcase name="G3_checkNewSinglePin" time="28.118" classname="com.yeastar.swebtest.testcase.DetailCase.pbxcase.Disa"/>
  <testcase name="E2_checkPriority1" time="39.824" classname="com.yeastar.swebtest.testcase.DetailCase.pbxcase.Disa"/>
  <testcase name="G2_checkSiglePin" time="68.984" classname="com.yeastar.swebtest.testcase.DetailCase.pbxcase.Disa"/>
  <testcase name="K4_deletePart_no" time="16.007" classname="com.yeastar.swebtest.testcase.DetailCase.pbxcase.Disa"/>
  <testcase name="E4_checkPriority" time="40.410" classname="com.yeastar.swebtest.testcase.DetailCase.pbxcase.Disa"/>
  <testcase name="G5_newCall" time="104.078" classname="com.yeastar.swebtest.testcase.DetailCase.pbxcase.Disa"/>
  <testcase name="E6_checkPriority" time="40.217" classname="com.yeastar.swebtest.testcase.DetailCase.pbxcase.Disa"/>
  <testcase name="D_checkTrunk6" time="0.019" classname="com.yeastar.swebtest.testcase.DetailCase.pbxcase.Disa"/>
  <testcase name="C_editInRoute" time="57.141" classname="com.yeastar.swebtest.testcase.DetailCase.pbxcase.Disa"/>
  <testcase name="B2_addRoute1" time="24.806" classname="com.yeastar.swebtest.testcase.DetailCase.pbxcase.Disa"/>
  <testcase name="J3_checkDigit" time="75.113" classname="com.yeastar.swebtest.testcase.DetailCase.pbxcase.Disa"/>
  <testcase name="L3_addDisa" time="28.370" classname="com.yeastar.swebtest.testcase.DetailCase.pbxcase.Disa"/>
  <testcase name="J2_editDigit" time="32.601" classname="com.yeastar.swebtest.testcase.DetailCase.pbxcase.Disa"/>
  <testcase name="J4_checkDigit" time="35.680" classname="com.yeastar.swebtest.testcase.DetailCase.pbxcase.Disa"/>
  <testcase name="F2_checkPin3" time="54.218" classname="com.yeastar.swebtest.testcase.DetailCase.pbxcase.Disa"/>
  <testcase name="L4_addInRoute" time="56.237" classname="com.yeastar.swebtest.testcase.DetailCase.pbxcase.Disa"/>
  <testcase name="K8_checkDestination" time="11.108" classname="com.yeastar.swebtest.testcase.DetailCase.pbxcase.Disa"/>
  <testcase name="E5_editDisa" time="37.250" classname="com.yeastar.swebtest.testcase.DetailCase.pbxcase.Disa"/>
  <testcase name="I3_checkResponse2" time="63.428" classname="com.yeastar.swebtest.testcase.DetailCase.pbxcase.Disa"/>
  <testcase name="I1_checkResponse" time="27.100" classname="com.yeastar.swebtest.testcase.DetailCase.pbxcase.Disa"/>
  <testcase name="D_checkTrunk3" time="39.787" classname="com.yeastar.swebtest.testcase.DetailCase.pbxcase.Disa"/>
  <testcase name="B2_addRoute2" time="14.347" classname="com.yeastar.swebtest.testcase.DetailCase.pbxcase.Disa"/>
  <testcase name="E3_editOutRoute" time="27.759" classname="com.yeastar.swebtest.testcase.DetailCase.pbxcase.Disa"/>
  <testcase name="A_addExtensions" time="29.355" classname="com.yeastar.swebtest.testcase.DetailCase.pbxcase.Disa"/>
  <testcase name="F1_editPin" time="39.070" classname="com.yeastar.swebtest.testcase.DetailCase.pbxcase.Disa"/>
  <testcase name="E2_checkPriority2" time="39.819" classname="com.yeastar.swebtest.testcase.DetailCase.pbxcase.Disa"/>
  <testcase name="J1_checkDigit" time="30.603" classname="com.yeastar.swebtest.testcase.DetailCase.pbxcase.Disa"/>
  <testcase name="H3_editNone" time="33.048" classname="com.yeastar.swebtest.testcase.DetailCase.pbxcase.Disa"/>
  <testcase name="K3_deleteOne_yes" time="24.840" classname="com.yeastar.swebtest.testcase.DetailCase.pbxcase.Disa"/>
  <testcase name="D_checkTrunk4" time="41.761" classname="com.yeastar.swebtest.testcase.DetailCase.pbxcase.Disa"/>
  <testcase name="E2_checkPriority3" time="49.959" classname="com.yeastar.swebtest.testcase.DetailCase.pbxcase.Disa"/>
  <testcase name="H1_editNone" time="32.987" classname="com.yeastar.swebtest.testcase.DetailCase.pbxcase.Disa"/>
  <testcase name="D_checkTrunk8" time="0.016" classname="com.yeastar.swebtest.testcase.DetailCase.pbxcase.Disa"/>
  <testcase name="F2_checkPin2" time="63.469" classname="com.yeastar.swebtest.testcase.DetailCase.pbxcase.Disa"/>
  <testcase name="G4_editSinglePin" time="32.258" classname="com.yeastar.swebtest.testcase.DetailCase.pbxcase.Disa"/>
  <testcase name="D_checkTrunk5" time="39.803" classname="com.yeastar.swebtest.testcase.DetailCase.pbxcase.Disa"/>
  <testcase name="E1_editInRoute" time="33.520" classname="com.yeastar.swebtest.testcase.DetailCase.pbxcase.Disa"/>
  <testcase name="K5_deletePart_yes" time="13.412" classname="com.yeastar.swebtest.testcase.DetailCase.pbxcase.Disa"/>
  <testcase name="B1_addUnavil" time="25.804" classname="com.yeastar.swebtest.testcase.DetailCase.pbxcase.Disa"/>
</testsuite> <!-- com.yeastar.swebtest.testcase.DetailCase.pbxcase.Disa -->
