<?xml version="1.0" encoding="UTF-8"?>
<!-- Generated by org.testng.reporters.JUnitReportReporter -->
<testsuite hostname="Yeastar-PC" name="com.yeastar.swebtest.testcase.DetailCase.pbxcase.OutboundRoutes" tests="90" failures="0" timestamp="17 Oct 2018 10:58:35 GMT" time="0.003" errors="90">
  <testcase name="K1_editPatterns" time="0.000" classname="com.yeastar.swebtest.testcase.DetailCase.pbxcase.OutboundRoutes">
    <error type="com.codeborne.selenide.ex.ElementNotFound" message="Element not found {By.id: login-language-inputEl}
Expected: exist">
      <![CDATA[Element not found {By.id: login-language-inputEl}
Expected: exist
Screenshot: file:/F:/MyProject/SwebTest/pic/1539773760550.84.png
Timeout: 10 s.
Caused by: NoSuchElementException: no such element: Unable to locate element: {"method":"id","selector":"login-language-inputEl"}
	at com.codeborne.selenide.impl.WebElementSource.createElementNotFoundError(WebElementSource.java:31)
	at com.codeborne.selenide.impl.ElementFinder.createElementNotFoundError(ElementFinder.java:82)
	at com.codeborne.selenide.impl.WebElementSource.checkCondition(WebElementSource.java:59)
	at com.codeborne.selenide.commands.Should.should(Should.java:35)
	at com.codeborne.selenide.commands.Should.execute(Should.java:29)
	at com.codeborne.selenide.commands.Should.execute(Should.java:12)
	at com.codeborne.selenide.commands.Commands.execute(Commands.java:140)
	at com.codeborne.selenide.impl.SelenideElementProxy.dispatchAndRetry(SelenideElementProxy.java:86)
	at com.codeborne.selenide.impl.SelenideElementProxy.invoke(SelenideElementProxy.java:62)
	at com.sun.proxy.$Proxy6.should(Unknown Source)
	at com.yeastar.swebtest.driver.SwebDriver.click(SwebDriver.java:206)
	at com.yeastar.swebtest.driver.SwebDriver.select(SwebDriver.java:197)
	at com.yeastar.swebtest.driver.SwebDriver.login(SwebDriver.java:151)
	at com.yeastar.swebtest.driver.SwebDriver.login(SwebDriver.java:139)
	at com.yeastar.swebtest.testcase.DetailCase.pbxcase.PINList.BeforeClass(PINList.java:25)
	at sun.reflect.NativeMethodAccessorImpl.invoke0(Native Method)
	at sun.reflect.NativeMethodAccessorImpl.invoke(NativeMethodAccessorImpl.java:62)
	at sun.reflect.DelegatingMethodAccessorImpl.invoke(DelegatingMethodAccessorImpl.java:43)
	at java.lang.reflect.Method.invoke(Method.java:498)
	at org.testng.internal.MethodInvocationHelper.invokeMethod(MethodInvocationHelper.java:85)
	at org.testng.internal.Invoker.invokeConfigurationMethod(Invoker.java:510)
	at org.testng.internal.Invoker.invokeConfigurations(Invoker.java:211)
	at org.testng.internal.Invoker.invokeConfigurations(Invoker.java:138)
	at org.testng.internal.TestMethodWorker.invokeBeforeClassMethods(TestMethodWorker.java:170)
	at org.testng.internal.TestMethodWorker.run(TestMethodWorker.java:104)
	at org.testng.TestRunner.privateRun(TestRunner.java:774)
	at org.testng.TestRunner.run(TestRunner.java:624)
	at org.testng.SuiteRunner.runTest(SuiteRunner.java:359)
	at org.testng.SuiteRunner.runSequentially(SuiteRunner.java:354)
	at org.testng.SuiteRunner.privateRun(SuiteRunner.java:312)
	at org.testng.SuiteRunner.run(SuiteRunner.java:261)
	at org.testng.SuiteRunnerWorker.runSuite(SuiteRunnerWorker.java:52)
	at org.testng.SuiteRunnerWorker.run(SuiteRunnerWorker.java:86)
	at org.testng.TestNG.runSuitesSequentially(TestNG.java:1215)
	at org.testng.TestNG.runSuitesLocally(TestNG.java:1140)
	at org.testng.TestNG.run(TestNG.java:1048)
	at org.apache.maven.surefire.testng.TestNGExecutor.run(TestNGExecutor.java:293)
	at org.apache.maven.surefire.testng.TestNGXmlTestSuite.execute(TestNGXmlTestSuite.java:84)
	at org.apache.maven.surefire.testng.TestNGProvider.invoke(TestNGProvider.java:91)
	at org.apache.maven.surefire.booter.ForkedBooter.invokeProviderInSameClassLoader(ForkedBooter.java:200)
	at org.apache.maven.surefire.booter.ForkedBooter.runSuitesInProcess(ForkedBooter.java:153)
	at org.apache.maven.surefire.booter.ForkedBooter.main(ForkedBooter.java:103)
Caused by: org.openqa.selenium.NoSuchElementException: no such element: Unable to locate element: {"method":"id","selector":"login-language-inputEl"}
  (Session info: chrome=69.0.3497.100)
  (Driver info: chromedriver=2.42.591088 (7b2b2dca23cca0862f674758c9a3933e685c27d5),platform=Windows NT 6.1.7601 SP1 x86_64) (WARNING: The server did not provide any stacktrace information)
Command duration or timeout: 11 milliseconds
For documentation on this error, please visit: http://seleniumhq.org/exceptions/no_such_element.html
Build info: version: '2.53.1', revision: 'a36b8b1cd5757287168e54b817830adce9b0158d', time: '2016-06-30 19:26:09'
System info: host: 'Yeastar-PC', ip: '192.168.11.194', os.name: 'Windows 7', os.arch: 'x86', os.version: '6.1', java.version: '1.8.0_121'
Driver info: org.openqa.selenium.chrome.ChromeDriver
Capabilities [{mobileEmulationEnabled=false, hasTouchScreen=false, platform=XP, acceptSslCerts=false, goog:chromeOptions={debuggerAddress=localhost:23747}, acceptInsecureCerts=false, webStorageEnabled=true, browserName=chrome, takesScreenshot=true, javascriptEnabled=true, setWindowRect=true, unexpectedAlertBehaviour=, applicationCacheEnabled=false, rotatable=false, networkConnectionEnabled=false, chrome={chromedriverVersion=2.42.591088 (7b2b2dca23cca0862f674758c9a3933e685c27d5), userDataDir=C:\Users\Yeastar\AppData\Local\Temp\scoped_dir3852_3820}, takesHeapSnapshot=true, pageLoadStrategy=normal, databaseEnabled=false, handlesAlerts=true, version=69.0.3497.100, browserConnectionEnabled=false, nativeEvents=true, locationContextEnabled=true, cssSelectorsEnabled=true}]
Session ID: d3be694128271583ac260e31a4722891
*** Element info: {Using=id, value=login-language-inputEl}
	at sun.reflect.GeneratedConstructorAccessor26.newInstance(Unknown Source)
	at sun.reflect.DelegatingConstructorAccessorImpl.newInstance(DelegatingConstructorAccessorImpl.java:45)
	at java.lang.reflect.Constructor.newInstance(Constructor.java:423)
	at org.openqa.selenium.remote.ErrorHandler.createThrowable(ErrorHandler.java:206)
	at org.openqa.selenium.remote.ErrorHandler.throwIfResponseFailed(ErrorHandler.java:158)
	at org.openqa.selenium.remote.RemoteWebDriver.execute(RemoteWebDriver.java:678)
	at org.openqa.selenium.remote.RemoteWebDriver.findElement(RemoteWebDriver.java:363)
	at org.openqa.selenium.remote.RemoteWebDriver.findElementById(RemoteWebDriver.java:413)
	at org.openqa.selenium.By$ById.findElement(By.java:218)
	at org.openqa.selenium.remote.RemoteWebDriver.findElement(RemoteWebDriver.java:355)
	at com.codeborne.selenide.impl.WebElementSelector.findElement(WebElementSelector.java:28)
	at com.codeborne.selenide.impl.ElementFinder.getWebElement(ElementFinder.java:56)
	at com.codeborne.selenide.impl.WebElementSource.checkCondition(WebElementSource.java:44)
	... 39 more
]]>
    </error>
  </testcase> <!-- K1_editPatterns -->
  <testcase name="K1_editPatterns" time="0.000" classname="com.yeastar.swebtest.testcase.DetailCase.pbxcase.OutboundRoutes">
    <error type="com.codeborne.selenide.ex.ElementNotFound" message="Element not found {By.id: login-language-inputEl}
Expected: exist">
      <![CDATA[Element not found {By.id: login-language-inputEl}
Expected: exist
Screenshot: file:/F:/MyProject/SwebTest/pic/1539773760550.84.png
Timeout: 10 s.
Caused by: NoSuchElementException: no such element: Unable to locate element: {"method":"id","selector":"login-language-inputEl"}
	at com.codeborne.selenide.impl.WebElementSource.createElementNotFoundError(WebElementSource.java:31)
	at com.codeborne.selenide.impl.ElementFinder.createElementNotFoundError(ElementFinder.java:82)
	at com.codeborne.selenide.impl.WebElementSource.checkCondition(WebElementSource.java:59)
	at com.codeborne.selenide.commands.Should.should(Should.java:35)
	at com.codeborne.selenide.commands.Should.execute(Should.java:29)
	at com.codeborne.selenide.commands.Should.execute(Should.java:12)
	at com.codeborne.selenide.commands.Commands.execute(Commands.java:140)
	at com.codeborne.selenide.impl.SelenideElementProxy.dispatchAndRetry(SelenideElementProxy.java:86)
	at com.codeborne.selenide.impl.SelenideElementProxy.invoke(SelenideElementProxy.java:62)
	at com.sun.proxy.$Proxy6.should(Unknown Source)
	at com.yeastar.swebtest.driver.SwebDriver.click(SwebDriver.java:206)
	at com.yeastar.swebtest.driver.SwebDriver.select(SwebDriver.java:197)
	at com.yeastar.swebtest.driver.SwebDriver.login(SwebDriver.java:151)
	at com.yeastar.swebtest.driver.SwebDriver.login(SwebDriver.java:139)
	at com.yeastar.swebtest.testcase.DetailCase.pbxcase.PINList.BeforeClass(PINList.java:25)
	at sun.reflect.NativeMethodAccessorImpl.invoke0(Native Method)
	at sun.reflect.NativeMethodAccessorImpl.invoke(NativeMethodAccessorImpl.java:62)
	at sun.reflect.DelegatingMethodAccessorImpl.invoke(DelegatingMethodAccessorImpl.java:43)
	at java.lang.reflect.Method.invoke(Method.java:498)
	at org.testng.internal.MethodInvocationHelper.invokeMethod(MethodInvocationHelper.java:85)
	at org.testng.internal.Invoker.invokeConfigurationMethod(Invoker.java:510)
	at org.testng.internal.Invoker.invokeConfigurations(Invoker.java:211)
	at org.testng.internal.Invoker.invokeConfigurations(Invoker.java:138)
	at org.testng.internal.TestMethodWorker.invokeBeforeClassMethods(TestMethodWorker.java:170)
	at org.testng.internal.TestMethodWorker.run(TestMethodWorker.java:104)
	at org.testng.TestRunner.privateRun(TestRunner.java:774)
	at org.testng.TestRunner.run(TestRunner.java:624)
	at org.testng.SuiteRunner.runTest(SuiteRunner.java:359)
	at org.testng.SuiteRunner.runSequentially(SuiteRunner.java:354)
	at org.testng.SuiteRunner.privateRun(SuiteRunner.java:312)
	at org.testng.SuiteRunner.run(SuiteRunner.java:261)
	at org.testng.SuiteRunnerWorker.runSuite(SuiteRunnerWorker.java:52)
	at org.testng.SuiteRunnerWorker.run(SuiteRunnerWorker.java:86)
	at org.testng.TestNG.runSuitesSequentially(TestNG.java:1215)
	at org.testng.TestNG.runSuitesLocally(TestNG.java:1140)
	at org.testng.TestNG.run(TestNG.java:1048)
	at org.apache.maven.surefire.testng.TestNGExecutor.run(TestNGExecutor.java:293)
	at org.apache.maven.surefire.testng.TestNGXmlTestSuite.execute(TestNGXmlTestSuite.java:84)
	at org.apache.maven.surefire.testng.TestNGProvider.invoke(TestNGProvider.java:91)
	at org.apache.maven.surefire.booter.ForkedBooter.invokeProviderInSameClassLoader(ForkedBooter.java:200)
	at org.apache.maven.surefire.booter.ForkedBooter.runSuitesInProcess(ForkedBooter.java:153)
	at org.apache.maven.surefire.booter.ForkedBooter.main(ForkedBooter.java:103)
Caused by: org.openqa.selenium.NoSuchElementException: no such element: Unable to locate element: {"method":"id","selector":"login-language-inputEl"}
  (Session info: chrome=69.0.3497.100)
  (Driver info: chromedriver=2.42.591088 (7b2b2dca23cca0862f674758c9a3933e685c27d5),platform=Windows NT 6.1.7601 SP1 x86_64) (WARNING: The server did not provide any stacktrace information)
Command duration or timeout: 11 milliseconds
For documentation on this error, please visit: http://seleniumhq.org/exceptions/no_such_element.html
Build info: version: '2.53.1', revision: 'a36b8b1cd5757287168e54b817830adce9b0158d', time: '2016-06-30 19:26:09'
System info: host: 'Yeastar-PC', ip: '192.168.11.194', os.name: 'Windows 7', os.arch: 'x86', os.version: '6.1', java.version: '1.8.0_121'
Driver info: org.openqa.selenium.chrome.ChromeDriver
Capabilities [{mobileEmulationEnabled=false, hasTouchScreen=false, platform=XP, acceptSslCerts=false, goog:chromeOptions={debuggerAddress=localhost:23747}, acceptInsecureCerts=false, webStorageEnabled=true, browserName=chrome, takesScreenshot=true, javascriptEnabled=true, setWindowRect=true, unexpectedAlertBehaviour=, applicationCacheEnabled=false, rotatable=false, networkConnectionEnabled=false, chrome={chromedriverVersion=2.42.591088 (7b2b2dca23cca0862f674758c9a3933e685c27d5), userDataDir=C:\Users\Yeastar\AppData\Local\Temp\scoped_dir3852_3820}, takesHeapSnapshot=true, pageLoadStrategy=normal, databaseEnabled=false, handlesAlerts=true, version=69.0.3497.100, browserConnectionEnabled=false, nativeEvents=true, locationContextEnabled=true, cssSelectorsEnabled=true}]
Session ID: d3be694128271583ac260e31a4722891
*** Element info: {Using=id, value=login-language-inputEl}
	at sun.reflect.GeneratedConstructorAccessor26.newInstance(Unknown Source)
	at sun.reflect.DelegatingConstructorAccessorImpl.newInstance(DelegatingConstructorAccessorImpl.java:45)
	at java.lang.reflect.Constructor.newInstance(Constructor.java:423)
	at org.openqa.selenium.remote.ErrorHandler.createThrowable(ErrorHandler.java:206)
	at org.openqa.selenium.remote.ErrorHandler.throwIfResponseFailed(ErrorHandler.java:158)
	at org.openqa.selenium.remote.RemoteWebDriver.execute(RemoteWebDriver.java:678)
	at org.openqa.selenium.remote.RemoteWebDriver.findElement(RemoteWebDriver.java:363)
	at org.openqa.selenium.remote.RemoteWebDriver.findElementById(RemoteWebDriver.java:413)
	at org.openqa.selenium.By$ById.findElement(By.java:218)
	at org.openqa.selenium.remote.RemoteWebDriver.findElement(RemoteWebDriver.java:355)
	at com.codeborne.selenide.impl.WebElementSelector.findElement(WebElementSelector.java:28)
	at com.codeborne.selenide.impl.ElementFinder.getWebElement(ElementFinder.java:56)
	at com.codeborne.selenide.impl.WebElementSource.checkCondition(WebElementSource.java:44)
	... 39 more
]]>
    </error>
  </testcase> <!-- K1_editPatterns -->
  <testcase name="Q_recovery2" time="0.000" classname="com.yeastar.swebtest.testcase.DetailCase.pbxcase.OutboundRoutes">
    <error type="com.codeborne.selenide.ex.ElementNotFound" message="Element not found {By.id: login-language-inputEl}
Expected: exist">
      <![CDATA[Element not found {By.id: login-language-inputEl}
Expected: exist
Screenshot: file:/F:/MyProject/SwebTest/pic/1539773760550.84.png
Timeout: 10 s.
Caused by: NoSuchElementException: no such element: Unable to locate element: {"method":"id","selector":"login-language-inputEl"}
	at com.codeborne.selenide.impl.WebElementSource.createElementNotFoundError(WebElementSource.java:31)
	at com.codeborne.selenide.impl.ElementFinder.createElementNotFoundError(ElementFinder.java:82)
	at com.codeborne.selenide.impl.WebElementSource.checkCondition(WebElementSource.java:59)
	at com.codeborne.selenide.commands.Should.should(Should.java:35)
	at com.codeborne.selenide.commands.Should.execute(Should.java:29)
	at com.codeborne.selenide.commands.Should.execute(Should.java:12)
	at com.codeborne.selenide.commands.Commands.execute(Commands.java:140)
	at com.codeborne.selenide.impl.SelenideElementProxy.dispatchAndRetry(SelenideElementProxy.java:86)
	at com.codeborne.selenide.impl.SelenideElementProxy.invoke(SelenideElementProxy.java:62)
	at com.sun.proxy.$Proxy6.should(Unknown Source)
	at com.yeastar.swebtest.driver.SwebDriver.click(SwebDriver.java:206)
	at com.yeastar.swebtest.driver.SwebDriver.select(SwebDriver.java:197)
	at com.yeastar.swebtest.driver.SwebDriver.login(SwebDriver.java:151)
	at com.yeastar.swebtest.driver.SwebDriver.login(SwebDriver.java:139)
	at com.yeastar.swebtest.testcase.DetailCase.pbxcase.PINList.BeforeClass(PINList.java:25)
	at sun.reflect.NativeMethodAccessorImpl.invoke0(Native Method)
	at sun.reflect.NativeMethodAccessorImpl.invoke(NativeMethodAccessorImpl.java:62)
	at sun.reflect.DelegatingMethodAccessorImpl.invoke(DelegatingMethodAccessorImpl.java:43)
	at java.lang.reflect.Method.invoke(Method.java:498)
	at org.testng.internal.MethodInvocationHelper.invokeMethod(MethodInvocationHelper.java:85)
	at org.testng.internal.Invoker.invokeConfigurationMethod(Invoker.java:510)
	at org.testng.internal.Invoker.invokeConfigurations(Invoker.java:211)
	at org.testng.internal.Invoker.invokeConfigurations(Invoker.java:138)
	at org.testng.internal.TestMethodWorker.invokeBeforeClassMethods(TestMethodWorker.java:170)
	at org.testng.internal.TestMethodWorker.run(TestMethodWorker.java:104)
	at org.testng.TestRunner.privateRun(TestRunner.java:774)
	at org.testng.TestRunner.run(TestRunner.java:624)
	at org.testng.SuiteRunner.runTest(SuiteRunner.java:359)
	at org.testng.SuiteRunner.runSequentially(SuiteRunner.java:354)
	at org.testng.SuiteRunner.privateRun(SuiteRunner.java:312)
	at org.testng.SuiteRunner.run(SuiteRunner.java:261)
	at org.testng.SuiteRunnerWorker.runSuite(SuiteRunnerWorker.java:52)
	at org.testng.SuiteRunnerWorker.run(SuiteRunnerWorker.java:86)
	at org.testng.TestNG.runSuitesSequentially(TestNG.java:1215)
	at org.testng.TestNG.runSuitesLocally(TestNG.java:1140)
	at org.testng.TestNG.run(TestNG.java:1048)
	at org.apache.maven.surefire.testng.TestNGExecutor.run(TestNGExecutor.java:293)
	at org.apache.maven.surefire.testng.TestNGXmlTestSuite.execute(TestNGXmlTestSuite.java:84)
	at org.apache.maven.surefire.testng.TestNGProvider.invoke(TestNGProvider.java:91)
	at org.apache.maven.surefire.booter.ForkedBooter.invokeProviderInSameClassLoader(ForkedBooter.java:200)
	at org.apache.maven.surefire.booter.ForkedBooter.runSuitesInProcess(ForkedBooter.java:153)
	at org.apache.maven.surefire.booter.ForkedBooter.main(ForkedBooter.java:103)
Caused by: org.openqa.selenium.NoSuchElementException: no such element: Unable to locate element: {"method":"id","selector":"login-language-inputEl"}
  (Session info: chrome=69.0.3497.100)
  (Driver info: chromedriver=2.42.591088 (7b2b2dca23cca0862f674758c9a3933e685c27d5),platform=Windows NT 6.1.7601 SP1 x86_64) (WARNING: The server did not provide any stacktrace information)
Command duration or timeout: 11 milliseconds
For documentation on this error, please visit: http://seleniumhq.org/exceptions/no_such_element.html
Build info: version: '2.53.1', revision: 'a36b8b1cd5757287168e54b817830adce9b0158d', time: '2016-06-30 19:26:09'
System info: host: 'Yeastar-PC', ip: '192.168.11.194', os.name: 'Windows 7', os.arch: 'x86', os.version: '6.1', java.version: '1.8.0_121'
Driver info: org.openqa.selenium.chrome.ChromeDriver
Capabilities [{mobileEmulationEnabled=false, hasTouchScreen=false, platform=XP, acceptSslCerts=false, goog:chromeOptions={debuggerAddress=localhost:23747}, acceptInsecureCerts=false, webStorageEnabled=true, browserName=chrome, takesScreenshot=true, javascriptEnabled=true, setWindowRect=true, unexpectedAlertBehaviour=, applicationCacheEnabled=false, rotatable=false, networkConnectionEnabled=false, chrome={chromedriverVersion=2.42.591088 (7b2b2dca23cca0862f674758c9a3933e685c27d5), userDataDir=C:\Users\Yeastar\AppData\Local\Temp\scoped_dir3852_3820}, takesHeapSnapshot=true, pageLoadStrategy=normal, databaseEnabled=false, handlesAlerts=true, version=69.0.3497.100, browserConnectionEnabled=false, nativeEvents=true, locationContextEnabled=true, cssSelectorsEnabled=true}]
Session ID: d3be694128271583ac260e31a4722891
*** Element info: {Using=id, value=login-language-inputEl}
	at sun.reflect.GeneratedConstructorAccessor26.newInstance(Unknown Source)
	at sun.reflect.DelegatingConstructorAccessorImpl.newInstance(DelegatingConstructorAccessorImpl.java:45)
	at java.lang.reflect.Constructor.newInstance(Constructor.java:423)
	at org.openqa.selenium.remote.ErrorHandler.createThrowable(ErrorHandler.java:206)
	at org.openqa.selenium.remote.ErrorHandler.throwIfResponseFailed(ErrorHandler.java:158)
	at org.openqa.selenium.remote.RemoteWebDriver.execute(RemoteWebDriver.java:678)
	at org.openqa.selenium.remote.RemoteWebDriver.findElement(RemoteWebDriver.java:363)
	at org.openqa.selenium.remote.RemoteWebDriver.findElementById(RemoteWebDriver.java:413)
	at org.openqa.selenium.By$ById.findElement(By.java:218)
	at org.openqa.selenium.remote.RemoteWebDriver.findElement(RemoteWebDriver.java:355)
	at com.codeborne.selenide.impl.WebElementSelector.findElement(WebElementSelector.java:28)
	at com.codeborne.selenide.impl.ElementFinder.getWebElement(ElementFinder.java:56)
	at com.codeborne.selenide.impl.WebElementSource.checkCondition(WebElementSource.java:44)
	... 39 more
]]>
    </error>
  </testcase> <!-- Q_recovery2 -->
  <testcase name="K2_editPatterns" time="0.000" classname="com.yeastar.swebtest.testcase.DetailCase.pbxcase.OutboundRoutes">
    <error type="com.codeborne.selenide.ex.ElementNotFound" message="Element not found {By.id: login-language-inputEl}
Expected: exist">
      <![CDATA[Element not found {By.id: login-language-inputEl}
Expected: exist
Screenshot: file:/F:/MyProject/SwebTest/pic/1539773760550.84.png
Timeout: 10 s.
Caused by: NoSuchElementException: no such element: Unable to locate element: {"method":"id","selector":"login-language-inputEl"}
	at com.codeborne.selenide.impl.WebElementSource.createElementNotFoundError(WebElementSource.java:31)
	at com.codeborne.selenide.impl.ElementFinder.createElementNotFoundError(ElementFinder.java:82)
	at com.codeborne.selenide.impl.WebElementSource.checkCondition(WebElementSource.java:59)
	at com.codeborne.selenide.commands.Should.should(Should.java:35)
	at com.codeborne.selenide.commands.Should.execute(Should.java:29)
	at com.codeborne.selenide.commands.Should.execute(Should.java:12)
	at com.codeborne.selenide.commands.Commands.execute(Commands.java:140)
	at com.codeborne.selenide.impl.SelenideElementProxy.dispatchAndRetry(SelenideElementProxy.java:86)
	at com.codeborne.selenide.impl.SelenideElementProxy.invoke(SelenideElementProxy.java:62)
	at com.sun.proxy.$Proxy6.should(Unknown Source)
	at com.yeastar.swebtest.driver.SwebDriver.click(SwebDriver.java:206)
	at com.yeastar.swebtest.driver.SwebDriver.select(SwebDriver.java:197)
	at com.yeastar.swebtest.driver.SwebDriver.login(SwebDriver.java:151)
	at com.yeastar.swebtest.driver.SwebDriver.login(SwebDriver.java:139)
	at com.yeastar.swebtest.testcase.DetailCase.pbxcase.PINList.BeforeClass(PINList.java:25)
	at sun.reflect.NativeMethodAccessorImpl.invoke0(Native Method)
	at sun.reflect.NativeMethodAccessorImpl.invoke(NativeMethodAccessorImpl.java:62)
	at sun.reflect.DelegatingMethodAccessorImpl.invoke(DelegatingMethodAccessorImpl.java:43)
	at java.lang.reflect.Method.invoke(Method.java:498)
	at org.testng.internal.MethodInvocationHelper.invokeMethod(MethodInvocationHelper.java:85)
	at org.testng.internal.Invoker.invokeConfigurationMethod(Invoker.java:510)
	at org.testng.internal.Invoker.invokeConfigurations(Invoker.java:211)
	at org.testng.internal.Invoker.invokeConfigurations(Invoker.java:138)
	at org.testng.internal.TestMethodWorker.invokeBeforeClassMethods(TestMethodWorker.java:170)
	at org.testng.internal.TestMethodWorker.run(TestMethodWorker.java:104)
	at org.testng.TestRunner.privateRun(TestRunner.java:774)
	at org.testng.TestRunner.run(TestRunner.java:624)
	at org.testng.SuiteRunner.runTest(SuiteRunner.java:359)
	at org.testng.SuiteRunner.runSequentially(SuiteRunner.java:354)
	at org.testng.SuiteRunner.privateRun(SuiteRunner.java:312)
	at org.testng.SuiteRunner.run(SuiteRunner.java:261)
	at org.testng.SuiteRunnerWorker.runSuite(SuiteRunnerWorker.java:52)
	at org.testng.SuiteRunnerWorker.run(SuiteRunnerWorker.java:86)
	at org.testng.TestNG.runSuitesSequentially(TestNG.java:1215)
	at org.testng.TestNG.runSuitesLocally(TestNG.java:1140)
	at org.testng.TestNG.run(TestNG.java:1048)
	at org.apache.maven.surefire.testng.TestNGExecutor.run(TestNGExecutor.java:293)
	at org.apache.maven.surefire.testng.TestNGXmlTestSuite.execute(TestNGXmlTestSuite.java:84)
	at org.apache.maven.surefire.testng.TestNGProvider.invoke(TestNGProvider.java:91)
	at org.apache.maven.surefire.booter.ForkedBooter.invokeProviderInSameClassLoader(ForkedBooter.java:200)
	at org.apache.maven.surefire.booter.ForkedBooter.runSuitesInProcess(ForkedBooter.java:153)
	at org.apache.maven.surefire.booter.ForkedBooter.main(ForkedBooter.java:103)
Caused by: org.openqa.selenium.NoSuchElementException: no such element: Unable to locate element: {"method":"id","selector":"login-language-inputEl"}
  (Session info: chrome=69.0.3497.100)
  (Driver info: chromedriver=2.42.591088 (7b2b2dca23cca0862f674758c9a3933e685c27d5),platform=Windows NT 6.1.7601 SP1 x86_64) (WARNING: The server did not provide any stacktrace information)
Command duration or timeout: 11 milliseconds
For documentation on this error, please visit: http://seleniumhq.org/exceptions/no_such_element.html
Build info: version: '2.53.1', revision: 'a36b8b1cd5757287168e54b817830adce9b0158d', time: '2016-06-30 19:26:09'
System info: host: 'Yeastar-PC', ip: '192.168.11.194', os.name: 'Windows 7', os.arch: 'x86', os.version: '6.1', java.version: '1.8.0_121'
Driver info: org.openqa.selenium.chrome.ChromeDriver
Capabilities [{mobileEmulationEnabled=false, hasTouchScreen=false, platform=XP, acceptSslCerts=false, goog:chromeOptions={debuggerAddress=localhost:23747}, acceptInsecureCerts=false, webStorageEnabled=true, browserName=chrome, takesScreenshot=true, javascriptEnabled=true, setWindowRect=true, unexpectedAlertBehaviour=, applicationCacheEnabled=false, rotatable=false, networkConnectionEnabled=false, chrome={chromedriverVersion=2.42.591088 (7b2b2dca23cca0862f674758c9a3933e685c27d5), userDataDir=C:\Users\Yeastar\AppData\Local\Temp\scoped_dir3852_3820}, takesHeapSnapshot=true, pageLoadStrategy=normal, databaseEnabled=false, handlesAlerts=true, version=69.0.3497.100, browserConnectionEnabled=false, nativeEvents=true, locationContextEnabled=true, cssSelectorsEnabled=true}]
Session ID: d3be694128271583ac260e31a4722891
*** Element info: {Using=id, value=login-language-inputEl}
	at sun.reflect.GeneratedConstructorAccessor26.newInstance(Unknown Source)
	at sun.reflect.DelegatingConstructorAccessorImpl.newInstance(DelegatingConstructorAccessorImpl.java:45)
	at java.lang.reflect.Constructor.newInstance(Constructor.java:423)
	at org.openqa.selenium.remote.ErrorHandler.createThrowable(ErrorHandler.java:206)
	at org.openqa.selenium.remote.ErrorHandler.throwIfResponseFailed(ErrorHandler.java:158)
	at org.openqa.selenium.remote.RemoteWebDriver.execute(RemoteWebDriver.java:678)
	at org.openqa.selenium.remote.RemoteWebDriver.findElement(RemoteWebDriver.java:363)
	at org.openqa.selenium.remote.RemoteWebDriver.findElementById(RemoteWebDriver.java:413)
	at org.openqa.selenium.By$ById.findElement(By.java:218)
	at org.openqa.selenium.remote.RemoteWebDriver.findElement(RemoteWebDriver.java:355)
	at com.codeborne.selenide.impl.WebElementSelector.findElement(WebElementSelector.java:28)
	at com.codeborne.selenide.impl.ElementFinder.getWebElement(ElementFinder.java:56)
	at com.codeborne.selenide.impl.WebElementSource.checkCondition(WebElementSource.java:44)
	... 39 more
]]>
    </error>
  </testcase> <!-- K2_editPatterns -->
  <testcase name="P2_deleteOne_yes" time="0.000" classname="com.yeastar.swebtest.testcase.DetailCase.pbxcase.OutboundRoutes">
    <error type="com.codeborne.selenide.ex.ElementNotFound" message="Element not found {By.id: login-language-inputEl}
Expected: exist">
      <![CDATA[Element not found {By.id: login-language-inputEl}
Expected: exist
Screenshot: file:/F:/MyProject/SwebTest/pic/1539773760550.84.png
Timeout: 10 s.
Caused by: NoSuchElementException: no such element: Unable to locate element: {"method":"id","selector":"login-language-inputEl"}
	at com.codeborne.selenide.impl.WebElementSource.createElementNotFoundError(WebElementSource.java:31)
	at com.codeborne.selenide.impl.ElementFinder.createElementNotFoundError(ElementFinder.java:82)
	at com.codeborne.selenide.impl.WebElementSource.checkCondition(WebElementSource.java:59)
	at com.codeborne.selenide.commands.Should.should(Should.java:35)
	at com.codeborne.selenide.commands.Should.execute(Should.java:29)
	at com.codeborne.selenide.commands.Should.execute(Should.java:12)
	at com.codeborne.selenide.commands.Commands.execute(Commands.java:140)
	at com.codeborne.selenide.impl.SelenideElementProxy.dispatchAndRetry(SelenideElementProxy.java:86)
	at com.codeborne.selenide.impl.SelenideElementProxy.invoke(SelenideElementProxy.java:62)
	at com.sun.proxy.$Proxy6.should(Unknown Source)
	at com.yeastar.swebtest.driver.SwebDriver.click(SwebDriver.java:206)
	at com.yeastar.swebtest.driver.SwebDriver.select(SwebDriver.java:197)
	at com.yeastar.swebtest.driver.SwebDriver.login(SwebDriver.java:151)
	at com.yeastar.swebtest.driver.SwebDriver.login(SwebDriver.java:139)
	at com.yeastar.swebtest.testcase.DetailCase.pbxcase.PINList.BeforeClass(PINList.java:25)
	at sun.reflect.NativeMethodAccessorImpl.invoke0(Native Method)
	at sun.reflect.NativeMethodAccessorImpl.invoke(NativeMethodAccessorImpl.java:62)
	at sun.reflect.DelegatingMethodAccessorImpl.invoke(DelegatingMethodAccessorImpl.java:43)
	at java.lang.reflect.Method.invoke(Method.java:498)
	at org.testng.internal.MethodInvocationHelper.invokeMethod(MethodInvocationHelper.java:85)
	at org.testng.internal.Invoker.invokeConfigurationMethod(Invoker.java:510)
	at org.testng.internal.Invoker.invokeConfigurations(Invoker.java:211)
	at org.testng.internal.Invoker.invokeConfigurations(Invoker.java:138)
	at org.testng.internal.TestMethodWorker.invokeBeforeClassMethods(TestMethodWorker.java:170)
	at org.testng.internal.TestMethodWorker.run(TestMethodWorker.java:104)
	at org.testng.TestRunner.privateRun(TestRunner.java:774)
	at org.testng.TestRunner.run(TestRunner.java:624)
	at org.testng.SuiteRunner.runTest(SuiteRunner.java:359)
	at org.testng.SuiteRunner.runSequentially(SuiteRunner.java:354)
	at org.testng.SuiteRunner.privateRun(SuiteRunner.java:312)
	at org.testng.SuiteRunner.run(SuiteRunner.java:261)
	at org.testng.SuiteRunnerWorker.runSuite(SuiteRunnerWorker.java:52)
	at org.testng.SuiteRunnerWorker.run(SuiteRunnerWorker.java:86)
	at org.testng.TestNG.runSuitesSequentially(TestNG.java:1215)
	at org.testng.TestNG.runSuitesLocally(TestNG.java:1140)
	at org.testng.TestNG.run(TestNG.java:1048)
	at org.apache.maven.surefire.testng.TestNGExecutor.run(TestNGExecutor.java:293)
	at org.apache.maven.surefire.testng.TestNGXmlTestSuite.execute(TestNGXmlTestSuite.java:84)
	at org.apache.maven.surefire.testng.TestNGProvider.invoke(TestNGProvider.java:91)
	at org.apache.maven.surefire.booter.ForkedBooter.invokeProviderInSameClassLoader(ForkedBooter.java:200)
	at org.apache.maven.surefire.booter.ForkedBooter.runSuitesInProcess(ForkedBooter.java:153)
	at org.apache.maven.surefire.booter.ForkedBooter.main(ForkedBooter.java:103)
Caused by: org.openqa.selenium.NoSuchElementException: no such element: Unable to locate element: {"method":"id","selector":"login-language-inputEl"}
  (Session info: chrome=69.0.3497.100)
  (Driver info: chromedriver=2.42.591088 (7b2b2dca23cca0862f674758c9a3933e685c27d5),platform=Windows NT 6.1.7601 SP1 x86_64) (WARNING: The server did not provide any stacktrace information)
Command duration or timeout: 11 milliseconds
For documentation on this error, please visit: http://seleniumhq.org/exceptions/no_such_element.html
Build info: version: '2.53.1', revision: 'a36b8b1cd5757287168e54b817830adce9b0158d', time: '2016-06-30 19:26:09'
System info: host: 'Yeastar-PC', ip: '192.168.11.194', os.name: 'Windows 7', os.arch: 'x86', os.version: '6.1', java.version: '1.8.0_121'
Driver info: org.openqa.selenium.chrome.ChromeDriver
Capabilities [{mobileEmulationEnabled=false, hasTouchScreen=false, platform=XP, acceptSslCerts=false, goog:chromeOptions={debuggerAddress=localhost:23747}, acceptInsecureCerts=false, webStorageEnabled=true, browserName=chrome, takesScreenshot=true, javascriptEnabled=true, setWindowRect=true, unexpectedAlertBehaviour=, applicationCacheEnabled=false, rotatable=false, networkConnectionEnabled=false, chrome={chromedriverVersion=2.42.591088 (7b2b2dca23cca0862f674758c9a3933e685c27d5), userDataDir=C:\Users\Yeastar\AppData\Local\Temp\scoped_dir3852_3820}, takesHeapSnapshot=true, pageLoadStrategy=normal, databaseEnabled=false, handlesAlerts=true, version=69.0.3497.100, browserConnectionEnabled=false, nativeEvents=true, locationContextEnabled=true, cssSelectorsEnabled=true}]
Session ID: d3be694128271583ac260e31a4722891
*** Element info: {Using=id, value=login-language-inputEl}
	at sun.reflect.GeneratedConstructorAccessor26.newInstance(Unknown Source)
	at sun.reflect.DelegatingConstructorAccessorImpl.newInstance(DelegatingConstructorAccessorImpl.java:45)
	at java.lang.reflect.Constructor.newInstance(Constructor.java:423)
	at org.openqa.selenium.remote.ErrorHandler.createThrowable(ErrorHandler.java:206)
	at org.openqa.selenium.remote.ErrorHandler.throwIfResponseFailed(ErrorHandler.java:158)
	at org.openqa.selenium.remote.RemoteWebDriver.execute(RemoteWebDriver.java:678)
	at org.openqa.selenium.remote.RemoteWebDriver.findElement(RemoteWebDriver.java:363)
	at org.openqa.selenium.remote.RemoteWebDriver.findElementById(RemoteWebDriver.java:413)
	at org.openqa.selenium.By$ById.findElement(By.java:218)
	at org.openqa.selenium.remote.RemoteWebDriver.findElement(RemoteWebDriver.java:355)
	at com.codeborne.selenide.impl.WebElementSelector.findElement(WebElementSelector.java:28)
	at com.codeborne.selenide.impl.ElementFinder.getWebElement(ElementFinder.java:56)
	at com.codeborne.selenide.impl.WebElementSource.checkCondition(WebElementSource.java:44)
	... 39 more
]]>
    </error>
  </testcase> <!-- P2_deleteOne_yes -->
  <testcase name="A2_addTrunk" time="0.000" classname="com.yeastar.swebtest.testcase.DetailCase.pbxcase.OutboundRoutes">
    <error type="com.codeborne.selenide.ex.ElementNotFound" message="Element not found {By.id: login-language-inputEl}
Expected: exist">
      <![CDATA[Element not found {By.id: login-language-inputEl}
Expected: exist
Screenshot: file:/F:/MyProject/SwebTest/pic/1539773760550.84.png
Timeout: 10 s.
Caused by: NoSuchElementException: no such element: Unable to locate element: {"method":"id","selector":"login-language-inputEl"}
	at com.codeborne.selenide.impl.WebElementSource.createElementNotFoundError(WebElementSource.java:31)
	at com.codeborne.selenide.impl.ElementFinder.createElementNotFoundError(ElementFinder.java:82)
	at com.codeborne.selenide.impl.WebElementSource.checkCondition(WebElementSource.java:59)
	at com.codeborne.selenide.commands.Should.should(Should.java:35)
	at com.codeborne.selenide.commands.Should.execute(Should.java:29)
	at com.codeborne.selenide.commands.Should.execute(Should.java:12)
	at com.codeborne.selenide.commands.Commands.execute(Commands.java:140)
	at com.codeborne.selenide.impl.SelenideElementProxy.dispatchAndRetry(SelenideElementProxy.java:86)
	at com.codeborne.selenide.impl.SelenideElementProxy.invoke(SelenideElementProxy.java:62)
	at com.sun.proxy.$Proxy6.should(Unknown Source)
	at com.yeastar.swebtest.driver.SwebDriver.click(SwebDriver.java:206)
	at com.yeastar.swebtest.driver.SwebDriver.select(SwebDriver.java:197)
	at com.yeastar.swebtest.driver.SwebDriver.login(SwebDriver.java:151)
	at com.yeastar.swebtest.driver.SwebDriver.login(SwebDriver.java:139)
	at com.yeastar.swebtest.testcase.DetailCase.pbxcase.PINList.BeforeClass(PINList.java:25)
	at sun.reflect.NativeMethodAccessorImpl.invoke0(Native Method)
	at sun.reflect.NativeMethodAccessorImpl.invoke(NativeMethodAccessorImpl.java:62)
	at sun.reflect.DelegatingMethodAccessorImpl.invoke(DelegatingMethodAccessorImpl.java:43)
	at java.lang.reflect.Method.invoke(Method.java:498)
	at org.testng.internal.MethodInvocationHelper.invokeMethod(MethodInvocationHelper.java:85)
	at org.testng.internal.Invoker.invokeConfigurationMethod(Invoker.java:510)
	at org.testng.internal.Invoker.invokeConfigurations(Invoker.java:211)
	at org.testng.internal.Invoker.invokeConfigurations(Invoker.java:138)
	at org.testng.internal.TestMethodWorker.invokeBeforeClassMethods(TestMethodWorker.java:170)
	at org.testng.internal.TestMethodWorker.run(TestMethodWorker.java:104)
	at org.testng.TestRunner.privateRun(TestRunner.java:774)
	at org.testng.TestRunner.run(TestRunner.java:624)
	at org.testng.SuiteRunner.runTest(SuiteRunner.java:359)
	at org.testng.SuiteRunner.runSequentially(SuiteRunner.java:354)
	at org.testng.SuiteRunner.privateRun(SuiteRunner.java:312)
	at org.testng.SuiteRunner.run(SuiteRunner.java:261)
	at org.testng.SuiteRunnerWorker.runSuite(SuiteRunnerWorker.java:52)
	at org.testng.SuiteRunnerWorker.run(SuiteRunnerWorker.java:86)
	at org.testng.TestNG.runSuitesSequentially(TestNG.java:1215)
	at org.testng.TestNG.runSuitesLocally(TestNG.java:1140)
	at org.testng.TestNG.run(TestNG.java:1048)
	at org.apache.maven.surefire.testng.TestNGExecutor.run(TestNGExecutor.java:293)
	at org.apache.maven.surefire.testng.TestNGXmlTestSuite.execute(TestNGXmlTestSuite.java:84)
	at org.apache.maven.surefire.testng.TestNGProvider.invoke(TestNGProvider.java:91)
	at org.apache.maven.surefire.booter.ForkedBooter.invokeProviderInSameClassLoader(ForkedBooter.java:200)
	at org.apache.maven.surefire.booter.ForkedBooter.runSuitesInProcess(ForkedBooter.java:153)
	at org.apache.maven.surefire.booter.ForkedBooter.main(ForkedBooter.java:103)
Caused by: org.openqa.selenium.NoSuchElementException: no such element: Unable to locate element: {"method":"id","selector":"login-language-inputEl"}
  (Session info: chrome=69.0.3497.100)
  (Driver info: chromedriver=2.42.591088 (7b2b2dca23cca0862f674758c9a3933e685c27d5),platform=Windows NT 6.1.7601 SP1 x86_64) (WARNING: The server did not provide any stacktrace information)
Command duration or timeout: 11 milliseconds
For documentation on this error, please visit: http://seleniumhq.org/exceptions/no_such_element.html
Build info: version: '2.53.1', revision: 'a36b8b1cd5757287168e54b817830adce9b0158d', time: '2016-06-30 19:26:09'
System info: host: 'Yeastar-PC', ip: '192.168.11.194', os.name: 'Windows 7', os.arch: 'x86', os.version: '6.1', java.version: '1.8.0_121'
Driver info: org.openqa.selenium.chrome.ChromeDriver
Capabilities [{mobileEmulationEnabled=false, hasTouchScreen=false, platform=XP, acceptSslCerts=false, goog:chromeOptions={debuggerAddress=localhost:23747}, acceptInsecureCerts=false, webStorageEnabled=true, browserName=chrome, takesScreenshot=true, javascriptEnabled=true, setWindowRect=true, unexpectedAlertBehaviour=, applicationCacheEnabled=false, rotatable=false, networkConnectionEnabled=false, chrome={chromedriverVersion=2.42.591088 (7b2b2dca23cca0862f674758c9a3933e685c27d5), userDataDir=C:\Users\Yeastar\AppData\Local\Temp\scoped_dir3852_3820}, takesHeapSnapshot=true, pageLoadStrategy=normal, databaseEnabled=false, handlesAlerts=true, version=69.0.3497.100, browserConnectionEnabled=false, nativeEvents=true, locationContextEnabled=true, cssSelectorsEnabled=true}]
Session ID: d3be694128271583ac260e31a4722891
*** Element info: {Using=id, value=login-language-inputEl}
	at sun.reflect.GeneratedConstructorAccessor26.newInstance(Unknown Source)
	at sun.reflect.DelegatingConstructorAccessorImpl.newInstance(DelegatingConstructorAccessorImpl.java:45)
	at java.lang.reflect.Constructor.newInstance(Constructor.java:423)
	at org.openqa.selenium.remote.ErrorHandler.createThrowable(ErrorHandler.java:206)
	at org.openqa.selenium.remote.ErrorHandler.throwIfResponseFailed(ErrorHandler.java:158)
	at org.openqa.selenium.remote.RemoteWebDriver.execute(RemoteWebDriver.java:678)
	at org.openqa.selenium.remote.RemoteWebDriver.findElement(RemoteWebDriver.java:363)
	at org.openqa.selenium.remote.RemoteWebDriver.findElementById(RemoteWebDriver.java:413)
	at org.openqa.selenium.By$ById.findElement(By.java:218)
	at org.openqa.selenium.remote.RemoteWebDriver.findElement(RemoteWebDriver.java:355)
	at com.codeborne.selenide.impl.WebElementSelector.findElement(WebElementSelector.java:28)
	at com.codeborne.selenide.impl.ElementFinder.getWebElement(ElementFinder.java:56)
	at com.codeborne.selenide.impl.WebElementSource.checkCondition(WebElementSource.java:44)
	... 39 more
]]>
    </error>
  </testcase> <!-- A2_addTrunk -->
  <testcase name="K2_editPatterns" time="0.000" classname="com.yeastar.swebtest.testcase.DetailCase.pbxcase.OutboundRoutes">
    <error type="com.codeborne.selenide.ex.ElementNotFound" message="Element not found {By.id: login-language-inputEl}
Expected: exist">
      <![CDATA[Element not found {By.id: login-language-inputEl}
Expected: exist
Screenshot: file:/F:/MyProject/SwebTest/pic/1539773760550.84.png
Timeout: 10 s.
Caused by: NoSuchElementException: no such element: Unable to locate element: {"method":"id","selector":"login-language-inputEl"}
	at com.codeborne.selenide.impl.WebElementSource.createElementNotFoundError(WebElementSource.java:31)
	at com.codeborne.selenide.impl.ElementFinder.createElementNotFoundError(ElementFinder.java:82)
	at com.codeborne.selenide.impl.WebElementSource.checkCondition(WebElementSource.java:59)
	at com.codeborne.selenide.commands.Should.should(Should.java:35)
	at com.codeborne.selenide.commands.Should.execute(Should.java:29)
	at com.codeborne.selenide.commands.Should.execute(Should.java:12)
	at com.codeborne.selenide.commands.Commands.execute(Commands.java:140)
	at com.codeborne.selenide.impl.SelenideElementProxy.dispatchAndRetry(SelenideElementProxy.java:86)
	at com.codeborne.selenide.impl.SelenideElementProxy.invoke(SelenideElementProxy.java:62)
	at com.sun.proxy.$Proxy6.should(Unknown Source)
	at com.yeastar.swebtest.driver.SwebDriver.click(SwebDriver.java:206)
	at com.yeastar.swebtest.driver.SwebDriver.select(SwebDriver.java:197)
	at com.yeastar.swebtest.driver.SwebDriver.login(SwebDriver.java:151)
	at com.yeastar.swebtest.driver.SwebDriver.login(SwebDriver.java:139)
	at com.yeastar.swebtest.testcase.DetailCase.pbxcase.PINList.BeforeClass(PINList.java:25)
	at sun.reflect.NativeMethodAccessorImpl.invoke0(Native Method)
	at sun.reflect.NativeMethodAccessorImpl.invoke(NativeMethodAccessorImpl.java:62)
	at sun.reflect.DelegatingMethodAccessorImpl.invoke(DelegatingMethodAccessorImpl.java:43)
	at java.lang.reflect.Method.invoke(Method.java:498)
	at org.testng.internal.MethodInvocationHelper.invokeMethod(MethodInvocationHelper.java:85)
	at org.testng.internal.Invoker.invokeConfigurationMethod(Invoker.java:510)
	at org.testng.internal.Invoker.invokeConfigurations(Invoker.java:211)
	at org.testng.internal.Invoker.invokeConfigurations(Invoker.java:138)
	at org.testng.internal.TestMethodWorker.invokeBeforeClassMethods(TestMethodWorker.java:170)
	at org.testng.internal.TestMethodWorker.run(TestMethodWorker.java:104)
	at org.testng.TestRunner.privateRun(TestRunner.java:774)
	at org.testng.TestRunner.run(TestRunner.java:624)
	at org.testng.SuiteRunner.runTest(SuiteRunner.java:359)
	at org.testng.SuiteRunner.runSequentially(SuiteRunner.java:354)
	at org.testng.SuiteRunner.privateRun(SuiteRunner.java:312)
	at org.testng.SuiteRunner.run(SuiteRunner.java:261)
	at org.testng.SuiteRunnerWorker.runSuite(SuiteRunnerWorker.java:52)
	at org.testng.SuiteRunnerWorker.run(SuiteRunnerWorker.java:86)
	at org.testng.TestNG.runSuitesSequentially(TestNG.java:1215)
	at org.testng.TestNG.runSuitesLocally(TestNG.java:1140)
	at org.testng.TestNG.run(TestNG.java:1048)
	at org.apache.maven.surefire.testng.TestNGExecutor.run(TestNGExecutor.java:293)
	at org.apache.maven.surefire.testng.TestNGXmlTestSuite.execute(TestNGXmlTestSuite.java:84)
	at org.apache.maven.surefire.testng.TestNGProvider.invoke(TestNGProvider.java:91)
	at org.apache.maven.surefire.booter.ForkedBooter.invokeProviderInSameClassLoader(ForkedBooter.java:200)
	at org.apache.maven.surefire.booter.ForkedBooter.runSuitesInProcess(ForkedBooter.java:153)
	at org.apache.maven.surefire.booter.ForkedBooter.main(ForkedBooter.java:103)
Caused by: org.openqa.selenium.NoSuchElementException: no such element: Unable to locate element: {"method":"id","selector":"login-language-inputEl"}
  (Session info: chrome=69.0.3497.100)
  (Driver info: chromedriver=2.42.591088 (7b2b2dca23cca0862f674758c9a3933e685c27d5),platform=Windows NT 6.1.7601 SP1 x86_64) (WARNING: The server did not provide any stacktrace information)
Command duration or timeout: 11 milliseconds
For documentation on this error, please visit: http://seleniumhq.org/exceptions/no_such_element.html
Build info: version: '2.53.1', revision: 'a36b8b1cd5757287168e54b817830adce9b0158d', time: '2016-06-30 19:26:09'
System info: host: 'Yeastar-PC', ip: '192.168.11.194', os.name: 'Windows 7', os.arch: 'x86', os.version: '6.1', java.version: '1.8.0_121'
Driver info: org.openqa.selenium.chrome.ChromeDriver
Capabilities [{mobileEmulationEnabled=false, hasTouchScreen=false, platform=XP, acceptSslCerts=false, goog:chromeOptions={debuggerAddress=localhost:23747}, acceptInsecureCerts=false, webStorageEnabled=true, browserName=chrome, takesScreenshot=true, javascriptEnabled=true, setWindowRect=true, unexpectedAlertBehaviour=, applicationCacheEnabled=false, rotatable=false, networkConnectionEnabled=false, chrome={chromedriverVersion=2.42.591088 (7b2b2dca23cca0862f674758c9a3933e685c27d5), userDataDir=C:\Users\Yeastar\AppData\Local\Temp\scoped_dir3852_3820}, takesHeapSnapshot=true, pageLoadStrategy=normal, databaseEnabled=false, handlesAlerts=true, version=69.0.3497.100, browserConnectionEnabled=false, nativeEvents=true, locationContextEnabled=true, cssSelectorsEnabled=true}]
Session ID: d3be694128271583ac260e31a4722891
*** Element info: {Using=id, value=login-language-inputEl}
	at sun.reflect.GeneratedConstructorAccessor26.newInstance(Unknown Source)
	at sun.reflect.DelegatingConstructorAccessorImpl.newInstance(DelegatingConstructorAccessorImpl.java:45)
	at java.lang.reflect.Constructor.newInstance(Constructor.java:423)
	at org.openqa.selenium.remote.ErrorHandler.createThrowable(ErrorHandler.java:206)
	at org.openqa.selenium.remote.ErrorHandler.throwIfResponseFailed(ErrorHandler.java:158)
	at org.openqa.selenium.remote.RemoteWebDriver.execute(RemoteWebDriver.java:678)
	at org.openqa.selenium.remote.RemoteWebDriver.findElement(RemoteWebDriver.java:363)
	at org.openqa.selenium.remote.RemoteWebDriver.findElementById(RemoteWebDriver.java:413)
	at org.openqa.selenium.By$ById.findElement(By.java:218)
	at org.openqa.selenium.remote.RemoteWebDriver.findElement(RemoteWebDriver.java:355)
	at com.codeborne.selenide.impl.WebElementSelector.findElement(WebElementSelector.java:28)
	at com.codeborne.selenide.impl.ElementFinder.getWebElement(ElementFinder.java:56)
	at com.codeborne.selenide.impl.WebElementSource.checkCondition(WebElementSource.java:44)
	... 39 more
]]>
    </error>
  </testcase> <!-- K2_editPatterns -->
  <testcase name="K1_editPatterns" time="0.000" classname="com.yeastar.swebtest.testcase.DetailCase.pbxcase.OutboundRoutes">
    <error type="com.codeborne.selenide.ex.ElementNotFound" message="Element not found {By.id: login-language-inputEl}
Expected: exist">
      <![CDATA[Element not found {By.id: login-language-inputEl}
Expected: exist
Screenshot: file:/F:/MyProject/SwebTest/pic/1539773760550.84.png
Timeout: 10 s.
Caused by: NoSuchElementException: no such element: Unable to locate element: {"method":"id","selector":"login-language-inputEl"}
	at com.codeborne.selenide.impl.WebElementSource.createElementNotFoundError(WebElementSource.java:31)
	at com.codeborne.selenide.impl.ElementFinder.createElementNotFoundError(ElementFinder.java:82)
	at com.codeborne.selenide.impl.WebElementSource.checkCondition(WebElementSource.java:59)
	at com.codeborne.selenide.commands.Should.should(Should.java:35)
	at com.codeborne.selenide.commands.Should.execute(Should.java:29)
	at com.codeborne.selenide.commands.Should.execute(Should.java:12)
	at com.codeborne.selenide.commands.Commands.execute(Commands.java:140)
	at com.codeborne.selenide.impl.SelenideElementProxy.dispatchAndRetry(SelenideElementProxy.java:86)
	at com.codeborne.selenide.impl.SelenideElementProxy.invoke(SelenideElementProxy.java:62)
	at com.sun.proxy.$Proxy6.should(Unknown Source)
	at com.yeastar.swebtest.driver.SwebDriver.click(SwebDriver.java:206)
	at com.yeastar.swebtest.driver.SwebDriver.select(SwebDriver.java:197)
	at com.yeastar.swebtest.driver.SwebDriver.login(SwebDriver.java:151)
	at com.yeastar.swebtest.driver.SwebDriver.login(SwebDriver.java:139)
	at com.yeastar.swebtest.testcase.DetailCase.pbxcase.PINList.BeforeClass(PINList.java:25)
	at sun.reflect.NativeMethodAccessorImpl.invoke0(Native Method)
	at sun.reflect.NativeMethodAccessorImpl.invoke(NativeMethodAccessorImpl.java:62)
	at sun.reflect.DelegatingMethodAccessorImpl.invoke(DelegatingMethodAccessorImpl.java:43)
	at java.lang.reflect.Method.invoke(Method.java:498)
	at org.testng.internal.MethodInvocationHelper.invokeMethod(MethodInvocationHelper.java:85)
	at org.testng.internal.Invoker.invokeConfigurationMethod(Invoker.java:510)
	at org.testng.internal.Invoker.invokeConfigurations(Invoker.java:211)
	at org.testng.internal.Invoker.invokeConfigurations(Invoker.java:138)
	at org.testng.internal.TestMethodWorker.invokeBeforeClassMethods(TestMethodWorker.java:170)
	at org.testng.internal.TestMethodWorker.run(TestMethodWorker.java:104)
	at org.testng.TestRunner.privateRun(TestRunner.java:774)
	at org.testng.TestRunner.run(TestRunner.java:624)
	at org.testng.SuiteRunner.runTest(SuiteRunner.java:359)
	at org.testng.SuiteRunner.runSequentially(SuiteRunner.java:354)
	at org.testng.SuiteRunner.privateRun(SuiteRunner.java:312)
	at org.testng.SuiteRunner.run(SuiteRunner.java:261)
	at org.testng.SuiteRunnerWorker.runSuite(SuiteRunnerWorker.java:52)
	at org.testng.SuiteRunnerWorker.run(SuiteRunnerWorker.java:86)
	at org.testng.TestNG.runSuitesSequentially(TestNG.java:1215)
	at org.testng.TestNG.runSuitesLocally(TestNG.java:1140)
	at org.testng.TestNG.run(TestNG.java:1048)
	at org.apache.maven.surefire.testng.TestNGExecutor.run(TestNGExecutor.java:293)
	at org.apache.maven.surefire.testng.TestNGXmlTestSuite.execute(TestNGXmlTestSuite.java:84)
	at org.apache.maven.surefire.testng.TestNGProvider.invoke(TestNGProvider.java:91)
	at org.apache.maven.surefire.booter.ForkedBooter.invokeProviderInSameClassLoader(ForkedBooter.java:200)
	at org.apache.maven.surefire.booter.ForkedBooter.runSuitesInProcess(ForkedBooter.java:153)
	at org.apache.maven.surefire.booter.ForkedBooter.main(ForkedBooter.java:103)
Caused by: org.openqa.selenium.NoSuchElementException: no such element: Unable to locate element: {"method":"id","selector":"login-language-inputEl"}
  (Session info: chrome=69.0.3497.100)
  (Driver info: chromedriver=2.42.591088 (7b2b2dca23cca0862f674758c9a3933e685c27d5),platform=Windows NT 6.1.7601 SP1 x86_64) (WARNING: The server did not provide any stacktrace information)
Command duration or timeout: 11 milliseconds
For documentation on this error, please visit: http://seleniumhq.org/exceptions/no_such_element.html
Build info: version: '2.53.1', revision: 'a36b8b1cd5757287168e54b817830adce9b0158d', time: '2016-06-30 19:26:09'
System info: host: 'Yeastar-PC', ip: '192.168.11.194', os.name: 'Windows 7', os.arch: 'x86', os.version: '6.1', java.version: '1.8.0_121'
Driver info: org.openqa.selenium.chrome.ChromeDriver
Capabilities [{mobileEmulationEnabled=false, hasTouchScreen=false, platform=XP, acceptSslCerts=false, goog:chromeOptions={debuggerAddress=localhost:23747}, acceptInsecureCerts=false, webStorageEnabled=true, browserName=chrome, takesScreenshot=true, javascriptEnabled=true, setWindowRect=true, unexpectedAlertBehaviour=, applicationCacheEnabled=false, rotatable=false, networkConnectionEnabled=false, chrome={chromedriverVersion=2.42.591088 (7b2b2dca23cca0862f674758c9a3933e685c27d5), userDataDir=C:\Users\Yeastar\AppData\Local\Temp\scoped_dir3852_3820}, takesHeapSnapshot=true, pageLoadStrategy=normal, databaseEnabled=false, handlesAlerts=true, version=69.0.3497.100, browserConnectionEnabled=false, nativeEvents=true, locationContextEnabled=true, cssSelectorsEnabled=true}]
Session ID: d3be694128271583ac260e31a4722891
*** Element info: {Using=id, value=login-language-inputEl}
	at sun.reflect.GeneratedConstructorAccessor26.newInstance(Unknown Source)
	at sun.reflect.DelegatingConstructorAccessorImpl.newInstance(DelegatingConstructorAccessorImpl.java:45)
	at java.lang.reflect.Constructor.newInstance(Constructor.java:423)
	at org.openqa.selenium.remote.ErrorHandler.createThrowable(ErrorHandler.java:206)
	at org.openqa.selenium.remote.ErrorHandler.throwIfResponseFailed(ErrorHandler.java:158)
	at org.openqa.selenium.remote.RemoteWebDriver.execute(RemoteWebDriver.java:678)
	at org.openqa.selenium.remote.RemoteWebDriver.findElement(RemoteWebDriver.java:363)
	at org.openqa.selenium.remote.RemoteWebDriver.findElementById(RemoteWebDriver.java:413)
	at org.openqa.selenium.By$ById.findElement(By.java:218)
	at org.openqa.selenium.remote.RemoteWebDriver.findElement(RemoteWebDriver.java:355)
	at com.codeborne.selenide.impl.WebElementSelector.findElement(WebElementSelector.java:28)
	at com.codeborne.selenide.impl.ElementFinder.getWebElement(ElementFinder.java:56)
	at com.codeborne.selenide.impl.WebElementSource.checkCondition(WebElementSource.java:44)
	... 39 more
]]>
    </error>
  </testcase> <!-- K1_editPatterns -->
  <testcase name="C_call" time="0.000" classname="com.yeastar.swebtest.testcase.DetailCase.pbxcase.OutboundRoutes">
    <error type="com.codeborne.selenide.ex.ElementNotFound" message="Element not found {By.id: login-language-inputEl}
Expected: exist">
      <![CDATA[Element not found {By.id: login-language-inputEl}
Expected: exist
Screenshot: file:/F:/MyProject/SwebTest/pic/1539773760550.84.png
Timeout: 10 s.
Caused by: NoSuchElementException: no such element: Unable to locate element: {"method":"id","selector":"login-language-inputEl"}
	at com.codeborne.selenide.impl.WebElementSource.createElementNotFoundError(WebElementSource.java:31)
	at com.codeborne.selenide.impl.ElementFinder.createElementNotFoundError(ElementFinder.java:82)
	at com.codeborne.selenide.impl.WebElementSource.checkCondition(WebElementSource.java:59)
	at com.codeborne.selenide.commands.Should.should(Should.java:35)
	at com.codeborne.selenide.commands.Should.execute(Should.java:29)
	at com.codeborne.selenide.commands.Should.execute(Should.java:12)
	at com.codeborne.selenide.commands.Commands.execute(Commands.java:140)
	at com.codeborne.selenide.impl.SelenideElementProxy.dispatchAndRetry(SelenideElementProxy.java:86)
	at com.codeborne.selenide.impl.SelenideElementProxy.invoke(SelenideElementProxy.java:62)
	at com.sun.proxy.$Proxy6.should(Unknown Source)
	at com.yeastar.swebtest.driver.SwebDriver.click(SwebDriver.java:206)
	at com.yeastar.swebtest.driver.SwebDriver.select(SwebDriver.java:197)
	at com.yeastar.swebtest.driver.SwebDriver.login(SwebDriver.java:151)
	at com.yeastar.swebtest.driver.SwebDriver.login(SwebDriver.java:139)
	at com.yeastar.swebtest.testcase.DetailCase.pbxcase.PINList.BeforeClass(PINList.java:25)
	at sun.reflect.NativeMethodAccessorImpl.invoke0(Native Method)
	at sun.reflect.NativeMethodAccessorImpl.invoke(NativeMethodAccessorImpl.java:62)
	at sun.reflect.DelegatingMethodAccessorImpl.invoke(DelegatingMethodAccessorImpl.java:43)
	at java.lang.reflect.Method.invoke(Method.java:498)
	at org.testng.internal.MethodInvocationHelper.invokeMethod(MethodInvocationHelper.java:85)
	at org.testng.internal.Invoker.invokeConfigurationMethod(Invoker.java:510)
	at org.testng.internal.Invoker.invokeConfigurations(Invoker.java:211)
	at org.testng.internal.Invoker.invokeConfigurations(Invoker.java:138)
	at org.testng.internal.TestMethodWorker.invokeBeforeClassMethods(TestMethodWorker.java:170)
	at org.testng.internal.TestMethodWorker.run(TestMethodWorker.java:104)
	at org.testng.TestRunner.privateRun(TestRunner.java:774)
	at org.testng.TestRunner.run(TestRunner.java:624)
	at org.testng.SuiteRunner.runTest(SuiteRunner.java:359)
	at org.testng.SuiteRunner.runSequentially(SuiteRunner.java:354)
	at org.testng.SuiteRunner.privateRun(SuiteRunner.java:312)
	at org.testng.SuiteRunner.run(SuiteRunner.java:261)
	at org.testng.SuiteRunnerWorker.runSuite(SuiteRunnerWorker.java:52)
	at org.testng.SuiteRunnerWorker.run(SuiteRunnerWorker.java:86)
	at org.testng.TestNG.runSuitesSequentially(TestNG.java:1215)
	at org.testng.TestNG.runSuitesLocally(TestNG.java:1140)
	at org.testng.TestNG.run(TestNG.java:1048)
	at org.apache.maven.surefire.testng.TestNGExecutor.run(TestNGExecutor.java:293)
	at org.apache.maven.surefire.testng.TestNGXmlTestSuite.execute(TestNGXmlTestSuite.java:84)
	at org.apache.maven.surefire.testng.TestNGProvider.invoke(TestNGProvider.java:91)
	at org.apache.maven.surefire.booter.ForkedBooter.invokeProviderInSameClassLoader(ForkedBooter.java:200)
	at org.apache.maven.surefire.booter.ForkedBooter.runSuitesInProcess(ForkedBooter.java:153)
	at org.apache.maven.surefire.booter.ForkedBooter.main(ForkedBooter.java:103)
Caused by: org.openqa.selenium.NoSuchElementException: no such element: Unable to locate element: {"method":"id","selector":"login-language-inputEl"}
  (Session info: chrome=69.0.3497.100)
  (Driver info: chromedriver=2.42.591088 (7b2b2dca23cca0862f674758c9a3933e685c27d5),platform=Windows NT 6.1.7601 SP1 x86_64) (WARNING: The server did not provide any stacktrace information)
Command duration or timeout: 11 milliseconds
For documentation on this error, please visit: http://seleniumhq.org/exceptions/no_such_element.html
Build info: version: '2.53.1', revision: 'a36b8b1cd5757287168e54b817830adce9b0158d', time: '2016-06-30 19:26:09'
System info: host: 'Yeastar-PC', ip: '192.168.11.194', os.name: 'Windows 7', os.arch: 'x86', os.version: '6.1', java.version: '1.8.0_121'
Driver info: org.openqa.selenium.chrome.ChromeDriver
Capabilities [{mobileEmulationEnabled=false, hasTouchScreen=false, platform=XP, acceptSslCerts=false, goog:chromeOptions={debuggerAddress=localhost:23747}, acceptInsecureCerts=false, webStorageEnabled=true, browserName=chrome, takesScreenshot=true, javascriptEnabled=true, setWindowRect=true, unexpectedAlertBehaviour=, applicationCacheEnabled=false, rotatable=false, networkConnectionEnabled=false, chrome={chromedriverVersion=2.42.591088 (7b2b2dca23cca0862f674758c9a3933e685c27d5), userDataDir=C:\Users\Yeastar\AppData\Local\Temp\scoped_dir3852_3820}, takesHeapSnapshot=true, pageLoadStrategy=normal, databaseEnabled=false, handlesAlerts=true, version=69.0.3497.100, browserConnectionEnabled=false, nativeEvents=true, locationContextEnabled=true, cssSelectorsEnabled=true}]
Session ID: d3be694128271583ac260e31a4722891
*** Element info: {Using=id, value=login-language-inputEl}
	at sun.reflect.GeneratedConstructorAccessor26.newInstance(Unknown Source)
	at sun.reflect.DelegatingConstructorAccessorImpl.newInstance(DelegatingConstructorAccessorImpl.java:45)
	at java.lang.reflect.Constructor.newInstance(Constructor.java:423)
	at org.openqa.selenium.remote.ErrorHandler.createThrowable(ErrorHandler.java:206)
	at org.openqa.selenium.remote.ErrorHandler.throwIfResponseFailed(ErrorHandler.java:158)
	at org.openqa.selenium.remote.RemoteWebDriver.execute(RemoteWebDriver.java:678)
	at org.openqa.selenium.remote.RemoteWebDriver.findElement(RemoteWebDriver.java:363)
	at org.openqa.selenium.remote.RemoteWebDriver.findElementById(RemoteWebDriver.java:413)
	at org.openqa.selenium.By$ById.findElement(By.java:218)
	at org.openqa.selenium.remote.RemoteWebDriver.findElement(RemoteWebDriver.java:355)
	at com.codeborne.selenide.impl.WebElementSelector.findElement(WebElementSelector.java:28)
	at com.codeborne.selenide.impl.ElementFinder.getWebElement(ElementFinder.java:56)
	at com.codeborne.selenide.impl.WebElementSource.checkCondition(WebElementSource.java:44)
	... 39 more
]]>
    </error>
  </testcase> <!-- C_call -->
  <testcase name="K1_editPatterns" time="0.000" classname="com.yeastar.swebtest.testcase.DetailCase.pbxcase.OutboundRoutes">
    <error type="com.codeborne.selenide.ex.ElementNotFound" message="Element not found {By.id: login-language-inputEl}
Expected: exist">
      <![CDATA[Element not found {By.id: login-language-inputEl}
Expected: exist
Screenshot: file:/F:/MyProject/SwebTest/pic/1539773760550.84.png
Timeout: 10 s.
Caused by: NoSuchElementException: no such element: Unable to locate element: {"method":"id","selector":"login-language-inputEl"}
	at com.codeborne.selenide.impl.WebElementSource.createElementNotFoundError(WebElementSource.java:31)
	at com.codeborne.selenide.impl.ElementFinder.createElementNotFoundError(ElementFinder.java:82)
	at com.codeborne.selenide.impl.WebElementSource.checkCondition(WebElementSource.java:59)
	at com.codeborne.selenide.commands.Should.should(Should.java:35)
	at com.codeborne.selenide.commands.Should.execute(Should.java:29)
	at com.codeborne.selenide.commands.Should.execute(Should.java:12)
	at com.codeborne.selenide.commands.Commands.execute(Commands.java:140)
	at com.codeborne.selenide.impl.SelenideElementProxy.dispatchAndRetry(SelenideElementProxy.java:86)
	at com.codeborne.selenide.impl.SelenideElementProxy.invoke(SelenideElementProxy.java:62)
	at com.sun.proxy.$Proxy6.should(Unknown Source)
	at com.yeastar.swebtest.driver.SwebDriver.click(SwebDriver.java:206)
	at com.yeastar.swebtest.driver.SwebDriver.select(SwebDriver.java:197)
	at com.yeastar.swebtest.driver.SwebDriver.login(SwebDriver.java:151)
	at com.yeastar.swebtest.driver.SwebDriver.login(SwebDriver.java:139)
	at com.yeastar.swebtest.testcase.DetailCase.pbxcase.PINList.BeforeClass(PINList.java:25)
	at sun.reflect.NativeMethodAccessorImpl.invoke0(Native Method)
	at sun.reflect.NativeMethodAccessorImpl.invoke(NativeMethodAccessorImpl.java:62)
	at sun.reflect.DelegatingMethodAccessorImpl.invoke(DelegatingMethodAccessorImpl.java:43)
	at java.lang.reflect.Method.invoke(Method.java:498)
	at org.testng.internal.MethodInvocationHelper.invokeMethod(MethodInvocationHelper.java:85)
	at org.testng.internal.Invoker.invokeConfigurationMethod(Invoker.java:510)
	at org.testng.internal.Invoker.invokeConfigurations(Invoker.java:211)
	at org.testng.internal.Invoker.invokeConfigurations(Invoker.java:138)
	at org.testng.internal.TestMethodWorker.invokeBeforeClassMethods(TestMethodWorker.java:170)
	at org.testng.internal.TestMethodWorker.run(TestMethodWorker.java:104)
	at org.testng.TestRunner.privateRun(TestRunner.java:774)
	at org.testng.TestRunner.run(TestRunner.java:624)
	at org.testng.SuiteRunner.runTest(SuiteRunner.java:359)
	at org.testng.SuiteRunner.runSequentially(SuiteRunner.java:354)
	at org.testng.SuiteRunner.privateRun(SuiteRunner.java:312)
	at org.testng.SuiteRunner.run(SuiteRunner.java:261)
	at org.testng.SuiteRunnerWorker.runSuite(SuiteRunnerWorker.java:52)
	at org.testng.SuiteRunnerWorker.run(SuiteRunnerWorker.java:86)
	at org.testng.TestNG.runSuitesSequentially(TestNG.java:1215)
	at org.testng.TestNG.runSuitesLocally(TestNG.java:1140)
	at org.testng.TestNG.run(TestNG.java:1048)
	at org.apache.maven.surefire.testng.TestNGExecutor.run(TestNGExecutor.java:293)
	at org.apache.maven.surefire.testng.TestNGXmlTestSuite.execute(TestNGXmlTestSuite.java:84)
	at org.apache.maven.surefire.testng.TestNGProvider.invoke(TestNGProvider.java:91)
	at org.apache.maven.surefire.booter.ForkedBooter.invokeProviderInSameClassLoader(ForkedBooter.java:200)
	at org.apache.maven.surefire.booter.ForkedBooter.runSuitesInProcess(ForkedBooter.java:153)
	at org.apache.maven.surefire.booter.ForkedBooter.main(ForkedBooter.java:103)
Caused by: org.openqa.selenium.NoSuchElementException: no such element: Unable to locate element: {"method":"id","selector":"login-language-inputEl"}
  (Session info: chrome=69.0.3497.100)
  (Driver info: chromedriver=2.42.591088 (7b2b2dca23cca0862f674758c9a3933e685c27d5),platform=Windows NT 6.1.7601 SP1 x86_64) (WARNING: The server did not provide any stacktrace information)
Command duration or timeout: 11 milliseconds
For documentation on this error, please visit: http://seleniumhq.org/exceptions/no_such_element.html
Build info: version: '2.53.1', revision: 'a36b8b1cd5757287168e54b817830adce9b0158d', time: '2016-06-30 19:26:09'
System info: host: 'Yeastar-PC', ip: '192.168.11.194', os.name: 'Windows 7', os.arch: 'x86', os.version: '6.1', java.version: '1.8.0_121'
Driver info: org.openqa.selenium.chrome.ChromeDriver
Capabilities [{mobileEmulationEnabled=false, hasTouchScreen=false, platform=XP, acceptSslCerts=false, goog:chromeOptions={debuggerAddress=localhost:23747}, acceptInsecureCerts=false, webStorageEnabled=true, browserName=chrome, takesScreenshot=true, javascriptEnabled=true, setWindowRect=true, unexpectedAlertBehaviour=, applicationCacheEnabled=false, rotatable=false, networkConnectionEnabled=false, chrome={chromedriverVersion=2.42.591088 (7b2b2dca23cca0862f674758c9a3933e685c27d5), userDataDir=C:\Users\Yeastar\AppData\Local\Temp\scoped_dir3852_3820}, takesHeapSnapshot=true, pageLoadStrategy=normal, databaseEnabled=false, handlesAlerts=true, version=69.0.3497.100, browserConnectionEnabled=false, nativeEvents=true, locationContextEnabled=true, cssSelectorsEnabled=true}]
Session ID: d3be694128271583ac260e31a4722891
*** Element info: {Using=id, value=login-language-inputEl}
	at sun.reflect.GeneratedConstructorAccessor26.newInstance(Unknown Source)
	at sun.reflect.DelegatingConstructorAccessorImpl.newInstance(DelegatingConstructorAccessorImpl.java:45)
	at java.lang.reflect.Constructor.newInstance(Constructor.java:423)
	at org.openqa.selenium.remote.ErrorHandler.createThrowable(ErrorHandler.java:206)
	at org.openqa.selenium.remote.ErrorHandler.throwIfResponseFailed(ErrorHandler.java:158)
	at org.openqa.selenium.remote.RemoteWebDriver.execute(RemoteWebDriver.java:678)
	at org.openqa.selenium.remote.RemoteWebDriver.findElement(RemoteWebDriver.java:363)
	at org.openqa.selenium.remote.RemoteWebDriver.findElementById(RemoteWebDriver.java:413)
	at org.openqa.selenium.By$ById.findElement(By.java:218)
	at org.openqa.selenium.remote.RemoteWebDriver.findElement(RemoteWebDriver.java:355)
	at com.codeborne.selenide.impl.WebElementSelector.findElement(WebElementSelector.java:28)
	at com.codeborne.selenide.impl.ElementFinder.getWebElement(ElementFinder.java:56)
	at com.codeborne.selenide.impl.WebElementSource.checkCondition(WebElementSource.java:44)
	... 39 more
]]>
    </error>
  </testcase> <!-- K1_editPatterns -->
  <testcase name="K1_editPatterns" time="0.000" classname="com.yeastar.swebtest.testcase.DetailCase.pbxcase.OutboundRoutes">
    <error type="com.codeborne.selenide.ex.ElementNotFound" message="Element not found {By.id: login-language-inputEl}
Expected: exist">
      <![CDATA[Element not found {By.id: login-language-inputEl}
Expected: exist
Screenshot: file:/F:/MyProject/SwebTest/pic/1539773760550.84.png
Timeout: 10 s.
Caused by: NoSuchElementException: no such element: Unable to locate element: {"method":"id","selector":"login-language-inputEl"}
	at com.codeborne.selenide.impl.WebElementSource.createElementNotFoundError(WebElementSource.java:31)
	at com.codeborne.selenide.impl.ElementFinder.createElementNotFoundError(ElementFinder.java:82)
	at com.codeborne.selenide.impl.WebElementSource.checkCondition(WebElementSource.java:59)
	at com.codeborne.selenide.commands.Should.should(Should.java:35)
	at com.codeborne.selenide.commands.Should.execute(Should.java:29)
	at com.codeborne.selenide.commands.Should.execute(Should.java:12)
	at com.codeborne.selenide.commands.Commands.execute(Commands.java:140)
	at com.codeborne.selenide.impl.SelenideElementProxy.dispatchAndRetry(SelenideElementProxy.java:86)
	at com.codeborne.selenide.impl.SelenideElementProxy.invoke(SelenideElementProxy.java:62)
	at com.sun.proxy.$Proxy6.should(Unknown Source)
	at com.yeastar.swebtest.driver.SwebDriver.click(SwebDriver.java:206)
	at com.yeastar.swebtest.driver.SwebDriver.select(SwebDriver.java:197)
	at com.yeastar.swebtest.driver.SwebDriver.login(SwebDriver.java:151)
	at com.yeastar.swebtest.driver.SwebDriver.login(SwebDriver.java:139)
	at com.yeastar.swebtest.testcase.DetailCase.pbxcase.PINList.BeforeClass(PINList.java:25)
	at sun.reflect.NativeMethodAccessorImpl.invoke0(Native Method)
	at sun.reflect.NativeMethodAccessorImpl.invoke(NativeMethodAccessorImpl.java:62)
	at sun.reflect.DelegatingMethodAccessorImpl.invoke(DelegatingMethodAccessorImpl.java:43)
	at java.lang.reflect.Method.invoke(Method.java:498)
	at org.testng.internal.MethodInvocationHelper.invokeMethod(MethodInvocationHelper.java:85)
	at org.testng.internal.Invoker.invokeConfigurationMethod(Invoker.java:510)
	at org.testng.internal.Invoker.invokeConfigurations(Invoker.java:211)
	at org.testng.internal.Invoker.invokeConfigurations(Invoker.java:138)
	at org.testng.internal.TestMethodWorker.invokeBeforeClassMethods(TestMethodWorker.java:170)
	at org.testng.internal.TestMethodWorker.run(TestMethodWorker.java:104)
	at org.testng.TestRunner.privateRun(TestRunner.java:774)
	at org.testng.TestRunner.run(TestRunner.java:624)
	at org.testng.SuiteRunner.runTest(SuiteRunner.java:359)
	at org.testng.SuiteRunner.runSequentially(SuiteRunner.java:354)
	at org.testng.SuiteRunner.privateRun(SuiteRunner.java:312)
	at org.testng.SuiteRunner.run(SuiteRunner.java:261)
	at org.testng.SuiteRunnerWorker.runSuite(SuiteRunnerWorker.java:52)
	at org.testng.SuiteRunnerWorker.run(SuiteRunnerWorker.java:86)
	at org.testng.TestNG.runSuitesSequentially(TestNG.java:1215)
	at org.testng.TestNG.runSuitesLocally(TestNG.java:1140)
	at org.testng.TestNG.run(TestNG.java:1048)
	at org.apache.maven.surefire.testng.TestNGExecutor.run(TestNGExecutor.java:293)
	at org.apache.maven.surefire.testng.TestNGXmlTestSuite.execute(TestNGXmlTestSuite.java:84)
	at org.apache.maven.surefire.testng.TestNGProvider.invoke(TestNGProvider.java:91)
	at org.apache.maven.surefire.booter.ForkedBooter.invokeProviderInSameClassLoader(ForkedBooter.java:200)
	at org.apache.maven.surefire.booter.ForkedBooter.runSuitesInProcess(ForkedBooter.java:153)
	at org.apache.maven.surefire.booter.ForkedBooter.main(ForkedBooter.java:103)
Caused by: org.openqa.selenium.NoSuchElementException: no such element: Unable to locate element: {"method":"id","selector":"login-language-inputEl"}
  (Session info: chrome=69.0.3497.100)
  (Driver info: chromedriver=2.42.591088 (7b2b2dca23cca0862f674758c9a3933e685c27d5),platform=Windows NT 6.1.7601 SP1 x86_64) (WARNING: The server did not provide any stacktrace information)
Command duration or timeout: 11 milliseconds
For documentation on this error, please visit: http://seleniumhq.org/exceptions/no_such_element.html
Build info: version: '2.53.1', revision: 'a36b8b1cd5757287168e54b817830adce9b0158d', time: '2016-06-30 19:26:09'
System info: host: 'Yeastar-PC', ip: '192.168.11.194', os.name: 'Windows 7', os.arch: 'x86', os.version: '6.1', java.version: '1.8.0_121'
Driver info: org.openqa.selenium.chrome.ChromeDriver
Capabilities [{mobileEmulationEnabled=false, hasTouchScreen=false, platform=XP, acceptSslCerts=false, goog:chromeOptions={debuggerAddress=localhost:23747}, acceptInsecureCerts=false, webStorageEnabled=true, browserName=chrome, takesScreenshot=true, javascriptEnabled=true, setWindowRect=true, unexpectedAlertBehaviour=, applicationCacheEnabled=false, rotatable=false, networkConnectionEnabled=false, chrome={chromedriverVersion=2.42.591088 (7b2b2dca23cca0862f674758c9a3933e685c27d5), userDataDir=C:\Users\Yeastar\AppData\Local\Temp\scoped_dir3852_3820}, takesHeapSnapshot=true, pageLoadStrategy=normal, databaseEnabled=false, handlesAlerts=true, version=69.0.3497.100, browserConnectionEnabled=false, nativeEvents=true, locationContextEnabled=true, cssSelectorsEnabled=true}]
Session ID: d3be694128271583ac260e31a4722891
*** Element info: {Using=id, value=login-language-inputEl}
	at sun.reflect.GeneratedConstructorAccessor26.newInstance(Unknown Source)
	at sun.reflect.DelegatingConstructorAccessorImpl.newInstance(DelegatingConstructorAccessorImpl.java:45)
	at java.lang.reflect.Constructor.newInstance(Constructor.java:423)
	at org.openqa.selenium.remote.ErrorHandler.createThrowable(ErrorHandler.java:206)
	at org.openqa.selenium.remote.ErrorHandler.throwIfResponseFailed(ErrorHandler.java:158)
	at org.openqa.selenium.remote.RemoteWebDriver.execute(RemoteWebDriver.java:678)
	at org.openqa.selenium.remote.RemoteWebDriver.findElement(RemoteWebDriver.java:363)
	at org.openqa.selenium.remote.RemoteWebDriver.findElementById(RemoteWebDriver.java:413)
	at org.openqa.selenium.By$ById.findElement(By.java:218)
	at org.openqa.selenium.remote.RemoteWebDriver.findElement(RemoteWebDriver.java:355)
	at com.codeborne.selenide.impl.WebElementSelector.findElement(WebElementSelector.java:28)
	at com.codeborne.selenide.impl.ElementFinder.getWebElement(ElementFinder.java:56)
	at com.codeborne.selenide.impl.WebElementSource.checkCondition(WebElementSource.java:44)
	... 39 more
]]>
    </error>
  </testcase> <!-- K1_editPatterns -->
  <testcase name="K1_editPatterns" time="0.000" classname="com.yeastar.swebtest.testcase.DetailCase.pbxcase.OutboundRoutes">
    <error type="com.codeborne.selenide.ex.ElementNotFound" message="Element not found {By.id: login-language-inputEl}
Expected: exist">
      <![CDATA[Element not found {By.id: login-language-inputEl}
Expected: exist
Screenshot: file:/F:/MyProject/SwebTest/pic/1539773760550.84.png
Timeout: 10 s.
Caused by: NoSuchElementException: no such element: Unable to locate element: {"method":"id","selector":"login-language-inputEl"}
	at com.codeborne.selenide.impl.WebElementSource.createElementNotFoundError(WebElementSource.java:31)
	at com.codeborne.selenide.impl.ElementFinder.createElementNotFoundError(ElementFinder.java:82)
	at com.codeborne.selenide.impl.WebElementSource.checkCondition(WebElementSource.java:59)
	at com.codeborne.selenide.commands.Should.should(Should.java:35)
	at com.codeborne.selenide.commands.Should.execute(Should.java:29)
	at com.codeborne.selenide.commands.Should.execute(Should.java:12)
	at com.codeborne.selenide.commands.Commands.execute(Commands.java:140)
	at com.codeborne.selenide.impl.SelenideElementProxy.dispatchAndRetry(SelenideElementProxy.java:86)
	at com.codeborne.selenide.impl.SelenideElementProxy.invoke(SelenideElementProxy.java:62)
	at com.sun.proxy.$Proxy6.should(Unknown Source)
	at com.yeastar.swebtest.driver.SwebDriver.click(SwebDriver.java:206)
	at com.yeastar.swebtest.driver.SwebDriver.select(SwebDriver.java:197)
	at com.yeastar.swebtest.driver.SwebDriver.login(SwebDriver.java:151)
	at com.yeastar.swebtest.driver.SwebDriver.login(SwebDriver.java:139)
	at com.yeastar.swebtest.testcase.DetailCase.pbxcase.PINList.BeforeClass(PINList.java:25)
	at sun.reflect.NativeMethodAccessorImpl.invoke0(Native Method)
	at sun.reflect.NativeMethodAccessorImpl.invoke(NativeMethodAccessorImpl.java:62)
	at sun.reflect.DelegatingMethodAccessorImpl.invoke(DelegatingMethodAccessorImpl.java:43)
	at java.lang.reflect.Method.invoke(Method.java:498)
	at org.testng.internal.MethodInvocationHelper.invokeMethod(MethodInvocationHelper.java:85)
	at org.testng.internal.Invoker.invokeConfigurationMethod(Invoker.java:510)
	at org.testng.internal.Invoker.invokeConfigurations(Invoker.java:211)
	at org.testng.internal.Invoker.invokeConfigurations(Invoker.java:138)
	at org.testng.internal.TestMethodWorker.invokeBeforeClassMethods(TestMethodWorker.java:170)
	at org.testng.internal.TestMethodWorker.run(TestMethodWorker.java:104)
	at org.testng.TestRunner.privateRun(TestRunner.java:774)
	at org.testng.TestRunner.run(TestRunner.java:624)
	at org.testng.SuiteRunner.runTest(SuiteRunner.java:359)
	at org.testng.SuiteRunner.runSequentially(SuiteRunner.java:354)
	at org.testng.SuiteRunner.privateRun(SuiteRunner.java:312)
	at org.testng.SuiteRunner.run(SuiteRunner.java:261)
	at org.testng.SuiteRunnerWorker.runSuite(SuiteRunnerWorker.java:52)
	at org.testng.SuiteRunnerWorker.run(SuiteRunnerWorker.java:86)
	at org.testng.TestNG.runSuitesSequentially(TestNG.java:1215)
	at org.testng.TestNG.runSuitesLocally(TestNG.java:1140)
	at org.testng.TestNG.run(TestNG.java:1048)
	at org.apache.maven.surefire.testng.TestNGExecutor.run(TestNGExecutor.java:293)
	at org.apache.maven.surefire.testng.TestNGXmlTestSuite.execute(TestNGXmlTestSuite.java:84)
	at org.apache.maven.surefire.testng.TestNGProvider.invoke(TestNGProvider.java:91)
	at org.apache.maven.surefire.booter.ForkedBooter.invokeProviderInSameClassLoader(ForkedBooter.java:200)
	at org.apache.maven.surefire.booter.ForkedBooter.runSuitesInProcess(ForkedBooter.java:153)
	at org.apache.maven.surefire.booter.ForkedBooter.main(ForkedBooter.java:103)
Caused by: org.openqa.selenium.NoSuchElementException: no such element: Unable to locate element: {"method":"id","selector":"login-language-inputEl"}
  (Session info: chrome=69.0.3497.100)
  (Driver info: chromedriver=2.42.591088 (7b2b2dca23cca0862f674758c9a3933e685c27d5),platform=Windows NT 6.1.7601 SP1 x86_64) (WARNING: The server did not provide any stacktrace information)
Command duration or timeout: 11 milliseconds
For documentation on this error, please visit: http://seleniumhq.org/exceptions/no_such_element.html
Build info: version: '2.53.1', revision: 'a36b8b1cd5757287168e54b817830adce9b0158d', time: '2016-06-30 19:26:09'
System info: host: 'Yeastar-PC', ip: '192.168.11.194', os.name: 'Windows 7', os.arch: 'x86', os.version: '6.1', java.version: '1.8.0_121'
Driver info: org.openqa.selenium.chrome.ChromeDriver
Capabilities [{mobileEmulationEnabled=false, hasTouchScreen=false, platform=XP, acceptSslCerts=false, goog:chromeOptions={debuggerAddress=localhost:23747}, acceptInsecureCerts=false, webStorageEnabled=true, browserName=chrome, takesScreenshot=true, javascriptEnabled=true, setWindowRect=true, unexpectedAlertBehaviour=, applicationCacheEnabled=false, rotatable=false, networkConnectionEnabled=false, chrome={chromedriverVersion=2.42.591088 (7b2b2dca23cca0862f674758c9a3933e685c27d5), userDataDir=C:\Users\Yeastar\AppData\Local\Temp\scoped_dir3852_3820}, takesHeapSnapshot=true, pageLoadStrategy=normal, databaseEnabled=false, handlesAlerts=true, version=69.0.3497.100, browserConnectionEnabled=false, nativeEvents=true, locationContextEnabled=true, cssSelectorsEnabled=true}]
Session ID: d3be694128271583ac260e31a4722891
*** Element info: {Using=id, value=login-language-inputEl}
	at sun.reflect.GeneratedConstructorAccessor26.newInstance(Unknown Source)
	at sun.reflect.DelegatingConstructorAccessorImpl.newInstance(DelegatingConstructorAccessorImpl.java:45)
	at java.lang.reflect.Constructor.newInstance(Constructor.java:423)
	at org.openqa.selenium.remote.ErrorHandler.createThrowable(ErrorHandler.java:206)
	at org.openqa.selenium.remote.ErrorHandler.throwIfResponseFailed(ErrorHandler.java:158)
	at org.openqa.selenium.remote.RemoteWebDriver.execute(RemoteWebDriver.java:678)
	at org.openqa.selenium.remote.RemoteWebDriver.findElement(RemoteWebDriver.java:363)
	at org.openqa.selenium.remote.RemoteWebDriver.findElementById(RemoteWebDriver.java:413)
	at org.openqa.selenium.By$ById.findElement(By.java:218)
	at org.openqa.selenium.remote.RemoteWebDriver.findElement(RemoteWebDriver.java:355)
	at com.codeborne.selenide.impl.WebElementSelector.findElement(WebElementSelector.java:28)
	at com.codeborne.selenide.impl.ElementFinder.getWebElement(ElementFinder.java:56)
	at com.codeborne.selenide.impl.WebElementSource.checkCondition(WebElementSource.java:44)
	... 39 more
]]>
    </error>
  </testcase> <!-- K1_editPatterns -->
  <testcase name="P7_deleteTime" time="0.000" classname="com.yeastar.swebtest.testcase.DetailCase.pbxcase.OutboundRoutes">
    <error type="com.codeborne.selenide.ex.ElementNotFound" message="Element not found {By.id: login-language-inputEl}
Expected: exist">
      <![CDATA[Element not found {By.id: login-language-inputEl}
Expected: exist
Screenshot: file:/F:/MyProject/SwebTest/pic/1539773760550.84.png
Timeout: 10 s.
Caused by: NoSuchElementException: no such element: Unable to locate element: {"method":"id","selector":"login-language-inputEl"}
	at com.codeborne.selenide.impl.WebElementSource.createElementNotFoundError(WebElementSource.java:31)
	at com.codeborne.selenide.impl.ElementFinder.createElementNotFoundError(ElementFinder.java:82)
	at com.codeborne.selenide.impl.WebElementSource.checkCondition(WebElementSource.java:59)
	at com.codeborne.selenide.commands.Should.should(Should.java:35)
	at com.codeborne.selenide.commands.Should.execute(Should.java:29)
	at com.codeborne.selenide.commands.Should.execute(Should.java:12)
	at com.codeborne.selenide.commands.Commands.execute(Commands.java:140)
	at com.codeborne.selenide.impl.SelenideElementProxy.dispatchAndRetry(SelenideElementProxy.java:86)
	at com.codeborne.selenide.impl.SelenideElementProxy.invoke(SelenideElementProxy.java:62)
	at com.sun.proxy.$Proxy6.should(Unknown Source)
	at com.yeastar.swebtest.driver.SwebDriver.click(SwebDriver.java:206)
	at com.yeastar.swebtest.driver.SwebDriver.select(SwebDriver.java:197)
	at com.yeastar.swebtest.driver.SwebDriver.login(SwebDriver.java:151)
	at com.yeastar.swebtest.driver.SwebDriver.login(SwebDriver.java:139)
	at com.yeastar.swebtest.testcase.DetailCase.pbxcase.PINList.BeforeClass(PINList.java:25)
	at sun.reflect.NativeMethodAccessorImpl.invoke0(Native Method)
	at sun.reflect.NativeMethodAccessorImpl.invoke(NativeMethodAccessorImpl.java:62)
	at sun.reflect.DelegatingMethodAccessorImpl.invoke(DelegatingMethodAccessorImpl.java:43)
	at java.lang.reflect.Method.invoke(Method.java:498)
	at org.testng.internal.MethodInvocationHelper.invokeMethod(MethodInvocationHelper.java:85)
	at org.testng.internal.Invoker.invokeConfigurationMethod(Invoker.java:510)
	at org.testng.internal.Invoker.invokeConfigurations(Invoker.java:211)
	at org.testng.internal.Invoker.invokeConfigurations(Invoker.java:138)
	at org.testng.internal.TestMethodWorker.invokeBeforeClassMethods(TestMethodWorker.java:170)
	at org.testng.internal.TestMethodWorker.run(TestMethodWorker.java:104)
	at org.testng.TestRunner.privateRun(TestRunner.java:774)
	at org.testng.TestRunner.run(TestRunner.java:624)
	at org.testng.SuiteRunner.runTest(SuiteRunner.java:359)
	at org.testng.SuiteRunner.runSequentially(SuiteRunner.java:354)
	at org.testng.SuiteRunner.privateRun(SuiteRunner.java:312)
	at org.testng.SuiteRunner.run(SuiteRunner.java:261)
	at org.testng.SuiteRunnerWorker.runSuite(SuiteRunnerWorker.java:52)
	at org.testng.SuiteRunnerWorker.run(SuiteRunnerWorker.java:86)
	at org.testng.TestNG.runSuitesSequentially(TestNG.java:1215)
	at org.testng.TestNG.runSuitesLocally(TestNG.java:1140)
	at org.testng.TestNG.run(TestNG.java:1048)
	at org.apache.maven.surefire.testng.TestNGExecutor.run(TestNGExecutor.java:293)
	at org.apache.maven.surefire.testng.TestNGXmlTestSuite.execute(TestNGXmlTestSuite.java:84)
	at org.apache.maven.surefire.testng.TestNGProvider.invoke(TestNGProvider.java:91)
	at org.apache.maven.surefire.booter.ForkedBooter.invokeProviderInSameClassLoader(ForkedBooter.java:200)
	at org.apache.maven.surefire.booter.ForkedBooter.runSuitesInProcess(ForkedBooter.java:153)
	at org.apache.maven.surefire.booter.ForkedBooter.main(ForkedBooter.java:103)
Caused by: org.openqa.selenium.NoSuchElementException: no such element: Unable to locate element: {"method":"id","selector":"login-language-inputEl"}
  (Session info: chrome=69.0.3497.100)
  (Driver info: chromedriver=2.42.591088 (7b2b2dca23cca0862f674758c9a3933e685c27d5),platform=Windows NT 6.1.7601 SP1 x86_64) (WARNING: The server did not provide any stacktrace information)
Command duration or timeout: 11 milliseconds
For documentation on this error, please visit: http://seleniumhq.org/exceptions/no_such_element.html
Build info: version: '2.53.1', revision: 'a36b8b1cd5757287168e54b817830adce9b0158d', time: '2016-06-30 19:26:09'
System info: host: 'Yeastar-PC', ip: '192.168.11.194', os.name: 'Windows 7', os.arch: 'x86', os.version: '6.1', java.version: '1.8.0_121'
Driver info: org.openqa.selenium.chrome.ChromeDriver
Capabilities [{mobileEmulationEnabled=false, hasTouchScreen=false, platform=XP, acceptSslCerts=false, goog:chromeOptions={debuggerAddress=localhost:23747}, acceptInsecureCerts=false, webStorageEnabled=true, browserName=chrome, takesScreenshot=true, javascriptEnabled=true, setWindowRect=true, unexpectedAlertBehaviour=, applicationCacheEnabled=false, rotatable=false, networkConnectionEnabled=false, chrome={chromedriverVersion=2.42.591088 (7b2b2dca23cca0862f674758c9a3933e685c27d5), userDataDir=C:\Users\Yeastar\AppData\Local\Temp\scoped_dir3852_3820}, takesHeapSnapshot=true, pageLoadStrategy=normal, databaseEnabled=false, handlesAlerts=true, version=69.0.3497.100, browserConnectionEnabled=false, nativeEvents=true, locationContextEnabled=true, cssSelectorsEnabled=true}]
Session ID: d3be694128271583ac260e31a4722891
*** Element info: {Using=id, value=login-language-inputEl}
	at sun.reflect.GeneratedConstructorAccessor26.newInstance(Unknown Source)
	at sun.reflect.DelegatingConstructorAccessorImpl.newInstance(DelegatingConstructorAccessorImpl.java:45)
	at java.lang.reflect.Constructor.newInstance(Constructor.java:423)
	at org.openqa.selenium.remote.ErrorHandler.createThrowable(ErrorHandler.java:206)
	at org.openqa.selenium.remote.ErrorHandler.throwIfResponseFailed(ErrorHandler.java:158)
	at org.openqa.selenium.remote.RemoteWebDriver.execute(RemoteWebDriver.java:678)
	at org.openqa.selenium.remote.RemoteWebDriver.findElement(RemoteWebDriver.java:363)
	at org.openqa.selenium.remote.RemoteWebDriver.findElementById(RemoteWebDriver.java:413)
	at org.openqa.selenium.By$ById.findElement(By.java:218)
	at org.openqa.selenium.remote.RemoteWebDriver.findElement(RemoteWebDriver.java:355)
	at com.codeborne.selenide.impl.WebElementSelector.findElement(WebElementSelector.java:28)
	at com.codeborne.selenide.impl.ElementFinder.getWebElement(ElementFinder.java:56)
	at com.codeborne.selenide.impl.WebElementSource.checkCondition(WebElementSource.java:44)
	... 39 more
]]>
    </error>
  </testcase> <!-- P7_deleteTime -->
  <testcase name="K1_editPatterns" time="0.000" classname="com.yeastar.swebtest.testcase.DetailCase.pbxcase.OutboundRoutes">
    <error type="com.codeborne.selenide.ex.ElementNotFound" message="Element not found {By.id: login-language-inputEl}
Expected: exist">
      <![CDATA[Element not found {By.id: login-language-inputEl}
Expected: exist
Screenshot: file:/F:/MyProject/SwebTest/pic/1539773760550.84.png
Timeout: 10 s.
Caused by: NoSuchElementException: no such element: Unable to locate element: {"method":"id","selector":"login-language-inputEl"}
	at com.codeborne.selenide.impl.WebElementSource.createElementNotFoundError(WebElementSource.java:31)
	at com.codeborne.selenide.impl.ElementFinder.createElementNotFoundError(ElementFinder.java:82)
	at com.codeborne.selenide.impl.WebElementSource.checkCondition(WebElementSource.java:59)
	at com.codeborne.selenide.commands.Should.should(Should.java:35)
	at com.codeborne.selenide.commands.Should.execute(Should.java:29)
	at com.codeborne.selenide.commands.Should.execute(Should.java:12)
	at com.codeborne.selenide.commands.Commands.execute(Commands.java:140)
	at com.codeborne.selenide.impl.SelenideElementProxy.dispatchAndRetry(SelenideElementProxy.java:86)
	at com.codeborne.selenide.impl.SelenideElementProxy.invoke(SelenideElementProxy.java:62)
	at com.sun.proxy.$Proxy6.should(Unknown Source)
	at com.yeastar.swebtest.driver.SwebDriver.click(SwebDriver.java:206)
	at com.yeastar.swebtest.driver.SwebDriver.select(SwebDriver.java:197)
	at com.yeastar.swebtest.driver.SwebDriver.login(SwebDriver.java:151)
	at com.yeastar.swebtest.driver.SwebDriver.login(SwebDriver.java:139)
	at com.yeastar.swebtest.testcase.DetailCase.pbxcase.PINList.BeforeClass(PINList.java:25)
	at sun.reflect.NativeMethodAccessorImpl.invoke0(Native Method)
	at sun.reflect.NativeMethodAccessorImpl.invoke(NativeMethodAccessorImpl.java:62)
	at sun.reflect.DelegatingMethodAccessorImpl.invoke(DelegatingMethodAccessorImpl.java:43)
	at java.lang.reflect.Method.invoke(Method.java:498)
	at org.testng.internal.MethodInvocationHelper.invokeMethod(MethodInvocationHelper.java:85)
	at org.testng.internal.Invoker.invokeConfigurationMethod(Invoker.java:510)
	at org.testng.internal.Invoker.invokeConfigurations(Invoker.java:211)
	at org.testng.internal.Invoker.invokeConfigurations(Invoker.java:138)
	at org.testng.internal.TestMethodWorker.invokeBeforeClassMethods(TestMethodWorker.java:170)
	at org.testng.internal.TestMethodWorker.run(TestMethodWorker.java:104)
	at org.testng.TestRunner.privateRun(TestRunner.java:774)
	at org.testng.TestRunner.run(TestRunner.java:624)
	at org.testng.SuiteRunner.runTest(SuiteRunner.java:359)
	at org.testng.SuiteRunner.runSequentially(SuiteRunner.java:354)
	at org.testng.SuiteRunner.privateRun(SuiteRunner.java:312)
	at org.testng.SuiteRunner.run(SuiteRunner.java:261)
	at org.testng.SuiteRunnerWorker.runSuite(SuiteRunnerWorker.java:52)
	at org.testng.SuiteRunnerWorker.run(SuiteRunnerWorker.java:86)
	at org.testng.TestNG.runSuitesSequentially(TestNG.java:1215)
	at org.testng.TestNG.runSuitesLocally(TestNG.java:1140)
	at org.testng.TestNG.run(TestNG.java:1048)
	at org.apache.maven.surefire.testng.TestNGExecutor.run(TestNGExecutor.java:293)
	at org.apache.maven.surefire.testng.TestNGXmlTestSuite.execute(TestNGXmlTestSuite.java:84)
	at org.apache.maven.surefire.testng.TestNGProvider.invoke(TestNGProvider.java:91)
	at org.apache.maven.surefire.booter.ForkedBooter.invokeProviderInSameClassLoader(ForkedBooter.java:200)
	at org.apache.maven.surefire.booter.ForkedBooter.runSuitesInProcess(ForkedBooter.java:153)
	at org.apache.maven.surefire.booter.ForkedBooter.main(ForkedBooter.java:103)
Caused by: org.openqa.selenium.NoSuchElementException: no such element: Unable to locate element: {"method":"id","selector":"login-language-inputEl"}
  (Session info: chrome=69.0.3497.100)
  (Driver info: chromedriver=2.42.591088 (7b2b2dca23cca0862f674758c9a3933e685c27d5),platform=Windows NT 6.1.7601 SP1 x86_64) (WARNING: The server did not provide any stacktrace information)
Command duration or timeout: 11 milliseconds
For documentation on this error, please visit: http://seleniumhq.org/exceptions/no_such_element.html
Build info: version: '2.53.1', revision: 'a36b8b1cd5757287168e54b817830adce9b0158d', time: '2016-06-30 19:26:09'
System info: host: 'Yeastar-PC', ip: '192.168.11.194', os.name: 'Windows 7', os.arch: 'x86', os.version: '6.1', java.version: '1.8.0_121'
Driver info: org.openqa.selenium.chrome.ChromeDriver
Capabilities [{mobileEmulationEnabled=false, hasTouchScreen=false, platform=XP, acceptSslCerts=false, goog:chromeOptions={debuggerAddress=localhost:23747}, acceptInsecureCerts=false, webStorageEnabled=true, browserName=chrome, takesScreenshot=true, javascriptEnabled=true, setWindowRect=true, unexpectedAlertBehaviour=, applicationCacheEnabled=false, rotatable=false, networkConnectionEnabled=false, chrome={chromedriverVersion=2.42.591088 (7b2b2dca23cca0862f674758c9a3933e685c27d5), userDataDir=C:\Users\Yeastar\AppData\Local\Temp\scoped_dir3852_3820}, takesHeapSnapshot=true, pageLoadStrategy=normal, databaseEnabled=false, handlesAlerts=true, version=69.0.3497.100, browserConnectionEnabled=false, nativeEvents=true, locationContextEnabled=true, cssSelectorsEnabled=true}]
Session ID: d3be694128271583ac260e31a4722891
*** Element info: {Using=id, value=login-language-inputEl}
	at sun.reflect.GeneratedConstructorAccessor26.newInstance(Unknown Source)
	at sun.reflect.DelegatingConstructorAccessorImpl.newInstance(DelegatingConstructorAccessorImpl.java:45)
	at java.lang.reflect.Constructor.newInstance(Constructor.java:423)
	at org.openqa.selenium.remote.ErrorHandler.createThrowable(ErrorHandler.java:206)
	at org.openqa.selenium.remote.ErrorHandler.throwIfResponseFailed(ErrorHandler.java:158)
	at org.openqa.selenium.remote.RemoteWebDriver.execute(RemoteWebDriver.java:678)
	at org.openqa.selenium.remote.RemoteWebDriver.findElement(RemoteWebDriver.java:363)
	at org.openqa.selenium.remote.RemoteWebDriver.findElementById(RemoteWebDriver.java:413)
	at org.openqa.selenium.By$ById.findElement(By.java:218)
	at org.openqa.selenium.remote.RemoteWebDriver.findElement(RemoteWebDriver.java:355)
	at com.codeborne.selenide.impl.WebElementSelector.findElement(WebElementSelector.java:28)
	at com.codeborne.selenide.impl.ElementFinder.getWebElement(ElementFinder.java:56)
	at com.codeborne.selenide.impl.WebElementSource.checkCondition(WebElementSource.java:44)
	... 39 more
]]>
    </error>
  </testcase> <!-- K1_editPatterns -->
  <testcase name="K1_editPatterns" time="0.000" classname="com.yeastar.swebtest.testcase.DetailCase.pbxcase.OutboundRoutes">
    <error type="com.codeborne.selenide.ex.ElementNotFound" message="Element not found {By.id: login-language-inputEl}
Expected: exist">
      <![CDATA[Element not found {By.id: login-language-inputEl}
Expected: exist
Screenshot: file:/F:/MyProject/SwebTest/pic/1539773760550.84.png
Timeout: 10 s.
Caused by: NoSuchElementException: no such element: Unable to locate element: {"method":"id","selector":"login-language-inputEl"}
	at com.codeborne.selenide.impl.WebElementSource.createElementNotFoundError(WebElementSource.java:31)
	at com.codeborne.selenide.impl.ElementFinder.createElementNotFoundError(ElementFinder.java:82)
	at com.codeborne.selenide.impl.WebElementSource.checkCondition(WebElementSource.java:59)
	at com.codeborne.selenide.commands.Should.should(Should.java:35)
	at com.codeborne.selenide.commands.Should.execute(Should.java:29)
	at com.codeborne.selenide.commands.Should.execute(Should.java:12)
	at com.codeborne.selenide.commands.Commands.execute(Commands.java:140)
	at com.codeborne.selenide.impl.SelenideElementProxy.dispatchAndRetry(SelenideElementProxy.java:86)
	at com.codeborne.selenide.impl.SelenideElementProxy.invoke(SelenideElementProxy.java:62)
	at com.sun.proxy.$Proxy6.should(Unknown Source)
	at com.yeastar.swebtest.driver.SwebDriver.click(SwebDriver.java:206)
	at com.yeastar.swebtest.driver.SwebDriver.select(SwebDriver.java:197)
	at com.yeastar.swebtest.driver.SwebDriver.login(SwebDriver.java:151)
	at com.yeastar.swebtest.driver.SwebDriver.login(SwebDriver.java:139)
	at com.yeastar.swebtest.testcase.DetailCase.pbxcase.PINList.BeforeClass(PINList.java:25)
	at sun.reflect.NativeMethodAccessorImpl.invoke0(Native Method)
	at sun.reflect.NativeMethodAccessorImpl.invoke(NativeMethodAccessorImpl.java:62)
	at sun.reflect.DelegatingMethodAccessorImpl.invoke(DelegatingMethodAccessorImpl.java:43)
	at java.lang.reflect.Method.invoke(Method.java:498)
	at org.testng.internal.MethodInvocationHelper.invokeMethod(MethodInvocationHelper.java:85)
	at org.testng.internal.Invoker.invokeConfigurationMethod(Invoker.java:510)
	at org.testng.internal.Invoker.invokeConfigurations(Invoker.java:211)
	at org.testng.internal.Invoker.invokeConfigurations(Invoker.java:138)
	at org.testng.internal.TestMethodWorker.invokeBeforeClassMethods(TestMethodWorker.java:170)
	at org.testng.internal.TestMethodWorker.run(TestMethodWorker.java:104)
	at org.testng.TestRunner.privateRun(TestRunner.java:774)
	at org.testng.TestRunner.run(TestRunner.java:624)
	at org.testng.SuiteRunner.runTest(SuiteRunner.java:359)
	at org.testng.SuiteRunner.runSequentially(SuiteRunner.java:354)
	at org.testng.SuiteRunner.privateRun(SuiteRunner.java:312)
	at org.testng.SuiteRunner.run(SuiteRunner.java:261)
	at org.testng.SuiteRunnerWorker.runSuite(SuiteRunnerWorker.java:52)
	at org.testng.SuiteRunnerWorker.run(SuiteRunnerWorker.java:86)
	at org.testng.TestNG.runSuitesSequentially(TestNG.java:1215)
	at org.testng.TestNG.runSuitesLocally(TestNG.java:1140)
	at org.testng.TestNG.run(TestNG.java:1048)
	at org.apache.maven.surefire.testng.TestNGExecutor.run(TestNGExecutor.java:293)
	at org.apache.maven.surefire.testng.TestNGXmlTestSuite.execute(TestNGXmlTestSuite.java:84)
	at org.apache.maven.surefire.testng.TestNGProvider.invoke(TestNGProvider.java:91)
	at org.apache.maven.surefire.booter.ForkedBooter.invokeProviderInSameClassLoader(ForkedBooter.java:200)
	at org.apache.maven.surefire.booter.ForkedBooter.runSuitesInProcess(ForkedBooter.java:153)
	at org.apache.maven.surefire.booter.ForkedBooter.main(ForkedBooter.java:103)
Caused by: org.openqa.selenium.NoSuchElementException: no such element: Unable to locate element: {"method":"id","selector":"login-language-inputEl"}
  (Session info: chrome=69.0.3497.100)
  (Driver info: chromedriver=2.42.591088 (7b2b2dca23cca0862f674758c9a3933e685c27d5),platform=Windows NT 6.1.7601 SP1 x86_64) (WARNING: The server did not provide any stacktrace information)
Command duration or timeout: 11 milliseconds
For documentation on this error, please visit: http://seleniumhq.org/exceptions/no_such_element.html
Build info: version: '2.53.1', revision: 'a36b8b1cd5757287168e54b817830adce9b0158d', time: '2016-06-30 19:26:09'
System info: host: 'Yeastar-PC', ip: '192.168.11.194', os.name: 'Windows 7', os.arch: 'x86', os.version: '6.1', java.version: '1.8.0_121'
Driver info: org.openqa.selenium.chrome.ChromeDriver
Capabilities [{mobileEmulationEnabled=false, hasTouchScreen=false, platform=XP, acceptSslCerts=false, goog:chromeOptions={debuggerAddress=localhost:23747}, acceptInsecureCerts=false, webStorageEnabled=true, browserName=chrome, takesScreenshot=true, javascriptEnabled=true, setWindowRect=true, unexpectedAlertBehaviour=, applicationCacheEnabled=false, rotatable=false, networkConnectionEnabled=false, chrome={chromedriverVersion=2.42.591088 (7b2b2dca23cca0862f674758c9a3933e685c27d5), userDataDir=C:\Users\Yeastar\AppData\Local\Temp\scoped_dir3852_3820}, takesHeapSnapshot=true, pageLoadStrategy=normal, databaseEnabled=false, handlesAlerts=true, version=69.0.3497.100, browserConnectionEnabled=false, nativeEvents=true, locationContextEnabled=true, cssSelectorsEnabled=true}]
Session ID: d3be694128271583ac260e31a4722891
*** Element info: {Using=id, value=login-language-inputEl}
	at sun.reflect.GeneratedConstructorAccessor26.newInstance(Unknown Source)
	at sun.reflect.DelegatingConstructorAccessorImpl.newInstance(DelegatingConstructorAccessorImpl.java:45)
	at java.lang.reflect.Constructor.newInstance(Constructor.java:423)
	at org.openqa.selenium.remote.ErrorHandler.createThrowable(ErrorHandler.java:206)
	at org.openqa.selenium.remote.ErrorHandler.throwIfResponseFailed(ErrorHandler.java:158)
	at org.openqa.selenium.remote.RemoteWebDriver.execute(RemoteWebDriver.java:678)
	at org.openqa.selenium.remote.RemoteWebDriver.findElement(RemoteWebDriver.java:363)
	at org.openqa.selenium.remote.RemoteWebDriver.findElementById(RemoteWebDriver.java:413)
	at org.openqa.selenium.By$ById.findElement(By.java:218)
	at org.openqa.selenium.remote.RemoteWebDriver.findElement(RemoteWebDriver.java:355)
	at com.codeborne.selenide.impl.WebElementSelector.findElement(WebElementSelector.java:28)
	at com.codeborne.selenide.impl.ElementFinder.getWebElement(ElementFinder.java:56)
	at com.codeborne.selenide.impl.WebElementSource.checkCondition(WebElementSource.java:44)
	... 39 more
]]>
    </error>
  </testcase> <!-- K1_editPatterns -->
  <testcase name="K2_editPatterns" time="0.000" classname="com.yeastar.swebtest.testcase.DetailCase.pbxcase.OutboundRoutes">
    <error type="com.codeborne.selenide.ex.ElementNotFound" message="Element not found {By.id: login-language-inputEl}
Expected: exist">
      <![CDATA[Element not found {By.id: login-language-inputEl}
Expected: exist
Screenshot: file:/F:/MyProject/SwebTest/pic/1539773760550.84.png
Timeout: 10 s.
Caused by: NoSuchElementException: no such element: Unable to locate element: {"method":"id","selector":"login-language-inputEl"}
	at com.codeborne.selenide.impl.WebElementSource.createElementNotFoundError(WebElementSource.java:31)
	at com.codeborne.selenide.impl.ElementFinder.createElementNotFoundError(ElementFinder.java:82)
	at com.codeborne.selenide.impl.WebElementSource.checkCondition(WebElementSource.java:59)
	at com.codeborne.selenide.commands.Should.should(Should.java:35)
	at com.codeborne.selenide.commands.Should.execute(Should.java:29)
	at com.codeborne.selenide.commands.Should.execute(Should.java:12)
	at com.codeborne.selenide.commands.Commands.execute(Commands.java:140)
	at com.codeborne.selenide.impl.SelenideElementProxy.dispatchAndRetry(SelenideElementProxy.java:86)
	at com.codeborne.selenide.impl.SelenideElementProxy.invoke(SelenideElementProxy.java:62)
	at com.sun.proxy.$Proxy6.should(Unknown Source)
	at com.yeastar.swebtest.driver.SwebDriver.click(SwebDriver.java:206)
	at com.yeastar.swebtest.driver.SwebDriver.select(SwebDriver.java:197)
	at com.yeastar.swebtest.driver.SwebDriver.login(SwebDriver.java:151)
	at com.yeastar.swebtest.driver.SwebDriver.login(SwebDriver.java:139)
	at com.yeastar.swebtest.testcase.DetailCase.pbxcase.PINList.BeforeClass(PINList.java:25)
	at sun.reflect.NativeMethodAccessorImpl.invoke0(Native Method)
	at sun.reflect.NativeMethodAccessorImpl.invoke(NativeMethodAccessorImpl.java:62)
	at sun.reflect.DelegatingMethodAccessorImpl.invoke(DelegatingMethodAccessorImpl.java:43)
	at java.lang.reflect.Method.invoke(Method.java:498)
	at org.testng.internal.MethodInvocationHelper.invokeMethod(MethodInvocationHelper.java:85)
	at org.testng.internal.Invoker.invokeConfigurationMethod(Invoker.java:510)
	at org.testng.internal.Invoker.invokeConfigurations(Invoker.java:211)
	at org.testng.internal.Invoker.invokeConfigurations(Invoker.java:138)
	at org.testng.internal.TestMethodWorker.invokeBeforeClassMethods(TestMethodWorker.java:170)
	at org.testng.internal.TestMethodWorker.run(TestMethodWorker.java:104)
	at org.testng.TestRunner.privateRun(TestRunner.java:774)
	at org.testng.TestRunner.run(TestRunner.java:624)
	at org.testng.SuiteRunner.runTest(SuiteRunner.java:359)
	at org.testng.SuiteRunner.runSequentially(SuiteRunner.java:354)
	at org.testng.SuiteRunner.privateRun(SuiteRunner.java:312)
	at org.testng.SuiteRunner.run(SuiteRunner.java:261)
	at org.testng.SuiteRunnerWorker.runSuite(SuiteRunnerWorker.java:52)
	at org.testng.SuiteRunnerWorker.run(SuiteRunnerWorker.java:86)
	at org.testng.TestNG.runSuitesSequentially(TestNG.java:1215)
	at org.testng.TestNG.runSuitesLocally(TestNG.java:1140)
	at org.testng.TestNG.run(TestNG.java:1048)
	at org.apache.maven.surefire.testng.TestNGExecutor.run(TestNGExecutor.java:293)
	at org.apache.maven.surefire.testng.TestNGXmlTestSuite.execute(TestNGXmlTestSuite.java:84)
	at org.apache.maven.surefire.testng.TestNGProvider.invoke(TestNGProvider.java:91)
	at org.apache.maven.surefire.booter.ForkedBooter.invokeProviderInSameClassLoader(ForkedBooter.java:200)
	at org.apache.maven.surefire.booter.ForkedBooter.runSuitesInProcess(ForkedBooter.java:153)
	at org.apache.maven.surefire.booter.ForkedBooter.main(ForkedBooter.java:103)
Caused by: org.openqa.selenium.NoSuchElementException: no such element: Unable to locate element: {"method":"id","selector":"login-language-inputEl"}
  (Session info: chrome=69.0.3497.100)
  (Driver info: chromedriver=2.42.591088 (7b2b2dca23cca0862f674758c9a3933e685c27d5),platform=Windows NT 6.1.7601 SP1 x86_64) (WARNING: The server did not provide any stacktrace information)
Command duration or timeout: 11 milliseconds
For documentation on this error, please visit: http://seleniumhq.org/exceptions/no_such_element.html
Build info: version: '2.53.1', revision: 'a36b8b1cd5757287168e54b817830adce9b0158d', time: '2016-06-30 19:26:09'
System info: host: 'Yeastar-PC', ip: '192.168.11.194', os.name: 'Windows 7', os.arch: 'x86', os.version: '6.1', java.version: '1.8.0_121'
Driver info: org.openqa.selenium.chrome.ChromeDriver
Capabilities [{mobileEmulationEnabled=false, hasTouchScreen=false, platform=XP, acceptSslCerts=false, goog:chromeOptions={debuggerAddress=localhost:23747}, acceptInsecureCerts=false, webStorageEnabled=true, browserName=chrome, takesScreenshot=true, javascriptEnabled=true, setWindowRect=true, unexpectedAlertBehaviour=, applicationCacheEnabled=false, rotatable=false, networkConnectionEnabled=false, chrome={chromedriverVersion=2.42.591088 (7b2b2dca23cca0862f674758c9a3933e685c27d5), userDataDir=C:\Users\Yeastar\AppData\Local\Temp\scoped_dir3852_3820}, takesHeapSnapshot=true, pageLoadStrategy=normal, databaseEnabled=false, handlesAlerts=true, version=69.0.3497.100, browserConnectionEnabled=false, nativeEvents=true, locationContextEnabled=true, cssSelectorsEnabled=true}]
Session ID: d3be694128271583ac260e31a4722891
*** Element info: {Using=id, value=login-language-inputEl}
	at sun.reflect.GeneratedConstructorAccessor26.newInstance(Unknown Source)
	at sun.reflect.DelegatingConstructorAccessorImpl.newInstance(DelegatingConstructorAccessorImpl.java:45)
	at java.lang.reflect.Constructor.newInstance(Constructor.java:423)
	at org.openqa.selenium.remote.ErrorHandler.createThrowable(ErrorHandler.java:206)
	at org.openqa.selenium.remote.ErrorHandler.throwIfResponseFailed(ErrorHandler.java:158)
	at org.openqa.selenium.remote.RemoteWebDriver.execute(RemoteWebDriver.java:678)
	at org.openqa.selenium.remote.RemoteWebDriver.findElement(RemoteWebDriver.java:363)
	at org.openqa.selenium.remote.RemoteWebDriver.findElementById(RemoteWebDriver.java:413)
	at org.openqa.selenium.By$ById.findElement(By.java:218)
	at org.openqa.selenium.remote.RemoteWebDriver.findElement(RemoteWebDriver.java:355)
	at com.codeborne.selenide.impl.WebElementSelector.findElement(WebElementSelector.java:28)
	at com.codeborne.selenide.impl.ElementFinder.getWebElement(ElementFinder.java:56)
	at com.codeborne.selenide.impl.WebElementSource.checkCondition(WebElementSource.java:44)
	... 39 more
]]>
    </error>
  </testcase> <!-- K2_editPatterns -->
  <testcase name="H_editSecond" time="0.000" classname="com.yeastar.swebtest.testcase.DetailCase.pbxcase.OutboundRoutes">
    <error type="com.codeborne.selenide.ex.ElementNotFound" message="Element not found {By.id: login-language-inputEl}
Expected: exist">
      <![CDATA[Element not found {By.id: login-language-inputEl}
Expected: exist
Screenshot: file:/F:/MyProject/SwebTest/pic/1539773760550.84.png
Timeout: 10 s.
Caused by: NoSuchElementException: no such element: Unable to locate element: {"method":"id","selector":"login-language-inputEl"}
	at com.codeborne.selenide.impl.WebElementSource.createElementNotFoundError(WebElementSource.java:31)
	at com.codeborne.selenide.impl.ElementFinder.createElementNotFoundError(ElementFinder.java:82)
	at com.codeborne.selenide.impl.WebElementSource.checkCondition(WebElementSource.java:59)
	at com.codeborne.selenide.commands.Should.should(Should.java:35)
	at com.codeborne.selenide.commands.Should.execute(Should.java:29)
	at com.codeborne.selenide.commands.Should.execute(Should.java:12)
	at com.codeborne.selenide.commands.Commands.execute(Commands.java:140)
	at com.codeborne.selenide.impl.SelenideElementProxy.dispatchAndRetry(SelenideElementProxy.java:86)
	at com.codeborne.selenide.impl.SelenideElementProxy.invoke(SelenideElementProxy.java:62)
	at com.sun.proxy.$Proxy6.should(Unknown Source)
	at com.yeastar.swebtest.driver.SwebDriver.click(SwebDriver.java:206)
	at com.yeastar.swebtest.driver.SwebDriver.select(SwebDriver.java:197)
	at com.yeastar.swebtest.driver.SwebDriver.login(SwebDriver.java:151)
	at com.yeastar.swebtest.driver.SwebDriver.login(SwebDriver.java:139)
	at com.yeastar.swebtest.testcase.DetailCase.pbxcase.PINList.BeforeClass(PINList.java:25)
	at sun.reflect.NativeMethodAccessorImpl.invoke0(Native Method)
	at sun.reflect.NativeMethodAccessorImpl.invoke(NativeMethodAccessorImpl.java:62)
	at sun.reflect.DelegatingMethodAccessorImpl.invoke(DelegatingMethodAccessorImpl.java:43)
	at java.lang.reflect.Method.invoke(Method.java:498)
	at org.testng.internal.MethodInvocationHelper.invokeMethod(MethodInvocationHelper.java:85)
	at org.testng.internal.Invoker.invokeConfigurationMethod(Invoker.java:510)
	at org.testng.internal.Invoker.invokeConfigurations(Invoker.java:211)
	at org.testng.internal.Invoker.invokeConfigurations(Invoker.java:138)
	at org.testng.internal.TestMethodWorker.invokeBeforeClassMethods(TestMethodWorker.java:170)
	at org.testng.internal.TestMethodWorker.run(TestMethodWorker.java:104)
	at org.testng.TestRunner.privateRun(TestRunner.java:774)
	at org.testng.TestRunner.run(TestRunner.java:624)
	at org.testng.SuiteRunner.runTest(SuiteRunner.java:359)
	at org.testng.SuiteRunner.runSequentially(SuiteRunner.java:354)
	at org.testng.SuiteRunner.privateRun(SuiteRunner.java:312)
	at org.testng.SuiteRunner.run(SuiteRunner.java:261)
	at org.testng.SuiteRunnerWorker.runSuite(SuiteRunnerWorker.java:52)
	at org.testng.SuiteRunnerWorker.run(SuiteRunnerWorker.java:86)
	at org.testng.TestNG.runSuitesSequentially(TestNG.java:1215)
	at org.testng.TestNG.runSuitesLocally(TestNG.java:1140)
	at org.testng.TestNG.run(TestNG.java:1048)
	at org.apache.maven.surefire.testng.TestNGExecutor.run(TestNGExecutor.java:293)
	at org.apache.maven.surefire.testng.TestNGXmlTestSuite.execute(TestNGXmlTestSuite.java:84)
	at org.apache.maven.surefire.testng.TestNGProvider.invoke(TestNGProvider.java:91)
	at org.apache.maven.surefire.booter.ForkedBooter.invokeProviderInSameClassLoader(ForkedBooter.java:200)
	at org.apache.maven.surefire.booter.ForkedBooter.runSuitesInProcess(ForkedBooter.java:153)
	at org.apache.maven.surefire.booter.ForkedBooter.main(ForkedBooter.java:103)
Caused by: org.openqa.selenium.NoSuchElementException: no such element: Unable to locate element: {"method":"id","selector":"login-language-inputEl"}
  (Session info: chrome=69.0.3497.100)
  (Driver info: chromedriver=2.42.591088 (7b2b2dca23cca0862f674758c9a3933e685c27d5),platform=Windows NT 6.1.7601 SP1 x86_64) (WARNING: The server did not provide any stacktrace information)
Command duration or timeout: 11 milliseconds
For documentation on this error, please visit: http://seleniumhq.org/exceptions/no_such_element.html
Build info: version: '2.53.1', revision: 'a36b8b1cd5757287168e54b817830adce9b0158d', time: '2016-06-30 19:26:09'
System info: host: 'Yeastar-PC', ip: '192.168.11.194', os.name: 'Windows 7', os.arch: 'x86', os.version: '6.1', java.version: '1.8.0_121'
Driver info: org.openqa.selenium.chrome.ChromeDriver
Capabilities [{mobileEmulationEnabled=false, hasTouchScreen=false, platform=XP, acceptSslCerts=false, goog:chromeOptions={debuggerAddress=localhost:23747}, acceptInsecureCerts=false, webStorageEnabled=true, browserName=chrome, takesScreenshot=true, javascriptEnabled=true, setWindowRect=true, unexpectedAlertBehaviour=, applicationCacheEnabled=false, rotatable=false, networkConnectionEnabled=false, chrome={chromedriverVersion=2.42.591088 (7b2b2dca23cca0862f674758c9a3933e685c27d5), userDataDir=C:\Users\Yeastar\AppData\Local\Temp\scoped_dir3852_3820}, takesHeapSnapshot=true, pageLoadStrategy=normal, databaseEnabled=false, handlesAlerts=true, version=69.0.3497.100, browserConnectionEnabled=false, nativeEvents=true, locationContextEnabled=true, cssSelectorsEnabled=true}]
Session ID: d3be694128271583ac260e31a4722891
*** Element info: {Using=id, value=login-language-inputEl}
	at sun.reflect.GeneratedConstructorAccessor26.newInstance(Unknown Source)
	at sun.reflect.DelegatingConstructorAccessorImpl.newInstance(DelegatingConstructorAccessorImpl.java:45)
	at java.lang.reflect.Constructor.newInstance(Constructor.java:423)
	at org.openqa.selenium.remote.ErrorHandler.createThrowable(ErrorHandler.java:206)
	at org.openqa.selenium.remote.ErrorHandler.throwIfResponseFailed(ErrorHandler.java:158)
	at org.openqa.selenium.remote.RemoteWebDriver.execute(RemoteWebDriver.java:678)
	at org.openqa.selenium.remote.RemoteWebDriver.findElement(RemoteWebDriver.java:363)
	at org.openqa.selenium.remote.RemoteWebDriver.findElementById(RemoteWebDriver.java:413)
	at org.openqa.selenium.By$ById.findElement(By.java:218)
	at org.openqa.selenium.remote.RemoteWebDriver.findElement(RemoteWebDriver.java:355)
	at com.codeborne.selenide.impl.WebElementSelector.findElement(WebElementSelector.java:28)
	at com.codeborne.selenide.impl.ElementFinder.getWebElement(ElementFinder.java:56)
	at com.codeborne.selenide.impl.WebElementSource.checkCondition(WebElementSource.java:44)
	... 39 more
]]>
    </error>
  </testcase> <!-- H_editSecond -->
  <testcase name="K1_editPatterns" time="0.000" classname="com.yeastar.swebtest.testcase.DetailCase.pbxcase.OutboundRoutes">
    <error type="com.codeborne.selenide.ex.ElementNotFound" message="Element not found {By.id: login-language-inputEl}
Expected: exist">
      <![CDATA[Element not found {By.id: login-language-inputEl}
Expected: exist
Screenshot: file:/F:/MyProject/SwebTest/pic/1539773760550.84.png
Timeout: 10 s.
Caused by: NoSuchElementException: no such element: Unable to locate element: {"method":"id","selector":"login-language-inputEl"}
	at com.codeborne.selenide.impl.WebElementSource.createElementNotFoundError(WebElementSource.java:31)
	at com.codeborne.selenide.impl.ElementFinder.createElementNotFoundError(ElementFinder.java:82)
	at com.codeborne.selenide.impl.WebElementSource.checkCondition(WebElementSource.java:59)
	at com.codeborne.selenide.commands.Should.should(Should.java:35)
	at com.codeborne.selenide.commands.Should.execute(Should.java:29)
	at com.codeborne.selenide.commands.Should.execute(Should.java:12)
	at com.codeborne.selenide.commands.Commands.execute(Commands.java:140)
	at com.codeborne.selenide.impl.SelenideElementProxy.dispatchAndRetry(SelenideElementProxy.java:86)
	at com.codeborne.selenide.impl.SelenideElementProxy.invoke(SelenideElementProxy.java:62)
	at com.sun.proxy.$Proxy6.should(Unknown Source)
	at com.yeastar.swebtest.driver.SwebDriver.click(SwebDriver.java:206)
	at com.yeastar.swebtest.driver.SwebDriver.select(SwebDriver.java:197)
	at com.yeastar.swebtest.driver.SwebDriver.login(SwebDriver.java:151)
	at com.yeastar.swebtest.driver.SwebDriver.login(SwebDriver.java:139)
	at com.yeastar.swebtest.testcase.DetailCase.pbxcase.PINList.BeforeClass(PINList.java:25)
	at sun.reflect.NativeMethodAccessorImpl.invoke0(Native Method)
	at sun.reflect.NativeMethodAccessorImpl.invoke(NativeMethodAccessorImpl.java:62)
	at sun.reflect.DelegatingMethodAccessorImpl.invoke(DelegatingMethodAccessorImpl.java:43)
	at java.lang.reflect.Method.invoke(Method.java:498)
	at org.testng.internal.MethodInvocationHelper.invokeMethod(MethodInvocationHelper.java:85)
	at org.testng.internal.Invoker.invokeConfigurationMethod(Invoker.java:510)
	at org.testng.internal.Invoker.invokeConfigurations(Invoker.java:211)
	at org.testng.internal.Invoker.invokeConfigurations(Invoker.java:138)
	at org.testng.internal.TestMethodWorker.invokeBeforeClassMethods(TestMethodWorker.java:170)
	at org.testng.internal.TestMethodWorker.run(TestMethodWorker.java:104)
	at org.testng.TestRunner.privateRun(TestRunner.java:774)
	at org.testng.TestRunner.run(TestRunner.java:624)
	at org.testng.SuiteRunner.runTest(SuiteRunner.java:359)
	at org.testng.SuiteRunner.runSequentially(SuiteRunner.java:354)
	at org.testng.SuiteRunner.privateRun(SuiteRunner.java:312)
	at org.testng.SuiteRunner.run(SuiteRunner.java:261)
	at org.testng.SuiteRunnerWorker.runSuite(SuiteRunnerWorker.java:52)
	at org.testng.SuiteRunnerWorker.run(SuiteRunnerWorker.java:86)
	at org.testng.TestNG.runSuitesSequentially(TestNG.java:1215)
	at org.testng.TestNG.runSuitesLocally(TestNG.java:1140)
	at org.testng.TestNG.run(TestNG.java:1048)
	at org.apache.maven.surefire.testng.TestNGExecutor.run(TestNGExecutor.java:293)
	at org.apache.maven.surefire.testng.TestNGXmlTestSuite.execute(TestNGXmlTestSuite.java:84)
	at org.apache.maven.surefire.testng.TestNGProvider.invoke(TestNGProvider.java:91)
	at org.apache.maven.surefire.booter.ForkedBooter.invokeProviderInSameClassLoader(ForkedBooter.java:200)
	at org.apache.maven.surefire.booter.ForkedBooter.runSuitesInProcess(ForkedBooter.java:153)
	at org.apache.maven.surefire.booter.ForkedBooter.main(ForkedBooter.java:103)
Caused by: org.openqa.selenium.NoSuchElementException: no such element: Unable to locate element: {"method":"id","selector":"login-language-inputEl"}
  (Session info: chrome=69.0.3497.100)
  (Driver info: chromedriver=2.42.591088 (7b2b2dca23cca0862f674758c9a3933e685c27d5),platform=Windows NT 6.1.7601 SP1 x86_64) (WARNING: The server did not provide any stacktrace information)
Command duration or timeout: 11 milliseconds
For documentation on this error, please visit: http://seleniumhq.org/exceptions/no_such_element.html
Build info: version: '2.53.1', revision: 'a36b8b1cd5757287168e54b817830adce9b0158d', time: '2016-06-30 19:26:09'
System info: host: 'Yeastar-PC', ip: '192.168.11.194', os.name: 'Windows 7', os.arch: 'x86', os.version: '6.1', java.version: '1.8.0_121'
Driver info: org.openqa.selenium.chrome.ChromeDriver
Capabilities [{mobileEmulationEnabled=false, hasTouchScreen=false, platform=XP, acceptSslCerts=false, goog:chromeOptions={debuggerAddress=localhost:23747}, acceptInsecureCerts=false, webStorageEnabled=true, browserName=chrome, takesScreenshot=true, javascriptEnabled=true, setWindowRect=true, unexpectedAlertBehaviour=, applicationCacheEnabled=false, rotatable=false, networkConnectionEnabled=false, chrome={chromedriverVersion=2.42.591088 (7b2b2dca23cca0862f674758c9a3933e685c27d5), userDataDir=C:\Users\Yeastar\AppData\Local\Temp\scoped_dir3852_3820}, takesHeapSnapshot=true, pageLoadStrategy=normal, databaseEnabled=false, handlesAlerts=true, version=69.0.3497.100, browserConnectionEnabled=false, nativeEvents=true, locationContextEnabled=true, cssSelectorsEnabled=true}]
Session ID: d3be694128271583ac260e31a4722891
*** Element info: {Using=id, value=login-language-inputEl}
	at sun.reflect.GeneratedConstructorAccessor26.newInstance(Unknown Source)
	at sun.reflect.DelegatingConstructorAccessorImpl.newInstance(DelegatingConstructorAccessorImpl.java:45)
	at java.lang.reflect.Constructor.newInstance(Constructor.java:423)
	at org.openqa.selenium.remote.ErrorHandler.createThrowable(ErrorHandler.java:206)
	at org.openqa.selenium.remote.ErrorHandler.throwIfResponseFailed(ErrorHandler.java:158)
	at org.openqa.selenium.remote.RemoteWebDriver.execute(RemoteWebDriver.java:678)
	at org.openqa.selenium.remote.RemoteWebDriver.findElement(RemoteWebDriver.java:363)
	at org.openqa.selenium.remote.RemoteWebDriver.findElementById(RemoteWebDriver.java:413)
	at org.openqa.selenium.By$ById.findElement(By.java:218)
	at org.openqa.selenium.remote.RemoteWebDriver.findElement(RemoteWebDriver.java:355)
	at com.codeborne.selenide.impl.WebElementSelector.findElement(WebElementSelector.java:28)
	at com.codeborne.selenide.impl.ElementFinder.getWebElement(ElementFinder.java:56)
	at com.codeborne.selenide.impl.WebElementSource.checkCondition(WebElementSource.java:44)
	... 39 more
]]>
    </error>
  </testcase> <!-- K1_editPatterns -->
  <testcase name="L2_checkPassword" time="0.000" classname="com.yeastar.swebtest.testcase.DetailCase.pbxcase.OutboundRoutes">
    <error type="com.codeborne.selenide.ex.ElementNotFound" message="Element not found {By.id: login-language-inputEl}
Expected: exist">
      <![CDATA[Element not found {By.id: login-language-inputEl}
Expected: exist
Screenshot: file:/F:/MyProject/SwebTest/pic/1539773760550.84.png
Timeout: 10 s.
Caused by: NoSuchElementException: no such element: Unable to locate element: {"method":"id","selector":"login-language-inputEl"}
	at com.codeborne.selenide.impl.WebElementSource.createElementNotFoundError(WebElementSource.java:31)
	at com.codeborne.selenide.impl.ElementFinder.createElementNotFoundError(ElementFinder.java:82)
	at com.codeborne.selenide.impl.WebElementSource.checkCondition(WebElementSource.java:59)
	at com.codeborne.selenide.commands.Should.should(Should.java:35)
	at com.codeborne.selenide.commands.Should.execute(Should.java:29)
	at com.codeborne.selenide.commands.Should.execute(Should.java:12)
	at com.codeborne.selenide.commands.Commands.execute(Commands.java:140)
	at com.codeborne.selenide.impl.SelenideElementProxy.dispatchAndRetry(SelenideElementProxy.java:86)
	at com.codeborne.selenide.impl.SelenideElementProxy.invoke(SelenideElementProxy.java:62)
	at com.sun.proxy.$Proxy6.should(Unknown Source)
	at com.yeastar.swebtest.driver.SwebDriver.click(SwebDriver.java:206)
	at com.yeastar.swebtest.driver.SwebDriver.select(SwebDriver.java:197)
	at com.yeastar.swebtest.driver.SwebDriver.login(SwebDriver.java:151)
	at com.yeastar.swebtest.driver.SwebDriver.login(SwebDriver.java:139)
	at com.yeastar.swebtest.testcase.DetailCase.pbxcase.PINList.BeforeClass(PINList.java:25)
	at sun.reflect.NativeMethodAccessorImpl.invoke0(Native Method)
	at sun.reflect.NativeMethodAccessorImpl.invoke(NativeMethodAccessorImpl.java:62)
	at sun.reflect.DelegatingMethodAccessorImpl.invoke(DelegatingMethodAccessorImpl.java:43)
	at java.lang.reflect.Method.invoke(Method.java:498)
	at org.testng.internal.MethodInvocationHelper.invokeMethod(MethodInvocationHelper.java:85)
	at org.testng.internal.Invoker.invokeConfigurationMethod(Invoker.java:510)
	at org.testng.internal.Invoker.invokeConfigurations(Invoker.java:211)
	at org.testng.internal.Invoker.invokeConfigurations(Invoker.java:138)
	at org.testng.internal.TestMethodWorker.invokeBeforeClassMethods(TestMethodWorker.java:170)
	at org.testng.internal.TestMethodWorker.run(TestMethodWorker.java:104)
	at org.testng.TestRunner.privateRun(TestRunner.java:774)
	at org.testng.TestRunner.run(TestRunner.java:624)
	at org.testng.SuiteRunner.runTest(SuiteRunner.java:359)
	at org.testng.SuiteRunner.runSequentially(SuiteRunner.java:354)
	at org.testng.SuiteRunner.privateRun(SuiteRunner.java:312)
	at org.testng.SuiteRunner.run(SuiteRunner.java:261)
	at org.testng.SuiteRunnerWorker.runSuite(SuiteRunnerWorker.java:52)
	at org.testng.SuiteRunnerWorker.run(SuiteRunnerWorker.java:86)
	at org.testng.TestNG.runSuitesSequentially(TestNG.java:1215)
	at org.testng.TestNG.runSuitesLocally(TestNG.java:1140)
	at org.testng.TestNG.run(TestNG.java:1048)
	at org.apache.maven.surefire.testng.TestNGExecutor.run(TestNGExecutor.java:293)
	at org.apache.maven.surefire.testng.TestNGXmlTestSuite.execute(TestNGXmlTestSuite.java:84)
	at org.apache.maven.surefire.testng.TestNGProvider.invoke(TestNGProvider.java:91)
	at org.apache.maven.surefire.booter.ForkedBooter.invokeProviderInSameClassLoader(ForkedBooter.java:200)
	at org.apache.maven.surefire.booter.ForkedBooter.runSuitesInProcess(ForkedBooter.java:153)
	at org.apache.maven.surefire.booter.ForkedBooter.main(ForkedBooter.java:103)
Caused by: org.openqa.selenium.NoSuchElementException: no such element: Unable to locate element: {"method":"id","selector":"login-language-inputEl"}
  (Session info: chrome=69.0.3497.100)
  (Driver info: chromedriver=2.42.591088 (7b2b2dca23cca0862f674758c9a3933e685c27d5),platform=Windows NT 6.1.7601 SP1 x86_64) (WARNING: The server did not provide any stacktrace information)
Command duration or timeout: 11 milliseconds
For documentation on this error, please visit: http://seleniumhq.org/exceptions/no_such_element.html
Build info: version: '2.53.1', revision: 'a36b8b1cd5757287168e54b817830adce9b0158d', time: '2016-06-30 19:26:09'
System info: host: 'Yeastar-PC', ip: '192.168.11.194', os.name: 'Windows 7', os.arch: 'x86', os.version: '6.1', java.version: '1.8.0_121'
Driver info: org.openqa.selenium.chrome.ChromeDriver
Capabilities [{mobileEmulationEnabled=false, hasTouchScreen=false, platform=XP, acceptSslCerts=false, goog:chromeOptions={debuggerAddress=localhost:23747}, acceptInsecureCerts=false, webStorageEnabled=true, browserName=chrome, takesScreenshot=true, javascriptEnabled=true, setWindowRect=true, unexpectedAlertBehaviour=, applicationCacheEnabled=false, rotatable=false, networkConnectionEnabled=false, chrome={chromedriverVersion=2.42.591088 (7b2b2dca23cca0862f674758c9a3933e685c27d5), userDataDir=C:\Users\Yeastar\AppData\Local\Temp\scoped_dir3852_3820}, takesHeapSnapshot=true, pageLoadStrategy=normal, databaseEnabled=false, handlesAlerts=true, version=69.0.3497.100, browserConnectionEnabled=false, nativeEvents=true, locationContextEnabled=true, cssSelectorsEnabled=true}]
Session ID: d3be694128271583ac260e31a4722891
*** Element info: {Using=id, value=login-language-inputEl}
	at sun.reflect.GeneratedConstructorAccessor26.newInstance(Unknown Source)
	at sun.reflect.DelegatingConstructorAccessorImpl.newInstance(DelegatingConstructorAccessorImpl.java:45)
	at java.lang.reflect.Constructor.newInstance(Constructor.java:423)
	at org.openqa.selenium.remote.ErrorHandler.createThrowable(ErrorHandler.java:206)
	at org.openqa.selenium.remote.ErrorHandler.throwIfResponseFailed(ErrorHandler.java:158)
	at org.openqa.selenium.remote.RemoteWebDriver.execute(RemoteWebDriver.java:678)
	at org.openqa.selenium.remote.RemoteWebDriver.findElement(RemoteWebDriver.java:363)
	at org.openqa.selenium.remote.RemoteWebDriver.findElementById(RemoteWebDriver.java:413)
	at org.openqa.selenium.By$ById.findElement(By.java:218)
	at org.openqa.selenium.remote.RemoteWebDriver.findElement(RemoteWebDriver.java:355)
	at com.codeborne.selenide.impl.WebElementSelector.findElement(WebElementSelector.java:28)
	at com.codeborne.selenide.impl.ElementFinder.getWebElement(ElementFinder.java:56)
	at com.codeborne.selenide.impl.WebElementSource.checkCondition(WebElementSource.java:44)
	... 39 more
]]>
    </error>
  </testcase> <!-- L2_checkPassword -->
  <testcase name="K2_editPatterns" time="0.000" classname="com.yeastar.swebtest.testcase.DetailCase.pbxcase.OutboundRoutes">
    <error type="com.codeborne.selenide.ex.ElementNotFound" message="Element not found {By.id: login-language-inputEl}
Expected: exist">
      <![CDATA[Element not found {By.id: login-language-inputEl}
Expected: exist
Screenshot: file:/F:/MyProject/SwebTest/pic/1539773760550.84.png
Timeout: 10 s.
Caused by: NoSuchElementException: no such element: Unable to locate element: {"method":"id","selector":"login-language-inputEl"}
	at com.codeborne.selenide.impl.WebElementSource.createElementNotFoundError(WebElementSource.java:31)
	at com.codeborne.selenide.impl.ElementFinder.createElementNotFoundError(ElementFinder.java:82)
	at com.codeborne.selenide.impl.WebElementSource.checkCondition(WebElementSource.java:59)
	at com.codeborne.selenide.commands.Should.should(Should.java:35)
	at com.codeborne.selenide.commands.Should.execute(Should.java:29)
	at com.codeborne.selenide.commands.Should.execute(Should.java:12)
	at com.codeborne.selenide.commands.Commands.execute(Commands.java:140)
	at com.codeborne.selenide.impl.SelenideElementProxy.dispatchAndRetry(SelenideElementProxy.java:86)
	at com.codeborne.selenide.impl.SelenideElementProxy.invoke(SelenideElementProxy.java:62)
	at com.sun.proxy.$Proxy6.should(Unknown Source)
	at com.yeastar.swebtest.driver.SwebDriver.click(SwebDriver.java:206)
	at com.yeastar.swebtest.driver.SwebDriver.select(SwebDriver.java:197)
	at com.yeastar.swebtest.driver.SwebDriver.login(SwebDriver.java:151)
	at com.yeastar.swebtest.driver.SwebDriver.login(SwebDriver.java:139)
	at com.yeastar.swebtest.testcase.DetailCase.pbxcase.PINList.BeforeClass(PINList.java:25)
	at sun.reflect.NativeMethodAccessorImpl.invoke0(Native Method)
	at sun.reflect.NativeMethodAccessorImpl.invoke(NativeMethodAccessorImpl.java:62)
	at sun.reflect.DelegatingMethodAccessorImpl.invoke(DelegatingMethodAccessorImpl.java:43)
	at java.lang.reflect.Method.invoke(Method.java:498)
	at org.testng.internal.MethodInvocationHelper.invokeMethod(MethodInvocationHelper.java:85)
	at org.testng.internal.Invoker.invokeConfigurationMethod(Invoker.java:510)
	at org.testng.internal.Invoker.invokeConfigurations(Invoker.java:211)
	at org.testng.internal.Invoker.invokeConfigurations(Invoker.java:138)
	at org.testng.internal.TestMethodWorker.invokeBeforeClassMethods(TestMethodWorker.java:170)
	at org.testng.internal.TestMethodWorker.run(TestMethodWorker.java:104)
	at org.testng.TestRunner.privateRun(TestRunner.java:774)
	at org.testng.TestRunner.run(TestRunner.java:624)
	at org.testng.SuiteRunner.runTest(SuiteRunner.java:359)
	at org.testng.SuiteRunner.runSequentially(SuiteRunner.java:354)
	at org.testng.SuiteRunner.privateRun(SuiteRunner.java:312)
	at org.testng.SuiteRunner.run(SuiteRunner.java:261)
	at org.testng.SuiteRunnerWorker.runSuite(SuiteRunnerWorker.java:52)
	at org.testng.SuiteRunnerWorker.run(SuiteRunnerWorker.java:86)
	at org.testng.TestNG.runSuitesSequentially(TestNG.java:1215)
	at org.testng.TestNG.runSuitesLocally(TestNG.java:1140)
	at org.testng.TestNG.run(TestNG.java:1048)
	at org.apache.maven.surefire.testng.TestNGExecutor.run(TestNGExecutor.java:293)
	at org.apache.maven.surefire.testng.TestNGXmlTestSuite.execute(TestNGXmlTestSuite.java:84)
	at org.apache.maven.surefire.testng.TestNGProvider.invoke(TestNGProvider.java:91)
	at org.apache.maven.surefire.booter.ForkedBooter.invokeProviderInSameClassLoader(ForkedBooter.java:200)
	at org.apache.maven.surefire.booter.ForkedBooter.runSuitesInProcess(ForkedBooter.java:153)
	at org.apache.maven.surefire.booter.ForkedBooter.main(ForkedBooter.java:103)
Caused by: org.openqa.selenium.NoSuchElementException: no such element: Unable to locate element: {"method":"id","selector":"login-language-inputEl"}
  (Session info: chrome=69.0.3497.100)
  (Driver info: chromedriver=2.42.591088 (7b2b2dca23cca0862f674758c9a3933e685c27d5),platform=Windows NT 6.1.7601 SP1 x86_64) (WARNING: The server did not provide any stacktrace information)
Command duration or timeout: 11 milliseconds
For documentation on this error, please visit: http://seleniumhq.org/exceptions/no_such_element.html
Build info: version: '2.53.1', revision: 'a36b8b1cd5757287168e54b817830adce9b0158d', time: '2016-06-30 19:26:09'
System info: host: 'Yeastar-PC', ip: '192.168.11.194', os.name: 'Windows 7', os.arch: 'x86', os.version: '6.1', java.version: '1.8.0_121'
Driver info: org.openqa.selenium.chrome.ChromeDriver
Capabilities [{mobileEmulationEnabled=false, hasTouchScreen=false, platform=XP, acceptSslCerts=false, goog:chromeOptions={debuggerAddress=localhost:23747}, acceptInsecureCerts=false, webStorageEnabled=true, browserName=chrome, takesScreenshot=true, javascriptEnabled=true, setWindowRect=true, unexpectedAlertBehaviour=, applicationCacheEnabled=false, rotatable=false, networkConnectionEnabled=false, chrome={chromedriverVersion=2.42.591088 (7b2b2dca23cca0862f674758c9a3933e685c27d5), userDataDir=C:\Users\Yeastar\AppData\Local\Temp\scoped_dir3852_3820}, takesHeapSnapshot=true, pageLoadStrategy=normal, databaseEnabled=false, handlesAlerts=true, version=69.0.3497.100, browserConnectionEnabled=false, nativeEvents=true, locationContextEnabled=true, cssSelectorsEnabled=true}]
Session ID: d3be694128271583ac260e31a4722891
*** Element info: {Using=id, value=login-language-inputEl}
	at sun.reflect.GeneratedConstructorAccessor26.newInstance(Unknown Source)
	at sun.reflect.DelegatingConstructorAccessorImpl.newInstance(DelegatingConstructorAccessorImpl.java:45)
	at java.lang.reflect.Constructor.newInstance(Constructor.java:423)
	at org.openqa.selenium.remote.ErrorHandler.createThrowable(ErrorHandler.java:206)
	at org.openqa.selenium.remote.ErrorHandler.throwIfResponseFailed(ErrorHandler.java:158)
	at org.openqa.selenium.remote.RemoteWebDriver.execute(RemoteWebDriver.java:678)
	at org.openqa.selenium.remote.RemoteWebDriver.findElement(RemoteWebDriver.java:363)
	at org.openqa.selenium.remote.RemoteWebDriver.findElementById(RemoteWebDriver.java:413)
	at org.openqa.selenium.By$ById.findElement(By.java:218)
	at org.openqa.selenium.remote.RemoteWebDriver.findElement(RemoteWebDriver.java:355)
	at com.codeborne.selenide.impl.WebElementSelector.findElement(WebElementSelector.java:28)
	at com.codeborne.selenide.impl.ElementFinder.getWebElement(ElementFinder.java:56)
	at com.codeborne.selenide.impl.WebElementSource.checkCondition(WebElementSource.java:44)
	... 39 more
]]>
    </error>
  </testcase> <!-- K2_editPatterns -->
  <testcase name="K1_editPatterns" time="0.000" classname="com.yeastar.swebtest.testcase.DetailCase.pbxcase.OutboundRoutes">
    <error type="com.codeborne.selenide.ex.ElementNotFound" message="Element not found {By.id: login-language-inputEl}
Expected: exist">
      <![CDATA[Element not found {By.id: login-language-inputEl}
Expected: exist
Screenshot: file:/F:/MyProject/SwebTest/pic/1539773760550.84.png
Timeout: 10 s.
Caused by: NoSuchElementException: no such element: Unable to locate element: {"method":"id","selector":"login-language-inputEl"}
	at com.codeborne.selenide.impl.WebElementSource.createElementNotFoundError(WebElementSource.java:31)
	at com.codeborne.selenide.impl.ElementFinder.createElementNotFoundError(ElementFinder.java:82)
	at com.codeborne.selenide.impl.WebElementSource.checkCondition(WebElementSource.java:59)
	at com.codeborne.selenide.commands.Should.should(Should.java:35)
	at com.codeborne.selenide.commands.Should.execute(Should.java:29)
	at com.codeborne.selenide.commands.Should.execute(Should.java:12)
	at com.codeborne.selenide.commands.Commands.execute(Commands.java:140)
	at com.codeborne.selenide.impl.SelenideElementProxy.dispatchAndRetry(SelenideElementProxy.java:86)
	at com.codeborne.selenide.impl.SelenideElementProxy.invoke(SelenideElementProxy.java:62)
	at com.sun.proxy.$Proxy6.should(Unknown Source)
	at com.yeastar.swebtest.driver.SwebDriver.click(SwebDriver.java:206)
	at com.yeastar.swebtest.driver.SwebDriver.select(SwebDriver.java:197)
	at com.yeastar.swebtest.driver.SwebDriver.login(SwebDriver.java:151)
	at com.yeastar.swebtest.driver.SwebDriver.login(SwebDriver.java:139)
	at com.yeastar.swebtest.testcase.DetailCase.pbxcase.PINList.BeforeClass(PINList.java:25)
	at sun.reflect.NativeMethodAccessorImpl.invoke0(Native Method)
	at sun.reflect.NativeMethodAccessorImpl.invoke(NativeMethodAccessorImpl.java:62)
	at sun.reflect.DelegatingMethodAccessorImpl.invoke(DelegatingMethodAccessorImpl.java:43)
	at java.lang.reflect.Method.invoke(Method.java:498)
	at org.testng.internal.MethodInvocationHelper.invokeMethod(MethodInvocationHelper.java:85)
	at org.testng.internal.Invoker.invokeConfigurationMethod(Invoker.java:510)
	at org.testng.internal.Invoker.invokeConfigurations(Invoker.java:211)
	at org.testng.internal.Invoker.invokeConfigurations(Invoker.java:138)
	at org.testng.internal.TestMethodWorker.invokeBeforeClassMethods(TestMethodWorker.java:170)
	at org.testng.internal.TestMethodWorker.run(TestMethodWorker.java:104)
	at org.testng.TestRunner.privateRun(TestRunner.java:774)
	at org.testng.TestRunner.run(TestRunner.java:624)
	at org.testng.SuiteRunner.runTest(SuiteRunner.java:359)
	at org.testng.SuiteRunner.runSequentially(SuiteRunner.java:354)
	at org.testng.SuiteRunner.privateRun(SuiteRunner.java:312)
	at org.testng.SuiteRunner.run(SuiteRunner.java:261)
	at org.testng.SuiteRunnerWorker.runSuite(SuiteRunnerWorker.java:52)
	at org.testng.SuiteRunnerWorker.run(SuiteRunnerWorker.java:86)
	at org.testng.TestNG.runSuitesSequentially(TestNG.java:1215)
	at org.testng.TestNG.runSuitesLocally(TestNG.java:1140)
	at org.testng.TestNG.run(TestNG.java:1048)
	at org.apache.maven.surefire.testng.TestNGExecutor.run(TestNGExecutor.java:293)
	at org.apache.maven.surefire.testng.TestNGXmlTestSuite.execute(TestNGXmlTestSuite.java:84)
	at org.apache.maven.surefire.testng.TestNGProvider.invoke(TestNGProvider.java:91)
	at org.apache.maven.surefire.booter.ForkedBooter.invokeProviderInSameClassLoader(ForkedBooter.java:200)
	at org.apache.maven.surefire.booter.ForkedBooter.runSuitesInProcess(ForkedBooter.java:153)
	at org.apache.maven.surefire.booter.ForkedBooter.main(ForkedBooter.java:103)
Caused by: org.openqa.selenium.NoSuchElementException: no such element: Unable to locate element: {"method":"id","selector":"login-language-inputEl"}
  (Session info: chrome=69.0.3497.100)
  (Driver info: chromedriver=2.42.591088 (7b2b2dca23cca0862f674758c9a3933e685c27d5),platform=Windows NT 6.1.7601 SP1 x86_64) (WARNING: The server did not provide any stacktrace information)
Command duration or timeout: 11 milliseconds
For documentation on this error, please visit: http://seleniumhq.org/exceptions/no_such_element.html
Build info: version: '2.53.1', revision: 'a36b8b1cd5757287168e54b817830adce9b0158d', time: '2016-06-30 19:26:09'
System info: host: 'Yeastar-PC', ip: '192.168.11.194', os.name: 'Windows 7', os.arch: 'x86', os.version: '6.1', java.version: '1.8.0_121'
Driver info: org.openqa.selenium.chrome.ChromeDriver
Capabilities [{mobileEmulationEnabled=false, hasTouchScreen=false, platform=XP, acceptSslCerts=false, goog:chromeOptions={debuggerAddress=localhost:23747}, acceptInsecureCerts=false, webStorageEnabled=true, browserName=chrome, takesScreenshot=true, javascriptEnabled=true, setWindowRect=true, unexpectedAlertBehaviour=, applicationCacheEnabled=false, rotatable=false, networkConnectionEnabled=false, chrome={chromedriverVersion=2.42.591088 (7b2b2dca23cca0862f674758c9a3933e685c27d5), userDataDir=C:\Users\Yeastar\AppData\Local\Temp\scoped_dir3852_3820}, takesHeapSnapshot=true, pageLoadStrategy=normal, databaseEnabled=false, handlesAlerts=true, version=69.0.3497.100, browserConnectionEnabled=false, nativeEvents=true, locationContextEnabled=true, cssSelectorsEnabled=true}]
Session ID: d3be694128271583ac260e31a4722891
*** Element info: {Using=id, value=login-language-inputEl}
	at sun.reflect.GeneratedConstructorAccessor26.newInstance(Unknown Source)
	at sun.reflect.DelegatingConstructorAccessorImpl.newInstance(DelegatingConstructorAccessorImpl.java:45)
	at java.lang.reflect.Constructor.newInstance(Constructor.java:423)
	at org.openqa.selenium.remote.ErrorHandler.createThrowable(ErrorHandler.java:206)
	at org.openqa.selenium.remote.ErrorHandler.throwIfResponseFailed(ErrorHandler.java:158)
	at org.openqa.selenium.remote.RemoteWebDriver.execute(RemoteWebDriver.java:678)
	at org.openqa.selenium.remote.RemoteWebDriver.findElement(RemoteWebDriver.java:363)
	at org.openqa.selenium.remote.RemoteWebDriver.findElementById(RemoteWebDriver.java:413)
	at org.openqa.selenium.By$ById.findElement(By.java:218)
	at org.openqa.selenium.remote.RemoteWebDriver.findElement(RemoteWebDriver.java:355)
	at com.codeborne.selenide.impl.WebElementSelector.findElement(WebElementSelector.java:28)
	at com.codeborne.selenide.impl.ElementFinder.getWebElement(ElementFinder.java:56)
	at com.codeborne.selenide.impl.WebElementSource.checkCondition(WebElementSource.java:44)
	... 39 more
]]>
    </error>
  </testcase> <!-- K1_editPatterns -->
  <testcase name="M2_timeCondition2" time="0.000" classname="com.yeastar.swebtest.testcase.DetailCase.pbxcase.OutboundRoutes">
    <error type="com.codeborne.selenide.ex.ElementNotFound" message="Element not found {By.id: login-language-inputEl}
Expected: exist">
      <![CDATA[Element not found {By.id: login-language-inputEl}
Expected: exist
Screenshot: file:/F:/MyProject/SwebTest/pic/1539773760550.84.png
Timeout: 10 s.
Caused by: NoSuchElementException: no such element: Unable to locate element: {"method":"id","selector":"login-language-inputEl"}
	at com.codeborne.selenide.impl.WebElementSource.createElementNotFoundError(WebElementSource.java:31)
	at com.codeborne.selenide.impl.ElementFinder.createElementNotFoundError(ElementFinder.java:82)
	at com.codeborne.selenide.impl.WebElementSource.checkCondition(WebElementSource.java:59)
	at com.codeborne.selenide.commands.Should.should(Should.java:35)
	at com.codeborne.selenide.commands.Should.execute(Should.java:29)
	at com.codeborne.selenide.commands.Should.execute(Should.java:12)
	at com.codeborne.selenide.commands.Commands.execute(Commands.java:140)
	at com.codeborne.selenide.impl.SelenideElementProxy.dispatchAndRetry(SelenideElementProxy.java:86)
	at com.codeborne.selenide.impl.SelenideElementProxy.invoke(SelenideElementProxy.java:62)
	at com.sun.proxy.$Proxy6.should(Unknown Source)
	at com.yeastar.swebtest.driver.SwebDriver.click(SwebDriver.java:206)
	at com.yeastar.swebtest.driver.SwebDriver.select(SwebDriver.java:197)
	at com.yeastar.swebtest.driver.SwebDriver.login(SwebDriver.java:151)
	at com.yeastar.swebtest.driver.SwebDriver.login(SwebDriver.java:139)
	at com.yeastar.swebtest.testcase.DetailCase.pbxcase.PINList.BeforeClass(PINList.java:25)
	at sun.reflect.NativeMethodAccessorImpl.invoke0(Native Method)
	at sun.reflect.NativeMethodAccessorImpl.invoke(NativeMethodAccessorImpl.java:62)
	at sun.reflect.DelegatingMethodAccessorImpl.invoke(DelegatingMethodAccessorImpl.java:43)
	at java.lang.reflect.Method.invoke(Method.java:498)
	at org.testng.internal.MethodInvocationHelper.invokeMethod(MethodInvocationHelper.java:85)
	at org.testng.internal.Invoker.invokeConfigurationMethod(Invoker.java:510)
	at org.testng.internal.Invoker.invokeConfigurations(Invoker.java:211)
	at org.testng.internal.Invoker.invokeConfigurations(Invoker.java:138)
	at org.testng.internal.TestMethodWorker.invokeBeforeClassMethods(TestMethodWorker.java:170)
	at org.testng.internal.TestMethodWorker.run(TestMethodWorker.java:104)
	at org.testng.TestRunner.privateRun(TestRunner.java:774)
	at org.testng.TestRunner.run(TestRunner.java:624)
	at org.testng.SuiteRunner.runTest(SuiteRunner.java:359)
	at org.testng.SuiteRunner.runSequentially(SuiteRunner.java:354)
	at org.testng.SuiteRunner.privateRun(SuiteRunner.java:312)
	at org.testng.SuiteRunner.run(SuiteRunner.java:261)
	at org.testng.SuiteRunnerWorker.runSuite(SuiteRunnerWorker.java:52)
	at org.testng.SuiteRunnerWorker.run(SuiteRunnerWorker.java:86)
	at org.testng.TestNG.runSuitesSequentially(TestNG.java:1215)
	at org.testng.TestNG.runSuitesLocally(TestNG.java:1140)
	at org.testng.TestNG.run(TestNG.java:1048)
	at org.apache.maven.surefire.testng.TestNGExecutor.run(TestNGExecutor.java:293)
	at org.apache.maven.surefire.testng.TestNGXmlTestSuite.execute(TestNGXmlTestSuite.java:84)
	at org.apache.maven.surefire.testng.TestNGProvider.invoke(TestNGProvider.java:91)
	at org.apache.maven.surefire.booter.ForkedBooter.invokeProviderInSameClassLoader(ForkedBooter.java:200)
	at org.apache.maven.surefire.booter.ForkedBooter.runSuitesInProcess(ForkedBooter.java:153)
	at org.apache.maven.surefire.booter.ForkedBooter.main(ForkedBooter.java:103)
Caused by: org.openqa.selenium.NoSuchElementException: no such element: Unable to locate element: {"method":"id","selector":"login-language-inputEl"}
  (Session info: chrome=69.0.3497.100)
  (Driver info: chromedriver=2.42.591088 (7b2b2dca23cca0862f674758c9a3933e685c27d5),platform=Windows NT 6.1.7601 SP1 x86_64) (WARNING: The server did not provide any stacktrace information)
Command duration or timeout: 11 milliseconds
For documentation on this error, please visit: http://seleniumhq.org/exceptions/no_such_element.html
Build info: version: '2.53.1', revision: 'a36b8b1cd5757287168e54b817830adce9b0158d', time: '2016-06-30 19:26:09'
System info: host: 'Yeastar-PC', ip: '192.168.11.194', os.name: 'Windows 7', os.arch: 'x86', os.version: '6.1', java.version: '1.8.0_121'
Driver info: org.openqa.selenium.chrome.ChromeDriver
Capabilities [{mobileEmulationEnabled=false, hasTouchScreen=false, platform=XP, acceptSslCerts=false, goog:chromeOptions={debuggerAddress=localhost:23747}, acceptInsecureCerts=false, webStorageEnabled=true, browserName=chrome, takesScreenshot=true, javascriptEnabled=true, setWindowRect=true, unexpectedAlertBehaviour=, applicationCacheEnabled=false, rotatable=false, networkConnectionEnabled=false, chrome={chromedriverVersion=2.42.591088 (7b2b2dca23cca0862f674758c9a3933e685c27d5), userDataDir=C:\Users\Yeastar\AppData\Local\Temp\scoped_dir3852_3820}, takesHeapSnapshot=true, pageLoadStrategy=normal, databaseEnabled=false, handlesAlerts=true, version=69.0.3497.100, browserConnectionEnabled=false, nativeEvents=true, locationContextEnabled=true, cssSelectorsEnabled=true}]
Session ID: d3be694128271583ac260e31a4722891
*** Element info: {Using=id, value=login-language-inputEl}
	at sun.reflect.GeneratedConstructorAccessor26.newInstance(Unknown Source)
	at sun.reflect.DelegatingConstructorAccessorImpl.newInstance(DelegatingConstructorAccessorImpl.java:45)
	at java.lang.reflect.Constructor.newInstance(Constructor.java:423)
	at org.openqa.selenium.remote.ErrorHandler.createThrowable(ErrorHandler.java:206)
	at org.openqa.selenium.remote.ErrorHandler.throwIfResponseFailed(ErrorHandler.java:158)
	at org.openqa.selenium.remote.RemoteWebDriver.execute(RemoteWebDriver.java:678)
	at org.openqa.selenium.remote.RemoteWebDriver.findElement(RemoteWebDriver.java:363)
	at org.openqa.selenium.remote.RemoteWebDriver.findElementById(RemoteWebDriver.java:413)
	at org.openqa.selenium.By$ById.findElement(By.java:218)
	at org.openqa.selenium.remote.RemoteWebDriver.findElement(RemoteWebDriver.java:355)
	at com.codeborne.selenide.impl.WebElementSelector.findElement(WebElementSelector.java:28)
	at com.codeborne.selenide.impl.ElementFinder.getWebElement(ElementFinder.java:56)
	at com.codeborne.selenide.impl.WebElementSource.checkCondition(WebElementSource.java:44)
	... 39 more
]]>
    </error>
  </testcase> <!-- M2_timeCondition2 -->
  <testcase name="K2_editPatterns" time="0.000" classname="com.yeastar.swebtest.testcase.DetailCase.pbxcase.OutboundRoutes">
    <error type="com.codeborne.selenide.ex.ElementNotFound" message="Element not found {By.id: login-language-inputEl}
Expected: exist">
      <![CDATA[Element not found {By.id: login-language-inputEl}
Expected: exist
Screenshot: file:/F:/MyProject/SwebTest/pic/1539773760550.84.png
Timeout: 10 s.
Caused by: NoSuchElementException: no such element: Unable to locate element: {"method":"id","selector":"login-language-inputEl"}
	at com.codeborne.selenide.impl.WebElementSource.createElementNotFoundError(WebElementSource.java:31)
	at com.codeborne.selenide.impl.ElementFinder.createElementNotFoundError(ElementFinder.java:82)
	at com.codeborne.selenide.impl.WebElementSource.checkCondition(WebElementSource.java:59)
	at com.codeborne.selenide.commands.Should.should(Should.java:35)
	at com.codeborne.selenide.commands.Should.execute(Should.java:29)
	at com.codeborne.selenide.commands.Should.execute(Should.java:12)
	at com.codeborne.selenide.commands.Commands.execute(Commands.java:140)
	at com.codeborne.selenide.impl.SelenideElementProxy.dispatchAndRetry(SelenideElementProxy.java:86)
	at com.codeborne.selenide.impl.SelenideElementProxy.invoke(SelenideElementProxy.java:62)
	at com.sun.proxy.$Proxy6.should(Unknown Source)
	at com.yeastar.swebtest.driver.SwebDriver.click(SwebDriver.java:206)
	at com.yeastar.swebtest.driver.SwebDriver.select(SwebDriver.java:197)
	at com.yeastar.swebtest.driver.SwebDriver.login(SwebDriver.java:151)
	at com.yeastar.swebtest.driver.SwebDriver.login(SwebDriver.java:139)
	at com.yeastar.swebtest.testcase.DetailCase.pbxcase.PINList.BeforeClass(PINList.java:25)
	at sun.reflect.NativeMethodAccessorImpl.invoke0(Native Method)
	at sun.reflect.NativeMethodAccessorImpl.invoke(NativeMethodAccessorImpl.java:62)
	at sun.reflect.DelegatingMethodAccessorImpl.invoke(DelegatingMethodAccessorImpl.java:43)
	at java.lang.reflect.Method.invoke(Method.java:498)
	at org.testng.internal.MethodInvocationHelper.invokeMethod(MethodInvocationHelper.java:85)
	at org.testng.internal.Invoker.invokeConfigurationMethod(Invoker.java:510)
	at org.testng.internal.Invoker.invokeConfigurations(Invoker.java:211)
	at org.testng.internal.Invoker.invokeConfigurations(Invoker.java:138)
	at org.testng.internal.TestMethodWorker.invokeBeforeClassMethods(TestMethodWorker.java:170)
	at org.testng.internal.TestMethodWorker.run(TestMethodWorker.java:104)
	at org.testng.TestRunner.privateRun(TestRunner.java:774)
	at org.testng.TestRunner.run(TestRunner.java:624)
	at org.testng.SuiteRunner.runTest(SuiteRunner.java:359)
	at org.testng.SuiteRunner.runSequentially(SuiteRunner.java:354)
	at org.testng.SuiteRunner.privateRun(SuiteRunner.java:312)
	at org.testng.SuiteRunner.run(SuiteRunner.java:261)
	at org.testng.SuiteRunnerWorker.runSuite(SuiteRunnerWorker.java:52)
	at org.testng.SuiteRunnerWorker.run(SuiteRunnerWorker.java:86)
	at org.testng.TestNG.runSuitesSequentially(TestNG.java:1215)
	at org.testng.TestNG.runSuitesLocally(TestNG.java:1140)
	at org.testng.TestNG.run(TestNG.java:1048)
	at org.apache.maven.surefire.testng.TestNGExecutor.run(TestNGExecutor.java:293)
	at org.apache.maven.surefire.testng.TestNGXmlTestSuite.execute(TestNGXmlTestSuite.java:84)
	at org.apache.maven.surefire.testng.TestNGProvider.invoke(TestNGProvider.java:91)
	at org.apache.maven.surefire.booter.ForkedBooter.invokeProviderInSameClassLoader(ForkedBooter.java:200)
	at org.apache.maven.surefire.booter.ForkedBooter.runSuitesInProcess(ForkedBooter.java:153)
	at org.apache.maven.surefire.booter.ForkedBooter.main(ForkedBooter.java:103)
Caused by: org.openqa.selenium.NoSuchElementException: no such element: Unable to locate element: {"method":"id","selector":"login-language-inputEl"}
  (Session info: chrome=69.0.3497.100)
  (Driver info: chromedriver=2.42.591088 (7b2b2dca23cca0862f674758c9a3933e685c27d5),platform=Windows NT 6.1.7601 SP1 x86_64) (WARNING: The server did not provide any stacktrace information)
Command duration or timeout: 11 milliseconds
For documentation on this error, please visit: http://seleniumhq.org/exceptions/no_such_element.html
Build info: version: '2.53.1', revision: 'a36b8b1cd5757287168e54b817830adce9b0158d', time: '2016-06-30 19:26:09'
System info: host: 'Yeastar-PC', ip: '192.168.11.194', os.name: 'Windows 7', os.arch: 'x86', os.version: '6.1', java.version: '1.8.0_121'
Driver info: org.openqa.selenium.chrome.ChromeDriver
Capabilities [{mobileEmulationEnabled=false, hasTouchScreen=false, platform=XP, acceptSslCerts=false, goog:chromeOptions={debuggerAddress=localhost:23747}, acceptInsecureCerts=false, webStorageEnabled=true, browserName=chrome, takesScreenshot=true, javascriptEnabled=true, setWindowRect=true, unexpectedAlertBehaviour=, applicationCacheEnabled=false, rotatable=false, networkConnectionEnabled=false, chrome={chromedriverVersion=2.42.591088 (7b2b2dca23cca0862f674758c9a3933e685c27d5), userDataDir=C:\Users\Yeastar\AppData\Local\Temp\scoped_dir3852_3820}, takesHeapSnapshot=true, pageLoadStrategy=normal, databaseEnabled=false, handlesAlerts=true, version=69.0.3497.100, browserConnectionEnabled=false, nativeEvents=true, locationContextEnabled=true, cssSelectorsEnabled=true}]
Session ID: d3be694128271583ac260e31a4722891
*** Element info: {Using=id, value=login-language-inputEl}
	at sun.reflect.GeneratedConstructorAccessor26.newInstance(Unknown Source)
	at sun.reflect.DelegatingConstructorAccessorImpl.newInstance(DelegatingConstructorAccessorImpl.java:45)
	at java.lang.reflect.Constructor.newInstance(Constructor.java:423)
	at org.openqa.selenium.remote.ErrorHandler.createThrowable(ErrorHandler.java:206)
	at org.openqa.selenium.remote.ErrorHandler.throwIfResponseFailed(ErrorHandler.java:158)
	at org.openqa.selenium.remote.RemoteWebDriver.execute(RemoteWebDriver.java:678)
	at org.openqa.selenium.remote.RemoteWebDriver.findElement(RemoteWebDriver.java:363)
	at org.openqa.selenium.remote.RemoteWebDriver.findElementById(RemoteWebDriver.java:413)
	at org.openqa.selenium.By$ById.findElement(By.java:218)
	at org.openqa.selenium.remote.RemoteWebDriver.findElement(RemoteWebDriver.java:355)
	at com.codeborne.selenide.impl.WebElementSelector.findElement(WebElementSelector.java:28)
	at com.codeborne.selenide.impl.ElementFinder.getWebElement(ElementFinder.java:56)
	at com.codeborne.selenide.impl.WebElementSource.checkCondition(WebElementSource.java:44)
	... 39 more
]]>
    </error>
  </testcase> <!-- K2_editPatterns -->
  <testcase name="K1_editPatterns" time="0.000" classname="com.yeastar.swebtest.testcase.DetailCase.pbxcase.OutboundRoutes">
    <error type="com.codeborne.selenide.ex.ElementNotFound" message="Element not found {By.id: login-language-inputEl}
Expected: exist">
      <![CDATA[Element not found {By.id: login-language-inputEl}
Expected: exist
Screenshot: file:/F:/MyProject/SwebTest/pic/1539773760550.84.png
Timeout: 10 s.
Caused by: NoSuchElementException: no such element: Unable to locate element: {"method":"id","selector":"login-language-inputEl"}
	at com.codeborne.selenide.impl.WebElementSource.createElementNotFoundError(WebElementSource.java:31)
	at com.codeborne.selenide.impl.ElementFinder.createElementNotFoundError(ElementFinder.java:82)
	at com.codeborne.selenide.impl.WebElementSource.checkCondition(WebElementSource.java:59)
	at com.codeborne.selenide.commands.Should.should(Should.java:35)
	at com.codeborne.selenide.commands.Should.execute(Should.java:29)
	at com.codeborne.selenide.commands.Should.execute(Should.java:12)
	at com.codeborne.selenide.commands.Commands.execute(Commands.java:140)
	at com.codeborne.selenide.impl.SelenideElementProxy.dispatchAndRetry(SelenideElementProxy.java:86)
	at com.codeborne.selenide.impl.SelenideElementProxy.invoke(SelenideElementProxy.java:62)
	at com.sun.proxy.$Proxy6.should(Unknown Source)
	at com.yeastar.swebtest.driver.SwebDriver.click(SwebDriver.java:206)
	at com.yeastar.swebtest.driver.SwebDriver.select(SwebDriver.java:197)
	at com.yeastar.swebtest.driver.SwebDriver.login(SwebDriver.java:151)
	at com.yeastar.swebtest.driver.SwebDriver.login(SwebDriver.java:139)
	at com.yeastar.swebtest.testcase.DetailCase.pbxcase.PINList.BeforeClass(PINList.java:25)
	at sun.reflect.NativeMethodAccessorImpl.invoke0(Native Method)
	at sun.reflect.NativeMethodAccessorImpl.invoke(NativeMethodAccessorImpl.java:62)
	at sun.reflect.DelegatingMethodAccessorImpl.invoke(DelegatingMethodAccessorImpl.java:43)
	at java.lang.reflect.Method.invoke(Method.java:498)
	at org.testng.internal.MethodInvocationHelper.invokeMethod(MethodInvocationHelper.java:85)
	at org.testng.internal.Invoker.invokeConfigurationMethod(Invoker.java:510)
	at org.testng.internal.Invoker.invokeConfigurations(Invoker.java:211)
	at org.testng.internal.Invoker.invokeConfigurations(Invoker.java:138)
	at org.testng.internal.TestMethodWorker.invokeBeforeClassMethods(TestMethodWorker.java:170)
	at org.testng.internal.TestMethodWorker.run(TestMethodWorker.java:104)
	at org.testng.TestRunner.privateRun(TestRunner.java:774)
	at org.testng.TestRunner.run(TestRunner.java:624)
	at org.testng.SuiteRunner.runTest(SuiteRunner.java:359)
	at org.testng.SuiteRunner.runSequentially(SuiteRunner.java:354)
	at org.testng.SuiteRunner.privateRun(SuiteRunner.java:312)
	at org.testng.SuiteRunner.run(SuiteRunner.java:261)
	at org.testng.SuiteRunnerWorker.runSuite(SuiteRunnerWorker.java:52)
	at org.testng.SuiteRunnerWorker.run(SuiteRunnerWorker.java:86)
	at org.testng.TestNG.runSuitesSequentially(TestNG.java:1215)
	at org.testng.TestNG.runSuitesLocally(TestNG.java:1140)
	at org.testng.TestNG.run(TestNG.java:1048)
	at org.apache.maven.surefire.testng.TestNGExecutor.run(TestNGExecutor.java:293)
	at org.apache.maven.surefire.testng.TestNGXmlTestSuite.execute(TestNGXmlTestSuite.java:84)
	at org.apache.maven.surefire.testng.TestNGProvider.invoke(TestNGProvider.java:91)
	at org.apache.maven.surefire.booter.ForkedBooter.invokeProviderInSameClassLoader(ForkedBooter.java:200)
	at org.apache.maven.surefire.booter.ForkedBooter.runSuitesInProcess(ForkedBooter.java:153)
	at org.apache.maven.surefire.booter.ForkedBooter.main(ForkedBooter.java:103)
Caused by: org.openqa.selenium.NoSuchElementException: no such element: Unable to locate element: {"method":"id","selector":"login-language-inputEl"}
  (Session info: chrome=69.0.3497.100)
  (Driver info: chromedriver=2.42.591088 (7b2b2dca23cca0862f674758c9a3933e685c27d5),platform=Windows NT 6.1.7601 SP1 x86_64) (WARNING: The server did not provide any stacktrace information)
Command duration or timeout: 11 milliseconds
For documentation on this error, please visit: http://seleniumhq.org/exceptions/no_such_element.html
Build info: version: '2.53.1', revision: 'a36b8b1cd5757287168e54b817830adce9b0158d', time: '2016-06-30 19:26:09'
System info: host: 'Yeastar-PC', ip: '192.168.11.194', os.name: 'Windows 7', os.arch: 'x86', os.version: '6.1', java.version: '1.8.0_121'
Driver info: org.openqa.selenium.chrome.ChromeDriver
Capabilities [{mobileEmulationEnabled=false, hasTouchScreen=false, platform=XP, acceptSslCerts=false, goog:chromeOptions={debuggerAddress=localhost:23747}, acceptInsecureCerts=false, webStorageEnabled=true, browserName=chrome, takesScreenshot=true, javascriptEnabled=true, setWindowRect=true, unexpectedAlertBehaviour=, applicationCacheEnabled=false, rotatable=false, networkConnectionEnabled=false, chrome={chromedriverVersion=2.42.591088 (7b2b2dca23cca0862f674758c9a3933e685c27d5), userDataDir=C:\Users\Yeastar\AppData\Local\Temp\scoped_dir3852_3820}, takesHeapSnapshot=true, pageLoadStrategy=normal, databaseEnabled=false, handlesAlerts=true, version=69.0.3497.100, browserConnectionEnabled=false, nativeEvents=true, locationContextEnabled=true, cssSelectorsEnabled=true}]
Session ID: d3be694128271583ac260e31a4722891
*** Element info: {Using=id, value=login-language-inputEl}
	at sun.reflect.GeneratedConstructorAccessor26.newInstance(Unknown Source)
	at sun.reflect.DelegatingConstructorAccessorImpl.newInstance(DelegatingConstructorAccessorImpl.java:45)
	at java.lang.reflect.Constructor.newInstance(Constructor.java:423)
	at org.openqa.selenium.remote.ErrorHandler.createThrowable(ErrorHandler.java:206)
	at org.openqa.selenium.remote.ErrorHandler.throwIfResponseFailed(ErrorHandler.java:158)
	at org.openqa.selenium.remote.RemoteWebDriver.execute(RemoteWebDriver.java:678)
	at org.openqa.selenium.remote.RemoteWebDriver.findElement(RemoteWebDriver.java:363)
	at org.openqa.selenium.remote.RemoteWebDriver.findElementById(RemoteWebDriver.java:413)
	at org.openqa.selenium.By$ById.findElement(By.java:218)
	at org.openqa.selenium.remote.RemoteWebDriver.findElement(RemoteWebDriver.java:355)
	at com.codeborne.selenide.impl.WebElementSelector.findElement(WebElementSelector.java:28)
	at com.codeborne.selenide.impl.ElementFinder.getWebElement(ElementFinder.java:56)
	at com.codeborne.selenide.impl.WebElementSource.checkCondition(WebElementSource.java:44)
	... 39 more
]]>
    </error>
  </testcase> <!-- K1_editPatterns -->
  <testcase name="K1_editPatterns" time="0.000" classname="com.yeastar.swebtest.testcase.DetailCase.pbxcase.OutboundRoutes">
    <error type="com.codeborne.selenide.ex.ElementNotFound" message="Element not found {By.id: login-language-inputEl}
Expected: exist">
      <![CDATA[Element not found {By.id: login-language-inputEl}
Expected: exist
Screenshot: file:/F:/MyProject/SwebTest/pic/1539773760550.84.png
Timeout: 10 s.
Caused by: NoSuchElementException: no such element: Unable to locate element: {"method":"id","selector":"login-language-inputEl"}
	at com.codeborne.selenide.impl.WebElementSource.createElementNotFoundError(WebElementSource.java:31)
	at com.codeborne.selenide.impl.ElementFinder.createElementNotFoundError(ElementFinder.java:82)
	at com.codeborne.selenide.impl.WebElementSource.checkCondition(WebElementSource.java:59)
	at com.codeborne.selenide.commands.Should.should(Should.java:35)
	at com.codeborne.selenide.commands.Should.execute(Should.java:29)
	at com.codeborne.selenide.commands.Should.execute(Should.java:12)
	at com.codeborne.selenide.commands.Commands.execute(Commands.java:140)
	at com.codeborne.selenide.impl.SelenideElementProxy.dispatchAndRetry(SelenideElementProxy.java:86)
	at com.codeborne.selenide.impl.SelenideElementProxy.invoke(SelenideElementProxy.java:62)
	at com.sun.proxy.$Proxy6.should(Unknown Source)
	at com.yeastar.swebtest.driver.SwebDriver.click(SwebDriver.java:206)
	at com.yeastar.swebtest.driver.SwebDriver.select(SwebDriver.java:197)
	at com.yeastar.swebtest.driver.SwebDriver.login(SwebDriver.java:151)
	at com.yeastar.swebtest.driver.SwebDriver.login(SwebDriver.java:139)
	at com.yeastar.swebtest.testcase.DetailCase.pbxcase.PINList.BeforeClass(PINList.java:25)
	at sun.reflect.NativeMethodAccessorImpl.invoke0(Native Method)
	at sun.reflect.NativeMethodAccessorImpl.invoke(NativeMethodAccessorImpl.java:62)
	at sun.reflect.DelegatingMethodAccessorImpl.invoke(DelegatingMethodAccessorImpl.java:43)
	at java.lang.reflect.Method.invoke(Method.java:498)
	at org.testng.internal.MethodInvocationHelper.invokeMethod(MethodInvocationHelper.java:85)
	at org.testng.internal.Invoker.invokeConfigurationMethod(Invoker.java:510)
	at org.testng.internal.Invoker.invokeConfigurations(Invoker.java:211)
	at org.testng.internal.Invoker.invokeConfigurations(Invoker.java:138)
	at org.testng.internal.TestMethodWorker.invokeBeforeClassMethods(TestMethodWorker.java:170)
	at org.testng.internal.TestMethodWorker.run(TestMethodWorker.java:104)
	at org.testng.TestRunner.privateRun(TestRunner.java:774)
	at org.testng.TestRunner.run(TestRunner.java:624)
	at org.testng.SuiteRunner.runTest(SuiteRunner.java:359)
	at org.testng.SuiteRunner.runSequentially(SuiteRunner.java:354)
	at org.testng.SuiteRunner.privateRun(SuiteRunner.java:312)
	at org.testng.SuiteRunner.run(SuiteRunner.java:261)
	at org.testng.SuiteRunnerWorker.runSuite(SuiteRunnerWorker.java:52)
	at org.testng.SuiteRunnerWorker.run(SuiteRunnerWorker.java:86)
	at org.testng.TestNG.runSuitesSequentially(TestNG.java:1215)
	at org.testng.TestNG.runSuitesLocally(TestNG.java:1140)
	at org.testng.TestNG.run(TestNG.java:1048)
	at org.apache.maven.surefire.testng.TestNGExecutor.run(TestNGExecutor.java:293)
	at org.apache.maven.surefire.testng.TestNGXmlTestSuite.execute(TestNGXmlTestSuite.java:84)
	at org.apache.maven.surefire.testng.TestNGProvider.invoke(TestNGProvider.java:91)
	at org.apache.maven.surefire.booter.ForkedBooter.invokeProviderInSameClassLoader(ForkedBooter.java:200)
	at org.apache.maven.surefire.booter.ForkedBooter.runSuitesInProcess(ForkedBooter.java:153)
	at org.apache.maven.surefire.booter.ForkedBooter.main(ForkedBooter.java:103)
Caused by: org.openqa.selenium.NoSuchElementException: no such element: Unable to locate element: {"method":"id","selector":"login-language-inputEl"}
  (Session info: chrome=69.0.3497.100)
  (Driver info: chromedriver=2.42.591088 (7b2b2dca23cca0862f674758c9a3933e685c27d5),platform=Windows NT 6.1.7601 SP1 x86_64) (WARNING: The server did not provide any stacktrace information)
Command duration or timeout: 11 milliseconds
For documentation on this error, please visit: http://seleniumhq.org/exceptions/no_such_element.html
Build info: version: '2.53.1', revision: 'a36b8b1cd5757287168e54b817830adce9b0158d', time: '2016-06-30 19:26:09'
System info: host: 'Yeastar-PC', ip: '192.168.11.194', os.name: 'Windows 7', os.arch: 'x86', os.version: '6.1', java.version: '1.8.0_121'
Driver info: org.openqa.selenium.chrome.ChromeDriver
Capabilities [{mobileEmulationEnabled=false, hasTouchScreen=false, platform=XP, acceptSslCerts=false, goog:chromeOptions={debuggerAddress=localhost:23747}, acceptInsecureCerts=false, webStorageEnabled=true, browserName=chrome, takesScreenshot=true, javascriptEnabled=true, setWindowRect=true, unexpectedAlertBehaviour=, applicationCacheEnabled=false, rotatable=false, networkConnectionEnabled=false, chrome={chromedriverVersion=2.42.591088 (7b2b2dca23cca0862f674758c9a3933e685c27d5), userDataDir=C:\Users\Yeastar\AppData\Local\Temp\scoped_dir3852_3820}, takesHeapSnapshot=true, pageLoadStrategy=normal, databaseEnabled=false, handlesAlerts=true, version=69.0.3497.100, browserConnectionEnabled=false, nativeEvents=true, locationContextEnabled=true, cssSelectorsEnabled=true}]
Session ID: d3be694128271583ac260e31a4722891
*** Element info: {Using=id, value=login-language-inputEl}
	at sun.reflect.GeneratedConstructorAccessor26.newInstance(Unknown Source)
	at sun.reflect.DelegatingConstructorAccessorImpl.newInstance(DelegatingConstructorAccessorImpl.java:45)
	at java.lang.reflect.Constructor.newInstance(Constructor.java:423)
	at org.openqa.selenium.remote.ErrorHandler.createThrowable(ErrorHandler.java:206)
	at org.openqa.selenium.remote.ErrorHandler.throwIfResponseFailed(ErrorHandler.java:158)
	at org.openqa.selenium.remote.RemoteWebDriver.execute(RemoteWebDriver.java:678)
	at org.openqa.selenium.remote.RemoteWebDriver.findElement(RemoteWebDriver.java:363)
	at org.openqa.selenium.remote.RemoteWebDriver.findElementById(RemoteWebDriver.java:413)
	at org.openqa.selenium.By$ById.findElement(By.java:218)
	at org.openqa.selenium.remote.RemoteWebDriver.findElement(RemoteWebDriver.java:355)
	at com.codeborne.selenide.impl.WebElementSelector.findElement(WebElementSelector.java:28)
	at com.codeborne.selenide.impl.ElementFinder.getWebElement(ElementFinder.java:56)
	at com.codeborne.selenide.impl.WebElementSource.checkCondition(WebElementSource.java:44)
	... 39 more
]]>
    </error>
  </testcase> <!-- K1_editPatterns -->
  <testcase name="K1_editPatterns" time="0.000" classname="com.yeastar.swebtest.testcase.DetailCase.pbxcase.OutboundRoutes">
    <error type="com.codeborne.selenide.ex.ElementNotFound" message="Element not found {By.id: login-language-inputEl}
Expected: exist">
      <![CDATA[Element not found {By.id: login-language-inputEl}
Expected: exist
Screenshot: file:/F:/MyProject/SwebTest/pic/1539773760550.84.png
Timeout: 10 s.
Caused by: NoSuchElementException: no such element: Unable to locate element: {"method":"id","selector":"login-language-inputEl"}
	at com.codeborne.selenide.impl.WebElementSource.createElementNotFoundError(WebElementSource.java:31)
	at com.codeborne.selenide.impl.ElementFinder.createElementNotFoundError(ElementFinder.java:82)
	at com.codeborne.selenide.impl.WebElementSource.checkCondition(WebElementSource.java:59)
	at com.codeborne.selenide.commands.Should.should(Should.java:35)
	at com.codeborne.selenide.commands.Should.execute(Should.java:29)
	at com.codeborne.selenide.commands.Should.execute(Should.java:12)
	at com.codeborne.selenide.commands.Commands.execute(Commands.java:140)
	at com.codeborne.selenide.impl.SelenideElementProxy.dispatchAndRetry(SelenideElementProxy.java:86)
	at com.codeborne.selenide.impl.SelenideElementProxy.invoke(SelenideElementProxy.java:62)
	at com.sun.proxy.$Proxy6.should(Unknown Source)
	at com.yeastar.swebtest.driver.SwebDriver.click(SwebDriver.java:206)
	at com.yeastar.swebtest.driver.SwebDriver.select(SwebDriver.java:197)
	at com.yeastar.swebtest.driver.SwebDriver.login(SwebDriver.java:151)
	at com.yeastar.swebtest.driver.SwebDriver.login(SwebDriver.java:139)
	at com.yeastar.swebtest.testcase.DetailCase.pbxcase.PINList.BeforeClass(PINList.java:25)
	at sun.reflect.NativeMethodAccessorImpl.invoke0(Native Method)
	at sun.reflect.NativeMethodAccessorImpl.invoke(NativeMethodAccessorImpl.java:62)
	at sun.reflect.DelegatingMethodAccessorImpl.invoke(DelegatingMethodAccessorImpl.java:43)
	at java.lang.reflect.Method.invoke(Method.java:498)
	at org.testng.internal.MethodInvocationHelper.invokeMethod(MethodInvocationHelper.java:85)
	at org.testng.internal.Invoker.invokeConfigurationMethod(Invoker.java:510)
	at org.testng.internal.Invoker.invokeConfigurations(Invoker.java:211)
	at org.testng.internal.Invoker.invokeConfigurations(Invoker.java:138)
	at org.testng.internal.TestMethodWorker.invokeBeforeClassMethods(TestMethodWorker.java:170)
	at org.testng.internal.TestMethodWorker.run(TestMethodWorker.java:104)
	at org.testng.TestRunner.privateRun(TestRunner.java:774)
	at org.testng.TestRunner.run(TestRunner.java:624)
	at org.testng.SuiteRunner.runTest(SuiteRunner.java:359)
	at org.testng.SuiteRunner.runSequentially(SuiteRunner.java:354)
	at org.testng.SuiteRunner.privateRun(SuiteRunner.java:312)
	at org.testng.SuiteRunner.run(SuiteRunner.java:261)
	at org.testng.SuiteRunnerWorker.runSuite(SuiteRunnerWorker.java:52)
	at org.testng.SuiteRunnerWorker.run(SuiteRunnerWorker.java:86)
	at org.testng.TestNG.runSuitesSequentially(TestNG.java:1215)
	at org.testng.TestNG.runSuitesLocally(TestNG.java:1140)
	at org.testng.TestNG.run(TestNG.java:1048)
	at org.apache.maven.surefire.testng.TestNGExecutor.run(TestNGExecutor.java:293)
	at org.apache.maven.surefire.testng.TestNGXmlTestSuite.execute(TestNGXmlTestSuite.java:84)
	at org.apache.maven.surefire.testng.TestNGProvider.invoke(TestNGProvider.java:91)
	at org.apache.maven.surefire.booter.ForkedBooter.invokeProviderInSameClassLoader(ForkedBooter.java:200)
	at org.apache.maven.surefire.booter.ForkedBooter.runSuitesInProcess(ForkedBooter.java:153)
	at org.apache.maven.surefire.booter.ForkedBooter.main(ForkedBooter.java:103)
Caused by: org.openqa.selenium.NoSuchElementException: no such element: Unable to locate element: {"method":"id","selector":"login-language-inputEl"}
  (Session info: chrome=69.0.3497.100)
  (Driver info: chromedriver=2.42.591088 (7b2b2dca23cca0862f674758c9a3933e685c27d5),platform=Windows NT 6.1.7601 SP1 x86_64) (WARNING: The server did not provide any stacktrace information)
Command duration or timeout: 11 milliseconds
For documentation on this error, please visit: http://seleniumhq.org/exceptions/no_such_element.html
Build info: version: '2.53.1', revision: 'a36b8b1cd5757287168e54b817830adce9b0158d', time: '2016-06-30 19:26:09'
System info: host: 'Yeastar-PC', ip: '192.168.11.194', os.name: 'Windows 7', os.arch: 'x86', os.version: '6.1', java.version: '1.8.0_121'
Driver info: org.openqa.selenium.chrome.ChromeDriver
Capabilities [{mobileEmulationEnabled=false, hasTouchScreen=false, platform=XP, acceptSslCerts=false, goog:chromeOptions={debuggerAddress=localhost:23747}, acceptInsecureCerts=false, webStorageEnabled=true, browserName=chrome, takesScreenshot=true, javascriptEnabled=true, setWindowRect=true, unexpectedAlertBehaviour=, applicationCacheEnabled=false, rotatable=false, networkConnectionEnabled=false, chrome={chromedriverVersion=2.42.591088 (7b2b2dca23cca0862f674758c9a3933e685c27d5), userDataDir=C:\Users\Yeastar\AppData\Local\Temp\scoped_dir3852_3820}, takesHeapSnapshot=true, pageLoadStrategy=normal, databaseEnabled=false, handlesAlerts=true, version=69.0.3497.100, browserConnectionEnabled=false, nativeEvents=true, locationContextEnabled=true, cssSelectorsEnabled=true}]
Session ID: d3be694128271583ac260e31a4722891
*** Element info: {Using=id, value=login-language-inputEl}
	at sun.reflect.GeneratedConstructorAccessor26.newInstance(Unknown Source)
	at sun.reflect.DelegatingConstructorAccessorImpl.newInstance(DelegatingConstructorAccessorImpl.java:45)
	at java.lang.reflect.Constructor.newInstance(Constructor.java:423)
	at org.openqa.selenium.remote.ErrorHandler.createThrowable(ErrorHandler.java:206)
	at org.openqa.selenium.remote.ErrorHandler.throwIfResponseFailed(ErrorHandler.java:158)
	at org.openqa.selenium.remote.RemoteWebDriver.execute(RemoteWebDriver.java:678)
	at org.openqa.selenium.remote.RemoteWebDriver.findElement(RemoteWebDriver.java:363)
	at org.openqa.selenium.remote.RemoteWebDriver.findElementById(RemoteWebDriver.java:413)
	at org.openqa.selenium.By$ById.findElement(By.java:218)
	at org.openqa.selenium.remote.RemoteWebDriver.findElement(RemoteWebDriver.java:355)
	at com.codeborne.selenide.impl.WebElementSelector.findElement(WebElementSelector.java:28)
	at com.codeborne.selenide.impl.ElementFinder.getWebElement(ElementFinder.java:56)
	at com.codeborne.selenide.impl.WebElementSource.checkCondition(WebElementSource.java:44)
	... 39 more
]]>
    </error>
  </testcase> <!-- K1_editPatterns -->
  <testcase name="K1_editPatterns" time="0.000" classname="com.yeastar.swebtest.testcase.DetailCase.pbxcase.OutboundRoutes">
    <error type="com.codeborne.selenide.ex.ElementNotFound" message="Element not found {By.id: login-language-inputEl}
Expected: exist">
      <![CDATA[Element not found {By.id: login-language-inputEl}
Expected: exist
Screenshot: file:/F:/MyProject/SwebTest/pic/1539773760550.84.png
Timeout: 10 s.
Caused by: NoSuchElementException: no such element: Unable to locate element: {"method":"id","selector":"login-language-inputEl"}
	at com.codeborne.selenide.impl.WebElementSource.createElementNotFoundError(WebElementSource.java:31)
	at com.codeborne.selenide.impl.ElementFinder.createElementNotFoundError(ElementFinder.java:82)
	at com.codeborne.selenide.impl.WebElementSource.checkCondition(WebElementSource.java:59)
	at com.codeborne.selenide.commands.Should.should(Should.java:35)
	at com.codeborne.selenide.commands.Should.execute(Should.java:29)
	at com.codeborne.selenide.commands.Should.execute(Should.java:12)
	at com.codeborne.selenide.commands.Commands.execute(Commands.java:140)
	at com.codeborne.selenide.impl.SelenideElementProxy.dispatchAndRetry(SelenideElementProxy.java:86)
	at com.codeborne.selenide.impl.SelenideElementProxy.invoke(SelenideElementProxy.java:62)
	at com.sun.proxy.$Proxy6.should(Unknown Source)
	at com.yeastar.swebtest.driver.SwebDriver.click(SwebDriver.java:206)
	at com.yeastar.swebtest.driver.SwebDriver.select(SwebDriver.java:197)
	at com.yeastar.swebtest.driver.SwebDriver.login(SwebDriver.java:151)
	at com.yeastar.swebtest.driver.SwebDriver.login(SwebDriver.java:139)
	at com.yeastar.swebtest.testcase.DetailCase.pbxcase.PINList.BeforeClass(PINList.java:25)
	at sun.reflect.NativeMethodAccessorImpl.invoke0(Native Method)
	at sun.reflect.NativeMethodAccessorImpl.invoke(NativeMethodAccessorImpl.java:62)
	at sun.reflect.DelegatingMethodAccessorImpl.invoke(DelegatingMethodAccessorImpl.java:43)
	at java.lang.reflect.Method.invoke(Method.java:498)
	at org.testng.internal.MethodInvocationHelper.invokeMethod(MethodInvocationHelper.java:85)
	at org.testng.internal.Invoker.invokeConfigurationMethod(Invoker.java:510)
	at org.testng.internal.Invoker.invokeConfigurations(Invoker.java:211)
	at org.testng.internal.Invoker.invokeConfigurations(Invoker.java:138)
	at org.testng.internal.TestMethodWorker.invokeBeforeClassMethods(TestMethodWorker.java:170)
	at org.testng.internal.TestMethodWorker.run(TestMethodWorker.java:104)
	at org.testng.TestRunner.privateRun(TestRunner.java:774)
	at org.testng.TestRunner.run(TestRunner.java:624)
	at org.testng.SuiteRunner.runTest(SuiteRunner.java:359)
	at org.testng.SuiteRunner.runSequentially(SuiteRunner.java:354)
	at org.testng.SuiteRunner.privateRun(SuiteRunner.java:312)
	at org.testng.SuiteRunner.run(SuiteRunner.java:261)
	at org.testng.SuiteRunnerWorker.runSuite(SuiteRunnerWorker.java:52)
	at org.testng.SuiteRunnerWorker.run(SuiteRunnerWorker.java:86)
	at org.testng.TestNG.runSuitesSequentially(TestNG.java:1215)
	at org.testng.TestNG.runSuitesLocally(TestNG.java:1140)
	at org.testng.TestNG.run(TestNG.java:1048)
	at org.apache.maven.surefire.testng.TestNGExecutor.run(TestNGExecutor.java:293)
	at org.apache.maven.surefire.testng.TestNGXmlTestSuite.execute(TestNGXmlTestSuite.java:84)
	at org.apache.maven.surefire.testng.TestNGProvider.invoke(TestNGProvider.java:91)
	at org.apache.maven.surefire.booter.ForkedBooter.invokeProviderInSameClassLoader(ForkedBooter.java:200)
	at org.apache.maven.surefire.booter.ForkedBooter.runSuitesInProcess(ForkedBooter.java:153)
	at org.apache.maven.surefire.booter.ForkedBooter.main(ForkedBooter.java:103)
Caused by: org.openqa.selenium.NoSuchElementException: no such element: Unable to locate element: {"method":"id","selector":"login-language-inputEl"}
  (Session info: chrome=69.0.3497.100)
  (Driver info: chromedriver=2.42.591088 (7b2b2dca23cca0862f674758c9a3933e685c27d5),platform=Windows NT 6.1.7601 SP1 x86_64) (WARNING: The server did not provide any stacktrace information)
Command duration or timeout: 11 milliseconds
For documentation on this error, please visit: http://seleniumhq.org/exceptions/no_such_element.html
Build info: version: '2.53.1', revision: 'a36b8b1cd5757287168e54b817830adce9b0158d', time: '2016-06-30 19:26:09'
System info: host: 'Yeastar-PC', ip: '192.168.11.194', os.name: 'Windows 7', os.arch: 'x86', os.version: '6.1', java.version: '1.8.0_121'
Driver info: org.openqa.selenium.chrome.ChromeDriver
Capabilities [{mobileEmulationEnabled=false, hasTouchScreen=false, platform=XP, acceptSslCerts=false, goog:chromeOptions={debuggerAddress=localhost:23747}, acceptInsecureCerts=false, webStorageEnabled=true, browserName=chrome, takesScreenshot=true, javascriptEnabled=true, setWindowRect=true, unexpectedAlertBehaviour=, applicationCacheEnabled=false, rotatable=false, networkConnectionEnabled=false, chrome={chromedriverVersion=2.42.591088 (7b2b2dca23cca0862f674758c9a3933e685c27d5), userDataDir=C:\Users\Yeastar\AppData\Local\Temp\scoped_dir3852_3820}, takesHeapSnapshot=true, pageLoadStrategy=normal, databaseEnabled=false, handlesAlerts=true, version=69.0.3497.100, browserConnectionEnabled=false, nativeEvents=true, locationContextEnabled=true, cssSelectorsEnabled=true}]
Session ID: d3be694128271583ac260e31a4722891
*** Element info: {Using=id, value=login-language-inputEl}
	at sun.reflect.GeneratedConstructorAccessor26.newInstance(Unknown Source)
	at sun.reflect.DelegatingConstructorAccessorImpl.newInstance(DelegatingConstructorAccessorImpl.java:45)
	at java.lang.reflect.Constructor.newInstance(Constructor.java:423)
	at org.openqa.selenium.remote.ErrorHandler.createThrowable(ErrorHandler.java:206)
	at org.openqa.selenium.remote.ErrorHandler.throwIfResponseFailed(ErrorHandler.java:158)
	at org.openqa.selenium.remote.RemoteWebDriver.execute(RemoteWebDriver.java:678)
	at org.openqa.selenium.remote.RemoteWebDriver.findElement(RemoteWebDriver.java:363)
	at org.openqa.selenium.remote.RemoteWebDriver.findElementById(RemoteWebDriver.java:413)
	at org.openqa.selenium.By$ById.findElement(By.java:218)
	at org.openqa.selenium.remote.RemoteWebDriver.findElement(RemoteWebDriver.java:355)
	at com.codeborne.selenide.impl.WebElementSelector.findElement(WebElementSelector.java:28)
	at com.codeborne.selenide.impl.ElementFinder.getWebElement(ElementFinder.java:56)
	at com.codeborne.selenide.impl.WebElementSource.checkCondition(WebElementSource.java:44)
	... 39 more
]]>
    </error>
  </testcase> <!-- K1_editPatterns -->
  <testcase name="L8_checkPassword4" time="0.000" classname="com.yeastar.swebtest.testcase.DetailCase.pbxcase.OutboundRoutes">
    <error type="com.codeborne.selenide.ex.ElementNotFound" message="Element not found {By.id: login-language-inputEl}
Expected: exist">
      <![CDATA[Element not found {By.id: login-language-inputEl}
Expected: exist
Screenshot: file:/F:/MyProject/SwebTest/pic/1539773760550.84.png
Timeout: 10 s.
Caused by: NoSuchElementException: no such element: Unable to locate element: {"method":"id","selector":"login-language-inputEl"}
	at com.codeborne.selenide.impl.WebElementSource.createElementNotFoundError(WebElementSource.java:31)
	at com.codeborne.selenide.impl.ElementFinder.createElementNotFoundError(ElementFinder.java:82)
	at com.codeborne.selenide.impl.WebElementSource.checkCondition(WebElementSource.java:59)
	at com.codeborne.selenide.commands.Should.should(Should.java:35)
	at com.codeborne.selenide.commands.Should.execute(Should.java:29)
	at com.codeborne.selenide.commands.Should.execute(Should.java:12)
	at com.codeborne.selenide.commands.Commands.execute(Commands.java:140)
	at com.codeborne.selenide.impl.SelenideElementProxy.dispatchAndRetry(SelenideElementProxy.java:86)
	at com.codeborne.selenide.impl.SelenideElementProxy.invoke(SelenideElementProxy.java:62)
	at com.sun.proxy.$Proxy6.should(Unknown Source)
	at com.yeastar.swebtest.driver.SwebDriver.click(SwebDriver.java:206)
	at com.yeastar.swebtest.driver.SwebDriver.select(SwebDriver.java:197)
	at com.yeastar.swebtest.driver.SwebDriver.login(SwebDriver.java:151)
	at com.yeastar.swebtest.driver.SwebDriver.login(SwebDriver.java:139)
	at com.yeastar.swebtest.testcase.DetailCase.pbxcase.PINList.BeforeClass(PINList.java:25)
	at sun.reflect.NativeMethodAccessorImpl.invoke0(Native Method)
	at sun.reflect.NativeMethodAccessorImpl.invoke(NativeMethodAccessorImpl.java:62)
	at sun.reflect.DelegatingMethodAccessorImpl.invoke(DelegatingMethodAccessorImpl.java:43)
	at java.lang.reflect.Method.invoke(Method.java:498)
	at org.testng.internal.MethodInvocationHelper.invokeMethod(MethodInvocationHelper.java:85)
	at org.testng.internal.Invoker.invokeConfigurationMethod(Invoker.java:510)
	at org.testng.internal.Invoker.invokeConfigurations(Invoker.java:211)
	at org.testng.internal.Invoker.invokeConfigurations(Invoker.java:138)
	at org.testng.internal.TestMethodWorker.invokeBeforeClassMethods(TestMethodWorker.java:170)
	at org.testng.internal.TestMethodWorker.run(TestMethodWorker.java:104)
	at org.testng.TestRunner.privateRun(TestRunner.java:774)
	at org.testng.TestRunner.run(TestRunner.java:624)
	at org.testng.SuiteRunner.runTest(SuiteRunner.java:359)
	at org.testng.SuiteRunner.runSequentially(SuiteRunner.java:354)
	at org.testng.SuiteRunner.privateRun(SuiteRunner.java:312)
	at org.testng.SuiteRunner.run(SuiteRunner.java:261)
	at org.testng.SuiteRunnerWorker.runSuite(SuiteRunnerWorker.java:52)
	at org.testng.SuiteRunnerWorker.run(SuiteRunnerWorker.java:86)
	at org.testng.TestNG.runSuitesSequentially(TestNG.java:1215)
	at org.testng.TestNG.runSuitesLocally(TestNG.java:1140)
	at org.testng.TestNG.run(TestNG.java:1048)
	at org.apache.maven.surefire.testng.TestNGExecutor.run(TestNGExecutor.java:293)
	at org.apache.maven.surefire.testng.TestNGXmlTestSuite.execute(TestNGXmlTestSuite.java:84)
	at org.apache.maven.surefire.testng.TestNGProvider.invoke(TestNGProvider.java:91)
	at org.apache.maven.surefire.booter.ForkedBooter.invokeProviderInSameClassLoader(ForkedBooter.java:200)
	at org.apache.maven.surefire.booter.ForkedBooter.runSuitesInProcess(ForkedBooter.java:153)
	at org.apache.maven.surefire.booter.ForkedBooter.main(ForkedBooter.java:103)
Caused by: org.openqa.selenium.NoSuchElementException: no such element: Unable to locate element: {"method":"id","selector":"login-language-inputEl"}
  (Session info: chrome=69.0.3497.100)
  (Driver info: chromedriver=2.42.591088 (7b2b2dca23cca0862f674758c9a3933e685c27d5),platform=Windows NT 6.1.7601 SP1 x86_64) (WARNING: The server did not provide any stacktrace information)
Command duration or timeout: 11 milliseconds
For documentation on this error, please visit: http://seleniumhq.org/exceptions/no_such_element.html
Build info: version: '2.53.1', revision: 'a36b8b1cd5757287168e54b817830adce9b0158d', time: '2016-06-30 19:26:09'
System info: host: 'Yeastar-PC', ip: '192.168.11.194', os.name: 'Windows 7', os.arch: 'x86', os.version: '6.1', java.version: '1.8.0_121'
Driver info: org.openqa.selenium.chrome.ChromeDriver
Capabilities [{mobileEmulationEnabled=false, hasTouchScreen=false, platform=XP, acceptSslCerts=false, goog:chromeOptions={debuggerAddress=localhost:23747}, acceptInsecureCerts=false, webStorageEnabled=true, browserName=chrome, takesScreenshot=true, javascriptEnabled=true, setWindowRect=true, unexpectedAlertBehaviour=, applicationCacheEnabled=false, rotatable=false, networkConnectionEnabled=false, chrome={chromedriverVersion=2.42.591088 (7b2b2dca23cca0862f674758c9a3933e685c27d5), userDataDir=C:\Users\Yeastar\AppData\Local\Temp\scoped_dir3852_3820}, takesHeapSnapshot=true, pageLoadStrategy=normal, databaseEnabled=false, handlesAlerts=true, version=69.0.3497.100, browserConnectionEnabled=false, nativeEvents=true, locationContextEnabled=true, cssSelectorsEnabled=true}]
Session ID: d3be694128271583ac260e31a4722891
*** Element info: {Using=id, value=login-language-inputEl}
	at sun.reflect.GeneratedConstructorAccessor26.newInstance(Unknown Source)
	at sun.reflect.DelegatingConstructorAccessorImpl.newInstance(DelegatingConstructorAccessorImpl.java:45)
	at java.lang.reflect.Constructor.newInstance(Constructor.java:423)
	at org.openqa.selenium.remote.ErrorHandler.createThrowable(ErrorHandler.java:206)
	at org.openqa.selenium.remote.ErrorHandler.throwIfResponseFailed(ErrorHandler.java:158)
	at org.openqa.selenium.remote.RemoteWebDriver.execute(RemoteWebDriver.java:678)
	at org.openqa.selenium.remote.RemoteWebDriver.findElement(RemoteWebDriver.java:363)
	at org.openqa.selenium.remote.RemoteWebDriver.findElementById(RemoteWebDriver.java:413)
	at org.openqa.selenium.By$ById.findElement(By.java:218)
	at org.openqa.selenium.remote.RemoteWebDriver.findElement(RemoteWebDriver.java:355)
	at com.codeborne.selenide.impl.WebElementSelector.findElement(WebElementSelector.java:28)
	at com.codeborne.selenide.impl.ElementFinder.getWebElement(ElementFinder.java:56)
	at com.codeborne.selenide.impl.WebElementSource.checkCondition(WebElementSource.java:44)
	... 39 more
]]>
    </error>
  </testcase> <!-- L8_checkPassword4 -->
  <testcase name="M1_addTimeCondition" time="0.000" classname="com.yeastar.swebtest.testcase.DetailCase.pbxcase.OutboundRoutes">
    <error type="com.codeborne.selenide.ex.ElementNotFound" message="Element not found {By.id: login-language-inputEl}
Expected: exist">
      <![CDATA[Element not found {By.id: login-language-inputEl}
Expected: exist
Screenshot: file:/F:/MyProject/SwebTest/pic/1539773760550.84.png
Timeout: 10 s.
Caused by: NoSuchElementException: no such element: Unable to locate element: {"method":"id","selector":"login-language-inputEl"}
	at com.codeborne.selenide.impl.WebElementSource.createElementNotFoundError(WebElementSource.java:31)
	at com.codeborne.selenide.impl.ElementFinder.createElementNotFoundError(ElementFinder.java:82)
	at com.codeborne.selenide.impl.WebElementSource.checkCondition(WebElementSource.java:59)
	at com.codeborne.selenide.commands.Should.should(Should.java:35)
	at com.codeborne.selenide.commands.Should.execute(Should.java:29)
	at com.codeborne.selenide.commands.Should.execute(Should.java:12)
	at com.codeborne.selenide.commands.Commands.execute(Commands.java:140)
	at com.codeborne.selenide.impl.SelenideElementProxy.dispatchAndRetry(SelenideElementProxy.java:86)
	at com.codeborne.selenide.impl.SelenideElementProxy.invoke(SelenideElementProxy.java:62)
	at com.sun.proxy.$Proxy6.should(Unknown Source)
	at com.yeastar.swebtest.driver.SwebDriver.click(SwebDriver.java:206)
	at com.yeastar.swebtest.driver.SwebDriver.select(SwebDriver.java:197)
	at com.yeastar.swebtest.driver.SwebDriver.login(SwebDriver.java:151)
	at com.yeastar.swebtest.driver.SwebDriver.login(SwebDriver.java:139)
	at com.yeastar.swebtest.testcase.DetailCase.pbxcase.PINList.BeforeClass(PINList.java:25)
	at sun.reflect.NativeMethodAccessorImpl.invoke0(Native Method)
	at sun.reflect.NativeMethodAccessorImpl.invoke(NativeMethodAccessorImpl.java:62)
	at sun.reflect.DelegatingMethodAccessorImpl.invoke(DelegatingMethodAccessorImpl.java:43)
	at java.lang.reflect.Method.invoke(Method.java:498)
	at org.testng.internal.MethodInvocationHelper.invokeMethod(MethodInvocationHelper.java:85)
	at org.testng.internal.Invoker.invokeConfigurationMethod(Invoker.java:510)
	at org.testng.internal.Invoker.invokeConfigurations(Invoker.java:211)
	at org.testng.internal.Invoker.invokeConfigurations(Invoker.java:138)
	at org.testng.internal.TestMethodWorker.invokeBeforeClassMethods(TestMethodWorker.java:170)
	at org.testng.internal.TestMethodWorker.run(TestMethodWorker.java:104)
	at org.testng.TestRunner.privateRun(TestRunner.java:774)
	at org.testng.TestRunner.run(TestRunner.java:624)
	at org.testng.SuiteRunner.runTest(SuiteRunner.java:359)
	at org.testng.SuiteRunner.runSequentially(SuiteRunner.java:354)
	at org.testng.SuiteRunner.privateRun(SuiteRunner.java:312)
	at org.testng.SuiteRunner.run(SuiteRunner.java:261)
	at org.testng.SuiteRunnerWorker.runSuite(SuiteRunnerWorker.java:52)
	at org.testng.SuiteRunnerWorker.run(SuiteRunnerWorker.java:86)
	at org.testng.TestNG.runSuitesSequentially(TestNG.java:1215)
	at org.testng.TestNG.runSuitesLocally(TestNG.java:1140)
	at org.testng.TestNG.run(TestNG.java:1048)
	at org.apache.maven.surefire.testng.TestNGExecutor.run(TestNGExecutor.java:293)
	at org.apache.maven.surefire.testng.TestNGXmlTestSuite.execute(TestNGXmlTestSuite.java:84)
	at org.apache.maven.surefire.testng.TestNGProvider.invoke(TestNGProvider.java:91)
	at org.apache.maven.surefire.booter.ForkedBooter.invokeProviderInSameClassLoader(ForkedBooter.java:200)
	at org.apache.maven.surefire.booter.ForkedBooter.runSuitesInProcess(ForkedBooter.java:153)
	at org.apache.maven.surefire.booter.ForkedBooter.main(ForkedBooter.java:103)
Caused by: org.openqa.selenium.NoSuchElementException: no such element: Unable to locate element: {"method":"id","selector":"login-language-inputEl"}
  (Session info: chrome=69.0.3497.100)
  (Driver info: chromedriver=2.42.591088 (7b2b2dca23cca0862f674758c9a3933e685c27d5),platform=Windows NT 6.1.7601 SP1 x86_64) (WARNING: The server did not provide any stacktrace information)
Command duration or timeout: 11 milliseconds
For documentation on this error, please visit: http://seleniumhq.org/exceptions/no_such_element.html
Build info: version: '2.53.1', revision: 'a36b8b1cd5757287168e54b817830adce9b0158d', time: '2016-06-30 19:26:09'
System info: host: 'Yeastar-PC', ip: '192.168.11.194', os.name: 'Windows 7', os.arch: 'x86', os.version: '6.1', java.version: '1.8.0_121'
Driver info: org.openqa.selenium.chrome.ChromeDriver
Capabilities [{mobileEmulationEnabled=false, hasTouchScreen=false, platform=XP, acceptSslCerts=false, goog:chromeOptions={debuggerAddress=localhost:23747}, acceptInsecureCerts=false, webStorageEnabled=true, browserName=chrome, takesScreenshot=true, javascriptEnabled=true, setWindowRect=true, unexpectedAlertBehaviour=, applicationCacheEnabled=false, rotatable=false, networkConnectionEnabled=false, chrome={chromedriverVersion=2.42.591088 (7b2b2dca23cca0862f674758c9a3933e685c27d5), userDataDir=C:\Users\Yeastar\AppData\Local\Temp\scoped_dir3852_3820}, takesHeapSnapshot=true, pageLoadStrategy=normal, databaseEnabled=false, handlesAlerts=true, version=69.0.3497.100, browserConnectionEnabled=false, nativeEvents=true, locationContextEnabled=true, cssSelectorsEnabled=true}]
Session ID: d3be694128271583ac260e31a4722891
*** Element info: {Using=id, value=login-language-inputEl}
	at sun.reflect.GeneratedConstructorAccessor26.newInstance(Unknown Source)
	at sun.reflect.DelegatingConstructorAccessorImpl.newInstance(DelegatingConstructorAccessorImpl.java:45)
	at java.lang.reflect.Constructor.newInstance(Constructor.java:423)
	at org.openqa.selenium.remote.ErrorHandler.createThrowable(ErrorHandler.java:206)
	at org.openqa.selenium.remote.ErrorHandler.throwIfResponseFailed(ErrorHandler.java:158)
	at org.openqa.selenium.remote.RemoteWebDriver.execute(RemoteWebDriver.java:678)
	at org.openqa.selenium.remote.RemoteWebDriver.findElement(RemoteWebDriver.java:363)
	at org.openqa.selenium.remote.RemoteWebDriver.findElementById(RemoteWebDriver.java:413)
	at org.openqa.selenium.By$ById.findElement(By.java:218)
	at org.openqa.selenium.remote.RemoteWebDriver.findElement(RemoteWebDriver.java:355)
	at com.codeborne.selenide.impl.WebElementSelector.findElement(WebElementSelector.java:28)
	at com.codeborne.selenide.impl.ElementFinder.getWebElement(ElementFinder.java:56)
	at com.codeborne.selenide.impl.WebElementSource.checkCondition(WebElementSource.java:44)
	... 39 more
]]>
    </error>
  </testcase> <!-- M1_addTimeCondition -->
  <testcase name="F_checkMember" time="0.000" classname="com.yeastar.swebtest.testcase.DetailCase.pbxcase.OutboundRoutes">
    <error type="com.codeborne.selenide.ex.ElementNotFound" message="Element not found {By.id: login-language-inputEl}
Expected: exist">
      <![CDATA[Element not found {By.id: login-language-inputEl}
Expected: exist
Screenshot: file:/F:/MyProject/SwebTest/pic/1539773760550.84.png
Timeout: 10 s.
Caused by: NoSuchElementException: no such element: Unable to locate element: {"method":"id","selector":"login-language-inputEl"}
	at com.codeborne.selenide.impl.WebElementSource.createElementNotFoundError(WebElementSource.java:31)
	at com.codeborne.selenide.impl.ElementFinder.createElementNotFoundError(ElementFinder.java:82)
	at com.codeborne.selenide.impl.WebElementSource.checkCondition(WebElementSource.java:59)
	at com.codeborne.selenide.commands.Should.should(Should.java:35)
	at com.codeborne.selenide.commands.Should.execute(Should.java:29)
	at com.codeborne.selenide.commands.Should.execute(Should.java:12)
	at com.codeborne.selenide.commands.Commands.execute(Commands.java:140)
	at com.codeborne.selenide.impl.SelenideElementProxy.dispatchAndRetry(SelenideElementProxy.java:86)
	at com.codeborne.selenide.impl.SelenideElementProxy.invoke(SelenideElementProxy.java:62)
	at com.sun.proxy.$Proxy6.should(Unknown Source)
	at com.yeastar.swebtest.driver.SwebDriver.click(SwebDriver.java:206)
	at com.yeastar.swebtest.driver.SwebDriver.select(SwebDriver.java:197)
	at com.yeastar.swebtest.driver.SwebDriver.login(SwebDriver.java:151)
	at com.yeastar.swebtest.driver.SwebDriver.login(SwebDriver.java:139)
	at com.yeastar.swebtest.testcase.DetailCase.pbxcase.PINList.BeforeClass(PINList.java:25)
	at sun.reflect.NativeMethodAccessorImpl.invoke0(Native Method)
	at sun.reflect.NativeMethodAccessorImpl.invoke(NativeMethodAccessorImpl.java:62)
	at sun.reflect.DelegatingMethodAccessorImpl.invoke(DelegatingMethodAccessorImpl.java:43)
	at java.lang.reflect.Method.invoke(Method.java:498)
	at org.testng.internal.MethodInvocationHelper.invokeMethod(MethodInvocationHelper.java:85)
	at org.testng.internal.Invoker.invokeConfigurationMethod(Invoker.java:510)
	at org.testng.internal.Invoker.invokeConfigurations(Invoker.java:211)
	at org.testng.internal.Invoker.invokeConfigurations(Invoker.java:138)
	at org.testng.internal.TestMethodWorker.invokeBeforeClassMethods(TestMethodWorker.java:170)
	at org.testng.internal.TestMethodWorker.run(TestMethodWorker.java:104)
	at org.testng.TestRunner.privateRun(TestRunner.java:774)
	at org.testng.TestRunner.run(TestRunner.java:624)
	at org.testng.SuiteRunner.runTest(SuiteRunner.java:359)
	at org.testng.SuiteRunner.runSequentially(SuiteRunner.java:354)
	at org.testng.SuiteRunner.privateRun(SuiteRunner.java:312)
	at org.testng.SuiteRunner.run(SuiteRunner.java:261)
	at org.testng.SuiteRunnerWorker.runSuite(SuiteRunnerWorker.java:52)
	at org.testng.SuiteRunnerWorker.run(SuiteRunnerWorker.java:86)
	at org.testng.TestNG.runSuitesSequentially(TestNG.java:1215)
	at org.testng.TestNG.runSuitesLocally(TestNG.java:1140)
	at org.testng.TestNG.run(TestNG.java:1048)
	at org.apache.maven.surefire.testng.TestNGExecutor.run(TestNGExecutor.java:293)
	at org.apache.maven.surefire.testng.TestNGXmlTestSuite.execute(TestNGXmlTestSuite.java:84)
	at org.apache.maven.surefire.testng.TestNGProvider.invoke(TestNGProvider.java:91)
	at org.apache.maven.surefire.booter.ForkedBooter.invokeProviderInSameClassLoader(ForkedBooter.java:200)
	at org.apache.maven.surefire.booter.ForkedBooter.runSuitesInProcess(ForkedBooter.java:153)
	at org.apache.maven.surefire.booter.ForkedBooter.main(ForkedBooter.java:103)
Caused by: org.openqa.selenium.NoSuchElementException: no such element: Unable to locate element: {"method":"id","selector":"login-language-inputEl"}
  (Session info: chrome=69.0.3497.100)
  (Driver info: chromedriver=2.42.591088 (7b2b2dca23cca0862f674758c9a3933e685c27d5),platform=Windows NT 6.1.7601 SP1 x86_64) (WARNING: The server did not provide any stacktrace information)
Command duration or timeout: 11 milliseconds
For documentation on this error, please visit: http://seleniumhq.org/exceptions/no_such_element.html
Build info: version: '2.53.1', revision: 'a36b8b1cd5757287168e54b817830adce9b0158d', time: '2016-06-30 19:26:09'
System info: host: 'Yeastar-PC', ip: '192.168.11.194', os.name: 'Windows 7', os.arch: 'x86', os.version: '6.1', java.version: '1.8.0_121'
Driver info: org.openqa.selenium.chrome.ChromeDriver
Capabilities [{mobileEmulationEnabled=false, hasTouchScreen=false, platform=XP, acceptSslCerts=false, goog:chromeOptions={debuggerAddress=localhost:23747}, acceptInsecureCerts=false, webStorageEnabled=true, browserName=chrome, takesScreenshot=true, javascriptEnabled=true, setWindowRect=true, unexpectedAlertBehaviour=, applicationCacheEnabled=false, rotatable=false, networkConnectionEnabled=false, chrome={chromedriverVersion=2.42.591088 (7b2b2dca23cca0862f674758c9a3933e685c27d5), userDataDir=C:\Users\Yeastar\AppData\Local\Temp\scoped_dir3852_3820}, takesHeapSnapshot=true, pageLoadStrategy=normal, databaseEnabled=false, handlesAlerts=true, version=69.0.3497.100, browserConnectionEnabled=false, nativeEvents=true, locationContextEnabled=true, cssSelectorsEnabled=true}]
Session ID: d3be694128271583ac260e31a4722891
*** Element info: {Using=id, value=login-language-inputEl}
	at sun.reflect.GeneratedConstructorAccessor26.newInstance(Unknown Source)
	at sun.reflect.DelegatingConstructorAccessorImpl.newInstance(DelegatingConstructorAccessorImpl.java:45)
	at java.lang.reflect.Constructor.newInstance(Constructor.java:423)
	at org.openqa.selenium.remote.ErrorHandler.createThrowable(ErrorHandler.java:206)
	at org.openqa.selenium.remote.ErrorHandler.throwIfResponseFailed(ErrorHandler.java:158)
	at org.openqa.selenium.remote.RemoteWebDriver.execute(RemoteWebDriver.java:678)
	at org.openqa.selenium.remote.RemoteWebDriver.findElement(RemoteWebDriver.java:363)
	at org.openqa.selenium.remote.RemoteWebDriver.findElementById(RemoteWebDriver.java:413)
	at org.openqa.selenium.By$ById.findElement(By.java:218)
	at org.openqa.selenium.remote.RemoteWebDriver.findElement(RemoteWebDriver.java:355)
	at com.codeborne.selenide.impl.WebElementSelector.findElement(WebElementSelector.java:28)
	at com.codeborne.selenide.impl.ElementFinder.getWebElement(ElementFinder.java:56)
	at com.codeborne.selenide.impl.WebElementSource.checkCondition(WebElementSource.java:44)
	... 39 more
]]>
    </error>
  </testcase> <!-- F_checkMember -->
  <testcase name="K1_editPatterns" time="0.000" classname="com.yeastar.swebtest.testcase.DetailCase.pbxcase.OutboundRoutes">
    <error type="com.codeborne.selenide.ex.ElementNotFound" message="Element not found {By.id: login-language-inputEl}
Expected: exist">
      <![CDATA[Element not found {By.id: login-language-inputEl}
Expected: exist
Screenshot: file:/F:/MyProject/SwebTest/pic/1539773760550.84.png
Timeout: 10 s.
Caused by: NoSuchElementException: no such element: Unable to locate element: {"method":"id","selector":"login-language-inputEl"}
	at com.codeborne.selenide.impl.WebElementSource.createElementNotFoundError(WebElementSource.java:31)
	at com.codeborne.selenide.impl.ElementFinder.createElementNotFoundError(ElementFinder.java:82)
	at com.codeborne.selenide.impl.WebElementSource.checkCondition(WebElementSource.java:59)
	at com.codeborne.selenide.commands.Should.should(Should.java:35)
	at com.codeborne.selenide.commands.Should.execute(Should.java:29)
	at com.codeborne.selenide.commands.Should.execute(Should.java:12)
	at com.codeborne.selenide.commands.Commands.execute(Commands.java:140)
	at com.codeborne.selenide.impl.SelenideElementProxy.dispatchAndRetry(SelenideElementProxy.java:86)
	at com.codeborne.selenide.impl.SelenideElementProxy.invoke(SelenideElementProxy.java:62)
	at com.sun.proxy.$Proxy6.should(Unknown Source)
	at com.yeastar.swebtest.driver.SwebDriver.click(SwebDriver.java:206)
	at com.yeastar.swebtest.driver.SwebDriver.select(SwebDriver.java:197)
	at com.yeastar.swebtest.driver.SwebDriver.login(SwebDriver.java:151)
	at com.yeastar.swebtest.driver.SwebDriver.login(SwebDriver.java:139)
	at com.yeastar.swebtest.testcase.DetailCase.pbxcase.PINList.BeforeClass(PINList.java:25)
	at sun.reflect.NativeMethodAccessorImpl.invoke0(Native Method)
	at sun.reflect.NativeMethodAccessorImpl.invoke(NativeMethodAccessorImpl.java:62)
	at sun.reflect.DelegatingMethodAccessorImpl.invoke(DelegatingMethodAccessorImpl.java:43)
	at java.lang.reflect.Method.invoke(Method.java:498)
	at org.testng.internal.MethodInvocationHelper.invokeMethod(MethodInvocationHelper.java:85)
	at org.testng.internal.Invoker.invokeConfigurationMethod(Invoker.java:510)
	at org.testng.internal.Invoker.invokeConfigurations(Invoker.java:211)
	at org.testng.internal.Invoker.invokeConfigurations(Invoker.java:138)
	at org.testng.internal.TestMethodWorker.invokeBeforeClassMethods(TestMethodWorker.java:170)
	at org.testng.internal.TestMethodWorker.run(TestMethodWorker.java:104)
	at org.testng.TestRunner.privateRun(TestRunner.java:774)
	at org.testng.TestRunner.run(TestRunner.java:624)
	at org.testng.SuiteRunner.runTest(SuiteRunner.java:359)
	at org.testng.SuiteRunner.runSequentially(SuiteRunner.java:354)
	at org.testng.SuiteRunner.privateRun(SuiteRunner.java:312)
	at org.testng.SuiteRunner.run(SuiteRunner.java:261)
	at org.testng.SuiteRunnerWorker.runSuite(SuiteRunnerWorker.java:52)
	at org.testng.SuiteRunnerWorker.run(SuiteRunnerWorker.java:86)
	at org.testng.TestNG.runSuitesSequentially(TestNG.java:1215)
	at org.testng.TestNG.runSuitesLocally(TestNG.java:1140)
	at org.testng.TestNG.run(TestNG.java:1048)
	at org.apache.maven.surefire.testng.TestNGExecutor.run(TestNGExecutor.java:293)
	at org.apache.maven.surefire.testng.TestNGXmlTestSuite.execute(TestNGXmlTestSuite.java:84)
	at org.apache.maven.surefire.testng.TestNGProvider.invoke(TestNGProvider.java:91)
	at org.apache.maven.surefire.booter.ForkedBooter.invokeProviderInSameClassLoader(ForkedBooter.java:200)
	at org.apache.maven.surefire.booter.ForkedBooter.runSuitesInProcess(ForkedBooter.java:153)
	at org.apache.maven.surefire.booter.ForkedBooter.main(ForkedBooter.java:103)
Caused by: org.openqa.selenium.NoSuchElementException: no such element: Unable to locate element: {"method":"id","selector":"login-language-inputEl"}
  (Session info: chrome=69.0.3497.100)
  (Driver info: chromedriver=2.42.591088 (7b2b2dca23cca0862f674758c9a3933e685c27d5),platform=Windows NT 6.1.7601 SP1 x86_64) (WARNING: The server did not provide any stacktrace information)
Command duration or timeout: 11 milliseconds
For documentation on this error, please visit: http://seleniumhq.org/exceptions/no_such_element.html
Build info: version: '2.53.1', revision: 'a36b8b1cd5757287168e54b817830adce9b0158d', time: '2016-06-30 19:26:09'
System info: host: 'Yeastar-PC', ip: '192.168.11.194', os.name: 'Windows 7', os.arch: 'x86', os.version: '6.1', java.version: '1.8.0_121'
Driver info: org.openqa.selenium.chrome.ChromeDriver
Capabilities [{mobileEmulationEnabled=false, hasTouchScreen=false, platform=XP, acceptSslCerts=false, goog:chromeOptions={debuggerAddress=localhost:23747}, acceptInsecureCerts=false, webStorageEnabled=true, browserName=chrome, takesScreenshot=true, javascriptEnabled=true, setWindowRect=true, unexpectedAlertBehaviour=, applicationCacheEnabled=false, rotatable=false, networkConnectionEnabled=false, chrome={chromedriverVersion=2.42.591088 (7b2b2dca23cca0862f674758c9a3933e685c27d5), userDataDir=C:\Users\Yeastar\AppData\Local\Temp\scoped_dir3852_3820}, takesHeapSnapshot=true, pageLoadStrategy=normal, databaseEnabled=false, handlesAlerts=true, version=69.0.3497.100, browserConnectionEnabled=false, nativeEvents=true, locationContextEnabled=true, cssSelectorsEnabled=true}]
Session ID: d3be694128271583ac260e31a4722891
*** Element info: {Using=id, value=login-language-inputEl}
	at sun.reflect.GeneratedConstructorAccessor26.newInstance(Unknown Source)
	at sun.reflect.DelegatingConstructorAccessorImpl.newInstance(DelegatingConstructorAccessorImpl.java:45)
	at java.lang.reflect.Constructor.newInstance(Constructor.java:423)
	at org.openqa.selenium.remote.ErrorHandler.createThrowable(ErrorHandler.java:206)
	at org.openqa.selenium.remote.ErrorHandler.throwIfResponseFailed(ErrorHandler.java:158)
	at org.openqa.selenium.remote.RemoteWebDriver.execute(RemoteWebDriver.java:678)
	at org.openqa.selenium.remote.RemoteWebDriver.findElement(RemoteWebDriver.java:363)
	at org.openqa.selenium.remote.RemoteWebDriver.findElementById(RemoteWebDriver.java:413)
	at org.openqa.selenium.By$ById.findElement(By.java:218)
	at org.openqa.selenium.remote.RemoteWebDriver.findElement(RemoteWebDriver.java:355)
	at com.codeborne.selenide.impl.WebElementSelector.findElement(WebElementSelector.java:28)
	at com.codeborne.selenide.impl.ElementFinder.getWebElement(ElementFinder.java:56)
	at com.codeborne.selenide.impl.WebElementSource.checkCondition(WebElementSource.java:44)
	... 39 more
]]>
    </error>
  </testcase> <!-- K1_editPatterns -->
  <testcase name="K2_editPatterns" time="0.000" classname="com.yeastar.swebtest.testcase.DetailCase.pbxcase.OutboundRoutes">
    <error type="com.codeborne.selenide.ex.ElementNotFound" message="Element not found {By.id: login-language-inputEl}
Expected: exist">
      <![CDATA[Element not found {By.id: login-language-inputEl}
Expected: exist
Screenshot: file:/F:/MyProject/SwebTest/pic/1539773760550.84.png
Timeout: 10 s.
Caused by: NoSuchElementException: no such element: Unable to locate element: {"method":"id","selector":"login-language-inputEl"}
	at com.codeborne.selenide.impl.WebElementSource.createElementNotFoundError(WebElementSource.java:31)
	at com.codeborne.selenide.impl.ElementFinder.createElementNotFoundError(ElementFinder.java:82)
	at com.codeborne.selenide.impl.WebElementSource.checkCondition(WebElementSource.java:59)
	at com.codeborne.selenide.commands.Should.should(Should.java:35)
	at com.codeborne.selenide.commands.Should.execute(Should.java:29)
	at com.codeborne.selenide.commands.Should.execute(Should.java:12)
	at com.codeborne.selenide.commands.Commands.execute(Commands.java:140)
	at com.codeborne.selenide.impl.SelenideElementProxy.dispatchAndRetry(SelenideElementProxy.java:86)
	at com.codeborne.selenide.impl.SelenideElementProxy.invoke(SelenideElementProxy.java:62)
	at com.sun.proxy.$Proxy6.should(Unknown Source)
	at com.yeastar.swebtest.driver.SwebDriver.click(SwebDriver.java:206)
	at com.yeastar.swebtest.driver.SwebDriver.select(SwebDriver.java:197)
	at com.yeastar.swebtest.driver.SwebDriver.login(SwebDriver.java:151)
	at com.yeastar.swebtest.driver.SwebDriver.login(SwebDriver.java:139)
	at com.yeastar.swebtest.testcase.DetailCase.pbxcase.PINList.BeforeClass(PINList.java:25)
	at sun.reflect.NativeMethodAccessorImpl.invoke0(Native Method)
	at sun.reflect.NativeMethodAccessorImpl.invoke(NativeMethodAccessorImpl.java:62)
	at sun.reflect.DelegatingMethodAccessorImpl.invoke(DelegatingMethodAccessorImpl.java:43)
	at java.lang.reflect.Method.invoke(Method.java:498)
	at org.testng.internal.MethodInvocationHelper.invokeMethod(MethodInvocationHelper.java:85)
	at org.testng.internal.Invoker.invokeConfigurationMethod(Invoker.java:510)
	at org.testng.internal.Invoker.invokeConfigurations(Invoker.java:211)
	at org.testng.internal.Invoker.invokeConfigurations(Invoker.java:138)
	at org.testng.internal.TestMethodWorker.invokeBeforeClassMethods(TestMethodWorker.java:170)
	at org.testng.internal.TestMethodWorker.run(TestMethodWorker.java:104)
	at org.testng.TestRunner.privateRun(TestRunner.java:774)
	at org.testng.TestRunner.run(TestRunner.java:624)
	at org.testng.SuiteRunner.runTest(SuiteRunner.java:359)
	at org.testng.SuiteRunner.runSequentially(SuiteRunner.java:354)
	at org.testng.SuiteRunner.privateRun(SuiteRunner.java:312)
	at org.testng.SuiteRunner.run(SuiteRunner.java:261)
	at org.testng.SuiteRunnerWorker.runSuite(SuiteRunnerWorker.java:52)
	at org.testng.SuiteRunnerWorker.run(SuiteRunnerWorker.java:86)
	at org.testng.TestNG.runSuitesSequentially(TestNG.java:1215)
	at org.testng.TestNG.runSuitesLocally(TestNG.java:1140)
	at org.testng.TestNG.run(TestNG.java:1048)
	at org.apache.maven.surefire.testng.TestNGExecutor.run(TestNGExecutor.java:293)
	at org.apache.maven.surefire.testng.TestNGXmlTestSuite.execute(TestNGXmlTestSuite.java:84)
	at org.apache.maven.surefire.testng.TestNGProvider.invoke(TestNGProvider.java:91)
	at org.apache.maven.surefire.booter.ForkedBooter.invokeProviderInSameClassLoader(ForkedBooter.java:200)
	at org.apache.maven.surefire.booter.ForkedBooter.runSuitesInProcess(ForkedBooter.java:153)
	at org.apache.maven.surefire.booter.ForkedBooter.main(ForkedBooter.java:103)
Caused by: org.openqa.selenium.NoSuchElementException: no such element: Unable to locate element: {"method":"id","selector":"login-language-inputEl"}
  (Session info: chrome=69.0.3497.100)
  (Driver info: chromedriver=2.42.591088 (7b2b2dca23cca0862f674758c9a3933e685c27d5),platform=Windows NT 6.1.7601 SP1 x86_64) (WARNING: The server did not provide any stacktrace information)
Command duration or timeout: 11 milliseconds
For documentation on this error, please visit: http://seleniumhq.org/exceptions/no_such_element.html
Build info: version: '2.53.1', revision: 'a36b8b1cd5757287168e54b817830adce9b0158d', time: '2016-06-30 19:26:09'
System info: host: 'Yeastar-PC', ip: '192.168.11.194', os.name: 'Windows 7', os.arch: 'x86', os.version: '6.1', java.version: '1.8.0_121'
Driver info: org.openqa.selenium.chrome.ChromeDriver
Capabilities [{mobileEmulationEnabled=false, hasTouchScreen=false, platform=XP, acceptSslCerts=false, goog:chromeOptions={debuggerAddress=localhost:23747}, acceptInsecureCerts=false, webStorageEnabled=true, browserName=chrome, takesScreenshot=true, javascriptEnabled=true, setWindowRect=true, unexpectedAlertBehaviour=, applicationCacheEnabled=false, rotatable=false, networkConnectionEnabled=false, chrome={chromedriverVersion=2.42.591088 (7b2b2dca23cca0862f674758c9a3933e685c27d5), userDataDir=C:\Users\Yeastar\AppData\Local\Temp\scoped_dir3852_3820}, takesHeapSnapshot=true, pageLoadStrategy=normal, databaseEnabled=false, handlesAlerts=true, version=69.0.3497.100, browserConnectionEnabled=false, nativeEvents=true, locationContextEnabled=true, cssSelectorsEnabled=true}]
Session ID: d3be694128271583ac260e31a4722891
*** Element info: {Using=id, value=login-language-inputEl}
	at sun.reflect.GeneratedConstructorAccessor26.newInstance(Unknown Source)
	at sun.reflect.DelegatingConstructorAccessorImpl.newInstance(DelegatingConstructorAccessorImpl.java:45)
	at java.lang.reflect.Constructor.newInstance(Constructor.java:423)
	at org.openqa.selenium.remote.ErrorHandler.createThrowable(ErrorHandler.java:206)
	at org.openqa.selenium.remote.ErrorHandler.throwIfResponseFailed(ErrorHandler.java:158)
	at org.openqa.selenium.remote.RemoteWebDriver.execute(RemoteWebDriver.java:678)
	at org.openqa.selenium.remote.RemoteWebDriver.findElement(RemoteWebDriver.java:363)
	at org.openqa.selenium.remote.RemoteWebDriver.findElementById(RemoteWebDriver.java:413)
	at org.openqa.selenium.By$ById.findElement(By.java:218)
	at org.openqa.selenium.remote.RemoteWebDriver.findElement(RemoteWebDriver.java:355)
	at com.codeborne.selenide.impl.WebElementSelector.findElement(WebElementSelector.java:28)
	at com.codeborne.selenide.impl.ElementFinder.getWebElement(ElementFinder.java:56)
	at com.codeborne.selenide.impl.WebElementSource.checkCondition(WebElementSource.java:44)
	... 39 more
]]>
    </error>
  </testcase> <!-- K2_editPatterns -->
  <testcase name="K1_editPatterns" time="0.000" classname="com.yeastar.swebtest.testcase.DetailCase.pbxcase.OutboundRoutes">
    <error type="com.codeborne.selenide.ex.ElementNotFound" message="Element not found {By.id: login-language-inputEl}
Expected: exist">
      <![CDATA[Element not found {By.id: login-language-inputEl}
Expected: exist
Screenshot: file:/F:/MyProject/SwebTest/pic/1539773760550.84.png
Timeout: 10 s.
Caused by: NoSuchElementException: no such element: Unable to locate element: {"method":"id","selector":"login-language-inputEl"}
	at com.codeborne.selenide.impl.WebElementSource.createElementNotFoundError(WebElementSource.java:31)
	at com.codeborne.selenide.impl.ElementFinder.createElementNotFoundError(ElementFinder.java:82)
	at com.codeborne.selenide.impl.WebElementSource.checkCondition(WebElementSource.java:59)
	at com.codeborne.selenide.commands.Should.should(Should.java:35)
	at com.codeborne.selenide.commands.Should.execute(Should.java:29)
	at com.codeborne.selenide.commands.Should.execute(Should.java:12)
	at com.codeborne.selenide.commands.Commands.execute(Commands.java:140)
	at com.codeborne.selenide.impl.SelenideElementProxy.dispatchAndRetry(SelenideElementProxy.java:86)
	at com.codeborne.selenide.impl.SelenideElementProxy.invoke(SelenideElementProxy.java:62)
	at com.sun.proxy.$Proxy6.should(Unknown Source)
	at com.yeastar.swebtest.driver.SwebDriver.click(SwebDriver.java:206)
	at com.yeastar.swebtest.driver.SwebDriver.select(SwebDriver.java:197)
	at com.yeastar.swebtest.driver.SwebDriver.login(SwebDriver.java:151)
	at com.yeastar.swebtest.driver.SwebDriver.login(SwebDriver.java:139)
	at com.yeastar.swebtest.testcase.DetailCase.pbxcase.PINList.BeforeClass(PINList.java:25)
	at sun.reflect.NativeMethodAccessorImpl.invoke0(Native Method)
	at sun.reflect.NativeMethodAccessorImpl.invoke(NativeMethodAccessorImpl.java:62)
	at sun.reflect.DelegatingMethodAccessorImpl.invoke(DelegatingMethodAccessorImpl.java:43)
	at java.lang.reflect.Method.invoke(Method.java:498)
	at org.testng.internal.MethodInvocationHelper.invokeMethod(MethodInvocationHelper.java:85)
	at org.testng.internal.Invoker.invokeConfigurationMethod(Invoker.java:510)
	at org.testng.internal.Invoker.invokeConfigurations(Invoker.java:211)
	at org.testng.internal.Invoker.invokeConfigurations(Invoker.java:138)
	at org.testng.internal.TestMethodWorker.invokeBeforeClassMethods(TestMethodWorker.java:170)
	at org.testng.internal.TestMethodWorker.run(TestMethodWorker.java:104)
	at org.testng.TestRunner.privateRun(TestRunner.java:774)
	at org.testng.TestRunner.run(TestRunner.java:624)
	at org.testng.SuiteRunner.runTest(SuiteRunner.java:359)
	at org.testng.SuiteRunner.runSequentially(SuiteRunner.java:354)
	at org.testng.SuiteRunner.privateRun(SuiteRunner.java:312)
	at org.testng.SuiteRunner.run(SuiteRunner.java:261)
	at org.testng.SuiteRunnerWorker.runSuite(SuiteRunnerWorker.java:52)
	at org.testng.SuiteRunnerWorker.run(SuiteRunnerWorker.java:86)
	at org.testng.TestNG.runSuitesSequentially(TestNG.java:1215)
	at org.testng.TestNG.runSuitesLocally(TestNG.java:1140)
	at org.testng.TestNG.run(TestNG.java:1048)
	at org.apache.maven.surefire.testng.TestNGExecutor.run(TestNGExecutor.java:293)
	at org.apache.maven.surefire.testng.TestNGXmlTestSuite.execute(TestNGXmlTestSuite.java:84)
	at org.apache.maven.surefire.testng.TestNGProvider.invoke(TestNGProvider.java:91)
	at org.apache.maven.surefire.booter.ForkedBooter.invokeProviderInSameClassLoader(ForkedBooter.java:200)
	at org.apache.maven.surefire.booter.ForkedBooter.runSuitesInProcess(ForkedBooter.java:153)
	at org.apache.maven.surefire.booter.ForkedBooter.main(ForkedBooter.java:103)
Caused by: org.openqa.selenium.NoSuchElementException: no such element: Unable to locate element: {"method":"id","selector":"login-language-inputEl"}
  (Session info: chrome=69.0.3497.100)
  (Driver info: chromedriver=2.42.591088 (7b2b2dca23cca0862f674758c9a3933e685c27d5),platform=Windows NT 6.1.7601 SP1 x86_64) (WARNING: The server did not provide any stacktrace information)
Command duration or timeout: 11 milliseconds
For documentation on this error, please visit: http://seleniumhq.org/exceptions/no_such_element.html
Build info: version: '2.53.1', revision: 'a36b8b1cd5757287168e54b817830adce9b0158d', time: '2016-06-30 19:26:09'
System info: host: 'Yeastar-PC', ip: '192.168.11.194', os.name: 'Windows 7', os.arch: 'x86', os.version: '6.1', java.version: '1.8.0_121'
Driver info: org.openqa.selenium.chrome.ChromeDriver
Capabilities [{mobileEmulationEnabled=false, hasTouchScreen=false, platform=XP, acceptSslCerts=false, goog:chromeOptions={debuggerAddress=localhost:23747}, acceptInsecureCerts=false, webStorageEnabled=true, browserName=chrome, takesScreenshot=true, javascriptEnabled=true, setWindowRect=true, unexpectedAlertBehaviour=, applicationCacheEnabled=false, rotatable=false, networkConnectionEnabled=false, chrome={chromedriverVersion=2.42.591088 (7b2b2dca23cca0862f674758c9a3933e685c27d5), userDataDir=C:\Users\Yeastar\AppData\Local\Temp\scoped_dir3852_3820}, takesHeapSnapshot=true, pageLoadStrategy=normal, databaseEnabled=false, handlesAlerts=true, version=69.0.3497.100, browserConnectionEnabled=false, nativeEvents=true, locationContextEnabled=true, cssSelectorsEnabled=true}]
Session ID: d3be694128271583ac260e31a4722891
*** Element info: {Using=id, value=login-language-inputEl}
	at sun.reflect.GeneratedConstructorAccessor26.newInstance(Unknown Source)
	at sun.reflect.DelegatingConstructorAccessorImpl.newInstance(DelegatingConstructorAccessorImpl.java:45)
	at java.lang.reflect.Constructor.newInstance(Constructor.java:423)
	at org.openqa.selenium.remote.ErrorHandler.createThrowable(ErrorHandler.java:206)
	at org.openqa.selenium.remote.ErrorHandler.throwIfResponseFailed(ErrorHandler.java:158)
	at org.openqa.selenium.remote.RemoteWebDriver.execute(RemoteWebDriver.java:678)
	at org.openqa.selenium.remote.RemoteWebDriver.findElement(RemoteWebDriver.java:363)
	at org.openqa.selenium.remote.RemoteWebDriver.findElementById(RemoteWebDriver.java:413)
	at org.openqa.selenium.By$ById.findElement(By.java:218)
	at org.openqa.selenium.remote.RemoteWebDriver.findElement(RemoteWebDriver.java:355)
	at com.codeborne.selenide.impl.WebElementSelector.findElement(WebElementSelector.java:28)
	at com.codeborne.selenide.impl.ElementFinder.getWebElement(ElementFinder.java:56)
	at com.codeborne.selenide.impl.WebElementSource.checkCondition(WebElementSource.java:44)
	... 39 more
]]>
    </error>
  </testcase> <!-- K1_editPatterns -->
  <testcase name="P3_deletePart_no" time="0.000" classname="com.yeastar.swebtest.testcase.DetailCase.pbxcase.OutboundRoutes">
    <error type="com.codeborne.selenide.ex.ElementNotFound" message="Element not found {By.id: login-language-inputEl}
Expected: exist">
      <![CDATA[Element not found {By.id: login-language-inputEl}
Expected: exist
Screenshot: file:/F:/MyProject/SwebTest/pic/1539773760550.84.png
Timeout: 10 s.
Caused by: NoSuchElementException: no such element: Unable to locate element: {"method":"id","selector":"login-language-inputEl"}
	at com.codeborne.selenide.impl.WebElementSource.createElementNotFoundError(WebElementSource.java:31)
	at com.codeborne.selenide.impl.ElementFinder.createElementNotFoundError(ElementFinder.java:82)
	at com.codeborne.selenide.impl.WebElementSource.checkCondition(WebElementSource.java:59)
	at com.codeborne.selenide.commands.Should.should(Should.java:35)
	at com.codeborne.selenide.commands.Should.execute(Should.java:29)
	at com.codeborne.selenide.commands.Should.execute(Should.java:12)
	at com.codeborne.selenide.commands.Commands.execute(Commands.java:140)
	at com.codeborne.selenide.impl.SelenideElementProxy.dispatchAndRetry(SelenideElementProxy.java:86)
	at com.codeborne.selenide.impl.SelenideElementProxy.invoke(SelenideElementProxy.java:62)
	at com.sun.proxy.$Proxy6.should(Unknown Source)
	at com.yeastar.swebtest.driver.SwebDriver.click(SwebDriver.java:206)
	at com.yeastar.swebtest.driver.SwebDriver.select(SwebDriver.java:197)
	at com.yeastar.swebtest.driver.SwebDriver.login(SwebDriver.java:151)
	at com.yeastar.swebtest.driver.SwebDriver.login(SwebDriver.java:139)
	at com.yeastar.swebtest.testcase.DetailCase.pbxcase.PINList.BeforeClass(PINList.java:25)
	at sun.reflect.NativeMethodAccessorImpl.invoke0(Native Method)
	at sun.reflect.NativeMethodAccessorImpl.invoke(NativeMethodAccessorImpl.java:62)
	at sun.reflect.DelegatingMethodAccessorImpl.invoke(DelegatingMethodAccessorImpl.java:43)
	at java.lang.reflect.Method.invoke(Method.java:498)
	at org.testng.internal.MethodInvocationHelper.invokeMethod(MethodInvocationHelper.java:85)
	at org.testng.internal.Invoker.invokeConfigurationMethod(Invoker.java:510)
	at org.testng.internal.Invoker.invokeConfigurations(Invoker.java:211)
	at org.testng.internal.Invoker.invokeConfigurations(Invoker.java:138)
	at org.testng.internal.TestMethodWorker.invokeBeforeClassMethods(TestMethodWorker.java:170)
	at org.testng.internal.TestMethodWorker.run(TestMethodWorker.java:104)
	at org.testng.TestRunner.privateRun(TestRunner.java:774)
	at org.testng.TestRunner.run(TestRunner.java:624)
	at org.testng.SuiteRunner.runTest(SuiteRunner.java:359)
	at org.testng.SuiteRunner.runSequentially(SuiteRunner.java:354)
	at org.testng.SuiteRunner.privateRun(SuiteRunner.java:312)
	at org.testng.SuiteRunner.run(SuiteRunner.java:261)
	at org.testng.SuiteRunnerWorker.runSuite(SuiteRunnerWorker.java:52)
	at org.testng.SuiteRunnerWorker.run(SuiteRunnerWorker.java:86)
	at org.testng.TestNG.runSuitesSequentially(TestNG.java:1215)
	at org.testng.TestNG.runSuitesLocally(TestNG.java:1140)
	at org.testng.TestNG.run(TestNG.java:1048)
	at org.apache.maven.surefire.testng.TestNGExecutor.run(TestNGExecutor.java:293)
	at org.apache.maven.surefire.testng.TestNGXmlTestSuite.execute(TestNGXmlTestSuite.java:84)
	at org.apache.maven.surefire.testng.TestNGProvider.invoke(TestNGProvider.java:91)
	at org.apache.maven.surefire.booter.ForkedBooter.invokeProviderInSameClassLoader(ForkedBooter.java:200)
	at org.apache.maven.surefire.booter.ForkedBooter.runSuitesInProcess(ForkedBooter.java:153)
	at org.apache.maven.surefire.booter.ForkedBooter.main(ForkedBooter.java:103)
Caused by: org.openqa.selenium.NoSuchElementException: no such element: Unable to locate element: {"method":"id","selector":"login-language-inputEl"}
  (Session info: chrome=69.0.3497.100)
  (Driver info: chromedriver=2.42.591088 (7b2b2dca23cca0862f674758c9a3933e685c27d5),platform=Windows NT 6.1.7601 SP1 x86_64) (WARNING: The server did not provide any stacktrace information)
Command duration or timeout: 11 milliseconds
For documentation on this error, please visit: http://seleniumhq.org/exceptions/no_such_element.html
Build info: version: '2.53.1', revision: 'a36b8b1cd5757287168e54b817830adce9b0158d', time: '2016-06-30 19:26:09'
System info: host: 'Yeastar-PC', ip: '192.168.11.194', os.name: 'Windows 7', os.arch: 'x86', os.version: '6.1', java.version: '1.8.0_121'
Driver info: org.openqa.selenium.chrome.ChromeDriver
Capabilities [{mobileEmulationEnabled=false, hasTouchScreen=false, platform=XP, acceptSslCerts=false, goog:chromeOptions={debuggerAddress=localhost:23747}, acceptInsecureCerts=false, webStorageEnabled=true, browserName=chrome, takesScreenshot=true, javascriptEnabled=true, setWindowRect=true, unexpectedAlertBehaviour=, applicationCacheEnabled=false, rotatable=false, networkConnectionEnabled=false, chrome={chromedriverVersion=2.42.591088 (7b2b2dca23cca0862f674758c9a3933e685c27d5), userDataDir=C:\Users\Yeastar\AppData\Local\Temp\scoped_dir3852_3820}, takesHeapSnapshot=true, pageLoadStrategy=normal, databaseEnabled=false, handlesAlerts=true, version=69.0.3497.100, browserConnectionEnabled=false, nativeEvents=true, locationContextEnabled=true, cssSelectorsEnabled=true}]
Session ID: d3be694128271583ac260e31a4722891
*** Element info: {Using=id, value=login-language-inputEl}
	at sun.reflect.GeneratedConstructorAccessor26.newInstance(Unknown Source)
	at sun.reflect.DelegatingConstructorAccessorImpl.newInstance(DelegatingConstructorAccessorImpl.java:45)
	at java.lang.reflect.Constructor.newInstance(Constructor.java:423)
	at org.openqa.selenium.remote.ErrorHandler.createThrowable(ErrorHandler.java:206)
	at org.openqa.selenium.remote.ErrorHandler.throwIfResponseFailed(ErrorHandler.java:158)
	at org.openqa.selenium.remote.RemoteWebDriver.execute(RemoteWebDriver.java:678)
	at org.openqa.selenium.remote.RemoteWebDriver.findElement(RemoteWebDriver.java:363)
	at org.openqa.selenium.remote.RemoteWebDriver.findElementById(RemoteWebDriver.java:413)
	at org.openqa.selenium.By$ById.findElement(By.java:218)
	at org.openqa.selenium.remote.RemoteWebDriver.findElement(RemoteWebDriver.java:355)
	at com.codeborne.selenide.impl.WebElementSelector.findElement(WebElementSelector.java:28)
	at com.codeborne.selenide.impl.ElementFinder.getWebElement(ElementFinder.java:56)
	at com.codeborne.selenide.impl.WebElementSource.checkCondition(WebElementSource.java:44)
	... 39 more
]]>
    </error>
  </testcase> <!-- P3_deletePart_no -->
  <testcase name="L1_editPassword" time="0.000" classname="com.yeastar.swebtest.testcase.DetailCase.pbxcase.OutboundRoutes">
    <error type="com.codeborne.selenide.ex.ElementNotFound" message="Element not found {By.id: login-language-inputEl}
Expected: exist">
      <![CDATA[Element not found {By.id: login-language-inputEl}
Expected: exist
Screenshot: file:/F:/MyProject/SwebTest/pic/1539773760550.84.png
Timeout: 10 s.
Caused by: NoSuchElementException: no such element: Unable to locate element: {"method":"id","selector":"login-language-inputEl"}
	at com.codeborne.selenide.impl.WebElementSource.createElementNotFoundError(WebElementSource.java:31)
	at com.codeborne.selenide.impl.ElementFinder.createElementNotFoundError(ElementFinder.java:82)
	at com.codeborne.selenide.impl.WebElementSource.checkCondition(WebElementSource.java:59)
	at com.codeborne.selenide.commands.Should.should(Should.java:35)
	at com.codeborne.selenide.commands.Should.execute(Should.java:29)
	at com.codeborne.selenide.commands.Should.execute(Should.java:12)
	at com.codeborne.selenide.commands.Commands.execute(Commands.java:140)
	at com.codeborne.selenide.impl.SelenideElementProxy.dispatchAndRetry(SelenideElementProxy.java:86)
	at com.codeborne.selenide.impl.SelenideElementProxy.invoke(SelenideElementProxy.java:62)
	at com.sun.proxy.$Proxy6.should(Unknown Source)
	at com.yeastar.swebtest.driver.SwebDriver.click(SwebDriver.java:206)
	at com.yeastar.swebtest.driver.SwebDriver.select(SwebDriver.java:197)
	at com.yeastar.swebtest.driver.SwebDriver.login(SwebDriver.java:151)
	at com.yeastar.swebtest.driver.SwebDriver.login(SwebDriver.java:139)
	at com.yeastar.swebtest.testcase.DetailCase.pbxcase.PINList.BeforeClass(PINList.java:25)
	at sun.reflect.NativeMethodAccessorImpl.invoke0(Native Method)
	at sun.reflect.NativeMethodAccessorImpl.invoke(NativeMethodAccessorImpl.java:62)
	at sun.reflect.DelegatingMethodAccessorImpl.invoke(DelegatingMethodAccessorImpl.java:43)
	at java.lang.reflect.Method.invoke(Method.java:498)
	at org.testng.internal.MethodInvocationHelper.invokeMethod(MethodInvocationHelper.java:85)
	at org.testng.internal.Invoker.invokeConfigurationMethod(Invoker.java:510)
	at org.testng.internal.Invoker.invokeConfigurations(Invoker.java:211)
	at org.testng.internal.Invoker.invokeConfigurations(Invoker.java:138)
	at org.testng.internal.TestMethodWorker.invokeBeforeClassMethods(TestMethodWorker.java:170)
	at org.testng.internal.TestMethodWorker.run(TestMethodWorker.java:104)
	at org.testng.TestRunner.privateRun(TestRunner.java:774)
	at org.testng.TestRunner.run(TestRunner.java:624)
	at org.testng.SuiteRunner.runTest(SuiteRunner.java:359)
	at org.testng.SuiteRunner.runSequentially(SuiteRunner.java:354)
	at org.testng.SuiteRunner.privateRun(SuiteRunner.java:312)
	at org.testng.SuiteRunner.run(SuiteRunner.java:261)
	at org.testng.SuiteRunnerWorker.runSuite(SuiteRunnerWorker.java:52)
	at org.testng.SuiteRunnerWorker.run(SuiteRunnerWorker.java:86)
	at org.testng.TestNG.runSuitesSequentially(TestNG.java:1215)
	at org.testng.TestNG.runSuitesLocally(TestNG.java:1140)
	at org.testng.TestNG.run(TestNG.java:1048)
	at org.apache.maven.surefire.testng.TestNGExecutor.run(TestNGExecutor.java:293)
	at org.apache.maven.surefire.testng.TestNGXmlTestSuite.execute(TestNGXmlTestSuite.java:84)
	at org.apache.maven.surefire.testng.TestNGProvider.invoke(TestNGProvider.java:91)
	at org.apache.maven.surefire.booter.ForkedBooter.invokeProviderInSameClassLoader(ForkedBooter.java:200)
	at org.apache.maven.surefire.booter.ForkedBooter.runSuitesInProcess(ForkedBooter.java:153)
	at org.apache.maven.surefire.booter.ForkedBooter.main(ForkedBooter.java:103)
Caused by: org.openqa.selenium.NoSuchElementException: no such element: Unable to locate element: {"method":"id","selector":"login-language-inputEl"}
  (Session info: chrome=69.0.3497.100)
  (Driver info: chromedriver=2.42.591088 (7b2b2dca23cca0862f674758c9a3933e685c27d5),platform=Windows NT 6.1.7601 SP1 x86_64) (WARNING: The server did not provide any stacktrace information)
Command duration or timeout: 11 milliseconds
For documentation on this error, please visit: http://seleniumhq.org/exceptions/no_such_element.html
Build info: version: '2.53.1', revision: 'a36b8b1cd5757287168e54b817830adce9b0158d', time: '2016-06-30 19:26:09'
System info: host: 'Yeastar-PC', ip: '192.168.11.194', os.name: 'Windows 7', os.arch: 'x86', os.version: '6.1', java.version: '1.8.0_121'
Driver info: org.openqa.selenium.chrome.ChromeDriver
Capabilities [{mobileEmulationEnabled=false, hasTouchScreen=false, platform=XP, acceptSslCerts=false, goog:chromeOptions={debuggerAddress=localhost:23747}, acceptInsecureCerts=false, webStorageEnabled=true, browserName=chrome, takesScreenshot=true, javascriptEnabled=true, setWindowRect=true, unexpectedAlertBehaviour=, applicationCacheEnabled=false, rotatable=false, networkConnectionEnabled=false, chrome={chromedriverVersion=2.42.591088 (7b2b2dca23cca0862f674758c9a3933e685c27d5), userDataDir=C:\Users\Yeastar\AppData\Local\Temp\scoped_dir3852_3820}, takesHeapSnapshot=true, pageLoadStrategy=normal, databaseEnabled=false, handlesAlerts=true, version=69.0.3497.100, browserConnectionEnabled=false, nativeEvents=true, locationContextEnabled=true, cssSelectorsEnabled=true}]
Session ID: d3be694128271583ac260e31a4722891
*** Element info: {Using=id, value=login-language-inputEl}
	at sun.reflect.GeneratedConstructorAccessor26.newInstance(Unknown Source)
	at sun.reflect.DelegatingConstructorAccessorImpl.newInstance(DelegatingConstructorAccessorImpl.java:45)
	at java.lang.reflect.Constructor.newInstance(Constructor.java:423)
	at org.openqa.selenium.remote.ErrorHandler.createThrowable(ErrorHandler.java:206)
	at org.openqa.selenium.remote.ErrorHandler.throwIfResponseFailed(ErrorHandler.java:158)
	at org.openqa.selenium.remote.RemoteWebDriver.execute(RemoteWebDriver.java:678)
	at org.openqa.selenium.remote.RemoteWebDriver.findElement(RemoteWebDriver.java:363)
	at org.openqa.selenium.remote.RemoteWebDriver.findElementById(RemoteWebDriver.java:413)
	at org.openqa.selenium.By$ById.findElement(By.java:218)
	at org.openqa.selenium.remote.RemoteWebDriver.findElement(RemoteWebDriver.java:355)
	at com.codeborne.selenide.impl.WebElementSelector.findElement(WebElementSelector.java:28)
	at com.codeborne.selenide.impl.ElementFinder.getWebElement(ElementFinder.java:56)
	at com.codeborne.selenide.impl.WebElementSource.checkCondition(WebElementSource.java:44)
	... 39 more
]]>
    </error>
  </testcase> <!-- L1_editPassword -->
  <testcase name="L7_editPassword4" time="0.000" classname="com.yeastar.swebtest.testcase.DetailCase.pbxcase.OutboundRoutes">
    <error type="com.codeborne.selenide.ex.ElementNotFound" message="Element not found {By.id: login-language-inputEl}
Expected: exist">
      <![CDATA[Element not found {By.id: login-language-inputEl}
Expected: exist
Screenshot: file:/F:/MyProject/SwebTest/pic/1539773760550.84.png
Timeout: 10 s.
Caused by: NoSuchElementException: no such element: Unable to locate element: {"method":"id","selector":"login-language-inputEl"}
	at com.codeborne.selenide.impl.WebElementSource.createElementNotFoundError(WebElementSource.java:31)
	at com.codeborne.selenide.impl.ElementFinder.createElementNotFoundError(ElementFinder.java:82)
	at com.codeborne.selenide.impl.WebElementSource.checkCondition(WebElementSource.java:59)
	at com.codeborne.selenide.commands.Should.should(Should.java:35)
	at com.codeborne.selenide.commands.Should.execute(Should.java:29)
	at com.codeborne.selenide.commands.Should.execute(Should.java:12)
	at com.codeborne.selenide.commands.Commands.execute(Commands.java:140)
	at com.codeborne.selenide.impl.SelenideElementProxy.dispatchAndRetry(SelenideElementProxy.java:86)
	at com.codeborne.selenide.impl.SelenideElementProxy.invoke(SelenideElementProxy.java:62)
	at com.sun.proxy.$Proxy6.should(Unknown Source)
	at com.yeastar.swebtest.driver.SwebDriver.click(SwebDriver.java:206)
	at com.yeastar.swebtest.driver.SwebDriver.select(SwebDriver.java:197)
	at com.yeastar.swebtest.driver.SwebDriver.login(SwebDriver.java:151)
	at com.yeastar.swebtest.driver.SwebDriver.login(SwebDriver.java:139)
	at com.yeastar.swebtest.testcase.DetailCase.pbxcase.PINList.BeforeClass(PINList.java:25)
	at sun.reflect.NativeMethodAccessorImpl.invoke0(Native Method)
	at sun.reflect.NativeMethodAccessorImpl.invoke(NativeMethodAccessorImpl.java:62)
	at sun.reflect.DelegatingMethodAccessorImpl.invoke(DelegatingMethodAccessorImpl.java:43)
	at java.lang.reflect.Method.invoke(Method.java:498)
	at org.testng.internal.MethodInvocationHelper.invokeMethod(MethodInvocationHelper.java:85)
	at org.testng.internal.Invoker.invokeConfigurationMethod(Invoker.java:510)
	at org.testng.internal.Invoker.invokeConfigurations(Invoker.java:211)
	at org.testng.internal.Invoker.invokeConfigurations(Invoker.java:138)
	at org.testng.internal.TestMethodWorker.invokeBeforeClassMethods(TestMethodWorker.java:170)
	at org.testng.internal.TestMethodWorker.run(TestMethodWorker.java:104)
	at org.testng.TestRunner.privateRun(TestRunner.java:774)
	at org.testng.TestRunner.run(TestRunner.java:624)
	at org.testng.SuiteRunner.runTest(SuiteRunner.java:359)
	at org.testng.SuiteRunner.runSequentially(SuiteRunner.java:354)
	at org.testng.SuiteRunner.privateRun(SuiteRunner.java:312)
	at org.testng.SuiteRunner.run(SuiteRunner.java:261)
	at org.testng.SuiteRunnerWorker.runSuite(SuiteRunnerWorker.java:52)
	at org.testng.SuiteRunnerWorker.run(SuiteRunnerWorker.java:86)
	at org.testng.TestNG.runSuitesSequentially(TestNG.java:1215)
	at org.testng.TestNG.runSuitesLocally(TestNG.java:1140)
	at org.testng.TestNG.run(TestNG.java:1048)
	at org.apache.maven.surefire.testng.TestNGExecutor.run(TestNGExecutor.java:293)
	at org.apache.maven.surefire.testng.TestNGXmlTestSuite.execute(TestNGXmlTestSuite.java:84)
	at org.apache.maven.surefire.testng.TestNGProvider.invoke(TestNGProvider.java:91)
	at org.apache.maven.surefire.booter.ForkedBooter.invokeProviderInSameClassLoader(ForkedBooter.java:200)
	at org.apache.maven.surefire.booter.ForkedBooter.runSuitesInProcess(ForkedBooter.java:153)
	at org.apache.maven.surefire.booter.ForkedBooter.main(ForkedBooter.java:103)
Caused by: org.openqa.selenium.NoSuchElementException: no such element: Unable to locate element: {"method":"id","selector":"login-language-inputEl"}
  (Session info: chrome=69.0.3497.100)
  (Driver info: chromedriver=2.42.591088 (7b2b2dca23cca0862f674758c9a3933e685c27d5),platform=Windows NT 6.1.7601 SP1 x86_64) (WARNING: The server did not provide any stacktrace information)
Command duration or timeout: 11 milliseconds
For documentation on this error, please visit: http://seleniumhq.org/exceptions/no_such_element.html
Build info: version: '2.53.1', revision: 'a36b8b1cd5757287168e54b817830adce9b0158d', time: '2016-06-30 19:26:09'
System info: host: 'Yeastar-PC', ip: '192.168.11.194', os.name: 'Windows 7', os.arch: 'x86', os.version: '6.1', java.version: '1.8.0_121'
Driver info: org.openqa.selenium.chrome.ChromeDriver
Capabilities [{mobileEmulationEnabled=false, hasTouchScreen=false, platform=XP, acceptSslCerts=false, goog:chromeOptions={debuggerAddress=localhost:23747}, acceptInsecureCerts=false, webStorageEnabled=true, browserName=chrome, takesScreenshot=true, javascriptEnabled=true, setWindowRect=true, unexpectedAlertBehaviour=, applicationCacheEnabled=false, rotatable=false, networkConnectionEnabled=false, chrome={chromedriverVersion=2.42.591088 (7b2b2dca23cca0862f674758c9a3933e685c27d5), userDataDir=C:\Users\Yeastar\AppData\Local\Temp\scoped_dir3852_3820}, takesHeapSnapshot=true, pageLoadStrategy=normal, databaseEnabled=false, handlesAlerts=true, version=69.0.3497.100, browserConnectionEnabled=false, nativeEvents=true, locationContextEnabled=true, cssSelectorsEnabled=true}]
Session ID: d3be694128271583ac260e31a4722891
*** Element info: {Using=id, value=login-language-inputEl}
	at sun.reflect.GeneratedConstructorAccessor26.newInstance(Unknown Source)
	at sun.reflect.DelegatingConstructorAccessorImpl.newInstance(DelegatingConstructorAccessorImpl.java:45)
	at java.lang.reflect.Constructor.newInstance(Constructor.java:423)
	at org.openqa.selenium.remote.ErrorHandler.createThrowable(ErrorHandler.java:206)
	at org.openqa.selenium.remote.ErrorHandler.throwIfResponseFailed(ErrorHandler.java:158)
	at org.openqa.selenium.remote.RemoteWebDriver.execute(RemoteWebDriver.java:678)
	at org.openqa.selenium.remote.RemoteWebDriver.findElement(RemoteWebDriver.java:363)
	at org.openqa.selenium.remote.RemoteWebDriver.findElementById(RemoteWebDriver.java:413)
	at org.openqa.selenium.By$ById.findElement(By.java:218)
	at org.openqa.selenium.remote.RemoteWebDriver.findElement(RemoteWebDriver.java:355)
	at com.codeborne.selenide.impl.WebElementSelector.findElement(WebElementSelector.java:28)
	at com.codeborne.selenide.impl.ElementFinder.getWebElement(ElementFinder.java:56)
	at com.codeborne.selenide.impl.WebElementSource.checkCondition(WebElementSource.java:44)
	... 39 more
]]>
    </error>
  </testcase> <!-- L7_editPassword4 -->
  <testcase name="K1_editPatterns" time="0.000" classname="com.yeastar.swebtest.testcase.DetailCase.pbxcase.OutboundRoutes">
    <error type="com.codeborne.selenide.ex.ElementNotFound" message="Element not found {By.id: login-language-inputEl}
Expected: exist">
      <![CDATA[Element not found {By.id: login-language-inputEl}
Expected: exist
Screenshot: file:/F:/MyProject/SwebTest/pic/1539773760550.84.png
Timeout: 10 s.
Caused by: NoSuchElementException: no such element: Unable to locate element: {"method":"id","selector":"login-language-inputEl"}
	at com.codeborne.selenide.impl.WebElementSource.createElementNotFoundError(WebElementSource.java:31)
	at com.codeborne.selenide.impl.ElementFinder.createElementNotFoundError(ElementFinder.java:82)
	at com.codeborne.selenide.impl.WebElementSource.checkCondition(WebElementSource.java:59)
	at com.codeborne.selenide.commands.Should.should(Should.java:35)
	at com.codeborne.selenide.commands.Should.execute(Should.java:29)
	at com.codeborne.selenide.commands.Should.execute(Should.java:12)
	at com.codeborne.selenide.commands.Commands.execute(Commands.java:140)
	at com.codeborne.selenide.impl.SelenideElementProxy.dispatchAndRetry(SelenideElementProxy.java:86)
	at com.codeborne.selenide.impl.SelenideElementProxy.invoke(SelenideElementProxy.java:62)
	at com.sun.proxy.$Proxy6.should(Unknown Source)
	at com.yeastar.swebtest.driver.SwebDriver.click(SwebDriver.java:206)
	at com.yeastar.swebtest.driver.SwebDriver.select(SwebDriver.java:197)
	at com.yeastar.swebtest.driver.SwebDriver.login(SwebDriver.java:151)
	at com.yeastar.swebtest.driver.SwebDriver.login(SwebDriver.java:139)
	at com.yeastar.swebtest.testcase.DetailCase.pbxcase.PINList.BeforeClass(PINList.java:25)
	at sun.reflect.NativeMethodAccessorImpl.invoke0(Native Method)
	at sun.reflect.NativeMethodAccessorImpl.invoke(NativeMethodAccessorImpl.java:62)
	at sun.reflect.DelegatingMethodAccessorImpl.invoke(DelegatingMethodAccessorImpl.java:43)
	at java.lang.reflect.Method.invoke(Method.java:498)
	at org.testng.internal.MethodInvocationHelper.invokeMethod(MethodInvocationHelper.java:85)
	at org.testng.internal.Invoker.invokeConfigurationMethod(Invoker.java:510)
	at org.testng.internal.Invoker.invokeConfigurations(Invoker.java:211)
	at org.testng.internal.Invoker.invokeConfigurations(Invoker.java:138)
	at org.testng.internal.TestMethodWorker.invokeBeforeClassMethods(TestMethodWorker.java:170)
	at org.testng.internal.TestMethodWorker.run(TestMethodWorker.java:104)
	at org.testng.TestRunner.privateRun(TestRunner.java:774)
	at org.testng.TestRunner.run(TestRunner.java:624)
	at org.testng.SuiteRunner.runTest(SuiteRunner.java:359)
	at org.testng.SuiteRunner.runSequentially(SuiteRunner.java:354)
	at org.testng.SuiteRunner.privateRun(SuiteRunner.java:312)
	at org.testng.SuiteRunner.run(SuiteRunner.java:261)
	at org.testng.SuiteRunnerWorker.runSuite(SuiteRunnerWorker.java:52)
	at org.testng.SuiteRunnerWorker.run(SuiteRunnerWorker.java:86)
	at org.testng.TestNG.runSuitesSequentially(TestNG.java:1215)
	at org.testng.TestNG.runSuitesLocally(TestNG.java:1140)
	at org.testng.TestNG.run(TestNG.java:1048)
	at org.apache.maven.surefire.testng.TestNGExecutor.run(TestNGExecutor.java:293)
	at org.apache.maven.surefire.testng.TestNGXmlTestSuite.execute(TestNGXmlTestSuite.java:84)
	at org.apache.maven.surefire.testng.TestNGProvider.invoke(TestNGProvider.java:91)
	at org.apache.maven.surefire.booter.ForkedBooter.invokeProviderInSameClassLoader(ForkedBooter.java:200)
	at org.apache.maven.surefire.booter.ForkedBooter.runSuitesInProcess(ForkedBooter.java:153)
	at org.apache.maven.surefire.booter.ForkedBooter.main(ForkedBooter.java:103)
Caused by: org.openqa.selenium.NoSuchElementException: no such element: Unable to locate element: {"method":"id","selector":"login-language-inputEl"}
  (Session info: chrome=69.0.3497.100)
  (Driver info: chromedriver=2.42.591088 (7b2b2dca23cca0862f674758c9a3933e685c27d5),platform=Windows NT 6.1.7601 SP1 x86_64) (WARNING: The server did not provide any stacktrace information)
Command duration or timeout: 11 milliseconds
For documentation on this error, please visit: http://seleniumhq.org/exceptions/no_such_element.html
Build info: version: '2.53.1', revision: 'a36b8b1cd5757287168e54b817830adce9b0158d', time: '2016-06-30 19:26:09'
System info: host: 'Yeastar-PC', ip: '192.168.11.194', os.name: 'Windows 7', os.arch: 'x86', os.version: '6.1', java.version: '1.8.0_121'
Driver info: org.openqa.selenium.chrome.ChromeDriver
Capabilities [{mobileEmulationEnabled=false, hasTouchScreen=false, platform=XP, acceptSslCerts=false, goog:chromeOptions={debuggerAddress=localhost:23747}, acceptInsecureCerts=false, webStorageEnabled=true, browserName=chrome, takesScreenshot=true, javascriptEnabled=true, setWindowRect=true, unexpectedAlertBehaviour=, applicationCacheEnabled=false, rotatable=false, networkConnectionEnabled=false, chrome={chromedriverVersion=2.42.591088 (7b2b2dca23cca0862f674758c9a3933e685c27d5), userDataDir=C:\Users\Yeastar\AppData\Local\Temp\scoped_dir3852_3820}, takesHeapSnapshot=true, pageLoadStrategy=normal, databaseEnabled=false, handlesAlerts=true, version=69.0.3497.100, browserConnectionEnabled=false, nativeEvents=true, locationContextEnabled=true, cssSelectorsEnabled=true}]
Session ID: d3be694128271583ac260e31a4722891
*** Element info: {Using=id, value=login-language-inputEl}
	at sun.reflect.GeneratedConstructorAccessor26.newInstance(Unknown Source)
	at sun.reflect.DelegatingConstructorAccessorImpl.newInstance(DelegatingConstructorAccessorImpl.java:45)
	at java.lang.reflect.Constructor.newInstance(Constructor.java:423)
	at org.openqa.selenium.remote.ErrorHandler.createThrowable(ErrorHandler.java:206)
	at org.openqa.selenium.remote.ErrorHandler.throwIfResponseFailed(ErrorHandler.java:158)
	at org.openqa.selenium.remote.RemoteWebDriver.execute(RemoteWebDriver.java:678)
	at org.openqa.selenium.remote.RemoteWebDriver.findElement(RemoteWebDriver.java:363)
	at org.openqa.selenium.remote.RemoteWebDriver.findElementById(RemoteWebDriver.java:413)
	at org.openqa.selenium.By$ById.findElement(By.java:218)
	at org.openqa.selenium.remote.RemoteWebDriver.findElement(RemoteWebDriver.java:355)
	at com.codeborne.selenide.impl.WebElementSelector.findElement(WebElementSelector.java:28)
	at com.codeborne.selenide.impl.ElementFinder.getWebElement(ElementFinder.java:56)
	at com.codeborne.selenide.impl.WebElementSource.checkCondition(WebElementSource.java:44)
	... 39 more
]]>
    </error>
  </testcase> <!-- K1_editPatterns -->
  <testcase name="O_checkPriority2" time="0.000" classname="com.yeastar.swebtest.testcase.DetailCase.pbxcase.OutboundRoutes">
    <error type="com.codeborne.selenide.ex.ElementNotFound" message="Element not found {By.id: login-language-inputEl}
Expected: exist">
      <![CDATA[Element not found {By.id: login-language-inputEl}
Expected: exist
Screenshot: file:/F:/MyProject/SwebTest/pic/1539773760550.84.png
Timeout: 10 s.
Caused by: NoSuchElementException: no such element: Unable to locate element: {"method":"id","selector":"login-language-inputEl"}
	at com.codeborne.selenide.impl.WebElementSource.createElementNotFoundError(WebElementSource.java:31)
	at com.codeborne.selenide.impl.ElementFinder.createElementNotFoundError(ElementFinder.java:82)
	at com.codeborne.selenide.impl.WebElementSource.checkCondition(WebElementSource.java:59)
	at com.codeborne.selenide.commands.Should.should(Should.java:35)
	at com.codeborne.selenide.commands.Should.execute(Should.java:29)
	at com.codeborne.selenide.commands.Should.execute(Should.java:12)
	at com.codeborne.selenide.commands.Commands.execute(Commands.java:140)
	at com.codeborne.selenide.impl.SelenideElementProxy.dispatchAndRetry(SelenideElementProxy.java:86)
	at com.codeborne.selenide.impl.SelenideElementProxy.invoke(SelenideElementProxy.java:62)
	at com.sun.proxy.$Proxy6.should(Unknown Source)
	at com.yeastar.swebtest.driver.SwebDriver.click(SwebDriver.java:206)
	at com.yeastar.swebtest.driver.SwebDriver.select(SwebDriver.java:197)
	at com.yeastar.swebtest.driver.SwebDriver.login(SwebDriver.java:151)
	at com.yeastar.swebtest.driver.SwebDriver.login(SwebDriver.java:139)
	at com.yeastar.swebtest.testcase.DetailCase.pbxcase.PINList.BeforeClass(PINList.java:25)
	at sun.reflect.NativeMethodAccessorImpl.invoke0(Native Method)
	at sun.reflect.NativeMethodAccessorImpl.invoke(NativeMethodAccessorImpl.java:62)
	at sun.reflect.DelegatingMethodAccessorImpl.invoke(DelegatingMethodAccessorImpl.java:43)
	at java.lang.reflect.Method.invoke(Method.java:498)
	at org.testng.internal.MethodInvocationHelper.invokeMethod(MethodInvocationHelper.java:85)
	at org.testng.internal.Invoker.invokeConfigurationMethod(Invoker.java:510)
	at org.testng.internal.Invoker.invokeConfigurations(Invoker.java:211)
	at org.testng.internal.Invoker.invokeConfigurations(Invoker.java:138)
	at org.testng.internal.TestMethodWorker.invokeBeforeClassMethods(TestMethodWorker.java:170)
	at org.testng.internal.TestMethodWorker.run(TestMethodWorker.java:104)
	at org.testng.TestRunner.privateRun(TestRunner.java:774)
	at org.testng.TestRunner.run(TestRunner.java:624)
	at org.testng.SuiteRunner.runTest(SuiteRunner.java:359)
	at org.testng.SuiteRunner.runSequentially(SuiteRunner.java:354)
	at org.testng.SuiteRunner.privateRun(SuiteRunner.java:312)
	at org.testng.SuiteRunner.run(SuiteRunner.java:261)
	at org.testng.SuiteRunnerWorker.runSuite(SuiteRunnerWorker.java:52)
	at org.testng.SuiteRunnerWorker.run(SuiteRunnerWorker.java:86)
	at org.testng.TestNG.runSuitesSequentially(TestNG.java:1215)
	at org.testng.TestNG.runSuitesLocally(TestNG.java:1140)
	at org.testng.TestNG.run(TestNG.java:1048)
	at org.apache.maven.surefire.testng.TestNGExecutor.run(TestNGExecutor.java:293)
	at org.apache.maven.surefire.testng.TestNGXmlTestSuite.execute(TestNGXmlTestSuite.java:84)
	at org.apache.maven.surefire.testng.TestNGProvider.invoke(TestNGProvider.java:91)
	at org.apache.maven.surefire.booter.ForkedBooter.invokeProviderInSameClassLoader(ForkedBooter.java:200)
	at org.apache.maven.surefire.booter.ForkedBooter.runSuitesInProcess(ForkedBooter.java:153)
	at org.apache.maven.surefire.booter.ForkedBooter.main(ForkedBooter.java:103)
Caused by: org.openqa.selenium.NoSuchElementException: no such element: Unable to locate element: {"method":"id","selector":"login-language-inputEl"}
  (Session info: chrome=69.0.3497.100)
  (Driver info: chromedriver=2.42.591088 (7b2b2dca23cca0862f674758c9a3933e685c27d5),platform=Windows NT 6.1.7601 SP1 x86_64) (WARNING: The server did not provide any stacktrace information)
Command duration or timeout: 11 milliseconds
For documentation on this error, please visit: http://seleniumhq.org/exceptions/no_such_element.html
Build info: version: '2.53.1', revision: 'a36b8b1cd5757287168e54b817830adce9b0158d', time: '2016-06-30 19:26:09'
System info: host: 'Yeastar-PC', ip: '192.168.11.194', os.name: 'Windows 7', os.arch: 'x86', os.version: '6.1', java.version: '1.8.0_121'
Driver info: org.openqa.selenium.chrome.ChromeDriver
Capabilities [{mobileEmulationEnabled=false, hasTouchScreen=false, platform=XP, acceptSslCerts=false, goog:chromeOptions={debuggerAddress=localhost:23747}, acceptInsecureCerts=false, webStorageEnabled=true, browserName=chrome, takesScreenshot=true, javascriptEnabled=true, setWindowRect=true, unexpectedAlertBehaviour=, applicationCacheEnabled=false, rotatable=false, networkConnectionEnabled=false, chrome={chromedriverVersion=2.42.591088 (7b2b2dca23cca0862f674758c9a3933e685c27d5), userDataDir=C:\Users\Yeastar\AppData\Local\Temp\scoped_dir3852_3820}, takesHeapSnapshot=true, pageLoadStrategy=normal, databaseEnabled=false, handlesAlerts=true, version=69.0.3497.100, browserConnectionEnabled=false, nativeEvents=true, locationContextEnabled=true, cssSelectorsEnabled=true}]
Session ID: d3be694128271583ac260e31a4722891
*** Element info: {Using=id, value=login-language-inputEl}
	at sun.reflect.GeneratedConstructorAccessor26.newInstance(Unknown Source)
	at sun.reflect.DelegatingConstructorAccessorImpl.newInstance(DelegatingConstructorAccessorImpl.java:45)
	at java.lang.reflect.Constructor.newInstance(Constructor.java:423)
	at org.openqa.selenium.remote.ErrorHandler.createThrowable(ErrorHandler.java:206)
	at org.openqa.selenium.remote.ErrorHandler.throwIfResponseFailed(ErrorHandler.java:158)
	at org.openqa.selenium.remote.RemoteWebDriver.execute(RemoteWebDriver.java:678)
	at org.openqa.selenium.remote.RemoteWebDriver.findElement(RemoteWebDriver.java:363)
	at org.openqa.selenium.remote.RemoteWebDriver.findElementById(RemoteWebDriver.java:413)
	at org.openqa.selenium.By$ById.findElement(By.java:218)
	at org.openqa.selenium.remote.RemoteWebDriver.findElement(RemoteWebDriver.java:355)
	at com.codeborne.selenide.impl.WebElementSelector.findElement(WebElementSelector.java:28)
	at com.codeborne.selenide.impl.ElementFinder.getWebElement(ElementFinder.java:56)
	at com.codeborne.selenide.impl.WebElementSource.checkCondition(WebElementSource.java:44)
	... 39 more
]]>
    </error>
  </testcase> <!-- O_checkPriority2 -->
  <testcase name="K1_editPatterns" time="0.000" classname="com.yeastar.swebtest.testcase.DetailCase.pbxcase.OutboundRoutes">
    <error type="com.codeborne.selenide.ex.ElementNotFound" message="Element not found {By.id: login-language-inputEl}
Expected: exist">
      <![CDATA[Element not found {By.id: login-language-inputEl}
Expected: exist
Screenshot: file:/F:/MyProject/SwebTest/pic/1539773760550.84.png
Timeout: 10 s.
Caused by: NoSuchElementException: no such element: Unable to locate element: {"method":"id","selector":"login-language-inputEl"}
	at com.codeborne.selenide.impl.WebElementSource.createElementNotFoundError(WebElementSource.java:31)
	at com.codeborne.selenide.impl.ElementFinder.createElementNotFoundError(ElementFinder.java:82)
	at com.codeborne.selenide.impl.WebElementSource.checkCondition(WebElementSource.java:59)
	at com.codeborne.selenide.commands.Should.should(Should.java:35)
	at com.codeborne.selenide.commands.Should.execute(Should.java:29)
	at com.codeborne.selenide.commands.Should.execute(Should.java:12)
	at com.codeborne.selenide.commands.Commands.execute(Commands.java:140)
	at com.codeborne.selenide.impl.SelenideElementProxy.dispatchAndRetry(SelenideElementProxy.java:86)
	at com.codeborne.selenide.impl.SelenideElementProxy.invoke(SelenideElementProxy.java:62)
	at com.sun.proxy.$Proxy6.should(Unknown Source)
	at com.yeastar.swebtest.driver.SwebDriver.click(SwebDriver.java:206)
	at com.yeastar.swebtest.driver.SwebDriver.select(SwebDriver.java:197)
	at com.yeastar.swebtest.driver.SwebDriver.login(SwebDriver.java:151)
	at com.yeastar.swebtest.driver.SwebDriver.login(SwebDriver.java:139)
	at com.yeastar.swebtest.testcase.DetailCase.pbxcase.PINList.BeforeClass(PINList.java:25)
	at sun.reflect.NativeMethodAccessorImpl.invoke0(Native Method)
	at sun.reflect.NativeMethodAccessorImpl.invoke(NativeMethodAccessorImpl.java:62)
	at sun.reflect.DelegatingMethodAccessorImpl.invoke(DelegatingMethodAccessorImpl.java:43)
	at java.lang.reflect.Method.invoke(Method.java:498)
	at org.testng.internal.MethodInvocationHelper.invokeMethod(MethodInvocationHelper.java:85)
	at org.testng.internal.Invoker.invokeConfigurationMethod(Invoker.java:510)
	at org.testng.internal.Invoker.invokeConfigurations(Invoker.java:211)
	at org.testng.internal.Invoker.invokeConfigurations(Invoker.java:138)
	at org.testng.internal.TestMethodWorker.invokeBeforeClassMethods(TestMethodWorker.java:170)
	at org.testng.internal.TestMethodWorker.run(TestMethodWorker.java:104)
	at org.testng.TestRunner.privateRun(TestRunner.java:774)
	at org.testng.TestRunner.run(TestRunner.java:624)
	at org.testng.SuiteRunner.runTest(SuiteRunner.java:359)
	at org.testng.SuiteRunner.runSequentially(SuiteRunner.java:354)
	at org.testng.SuiteRunner.privateRun(SuiteRunner.java:312)
	at org.testng.SuiteRunner.run(SuiteRunner.java:261)
	at org.testng.SuiteRunnerWorker.runSuite(SuiteRunnerWorker.java:52)
	at org.testng.SuiteRunnerWorker.run(SuiteRunnerWorker.java:86)
	at org.testng.TestNG.runSuitesSequentially(TestNG.java:1215)
	at org.testng.TestNG.runSuitesLocally(TestNG.java:1140)
	at org.testng.TestNG.run(TestNG.java:1048)
	at org.apache.maven.surefire.testng.TestNGExecutor.run(TestNGExecutor.java:293)
	at org.apache.maven.surefire.testng.TestNGXmlTestSuite.execute(TestNGXmlTestSuite.java:84)
	at org.apache.maven.surefire.testng.TestNGProvider.invoke(TestNGProvider.java:91)
	at org.apache.maven.surefire.booter.ForkedBooter.invokeProviderInSameClassLoader(ForkedBooter.java:200)
	at org.apache.maven.surefire.booter.ForkedBooter.runSuitesInProcess(ForkedBooter.java:153)
	at org.apache.maven.surefire.booter.ForkedBooter.main(ForkedBooter.java:103)
Caused by: org.openqa.selenium.NoSuchElementException: no such element: Unable to locate element: {"method":"id","selector":"login-language-inputEl"}
  (Session info: chrome=69.0.3497.100)
  (Driver info: chromedriver=2.42.591088 (7b2b2dca23cca0862f674758c9a3933e685c27d5),platform=Windows NT 6.1.7601 SP1 x86_64) (WARNING: The server did not provide any stacktrace information)
Command duration or timeout: 11 milliseconds
For documentation on this error, please visit: http://seleniumhq.org/exceptions/no_such_element.html
Build info: version: '2.53.1', revision: 'a36b8b1cd5757287168e54b817830adce9b0158d', time: '2016-06-30 19:26:09'
System info: host: 'Yeastar-PC', ip: '192.168.11.194', os.name: 'Windows 7', os.arch: 'x86', os.version: '6.1', java.version: '1.8.0_121'
Driver info: org.openqa.selenium.chrome.ChromeDriver
Capabilities [{mobileEmulationEnabled=false, hasTouchScreen=false, platform=XP, acceptSslCerts=false, goog:chromeOptions={debuggerAddress=localhost:23747}, acceptInsecureCerts=false, webStorageEnabled=true, browserName=chrome, takesScreenshot=true, javascriptEnabled=true, setWindowRect=true, unexpectedAlertBehaviour=, applicationCacheEnabled=false, rotatable=false, networkConnectionEnabled=false, chrome={chromedriverVersion=2.42.591088 (7b2b2dca23cca0862f674758c9a3933e685c27d5), userDataDir=C:\Users\Yeastar\AppData\Local\Temp\scoped_dir3852_3820}, takesHeapSnapshot=true, pageLoadStrategy=normal, databaseEnabled=false, handlesAlerts=true, version=69.0.3497.100, browserConnectionEnabled=false, nativeEvents=true, locationContextEnabled=true, cssSelectorsEnabled=true}]
Session ID: d3be694128271583ac260e31a4722891
*** Element info: {Using=id, value=login-language-inputEl}
	at sun.reflect.GeneratedConstructorAccessor26.newInstance(Unknown Source)
	at sun.reflect.DelegatingConstructorAccessorImpl.newInstance(DelegatingConstructorAccessorImpl.java:45)
	at java.lang.reflect.Constructor.newInstance(Constructor.java:423)
	at org.openqa.selenium.remote.ErrorHandler.createThrowable(ErrorHandler.java:206)
	at org.openqa.selenium.remote.ErrorHandler.throwIfResponseFailed(ErrorHandler.java:158)
	at org.openqa.selenium.remote.RemoteWebDriver.execute(RemoteWebDriver.java:678)
	at org.openqa.selenium.remote.RemoteWebDriver.findElement(RemoteWebDriver.java:363)
	at org.openqa.selenium.remote.RemoteWebDriver.findElementById(RemoteWebDriver.java:413)
	at org.openqa.selenium.By$ById.findElement(By.java:218)
	at org.openqa.selenium.remote.RemoteWebDriver.findElement(RemoteWebDriver.java:355)
	at com.codeborne.selenide.impl.WebElementSelector.findElement(WebElementSelector.java:28)
	at com.codeborne.selenide.impl.ElementFinder.getWebElement(ElementFinder.java:56)
	at com.codeborne.selenide.impl.WebElementSource.checkCondition(WebElementSource.java:44)
	... 39 more
]]>
    </error>
  </testcase> <!-- K1_editPatterns -->
  <testcase name="E_editOutRoute" time="0.000" classname="com.yeastar.swebtest.testcase.DetailCase.pbxcase.OutboundRoutes">
    <error type="com.codeborne.selenide.ex.ElementNotFound" message="Element not found {By.id: login-language-inputEl}
Expected: exist">
      <![CDATA[Element not found {By.id: login-language-inputEl}
Expected: exist
Screenshot: file:/F:/MyProject/SwebTest/pic/1539773760550.84.png
Timeout: 10 s.
Caused by: NoSuchElementException: no such element: Unable to locate element: {"method":"id","selector":"login-language-inputEl"}
	at com.codeborne.selenide.impl.WebElementSource.createElementNotFoundError(WebElementSource.java:31)
	at com.codeborne.selenide.impl.ElementFinder.createElementNotFoundError(ElementFinder.java:82)
	at com.codeborne.selenide.impl.WebElementSource.checkCondition(WebElementSource.java:59)
	at com.codeborne.selenide.commands.Should.should(Should.java:35)
	at com.codeborne.selenide.commands.Should.execute(Should.java:29)
	at com.codeborne.selenide.commands.Should.execute(Should.java:12)
	at com.codeborne.selenide.commands.Commands.execute(Commands.java:140)
	at com.codeborne.selenide.impl.SelenideElementProxy.dispatchAndRetry(SelenideElementProxy.java:86)
	at com.codeborne.selenide.impl.SelenideElementProxy.invoke(SelenideElementProxy.java:62)
	at com.sun.proxy.$Proxy6.should(Unknown Source)
	at com.yeastar.swebtest.driver.SwebDriver.click(SwebDriver.java:206)
	at com.yeastar.swebtest.driver.SwebDriver.select(SwebDriver.java:197)
	at com.yeastar.swebtest.driver.SwebDriver.login(SwebDriver.java:151)
	at com.yeastar.swebtest.driver.SwebDriver.login(SwebDriver.java:139)
	at com.yeastar.swebtest.testcase.DetailCase.pbxcase.PINList.BeforeClass(PINList.java:25)
	at sun.reflect.NativeMethodAccessorImpl.invoke0(Native Method)
	at sun.reflect.NativeMethodAccessorImpl.invoke(NativeMethodAccessorImpl.java:62)
	at sun.reflect.DelegatingMethodAccessorImpl.invoke(DelegatingMethodAccessorImpl.java:43)
	at java.lang.reflect.Method.invoke(Method.java:498)
	at org.testng.internal.MethodInvocationHelper.invokeMethod(MethodInvocationHelper.java:85)
	at org.testng.internal.Invoker.invokeConfigurationMethod(Invoker.java:510)
	at org.testng.internal.Invoker.invokeConfigurations(Invoker.java:211)
	at org.testng.internal.Invoker.invokeConfigurations(Invoker.java:138)
	at org.testng.internal.TestMethodWorker.invokeBeforeClassMethods(TestMethodWorker.java:170)
	at org.testng.internal.TestMethodWorker.run(TestMethodWorker.java:104)
	at org.testng.TestRunner.privateRun(TestRunner.java:774)
	at org.testng.TestRunner.run(TestRunner.java:624)
	at org.testng.SuiteRunner.runTest(SuiteRunner.java:359)
	at org.testng.SuiteRunner.runSequentially(SuiteRunner.java:354)
	at org.testng.SuiteRunner.privateRun(SuiteRunner.java:312)
	at org.testng.SuiteRunner.run(SuiteRunner.java:261)
	at org.testng.SuiteRunnerWorker.runSuite(SuiteRunnerWorker.java:52)
	at org.testng.SuiteRunnerWorker.run(SuiteRunnerWorker.java:86)
	at org.testng.TestNG.runSuitesSequentially(TestNG.java:1215)
	at org.testng.TestNG.runSuitesLocally(TestNG.java:1140)
	at org.testng.TestNG.run(TestNG.java:1048)
	at org.apache.maven.surefire.testng.TestNGExecutor.run(TestNGExecutor.java:293)
	at org.apache.maven.surefire.testng.TestNGXmlTestSuite.execute(TestNGXmlTestSuite.java:84)
	at org.apache.maven.surefire.testng.TestNGProvider.invoke(TestNGProvider.java:91)
	at org.apache.maven.surefire.booter.ForkedBooter.invokeProviderInSameClassLoader(ForkedBooter.java:200)
	at org.apache.maven.surefire.booter.ForkedBooter.runSuitesInProcess(ForkedBooter.java:153)
	at org.apache.maven.surefire.booter.ForkedBooter.main(ForkedBooter.java:103)
Caused by: org.openqa.selenium.NoSuchElementException: no such element: Unable to locate element: {"method":"id","selector":"login-language-inputEl"}
  (Session info: chrome=69.0.3497.100)
  (Driver info: chromedriver=2.42.591088 (7b2b2dca23cca0862f674758c9a3933e685c27d5),platform=Windows NT 6.1.7601 SP1 x86_64) (WARNING: The server did not provide any stacktrace information)
Command duration or timeout: 11 milliseconds
For documentation on this error, please visit: http://seleniumhq.org/exceptions/no_such_element.html
Build info: version: '2.53.1', revision: 'a36b8b1cd5757287168e54b817830adce9b0158d', time: '2016-06-30 19:26:09'
System info: host: 'Yeastar-PC', ip: '192.168.11.194', os.name: 'Windows 7', os.arch: 'x86', os.version: '6.1', java.version: '1.8.0_121'
Driver info: org.openqa.selenium.chrome.ChromeDriver
Capabilities [{mobileEmulationEnabled=false, hasTouchScreen=false, platform=XP, acceptSslCerts=false, goog:chromeOptions={debuggerAddress=localhost:23747}, acceptInsecureCerts=false, webStorageEnabled=true, browserName=chrome, takesScreenshot=true, javascriptEnabled=true, setWindowRect=true, unexpectedAlertBehaviour=, applicationCacheEnabled=false, rotatable=false, networkConnectionEnabled=false, chrome={chromedriverVersion=2.42.591088 (7b2b2dca23cca0862f674758c9a3933e685c27d5), userDataDir=C:\Users\Yeastar\AppData\Local\Temp\scoped_dir3852_3820}, takesHeapSnapshot=true, pageLoadStrategy=normal, databaseEnabled=false, handlesAlerts=true, version=69.0.3497.100, browserConnectionEnabled=false, nativeEvents=true, locationContextEnabled=true, cssSelectorsEnabled=true}]
Session ID: d3be694128271583ac260e31a4722891
*** Element info: {Using=id, value=login-language-inputEl}
	at sun.reflect.GeneratedConstructorAccessor26.newInstance(Unknown Source)
	at sun.reflect.DelegatingConstructorAccessorImpl.newInstance(DelegatingConstructorAccessorImpl.java:45)
	at java.lang.reflect.Constructor.newInstance(Constructor.java:423)
	at org.openqa.selenium.remote.ErrorHandler.createThrowable(ErrorHandler.java:206)
	at org.openqa.selenium.remote.ErrorHandler.throwIfResponseFailed(ErrorHandler.java:158)
	at org.openqa.selenium.remote.RemoteWebDriver.execute(RemoteWebDriver.java:678)
	at org.openqa.selenium.remote.RemoteWebDriver.findElement(RemoteWebDriver.java:363)
	at org.openqa.selenium.remote.RemoteWebDriver.findElementById(RemoteWebDriver.java:413)
	at org.openqa.selenium.By$ById.findElement(By.java:218)
	at org.openqa.selenium.remote.RemoteWebDriver.findElement(RemoteWebDriver.java:355)
	at com.codeborne.selenide.impl.WebElementSelector.findElement(WebElementSelector.java:28)
	at com.codeborne.selenide.impl.ElementFinder.getWebElement(ElementFinder.java:56)
	at com.codeborne.selenide.impl.WebElementSource.checkCondition(WebElementSource.java:44)
	... 39 more
]]>
    </error>
  </testcase> <!-- E_editOutRoute -->
  <testcase name="K1_editPatterns" time="0.000" classname="com.yeastar.swebtest.testcase.DetailCase.pbxcase.OutboundRoutes">
    <error type="com.codeborne.selenide.ex.ElementNotFound" message="Element not found {By.id: login-language-inputEl}
Expected: exist">
      <![CDATA[Element not found {By.id: login-language-inputEl}
Expected: exist
Screenshot: file:/F:/MyProject/SwebTest/pic/1539773760550.84.png
Timeout: 10 s.
Caused by: NoSuchElementException: no such element: Unable to locate element: {"method":"id","selector":"login-language-inputEl"}
	at com.codeborne.selenide.impl.WebElementSource.createElementNotFoundError(WebElementSource.java:31)
	at com.codeborne.selenide.impl.ElementFinder.createElementNotFoundError(ElementFinder.java:82)
	at com.codeborne.selenide.impl.WebElementSource.checkCondition(WebElementSource.java:59)
	at com.codeborne.selenide.commands.Should.should(Should.java:35)
	at com.codeborne.selenide.commands.Should.execute(Should.java:29)
	at com.codeborne.selenide.commands.Should.execute(Should.java:12)
	at com.codeborne.selenide.commands.Commands.execute(Commands.java:140)
	at com.codeborne.selenide.impl.SelenideElementProxy.dispatchAndRetry(SelenideElementProxy.java:86)
	at com.codeborne.selenide.impl.SelenideElementProxy.invoke(SelenideElementProxy.java:62)
	at com.sun.proxy.$Proxy6.should(Unknown Source)
	at com.yeastar.swebtest.driver.SwebDriver.click(SwebDriver.java:206)
	at com.yeastar.swebtest.driver.SwebDriver.select(SwebDriver.java:197)
	at com.yeastar.swebtest.driver.SwebDriver.login(SwebDriver.java:151)
	at com.yeastar.swebtest.driver.SwebDriver.login(SwebDriver.java:139)
	at com.yeastar.swebtest.testcase.DetailCase.pbxcase.PINList.BeforeClass(PINList.java:25)
	at sun.reflect.NativeMethodAccessorImpl.invoke0(Native Method)
	at sun.reflect.NativeMethodAccessorImpl.invoke(NativeMethodAccessorImpl.java:62)
	at sun.reflect.DelegatingMethodAccessorImpl.invoke(DelegatingMethodAccessorImpl.java:43)
	at java.lang.reflect.Method.invoke(Method.java:498)
	at org.testng.internal.MethodInvocationHelper.invokeMethod(MethodInvocationHelper.java:85)
	at org.testng.internal.Invoker.invokeConfigurationMethod(Invoker.java:510)
	at org.testng.internal.Invoker.invokeConfigurations(Invoker.java:211)
	at org.testng.internal.Invoker.invokeConfigurations(Invoker.java:138)
	at org.testng.internal.TestMethodWorker.invokeBeforeClassMethods(TestMethodWorker.java:170)
	at org.testng.internal.TestMethodWorker.run(TestMethodWorker.java:104)
	at org.testng.TestRunner.privateRun(TestRunner.java:774)
	at org.testng.TestRunner.run(TestRunner.java:624)
	at org.testng.SuiteRunner.runTest(SuiteRunner.java:359)
	at org.testng.SuiteRunner.runSequentially(SuiteRunner.java:354)
	at org.testng.SuiteRunner.privateRun(SuiteRunner.java:312)
	at org.testng.SuiteRunner.run(SuiteRunner.java:261)
	at org.testng.SuiteRunnerWorker.runSuite(SuiteRunnerWorker.java:52)
	at org.testng.SuiteRunnerWorker.run(SuiteRunnerWorker.java:86)
	at org.testng.TestNG.runSuitesSequentially(TestNG.java:1215)
	at org.testng.TestNG.runSuitesLocally(TestNG.java:1140)
	at org.testng.TestNG.run(TestNG.java:1048)
	at org.apache.maven.surefire.testng.TestNGExecutor.run(TestNGExecutor.java:293)
	at org.apache.maven.surefire.testng.TestNGXmlTestSuite.execute(TestNGXmlTestSuite.java:84)
	at org.apache.maven.surefire.testng.TestNGProvider.invoke(TestNGProvider.java:91)
	at org.apache.maven.surefire.booter.ForkedBooter.invokeProviderInSameClassLoader(ForkedBooter.java:200)
	at org.apache.maven.surefire.booter.ForkedBooter.runSuitesInProcess(ForkedBooter.java:153)
	at org.apache.maven.surefire.booter.ForkedBooter.main(ForkedBooter.java:103)
Caused by: org.openqa.selenium.NoSuchElementException: no such element: Unable to locate element: {"method":"id","selector":"login-language-inputEl"}
  (Session info: chrome=69.0.3497.100)
  (Driver info: chromedriver=2.42.591088 (7b2b2dca23cca0862f674758c9a3933e685c27d5),platform=Windows NT 6.1.7601 SP1 x86_64) (WARNING: The server did not provide any stacktrace information)
Command duration or timeout: 11 milliseconds
For documentation on this error, please visit: http://seleniumhq.org/exceptions/no_such_element.html
Build info: version: '2.53.1', revision: 'a36b8b1cd5757287168e54b817830adce9b0158d', time: '2016-06-30 19:26:09'
System info: host: 'Yeastar-PC', ip: '192.168.11.194', os.name: 'Windows 7', os.arch: 'x86', os.version: '6.1', java.version: '1.8.0_121'
Driver info: org.openqa.selenium.chrome.ChromeDriver
Capabilities [{mobileEmulationEnabled=false, hasTouchScreen=false, platform=XP, acceptSslCerts=false, goog:chromeOptions={debuggerAddress=localhost:23747}, acceptInsecureCerts=false, webStorageEnabled=true, browserName=chrome, takesScreenshot=true, javascriptEnabled=true, setWindowRect=true, unexpectedAlertBehaviour=, applicationCacheEnabled=false, rotatable=false, networkConnectionEnabled=false, chrome={chromedriverVersion=2.42.591088 (7b2b2dca23cca0862f674758c9a3933e685c27d5), userDataDir=C:\Users\Yeastar\AppData\Local\Temp\scoped_dir3852_3820}, takesHeapSnapshot=true, pageLoadStrategy=normal, databaseEnabled=false, handlesAlerts=true, version=69.0.3497.100, browserConnectionEnabled=false, nativeEvents=true, locationContextEnabled=true, cssSelectorsEnabled=true}]
Session ID: d3be694128271583ac260e31a4722891
*** Element info: {Using=id, value=login-language-inputEl}
	at sun.reflect.GeneratedConstructorAccessor26.newInstance(Unknown Source)
	at sun.reflect.DelegatingConstructorAccessorImpl.newInstance(DelegatingConstructorAccessorImpl.java:45)
	at java.lang.reflect.Constructor.newInstance(Constructor.java:423)
	at org.openqa.selenium.remote.ErrorHandler.createThrowable(ErrorHandler.java:206)
	at org.openqa.selenium.remote.ErrorHandler.throwIfResponseFailed(ErrorHandler.java:158)
	at org.openqa.selenium.remote.RemoteWebDriver.execute(RemoteWebDriver.java:678)
	at org.openqa.selenium.remote.RemoteWebDriver.findElement(RemoteWebDriver.java:363)
	at org.openqa.selenium.remote.RemoteWebDriver.findElementById(RemoteWebDriver.java:413)
	at org.openqa.selenium.By$ById.findElement(By.java:218)
	at org.openqa.selenium.remote.RemoteWebDriver.findElement(RemoteWebDriver.java:355)
	at com.codeborne.selenide.impl.WebElementSelector.findElement(WebElementSelector.java:28)
	at com.codeborne.selenide.impl.ElementFinder.getWebElement(ElementFinder.java:56)
	at com.codeborne.selenide.impl.WebElementSource.checkCondition(WebElementSource.java:44)
	... 39 more
]]>
    </error>
  </testcase> <!-- K1_editPatterns -->
  <testcase name="K2_editPatterns" time="0.000" classname="com.yeastar.swebtest.testcase.DetailCase.pbxcase.OutboundRoutes">
    <error type="com.codeborne.selenide.ex.ElementNotFound" message="Element not found {By.id: login-language-inputEl}
Expected: exist">
      <![CDATA[Element not found {By.id: login-language-inputEl}
Expected: exist
Screenshot: file:/F:/MyProject/SwebTest/pic/1539773760550.84.png
Timeout: 10 s.
Caused by: NoSuchElementException: no such element: Unable to locate element: {"method":"id","selector":"login-language-inputEl"}
	at com.codeborne.selenide.impl.WebElementSource.createElementNotFoundError(WebElementSource.java:31)
	at com.codeborne.selenide.impl.ElementFinder.createElementNotFoundError(ElementFinder.java:82)
	at com.codeborne.selenide.impl.WebElementSource.checkCondition(WebElementSource.java:59)
	at com.codeborne.selenide.commands.Should.should(Should.java:35)
	at com.codeborne.selenide.commands.Should.execute(Should.java:29)
	at com.codeborne.selenide.commands.Should.execute(Should.java:12)
	at com.codeborne.selenide.commands.Commands.execute(Commands.java:140)
	at com.codeborne.selenide.impl.SelenideElementProxy.dispatchAndRetry(SelenideElementProxy.java:86)
	at com.codeborne.selenide.impl.SelenideElementProxy.invoke(SelenideElementProxy.java:62)
	at com.sun.proxy.$Proxy6.should(Unknown Source)
	at com.yeastar.swebtest.driver.SwebDriver.click(SwebDriver.java:206)
	at com.yeastar.swebtest.driver.SwebDriver.select(SwebDriver.java:197)
	at com.yeastar.swebtest.driver.SwebDriver.login(SwebDriver.java:151)
	at com.yeastar.swebtest.driver.SwebDriver.login(SwebDriver.java:139)
	at com.yeastar.swebtest.testcase.DetailCase.pbxcase.PINList.BeforeClass(PINList.java:25)
	at sun.reflect.NativeMethodAccessorImpl.invoke0(Native Method)
	at sun.reflect.NativeMethodAccessorImpl.invoke(NativeMethodAccessorImpl.java:62)
	at sun.reflect.DelegatingMethodAccessorImpl.invoke(DelegatingMethodAccessorImpl.java:43)
	at java.lang.reflect.Method.invoke(Method.java:498)
	at org.testng.internal.MethodInvocationHelper.invokeMethod(MethodInvocationHelper.java:85)
	at org.testng.internal.Invoker.invokeConfigurationMethod(Invoker.java:510)
	at org.testng.internal.Invoker.invokeConfigurations(Invoker.java:211)
	at org.testng.internal.Invoker.invokeConfigurations(Invoker.java:138)
	at org.testng.internal.TestMethodWorker.invokeBeforeClassMethods(TestMethodWorker.java:170)
	at org.testng.internal.TestMethodWorker.run(TestMethodWorker.java:104)
	at org.testng.TestRunner.privateRun(TestRunner.java:774)
	at org.testng.TestRunner.run(TestRunner.java:624)
	at org.testng.SuiteRunner.runTest(SuiteRunner.java:359)
	at org.testng.SuiteRunner.runSequentially(SuiteRunner.java:354)
	at org.testng.SuiteRunner.privateRun(SuiteRunner.java:312)
	at org.testng.SuiteRunner.run(SuiteRunner.java:261)
	at org.testng.SuiteRunnerWorker.runSuite(SuiteRunnerWorker.java:52)
	at org.testng.SuiteRunnerWorker.run(SuiteRunnerWorker.java:86)
	at org.testng.TestNG.runSuitesSequentially(TestNG.java:1215)
	at org.testng.TestNG.runSuitesLocally(TestNG.java:1140)
	at org.testng.TestNG.run(TestNG.java:1048)
	at org.apache.maven.surefire.testng.TestNGExecutor.run(TestNGExecutor.java:293)
	at org.apache.maven.surefire.testng.TestNGXmlTestSuite.execute(TestNGXmlTestSuite.java:84)
	at org.apache.maven.surefire.testng.TestNGProvider.invoke(TestNGProvider.java:91)
	at org.apache.maven.surefire.booter.ForkedBooter.invokeProviderInSameClassLoader(ForkedBooter.java:200)
	at org.apache.maven.surefire.booter.ForkedBooter.runSuitesInProcess(ForkedBooter.java:153)
	at org.apache.maven.surefire.booter.ForkedBooter.main(ForkedBooter.java:103)
Caused by: org.openqa.selenium.NoSuchElementException: no such element: Unable to locate element: {"method":"id","selector":"login-language-inputEl"}
  (Session info: chrome=69.0.3497.100)
  (Driver info: chromedriver=2.42.591088 (7b2b2dca23cca0862f674758c9a3933e685c27d5),platform=Windows NT 6.1.7601 SP1 x86_64) (WARNING: The server did not provide any stacktrace information)
Command duration or timeout: 11 milliseconds
For documentation on this error, please visit: http://seleniumhq.org/exceptions/no_such_element.html
Build info: version: '2.53.1', revision: 'a36b8b1cd5757287168e54b817830adce9b0158d', time: '2016-06-30 19:26:09'
System info: host: 'Yeastar-PC', ip: '192.168.11.194', os.name: 'Windows 7', os.arch: 'x86', os.version: '6.1', java.version: '1.8.0_121'
Driver info: org.openqa.selenium.chrome.ChromeDriver
Capabilities [{mobileEmulationEnabled=false, hasTouchScreen=false, platform=XP, acceptSslCerts=false, goog:chromeOptions={debuggerAddress=localhost:23747}, acceptInsecureCerts=false, webStorageEnabled=true, browserName=chrome, takesScreenshot=true, javascriptEnabled=true, setWindowRect=true, unexpectedAlertBehaviour=, applicationCacheEnabled=false, rotatable=false, networkConnectionEnabled=false, chrome={chromedriverVersion=2.42.591088 (7b2b2dca23cca0862f674758c9a3933e685c27d5), userDataDir=C:\Users\Yeastar\AppData\Local\Temp\scoped_dir3852_3820}, takesHeapSnapshot=true, pageLoadStrategy=normal, databaseEnabled=false, handlesAlerts=true, version=69.0.3497.100, browserConnectionEnabled=false, nativeEvents=true, locationContextEnabled=true, cssSelectorsEnabled=true}]
Session ID: d3be694128271583ac260e31a4722891
*** Element info: {Using=id, value=login-language-inputEl}
	at sun.reflect.GeneratedConstructorAccessor26.newInstance(Unknown Source)
	at sun.reflect.DelegatingConstructorAccessorImpl.newInstance(DelegatingConstructorAccessorImpl.java:45)
	at java.lang.reflect.Constructor.newInstance(Constructor.java:423)
	at org.openqa.selenium.remote.ErrorHandler.createThrowable(ErrorHandler.java:206)
	at org.openqa.selenium.remote.ErrorHandler.throwIfResponseFailed(ErrorHandler.java:158)
	at org.openqa.selenium.remote.RemoteWebDriver.execute(RemoteWebDriver.java:678)
	at org.openqa.selenium.remote.RemoteWebDriver.findElement(RemoteWebDriver.java:363)
	at org.openqa.selenium.remote.RemoteWebDriver.findElementById(RemoteWebDriver.java:413)
	at org.openqa.selenium.By$ById.findElement(By.java:218)
	at org.openqa.selenium.remote.RemoteWebDriver.findElement(RemoteWebDriver.java:355)
	at com.codeborne.selenide.impl.WebElementSelector.findElement(WebElementSelector.java:28)
	at com.codeborne.selenide.impl.ElementFinder.getWebElement(ElementFinder.java:56)
	at com.codeborne.selenide.impl.WebElementSource.checkCondition(WebElementSource.java:44)
	... 39 more
]]>
    </error>
  </testcase> <!-- K2_editPatterns -->
  <testcase name="N_import" time="0.001" classname="com.yeastar.swebtest.testcase.DetailCase.pbxcase.OutboundRoutes">
    <error type="com.codeborne.selenide.ex.ElementNotFound" message="Element not found {By.id: login-language-inputEl}
Expected: exist">
      <![CDATA[Element not found {By.id: login-language-inputEl}
Expected: exist
Screenshot: file:/F:/MyProject/SwebTest/pic/1539773760550.84.png
Timeout: 10 s.
Caused by: NoSuchElementException: no such element: Unable to locate element: {"method":"id","selector":"login-language-inputEl"}
	at com.codeborne.selenide.impl.WebElementSource.createElementNotFoundError(WebElementSource.java:31)
	at com.codeborne.selenide.impl.ElementFinder.createElementNotFoundError(ElementFinder.java:82)
	at com.codeborne.selenide.impl.WebElementSource.checkCondition(WebElementSource.java:59)
	at com.codeborne.selenide.commands.Should.should(Should.java:35)
	at com.codeborne.selenide.commands.Should.execute(Should.java:29)
	at com.codeborne.selenide.commands.Should.execute(Should.java:12)
	at com.codeborne.selenide.commands.Commands.execute(Commands.java:140)
	at com.codeborne.selenide.impl.SelenideElementProxy.dispatchAndRetry(SelenideElementProxy.java:86)
	at com.codeborne.selenide.impl.SelenideElementProxy.invoke(SelenideElementProxy.java:62)
	at com.sun.proxy.$Proxy6.should(Unknown Source)
	at com.yeastar.swebtest.driver.SwebDriver.click(SwebDriver.java:206)
	at com.yeastar.swebtest.driver.SwebDriver.select(SwebDriver.java:197)
	at com.yeastar.swebtest.driver.SwebDriver.login(SwebDriver.java:151)
	at com.yeastar.swebtest.driver.SwebDriver.login(SwebDriver.java:139)
	at com.yeastar.swebtest.testcase.DetailCase.pbxcase.PINList.BeforeClass(PINList.java:25)
	at sun.reflect.NativeMethodAccessorImpl.invoke0(Native Method)
	at sun.reflect.NativeMethodAccessorImpl.invoke(NativeMethodAccessorImpl.java:62)
	at sun.reflect.DelegatingMethodAccessorImpl.invoke(DelegatingMethodAccessorImpl.java:43)
	at java.lang.reflect.Method.invoke(Method.java:498)
	at org.testng.internal.MethodInvocationHelper.invokeMethod(MethodInvocationHelper.java:85)
	at org.testng.internal.Invoker.invokeConfigurationMethod(Invoker.java:510)
	at org.testng.internal.Invoker.invokeConfigurations(Invoker.java:211)
	at org.testng.internal.Invoker.invokeConfigurations(Invoker.java:138)
	at org.testng.internal.TestMethodWorker.invokeBeforeClassMethods(TestMethodWorker.java:170)
	at org.testng.internal.TestMethodWorker.run(TestMethodWorker.java:104)
	at org.testng.TestRunner.privateRun(TestRunner.java:774)
	at org.testng.TestRunner.run(TestRunner.java:624)
	at org.testng.SuiteRunner.runTest(SuiteRunner.java:359)
	at org.testng.SuiteRunner.runSequentially(SuiteRunner.java:354)
	at org.testng.SuiteRunner.privateRun(SuiteRunner.java:312)
	at org.testng.SuiteRunner.run(SuiteRunner.java:261)
	at org.testng.SuiteRunnerWorker.runSuite(SuiteRunnerWorker.java:52)
	at org.testng.SuiteRunnerWorker.run(SuiteRunnerWorker.java:86)
	at org.testng.TestNG.runSuitesSequentially(TestNG.java:1215)
	at org.testng.TestNG.runSuitesLocally(TestNG.java:1140)
	at org.testng.TestNG.run(TestNG.java:1048)
	at org.apache.maven.surefire.testng.TestNGExecutor.run(TestNGExecutor.java:293)
	at org.apache.maven.surefire.testng.TestNGXmlTestSuite.execute(TestNGXmlTestSuite.java:84)
	at org.apache.maven.surefire.testng.TestNGProvider.invoke(TestNGProvider.java:91)
	at org.apache.maven.surefire.booter.ForkedBooter.invokeProviderInSameClassLoader(ForkedBooter.java:200)
	at org.apache.maven.surefire.booter.ForkedBooter.runSuitesInProcess(ForkedBooter.java:153)
	at org.apache.maven.surefire.booter.ForkedBooter.main(ForkedBooter.java:103)
Caused by: org.openqa.selenium.NoSuchElementException: no such element: Unable to locate element: {"method":"id","selector":"login-language-inputEl"}
  (Session info: chrome=69.0.3497.100)
  (Driver info: chromedriver=2.42.591088 (7b2b2dca23cca0862f674758c9a3933e685c27d5),platform=Windows NT 6.1.7601 SP1 x86_64) (WARNING: The server did not provide any stacktrace information)
Command duration or timeout: 11 milliseconds
For documentation on this error, please visit: http://seleniumhq.org/exceptions/no_such_element.html
Build info: version: '2.53.1', revision: 'a36b8b1cd5757287168e54b817830adce9b0158d', time: '2016-06-30 19:26:09'
System info: host: 'Yeastar-PC', ip: '192.168.11.194', os.name: 'Windows 7', os.arch: 'x86', os.version: '6.1', java.version: '1.8.0_121'
Driver info: org.openqa.selenium.chrome.ChromeDriver
Capabilities [{mobileEmulationEnabled=false, hasTouchScreen=false, platform=XP, acceptSslCerts=false, goog:chromeOptions={debuggerAddress=localhost:23747}, acceptInsecureCerts=false, webStorageEnabled=true, browserName=chrome, takesScreenshot=true, javascriptEnabled=true, setWindowRect=true, unexpectedAlertBehaviour=, applicationCacheEnabled=false, rotatable=false, networkConnectionEnabled=false, chrome={chromedriverVersion=2.42.591088 (7b2b2dca23cca0862f674758c9a3933e685c27d5), userDataDir=C:\Users\Yeastar\AppData\Local\Temp\scoped_dir3852_3820}, takesHeapSnapshot=true, pageLoadStrategy=normal, databaseEnabled=false, handlesAlerts=true, version=69.0.3497.100, browserConnectionEnabled=false, nativeEvents=true, locationContextEnabled=true, cssSelectorsEnabled=true}]
Session ID: d3be694128271583ac260e31a4722891
*** Element info: {Using=id, value=login-language-inputEl}
	at sun.reflect.GeneratedConstructorAccessor26.newInstance(Unknown Source)
	at sun.reflect.DelegatingConstructorAccessorImpl.newInstance(DelegatingConstructorAccessorImpl.java:45)
	at java.lang.reflect.Constructor.newInstance(Constructor.java:423)
	at org.openqa.selenium.remote.ErrorHandler.createThrowable(ErrorHandler.java:206)
	at org.openqa.selenium.remote.ErrorHandler.throwIfResponseFailed(ErrorHandler.java:158)
	at org.openqa.selenium.remote.RemoteWebDriver.execute(RemoteWebDriver.java:678)
	at org.openqa.selenium.remote.RemoteWebDriver.findElement(RemoteWebDriver.java:363)
	at org.openqa.selenium.remote.RemoteWebDriver.findElementById(RemoteWebDriver.java:413)
	at org.openqa.selenium.By$ById.findElement(By.java:218)
	at org.openqa.selenium.remote.RemoteWebDriver.findElement(RemoteWebDriver.java:355)
	at com.codeborne.selenide.impl.WebElementSelector.findElement(WebElementSelector.java:28)
	at com.codeborne.selenide.impl.ElementFinder.getWebElement(ElementFinder.java:56)
	at com.codeborne.selenide.impl.WebElementSource.checkCondition(WebElementSource.java:44)
	... 39 more
]]>
    </error>
  </testcase> <!-- N_import -->
  <testcase name="I_checkPatterns" time="0.000" classname="com.yeastar.swebtest.testcase.DetailCase.pbxcase.OutboundRoutes">
    <error type="com.codeborne.selenide.ex.ElementNotFound" message="Element not found {By.id: login-language-inputEl}
Expected: exist">
      <![CDATA[Element not found {By.id: login-language-inputEl}
Expected: exist
Screenshot: file:/F:/MyProject/SwebTest/pic/1539773760550.84.png
Timeout: 10 s.
Caused by: NoSuchElementException: no such element: Unable to locate element: {"method":"id","selector":"login-language-inputEl"}
	at com.codeborne.selenide.impl.WebElementSource.createElementNotFoundError(WebElementSource.java:31)
	at com.codeborne.selenide.impl.ElementFinder.createElementNotFoundError(ElementFinder.java:82)
	at com.codeborne.selenide.impl.WebElementSource.checkCondition(WebElementSource.java:59)
	at com.codeborne.selenide.commands.Should.should(Should.java:35)
	at com.codeborne.selenide.commands.Should.execute(Should.java:29)
	at com.codeborne.selenide.commands.Should.execute(Should.java:12)
	at com.codeborne.selenide.commands.Commands.execute(Commands.java:140)
	at com.codeborne.selenide.impl.SelenideElementProxy.dispatchAndRetry(SelenideElementProxy.java:86)
	at com.codeborne.selenide.impl.SelenideElementProxy.invoke(SelenideElementProxy.java:62)
	at com.sun.proxy.$Proxy6.should(Unknown Source)
	at com.yeastar.swebtest.driver.SwebDriver.click(SwebDriver.java:206)
	at com.yeastar.swebtest.driver.SwebDriver.select(SwebDriver.java:197)
	at com.yeastar.swebtest.driver.SwebDriver.login(SwebDriver.java:151)
	at com.yeastar.swebtest.driver.SwebDriver.login(SwebDriver.java:139)
	at com.yeastar.swebtest.testcase.DetailCase.pbxcase.PINList.BeforeClass(PINList.java:25)
	at sun.reflect.NativeMethodAccessorImpl.invoke0(Native Method)
	at sun.reflect.NativeMethodAccessorImpl.invoke(NativeMethodAccessorImpl.java:62)
	at sun.reflect.DelegatingMethodAccessorImpl.invoke(DelegatingMethodAccessorImpl.java:43)
	at java.lang.reflect.Method.invoke(Method.java:498)
	at org.testng.internal.MethodInvocationHelper.invokeMethod(MethodInvocationHelper.java:85)
	at org.testng.internal.Invoker.invokeConfigurationMethod(Invoker.java:510)
	at org.testng.internal.Invoker.invokeConfigurations(Invoker.java:211)
	at org.testng.internal.Invoker.invokeConfigurations(Invoker.java:138)
	at org.testng.internal.TestMethodWorker.invokeBeforeClassMethods(TestMethodWorker.java:170)
	at org.testng.internal.TestMethodWorker.run(TestMethodWorker.java:104)
	at org.testng.TestRunner.privateRun(TestRunner.java:774)
	at org.testng.TestRunner.run(TestRunner.java:624)
	at org.testng.SuiteRunner.runTest(SuiteRunner.java:359)
	at org.testng.SuiteRunner.runSequentially(SuiteRunner.java:354)
	at org.testng.SuiteRunner.privateRun(SuiteRunner.java:312)
	at org.testng.SuiteRunner.run(SuiteRunner.java:261)
	at org.testng.SuiteRunnerWorker.runSuite(SuiteRunnerWorker.java:52)
	at org.testng.SuiteRunnerWorker.run(SuiteRunnerWorker.java:86)
	at org.testng.TestNG.runSuitesSequentially(TestNG.java:1215)
	at org.testng.TestNG.runSuitesLocally(TestNG.java:1140)
	at org.testng.TestNG.run(TestNG.java:1048)
	at org.apache.maven.surefire.testng.TestNGExecutor.run(TestNGExecutor.java:293)
	at org.apache.maven.surefire.testng.TestNGXmlTestSuite.execute(TestNGXmlTestSuite.java:84)
	at org.apache.maven.surefire.testng.TestNGProvider.invoke(TestNGProvider.java:91)
	at org.apache.maven.surefire.booter.ForkedBooter.invokeProviderInSameClassLoader(ForkedBooter.java:200)
	at org.apache.maven.surefire.booter.ForkedBooter.runSuitesInProcess(ForkedBooter.java:153)
	at org.apache.maven.surefire.booter.ForkedBooter.main(ForkedBooter.java:103)
Caused by: org.openqa.selenium.NoSuchElementException: no such element: Unable to locate element: {"method":"id","selector":"login-language-inputEl"}
  (Session info: chrome=69.0.3497.100)
  (Driver info: chromedriver=2.42.591088 (7b2b2dca23cca0862f674758c9a3933e685c27d5),platform=Windows NT 6.1.7601 SP1 x86_64) (WARNING: The server did not provide any stacktrace information)
Command duration or timeout: 11 milliseconds
For documentation on this error, please visit: http://seleniumhq.org/exceptions/no_such_element.html
Build info: version: '2.53.1', revision: 'a36b8b1cd5757287168e54b817830adce9b0158d', time: '2016-06-30 19:26:09'
System info: host: 'Yeastar-PC', ip: '192.168.11.194', os.name: 'Windows 7', os.arch: 'x86', os.version: '6.1', java.version: '1.8.0_121'
Driver info: org.openqa.selenium.chrome.ChromeDriver
Capabilities [{mobileEmulationEnabled=false, hasTouchScreen=false, platform=XP, acceptSslCerts=false, goog:chromeOptions={debuggerAddress=localhost:23747}, acceptInsecureCerts=false, webStorageEnabled=true, browserName=chrome, takesScreenshot=true, javascriptEnabled=true, setWindowRect=true, unexpectedAlertBehaviour=, applicationCacheEnabled=false, rotatable=false, networkConnectionEnabled=false, chrome={chromedriverVersion=2.42.591088 (7b2b2dca23cca0862f674758c9a3933e685c27d5), userDataDir=C:\Users\Yeastar\AppData\Local\Temp\scoped_dir3852_3820}, takesHeapSnapshot=true, pageLoadStrategy=normal, databaseEnabled=false, handlesAlerts=true, version=69.0.3497.100, browserConnectionEnabled=false, nativeEvents=true, locationContextEnabled=true, cssSelectorsEnabled=true}]
Session ID: d3be694128271583ac260e31a4722891
*** Element info: {Using=id, value=login-language-inputEl}
	at sun.reflect.GeneratedConstructorAccessor26.newInstance(Unknown Source)
	at sun.reflect.DelegatingConstructorAccessorImpl.newInstance(DelegatingConstructorAccessorImpl.java:45)
	at java.lang.reflect.Constructor.newInstance(Constructor.java:423)
	at org.openqa.selenium.remote.ErrorHandler.createThrowable(ErrorHandler.java:206)
	at org.openqa.selenium.remote.ErrorHandler.throwIfResponseFailed(ErrorHandler.java:158)
	at org.openqa.selenium.remote.RemoteWebDriver.execute(RemoteWebDriver.java:678)
	at org.openqa.selenium.remote.RemoteWebDriver.findElement(RemoteWebDriver.java:363)
	at org.openqa.selenium.remote.RemoteWebDriver.findElementById(RemoteWebDriver.java:413)
	at org.openqa.selenium.By$ById.findElement(By.java:218)
	at org.openqa.selenium.remote.RemoteWebDriver.findElement(RemoteWebDriver.java:355)
	at com.codeborne.selenide.impl.WebElementSelector.findElement(WebElementSelector.java:28)
	at com.codeborne.selenide.impl.ElementFinder.getWebElement(ElementFinder.java:56)
	at com.codeborne.selenide.impl.WebElementSource.checkCondition(WebElementSource.java:44)
	... 39 more
]]>
    </error>
  </testcase> <!-- I_checkPatterns -->
  <testcase name="L4_checkPassword2" time="0.000" classname="com.yeastar.swebtest.testcase.DetailCase.pbxcase.OutboundRoutes">
    <error type="com.codeborne.selenide.ex.ElementNotFound" message="Element not found {By.id: login-language-inputEl}
Expected: exist">
      <![CDATA[Element not found {By.id: login-language-inputEl}
Expected: exist
Screenshot: file:/F:/MyProject/SwebTest/pic/1539773760550.84.png
Timeout: 10 s.
Caused by: NoSuchElementException: no such element: Unable to locate element: {"method":"id","selector":"login-language-inputEl"}
	at com.codeborne.selenide.impl.WebElementSource.createElementNotFoundError(WebElementSource.java:31)
	at com.codeborne.selenide.impl.ElementFinder.createElementNotFoundError(ElementFinder.java:82)
	at com.codeborne.selenide.impl.WebElementSource.checkCondition(WebElementSource.java:59)
	at com.codeborne.selenide.commands.Should.should(Should.java:35)
	at com.codeborne.selenide.commands.Should.execute(Should.java:29)
	at com.codeborne.selenide.commands.Should.execute(Should.java:12)
	at com.codeborne.selenide.commands.Commands.execute(Commands.java:140)
	at com.codeborne.selenide.impl.SelenideElementProxy.dispatchAndRetry(SelenideElementProxy.java:86)
	at com.codeborne.selenide.impl.SelenideElementProxy.invoke(SelenideElementProxy.java:62)
	at com.sun.proxy.$Proxy6.should(Unknown Source)
	at com.yeastar.swebtest.driver.SwebDriver.click(SwebDriver.java:206)
	at com.yeastar.swebtest.driver.SwebDriver.select(SwebDriver.java:197)
	at com.yeastar.swebtest.driver.SwebDriver.login(SwebDriver.java:151)
	at com.yeastar.swebtest.driver.SwebDriver.login(SwebDriver.java:139)
	at com.yeastar.swebtest.testcase.DetailCase.pbxcase.PINList.BeforeClass(PINList.java:25)
	at sun.reflect.NativeMethodAccessorImpl.invoke0(Native Method)
	at sun.reflect.NativeMethodAccessorImpl.invoke(NativeMethodAccessorImpl.java:62)
	at sun.reflect.DelegatingMethodAccessorImpl.invoke(DelegatingMethodAccessorImpl.java:43)
	at java.lang.reflect.Method.invoke(Method.java:498)
	at org.testng.internal.MethodInvocationHelper.invokeMethod(MethodInvocationHelper.java:85)
	at org.testng.internal.Invoker.invokeConfigurationMethod(Invoker.java:510)
	at org.testng.internal.Invoker.invokeConfigurations(Invoker.java:211)
	at org.testng.internal.Invoker.invokeConfigurations(Invoker.java:138)
	at org.testng.internal.TestMethodWorker.invokeBeforeClassMethods(TestMethodWorker.java:170)
	at org.testng.internal.TestMethodWorker.run(TestMethodWorker.java:104)
	at org.testng.TestRunner.privateRun(TestRunner.java:774)
	at org.testng.TestRunner.run(TestRunner.java:624)
	at org.testng.SuiteRunner.runTest(SuiteRunner.java:359)
	at org.testng.SuiteRunner.runSequentially(SuiteRunner.java:354)
	at org.testng.SuiteRunner.privateRun(SuiteRunner.java:312)
	at org.testng.SuiteRunner.run(SuiteRunner.java:261)
	at org.testng.SuiteRunnerWorker.runSuite(SuiteRunnerWorker.java:52)
	at org.testng.SuiteRunnerWorker.run(SuiteRunnerWorker.java:86)
	at org.testng.TestNG.runSuitesSequentially(TestNG.java:1215)
	at org.testng.TestNG.runSuitesLocally(TestNG.java:1140)
	at org.testng.TestNG.run(TestNG.java:1048)
	at org.apache.maven.surefire.testng.TestNGExecutor.run(TestNGExecutor.java:293)
	at org.apache.maven.surefire.testng.TestNGXmlTestSuite.execute(TestNGXmlTestSuite.java:84)
	at org.apache.maven.surefire.testng.TestNGProvider.invoke(TestNGProvider.java:91)
	at org.apache.maven.surefire.booter.ForkedBooter.invokeProviderInSameClassLoader(ForkedBooter.java:200)
	at org.apache.maven.surefire.booter.ForkedBooter.runSuitesInProcess(ForkedBooter.java:153)
	at org.apache.maven.surefire.booter.ForkedBooter.main(ForkedBooter.java:103)
Caused by: org.openqa.selenium.NoSuchElementException: no such element: Unable to locate element: {"method":"id","selector":"login-language-inputEl"}
  (Session info: chrome=69.0.3497.100)
  (Driver info: chromedriver=2.42.591088 (7b2b2dca23cca0862f674758c9a3933e685c27d5),platform=Windows NT 6.1.7601 SP1 x86_64) (WARNING: The server did not provide any stacktrace information)
Command duration or timeout: 11 milliseconds
For documentation on this error, please visit: http://seleniumhq.org/exceptions/no_such_element.html
Build info: version: '2.53.1', revision: 'a36b8b1cd5757287168e54b817830adce9b0158d', time: '2016-06-30 19:26:09'
System info: host: 'Yeastar-PC', ip: '192.168.11.194', os.name: 'Windows 7', os.arch: 'x86', os.version: '6.1', java.version: '1.8.0_121'
Driver info: org.openqa.selenium.chrome.ChromeDriver
Capabilities [{mobileEmulationEnabled=false, hasTouchScreen=false, platform=XP, acceptSslCerts=false, goog:chromeOptions={debuggerAddress=localhost:23747}, acceptInsecureCerts=false, webStorageEnabled=true, browserName=chrome, takesScreenshot=true, javascriptEnabled=true, setWindowRect=true, unexpectedAlertBehaviour=, applicationCacheEnabled=false, rotatable=false, networkConnectionEnabled=false, chrome={chromedriverVersion=2.42.591088 (7b2b2dca23cca0862f674758c9a3933e685c27d5), userDataDir=C:\Users\Yeastar\AppData\Local\Temp\scoped_dir3852_3820}, takesHeapSnapshot=true, pageLoadStrategy=normal, databaseEnabled=false, handlesAlerts=true, version=69.0.3497.100, browserConnectionEnabled=false, nativeEvents=true, locationContextEnabled=true, cssSelectorsEnabled=true}]
Session ID: d3be694128271583ac260e31a4722891
*** Element info: {Using=id, value=login-language-inputEl}
	at sun.reflect.GeneratedConstructorAccessor26.newInstance(Unknown Source)
	at sun.reflect.DelegatingConstructorAccessorImpl.newInstance(DelegatingConstructorAccessorImpl.java:45)
	at java.lang.reflect.Constructor.newInstance(Constructor.java:423)
	at org.openqa.selenium.remote.ErrorHandler.createThrowable(ErrorHandler.java:206)
	at org.openqa.selenium.remote.ErrorHandler.throwIfResponseFailed(ErrorHandler.java:158)
	at org.openqa.selenium.remote.RemoteWebDriver.execute(RemoteWebDriver.java:678)
	at org.openqa.selenium.remote.RemoteWebDriver.findElement(RemoteWebDriver.java:363)
	at org.openqa.selenium.remote.RemoteWebDriver.findElementById(RemoteWebDriver.java:413)
	at org.openqa.selenium.By$ById.findElement(By.java:218)
	at org.openqa.selenium.remote.RemoteWebDriver.findElement(RemoteWebDriver.java:355)
	at com.codeborne.selenide.impl.WebElementSelector.findElement(WebElementSelector.java:28)
	at com.codeborne.selenide.impl.ElementFinder.getWebElement(ElementFinder.java:56)
	at com.codeborne.selenide.impl.WebElementSource.checkCondition(WebElementSource.java:44)
	... 39 more
]]>
    </error>
  </testcase> <!-- L4_checkPassword2 -->
  <testcase name="K1_editPatterns" time="0.000" classname="com.yeastar.swebtest.testcase.DetailCase.pbxcase.OutboundRoutes">
    <error type="com.codeborne.selenide.ex.ElementNotFound" message="Element not found {By.id: login-language-inputEl}
Expected: exist">
      <![CDATA[Element not found {By.id: login-language-inputEl}
Expected: exist
Screenshot: file:/F:/MyProject/SwebTest/pic/1539773760550.84.png
Timeout: 10 s.
Caused by: NoSuchElementException: no such element: Unable to locate element: {"method":"id","selector":"login-language-inputEl"}
	at com.codeborne.selenide.impl.WebElementSource.createElementNotFoundError(WebElementSource.java:31)
	at com.codeborne.selenide.impl.ElementFinder.createElementNotFoundError(ElementFinder.java:82)
	at com.codeborne.selenide.impl.WebElementSource.checkCondition(WebElementSource.java:59)
	at com.codeborne.selenide.commands.Should.should(Should.java:35)
	at com.codeborne.selenide.commands.Should.execute(Should.java:29)
	at com.codeborne.selenide.commands.Should.execute(Should.java:12)
	at com.codeborne.selenide.commands.Commands.execute(Commands.java:140)
	at com.codeborne.selenide.impl.SelenideElementProxy.dispatchAndRetry(SelenideElementProxy.java:86)
	at com.codeborne.selenide.impl.SelenideElementProxy.invoke(SelenideElementProxy.java:62)
	at com.sun.proxy.$Proxy6.should(Unknown Source)
	at com.yeastar.swebtest.driver.SwebDriver.click(SwebDriver.java:206)
	at com.yeastar.swebtest.driver.SwebDriver.select(SwebDriver.java:197)
	at com.yeastar.swebtest.driver.SwebDriver.login(SwebDriver.java:151)
	at com.yeastar.swebtest.driver.SwebDriver.login(SwebDriver.java:139)
	at com.yeastar.swebtest.testcase.DetailCase.pbxcase.PINList.BeforeClass(PINList.java:25)
	at sun.reflect.NativeMethodAccessorImpl.invoke0(Native Method)
	at sun.reflect.NativeMethodAccessorImpl.invoke(NativeMethodAccessorImpl.java:62)
	at sun.reflect.DelegatingMethodAccessorImpl.invoke(DelegatingMethodAccessorImpl.java:43)
	at java.lang.reflect.Method.invoke(Method.java:498)
	at org.testng.internal.MethodInvocationHelper.invokeMethod(MethodInvocationHelper.java:85)
	at org.testng.internal.Invoker.invokeConfigurationMethod(Invoker.java:510)
	at org.testng.internal.Invoker.invokeConfigurations(Invoker.java:211)
	at org.testng.internal.Invoker.invokeConfigurations(Invoker.java:138)
	at org.testng.internal.TestMethodWorker.invokeBeforeClassMethods(TestMethodWorker.java:170)
	at org.testng.internal.TestMethodWorker.run(TestMethodWorker.java:104)
	at org.testng.TestRunner.privateRun(TestRunner.java:774)
	at org.testng.TestRunner.run(TestRunner.java:624)
	at org.testng.SuiteRunner.runTest(SuiteRunner.java:359)
	at org.testng.SuiteRunner.runSequentially(SuiteRunner.java:354)
	at org.testng.SuiteRunner.privateRun(SuiteRunner.java:312)
	at org.testng.SuiteRunner.run(SuiteRunner.java:261)
	at org.testng.SuiteRunnerWorker.runSuite(SuiteRunnerWorker.java:52)
	at org.testng.SuiteRunnerWorker.run(SuiteRunnerWorker.java:86)
	at org.testng.TestNG.runSuitesSequentially(TestNG.java:1215)
	at org.testng.TestNG.runSuitesLocally(TestNG.java:1140)
	at org.testng.TestNG.run(TestNG.java:1048)
	at org.apache.maven.surefire.testng.TestNGExecutor.run(TestNGExecutor.java:293)
	at org.apache.maven.surefire.testng.TestNGXmlTestSuite.execute(TestNGXmlTestSuite.java:84)
	at org.apache.maven.surefire.testng.TestNGProvider.invoke(TestNGProvider.java:91)
	at org.apache.maven.surefire.booter.ForkedBooter.invokeProviderInSameClassLoader(ForkedBooter.java:200)
	at org.apache.maven.surefire.booter.ForkedBooter.runSuitesInProcess(ForkedBooter.java:153)
	at org.apache.maven.surefire.booter.ForkedBooter.main(ForkedBooter.java:103)
Caused by: org.openqa.selenium.NoSuchElementException: no such element: Unable to locate element: {"method":"id","selector":"login-language-inputEl"}
  (Session info: chrome=69.0.3497.100)
  (Driver info: chromedriver=2.42.591088 (7b2b2dca23cca0862f674758c9a3933e685c27d5),platform=Windows NT 6.1.7601 SP1 x86_64) (WARNING: The server did not provide any stacktrace information)
Command duration or timeout: 11 milliseconds
For documentation on this error, please visit: http://seleniumhq.org/exceptions/no_such_element.html
Build info: version: '2.53.1', revision: 'a36b8b1cd5757287168e54b817830adce9b0158d', time: '2016-06-30 19:26:09'
System info: host: 'Yeastar-PC', ip: '192.168.11.194', os.name: 'Windows 7', os.arch: 'x86', os.version: '6.1', java.version: '1.8.0_121'
Driver info: org.openqa.selenium.chrome.ChromeDriver
Capabilities [{mobileEmulationEnabled=false, hasTouchScreen=false, platform=XP, acceptSslCerts=false, goog:chromeOptions={debuggerAddress=localhost:23747}, acceptInsecureCerts=false, webStorageEnabled=true, browserName=chrome, takesScreenshot=true, javascriptEnabled=true, setWindowRect=true, unexpectedAlertBehaviour=, applicationCacheEnabled=false, rotatable=false, networkConnectionEnabled=false, chrome={chromedriverVersion=2.42.591088 (7b2b2dca23cca0862f674758c9a3933e685c27d5), userDataDir=C:\Users\Yeastar\AppData\Local\Temp\scoped_dir3852_3820}, takesHeapSnapshot=true, pageLoadStrategy=normal, databaseEnabled=false, handlesAlerts=true, version=69.0.3497.100, browserConnectionEnabled=false, nativeEvents=true, locationContextEnabled=true, cssSelectorsEnabled=true}]
Session ID: d3be694128271583ac260e31a4722891
*** Element info: {Using=id, value=login-language-inputEl}
	at sun.reflect.GeneratedConstructorAccessor26.newInstance(Unknown Source)
	at sun.reflect.DelegatingConstructorAccessorImpl.newInstance(DelegatingConstructorAccessorImpl.java:45)
	at java.lang.reflect.Constructor.newInstance(Constructor.java:423)
	at org.openqa.selenium.remote.ErrorHandler.createThrowable(ErrorHandler.java:206)
	at org.openqa.selenium.remote.ErrorHandler.throwIfResponseFailed(ErrorHandler.java:158)
	at org.openqa.selenium.remote.RemoteWebDriver.execute(RemoteWebDriver.java:678)
	at org.openqa.selenium.remote.RemoteWebDriver.findElement(RemoteWebDriver.java:363)
	at org.openqa.selenium.remote.RemoteWebDriver.findElementById(RemoteWebDriver.java:413)
	at org.openqa.selenium.By$ById.findElement(By.java:218)
	at org.openqa.selenium.remote.RemoteWebDriver.findElement(RemoteWebDriver.java:355)
	at com.codeborne.selenide.impl.WebElementSelector.findElement(WebElementSelector.java:28)
	at com.codeborne.selenide.impl.ElementFinder.getWebElement(ElementFinder.java:56)
	at com.codeborne.selenide.impl.WebElementSource.checkCondition(WebElementSource.java:44)
	... 39 more
]]>
    </error>
  </testcase> <!-- K1_editPatterns -->
  <testcase name="K1_editPatterns" time="0.000" classname="com.yeastar.swebtest.testcase.DetailCase.pbxcase.OutboundRoutes">
    <error type="com.codeborne.selenide.ex.ElementNotFound" message="Element not found {By.id: login-language-inputEl}
Expected: exist">
      <![CDATA[Element not found {By.id: login-language-inputEl}
Expected: exist
Screenshot: file:/F:/MyProject/SwebTest/pic/1539773760550.84.png
Timeout: 10 s.
Caused by: NoSuchElementException: no such element: Unable to locate element: {"method":"id","selector":"login-language-inputEl"}
	at com.codeborne.selenide.impl.WebElementSource.createElementNotFoundError(WebElementSource.java:31)
	at com.codeborne.selenide.impl.ElementFinder.createElementNotFoundError(ElementFinder.java:82)
	at com.codeborne.selenide.impl.WebElementSource.checkCondition(WebElementSource.java:59)
	at com.codeborne.selenide.commands.Should.should(Should.java:35)
	at com.codeborne.selenide.commands.Should.execute(Should.java:29)
	at com.codeborne.selenide.commands.Should.execute(Should.java:12)
	at com.codeborne.selenide.commands.Commands.execute(Commands.java:140)
	at com.codeborne.selenide.impl.SelenideElementProxy.dispatchAndRetry(SelenideElementProxy.java:86)
	at com.codeborne.selenide.impl.SelenideElementProxy.invoke(SelenideElementProxy.java:62)
	at com.sun.proxy.$Proxy6.should(Unknown Source)
	at com.yeastar.swebtest.driver.SwebDriver.click(SwebDriver.java:206)
	at com.yeastar.swebtest.driver.SwebDriver.select(SwebDriver.java:197)
	at com.yeastar.swebtest.driver.SwebDriver.login(SwebDriver.java:151)
	at com.yeastar.swebtest.driver.SwebDriver.login(SwebDriver.java:139)
	at com.yeastar.swebtest.testcase.DetailCase.pbxcase.PINList.BeforeClass(PINList.java:25)
	at sun.reflect.NativeMethodAccessorImpl.invoke0(Native Method)
	at sun.reflect.NativeMethodAccessorImpl.invoke(NativeMethodAccessorImpl.java:62)
	at sun.reflect.DelegatingMethodAccessorImpl.invoke(DelegatingMethodAccessorImpl.java:43)
	at java.lang.reflect.Method.invoke(Method.java:498)
	at org.testng.internal.MethodInvocationHelper.invokeMethod(MethodInvocationHelper.java:85)
	at org.testng.internal.Invoker.invokeConfigurationMethod(Invoker.java:510)
	at org.testng.internal.Invoker.invokeConfigurations(Invoker.java:211)
	at org.testng.internal.Invoker.invokeConfigurations(Invoker.java:138)
	at org.testng.internal.TestMethodWorker.invokeBeforeClassMethods(TestMethodWorker.java:170)
	at org.testng.internal.TestMethodWorker.run(TestMethodWorker.java:104)
	at org.testng.TestRunner.privateRun(TestRunner.java:774)
	at org.testng.TestRunner.run(TestRunner.java:624)
	at org.testng.SuiteRunner.runTest(SuiteRunner.java:359)
	at org.testng.SuiteRunner.runSequentially(SuiteRunner.java:354)
	at org.testng.SuiteRunner.privateRun(SuiteRunner.java:312)
	at org.testng.SuiteRunner.run(SuiteRunner.java:261)
	at org.testng.SuiteRunnerWorker.runSuite(SuiteRunnerWorker.java:52)
	at org.testng.SuiteRunnerWorker.run(SuiteRunnerWorker.java:86)
	at org.testng.TestNG.runSuitesSequentially(TestNG.java:1215)
	at org.testng.TestNG.runSuitesLocally(TestNG.java:1140)
	at org.testng.TestNG.run(TestNG.java:1048)
	at org.apache.maven.surefire.testng.TestNGExecutor.run(TestNGExecutor.java:293)
	at org.apache.maven.surefire.testng.TestNGXmlTestSuite.execute(TestNGXmlTestSuite.java:84)
	at org.apache.maven.surefire.testng.TestNGProvider.invoke(TestNGProvider.java:91)
	at org.apache.maven.surefire.booter.ForkedBooter.invokeProviderInSameClassLoader(ForkedBooter.java:200)
	at org.apache.maven.surefire.booter.ForkedBooter.runSuitesInProcess(ForkedBooter.java:153)
	at org.apache.maven.surefire.booter.ForkedBooter.main(ForkedBooter.java:103)
Caused by: org.openqa.selenium.NoSuchElementException: no such element: Unable to locate element: {"method":"id","selector":"login-language-inputEl"}
  (Session info: chrome=69.0.3497.100)
  (Driver info: chromedriver=2.42.591088 (7b2b2dca23cca0862f674758c9a3933e685c27d5),platform=Windows NT 6.1.7601 SP1 x86_64) (WARNING: The server did not provide any stacktrace information)
Command duration or timeout: 11 milliseconds
For documentation on this error, please visit: http://seleniumhq.org/exceptions/no_such_element.html
Build info: version: '2.53.1', revision: 'a36b8b1cd5757287168e54b817830adce9b0158d', time: '2016-06-30 19:26:09'
System info: host: 'Yeastar-PC', ip: '192.168.11.194', os.name: 'Windows 7', os.arch: 'x86', os.version: '6.1', java.version: '1.8.0_121'
Driver info: org.openqa.selenium.chrome.ChromeDriver
Capabilities [{mobileEmulationEnabled=false, hasTouchScreen=false, platform=XP, acceptSslCerts=false, goog:chromeOptions={debuggerAddress=localhost:23747}, acceptInsecureCerts=false, webStorageEnabled=true, browserName=chrome, takesScreenshot=true, javascriptEnabled=true, setWindowRect=true, unexpectedAlertBehaviour=, applicationCacheEnabled=false, rotatable=false, networkConnectionEnabled=false, chrome={chromedriverVersion=2.42.591088 (7b2b2dca23cca0862f674758c9a3933e685c27d5), userDataDir=C:\Users\Yeastar\AppData\Local\Temp\scoped_dir3852_3820}, takesHeapSnapshot=true, pageLoadStrategy=normal, databaseEnabled=false, handlesAlerts=true, version=69.0.3497.100, browserConnectionEnabled=false, nativeEvents=true, locationContextEnabled=true, cssSelectorsEnabled=true}]
Session ID: d3be694128271583ac260e31a4722891
*** Element info: {Using=id, value=login-language-inputEl}
	at sun.reflect.GeneratedConstructorAccessor26.newInstance(Unknown Source)
	at sun.reflect.DelegatingConstructorAccessorImpl.newInstance(DelegatingConstructorAccessorImpl.java:45)
	at java.lang.reflect.Constructor.newInstance(Constructor.java:423)
	at org.openqa.selenium.remote.ErrorHandler.createThrowable(ErrorHandler.java:206)
	at org.openqa.selenium.remote.ErrorHandler.throwIfResponseFailed(ErrorHandler.java:158)
	at org.openqa.selenium.remote.RemoteWebDriver.execute(RemoteWebDriver.java:678)
	at org.openqa.selenium.remote.RemoteWebDriver.findElement(RemoteWebDriver.java:363)
	at org.openqa.selenium.remote.RemoteWebDriver.findElementById(RemoteWebDriver.java:413)
	at org.openqa.selenium.By$ById.findElement(By.java:218)
	at org.openqa.selenium.remote.RemoteWebDriver.findElement(RemoteWebDriver.java:355)
	at com.codeborne.selenide.impl.WebElementSelector.findElement(WebElementSelector.java:28)
	at com.codeborne.selenide.impl.ElementFinder.getWebElement(ElementFinder.java:56)
	at com.codeborne.selenide.impl.WebElementSource.checkCondition(WebElementSource.java:44)
	... 39 more
]]>
    </error>
  </testcase> <!-- K1_editPatterns -->
  <testcase name="K1_editPatterns" time="0.000" classname="com.yeastar.swebtest.testcase.DetailCase.pbxcase.OutboundRoutes">
    <error type="com.codeborne.selenide.ex.ElementNotFound" message="Element not found {By.id: login-language-inputEl}
Expected: exist">
      <![CDATA[Element not found {By.id: login-language-inputEl}
Expected: exist
Screenshot: file:/F:/MyProject/SwebTest/pic/1539773760550.84.png
Timeout: 10 s.
Caused by: NoSuchElementException: no such element: Unable to locate element: {"method":"id","selector":"login-language-inputEl"}
	at com.codeborne.selenide.impl.WebElementSource.createElementNotFoundError(WebElementSource.java:31)
	at com.codeborne.selenide.impl.ElementFinder.createElementNotFoundError(ElementFinder.java:82)
	at com.codeborne.selenide.impl.WebElementSource.checkCondition(WebElementSource.java:59)
	at com.codeborne.selenide.commands.Should.should(Should.java:35)
	at com.codeborne.selenide.commands.Should.execute(Should.java:29)
	at com.codeborne.selenide.commands.Should.execute(Should.java:12)
	at com.codeborne.selenide.commands.Commands.execute(Commands.java:140)
	at com.codeborne.selenide.impl.SelenideElementProxy.dispatchAndRetry(SelenideElementProxy.java:86)
	at com.codeborne.selenide.impl.SelenideElementProxy.invoke(SelenideElementProxy.java:62)
	at com.sun.proxy.$Proxy6.should(Unknown Source)
	at com.yeastar.swebtest.driver.SwebDriver.click(SwebDriver.java:206)
	at com.yeastar.swebtest.driver.SwebDriver.select(SwebDriver.java:197)
	at com.yeastar.swebtest.driver.SwebDriver.login(SwebDriver.java:151)
	at com.yeastar.swebtest.driver.SwebDriver.login(SwebDriver.java:139)
	at com.yeastar.swebtest.testcase.DetailCase.pbxcase.PINList.BeforeClass(PINList.java:25)
	at sun.reflect.NativeMethodAccessorImpl.invoke0(Native Method)
	at sun.reflect.NativeMethodAccessorImpl.invoke(NativeMethodAccessorImpl.java:62)
	at sun.reflect.DelegatingMethodAccessorImpl.invoke(DelegatingMethodAccessorImpl.java:43)
	at java.lang.reflect.Method.invoke(Method.java:498)
	at org.testng.internal.MethodInvocationHelper.invokeMethod(MethodInvocationHelper.java:85)
	at org.testng.internal.Invoker.invokeConfigurationMethod(Invoker.java:510)
	at org.testng.internal.Invoker.invokeConfigurations(Invoker.java:211)
	at org.testng.internal.Invoker.invokeConfigurations(Invoker.java:138)
	at org.testng.internal.TestMethodWorker.invokeBeforeClassMethods(TestMethodWorker.java:170)
	at org.testng.internal.TestMethodWorker.run(TestMethodWorker.java:104)
	at org.testng.TestRunner.privateRun(TestRunner.java:774)
	at org.testng.TestRunner.run(TestRunner.java:624)
	at org.testng.SuiteRunner.runTest(SuiteRunner.java:359)
	at org.testng.SuiteRunner.runSequentially(SuiteRunner.java:354)
	at org.testng.SuiteRunner.privateRun(SuiteRunner.java:312)
	at org.testng.SuiteRunner.run(SuiteRunner.java:261)
	at org.testng.SuiteRunnerWorker.runSuite(SuiteRunnerWorker.java:52)
	at org.testng.SuiteRunnerWorker.run(SuiteRunnerWorker.java:86)
	at org.testng.TestNG.runSuitesSequentially(TestNG.java:1215)
	at org.testng.TestNG.runSuitesLocally(TestNG.java:1140)
	at org.testng.TestNG.run(TestNG.java:1048)
	at org.apache.maven.surefire.testng.TestNGExecutor.run(TestNGExecutor.java:293)
	at org.apache.maven.surefire.testng.TestNGXmlTestSuite.execute(TestNGXmlTestSuite.java:84)
	at org.apache.maven.surefire.testng.TestNGProvider.invoke(TestNGProvider.java:91)
	at org.apache.maven.surefire.booter.ForkedBooter.invokeProviderInSameClassLoader(ForkedBooter.java:200)
	at org.apache.maven.surefire.booter.ForkedBooter.runSuitesInProcess(ForkedBooter.java:153)
	at org.apache.maven.surefire.booter.ForkedBooter.main(ForkedBooter.java:103)
Caused by: org.openqa.selenium.NoSuchElementException: no such element: Unable to locate element: {"method":"id","selector":"login-language-inputEl"}
  (Session info: chrome=69.0.3497.100)
  (Driver info: chromedriver=2.42.591088 (7b2b2dca23cca0862f674758c9a3933e685c27d5),platform=Windows NT 6.1.7601 SP1 x86_64) (WARNING: The server did not provide any stacktrace information)
Command duration or timeout: 11 milliseconds
For documentation on this error, please visit: http://seleniumhq.org/exceptions/no_such_element.html
Build info: version: '2.53.1', revision: 'a36b8b1cd5757287168e54b817830adce9b0158d', time: '2016-06-30 19:26:09'
System info: host: 'Yeastar-PC', ip: '192.168.11.194', os.name: 'Windows 7', os.arch: 'x86', os.version: '6.1', java.version: '1.8.0_121'
Driver info: org.openqa.selenium.chrome.ChromeDriver
Capabilities [{mobileEmulationEnabled=false, hasTouchScreen=false, platform=XP, acceptSslCerts=false, goog:chromeOptions={debuggerAddress=localhost:23747}, acceptInsecureCerts=false, webStorageEnabled=true, browserName=chrome, takesScreenshot=true, javascriptEnabled=true, setWindowRect=true, unexpectedAlertBehaviour=, applicationCacheEnabled=false, rotatable=false, networkConnectionEnabled=false, chrome={chromedriverVersion=2.42.591088 (7b2b2dca23cca0862f674758c9a3933e685c27d5), userDataDir=C:\Users\Yeastar\AppData\Local\Temp\scoped_dir3852_3820}, takesHeapSnapshot=true, pageLoadStrategy=normal, databaseEnabled=false, handlesAlerts=true, version=69.0.3497.100, browserConnectionEnabled=false, nativeEvents=true, locationContextEnabled=true, cssSelectorsEnabled=true}]
Session ID: d3be694128271583ac260e31a4722891
*** Element info: {Using=id, value=login-language-inputEl}
	at sun.reflect.GeneratedConstructorAccessor26.newInstance(Unknown Source)
	at sun.reflect.DelegatingConstructorAccessorImpl.newInstance(DelegatingConstructorAccessorImpl.java:45)
	at java.lang.reflect.Constructor.newInstance(Constructor.java:423)
	at org.openqa.selenium.remote.ErrorHandler.createThrowable(ErrorHandler.java:206)
	at org.openqa.selenium.remote.ErrorHandler.throwIfResponseFailed(ErrorHandler.java:158)
	at org.openqa.selenium.remote.RemoteWebDriver.execute(RemoteWebDriver.java:678)
	at org.openqa.selenium.remote.RemoteWebDriver.findElement(RemoteWebDriver.java:363)
	at org.openqa.selenium.remote.RemoteWebDriver.findElementById(RemoteWebDriver.java:413)
	at org.openqa.selenium.By$ById.findElement(By.java:218)
	at org.openqa.selenium.remote.RemoteWebDriver.findElement(RemoteWebDriver.java:355)
	at com.codeborne.selenide.impl.WebElementSelector.findElement(WebElementSelector.java:28)
	at com.codeborne.selenide.impl.ElementFinder.getWebElement(ElementFinder.java:56)
	at com.codeborne.selenide.impl.WebElementSource.checkCondition(WebElementSource.java:44)
	... 39 more
]]>
    </error>
  </testcase> <!-- K1_editPatterns -->
  <testcase name="K1_editPatterns" time="0.000" classname="com.yeastar.swebtest.testcase.DetailCase.pbxcase.OutboundRoutes">
    <error type="com.codeborne.selenide.ex.ElementNotFound" message="Element not found {By.id: login-language-inputEl}
Expected: exist">
      <![CDATA[Element not found {By.id: login-language-inputEl}
Expected: exist
Screenshot: file:/F:/MyProject/SwebTest/pic/1539773760550.84.png
Timeout: 10 s.
Caused by: NoSuchElementException: no such element: Unable to locate element: {"method":"id","selector":"login-language-inputEl"}
	at com.codeborne.selenide.impl.WebElementSource.createElementNotFoundError(WebElementSource.java:31)
	at com.codeborne.selenide.impl.ElementFinder.createElementNotFoundError(ElementFinder.java:82)
	at com.codeborne.selenide.impl.WebElementSource.checkCondition(WebElementSource.java:59)
	at com.codeborne.selenide.commands.Should.should(Should.java:35)
	at com.codeborne.selenide.commands.Should.execute(Should.java:29)
	at com.codeborne.selenide.commands.Should.execute(Should.java:12)
	at com.codeborne.selenide.commands.Commands.execute(Commands.java:140)
	at com.codeborne.selenide.impl.SelenideElementProxy.dispatchAndRetry(SelenideElementProxy.java:86)
	at com.codeborne.selenide.impl.SelenideElementProxy.invoke(SelenideElementProxy.java:62)
	at com.sun.proxy.$Proxy6.should(Unknown Source)
	at com.yeastar.swebtest.driver.SwebDriver.click(SwebDriver.java:206)
	at com.yeastar.swebtest.driver.SwebDriver.select(SwebDriver.java:197)
	at com.yeastar.swebtest.driver.SwebDriver.login(SwebDriver.java:151)
	at com.yeastar.swebtest.driver.SwebDriver.login(SwebDriver.java:139)
	at com.yeastar.swebtest.testcase.DetailCase.pbxcase.PINList.BeforeClass(PINList.java:25)
	at sun.reflect.NativeMethodAccessorImpl.invoke0(Native Method)
	at sun.reflect.NativeMethodAccessorImpl.invoke(NativeMethodAccessorImpl.java:62)
	at sun.reflect.DelegatingMethodAccessorImpl.invoke(DelegatingMethodAccessorImpl.java:43)
	at java.lang.reflect.Method.invoke(Method.java:498)
	at org.testng.internal.MethodInvocationHelper.invokeMethod(MethodInvocationHelper.java:85)
	at org.testng.internal.Invoker.invokeConfigurationMethod(Invoker.java:510)
	at org.testng.internal.Invoker.invokeConfigurations(Invoker.java:211)
	at org.testng.internal.Invoker.invokeConfigurations(Invoker.java:138)
	at org.testng.internal.TestMethodWorker.invokeBeforeClassMethods(TestMethodWorker.java:170)
	at org.testng.internal.TestMethodWorker.run(TestMethodWorker.java:104)
	at org.testng.TestRunner.privateRun(TestRunner.java:774)
	at org.testng.TestRunner.run(TestRunner.java:624)
	at org.testng.SuiteRunner.runTest(SuiteRunner.java:359)
	at org.testng.SuiteRunner.runSequentially(SuiteRunner.java:354)
	at org.testng.SuiteRunner.privateRun(SuiteRunner.java:312)
	at org.testng.SuiteRunner.run(SuiteRunner.java:261)
	at org.testng.SuiteRunnerWorker.runSuite(SuiteRunnerWorker.java:52)
	at org.testng.SuiteRunnerWorker.run(SuiteRunnerWorker.java:86)
	at org.testng.TestNG.runSuitesSequentially(TestNG.java:1215)
	at org.testng.TestNG.runSuitesLocally(TestNG.java:1140)
	at org.testng.TestNG.run(TestNG.java:1048)
	at org.apache.maven.surefire.testng.TestNGExecutor.run(TestNGExecutor.java:293)
	at org.apache.maven.surefire.testng.TestNGXmlTestSuite.execute(TestNGXmlTestSuite.java:84)
	at org.apache.maven.surefire.testng.TestNGProvider.invoke(TestNGProvider.java:91)
	at org.apache.maven.surefire.booter.ForkedBooter.invokeProviderInSameClassLoader(ForkedBooter.java:200)
	at org.apache.maven.surefire.booter.ForkedBooter.runSuitesInProcess(ForkedBooter.java:153)
	at org.apache.maven.surefire.booter.ForkedBooter.main(ForkedBooter.java:103)
Caused by: org.openqa.selenium.NoSuchElementException: no such element: Unable to locate element: {"method":"id","selector":"login-language-inputEl"}
  (Session info: chrome=69.0.3497.100)
  (Driver info: chromedriver=2.42.591088 (7b2b2dca23cca0862f674758c9a3933e685c27d5),platform=Windows NT 6.1.7601 SP1 x86_64) (WARNING: The server did not provide any stacktrace information)
Command duration or timeout: 11 milliseconds
For documentation on this error, please visit: http://seleniumhq.org/exceptions/no_such_element.html
Build info: version: '2.53.1', revision: 'a36b8b1cd5757287168e54b817830adce9b0158d', time: '2016-06-30 19:26:09'
System info: host: 'Yeastar-PC', ip: '192.168.11.194', os.name: 'Windows 7', os.arch: 'x86', os.version: '6.1', java.version: '1.8.0_121'
Driver info: org.openqa.selenium.chrome.ChromeDriver
Capabilities [{mobileEmulationEnabled=false, hasTouchScreen=false, platform=XP, acceptSslCerts=false, goog:chromeOptions={debuggerAddress=localhost:23747}, acceptInsecureCerts=false, webStorageEnabled=true, browserName=chrome, takesScreenshot=true, javascriptEnabled=true, setWindowRect=true, unexpectedAlertBehaviour=, applicationCacheEnabled=false, rotatable=false, networkConnectionEnabled=false, chrome={chromedriverVersion=2.42.591088 (7b2b2dca23cca0862f674758c9a3933e685c27d5), userDataDir=C:\Users\Yeastar\AppData\Local\Temp\scoped_dir3852_3820}, takesHeapSnapshot=true, pageLoadStrategy=normal, databaseEnabled=false, handlesAlerts=true, version=69.0.3497.100, browserConnectionEnabled=false, nativeEvents=true, locationContextEnabled=true, cssSelectorsEnabled=true}]
Session ID: d3be694128271583ac260e31a4722891
*** Element info: {Using=id, value=login-language-inputEl}
	at sun.reflect.GeneratedConstructorAccessor26.newInstance(Unknown Source)
	at sun.reflect.DelegatingConstructorAccessorImpl.newInstance(DelegatingConstructorAccessorImpl.java:45)
	at java.lang.reflect.Constructor.newInstance(Constructor.java:423)
	at org.openqa.selenium.remote.ErrorHandler.createThrowable(ErrorHandler.java:206)
	at org.openqa.selenium.remote.ErrorHandler.throwIfResponseFailed(ErrorHandler.java:158)
	at org.openqa.selenium.remote.RemoteWebDriver.execute(RemoteWebDriver.java:678)
	at org.openqa.selenium.remote.RemoteWebDriver.findElement(RemoteWebDriver.java:363)
	at org.openqa.selenium.remote.RemoteWebDriver.findElementById(RemoteWebDriver.java:413)
	at org.openqa.selenium.By$ById.findElement(By.java:218)
	at org.openqa.selenium.remote.RemoteWebDriver.findElement(RemoteWebDriver.java:355)
	at com.codeborne.selenide.impl.WebElementSelector.findElement(WebElementSelector.java:28)
	at com.codeborne.selenide.impl.ElementFinder.getWebElement(ElementFinder.java:56)
	at com.codeborne.selenide.impl.WebElementSource.checkCondition(WebElementSource.java:44)
	... 39 more
]]>
    </error>
  </testcase> <!-- K1_editPatterns -->
  <testcase name="D_deleteOutBoundRoutes" time="0.000" classname="com.yeastar.swebtest.testcase.DetailCase.pbxcase.OutboundRoutes">
    <error type="com.codeborne.selenide.ex.ElementNotFound" message="Element not found {By.id: login-language-inputEl}
Expected: exist">
      <![CDATA[Element not found {By.id: login-language-inputEl}
Expected: exist
Screenshot: file:/F:/MyProject/SwebTest/pic/1539773760550.84.png
Timeout: 10 s.
Caused by: NoSuchElementException: no such element: Unable to locate element: {"method":"id","selector":"login-language-inputEl"}
	at com.codeborne.selenide.impl.WebElementSource.createElementNotFoundError(WebElementSource.java:31)
	at com.codeborne.selenide.impl.ElementFinder.createElementNotFoundError(ElementFinder.java:82)
	at com.codeborne.selenide.impl.WebElementSource.checkCondition(WebElementSource.java:59)
	at com.codeborne.selenide.commands.Should.should(Should.java:35)
	at com.codeborne.selenide.commands.Should.execute(Should.java:29)
	at com.codeborne.selenide.commands.Should.execute(Should.java:12)
	at com.codeborne.selenide.commands.Commands.execute(Commands.java:140)
	at com.codeborne.selenide.impl.SelenideElementProxy.dispatchAndRetry(SelenideElementProxy.java:86)
	at com.codeborne.selenide.impl.SelenideElementProxy.invoke(SelenideElementProxy.java:62)
	at com.sun.proxy.$Proxy6.should(Unknown Source)
	at com.yeastar.swebtest.driver.SwebDriver.click(SwebDriver.java:206)
	at com.yeastar.swebtest.driver.SwebDriver.select(SwebDriver.java:197)
	at com.yeastar.swebtest.driver.SwebDriver.login(SwebDriver.java:151)
	at com.yeastar.swebtest.driver.SwebDriver.login(SwebDriver.java:139)
	at com.yeastar.swebtest.testcase.DetailCase.pbxcase.PINList.BeforeClass(PINList.java:25)
	at sun.reflect.NativeMethodAccessorImpl.invoke0(Native Method)
	at sun.reflect.NativeMethodAccessorImpl.invoke(NativeMethodAccessorImpl.java:62)
	at sun.reflect.DelegatingMethodAccessorImpl.invoke(DelegatingMethodAccessorImpl.java:43)
	at java.lang.reflect.Method.invoke(Method.java:498)
	at org.testng.internal.MethodInvocationHelper.invokeMethod(MethodInvocationHelper.java:85)
	at org.testng.internal.Invoker.invokeConfigurationMethod(Invoker.java:510)
	at org.testng.internal.Invoker.invokeConfigurations(Invoker.java:211)
	at org.testng.internal.Invoker.invokeConfigurations(Invoker.java:138)
	at org.testng.internal.TestMethodWorker.invokeBeforeClassMethods(TestMethodWorker.java:170)
	at org.testng.internal.TestMethodWorker.run(TestMethodWorker.java:104)
	at org.testng.TestRunner.privateRun(TestRunner.java:774)
	at org.testng.TestRunner.run(TestRunner.java:624)
	at org.testng.SuiteRunner.runTest(SuiteRunner.java:359)
	at org.testng.SuiteRunner.runSequentially(SuiteRunner.java:354)
	at org.testng.SuiteRunner.privateRun(SuiteRunner.java:312)
	at org.testng.SuiteRunner.run(SuiteRunner.java:261)
	at org.testng.SuiteRunnerWorker.runSuite(SuiteRunnerWorker.java:52)
	at org.testng.SuiteRunnerWorker.run(SuiteRunnerWorker.java:86)
	at org.testng.TestNG.runSuitesSequentially(TestNG.java:1215)
	at org.testng.TestNG.runSuitesLocally(TestNG.java:1140)
	at org.testng.TestNG.run(TestNG.java:1048)
	at org.apache.maven.surefire.testng.TestNGExecutor.run(TestNGExecutor.java:293)
	at org.apache.maven.surefire.testng.TestNGXmlTestSuite.execute(TestNGXmlTestSuite.java:84)
	at org.apache.maven.surefire.testng.TestNGProvider.invoke(TestNGProvider.java:91)
	at org.apache.maven.surefire.booter.ForkedBooter.invokeProviderInSameClassLoader(ForkedBooter.java:200)
	at org.apache.maven.surefire.booter.ForkedBooter.runSuitesInProcess(ForkedBooter.java:153)
	at org.apache.maven.surefire.booter.ForkedBooter.main(ForkedBooter.java:103)
Caused by: org.openqa.selenium.NoSuchElementException: no such element: Unable to locate element: {"method":"id","selector":"login-language-inputEl"}
  (Session info: chrome=69.0.3497.100)
  (Driver info: chromedriver=2.42.591088 (7b2b2dca23cca0862f674758c9a3933e685c27d5),platform=Windows NT 6.1.7601 SP1 x86_64) (WARNING: The server did not provide any stacktrace information)
Command duration or timeout: 11 milliseconds
For documentation on this error, please visit: http://seleniumhq.org/exceptions/no_such_element.html
Build info: version: '2.53.1', revision: 'a36b8b1cd5757287168e54b817830adce9b0158d', time: '2016-06-30 19:26:09'
System info: host: 'Yeastar-PC', ip: '192.168.11.194', os.name: 'Windows 7', os.arch: 'x86', os.version: '6.1', java.version: '1.8.0_121'
Driver info: org.openqa.selenium.chrome.ChromeDriver
Capabilities [{mobileEmulationEnabled=false, hasTouchScreen=false, platform=XP, acceptSslCerts=false, goog:chromeOptions={debuggerAddress=localhost:23747}, acceptInsecureCerts=false, webStorageEnabled=true, browserName=chrome, takesScreenshot=true, javascriptEnabled=true, setWindowRect=true, unexpectedAlertBehaviour=, applicationCacheEnabled=false, rotatable=false, networkConnectionEnabled=false, chrome={chromedriverVersion=2.42.591088 (7b2b2dca23cca0862f674758c9a3933e685c27d5), userDataDir=C:\Users\Yeastar\AppData\Local\Temp\scoped_dir3852_3820}, takesHeapSnapshot=true, pageLoadStrategy=normal, databaseEnabled=false, handlesAlerts=true, version=69.0.3497.100, browserConnectionEnabled=false, nativeEvents=true, locationContextEnabled=true, cssSelectorsEnabled=true}]
Session ID: d3be694128271583ac260e31a4722891
*** Element info: {Using=id, value=login-language-inputEl}
	at sun.reflect.GeneratedConstructorAccessor26.newInstance(Unknown Source)
	at sun.reflect.DelegatingConstructorAccessorImpl.newInstance(DelegatingConstructorAccessorImpl.java:45)
	at java.lang.reflect.Constructor.newInstance(Constructor.java:423)
	at org.openqa.selenium.remote.ErrorHandler.createThrowable(ErrorHandler.java:206)
	at org.openqa.selenium.remote.ErrorHandler.throwIfResponseFailed(ErrorHandler.java:158)
	at org.openqa.selenium.remote.RemoteWebDriver.execute(RemoteWebDriver.java:678)
	at org.openqa.selenium.remote.RemoteWebDriver.findElement(RemoteWebDriver.java:363)
	at org.openqa.selenium.remote.RemoteWebDriver.findElementById(RemoteWebDriver.java:413)
	at org.openqa.selenium.By$ById.findElement(By.java:218)
	at org.openqa.selenium.remote.RemoteWebDriver.findElement(RemoteWebDriver.java:355)
	at com.codeborne.selenide.impl.WebElementSelector.findElement(WebElementSelector.java:28)
	at com.codeborne.selenide.impl.ElementFinder.getWebElement(ElementFinder.java:56)
	at com.codeborne.selenide.impl.WebElementSource.checkCondition(WebElementSource.java:44)
	... 39 more
]]>
    </error>
  </testcase> <!-- D_deleteOutBoundRoutes -->
  <testcase name="K2_editPatterns" time="0.000" classname="com.yeastar.swebtest.testcase.DetailCase.pbxcase.OutboundRoutes">
    <error type="com.codeborne.selenide.ex.ElementNotFound" message="Element not found {By.id: login-language-inputEl}
Expected: exist">
      <![CDATA[Element not found {By.id: login-language-inputEl}
Expected: exist
Screenshot: file:/F:/MyProject/SwebTest/pic/1539773760550.84.png
Timeout: 10 s.
Caused by: NoSuchElementException: no such element: Unable to locate element: {"method":"id","selector":"login-language-inputEl"}
	at com.codeborne.selenide.impl.WebElementSource.createElementNotFoundError(WebElementSource.java:31)
	at com.codeborne.selenide.impl.ElementFinder.createElementNotFoundError(ElementFinder.java:82)
	at com.codeborne.selenide.impl.WebElementSource.checkCondition(WebElementSource.java:59)
	at com.codeborne.selenide.commands.Should.should(Should.java:35)
	at com.codeborne.selenide.commands.Should.execute(Should.java:29)
	at com.codeborne.selenide.commands.Should.execute(Should.java:12)
	at com.codeborne.selenide.commands.Commands.execute(Commands.java:140)
	at com.codeborne.selenide.impl.SelenideElementProxy.dispatchAndRetry(SelenideElementProxy.java:86)
	at com.codeborne.selenide.impl.SelenideElementProxy.invoke(SelenideElementProxy.java:62)
	at com.sun.proxy.$Proxy6.should(Unknown Source)
	at com.yeastar.swebtest.driver.SwebDriver.click(SwebDriver.java:206)
	at com.yeastar.swebtest.driver.SwebDriver.select(SwebDriver.java:197)
	at com.yeastar.swebtest.driver.SwebDriver.login(SwebDriver.java:151)
	at com.yeastar.swebtest.driver.SwebDriver.login(SwebDriver.java:139)
	at com.yeastar.swebtest.testcase.DetailCase.pbxcase.PINList.BeforeClass(PINList.java:25)
	at sun.reflect.NativeMethodAccessorImpl.invoke0(Native Method)
	at sun.reflect.NativeMethodAccessorImpl.invoke(NativeMethodAccessorImpl.java:62)
	at sun.reflect.DelegatingMethodAccessorImpl.invoke(DelegatingMethodAccessorImpl.java:43)
	at java.lang.reflect.Method.invoke(Method.java:498)
	at org.testng.internal.MethodInvocationHelper.invokeMethod(MethodInvocationHelper.java:85)
	at org.testng.internal.Invoker.invokeConfigurationMethod(Invoker.java:510)
	at org.testng.internal.Invoker.invokeConfigurations(Invoker.java:211)
	at org.testng.internal.Invoker.invokeConfigurations(Invoker.java:138)
	at org.testng.internal.TestMethodWorker.invokeBeforeClassMethods(TestMethodWorker.java:170)
	at org.testng.internal.TestMethodWorker.run(TestMethodWorker.java:104)
	at org.testng.TestRunner.privateRun(TestRunner.java:774)
	at org.testng.TestRunner.run(TestRunner.java:624)
	at org.testng.SuiteRunner.runTest(SuiteRunner.java:359)
	at org.testng.SuiteRunner.runSequentially(SuiteRunner.java:354)
	at org.testng.SuiteRunner.privateRun(SuiteRunner.java:312)
	at org.testng.SuiteRunner.run(SuiteRunner.java:261)
	at org.testng.SuiteRunnerWorker.runSuite(SuiteRunnerWorker.java:52)
	at org.testng.SuiteRunnerWorker.run(SuiteRunnerWorker.java:86)
	at org.testng.TestNG.runSuitesSequentially(TestNG.java:1215)
	at org.testng.TestNG.runSuitesLocally(TestNG.java:1140)
	at org.testng.TestNG.run(TestNG.java:1048)
	at org.apache.maven.surefire.testng.TestNGExecutor.run(TestNGExecutor.java:293)
	at org.apache.maven.surefire.testng.TestNGXmlTestSuite.execute(TestNGXmlTestSuite.java:84)
	at org.apache.maven.surefire.testng.TestNGProvider.invoke(TestNGProvider.java:91)
	at org.apache.maven.surefire.booter.ForkedBooter.invokeProviderInSameClassLoader(ForkedBooter.java:200)
	at org.apache.maven.surefire.booter.ForkedBooter.runSuitesInProcess(ForkedBooter.java:153)
	at org.apache.maven.surefire.booter.ForkedBooter.main(ForkedBooter.java:103)
Caused by: org.openqa.selenium.NoSuchElementException: no such element: Unable to locate element: {"method":"id","selector":"login-language-inputEl"}
  (Session info: chrome=69.0.3497.100)
  (Driver info: chromedriver=2.42.591088 (7b2b2dca23cca0862f674758c9a3933e685c27d5),platform=Windows NT 6.1.7601 SP1 x86_64) (WARNING: The server did not provide any stacktrace information)
Command duration or timeout: 11 milliseconds
For documentation on this error, please visit: http://seleniumhq.org/exceptions/no_such_element.html
Build info: version: '2.53.1', revision: 'a36b8b1cd5757287168e54b817830adce9b0158d', time: '2016-06-30 19:26:09'
System info: host: 'Yeastar-PC', ip: '192.168.11.194', os.name: 'Windows 7', os.arch: 'x86', os.version: '6.1', java.version: '1.8.0_121'
Driver info: org.openqa.selenium.chrome.ChromeDriver
Capabilities [{mobileEmulationEnabled=false, hasTouchScreen=false, platform=XP, acceptSslCerts=false, goog:chromeOptions={debuggerAddress=localhost:23747}, acceptInsecureCerts=false, webStorageEnabled=true, browserName=chrome, takesScreenshot=true, javascriptEnabled=true, setWindowRect=true, unexpectedAlertBehaviour=, applicationCacheEnabled=false, rotatable=false, networkConnectionEnabled=false, chrome={chromedriverVersion=2.42.591088 (7b2b2dca23cca0862f674758c9a3933e685c27d5), userDataDir=C:\Users\Yeastar\AppData\Local\Temp\scoped_dir3852_3820}, takesHeapSnapshot=true, pageLoadStrategy=normal, databaseEnabled=false, handlesAlerts=true, version=69.0.3497.100, browserConnectionEnabled=false, nativeEvents=true, locationContextEnabled=true, cssSelectorsEnabled=true}]
Session ID: d3be694128271583ac260e31a4722891
*** Element info: {Using=id, value=login-language-inputEl}
	at sun.reflect.GeneratedConstructorAccessor26.newInstance(Unknown Source)
	at sun.reflect.DelegatingConstructorAccessorImpl.newInstance(DelegatingConstructorAccessorImpl.java:45)
	at java.lang.reflect.Constructor.newInstance(Constructor.java:423)
	at org.openqa.selenium.remote.ErrorHandler.createThrowable(ErrorHandler.java:206)
	at org.openqa.selenium.remote.ErrorHandler.throwIfResponseFailed(ErrorHandler.java:158)
	at org.openqa.selenium.remote.RemoteWebDriver.execute(RemoteWebDriver.java:678)
	at org.openqa.selenium.remote.RemoteWebDriver.findElement(RemoteWebDriver.java:363)
	at org.openqa.selenium.remote.RemoteWebDriver.findElementById(RemoteWebDriver.java:413)
	at org.openqa.selenium.By$ById.findElement(By.java:218)
	at org.openqa.selenium.remote.RemoteWebDriver.findElement(RemoteWebDriver.java:355)
	at com.codeborne.selenide.impl.WebElementSelector.findElement(WebElementSelector.java:28)
	at com.codeborne.selenide.impl.ElementFinder.getWebElement(ElementFinder.java:56)
	at com.codeborne.selenide.impl.WebElementSource.checkCondition(WebElementSource.java:44)
	... 39 more
]]>
    </error>
  </testcase> <!-- K2_editPatterns -->
  <testcase name="A3_initOutRoute" time="0.001" classname="com.yeastar.swebtest.testcase.DetailCase.pbxcase.OutboundRoutes">
    <error type="com.codeborne.selenide.ex.ElementNotFound" message="Element not found {By.id: login-language-inputEl}
Expected: exist">
      <![CDATA[Element not found {By.id: login-language-inputEl}
Expected: exist
Screenshot: file:/F:/MyProject/SwebTest/pic/1539773760550.84.png
Timeout: 10 s.
Caused by: NoSuchElementException: no such element: Unable to locate element: {"method":"id","selector":"login-language-inputEl"}
	at com.codeborne.selenide.impl.WebElementSource.createElementNotFoundError(WebElementSource.java:31)
	at com.codeborne.selenide.impl.ElementFinder.createElementNotFoundError(ElementFinder.java:82)
	at com.codeborne.selenide.impl.WebElementSource.checkCondition(WebElementSource.java:59)
	at com.codeborne.selenide.commands.Should.should(Should.java:35)
	at com.codeborne.selenide.commands.Should.execute(Should.java:29)
	at com.codeborne.selenide.commands.Should.execute(Should.java:12)
	at com.codeborne.selenide.commands.Commands.execute(Commands.java:140)
	at com.codeborne.selenide.impl.SelenideElementProxy.dispatchAndRetry(SelenideElementProxy.java:86)
	at com.codeborne.selenide.impl.SelenideElementProxy.invoke(SelenideElementProxy.java:62)
	at com.sun.proxy.$Proxy6.should(Unknown Source)
	at com.yeastar.swebtest.driver.SwebDriver.click(SwebDriver.java:206)
	at com.yeastar.swebtest.driver.SwebDriver.select(SwebDriver.java:197)
	at com.yeastar.swebtest.driver.SwebDriver.login(SwebDriver.java:151)
	at com.yeastar.swebtest.driver.SwebDriver.login(SwebDriver.java:139)
	at com.yeastar.swebtest.testcase.DetailCase.pbxcase.PINList.BeforeClass(PINList.java:25)
	at sun.reflect.NativeMethodAccessorImpl.invoke0(Native Method)
	at sun.reflect.NativeMethodAccessorImpl.invoke(NativeMethodAccessorImpl.java:62)
	at sun.reflect.DelegatingMethodAccessorImpl.invoke(DelegatingMethodAccessorImpl.java:43)
	at java.lang.reflect.Method.invoke(Method.java:498)
	at org.testng.internal.MethodInvocationHelper.invokeMethod(MethodInvocationHelper.java:85)
	at org.testng.internal.Invoker.invokeConfigurationMethod(Invoker.java:510)
	at org.testng.internal.Invoker.invokeConfigurations(Invoker.java:211)
	at org.testng.internal.Invoker.invokeConfigurations(Invoker.java:138)
	at org.testng.internal.TestMethodWorker.invokeBeforeClassMethods(TestMethodWorker.java:170)
	at org.testng.internal.TestMethodWorker.run(TestMethodWorker.java:104)
	at org.testng.TestRunner.privateRun(TestRunner.java:774)
	at org.testng.TestRunner.run(TestRunner.java:624)
	at org.testng.SuiteRunner.runTest(SuiteRunner.java:359)
	at org.testng.SuiteRunner.runSequentially(SuiteRunner.java:354)
	at org.testng.SuiteRunner.privateRun(SuiteRunner.java:312)
	at org.testng.SuiteRunner.run(SuiteRunner.java:261)
	at org.testng.SuiteRunnerWorker.runSuite(SuiteRunnerWorker.java:52)
	at org.testng.SuiteRunnerWorker.run(SuiteRunnerWorker.java:86)
	at org.testng.TestNG.runSuitesSequentially(TestNG.java:1215)
	at org.testng.TestNG.runSuitesLocally(TestNG.java:1140)
	at org.testng.TestNG.run(TestNG.java:1048)
	at org.apache.maven.surefire.testng.TestNGExecutor.run(TestNGExecutor.java:293)
	at org.apache.maven.surefire.testng.TestNGXmlTestSuite.execute(TestNGXmlTestSuite.java:84)
	at org.apache.maven.surefire.testng.TestNGProvider.invoke(TestNGProvider.java:91)
	at org.apache.maven.surefire.booter.ForkedBooter.invokeProviderInSameClassLoader(ForkedBooter.java:200)
	at org.apache.maven.surefire.booter.ForkedBooter.runSuitesInProcess(ForkedBooter.java:153)
	at org.apache.maven.surefire.booter.ForkedBooter.main(ForkedBooter.java:103)
Caused by: org.openqa.selenium.NoSuchElementException: no such element: Unable to locate element: {"method":"id","selector":"login-language-inputEl"}
  (Session info: chrome=69.0.3497.100)
  (Driver info: chromedriver=2.42.591088 (7b2b2dca23cca0862f674758c9a3933e685c27d5),platform=Windows NT 6.1.7601 SP1 x86_64) (WARNING: The server did not provide any stacktrace information)
Command duration or timeout: 11 milliseconds
For documentation on this error, please visit: http://seleniumhq.org/exceptions/no_such_element.html
Build info: version: '2.53.1', revision: 'a36b8b1cd5757287168e54b817830adce9b0158d', time: '2016-06-30 19:26:09'
System info: host: 'Yeastar-PC', ip: '192.168.11.194', os.name: 'Windows 7', os.arch: 'x86', os.version: '6.1', java.version: '1.8.0_121'
Driver info: org.openqa.selenium.chrome.ChromeDriver
Capabilities [{mobileEmulationEnabled=false, hasTouchScreen=false, platform=XP, acceptSslCerts=false, goog:chromeOptions={debuggerAddress=localhost:23747}, acceptInsecureCerts=false, webStorageEnabled=true, browserName=chrome, takesScreenshot=true, javascriptEnabled=true, setWindowRect=true, unexpectedAlertBehaviour=, applicationCacheEnabled=false, rotatable=false, networkConnectionEnabled=false, chrome={chromedriverVersion=2.42.591088 (7b2b2dca23cca0862f674758c9a3933e685c27d5), userDataDir=C:\Users\Yeastar\AppData\Local\Temp\scoped_dir3852_3820}, takesHeapSnapshot=true, pageLoadStrategy=normal, databaseEnabled=false, handlesAlerts=true, version=69.0.3497.100, browserConnectionEnabled=false, nativeEvents=true, locationContextEnabled=true, cssSelectorsEnabled=true}]
Session ID: d3be694128271583ac260e31a4722891
*** Element info: {Using=id, value=login-language-inputEl}
	at sun.reflect.GeneratedConstructorAccessor26.newInstance(Unknown Source)
	at sun.reflect.DelegatingConstructorAccessorImpl.newInstance(DelegatingConstructorAccessorImpl.java:45)
	at java.lang.reflect.Constructor.newInstance(Constructor.java:423)
	at org.openqa.selenium.remote.ErrorHandler.createThrowable(ErrorHandler.java:206)
	at org.openqa.selenium.remote.ErrorHandler.throwIfResponseFailed(ErrorHandler.java:158)
	at org.openqa.selenium.remote.RemoteWebDriver.execute(RemoteWebDriver.java:678)
	at org.openqa.selenium.remote.RemoteWebDriver.findElement(RemoteWebDriver.java:363)
	at org.openqa.selenium.remote.RemoteWebDriver.findElementById(RemoteWebDriver.java:413)
	at org.openqa.selenium.By$ById.findElement(By.java:218)
	at org.openqa.selenium.remote.RemoteWebDriver.findElement(RemoteWebDriver.java:355)
	at com.codeborne.selenide.impl.WebElementSelector.findElement(WebElementSelector.java:28)
	at com.codeborne.selenide.impl.ElementFinder.getWebElement(ElementFinder.java:56)
	at com.codeborne.selenide.impl.WebElementSource.checkCondition(WebElementSource.java:44)
	... 39 more
]]>
    </error>
  </testcase> <!-- A3_initOutRoute -->
  <testcase name="K1_editPatterns" time="0.000" classname="com.yeastar.swebtest.testcase.DetailCase.pbxcase.OutboundRoutes">
    <error type="com.codeborne.selenide.ex.ElementNotFound" message="Element not found {By.id: login-language-inputEl}
Expected: exist">
      <![CDATA[Element not found {By.id: login-language-inputEl}
Expected: exist
Screenshot: file:/F:/MyProject/SwebTest/pic/1539773760550.84.png
Timeout: 10 s.
Caused by: NoSuchElementException: no such element: Unable to locate element: {"method":"id","selector":"login-language-inputEl"}
	at com.codeborne.selenide.impl.WebElementSource.createElementNotFoundError(WebElementSource.java:31)
	at com.codeborne.selenide.impl.ElementFinder.createElementNotFoundError(ElementFinder.java:82)
	at com.codeborne.selenide.impl.WebElementSource.checkCondition(WebElementSource.java:59)
	at com.codeborne.selenide.commands.Should.should(Should.java:35)
	at com.codeborne.selenide.commands.Should.execute(Should.java:29)
	at com.codeborne.selenide.commands.Should.execute(Should.java:12)
	at com.codeborne.selenide.commands.Commands.execute(Commands.java:140)
	at com.codeborne.selenide.impl.SelenideElementProxy.dispatchAndRetry(SelenideElementProxy.java:86)
	at com.codeborne.selenide.impl.SelenideElementProxy.invoke(SelenideElementProxy.java:62)
	at com.sun.proxy.$Proxy6.should(Unknown Source)
	at com.yeastar.swebtest.driver.SwebDriver.click(SwebDriver.java:206)
	at com.yeastar.swebtest.driver.SwebDriver.select(SwebDriver.java:197)
	at com.yeastar.swebtest.driver.SwebDriver.login(SwebDriver.java:151)
	at com.yeastar.swebtest.driver.SwebDriver.login(SwebDriver.java:139)
	at com.yeastar.swebtest.testcase.DetailCase.pbxcase.PINList.BeforeClass(PINList.java:25)
	at sun.reflect.NativeMethodAccessorImpl.invoke0(Native Method)
	at sun.reflect.NativeMethodAccessorImpl.invoke(NativeMethodAccessorImpl.java:62)
	at sun.reflect.DelegatingMethodAccessorImpl.invoke(DelegatingMethodAccessorImpl.java:43)
	at java.lang.reflect.Method.invoke(Method.java:498)
	at org.testng.internal.MethodInvocationHelper.invokeMethod(MethodInvocationHelper.java:85)
	at org.testng.internal.Invoker.invokeConfigurationMethod(Invoker.java:510)
	at org.testng.internal.Invoker.invokeConfigurations(Invoker.java:211)
	at org.testng.internal.Invoker.invokeConfigurations(Invoker.java:138)
	at org.testng.internal.TestMethodWorker.invokeBeforeClassMethods(TestMethodWorker.java:170)
	at org.testng.internal.TestMethodWorker.run(TestMethodWorker.java:104)
	at org.testng.TestRunner.privateRun(TestRunner.java:774)
	at org.testng.TestRunner.run(TestRunner.java:624)
	at org.testng.SuiteRunner.runTest(SuiteRunner.java:359)
	at org.testng.SuiteRunner.runSequentially(SuiteRunner.java:354)
	at org.testng.SuiteRunner.privateRun(SuiteRunner.java:312)
	at org.testng.SuiteRunner.run(SuiteRunner.java:261)
	at org.testng.SuiteRunnerWorker.runSuite(SuiteRunnerWorker.java:52)
	at org.testng.SuiteRunnerWorker.run(SuiteRunnerWorker.java:86)
	at org.testng.TestNG.runSuitesSequentially(TestNG.java:1215)
	at org.testng.TestNG.runSuitesLocally(TestNG.java:1140)
	at org.testng.TestNG.run(TestNG.java:1048)
	at org.apache.maven.surefire.testng.TestNGExecutor.run(TestNGExecutor.java:293)
	at org.apache.maven.surefire.testng.TestNGXmlTestSuite.execute(TestNGXmlTestSuite.java:84)
	at org.apache.maven.surefire.testng.TestNGProvider.invoke(TestNGProvider.java:91)
	at org.apache.maven.surefire.booter.ForkedBooter.invokeProviderInSameClassLoader(ForkedBooter.java:200)
	at org.apache.maven.surefire.booter.ForkedBooter.runSuitesInProcess(ForkedBooter.java:153)
	at org.apache.maven.surefire.booter.ForkedBooter.main(ForkedBooter.java:103)
Caused by: org.openqa.selenium.NoSuchElementException: no such element: Unable to locate element: {"method":"id","selector":"login-language-inputEl"}
  (Session info: chrome=69.0.3497.100)
  (Driver info: chromedriver=2.42.591088 (7b2b2dca23cca0862f674758c9a3933e685c27d5),platform=Windows NT 6.1.7601 SP1 x86_64) (WARNING: The server did not provide any stacktrace information)
Command duration or timeout: 11 milliseconds
For documentation on this error, please visit: http://seleniumhq.org/exceptions/no_such_element.html
Build info: version: '2.53.1', revision: 'a36b8b1cd5757287168e54b817830adce9b0158d', time: '2016-06-30 19:26:09'
System info: host: 'Yeastar-PC', ip: '192.168.11.194', os.name: 'Windows 7', os.arch: 'x86', os.version: '6.1', java.version: '1.8.0_121'
Driver info: org.openqa.selenium.chrome.ChromeDriver
Capabilities [{mobileEmulationEnabled=false, hasTouchScreen=false, platform=XP, acceptSslCerts=false, goog:chromeOptions={debuggerAddress=localhost:23747}, acceptInsecureCerts=false, webStorageEnabled=true, browserName=chrome, takesScreenshot=true, javascriptEnabled=true, setWindowRect=true, unexpectedAlertBehaviour=, applicationCacheEnabled=false, rotatable=false, networkConnectionEnabled=false, chrome={chromedriverVersion=2.42.591088 (7b2b2dca23cca0862f674758c9a3933e685c27d5), userDataDir=C:\Users\Yeastar\AppData\Local\Temp\scoped_dir3852_3820}, takesHeapSnapshot=true, pageLoadStrategy=normal, databaseEnabled=false, handlesAlerts=true, version=69.0.3497.100, browserConnectionEnabled=false, nativeEvents=true, locationContextEnabled=true, cssSelectorsEnabled=true}]
Session ID: d3be694128271583ac260e31a4722891
*** Element info: {Using=id, value=login-language-inputEl}
	at sun.reflect.GeneratedConstructorAccessor26.newInstance(Unknown Source)
	at sun.reflect.DelegatingConstructorAccessorImpl.newInstance(DelegatingConstructorAccessorImpl.java:45)
	at java.lang.reflect.Constructor.newInstance(Constructor.java:423)
	at org.openqa.selenium.remote.ErrorHandler.createThrowable(ErrorHandler.java:206)
	at org.openqa.selenium.remote.ErrorHandler.throwIfResponseFailed(ErrorHandler.java:158)
	at org.openqa.selenium.remote.RemoteWebDriver.execute(RemoteWebDriver.java:678)
	at org.openqa.selenium.remote.RemoteWebDriver.findElement(RemoteWebDriver.java:363)
	at org.openqa.selenium.remote.RemoteWebDriver.findElementById(RemoteWebDriver.java:413)
	at org.openqa.selenium.By$ById.findElement(By.java:218)
	at org.openqa.selenium.remote.RemoteWebDriver.findElement(RemoteWebDriver.java:355)
	at com.codeborne.selenide.impl.WebElementSelector.findElement(WebElementSelector.java:28)
	at com.codeborne.selenide.impl.ElementFinder.getWebElement(ElementFinder.java:56)
	at com.codeborne.selenide.impl.WebElementSource.checkCondition(WebElementSource.java:44)
	... 39 more
]]>
    </error>
  </testcase> <!-- K1_editPatterns -->
  <testcase name="K1_editPatterns" time="0.000" classname="com.yeastar.swebtest.testcase.DetailCase.pbxcase.OutboundRoutes">
    <error type="com.codeborne.selenide.ex.ElementNotFound" message="Element not found {By.id: login-language-inputEl}
Expected: exist">
      <![CDATA[Element not found {By.id: login-language-inputEl}
Expected: exist
Screenshot: file:/F:/MyProject/SwebTest/pic/1539773760550.84.png
Timeout: 10 s.
Caused by: NoSuchElementException: no such element: Unable to locate element: {"method":"id","selector":"login-language-inputEl"}
	at com.codeborne.selenide.impl.WebElementSource.createElementNotFoundError(WebElementSource.java:31)
	at com.codeborne.selenide.impl.ElementFinder.createElementNotFoundError(ElementFinder.java:82)
	at com.codeborne.selenide.impl.WebElementSource.checkCondition(WebElementSource.java:59)
	at com.codeborne.selenide.commands.Should.should(Should.java:35)
	at com.codeborne.selenide.commands.Should.execute(Should.java:29)
	at com.codeborne.selenide.commands.Should.execute(Should.java:12)
	at com.codeborne.selenide.commands.Commands.execute(Commands.java:140)
	at com.codeborne.selenide.impl.SelenideElementProxy.dispatchAndRetry(SelenideElementProxy.java:86)
	at com.codeborne.selenide.impl.SelenideElementProxy.invoke(SelenideElementProxy.java:62)
	at com.sun.proxy.$Proxy6.should(Unknown Source)
	at com.yeastar.swebtest.driver.SwebDriver.click(SwebDriver.java:206)
	at com.yeastar.swebtest.driver.SwebDriver.select(SwebDriver.java:197)
	at com.yeastar.swebtest.driver.SwebDriver.login(SwebDriver.java:151)
	at com.yeastar.swebtest.driver.SwebDriver.login(SwebDriver.java:139)
	at com.yeastar.swebtest.testcase.DetailCase.pbxcase.PINList.BeforeClass(PINList.java:25)
	at sun.reflect.NativeMethodAccessorImpl.invoke0(Native Method)
	at sun.reflect.NativeMethodAccessorImpl.invoke(NativeMethodAccessorImpl.java:62)
	at sun.reflect.DelegatingMethodAccessorImpl.invoke(DelegatingMethodAccessorImpl.java:43)
	at java.lang.reflect.Method.invoke(Method.java:498)
	at org.testng.internal.MethodInvocationHelper.invokeMethod(MethodInvocationHelper.java:85)
	at org.testng.internal.Invoker.invokeConfigurationMethod(Invoker.java:510)
	at org.testng.internal.Invoker.invokeConfigurations(Invoker.java:211)
	at org.testng.internal.Invoker.invokeConfigurations(Invoker.java:138)
	at org.testng.internal.TestMethodWorker.invokeBeforeClassMethods(TestMethodWorker.java:170)
	at org.testng.internal.TestMethodWorker.run(TestMethodWorker.java:104)
	at org.testng.TestRunner.privateRun(TestRunner.java:774)
	at org.testng.TestRunner.run(TestRunner.java:624)
	at org.testng.SuiteRunner.runTest(SuiteRunner.java:359)
	at org.testng.SuiteRunner.runSequentially(SuiteRunner.java:354)
	at org.testng.SuiteRunner.privateRun(SuiteRunner.java:312)
	at org.testng.SuiteRunner.run(SuiteRunner.java:261)
	at org.testng.SuiteRunnerWorker.runSuite(SuiteRunnerWorker.java:52)
	at org.testng.SuiteRunnerWorker.run(SuiteRunnerWorker.java:86)
	at org.testng.TestNG.runSuitesSequentially(TestNG.java:1215)
	at org.testng.TestNG.runSuitesLocally(TestNG.java:1140)
	at org.testng.TestNG.run(TestNG.java:1048)
	at org.apache.maven.surefire.testng.TestNGExecutor.run(TestNGExecutor.java:293)
	at org.apache.maven.surefire.testng.TestNGXmlTestSuite.execute(TestNGXmlTestSuite.java:84)
	at org.apache.maven.surefire.testng.TestNGProvider.invoke(TestNGProvider.java:91)
	at org.apache.maven.surefire.booter.ForkedBooter.invokeProviderInSameClassLoader(ForkedBooter.java:200)
	at org.apache.maven.surefire.booter.ForkedBooter.runSuitesInProcess(ForkedBooter.java:153)
	at org.apache.maven.surefire.booter.ForkedBooter.main(ForkedBooter.java:103)
Caused by: org.openqa.selenium.NoSuchElementException: no such element: Unable to locate element: {"method":"id","selector":"login-language-inputEl"}
  (Session info: chrome=69.0.3497.100)
  (Driver info: chromedriver=2.42.591088 (7b2b2dca23cca0862f674758c9a3933e685c27d5),platform=Windows NT 6.1.7601 SP1 x86_64) (WARNING: The server did not provide any stacktrace information)
Command duration or timeout: 11 milliseconds
For documentation on this error, please visit: http://seleniumhq.org/exceptions/no_such_element.html
Build info: version: '2.53.1', revision: 'a36b8b1cd5757287168e54b817830adce9b0158d', time: '2016-06-30 19:26:09'
System info: host: 'Yeastar-PC', ip: '192.168.11.194', os.name: 'Windows 7', os.arch: 'x86', os.version: '6.1', java.version: '1.8.0_121'
Driver info: org.openqa.selenium.chrome.ChromeDriver
Capabilities [{mobileEmulationEnabled=false, hasTouchScreen=false, platform=XP, acceptSslCerts=false, goog:chromeOptions={debuggerAddress=localhost:23747}, acceptInsecureCerts=false, webStorageEnabled=true, browserName=chrome, takesScreenshot=true, javascriptEnabled=true, setWindowRect=true, unexpectedAlertBehaviour=, applicationCacheEnabled=false, rotatable=false, networkConnectionEnabled=false, chrome={chromedriverVersion=2.42.591088 (7b2b2dca23cca0862f674758c9a3933e685c27d5), userDataDir=C:\Users\Yeastar\AppData\Local\Temp\scoped_dir3852_3820}, takesHeapSnapshot=true, pageLoadStrategy=normal, databaseEnabled=false, handlesAlerts=true, version=69.0.3497.100, browserConnectionEnabled=false, nativeEvents=true, locationContextEnabled=true, cssSelectorsEnabled=true}]
Session ID: d3be694128271583ac260e31a4722891
*** Element info: {Using=id, value=login-language-inputEl}
	at sun.reflect.GeneratedConstructorAccessor26.newInstance(Unknown Source)
	at sun.reflect.DelegatingConstructorAccessorImpl.newInstance(DelegatingConstructorAccessorImpl.java:45)
	at java.lang.reflect.Constructor.newInstance(Constructor.java:423)
	at org.openqa.selenium.remote.ErrorHandler.createThrowable(ErrorHandler.java:206)
	at org.openqa.selenium.remote.ErrorHandler.throwIfResponseFailed(ErrorHandler.java:158)
	at org.openqa.selenium.remote.RemoteWebDriver.execute(RemoteWebDriver.java:678)
	at org.openqa.selenium.remote.RemoteWebDriver.findElement(RemoteWebDriver.java:363)
	at org.openqa.selenium.remote.RemoteWebDriver.findElementById(RemoteWebDriver.java:413)
	at org.openqa.selenium.By$ById.findElement(By.java:218)
	at org.openqa.selenium.remote.RemoteWebDriver.findElement(RemoteWebDriver.java:355)
	at com.codeborne.selenide.impl.WebElementSelector.findElement(WebElementSelector.java:28)
	at com.codeborne.selenide.impl.ElementFinder.getWebElement(ElementFinder.java:56)
	at com.codeborne.selenide.impl.WebElementSource.checkCondition(WebElementSource.java:44)
	... 39 more
]]>
    </error>
  </testcase> <!-- K1_editPatterns -->
  <testcase name="Q_recovery1" time="0.000" classname="com.yeastar.swebtest.testcase.DetailCase.pbxcase.OutboundRoutes">
    <error type="com.codeborne.selenide.ex.ElementNotFound" message="Element not found {By.id: login-language-inputEl}
Expected: exist">
      <![CDATA[Element not found {By.id: login-language-inputEl}
Expected: exist
Screenshot: file:/F:/MyProject/SwebTest/pic/1539773760550.84.png
Timeout: 10 s.
Caused by: NoSuchElementException: no such element: Unable to locate element: {"method":"id","selector":"login-language-inputEl"}
	at com.codeborne.selenide.impl.WebElementSource.createElementNotFoundError(WebElementSource.java:31)
	at com.codeborne.selenide.impl.ElementFinder.createElementNotFoundError(ElementFinder.java:82)
	at com.codeborne.selenide.impl.WebElementSource.checkCondition(WebElementSource.java:59)
	at com.codeborne.selenide.commands.Should.should(Should.java:35)
	at com.codeborne.selenide.commands.Should.execute(Should.java:29)
	at com.codeborne.selenide.commands.Should.execute(Should.java:12)
	at com.codeborne.selenide.commands.Commands.execute(Commands.java:140)
	at com.codeborne.selenide.impl.SelenideElementProxy.dispatchAndRetry(SelenideElementProxy.java:86)
	at com.codeborne.selenide.impl.SelenideElementProxy.invoke(SelenideElementProxy.java:62)
	at com.sun.proxy.$Proxy6.should(Unknown Source)
	at com.yeastar.swebtest.driver.SwebDriver.click(SwebDriver.java:206)
	at com.yeastar.swebtest.driver.SwebDriver.select(SwebDriver.java:197)
	at com.yeastar.swebtest.driver.SwebDriver.login(SwebDriver.java:151)
	at com.yeastar.swebtest.driver.SwebDriver.login(SwebDriver.java:139)
	at com.yeastar.swebtest.testcase.DetailCase.pbxcase.PINList.BeforeClass(PINList.java:25)
	at sun.reflect.NativeMethodAccessorImpl.invoke0(Native Method)
	at sun.reflect.NativeMethodAccessorImpl.invoke(NativeMethodAccessorImpl.java:62)
	at sun.reflect.DelegatingMethodAccessorImpl.invoke(DelegatingMethodAccessorImpl.java:43)
	at java.lang.reflect.Method.invoke(Method.java:498)
	at org.testng.internal.MethodInvocationHelper.invokeMethod(MethodInvocationHelper.java:85)
	at org.testng.internal.Invoker.invokeConfigurationMethod(Invoker.java:510)
	at org.testng.internal.Invoker.invokeConfigurations(Invoker.java:211)
	at org.testng.internal.Invoker.invokeConfigurations(Invoker.java:138)
	at org.testng.internal.TestMethodWorker.invokeBeforeClassMethods(TestMethodWorker.java:170)
	at org.testng.internal.TestMethodWorker.run(TestMethodWorker.java:104)
	at org.testng.TestRunner.privateRun(TestRunner.java:774)
	at org.testng.TestRunner.run(TestRunner.java:624)
	at org.testng.SuiteRunner.runTest(SuiteRunner.java:359)
	at org.testng.SuiteRunner.runSequentially(SuiteRunner.java:354)
	at org.testng.SuiteRunner.privateRun(SuiteRunner.java:312)
	at org.testng.SuiteRunner.run(SuiteRunner.java:261)
	at org.testng.SuiteRunnerWorker.runSuite(SuiteRunnerWorker.java:52)
	at org.testng.SuiteRunnerWorker.run(SuiteRunnerWorker.java:86)
	at org.testng.TestNG.runSuitesSequentially(TestNG.java:1215)
	at org.testng.TestNG.runSuitesLocally(TestNG.java:1140)
	at org.testng.TestNG.run(TestNG.java:1048)
	at org.apache.maven.surefire.testng.TestNGExecutor.run(TestNGExecutor.java:293)
	at org.apache.maven.surefire.testng.TestNGXmlTestSuite.execute(TestNGXmlTestSuite.java:84)
	at org.apache.maven.surefire.testng.TestNGProvider.invoke(TestNGProvider.java:91)
	at org.apache.maven.surefire.booter.ForkedBooter.invokeProviderInSameClassLoader(ForkedBooter.java:200)
	at org.apache.maven.surefire.booter.ForkedBooter.runSuitesInProcess(ForkedBooter.java:153)
	at org.apache.maven.surefire.booter.ForkedBooter.main(ForkedBooter.java:103)
Caused by: org.openqa.selenium.NoSuchElementException: no such element: Unable to locate element: {"method":"id","selector":"login-language-inputEl"}
  (Session info: chrome=69.0.3497.100)
  (Driver info: chromedriver=2.42.591088 (7b2b2dca23cca0862f674758c9a3933e685c27d5),platform=Windows NT 6.1.7601 SP1 x86_64) (WARNING: The server did not provide any stacktrace information)
Command duration or timeout: 11 milliseconds
For documentation on this error, please visit: http://seleniumhq.org/exceptions/no_such_element.html
Build info: version: '2.53.1', revision: 'a36b8b1cd5757287168e54b817830adce9b0158d', time: '2016-06-30 19:26:09'
System info: host: 'Yeastar-PC', ip: '192.168.11.194', os.name: 'Windows 7', os.arch: 'x86', os.version: '6.1', java.version: '1.8.0_121'
Driver info: org.openqa.selenium.chrome.ChromeDriver
Capabilities [{mobileEmulationEnabled=false, hasTouchScreen=false, platform=XP, acceptSslCerts=false, goog:chromeOptions={debuggerAddress=localhost:23747}, acceptInsecureCerts=false, webStorageEnabled=true, browserName=chrome, takesScreenshot=true, javascriptEnabled=true, setWindowRect=true, unexpectedAlertBehaviour=, applicationCacheEnabled=false, rotatable=false, networkConnectionEnabled=false, chrome={chromedriverVersion=2.42.591088 (7b2b2dca23cca0862f674758c9a3933e685c27d5), userDataDir=C:\Users\Yeastar\AppData\Local\Temp\scoped_dir3852_3820}, takesHeapSnapshot=true, pageLoadStrategy=normal, databaseEnabled=false, handlesAlerts=true, version=69.0.3497.100, browserConnectionEnabled=false, nativeEvents=true, locationContextEnabled=true, cssSelectorsEnabled=true}]
Session ID: d3be694128271583ac260e31a4722891
*** Element info: {Using=id, value=login-language-inputEl}
	at sun.reflect.GeneratedConstructorAccessor26.newInstance(Unknown Source)
	at sun.reflect.DelegatingConstructorAccessorImpl.newInstance(DelegatingConstructorAccessorImpl.java:45)
	at java.lang.reflect.Constructor.newInstance(Constructor.java:423)
	at org.openqa.selenium.remote.ErrorHandler.createThrowable(ErrorHandler.java:206)
	at org.openqa.selenium.remote.ErrorHandler.throwIfResponseFailed(ErrorHandler.java:158)
	at org.openqa.selenium.remote.RemoteWebDriver.execute(RemoteWebDriver.java:678)
	at org.openqa.selenium.remote.RemoteWebDriver.findElement(RemoteWebDriver.java:363)
	at org.openqa.selenium.remote.RemoteWebDriver.findElementById(RemoteWebDriver.java:413)
	at org.openqa.selenium.By$ById.findElement(By.java:218)
	at org.openqa.selenium.remote.RemoteWebDriver.findElement(RemoteWebDriver.java:355)
	at com.codeborne.selenide.impl.WebElementSelector.findElement(WebElementSelector.java:28)
	at com.codeborne.selenide.impl.ElementFinder.getWebElement(ElementFinder.java:56)
	at com.codeborne.selenide.impl.WebElementSource.checkCondition(WebElementSource.java:44)
	... 39 more
]]>
    </error>
  </testcase> <!-- Q_recovery1 -->
  <testcase name="K1_editPatterns" time="0.000" classname="com.yeastar.swebtest.testcase.DetailCase.pbxcase.OutboundRoutes">
    <error type="com.codeborne.selenide.ex.ElementNotFound" message="Element not found {By.id: login-language-inputEl}
Expected: exist">
      <![CDATA[Element not found {By.id: login-language-inputEl}
Expected: exist
Screenshot: file:/F:/MyProject/SwebTest/pic/1539773760550.84.png
Timeout: 10 s.
Caused by: NoSuchElementException: no such element: Unable to locate element: {"method":"id","selector":"login-language-inputEl"}
	at com.codeborne.selenide.impl.WebElementSource.createElementNotFoundError(WebElementSource.java:31)
	at com.codeborne.selenide.impl.ElementFinder.createElementNotFoundError(ElementFinder.java:82)
	at com.codeborne.selenide.impl.WebElementSource.checkCondition(WebElementSource.java:59)
	at com.codeborne.selenide.commands.Should.should(Should.java:35)
	at com.codeborne.selenide.commands.Should.execute(Should.java:29)
	at com.codeborne.selenide.commands.Should.execute(Should.java:12)
	at com.codeborne.selenide.commands.Commands.execute(Commands.java:140)
	at com.codeborne.selenide.impl.SelenideElementProxy.dispatchAndRetry(SelenideElementProxy.java:86)
	at com.codeborne.selenide.impl.SelenideElementProxy.invoke(SelenideElementProxy.java:62)
	at com.sun.proxy.$Proxy6.should(Unknown Source)
	at com.yeastar.swebtest.driver.SwebDriver.click(SwebDriver.java:206)
	at com.yeastar.swebtest.driver.SwebDriver.select(SwebDriver.java:197)
	at com.yeastar.swebtest.driver.SwebDriver.login(SwebDriver.java:151)
	at com.yeastar.swebtest.driver.SwebDriver.login(SwebDriver.java:139)
	at com.yeastar.swebtest.testcase.DetailCase.pbxcase.PINList.BeforeClass(PINList.java:25)
	at sun.reflect.NativeMethodAccessorImpl.invoke0(Native Method)
	at sun.reflect.NativeMethodAccessorImpl.invoke(NativeMethodAccessorImpl.java:62)
	at sun.reflect.DelegatingMethodAccessorImpl.invoke(DelegatingMethodAccessorImpl.java:43)
	at java.lang.reflect.Method.invoke(Method.java:498)
	at org.testng.internal.MethodInvocationHelper.invokeMethod(MethodInvocationHelper.java:85)
	at org.testng.internal.Invoker.invokeConfigurationMethod(Invoker.java:510)
	at org.testng.internal.Invoker.invokeConfigurations(Invoker.java:211)
	at org.testng.internal.Invoker.invokeConfigurations(Invoker.java:138)
	at org.testng.internal.TestMethodWorker.invokeBeforeClassMethods(TestMethodWorker.java:170)
	at org.testng.internal.TestMethodWorker.run(TestMethodWorker.java:104)
	at org.testng.TestRunner.privateRun(TestRunner.java:774)
	at org.testng.TestRunner.run(TestRunner.java:624)
	at org.testng.SuiteRunner.runTest(SuiteRunner.java:359)
	at org.testng.SuiteRunner.runSequentially(SuiteRunner.java:354)
	at org.testng.SuiteRunner.privateRun(SuiteRunner.java:312)
	at org.testng.SuiteRunner.run(SuiteRunner.java:261)
	at org.testng.SuiteRunnerWorker.runSuite(SuiteRunnerWorker.java:52)
	at org.testng.SuiteRunnerWorker.run(SuiteRunnerWorker.java:86)
	at org.testng.TestNG.runSuitesSequentially(TestNG.java:1215)
	at org.testng.TestNG.runSuitesLocally(TestNG.java:1140)
	at org.testng.TestNG.run(TestNG.java:1048)
	at org.apache.maven.surefire.testng.TestNGExecutor.run(TestNGExecutor.java:293)
	at org.apache.maven.surefire.testng.TestNGXmlTestSuite.execute(TestNGXmlTestSuite.java:84)
	at org.apache.maven.surefire.testng.TestNGProvider.invoke(TestNGProvider.java:91)
	at org.apache.maven.surefire.booter.ForkedBooter.invokeProviderInSameClassLoader(ForkedBooter.java:200)
	at org.apache.maven.surefire.booter.ForkedBooter.runSuitesInProcess(ForkedBooter.java:153)
	at org.apache.maven.surefire.booter.ForkedBooter.main(ForkedBooter.java:103)
Caused by: org.openqa.selenium.NoSuchElementException: no such element: Unable to locate element: {"method":"id","selector":"login-language-inputEl"}
  (Session info: chrome=69.0.3497.100)
  (Driver info: chromedriver=2.42.591088 (7b2b2dca23cca0862f674758c9a3933e685c27d5),platform=Windows NT 6.1.7601 SP1 x86_64) (WARNING: The server did not provide any stacktrace information)
Command duration or timeout: 11 milliseconds
For documentation on this error, please visit: http://seleniumhq.org/exceptions/no_such_element.html
Build info: version: '2.53.1', revision: 'a36b8b1cd5757287168e54b817830adce9b0158d', time: '2016-06-30 19:26:09'
System info: host: 'Yeastar-PC', ip: '192.168.11.194', os.name: 'Windows 7', os.arch: 'x86', os.version: '6.1', java.version: '1.8.0_121'
Driver info: org.openqa.selenium.chrome.ChromeDriver
Capabilities [{mobileEmulationEnabled=false, hasTouchScreen=false, platform=XP, acceptSslCerts=false, goog:chromeOptions={debuggerAddress=localhost:23747}, acceptInsecureCerts=false, webStorageEnabled=true, browserName=chrome, takesScreenshot=true, javascriptEnabled=true, setWindowRect=true, unexpectedAlertBehaviour=, applicationCacheEnabled=false, rotatable=false, networkConnectionEnabled=false, chrome={chromedriverVersion=2.42.591088 (7b2b2dca23cca0862f674758c9a3933e685c27d5), userDataDir=C:\Users\Yeastar\AppData\Local\Temp\scoped_dir3852_3820}, takesHeapSnapshot=true, pageLoadStrategy=normal, databaseEnabled=false, handlesAlerts=true, version=69.0.3497.100, browserConnectionEnabled=false, nativeEvents=true, locationContextEnabled=true, cssSelectorsEnabled=true}]
Session ID: d3be694128271583ac260e31a4722891
*** Element info: {Using=id, value=login-language-inputEl}
	at sun.reflect.GeneratedConstructorAccessor26.newInstance(Unknown Source)
	at sun.reflect.DelegatingConstructorAccessorImpl.newInstance(DelegatingConstructorAccessorImpl.java:45)
	at java.lang.reflect.Constructor.newInstance(Constructor.java:423)
	at org.openqa.selenium.remote.ErrorHandler.createThrowable(ErrorHandler.java:206)
	at org.openqa.selenium.remote.ErrorHandler.throwIfResponseFailed(ErrorHandler.java:158)
	at org.openqa.selenium.remote.RemoteWebDriver.execute(RemoteWebDriver.java:678)
	at org.openqa.selenium.remote.RemoteWebDriver.findElement(RemoteWebDriver.java:363)
	at org.openqa.selenium.remote.RemoteWebDriver.findElementById(RemoteWebDriver.java:413)
	at org.openqa.selenium.By$ById.findElement(By.java:218)
	at org.openqa.selenium.remote.RemoteWebDriver.findElement(RemoteWebDriver.java:355)
	at com.codeborne.selenide.impl.WebElementSelector.findElement(WebElementSelector.java:28)
	at com.codeborne.selenide.impl.ElementFinder.getWebElement(ElementFinder.java:56)
	at com.codeborne.selenide.impl.WebElementSource.checkCondition(WebElementSource.java:44)
	... 39 more
]]>
    </error>
  </testcase> <!-- K1_editPatterns -->
  <testcase name="K1_editPatterns" time="0.000" classname="com.yeastar.swebtest.testcase.DetailCase.pbxcase.OutboundRoutes">
    <error type="com.codeborne.selenide.ex.ElementNotFound" message="Element not found {By.id: login-language-inputEl}
Expected: exist">
      <![CDATA[Element not found {By.id: login-language-inputEl}
Expected: exist
Screenshot: file:/F:/MyProject/SwebTest/pic/1539773760550.84.png
Timeout: 10 s.
Caused by: NoSuchElementException: no such element: Unable to locate element: {"method":"id","selector":"login-language-inputEl"}
	at com.codeborne.selenide.impl.WebElementSource.createElementNotFoundError(WebElementSource.java:31)
	at com.codeborne.selenide.impl.ElementFinder.createElementNotFoundError(ElementFinder.java:82)
	at com.codeborne.selenide.impl.WebElementSource.checkCondition(WebElementSource.java:59)
	at com.codeborne.selenide.commands.Should.should(Should.java:35)
	at com.codeborne.selenide.commands.Should.execute(Should.java:29)
	at com.codeborne.selenide.commands.Should.execute(Should.java:12)
	at com.codeborne.selenide.commands.Commands.execute(Commands.java:140)
	at com.codeborne.selenide.impl.SelenideElementProxy.dispatchAndRetry(SelenideElementProxy.java:86)
	at com.codeborne.selenide.impl.SelenideElementProxy.invoke(SelenideElementProxy.java:62)
	at com.sun.proxy.$Proxy6.should(Unknown Source)
	at com.yeastar.swebtest.driver.SwebDriver.click(SwebDriver.java:206)
	at com.yeastar.swebtest.driver.SwebDriver.select(SwebDriver.java:197)
	at com.yeastar.swebtest.driver.SwebDriver.login(SwebDriver.java:151)
	at com.yeastar.swebtest.driver.SwebDriver.login(SwebDriver.java:139)
	at com.yeastar.swebtest.testcase.DetailCase.pbxcase.PINList.BeforeClass(PINList.java:25)
	at sun.reflect.NativeMethodAccessorImpl.invoke0(Native Method)
	at sun.reflect.NativeMethodAccessorImpl.invoke(NativeMethodAccessorImpl.java:62)
	at sun.reflect.DelegatingMethodAccessorImpl.invoke(DelegatingMethodAccessorImpl.java:43)
	at java.lang.reflect.Method.invoke(Method.java:498)
	at org.testng.internal.MethodInvocationHelper.invokeMethod(MethodInvocationHelper.java:85)
	at org.testng.internal.Invoker.invokeConfigurationMethod(Invoker.java:510)
	at org.testng.internal.Invoker.invokeConfigurations(Invoker.java:211)
	at org.testng.internal.Invoker.invokeConfigurations(Invoker.java:138)
	at org.testng.internal.TestMethodWorker.invokeBeforeClassMethods(TestMethodWorker.java:170)
	at org.testng.internal.TestMethodWorker.run(TestMethodWorker.java:104)
	at org.testng.TestRunner.privateRun(TestRunner.java:774)
	at org.testng.TestRunner.run(TestRunner.java:624)
	at org.testng.SuiteRunner.runTest(SuiteRunner.java:359)
	at org.testng.SuiteRunner.runSequentially(SuiteRunner.java:354)
	at org.testng.SuiteRunner.privateRun(SuiteRunner.java:312)
	at org.testng.SuiteRunner.run(SuiteRunner.java:261)
	at org.testng.SuiteRunnerWorker.runSuite(SuiteRunnerWorker.java:52)
	at org.testng.SuiteRunnerWorker.run(SuiteRunnerWorker.java:86)
	at org.testng.TestNG.runSuitesSequentially(TestNG.java:1215)
	at org.testng.TestNG.runSuitesLocally(TestNG.java:1140)
	at org.testng.TestNG.run(TestNG.java:1048)
	at org.apache.maven.surefire.testng.TestNGExecutor.run(TestNGExecutor.java:293)
	at org.apache.maven.surefire.testng.TestNGXmlTestSuite.execute(TestNGXmlTestSuite.java:84)
	at org.apache.maven.surefire.testng.TestNGProvider.invoke(TestNGProvider.java:91)
	at org.apache.maven.surefire.booter.ForkedBooter.invokeProviderInSameClassLoader(ForkedBooter.java:200)
	at org.apache.maven.surefire.booter.ForkedBooter.runSuitesInProcess(ForkedBooter.java:153)
	at org.apache.maven.surefire.booter.ForkedBooter.main(ForkedBooter.java:103)
Caused by: org.openqa.selenium.NoSuchElementException: no such element: Unable to locate element: {"method":"id","selector":"login-language-inputEl"}
  (Session info: chrome=69.0.3497.100)
  (Driver info: chromedriver=2.42.591088 (7b2b2dca23cca0862f674758c9a3933e685c27d5),platform=Windows NT 6.1.7601 SP1 x86_64) (WARNING: The server did not provide any stacktrace information)
Command duration or timeout: 11 milliseconds
For documentation on this error, please visit: http://seleniumhq.org/exceptions/no_such_element.html
Build info: version: '2.53.1', revision: 'a36b8b1cd5757287168e54b817830adce9b0158d', time: '2016-06-30 19:26:09'
System info: host: 'Yeastar-PC', ip: '192.168.11.194', os.name: 'Windows 7', os.arch: 'x86', os.version: '6.1', java.version: '1.8.0_121'
Driver info: org.openqa.selenium.chrome.ChromeDriver
Capabilities [{mobileEmulationEnabled=false, hasTouchScreen=false, platform=XP, acceptSslCerts=false, goog:chromeOptions={debuggerAddress=localhost:23747}, acceptInsecureCerts=false, webStorageEnabled=true, browserName=chrome, takesScreenshot=true, javascriptEnabled=true, setWindowRect=true, unexpectedAlertBehaviour=, applicationCacheEnabled=false, rotatable=false, networkConnectionEnabled=false, chrome={chromedriverVersion=2.42.591088 (7b2b2dca23cca0862f674758c9a3933e685c27d5), userDataDir=C:\Users\Yeastar\AppData\Local\Temp\scoped_dir3852_3820}, takesHeapSnapshot=true, pageLoadStrategy=normal, databaseEnabled=false, handlesAlerts=true, version=69.0.3497.100, browserConnectionEnabled=false, nativeEvents=true, locationContextEnabled=true, cssSelectorsEnabled=true}]
Session ID: d3be694128271583ac260e31a4722891
*** Element info: {Using=id, value=login-language-inputEl}
	at sun.reflect.GeneratedConstructorAccessor26.newInstance(Unknown Source)
	at sun.reflect.DelegatingConstructorAccessorImpl.newInstance(DelegatingConstructorAccessorImpl.java:45)
	at java.lang.reflect.Constructor.newInstance(Constructor.java:423)
	at org.openqa.selenium.remote.ErrorHandler.createThrowable(ErrorHandler.java:206)
	at org.openqa.selenium.remote.ErrorHandler.throwIfResponseFailed(ErrorHandler.java:158)
	at org.openqa.selenium.remote.RemoteWebDriver.execute(RemoteWebDriver.java:678)
	at org.openqa.selenium.remote.RemoteWebDriver.findElement(RemoteWebDriver.java:363)
	at org.openqa.selenium.remote.RemoteWebDriver.findElementById(RemoteWebDriver.java:413)
	at org.openqa.selenium.By$ById.findElement(By.java:218)
	at org.openqa.selenium.remote.RemoteWebDriver.findElement(RemoteWebDriver.java:355)
	at com.codeborne.selenide.impl.WebElementSelector.findElement(WebElementSelector.java:28)
	at com.codeborne.selenide.impl.ElementFinder.getWebElement(ElementFinder.java:56)
	at com.codeborne.selenide.impl.WebElementSource.checkCondition(WebElementSource.java:44)
	... 39 more
]]>
    </error>
  </testcase> <!-- K1_editPatterns -->
  <testcase name="K1_editPatterns" time="0.000" classname="com.yeastar.swebtest.testcase.DetailCase.pbxcase.OutboundRoutes">
    <error type="com.codeborne.selenide.ex.ElementNotFound" message="Element not found {By.id: login-language-inputEl}
Expected: exist">
      <![CDATA[Element not found {By.id: login-language-inputEl}
Expected: exist
Screenshot: file:/F:/MyProject/SwebTest/pic/1539773760550.84.png
Timeout: 10 s.
Caused by: NoSuchElementException: no such element: Unable to locate element: {"method":"id","selector":"login-language-inputEl"}
	at com.codeborne.selenide.impl.WebElementSource.createElementNotFoundError(WebElementSource.java:31)
	at com.codeborne.selenide.impl.ElementFinder.createElementNotFoundError(ElementFinder.java:82)
	at com.codeborne.selenide.impl.WebElementSource.checkCondition(WebElementSource.java:59)
	at com.codeborne.selenide.commands.Should.should(Should.java:35)
	at com.codeborne.selenide.commands.Should.execute(Should.java:29)
	at com.codeborne.selenide.commands.Should.execute(Should.java:12)
	at com.codeborne.selenide.commands.Commands.execute(Commands.java:140)
	at com.codeborne.selenide.impl.SelenideElementProxy.dispatchAndRetry(SelenideElementProxy.java:86)
	at com.codeborne.selenide.impl.SelenideElementProxy.invoke(SelenideElementProxy.java:62)
	at com.sun.proxy.$Proxy6.should(Unknown Source)
	at com.yeastar.swebtest.driver.SwebDriver.click(SwebDriver.java:206)
	at com.yeastar.swebtest.driver.SwebDriver.select(SwebDriver.java:197)
	at com.yeastar.swebtest.driver.SwebDriver.login(SwebDriver.java:151)
	at com.yeastar.swebtest.driver.SwebDriver.login(SwebDriver.java:139)
	at com.yeastar.swebtest.testcase.DetailCase.pbxcase.PINList.BeforeClass(PINList.java:25)
	at sun.reflect.NativeMethodAccessorImpl.invoke0(Native Method)
	at sun.reflect.NativeMethodAccessorImpl.invoke(NativeMethodAccessorImpl.java:62)
	at sun.reflect.DelegatingMethodAccessorImpl.invoke(DelegatingMethodAccessorImpl.java:43)
	at java.lang.reflect.Method.invoke(Method.java:498)
	at org.testng.internal.MethodInvocationHelper.invokeMethod(MethodInvocationHelper.java:85)
	at org.testng.internal.Invoker.invokeConfigurationMethod(Invoker.java:510)
	at org.testng.internal.Invoker.invokeConfigurations(Invoker.java:211)
	at org.testng.internal.Invoker.invokeConfigurations(Invoker.java:138)
	at org.testng.internal.TestMethodWorker.invokeBeforeClassMethods(TestMethodWorker.java:170)
	at org.testng.internal.TestMethodWorker.run(TestMethodWorker.java:104)
	at org.testng.TestRunner.privateRun(TestRunner.java:774)
	at org.testng.TestRunner.run(TestRunner.java:624)
	at org.testng.SuiteRunner.runTest(SuiteRunner.java:359)
	at org.testng.SuiteRunner.runSequentially(SuiteRunner.java:354)
	at org.testng.SuiteRunner.privateRun(SuiteRunner.java:312)
	at org.testng.SuiteRunner.run(SuiteRunner.java:261)
	at org.testng.SuiteRunnerWorker.runSuite(SuiteRunnerWorker.java:52)
	at org.testng.SuiteRunnerWorker.run(SuiteRunnerWorker.java:86)
	at org.testng.TestNG.runSuitesSequentially(TestNG.java:1215)
	at org.testng.TestNG.runSuitesLocally(TestNG.java:1140)
	at org.testng.TestNG.run(TestNG.java:1048)
	at org.apache.maven.surefire.testng.TestNGExecutor.run(TestNGExecutor.java:293)
	at org.apache.maven.surefire.testng.TestNGXmlTestSuite.execute(TestNGXmlTestSuite.java:84)
	at org.apache.maven.surefire.testng.TestNGProvider.invoke(TestNGProvider.java:91)
	at org.apache.maven.surefire.booter.ForkedBooter.invokeProviderInSameClassLoader(ForkedBooter.java:200)
	at org.apache.maven.surefire.booter.ForkedBooter.runSuitesInProcess(ForkedBooter.java:153)
	at org.apache.maven.surefire.booter.ForkedBooter.main(ForkedBooter.java:103)
Caused by: org.openqa.selenium.NoSuchElementException: no such element: Unable to locate element: {"method":"id","selector":"login-language-inputEl"}
  (Session info: chrome=69.0.3497.100)
  (Driver info: chromedriver=2.42.591088 (7b2b2dca23cca0862f674758c9a3933e685c27d5),platform=Windows NT 6.1.7601 SP1 x86_64) (WARNING: The server did not provide any stacktrace information)
Command duration or timeout: 11 milliseconds
For documentation on this error, please visit: http://seleniumhq.org/exceptions/no_such_element.html
Build info: version: '2.53.1', revision: 'a36b8b1cd5757287168e54b817830adce9b0158d', time: '2016-06-30 19:26:09'
System info: host: 'Yeastar-PC', ip: '192.168.11.194', os.name: 'Windows 7', os.arch: 'x86', os.version: '6.1', java.version: '1.8.0_121'
Driver info: org.openqa.selenium.chrome.ChromeDriver
Capabilities [{mobileEmulationEnabled=false, hasTouchScreen=false, platform=XP, acceptSslCerts=false, goog:chromeOptions={debuggerAddress=localhost:23747}, acceptInsecureCerts=false, webStorageEnabled=true, browserName=chrome, takesScreenshot=true, javascriptEnabled=true, setWindowRect=true, unexpectedAlertBehaviour=, applicationCacheEnabled=false, rotatable=false, networkConnectionEnabled=false, chrome={chromedriverVersion=2.42.591088 (7b2b2dca23cca0862f674758c9a3933e685c27d5), userDataDir=C:\Users\Yeastar\AppData\Local\Temp\scoped_dir3852_3820}, takesHeapSnapshot=true, pageLoadStrategy=normal, databaseEnabled=false, handlesAlerts=true, version=69.0.3497.100, browserConnectionEnabled=false, nativeEvents=true, locationContextEnabled=true, cssSelectorsEnabled=true}]
Session ID: d3be694128271583ac260e31a4722891
*** Element info: {Using=id, value=login-language-inputEl}
	at sun.reflect.GeneratedConstructorAccessor26.newInstance(Unknown Source)
	at sun.reflect.DelegatingConstructorAccessorImpl.newInstance(DelegatingConstructorAccessorImpl.java:45)
	at java.lang.reflect.Constructor.newInstance(Constructor.java:423)
	at org.openqa.selenium.remote.ErrorHandler.createThrowable(ErrorHandler.java:206)
	at org.openqa.selenium.remote.ErrorHandler.throwIfResponseFailed(ErrorHandler.java:158)
	at org.openqa.selenium.remote.RemoteWebDriver.execute(RemoteWebDriver.java:678)
	at org.openqa.selenium.remote.RemoteWebDriver.findElement(RemoteWebDriver.java:363)
	at org.openqa.selenium.remote.RemoteWebDriver.findElementById(RemoteWebDriver.java:413)
	at org.openqa.selenium.By$ById.findElement(By.java:218)
	at org.openqa.selenium.remote.RemoteWebDriver.findElement(RemoteWebDriver.java:355)
	at com.codeborne.selenide.impl.WebElementSelector.findElement(WebElementSelector.java:28)
	at com.codeborne.selenide.impl.ElementFinder.getWebElement(ElementFinder.java:56)
	at com.codeborne.selenide.impl.WebElementSource.checkCondition(WebElementSource.java:44)
	... 39 more
]]>
    </error>
  </testcase> <!-- K1_editPatterns -->
  <testcase name="K1_editPatterns" time="0.000" classname="com.yeastar.swebtest.testcase.DetailCase.pbxcase.OutboundRoutes">
    <error type="com.codeborne.selenide.ex.ElementNotFound" message="Element not found {By.id: login-language-inputEl}
Expected: exist">
      <![CDATA[Element not found {By.id: login-language-inputEl}
Expected: exist
Screenshot: file:/F:/MyProject/SwebTest/pic/1539773760550.84.png
Timeout: 10 s.
Caused by: NoSuchElementException: no such element: Unable to locate element: {"method":"id","selector":"login-language-inputEl"}
	at com.codeborne.selenide.impl.WebElementSource.createElementNotFoundError(WebElementSource.java:31)
	at com.codeborne.selenide.impl.ElementFinder.createElementNotFoundError(ElementFinder.java:82)
	at com.codeborne.selenide.impl.WebElementSource.checkCondition(WebElementSource.java:59)
	at com.codeborne.selenide.commands.Should.should(Should.java:35)
	at com.codeborne.selenide.commands.Should.execute(Should.java:29)
	at com.codeborne.selenide.commands.Should.execute(Should.java:12)
	at com.codeborne.selenide.commands.Commands.execute(Commands.java:140)
	at com.codeborne.selenide.impl.SelenideElementProxy.dispatchAndRetry(SelenideElementProxy.java:86)
	at com.codeborne.selenide.impl.SelenideElementProxy.invoke(SelenideElementProxy.java:62)
	at com.sun.proxy.$Proxy6.should(Unknown Source)
	at com.yeastar.swebtest.driver.SwebDriver.click(SwebDriver.java:206)
	at com.yeastar.swebtest.driver.SwebDriver.select(SwebDriver.java:197)
	at com.yeastar.swebtest.driver.SwebDriver.login(SwebDriver.java:151)
	at com.yeastar.swebtest.driver.SwebDriver.login(SwebDriver.java:139)
	at com.yeastar.swebtest.testcase.DetailCase.pbxcase.PINList.BeforeClass(PINList.java:25)
	at sun.reflect.NativeMethodAccessorImpl.invoke0(Native Method)
	at sun.reflect.NativeMethodAccessorImpl.invoke(NativeMethodAccessorImpl.java:62)
	at sun.reflect.DelegatingMethodAccessorImpl.invoke(DelegatingMethodAccessorImpl.java:43)
	at java.lang.reflect.Method.invoke(Method.java:498)
	at org.testng.internal.MethodInvocationHelper.invokeMethod(MethodInvocationHelper.java:85)
	at org.testng.internal.Invoker.invokeConfigurationMethod(Invoker.java:510)
	at org.testng.internal.Invoker.invokeConfigurations(Invoker.java:211)
	at org.testng.internal.Invoker.invokeConfigurations(Invoker.java:138)
	at org.testng.internal.TestMethodWorker.invokeBeforeClassMethods(TestMethodWorker.java:170)
	at org.testng.internal.TestMethodWorker.run(TestMethodWorker.java:104)
	at org.testng.TestRunner.privateRun(TestRunner.java:774)
	at org.testng.TestRunner.run(TestRunner.java:624)
	at org.testng.SuiteRunner.runTest(SuiteRunner.java:359)
	at org.testng.SuiteRunner.runSequentially(SuiteRunner.java:354)
	at org.testng.SuiteRunner.privateRun(SuiteRunner.java:312)
	at org.testng.SuiteRunner.run(SuiteRunner.java:261)
	at org.testng.SuiteRunnerWorker.runSuite(SuiteRunnerWorker.java:52)
	at org.testng.SuiteRunnerWorker.run(SuiteRunnerWorker.java:86)
	at org.testng.TestNG.runSuitesSequentially(TestNG.java:1215)
	at org.testng.TestNG.runSuitesLocally(TestNG.java:1140)
	at org.testng.TestNG.run(TestNG.java:1048)
	at org.apache.maven.surefire.testng.TestNGExecutor.run(TestNGExecutor.java:293)
	at org.apache.maven.surefire.testng.TestNGXmlTestSuite.execute(TestNGXmlTestSuite.java:84)
	at org.apache.maven.surefire.testng.TestNGProvider.invoke(TestNGProvider.java:91)
	at org.apache.maven.surefire.booter.ForkedBooter.invokeProviderInSameClassLoader(ForkedBooter.java:200)
	at org.apache.maven.surefire.booter.ForkedBooter.runSuitesInProcess(ForkedBooter.java:153)
	at org.apache.maven.surefire.booter.ForkedBooter.main(ForkedBooter.java:103)
Caused by: org.openqa.selenium.NoSuchElementException: no such element: Unable to locate element: {"method":"id","selector":"login-language-inputEl"}
  (Session info: chrome=69.0.3497.100)
  (Driver info: chromedriver=2.42.591088 (7b2b2dca23cca0862f674758c9a3933e685c27d5),platform=Windows NT 6.1.7601 SP1 x86_64) (WARNING: The server did not provide any stacktrace information)
Command duration or timeout: 11 milliseconds
For documentation on this error, please visit: http://seleniumhq.org/exceptions/no_such_element.html
Build info: version: '2.53.1', revision: 'a36b8b1cd5757287168e54b817830adce9b0158d', time: '2016-06-30 19:26:09'
System info: host: 'Yeastar-PC', ip: '192.168.11.194', os.name: 'Windows 7', os.arch: 'x86', os.version: '6.1', java.version: '1.8.0_121'
Driver info: org.openqa.selenium.chrome.ChromeDriver
Capabilities [{mobileEmulationEnabled=false, hasTouchScreen=false, platform=XP, acceptSslCerts=false, goog:chromeOptions={debuggerAddress=localhost:23747}, acceptInsecureCerts=false, webStorageEnabled=true, browserName=chrome, takesScreenshot=true, javascriptEnabled=true, setWindowRect=true, unexpectedAlertBehaviour=, applicationCacheEnabled=false, rotatable=false, networkConnectionEnabled=false, chrome={chromedriverVersion=2.42.591088 (7b2b2dca23cca0862f674758c9a3933e685c27d5), userDataDir=C:\Users\Yeastar\AppData\Local\Temp\scoped_dir3852_3820}, takesHeapSnapshot=true, pageLoadStrategy=normal, databaseEnabled=false, handlesAlerts=true, version=69.0.3497.100, browserConnectionEnabled=false, nativeEvents=true, locationContextEnabled=true, cssSelectorsEnabled=true}]
Session ID: d3be694128271583ac260e31a4722891
*** Element info: {Using=id, value=login-language-inputEl}
	at sun.reflect.GeneratedConstructorAccessor26.newInstance(Unknown Source)
	at sun.reflect.DelegatingConstructorAccessorImpl.newInstance(DelegatingConstructorAccessorImpl.java:45)
	at java.lang.reflect.Constructor.newInstance(Constructor.java:423)
	at org.openqa.selenium.remote.ErrorHandler.createThrowable(ErrorHandler.java:206)
	at org.openqa.selenium.remote.ErrorHandler.throwIfResponseFailed(ErrorHandler.java:158)
	at org.openqa.selenium.remote.RemoteWebDriver.execute(RemoteWebDriver.java:678)
	at org.openqa.selenium.remote.RemoteWebDriver.findElement(RemoteWebDriver.java:363)
	at org.openqa.selenium.remote.RemoteWebDriver.findElementById(RemoteWebDriver.java:413)
	at org.openqa.selenium.By$ById.findElement(By.java:218)
	at org.openqa.selenium.remote.RemoteWebDriver.findElement(RemoteWebDriver.java:355)
	at com.codeborne.selenide.impl.WebElementSelector.findElement(WebElementSelector.java:28)
	at com.codeborne.selenide.impl.ElementFinder.getWebElement(ElementFinder.java:56)
	at com.codeborne.selenide.impl.WebElementSource.checkCondition(WebElementSource.java:44)
	... 39 more
]]>
    </error>
  </testcase> <!-- K1_editPatterns -->
  <testcase name="K1_editPatterns" time="0.000" classname="com.yeastar.swebtest.testcase.DetailCase.pbxcase.OutboundRoutes">
    <error type="com.codeborne.selenide.ex.ElementNotFound" message="Element not found {By.id: login-language-inputEl}
Expected: exist">
      <![CDATA[Element not found {By.id: login-language-inputEl}
Expected: exist
Screenshot: file:/F:/MyProject/SwebTest/pic/1539773760550.84.png
Timeout: 10 s.
Caused by: NoSuchElementException: no such element: Unable to locate element: {"method":"id","selector":"login-language-inputEl"}
	at com.codeborne.selenide.impl.WebElementSource.createElementNotFoundError(WebElementSource.java:31)
	at com.codeborne.selenide.impl.ElementFinder.createElementNotFoundError(ElementFinder.java:82)
	at com.codeborne.selenide.impl.WebElementSource.checkCondition(WebElementSource.java:59)
	at com.codeborne.selenide.commands.Should.should(Should.java:35)
	at com.codeborne.selenide.commands.Should.execute(Should.java:29)
	at com.codeborne.selenide.commands.Should.execute(Should.java:12)
	at com.codeborne.selenide.commands.Commands.execute(Commands.java:140)
	at com.codeborne.selenide.impl.SelenideElementProxy.dispatchAndRetry(SelenideElementProxy.java:86)
	at com.codeborne.selenide.impl.SelenideElementProxy.invoke(SelenideElementProxy.java:62)
	at com.sun.proxy.$Proxy6.should(Unknown Source)
	at com.yeastar.swebtest.driver.SwebDriver.click(SwebDriver.java:206)
	at com.yeastar.swebtest.driver.SwebDriver.select(SwebDriver.java:197)
	at com.yeastar.swebtest.driver.SwebDriver.login(SwebDriver.java:151)
	at com.yeastar.swebtest.driver.SwebDriver.login(SwebDriver.java:139)
	at com.yeastar.swebtest.testcase.DetailCase.pbxcase.PINList.BeforeClass(PINList.java:25)
	at sun.reflect.NativeMethodAccessorImpl.invoke0(Native Method)
	at sun.reflect.NativeMethodAccessorImpl.invoke(NativeMethodAccessorImpl.java:62)
	at sun.reflect.DelegatingMethodAccessorImpl.invoke(DelegatingMethodAccessorImpl.java:43)
	at java.lang.reflect.Method.invoke(Method.java:498)
	at org.testng.internal.MethodInvocationHelper.invokeMethod(MethodInvocationHelper.java:85)
	at org.testng.internal.Invoker.invokeConfigurationMethod(Invoker.java:510)
	at org.testng.internal.Invoker.invokeConfigurations(Invoker.java:211)
	at org.testng.internal.Invoker.invokeConfigurations(Invoker.java:138)
	at org.testng.internal.TestMethodWorker.invokeBeforeClassMethods(TestMethodWorker.java:170)
	at org.testng.internal.TestMethodWorker.run(TestMethodWorker.java:104)
	at org.testng.TestRunner.privateRun(TestRunner.java:774)
	at org.testng.TestRunner.run(TestRunner.java:624)
	at org.testng.SuiteRunner.runTest(SuiteRunner.java:359)
	at org.testng.SuiteRunner.runSequentially(SuiteRunner.java:354)
	at org.testng.SuiteRunner.privateRun(SuiteRunner.java:312)
	at org.testng.SuiteRunner.run(SuiteRunner.java:261)
	at org.testng.SuiteRunnerWorker.runSuite(SuiteRunnerWorker.java:52)
	at org.testng.SuiteRunnerWorker.run(SuiteRunnerWorker.java:86)
	at org.testng.TestNG.runSuitesSequentially(TestNG.java:1215)
	at org.testng.TestNG.runSuitesLocally(TestNG.java:1140)
	at org.testng.TestNG.run(TestNG.java:1048)
	at org.apache.maven.surefire.testng.TestNGExecutor.run(TestNGExecutor.java:293)
	at org.apache.maven.surefire.testng.TestNGXmlTestSuite.execute(TestNGXmlTestSuite.java:84)
	at org.apache.maven.surefire.testng.TestNGProvider.invoke(TestNGProvider.java:91)
	at org.apache.maven.surefire.booter.ForkedBooter.invokeProviderInSameClassLoader(ForkedBooter.java:200)
	at org.apache.maven.surefire.booter.ForkedBooter.runSuitesInProcess(ForkedBooter.java:153)
	at org.apache.maven.surefire.booter.ForkedBooter.main(ForkedBooter.java:103)
Caused by: org.openqa.selenium.NoSuchElementException: no such element: Unable to locate element: {"method":"id","selector":"login-language-inputEl"}
  (Session info: chrome=69.0.3497.100)
  (Driver info: chromedriver=2.42.591088 (7b2b2dca23cca0862f674758c9a3933e685c27d5),platform=Windows NT 6.1.7601 SP1 x86_64) (WARNING: The server did not provide any stacktrace information)
Command duration or timeout: 11 milliseconds
For documentation on this error, please visit: http://seleniumhq.org/exceptions/no_such_element.html
Build info: version: '2.53.1', revision: 'a36b8b1cd5757287168e54b817830adce9b0158d', time: '2016-06-30 19:26:09'
System info: host: 'Yeastar-PC', ip: '192.168.11.194', os.name: 'Windows 7', os.arch: 'x86', os.version: '6.1', java.version: '1.8.0_121'
Driver info: org.openqa.selenium.chrome.ChromeDriver
Capabilities [{mobileEmulationEnabled=false, hasTouchScreen=false, platform=XP, acceptSslCerts=false, goog:chromeOptions={debuggerAddress=localhost:23747}, acceptInsecureCerts=false, webStorageEnabled=true, browserName=chrome, takesScreenshot=true, javascriptEnabled=true, setWindowRect=true, unexpectedAlertBehaviour=, applicationCacheEnabled=false, rotatable=false, networkConnectionEnabled=false, chrome={chromedriverVersion=2.42.591088 (7b2b2dca23cca0862f674758c9a3933e685c27d5), userDataDir=C:\Users\Yeastar\AppData\Local\Temp\scoped_dir3852_3820}, takesHeapSnapshot=true, pageLoadStrategy=normal, databaseEnabled=false, handlesAlerts=true, version=69.0.3497.100, browserConnectionEnabled=false, nativeEvents=true, locationContextEnabled=true, cssSelectorsEnabled=true}]
Session ID: d3be694128271583ac260e31a4722891
*** Element info: {Using=id, value=login-language-inputEl}
	at sun.reflect.GeneratedConstructorAccessor26.newInstance(Unknown Source)
	at sun.reflect.DelegatingConstructorAccessorImpl.newInstance(DelegatingConstructorAccessorImpl.java:45)
	at java.lang.reflect.Constructor.newInstance(Constructor.java:423)
	at org.openqa.selenium.remote.ErrorHandler.createThrowable(ErrorHandler.java:206)
	at org.openqa.selenium.remote.ErrorHandler.throwIfResponseFailed(ErrorHandler.java:158)
	at org.openqa.selenium.remote.RemoteWebDriver.execute(RemoteWebDriver.java:678)
	at org.openqa.selenium.remote.RemoteWebDriver.findElement(RemoteWebDriver.java:363)
	at org.openqa.selenium.remote.RemoteWebDriver.findElementById(RemoteWebDriver.java:413)
	at org.openqa.selenium.By$ById.findElement(By.java:218)
	at org.openqa.selenium.remote.RemoteWebDriver.findElement(RemoteWebDriver.java:355)
	at com.codeborne.selenide.impl.WebElementSelector.findElement(WebElementSelector.java:28)
	at com.codeborne.selenide.impl.ElementFinder.getWebElement(ElementFinder.java:56)
	at com.codeborne.selenide.impl.WebElementSource.checkCondition(WebElementSource.java:44)
	... 39 more
]]>
    </error>
  </testcase> <!-- K1_editPatterns -->
  <testcase name="K1_editPatterns" time="0.000" classname="com.yeastar.swebtest.testcase.DetailCase.pbxcase.OutboundRoutes">
    <error type="com.codeborne.selenide.ex.ElementNotFound" message="Element not found {By.id: login-language-inputEl}
Expected: exist">
      <![CDATA[Element not found {By.id: login-language-inputEl}
Expected: exist
Screenshot: file:/F:/MyProject/SwebTest/pic/1539773760550.84.png
Timeout: 10 s.
Caused by: NoSuchElementException: no such element: Unable to locate element: {"method":"id","selector":"login-language-inputEl"}
	at com.codeborne.selenide.impl.WebElementSource.createElementNotFoundError(WebElementSource.java:31)
	at com.codeborne.selenide.impl.ElementFinder.createElementNotFoundError(ElementFinder.java:82)
	at com.codeborne.selenide.impl.WebElementSource.checkCondition(WebElementSource.java:59)
	at com.codeborne.selenide.commands.Should.should(Should.java:35)
	at com.codeborne.selenide.commands.Should.execute(Should.java:29)
	at com.codeborne.selenide.commands.Should.execute(Should.java:12)
	at com.codeborne.selenide.commands.Commands.execute(Commands.java:140)
	at com.codeborne.selenide.impl.SelenideElementProxy.dispatchAndRetry(SelenideElementProxy.java:86)
	at com.codeborne.selenide.impl.SelenideElementProxy.invoke(SelenideElementProxy.java:62)
	at com.sun.proxy.$Proxy6.should(Unknown Source)
	at com.yeastar.swebtest.driver.SwebDriver.click(SwebDriver.java:206)
	at com.yeastar.swebtest.driver.SwebDriver.select(SwebDriver.java:197)
	at com.yeastar.swebtest.driver.SwebDriver.login(SwebDriver.java:151)
	at com.yeastar.swebtest.driver.SwebDriver.login(SwebDriver.java:139)
	at com.yeastar.swebtest.testcase.DetailCase.pbxcase.PINList.BeforeClass(PINList.java:25)
	at sun.reflect.NativeMethodAccessorImpl.invoke0(Native Method)
	at sun.reflect.NativeMethodAccessorImpl.invoke(NativeMethodAccessorImpl.java:62)
	at sun.reflect.DelegatingMethodAccessorImpl.invoke(DelegatingMethodAccessorImpl.java:43)
	at java.lang.reflect.Method.invoke(Method.java:498)
	at org.testng.internal.MethodInvocationHelper.invokeMethod(MethodInvocationHelper.java:85)
	at org.testng.internal.Invoker.invokeConfigurationMethod(Invoker.java:510)
	at org.testng.internal.Invoker.invokeConfigurations(Invoker.java:211)
	at org.testng.internal.Invoker.invokeConfigurations(Invoker.java:138)
	at org.testng.internal.TestMethodWorker.invokeBeforeClassMethods(TestMethodWorker.java:170)
	at org.testng.internal.TestMethodWorker.run(TestMethodWorker.java:104)
	at org.testng.TestRunner.privateRun(TestRunner.java:774)
	at org.testng.TestRunner.run(TestRunner.java:624)
	at org.testng.SuiteRunner.runTest(SuiteRunner.java:359)
	at org.testng.SuiteRunner.runSequentially(SuiteRunner.java:354)
	at org.testng.SuiteRunner.privateRun(SuiteRunner.java:312)
	at org.testng.SuiteRunner.run(SuiteRunner.java:261)
	at org.testng.SuiteRunnerWorker.runSuite(SuiteRunnerWorker.java:52)
	at org.testng.SuiteRunnerWorker.run(SuiteRunnerWorker.java:86)
	at org.testng.TestNG.runSuitesSequentially(TestNG.java:1215)
	at org.testng.TestNG.runSuitesLocally(TestNG.java:1140)
	at org.testng.TestNG.run(TestNG.java:1048)
	at org.apache.maven.surefire.testng.TestNGExecutor.run(TestNGExecutor.java:293)
	at org.apache.maven.surefire.testng.TestNGXmlTestSuite.execute(TestNGXmlTestSuite.java:84)
	at org.apache.maven.surefire.testng.TestNGProvider.invoke(TestNGProvider.java:91)
	at org.apache.maven.surefire.booter.ForkedBooter.invokeProviderInSameClassLoader(ForkedBooter.java:200)
	at org.apache.maven.surefire.booter.ForkedBooter.runSuitesInProcess(ForkedBooter.java:153)
	at org.apache.maven.surefire.booter.ForkedBooter.main(ForkedBooter.java:103)
Caused by: org.openqa.selenium.NoSuchElementException: no such element: Unable to locate element: {"method":"id","selector":"login-language-inputEl"}
  (Session info: chrome=69.0.3497.100)
  (Driver info: chromedriver=2.42.591088 (7b2b2dca23cca0862f674758c9a3933e685c27d5),platform=Windows NT 6.1.7601 SP1 x86_64) (WARNING: The server did not provide any stacktrace information)
Command duration or timeout: 11 milliseconds
For documentation on this error, please visit: http://seleniumhq.org/exceptions/no_such_element.html
Build info: version: '2.53.1', revision: 'a36b8b1cd5757287168e54b817830adce9b0158d', time: '2016-06-30 19:26:09'
System info: host: 'Yeastar-PC', ip: '192.168.11.194', os.name: 'Windows 7', os.arch: 'x86', os.version: '6.1', java.version: '1.8.0_121'
Driver info: org.openqa.selenium.chrome.ChromeDriver
Capabilities [{mobileEmulationEnabled=false, hasTouchScreen=false, platform=XP, acceptSslCerts=false, goog:chromeOptions={debuggerAddress=localhost:23747}, acceptInsecureCerts=false, webStorageEnabled=true, browserName=chrome, takesScreenshot=true, javascriptEnabled=true, setWindowRect=true, unexpectedAlertBehaviour=, applicationCacheEnabled=false, rotatable=false, networkConnectionEnabled=false, chrome={chromedriverVersion=2.42.591088 (7b2b2dca23cca0862f674758c9a3933e685c27d5), userDataDir=C:\Users\Yeastar\AppData\Local\Temp\scoped_dir3852_3820}, takesHeapSnapshot=true, pageLoadStrategy=normal, databaseEnabled=false, handlesAlerts=true, version=69.0.3497.100, browserConnectionEnabled=false, nativeEvents=true, locationContextEnabled=true, cssSelectorsEnabled=true}]
Session ID: d3be694128271583ac260e31a4722891
*** Element info: {Using=id, value=login-language-inputEl}
	at sun.reflect.GeneratedConstructorAccessor26.newInstance(Unknown Source)
	at sun.reflect.DelegatingConstructorAccessorImpl.newInstance(DelegatingConstructorAccessorImpl.java:45)
	at java.lang.reflect.Constructor.newInstance(Constructor.java:423)
	at org.openqa.selenium.remote.ErrorHandler.createThrowable(ErrorHandler.java:206)
	at org.openqa.selenium.remote.ErrorHandler.throwIfResponseFailed(ErrorHandler.java:158)
	at org.openqa.selenium.remote.RemoteWebDriver.execute(RemoteWebDriver.java:678)
	at org.openqa.selenium.remote.RemoteWebDriver.findElement(RemoteWebDriver.java:363)
	at org.openqa.selenium.remote.RemoteWebDriver.findElementById(RemoteWebDriver.java:413)
	at org.openqa.selenium.By$ById.findElement(By.java:218)
	at org.openqa.selenium.remote.RemoteWebDriver.findElement(RemoteWebDriver.java:355)
	at com.codeborne.selenide.impl.WebElementSelector.findElement(WebElementSelector.java:28)
	at com.codeborne.selenide.impl.ElementFinder.getWebElement(ElementFinder.java:56)
	at com.codeborne.selenide.impl.WebElementSource.checkCondition(WebElementSource.java:44)
	... 39 more
]]>
    </error>
  </testcase> <!-- K1_editPatterns -->
  <testcase name="K1_editPatterns" time="0.000" classname="com.yeastar.swebtest.testcase.DetailCase.pbxcase.OutboundRoutes">
    <error type="com.codeborne.selenide.ex.ElementNotFound" message="Element not found {By.id: login-language-inputEl}
Expected: exist">
      <![CDATA[Element not found {By.id: login-language-inputEl}
Expected: exist
Screenshot: file:/F:/MyProject/SwebTest/pic/1539773760550.84.png
Timeout: 10 s.
Caused by: NoSuchElementException: no such element: Unable to locate element: {"method":"id","selector":"login-language-inputEl"}
	at com.codeborne.selenide.impl.WebElementSource.createElementNotFoundError(WebElementSource.java:31)
	at com.codeborne.selenide.impl.ElementFinder.createElementNotFoundError(ElementFinder.java:82)
	at com.codeborne.selenide.impl.WebElementSource.checkCondition(WebElementSource.java:59)
	at com.codeborne.selenide.commands.Should.should(Should.java:35)
	at com.codeborne.selenide.commands.Should.execute(Should.java:29)
	at com.codeborne.selenide.commands.Should.execute(Should.java:12)
	at com.codeborne.selenide.commands.Commands.execute(Commands.java:140)
	at com.codeborne.selenide.impl.SelenideElementProxy.dispatchAndRetry(SelenideElementProxy.java:86)
	at com.codeborne.selenide.impl.SelenideElementProxy.invoke(SelenideElementProxy.java:62)
	at com.sun.proxy.$Proxy6.should(Unknown Source)
	at com.yeastar.swebtest.driver.SwebDriver.click(SwebDriver.java:206)
	at com.yeastar.swebtest.driver.SwebDriver.select(SwebDriver.java:197)
	at com.yeastar.swebtest.driver.SwebDriver.login(SwebDriver.java:151)
	at com.yeastar.swebtest.driver.SwebDriver.login(SwebDriver.java:139)
	at com.yeastar.swebtest.testcase.DetailCase.pbxcase.PINList.BeforeClass(PINList.java:25)
	at sun.reflect.NativeMethodAccessorImpl.invoke0(Native Method)
	at sun.reflect.NativeMethodAccessorImpl.invoke(NativeMethodAccessorImpl.java:62)
	at sun.reflect.DelegatingMethodAccessorImpl.invoke(DelegatingMethodAccessorImpl.java:43)
	at java.lang.reflect.Method.invoke(Method.java:498)
	at org.testng.internal.MethodInvocationHelper.invokeMethod(MethodInvocationHelper.java:85)
	at org.testng.internal.Invoker.invokeConfigurationMethod(Invoker.java:510)
	at org.testng.internal.Invoker.invokeConfigurations(Invoker.java:211)
	at org.testng.internal.Invoker.invokeConfigurations(Invoker.java:138)
	at org.testng.internal.TestMethodWorker.invokeBeforeClassMethods(TestMethodWorker.java:170)
	at org.testng.internal.TestMethodWorker.run(TestMethodWorker.java:104)
	at org.testng.TestRunner.privateRun(TestRunner.java:774)
	at org.testng.TestRunner.run(TestRunner.java:624)
	at org.testng.SuiteRunner.runTest(SuiteRunner.java:359)
	at org.testng.SuiteRunner.runSequentially(SuiteRunner.java:354)
	at org.testng.SuiteRunner.privateRun(SuiteRunner.java:312)
	at org.testng.SuiteRunner.run(SuiteRunner.java:261)
	at org.testng.SuiteRunnerWorker.runSuite(SuiteRunnerWorker.java:52)
	at org.testng.SuiteRunnerWorker.run(SuiteRunnerWorker.java:86)
	at org.testng.TestNG.runSuitesSequentially(TestNG.java:1215)
	at org.testng.TestNG.runSuitesLocally(TestNG.java:1140)
	at org.testng.TestNG.run(TestNG.java:1048)
	at org.apache.maven.surefire.testng.TestNGExecutor.run(TestNGExecutor.java:293)
	at org.apache.maven.surefire.testng.TestNGXmlTestSuite.execute(TestNGXmlTestSuite.java:84)
	at org.apache.maven.surefire.testng.TestNGProvider.invoke(TestNGProvider.java:91)
	at org.apache.maven.surefire.booter.ForkedBooter.invokeProviderInSameClassLoader(ForkedBooter.java:200)
	at org.apache.maven.surefire.booter.ForkedBooter.runSuitesInProcess(ForkedBooter.java:153)
	at org.apache.maven.surefire.booter.ForkedBooter.main(ForkedBooter.java:103)
Caused by: org.openqa.selenium.NoSuchElementException: no such element: Unable to locate element: {"method":"id","selector":"login-language-inputEl"}
  (Session info: chrome=69.0.3497.100)
  (Driver info: chromedriver=2.42.591088 (7b2b2dca23cca0862f674758c9a3933e685c27d5),platform=Windows NT 6.1.7601 SP1 x86_64) (WARNING: The server did not provide any stacktrace information)
Command duration or timeout: 11 milliseconds
For documentation on this error, please visit: http://seleniumhq.org/exceptions/no_such_element.html
Build info: version: '2.53.1', revision: 'a36b8b1cd5757287168e54b817830adce9b0158d', time: '2016-06-30 19:26:09'
System info: host: 'Yeastar-PC', ip: '192.168.11.194', os.name: 'Windows 7', os.arch: 'x86', os.version: '6.1', java.version: '1.8.0_121'
Driver info: org.openqa.selenium.chrome.ChromeDriver
Capabilities [{mobileEmulationEnabled=false, hasTouchScreen=false, platform=XP, acceptSslCerts=false, goog:chromeOptions={debuggerAddress=localhost:23747}, acceptInsecureCerts=false, webStorageEnabled=true, browserName=chrome, takesScreenshot=true, javascriptEnabled=true, setWindowRect=true, unexpectedAlertBehaviour=, applicationCacheEnabled=false, rotatable=false, networkConnectionEnabled=false, chrome={chromedriverVersion=2.42.591088 (7b2b2dca23cca0862f674758c9a3933e685c27d5), userDataDir=C:\Users\Yeastar\AppData\Local\Temp\scoped_dir3852_3820}, takesHeapSnapshot=true, pageLoadStrategy=normal, databaseEnabled=false, handlesAlerts=true, version=69.0.3497.100, browserConnectionEnabled=false, nativeEvents=true, locationContextEnabled=true, cssSelectorsEnabled=true}]
Session ID: d3be694128271583ac260e31a4722891
*** Element info: {Using=id, value=login-language-inputEl}
	at sun.reflect.GeneratedConstructorAccessor26.newInstance(Unknown Source)
	at sun.reflect.DelegatingConstructorAccessorImpl.newInstance(DelegatingConstructorAccessorImpl.java:45)
	at java.lang.reflect.Constructor.newInstance(Constructor.java:423)
	at org.openqa.selenium.remote.ErrorHandler.createThrowable(ErrorHandler.java:206)
	at org.openqa.selenium.remote.ErrorHandler.throwIfResponseFailed(ErrorHandler.java:158)
	at org.openqa.selenium.remote.RemoteWebDriver.execute(RemoteWebDriver.java:678)
	at org.openqa.selenium.remote.RemoteWebDriver.findElement(RemoteWebDriver.java:363)
	at org.openqa.selenium.remote.RemoteWebDriver.findElementById(RemoteWebDriver.java:413)
	at org.openqa.selenium.By$ById.findElement(By.java:218)
	at org.openqa.selenium.remote.RemoteWebDriver.findElement(RemoteWebDriver.java:355)
	at com.codeborne.selenide.impl.WebElementSelector.findElement(WebElementSelector.java:28)
	at com.codeborne.selenide.impl.ElementFinder.getWebElement(ElementFinder.java:56)
	at com.codeborne.selenide.impl.WebElementSource.checkCondition(WebElementSource.java:44)
	... 39 more
]]>
    </error>
  </testcase> <!-- K1_editPatterns -->
  <testcase name="K1_editPatterns" time="0.000" classname="com.yeastar.swebtest.testcase.DetailCase.pbxcase.OutboundRoutes">
    <error type="com.codeborne.selenide.ex.ElementNotFound" message="Element not found {By.id: login-language-inputEl}
Expected: exist">
      <![CDATA[Element not found {By.id: login-language-inputEl}
Expected: exist
Screenshot: file:/F:/MyProject/SwebTest/pic/1539773760550.84.png
Timeout: 10 s.
Caused by: NoSuchElementException: no such element: Unable to locate element: {"method":"id","selector":"login-language-inputEl"}
	at com.codeborne.selenide.impl.WebElementSource.createElementNotFoundError(WebElementSource.java:31)
	at com.codeborne.selenide.impl.ElementFinder.createElementNotFoundError(ElementFinder.java:82)
	at com.codeborne.selenide.impl.WebElementSource.checkCondition(WebElementSource.java:59)
	at com.codeborne.selenide.commands.Should.should(Should.java:35)
	at com.codeborne.selenide.commands.Should.execute(Should.java:29)
	at com.codeborne.selenide.commands.Should.execute(Should.java:12)
	at com.codeborne.selenide.commands.Commands.execute(Commands.java:140)
	at com.codeborne.selenide.impl.SelenideElementProxy.dispatchAndRetry(SelenideElementProxy.java:86)
	at com.codeborne.selenide.impl.SelenideElementProxy.invoke(SelenideElementProxy.java:62)
	at com.sun.proxy.$Proxy6.should(Unknown Source)
	at com.yeastar.swebtest.driver.SwebDriver.click(SwebDriver.java:206)
	at com.yeastar.swebtest.driver.SwebDriver.select(SwebDriver.java:197)
	at com.yeastar.swebtest.driver.SwebDriver.login(SwebDriver.java:151)
	at com.yeastar.swebtest.driver.SwebDriver.login(SwebDriver.java:139)
	at com.yeastar.swebtest.testcase.DetailCase.pbxcase.PINList.BeforeClass(PINList.java:25)
	at sun.reflect.NativeMethodAccessorImpl.invoke0(Native Method)
	at sun.reflect.NativeMethodAccessorImpl.invoke(NativeMethodAccessorImpl.java:62)
	at sun.reflect.DelegatingMethodAccessorImpl.invoke(DelegatingMethodAccessorImpl.java:43)
	at java.lang.reflect.Method.invoke(Method.java:498)
	at org.testng.internal.MethodInvocationHelper.invokeMethod(MethodInvocationHelper.java:85)
	at org.testng.internal.Invoker.invokeConfigurationMethod(Invoker.java:510)
	at org.testng.internal.Invoker.invokeConfigurations(Invoker.java:211)
	at org.testng.internal.Invoker.invokeConfigurations(Invoker.java:138)
	at org.testng.internal.TestMethodWorker.invokeBeforeClassMethods(TestMethodWorker.java:170)
	at org.testng.internal.TestMethodWorker.run(TestMethodWorker.java:104)
	at org.testng.TestRunner.privateRun(TestRunner.java:774)
	at org.testng.TestRunner.run(TestRunner.java:624)
	at org.testng.SuiteRunner.runTest(SuiteRunner.java:359)
	at org.testng.SuiteRunner.runSequentially(SuiteRunner.java:354)
	at org.testng.SuiteRunner.privateRun(SuiteRunner.java:312)
	at org.testng.SuiteRunner.run(SuiteRunner.java:261)
	at org.testng.SuiteRunnerWorker.runSuite(SuiteRunnerWorker.java:52)
	at org.testng.SuiteRunnerWorker.run(SuiteRunnerWorker.java:86)
	at org.testng.TestNG.runSuitesSequentially(TestNG.java:1215)
	at org.testng.TestNG.runSuitesLocally(TestNG.java:1140)
	at org.testng.TestNG.run(TestNG.java:1048)
	at org.apache.maven.surefire.testng.TestNGExecutor.run(TestNGExecutor.java:293)
	at org.apache.maven.surefire.testng.TestNGXmlTestSuite.execute(TestNGXmlTestSuite.java:84)
	at org.apache.maven.surefire.testng.TestNGProvider.invoke(TestNGProvider.java:91)
	at org.apache.maven.surefire.booter.ForkedBooter.invokeProviderInSameClassLoader(ForkedBooter.java:200)
	at org.apache.maven.surefire.booter.ForkedBooter.runSuitesInProcess(ForkedBooter.java:153)
	at org.apache.maven.surefire.booter.ForkedBooter.main(ForkedBooter.java:103)
Caused by: org.openqa.selenium.NoSuchElementException: no such element: Unable to locate element: {"method":"id","selector":"login-language-inputEl"}
  (Session info: chrome=69.0.3497.100)
  (Driver info: chromedriver=2.42.591088 (7b2b2dca23cca0862f674758c9a3933e685c27d5),platform=Windows NT 6.1.7601 SP1 x86_64) (WARNING: The server did not provide any stacktrace information)
Command duration or timeout: 11 milliseconds
For documentation on this error, please visit: http://seleniumhq.org/exceptions/no_such_element.html
Build info: version: '2.53.1', revision: 'a36b8b1cd5757287168e54b817830adce9b0158d', time: '2016-06-30 19:26:09'
System info: host: 'Yeastar-PC', ip: '192.168.11.194', os.name: 'Windows 7', os.arch: 'x86', os.version: '6.1', java.version: '1.8.0_121'
Driver info: org.openqa.selenium.chrome.ChromeDriver
Capabilities [{mobileEmulationEnabled=false, hasTouchScreen=false, platform=XP, acceptSslCerts=false, goog:chromeOptions={debuggerAddress=localhost:23747}, acceptInsecureCerts=false, webStorageEnabled=true, browserName=chrome, takesScreenshot=true, javascriptEnabled=true, setWindowRect=true, unexpectedAlertBehaviour=, applicationCacheEnabled=false, rotatable=false, networkConnectionEnabled=false, chrome={chromedriverVersion=2.42.591088 (7b2b2dca23cca0862f674758c9a3933e685c27d5), userDataDir=C:\Users\Yeastar\AppData\Local\Temp\scoped_dir3852_3820}, takesHeapSnapshot=true, pageLoadStrategy=normal, databaseEnabled=false, handlesAlerts=true, version=69.0.3497.100, browserConnectionEnabled=false, nativeEvents=true, locationContextEnabled=true, cssSelectorsEnabled=true}]
Session ID: d3be694128271583ac260e31a4722891
*** Element info: {Using=id, value=login-language-inputEl}
	at sun.reflect.GeneratedConstructorAccessor26.newInstance(Unknown Source)
	at sun.reflect.DelegatingConstructorAccessorImpl.newInstance(DelegatingConstructorAccessorImpl.java:45)
	at java.lang.reflect.Constructor.newInstance(Constructor.java:423)
	at org.openqa.selenium.remote.ErrorHandler.createThrowable(ErrorHandler.java:206)
	at org.openqa.selenium.remote.ErrorHandler.throwIfResponseFailed(ErrorHandler.java:158)
	at org.openqa.selenium.remote.RemoteWebDriver.execute(RemoteWebDriver.java:678)
	at org.openqa.selenium.remote.RemoteWebDriver.findElement(RemoteWebDriver.java:363)
	at org.openqa.selenium.remote.RemoteWebDriver.findElementById(RemoteWebDriver.java:413)
	at org.openqa.selenium.By$ById.findElement(By.java:218)
	at org.openqa.selenium.remote.RemoteWebDriver.findElement(RemoteWebDriver.java:355)
	at com.codeborne.selenide.impl.WebElementSelector.findElement(WebElementSelector.java:28)
	at com.codeborne.selenide.impl.ElementFinder.getWebElement(ElementFinder.java:56)
	at com.codeborne.selenide.impl.WebElementSource.checkCondition(WebElementSource.java:44)
	... 39 more
]]>
    </error>
  </testcase> <!-- K1_editPatterns -->
  <testcase name="L3_editPassword2" time="0.000" classname="com.yeastar.swebtest.testcase.DetailCase.pbxcase.OutboundRoutes">
    <error type="com.codeborne.selenide.ex.ElementNotFound" message="Element not found {By.id: login-language-inputEl}
Expected: exist">
      <![CDATA[Element not found {By.id: login-language-inputEl}
Expected: exist
Screenshot: file:/F:/MyProject/SwebTest/pic/1539773760550.84.png
Timeout: 10 s.
Caused by: NoSuchElementException: no such element: Unable to locate element: {"method":"id","selector":"login-language-inputEl"}
	at com.codeborne.selenide.impl.WebElementSource.createElementNotFoundError(WebElementSource.java:31)
	at com.codeborne.selenide.impl.ElementFinder.createElementNotFoundError(ElementFinder.java:82)
	at com.codeborne.selenide.impl.WebElementSource.checkCondition(WebElementSource.java:59)
	at com.codeborne.selenide.commands.Should.should(Should.java:35)
	at com.codeborne.selenide.commands.Should.execute(Should.java:29)
	at com.codeborne.selenide.commands.Should.execute(Should.java:12)
	at com.codeborne.selenide.commands.Commands.execute(Commands.java:140)
	at com.codeborne.selenide.impl.SelenideElementProxy.dispatchAndRetry(SelenideElementProxy.java:86)
	at com.codeborne.selenide.impl.SelenideElementProxy.invoke(SelenideElementProxy.java:62)
	at com.sun.proxy.$Proxy6.should(Unknown Source)
	at com.yeastar.swebtest.driver.SwebDriver.click(SwebDriver.java:206)
	at com.yeastar.swebtest.driver.SwebDriver.select(SwebDriver.java:197)
	at com.yeastar.swebtest.driver.SwebDriver.login(SwebDriver.java:151)
	at com.yeastar.swebtest.driver.SwebDriver.login(SwebDriver.java:139)
	at com.yeastar.swebtest.testcase.DetailCase.pbxcase.PINList.BeforeClass(PINList.java:25)
	at sun.reflect.NativeMethodAccessorImpl.invoke0(Native Method)
	at sun.reflect.NativeMethodAccessorImpl.invoke(NativeMethodAccessorImpl.java:62)
	at sun.reflect.DelegatingMethodAccessorImpl.invoke(DelegatingMethodAccessorImpl.java:43)
	at java.lang.reflect.Method.invoke(Method.java:498)
	at org.testng.internal.MethodInvocationHelper.invokeMethod(MethodInvocationHelper.java:85)
	at org.testng.internal.Invoker.invokeConfigurationMethod(Invoker.java:510)
	at org.testng.internal.Invoker.invokeConfigurations(Invoker.java:211)
	at org.testng.internal.Invoker.invokeConfigurations(Invoker.java:138)
	at org.testng.internal.TestMethodWorker.invokeBeforeClassMethods(TestMethodWorker.java:170)
	at org.testng.internal.TestMethodWorker.run(TestMethodWorker.java:104)
	at org.testng.TestRunner.privateRun(TestRunner.java:774)
	at org.testng.TestRunner.run(TestRunner.java:624)
	at org.testng.SuiteRunner.runTest(SuiteRunner.java:359)
	at org.testng.SuiteRunner.runSequentially(SuiteRunner.java:354)
	at org.testng.SuiteRunner.privateRun(SuiteRunner.java:312)
	at org.testng.SuiteRunner.run(SuiteRunner.java:261)
	at org.testng.SuiteRunnerWorker.runSuite(SuiteRunnerWorker.java:52)
	at org.testng.SuiteRunnerWorker.run(SuiteRunnerWorker.java:86)
	at org.testng.TestNG.runSuitesSequentially(TestNG.java:1215)
	at org.testng.TestNG.runSuitesLocally(TestNG.java:1140)
	at org.testng.TestNG.run(TestNG.java:1048)
	at org.apache.maven.surefire.testng.TestNGExecutor.run(TestNGExecutor.java:293)
	at org.apache.maven.surefire.testng.TestNGXmlTestSuite.execute(TestNGXmlTestSuite.java:84)
	at org.apache.maven.surefire.testng.TestNGProvider.invoke(TestNGProvider.java:91)
	at org.apache.maven.surefire.booter.ForkedBooter.invokeProviderInSameClassLoader(ForkedBooter.java:200)
	at org.apache.maven.surefire.booter.ForkedBooter.runSuitesInProcess(ForkedBooter.java:153)
	at org.apache.maven.surefire.booter.ForkedBooter.main(ForkedBooter.java:103)
Caused by: org.openqa.selenium.NoSuchElementException: no such element: Unable to locate element: {"method":"id","selector":"login-language-inputEl"}
  (Session info: chrome=69.0.3497.100)
  (Driver info: chromedriver=2.42.591088 (7b2b2dca23cca0862f674758c9a3933e685c27d5),platform=Windows NT 6.1.7601 SP1 x86_64) (WARNING: The server did not provide any stacktrace information)
Command duration or timeout: 11 milliseconds
For documentation on this error, please visit: http://seleniumhq.org/exceptions/no_such_element.html
Build info: version: '2.53.1', revision: 'a36b8b1cd5757287168e54b817830adce9b0158d', time: '2016-06-30 19:26:09'
System info: host: 'Yeastar-PC', ip: '192.168.11.194', os.name: 'Windows 7', os.arch: 'x86', os.version: '6.1', java.version: '1.8.0_121'
Driver info: org.openqa.selenium.chrome.ChromeDriver
Capabilities [{mobileEmulationEnabled=false, hasTouchScreen=false, platform=XP, acceptSslCerts=false, goog:chromeOptions={debuggerAddress=localhost:23747}, acceptInsecureCerts=false, webStorageEnabled=true, browserName=chrome, takesScreenshot=true, javascriptEnabled=true, setWindowRect=true, unexpectedAlertBehaviour=, applicationCacheEnabled=false, rotatable=false, networkConnectionEnabled=false, chrome={chromedriverVersion=2.42.591088 (7b2b2dca23cca0862f674758c9a3933e685c27d5), userDataDir=C:\Users\Yeastar\AppData\Local\Temp\scoped_dir3852_3820}, takesHeapSnapshot=true, pageLoadStrategy=normal, databaseEnabled=false, handlesAlerts=true, version=69.0.3497.100, browserConnectionEnabled=false, nativeEvents=true, locationContextEnabled=true, cssSelectorsEnabled=true}]
Session ID: d3be694128271583ac260e31a4722891
*** Element info: {Using=id, value=login-language-inputEl}
	at sun.reflect.GeneratedConstructorAccessor26.newInstance(Unknown Source)
	at sun.reflect.DelegatingConstructorAccessorImpl.newInstance(DelegatingConstructorAccessorImpl.java:45)
	at java.lang.reflect.Constructor.newInstance(Constructor.java:423)
	at org.openqa.selenium.remote.ErrorHandler.createThrowable(ErrorHandler.java:206)
	at org.openqa.selenium.remote.ErrorHandler.throwIfResponseFailed(ErrorHandler.java:158)
	at org.openqa.selenium.remote.RemoteWebDriver.execute(RemoteWebDriver.java:678)
	at org.openqa.selenium.remote.RemoteWebDriver.findElement(RemoteWebDriver.java:363)
	at org.openqa.selenium.remote.RemoteWebDriver.findElementById(RemoteWebDriver.java:413)
	at org.openqa.selenium.By$ById.findElement(By.java:218)
	at org.openqa.selenium.remote.RemoteWebDriver.findElement(RemoteWebDriver.java:355)
	at com.codeborne.selenide.impl.WebElementSelector.findElement(WebElementSelector.java:28)
	at com.codeborne.selenide.impl.ElementFinder.getWebElement(ElementFinder.java:56)
	at com.codeborne.selenide.impl.WebElementSource.checkCondition(WebElementSource.java:44)
	... 39 more
]]>
    </error>
  </testcase> <!-- L3_editPassword2 -->
  <testcase name="K1_editPatterns" time="0.000" classname="com.yeastar.swebtest.testcase.DetailCase.pbxcase.OutboundRoutes">
    <error type="com.codeborne.selenide.ex.ElementNotFound" message="Element not found {By.id: login-language-inputEl}
Expected: exist">
      <![CDATA[Element not found {By.id: login-language-inputEl}
Expected: exist
Screenshot: file:/F:/MyProject/SwebTest/pic/1539773760550.84.png
Timeout: 10 s.
Caused by: NoSuchElementException: no such element: Unable to locate element: {"method":"id","selector":"login-language-inputEl"}
	at com.codeborne.selenide.impl.WebElementSource.createElementNotFoundError(WebElementSource.java:31)
	at com.codeborne.selenide.impl.ElementFinder.createElementNotFoundError(ElementFinder.java:82)
	at com.codeborne.selenide.impl.WebElementSource.checkCondition(WebElementSource.java:59)
	at com.codeborne.selenide.commands.Should.should(Should.java:35)
	at com.codeborne.selenide.commands.Should.execute(Should.java:29)
	at com.codeborne.selenide.commands.Should.execute(Should.java:12)
	at com.codeborne.selenide.commands.Commands.execute(Commands.java:140)
	at com.codeborne.selenide.impl.SelenideElementProxy.dispatchAndRetry(SelenideElementProxy.java:86)
	at com.codeborne.selenide.impl.SelenideElementProxy.invoke(SelenideElementProxy.java:62)
	at com.sun.proxy.$Proxy6.should(Unknown Source)
	at com.yeastar.swebtest.driver.SwebDriver.click(SwebDriver.java:206)
	at com.yeastar.swebtest.driver.SwebDriver.select(SwebDriver.java:197)
	at com.yeastar.swebtest.driver.SwebDriver.login(SwebDriver.java:151)
	at com.yeastar.swebtest.driver.SwebDriver.login(SwebDriver.java:139)
	at com.yeastar.swebtest.testcase.DetailCase.pbxcase.PINList.BeforeClass(PINList.java:25)
	at sun.reflect.NativeMethodAccessorImpl.invoke0(Native Method)
	at sun.reflect.NativeMethodAccessorImpl.invoke(NativeMethodAccessorImpl.java:62)
	at sun.reflect.DelegatingMethodAccessorImpl.invoke(DelegatingMethodAccessorImpl.java:43)
	at java.lang.reflect.Method.invoke(Method.java:498)
	at org.testng.internal.MethodInvocationHelper.invokeMethod(MethodInvocationHelper.java:85)
	at org.testng.internal.Invoker.invokeConfigurationMethod(Invoker.java:510)
	at org.testng.internal.Invoker.invokeConfigurations(Invoker.java:211)
	at org.testng.internal.Invoker.invokeConfigurations(Invoker.java:138)
	at org.testng.internal.TestMethodWorker.invokeBeforeClassMethods(TestMethodWorker.java:170)
	at org.testng.internal.TestMethodWorker.run(TestMethodWorker.java:104)
	at org.testng.TestRunner.privateRun(TestRunner.java:774)
	at org.testng.TestRunner.run(TestRunner.java:624)
	at org.testng.SuiteRunner.runTest(SuiteRunner.java:359)
	at org.testng.SuiteRunner.runSequentially(SuiteRunner.java:354)
	at org.testng.SuiteRunner.privateRun(SuiteRunner.java:312)
	at org.testng.SuiteRunner.run(SuiteRunner.java:261)
	at org.testng.SuiteRunnerWorker.runSuite(SuiteRunnerWorker.java:52)
	at org.testng.SuiteRunnerWorker.run(SuiteRunnerWorker.java:86)
	at org.testng.TestNG.runSuitesSequentially(TestNG.java:1215)
	at org.testng.TestNG.runSuitesLocally(TestNG.java:1140)
	at org.testng.TestNG.run(TestNG.java:1048)
	at org.apache.maven.surefire.testng.TestNGExecutor.run(TestNGExecutor.java:293)
	at org.apache.maven.surefire.testng.TestNGXmlTestSuite.execute(TestNGXmlTestSuite.java:84)
	at org.apache.maven.surefire.testng.TestNGProvider.invoke(TestNGProvider.java:91)
	at org.apache.maven.surefire.booter.ForkedBooter.invokeProviderInSameClassLoader(ForkedBooter.java:200)
	at org.apache.maven.surefire.booter.ForkedBooter.runSuitesInProcess(ForkedBooter.java:153)
	at org.apache.maven.surefire.booter.ForkedBooter.main(ForkedBooter.java:103)
Caused by: org.openqa.selenium.NoSuchElementException: no such element: Unable to locate element: {"method":"id","selector":"login-language-inputEl"}
  (Session info: chrome=69.0.3497.100)
  (Driver info: chromedriver=2.42.591088 (7b2b2dca23cca0862f674758c9a3933e685c27d5),platform=Windows NT 6.1.7601 SP1 x86_64) (WARNING: The server did not provide any stacktrace information)
Command duration or timeout: 11 milliseconds
For documentation on this error, please visit: http://seleniumhq.org/exceptions/no_such_element.html
Build info: version: '2.53.1', revision: 'a36b8b1cd5757287168e54b817830adce9b0158d', time: '2016-06-30 19:26:09'
System info: host: 'Yeastar-PC', ip: '192.168.11.194', os.name: 'Windows 7', os.arch: 'x86', os.version: '6.1', java.version: '1.8.0_121'
Driver info: org.openqa.selenium.chrome.ChromeDriver
Capabilities [{mobileEmulationEnabled=false, hasTouchScreen=false, platform=XP, acceptSslCerts=false, goog:chromeOptions={debuggerAddress=localhost:23747}, acceptInsecureCerts=false, webStorageEnabled=true, browserName=chrome, takesScreenshot=true, javascriptEnabled=true, setWindowRect=true, unexpectedAlertBehaviour=, applicationCacheEnabled=false, rotatable=false, networkConnectionEnabled=false, chrome={chromedriverVersion=2.42.591088 (7b2b2dca23cca0862f674758c9a3933e685c27d5), userDataDir=C:\Users\Yeastar\AppData\Local\Temp\scoped_dir3852_3820}, takesHeapSnapshot=true, pageLoadStrategy=normal, databaseEnabled=false, handlesAlerts=true, version=69.0.3497.100, browserConnectionEnabled=false, nativeEvents=true, locationContextEnabled=true, cssSelectorsEnabled=true}]
Session ID: d3be694128271583ac260e31a4722891
*** Element info: {Using=id, value=login-language-inputEl}
	at sun.reflect.GeneratedConstructorAccessor26.newInstance(Unknown Source)
	at sun.reflect.DelegatingConstructorAccessorImpl.newInstance(DelegatingConstructorAccessorImpl.java:45)
	at java.lang.reflect.Constructor.newInstance(Constructor.java:423)
	at org.openqa.selenium.remote.ErrorHandler.createThrowable(ErrorHandler.java:206)
	at org.openqa.selenium.remote.ErrorHandler.throwIfResponseFailed(ErrorHandler.java:158)
	at org.openqa.selenium.remote.RemoteWebDriver.execute(RemoteWebDriver.java:678)
	at org.openqa.selenium.remote.RemoteWebDriver.findElement(RemoteWebDriver.java:363)
	at org.openqa.selenium.remote.RemoteWebDriver.findElementById(RemoteWebDriver.java:413)
	at org.openqa.selenium.By$ById.findElement(By.java:218)
	at org.openqa.selenium.remote.RemoteWebDriver.findElement(RemoteWebDriver.java:355)
	at com.codeborne.selenide.impl.WebElementSelector.findElement(WebElementSelector.java:28)
	at com.codeborne.selenide.impl.ElementFinder.getWebElement(ElementFinder.java:56)
	at com.codeborne.selenide.impl.WebElementSource.checkCondition(WebElementSource.java:44)
	... 39 more
]]>
    </error>
  </testcase> <!-- K1_editPatterns -->
  <testcase name="K2_editPatterns" time="0.000" classname="com.yeastar.swebtest.testcase.DetailCase.pbxcase.OutboundRoutes">
    <error type="com.codeborne.selenide.ex.ElementNotFound" message="Element not found {By.id: login-language-inputEl}
Expected: exist">
      <![CDATA[Element not found {By.id: login-language-inputEl}
Expected: exist
Screenshot: file:/F:/MyProject/SwebTest/pic/1539773760550.84.png
Timeout: 10 s.
Caused by: NoSuchElementException: no such element: Unable to locate element: {"method":"id","selector":"login-language-inputEl"}
	at com.codeborne.selenide.impl.WebElementSource.createElementNotFoundError(WebElementSource.java:31)
	at com.codeborne.selenide.impl.ElementFinder.createElementNotFoundError(ElementFinder.java:82)
	at com.codeborne.selenide.impl.WebElementSource.checkCondition(WebElementSource.java:59)
	at com.codeborne.selenide.commands.Should.should(Should.java:35)
	at com.codeborne.selenide.commands.Should.execute(Should.java:29)
	at com.codeborne.selenide.commands.Should.execute(Should.java:12)
	at com.codeborne.selenide.commands.Commands.execute(Commands.java:140)
	at com.codeborne.selenide.impl.SelenideElementProxy.dispatchAndRetry(SelenideElementProxy.java:86)
	at com.codeborne.selenide.impl.SelenideElementProxy.invoke(SelenideElementProxy.java:62)
	at com.sun.proxy.$Proxy6.should(Unknown Source)
	at com.yeastar.swebtest.driver.SwebDriver.click(SwebDriver.java:206)
	at com.yeastar.swebtest.driver.SwebDriver.select(SwebDriver.java:197)
	at com.yeastar.swebtest.driver.SwebDriver.login(SwebDriver.java:151)
	at com.yeastar.swebtest.driver.SwebDriver.login(SwebDriver.java:139)
	at com.yeastar.swebtest.testcase.DetailCase.pbxcase.PINList.BeforeClass(PINList.java:25)
	at sun.reflect.NativeMethodAccessorImpl.invoke0(Native Method)
	at sun.reflect.NativeMethodAccessorImpl.invoke(NativeMethodAccessorImpl.java:62)
	at sun.reflect.DelegatingMethodAccessorImpl.invoke(DelegatingMethodAccessorImpl.java:43)
	at java.lang.reflect.Method.invoke(Method.java:498)
	at org.testng.internal.MethodInvocationHelper.invokeMethod(MethodInvocationHelper.java:85)
	at org.testng.internal.Invoker.invokeConfigurationMethod(Invoker.java:510)
	at org.testng.internal.Invoker.invokeConfigurations(Invoker.java:211)
	at org.testng.internal.Invoker.invokeConfigurations(Invoker.java:138)
	at org.testng.internal.TestMethodWorker.invokeBeforeClassMethods(TestMethodWorker.java:170)
	at org.testng.internal.TestMethodWorker.run(TestMethodWorker.java:104)
	at org.testng.TestRunner.privateRun(TestRunner.java:774)
	at org.testng.TestRunner.run(TestRunner.java:624)
	at org.testng.SuiteRunner.runTest(SuiteRunner.java:359)
	at org.testng.SuiteRunner.runSequentially(SuiteRunner.java:354)
	at org.testng.SuiteRunner.privateRun(SuiteRunner.java:312)
	at org.testng.SuiteRunner.run(SuiteRunner.java:261)
	at org.testng.SuiteRunnerWorker.runSuite(SuiteRunnerWorker.java:52)
	at org.testng.SuiteRunnerWorker.run(SuiteRunnerWorker.java:86)
	at org.testng.TestNG.runSuitesSequentially(TestNG.java:1215)
	at org.testng.TestNG.runSuitesLocally(TestNG.java:1140)
	at org.testng.TestNG.run(TestNG.java:1048)
	at org.apache.maven.surefire.testng.TestNGExecutor.run(TestNGExecutor.java:293)
	at org.apache.maven.surefire.testng.TestNGXmlTestSuite.execute(TestNGXmlTestSuite.java:84)
	at org.apache.maven.surefire.testng.TestNGProvider.invoke(TestNGProvider.java:91)
	at org.apache.maven.surefire.booter.ForkedBooter.invokeProviderInSameClassLoader(ForkedBooter.java:200)
	at org.apache.maven.surefire.booter.ForkedBooter.runSuitesInProcess(ForkedBooter.java:153)
	at org.apache.maven.surefire.booter.ForkedBooter.main(ForkedBooter.java:103)
Caused by: org.openqa.selenium.NoSuchElementException: no such element: Unable to locate element: {"method":"id","selector":"login-language-inputEl"}
  (Session info: chrome=69.0.3497.100)
  (Driver info: chromedriver=2.42.591088 (7b2b2dca23cca0862f674758c9a3933e685c27d5),platform=Windows NT 6.1.7601 SP1 x86_64) (WARNING: The server did not provide any stacktrace information)
Command duration or timeout: 11 milliseconds
For documentation on this error, please visit: http://seleniumhq.org/exceptions/no_such_element.html
Build info: version: '2.53.1', revision: 'a36b8b1cd5757287168e54b817830adce9b0158d', time: '2016-06-30 19:26:09'
System info: host: 'Yeastar-PC', ip: '192.168.11.194', os.name: 'Windows 7', os.arch: 'x86', os.version: '6.1', java.version: '1.8.0_121'
Driver info: org.openqa.selenium.chrome.ChromeDriver
Capabilities [{mobileEmulationEnabled=false, hasTouchScreen=false, platform=XP, acceptSslCerts=false, goog:chromeOptions={debuggerAddress=localhost:23747}, acceptInsecureCerts=false, webStorageEnabled=true, browserName=chrome, takesScreenshot=true, javascriptEnabled=true, setWindowRect=true, unexpectedAlertBehaviour=, applicationCacheEnabled=false, rotatable=false, networkConnectionEnabled=false, chrome={chromedriverVersion=2.42.591088 (7b2b2dca23cca0862f674758c9a3933e685c27d5), userDataDir=C:\Users\Yeastar\AppData\Local\Temp\scoped_dir3852_3820}, takesHeapSnapshot=true, pageLoadStrategy=normal, databaseEnabled=false, handlesAlerts=true, version=69.0.3497.100, browserConnectionEnabled=false, nativeEvents=true, locationContextEnabled=true, cssSelectorsEnabled=true}]
Session ID: d3be694128271583ac260e31a4722891
*** Element info: {Using=id, value=login-language-inputEl}
	at sun.reflect.GeneratedConstructorAccessor26.newInstance(Unknown Source)
	at sun.reflect.DelegatingConstructorAccessorImpl.newInstance(DelegatingConstructorAccessorImpl.java:45)
	at java.lang.reflect.Constructor.newInstance(Constructor.java:423)
	at org.openqa.selenium.remote.ErrorHandler.createThrowable(ErrorHandler.java:206)
	at org.openqa.selenium.remote.ErrorHandler.throwIfResponseFailed(ErrorHandler.java:158)
	at org.openqa.selenium.remote.RemoteWebDriver.execute(RemoteWebDriver.java:678)
	at org.openqa.selenium.remote.RemoteWebDriver.findElement(RemoteWebDriver.java:363)
	at org.openqa.selenium.remote.RemoteWebDriver.findElementById(RemoteWebDriver.java:413)
	at org.openqa.selenium.By$ById.findElement(By.java:218)
	at org.openqa.selenium.remote.RemoteWebDriver.findElement(RemoteWebDriver.java:355)
	at com.codeborne.selenide.impl.WebElementSelector.findElement(WebElementSelector.java:28)
	at com.codeborne.selenide.impl.ElementFinder.getWebElement(ElementFinder.java:56)
	at com.codeborne.selenide.impl.WebElementSource.checkCondition(WebElementSource.java:44)
	... 39 more
]]>
    </error>
  </testcase> <!-- K2_editPatterns -->
  <testcase name="K1_editPatterns" time="0.000" classname="com.yeastar.swebtest.testcase.DetailCase.pbxcase.OutboundRoutes">
    <error type="com.codeborne.selenide.ex.ElementNotFound" message="Element not found {By.id: login-language-inputEl}
Expected: exist">
      <![CDATA[Element not found {By.id: login-language-inputEl}
Expected: exist
Screenshot: file:/F:/MyProject/SwebTest/pic/1539773760550.84.png
Timeout: 10 s.
Caused by: NoSuchElementException: no such element: Unable to locate element: {"method":"id","selector":"login-language-inputEl"}
	at com.codeborne.selenide.impl.WebElementSource.createElementNotFoundError(WebElementSource.java:31)
	at com.codeborne.selenide.impl.ElementFinder.createElementNotFoundError(ElementFinder.java:82)
	at com.codeborne.selenide.impl.WebElementSource.checkCondition(WebElementSource.java:59)
	at com.codeborne.selenide.commands.Should.should(Should.java:35)
	at com.codeborne.selenide.commands.Should.execute(Should.java:29)
	at com.codeborne.selenide.commands.Should.execute(Should.java:12)
	at com.codeborne.selenide.commands.Commands.execute(Commands.java:140)
	at com.codeborne.selenide.impl.SelenideElementProxy.dispatchAndRetry(SelenideElementProxy.java:86)
	at com.codeborne.selenide.impl.SelenideElementProxy.invoke(SelenideElementProxy.java:62)
	at com.sun.proxy.$Proxy6.should(Unknown Source)
	at com.yeastar.swebtest.driver.SwebDriver.click(SwebDriver.java:206)
	at com.yeastar.swebtest.driver.SwebDriver.select(SwebDriver.java:197)
	at com.yeastar.swebtest.driver.SwebDriver.login(SwebDriver.java:151)
	at com.yeastar.swebtest.driver.SwebDriver.login(SwebDriver.java:139)
	at com.yeastar.swebtest.testcase.DetailCase.pbxcase.PINList.BeforeClass(PINList.java:25)
	at sun.reflect.NativeMethodAccessorImpl.invoke0(Native Method)
	at sun.reflect.NativeMethodAccessorImpl.invoke(NativeMethodAccessorImpl.java:62)
	at sun.reflect.DelegatingMethodAccessorImpl.invoke(DelegatingMethodAccessorImpl.java:43)
	at java.lang.reflect.Method.invoke(Method.java:498)
	at org.testng.internal.MethodInvocationHelper.invokeMethod(MethodInvocationHelper.java:85)
	at org.testng.internal.Invoker.invokeConfigurationMethod(Invoker.java:510)
	at org.testng.internal.Invoker.invokeConfigurations(Invoker.java:211)
	at org.testng.internal.Invoker.invokeConfigurations(Invoker.java:138)
	at org.testng.internal.TestMethodWorker.invokeBeforeClassMethods(TestMethodWorker.java:170)
	at org.testng.internal.TestMethodWorker.run(TestMethodWorker.java:104)
	at org.testng.TestRunner.privateRun(TestRunner.java:774)
	at org.testng.TestRunner.run(TestRunner.java:624)
	at org.testng.SuiteRunner.runTest(SuiteRunner.java:359)
	at org.testng.SuiteRunner.runSequentially(SuiteRunner.java:354)
	at org.testng.SuiteRunner.privateRun(SuiteRunner.java:312)
	at org.testng.SuiteRunner.run(SuiteRunner.java:261)
	at org.testng.SuiteRunnerWorker.runSuite(SuiteRunnerWorker.java:52)
	at org.testng.SuiteRunnerWorker.run(SuiteRunnerWorker.java:86)
	at org.testng.TestNG.runSuitesSequentially(TestNG.java:1215)
	at org.testng.TestNG.runSuitesLocally(TestNG.java:1140)
	at org.testng.TestNG.run(TestNG.java:1048)
	at org.apache.maven.surefire.testng.TestNGExecutor.run(TestNGExecutor.java:293)
	at org.apache.maven.surefire.testng.TestNGXmlTestSuite.execute(TestNGXmlTestSuite.java:84)
	at org.apache.maven.surefire.testng.TestNGProvider.invoke(TestNGProvider.java:91)
	at org.apache.maven.surefire.booter.ForkedBooter.invokeProviderInSameClassLoader(ForkedBooter.java:200)
	at org.apache.maven.surefire.booter.ForkedBooter.runSuitesInProcess(ForkedBooter.java:153)
	at org.apache.maven.surefire.booter.ForkedBooter.main(ForkedBooter.java:103)
Caused by: org.openqa.selenium.NoSuchElementException: no such element: Unable to locate element: {"method":"id","selector":"login-language-inputEl"}
  (Session info: chrome=69.0.3497.100)
  (Driver info: chromedriver=2.42.591088 (7b2b2dca23cca0862f674758c9a3933e685c27d5),platform=Windows NT 6.1.7601 SP1 x86_64) (WARNING: The server did not provide any stacktrace information)
Command duration or timeout: 11 milliseconds
For documentation on this error, please visit: http://seleniumhq.org/exceptions/no_such_element.html
Build info: version: '2.53.1', revision: 'a36b8b1cd5757287168e54b817830adce9b0158d', time: '2016-06-30 19:26:09'
System info: host: 'Yeastar-PC', ip: '192.168.11.194', os.name: 'Windows 7', os.arch: 'x86', os.version: '6.1', java.version: '1.8.0_121'
Driver info: org.openqa.selenium.chrome.ChromeDriver
Capabilities [{mobileEmulationEnabled=false, hasTouchScreen=false, platform=XP, acceptSslCerts=false, goog:chromeOptions={debuggerAddress=localhost:23747}, acceptInsecureCerts=false, webStorageEnabled=true, browserName=chrome, takesScreenshot=true, javascriptEnabled=true, setWindowRect=true, unexpectedAlertBehaviour=, applicationCacheEnabled=false, rotatable=false, networkConnectionEnabled=false, chrome={chromedriverVersion=2.42.591088 (7b2b2dca23cca0862f674758c9a3933e685c27d5), userDataDir=C:\Users\Yeastar\AppData\Local\Temp\scoped_dir3852_3820}, takesHeapSnapshot=true, pageLoadStrategy=normal, databaseEnabled=false, handlesAlerts=true, version=69.0.3497.100, browserConnectionEnabled=false, nativeEvents=true, locationContextEnabled=true, cssSelectorsEnabled=true}]
Session ID: d3be694128271583ac260e31a4722891
*** Element info: {Using=id, value=login-language-inputEl}
	at sun.reflect.GeneratedConstructorAccessor26.newInstance(Unknown Source)
	at sun.reflect.DelegatingConstructorAccessorImpl.newInstance(DelegatingConstructorAccessorImpl.java:45)
	at java.lang.reflect.Constructor.newInstance(Constructor.java:423)
	at org.openqa.selenium.remote.ErrorHandler.createThrowable(ErrorHandler.java:206)
	at org.openqa.selenium.remote.ErrorHandler.throwIfResponseFailed(ErrorHandler.java:158)
	at org.openqa.selenium.remote.RemoteWebDriver.execute(RemoteWebDriver.java:678)
	at org.openqa.selenium.remote.RemoteWebDriver.findElement(RemoteWebDriver.java:363)
	at org.openqa.selenium.remote.RemoteWebDriver.findElementById(RemoteWebDriver.java:413)
	at org.openqa.selenium.By$ById.findElement(By.java:218)
	at org.openqa.selenium.remote.RemoteWebDriver.findElement(RemoteWebDriver.java:355)
	at com.codeborne.selenide.impl.WebElementSelector.findElement(WebElementSelector.java:28)
	at com.codeborne.selenide.impl.ElementFinder.getWebElement(ElementFinder.java:56)
	at com.codeborne.selenide.impl.WebElementSource.checkCondition(WebElementSource.java:44)
	... 39 more
]]>
    </error>
  </testcase> <!-- K1_editPatterns -->
  <testcase name="K1_editPatterns" time="0.000" classname="com.yeastar.swebtest.testcase.DetailCase.pbxcase.OutboundRoutes">
    <error type="com.codeborne.selenide.ex.ElementNotFound" message="Element not found {By.id: login-language-inputEl}
Expected: exist">
      <![CDATA[Element not found {By.id: login-language-inputEl}
Expected: exist
Screenshot: file:/F:/MyProject/SwebTest/pic/1539773760550.84.png
Timeout: 10 s.
Caused by: NoSuchElementException: no such element: Unable to locate element: {"method":"id","selector":"login-language-inputEl"}
	at com.codeborne.selenide.impl.WebElementSource.createElementNotFoundError(WebElementSource.java:31)
	at com.codeborne.selenide.impl.ElementFinder.createElementNotFoundError(ElementFinder.java:82)
	at com.codeborne.selenide.impl.WebElementSource.checkCondition(WebElementSource.java:59)
	at com.codeborne.selenide.commands.Should.should(Should.java:35)
	at com.codeborne.selenide.commands.Should.execute(Should.java:29)
	at com.codeborne.selenide.commands.Should.execute(Should.java:12)
	at com.codeborne.selenide.commands.Commands.execute(Commands.java:140)
	at com.codeborne.selenide.impl.SelenideElementProxy.dispatchAndRetry(SelenideElementProxy.java:86)
	at com.codeborne.selenide.impl.SelenideElementProxy.invoke(SelenideElementProxy.java:62)
	at com.sun.proxy.$Proxy6.should(Unknown Source)
	at com.yeastar.swebtest.driver.SwebDriver.click(SwebDriver.java:206)
	at com.yeastar.swebtest.driver.SwebDriver.select(SwebDriver.java:197)
	at com.yeastar.swebtest.driver.SwebDriver.login(SwebDriver.java:151)
	at com.yeastar.swebtest.driver.SwebDriver.login(SwebDriver.java:139)
	at com.yeastar.swebtest.testcase.DetailCase.pbxcase.PINList.BeforeClass(PINList.java:25)
	at sun.reflect.NativeMethodAccessorImpl.invoke0(Native Method)
	at sun.reflect.NativeMethodAccessorImpl.invoke(NativeMethodAccessorImpl.java:62)
	at sun.reflect.DelegatingMethodAccessorImpl.invoke(DelegatingMethodAccessorImpl.java:43)
	at java.lang.reflect.Method.invoke(Method.java:498)
	at org.testng.internal.MethodInvocationHelper.invokeMethod(MethodInvocationHelper.java:85)
	at org.testng.internal.Invoker.invokeConfigurationMethod(Invoker.java:510)
	at org.testng.internal.Invoker.invokeConfigurations(Invoker.java:211)
	at org.testng.internal.Invoker.invokeConfigurations(Invoker.java:138)
	at org.testng.internal.TestMethodWorker.invokeBeforeClassMethods(TestMethodWorker.java:170)
	at org.testng.internal.TestMethodWorker.run(TestMethodWorker.java:104)
	at org.testng.TestRunner.privateRun(TestRunner.java:774)
	at org.testng.TestRunner.run(TestRunner.java:624)
	at org.testng.SuiteRunner.runTest(SuiteRunner.java:359)
	at org.testng.SuiteRunner.runSequentially(SuiteRunner.java:354)
	at org.testng.SuiteRunner.privateRun(SuiteRunner.java:312)
	at org.testng.SuiteRunner.run(SuiteRunner.java:261)
	at org.testng.SuiteRunnerWorker.runSuite(SuiteRunnerWorker.java:52)
	at org.testng.SuiteRunnerWorker.run(SuiteRunnerWorker.java:86)
	at org.testng.TestNG.runSuitesSequentially(TestNG.java:1215)
	at org.testng.TestNG.runSuitesLocally(TestNG.java:1140)
	at org.testng.TestNG.run(TestNG.java:1048)
	at org.apache.maven.surefire.testng.TestNGExecutor.run(TestNGExecutor.java:293)
	at org.apache.maven.surefire.testng.TestNGXmlTestSuite.execute(TestNGXmlTestSuite.java:84)
	at org.apache.maven.surefire.testng.TestNGProvider.invoke(TestNGProvider.java:91)
	at org.apache.maven.surefire.booter.ForkedBooter.invokeProviderInSameClassLoader(ForkedBooter.java:200)
	at org.apache.maven.surefire.booter.ForkedBooter.runSuitesInProcess(ForkedBooter.java:153)
	at org.apache.maven.surefire.booter.ForkedBooter.main(ForkedBooter.java:103)
Caused by: org.openqa.selenium.NoSuchElementException: no such element: Unable to locate element: {"method":"id","selector":"login-language-inputEl"}
  (Session info: chrome=69.0.3497.100)
  (Driver info: chromedriver=2.42.591088 (7b2b2dca23cca0862f674758c9a3933e685c27d5),platform=Windows NT 6.1.7601 SP1 x86_64) (WARNING: The server did not provide any stacktrace information)
Command duration or timeout: 11 milliseconds
For documentation on this error, please visit: http://seleniumhq.org/exceptions/no_such_element.html
Build info: version: '2.53.1', revision: 'a36b8b1cd5757287168e54b817830adce9b0158d', time: '2016-06-30 19:26:09'
System info: host: 'Yeastar-PC', ip: '192.168.11.194', os.name: 'Windows 7', os.arch: 'x86', os.version: '6.1', java.version: '1.8.0_121'
Driver info: org.openqa.selenium.chrome.ChromeDriver
Capabilities [{mobileEmulationEnabled=false, hasTouchScreen=false, platform=XP, acceptSslCerts=false, goog:chromeOptions={debuggerAddress=localhost:23747}, acceptInsecureCerts=false, webStorageEnabled=true, browserName=chrome, takesScreenshot=true, javascriptEnabled=true, setWindowRect=true, unexpectedAlertBehaviour=, applicationCacheEnabled=false, rotatable=false, networkConnectionEnabled=false, chrome={chromedriverVersion=2.42.591088 (7b2b2dca23cca0862f674758c9a3933e685c27d5), userDataDir=C:\Users\Yeastar\AppData\Local\Temp\scoped_dir3852_3820}, takesHeapSnapshot=true, pageLoadStrategy=normal, databaseEnabled=false, handlesAlerts=true, version=69.0.3497.100, browserConnectionEnabled=false, nativeEvents=true, locationContextEnabled=true, cssSelectorsEnabled=true}]
Session ID: d3be694128271583ac260e31a4722891
*** Element info: {Using=id, value=login-language-inputEl}
	at sun.reflect.GeneratedConstructorAccessor26.newInstance(Unknown Source)
	at sun.reflect.DelegatingConstructorAccessorImpl.newInstance(DelegatingConstructorAccessorImpl.java:45)
	at java.lang.reflect.Constructor.newInstance(Constructor.java:423)
	at org.openqa.selenium.remote.ErrorHandler.createThrowable(ErrorHandler.java:206)
	at org.openqa.selenium.remote.ErrorHandler.throwIfResponseFailed(ErrorHandler.java:158)
	at org.openqa.selenium.remote.RemoteWebDriver.execute(RemoteWebDriver.java:678)
	at org.openqa.selenium.remote.RemoteWebDriver.findElement(RemoteWebDriver.java:363)
	at org.openqa.selenium.remote.RemoteWebDriver.findElementById(RemoteWebDriver.java:413)
	at org.openqa.selenium.By$ById.findElement(By.java:218)
	at org.openqa.selenium.remote.RemoteWebDriver.findElement(RemoteWebDriver.java:355)
	at com.codeborne.selenide.impl.WebElementSelector.findElement(WebElementSelector.java:28)
	at com.codeborne.selenide.impl.ElementFinder.getWebElement(ElementFinder.java:56)
	at com.codeborne.selenide.impl.WebElementSource.checkCondition(WebElementSource.java:44)
	... 39 more
]]>
    </error>
  </testcase> <!-- K1_editPatterns -->
  <testcase name="P4_deletePart_yes" time="0.001" classname="com.yeastar.swebtest.testcase.DetailCase.pbxcase.OutboundRoutes">
    <error type="com.codeborne.selenide.ex.ElementNotFound" message="Element not found {By.id: login-language-inputEl}
Expected: exist">
      <![CDATA[Element not found {By.id: login-language-inputEl}
Expected: exist
Screenshot: file:/F:/MyProject/SwebTest/pic/1539773760550.84.png
Timeout: 10 s.
Caused by: NoSuchElementException: no such element: Unable to locate element: {"method":"id","selector":"login-language-inputEl"}
	at com.codeborne.selenide.impl.WebElementSource.createElementNotFoundError(WebElementSource.java:31)
	at com.codeborne.selenide.impl.ElementFinder.createElementNotFoundError(ElementFinder.java:82)
	at com.codeborne.selenide.impl.WebElementSource.checkCondition(WebElementSource.java:59)
	at com.codeborne.selenide.commands.Should.should(Should.java:35)
	at com.codeborne.selenide.commands.Should.execute(Should.java:29)
	at com.codeborne.selenide.commands.Should.execute(Should.java:12)
	at com.codeborne.selenide.commands.Commands.execute(Commands.java:140)
	at com.codeborne.selenide.impl.SelenideElementProxy.dispatchAndRetry(SelenideElementProxy.java:86)
	at com.codeborne.selenide.impl.SelenideElementProxy.invoke(SelenideElementProxy.java:62)
	at com.sun.proxy.$Proxy6.should(Unknown Source)
	at com.yeastar.swebtest.driver.SwebDriver.click(SwebDriver.java:206)
	at com.yeastar.swebtest.driver.SwebDriver.select(SwebDriver.java:197)
	at com.yeastar.swebtest.driver.SwebDriver.login(SwebDriver.java:151)
	at com.yeastar.swebtest.driver.SwebDriver.login(SwebDriver.java:139)
	at com.yeastar.swebtest.testcase.DetailCase.pbxcase.PINList.BeforeClass(PINList.java:25)
	at sun.reflect.NativeMethodAccessorImpl.invoke0(Native Method)
	at sun.reflect.NativeMethodAccessorImpl.invoke(NativeMethodAccessorImpl.java:62)
	at sun.reflect.DelegatingMethodAccessorImpl.invoke(DelegatingMethodAccessorImpl.java:43)
	at java.lang.reflect.Method.invoke(Method.java:498)
	at org.testng.internal.MethodInvocationHelper.invokeMethod(MethodInvocationHelper.java:85)
	at org.testng.internal.Invoker.invokeConfigurationMethod(Invoker.java:510)
	at org.testng.internal.Invoker.invokeConfigurations(Invoker.java:211)
	at org.testng.internal.Invoker.invokeConfigurations(Invoker.java:138)
	at org.testng.internal.TestMethodWorker.invokeBeforeClassMethods(TestMethodWorker.java:170)
	at org.testng.internal.TestMethodWorker.run(TestMethodWorker.java:104)
	at org.testng.TestRunner.privateRun(TestRunner.java:774)
	at org.testng.TestRunner.run(TestRunner.java:624)
	at org.testng.SuiteRunner.runTest(SuiteRunner.java:359)
	at org.testng.SuiteRunner.runSequentially(SuiteRunner.java:354)
	at org.testng.SuiteRunner.privateRun(SuiteRunner.java:312)
	at org.testng.SuiteRunner.run(SuiteRunner.java:261)
	at org.testng.SuiteRunnerWorker.runSuite(SuiteRunnerWorker.java:52)
	at org.testng.SuiteRunnerWorker.run(SuiteRunnerWorker.java:86)
	at org.testng.TestNG.runSuitesSequentially(TestNG.java:1215)
	at org.testng.TestNG.runSuitesLocally(TestNG.java:1140)
	at org.testng.TestNG.run(TestNG.java:1048)
	at org.apache.maven.surefire.testng.TestNGExecutor.run(TestNGExecutor.java:293)
	at org.apache.maven.surefire.testng.TestNGXmlTestSuite.execute(TestNGXmlTestSuite.java:84)
	at org.apache.maven.surefire.testng.TestNGProvider.invoke(TestNGProvider.java:91)
	at org.apache.maven.surefire.booter.ForkedBooter.invokeProviderInSameClassLoader(ForkedBooter.java:200)
	at org.apache.maven.surefire.booter.ForkedBooter.runSuitesInProcess(ForkedBooter.java:153)
	at org.apache.maven.surefire.booter.ForkedBooter.main(ForkedBooter.java:103)
Caused by: org.openqa.selenium.NoSuchElementException: no such element: Unable to locate element: {"method":"id","selector":"login-language-inputEl"}
  (Session info: chrome=69.0.3497.100)
  (Driver info: chromedriver=2.42.591088 (7b2b2dca23cca0862f674758c9a3933e685c27d5),platform=Windows NT 6.1.7601 SP1 x86_64) (WARNING: The server did not provide any stacktrace information)
Command duration or timeout: 11 milliseconds
For documentation on this error, please visit: http://seleniumhq.org/exceptions/no_such_element.html
Build info: version: '2.53.1', revision: 'a36b8b1cd5757287168e54b817830adce9b0158d', time: '2016-06-30 19:26:09'
System info: host: 'Yeastar-PC', ip: '192.168.11.194', os.name: 'Windows 7', os.arch: 'x86', os.version: '6.1', java.version: '1.8.0_121'
Driver info: org.openqa.selenium.chrome.ChromeDriver
Capabilities [{mobileEmulationEnabled=false, hasTouchScreen=false, platform=XP, acceptSslCerts=false, goog:chromeOptions={debuggerAddress=localhost:23747}, acceptInsecureCerts=false, webStorageEnabled=true, browserName=chrome, takesScreenshot=true, javascriptEnabled=true, setWindowRect=true, unexpectedAlertBehaviour=, applicationCacheEnabled=false, rotatable=false, networkConnectionEnabled=false, chrome={chromedriverVersion=2.42.591088 (7b2b2dca23cca0862f674758c9a3933e685c27d5), userDataDir=C:\Users\Yeastar\AppData\Local\Temp\scoped_dir3852_3820}, takesHeapSnapshot=true, pageLoadStrategy=normal, databaseEnabled=false, handlesAlerts=true, version=69.0.3497.100, browserConnectionEnabled=false, nativeEvents=true, locationContextEnabled=true, cssSelectorsEnabled=true}]
Session ID: d3be694128271583ac260e31a4722891
*** Element info: {Using=id, value=login-language-inputEl}
	at sun.reflect.GeneratedConstructorAccessor26.newInstance(Unknown Source)
	at sun.reflect.DelegatingConstructorAccessorImpl.newInstance(DelegatingConstructorAccessorImpl.java:45)
	at java.lang.reflect.Constructor.newInstance(Constructor.java:423)
	at org.openqa.selenium.remote.ErrorHandler.createThrowable(ErrorHandler.java:206)
	at org.openqa.selenium.remote.ErrorHandler.throwIfResponseFailed(ErrorHandler.java:158)
	at org.openqa.selenium.remote.RemoteWebDriver.execute(RemoteWebDriver.java:678)
	at org.openqa.selenium.remote.RemoteWebDriver.findElement(RemoteWebDriver.java:363)
	at org.openqa.selenium.remote.RemoteWebDriver.findElementById(RemoteWebDriver.java:413)
	at org.openqa.selenium.By$ById.findElement(By.java:218)
	at org.openqa.selenium.remote.RemoteWebDriver.findElement(RemoteWebDriver.java:355)
	at com.codeborne.selenide.impl.WebElementSelector.findElement(WebElementSelector.java:28)
	at com.codeborne.selenide.impl.ElementFinder.getWebElement(ElementFinder.java:56)
	at com.codeborne.selenide.impl.WebElementSource.checkCondition(WebElementSource.java:44)
	... 39 more
]]>
    </error>
  </testcase> <!-- P4_deletePart_yes -->
  <testcase name="K1_editPatterns" time="0.000" classname="com.yeastar.swebtest.testcase.DetailCase.pbxcase.OutboundRoutes">
    <error type="com.codeborne.selenide.ex.ElementNotFound" message="Element not found {By.id: login-language-inputEl}
Expected: exist">
      <![CDATA[Element not found {By.id: login-language-inputEl}
Expected: exist
Screenshot: file:/F:/MyProject/SwebTest/pic/1539773760550.84.png
Timeout: 10 s.
Caused by: NoSuchElementException: no such element: Unable to locate element: {"method":"id","selector":"login-language-inputEl"}
	at com.codeborne.selenide.impl.WebElementSource.createElementNotFoundError(WebElementSource.java:31)
	at com.codeborne.selenide.impl.ElementFinder.createElementNotFoundError(ElementFinder.java:82)
	at com.codeborne.selenide.impl.WebElementSource.checkCondition(WebElementSource.java:59)
	at com.codeborne.selenide.commands.Should.should(Should.java:35)
	at com.codeborne.selenide.commands.Should.execute(Should.java:29)
	at com.codeborne.selenide.commands.Should.execute(Should.java:12)
	at com.codeborne.selenide.commands.Commands.execute(Commands.java:140)
	at com.codeborne.selenide.impl.SelenideElementProxy.dispatchAndRetry(SelenideElementProxy.java:86)
	at com.codeborne.selenide.impl.SelenideElementProxy.invoke(SelenideElementProxy.java:62)
	at com.sun.proxy.$Proxy6.should(Unknown Source)
	at com.yeastar.swebtest.driver.SwebDriver.click(SwebDriver.java:206)
	at com.yeastar.swebtest.driver.SwebDriver.select(SwebDriver.java:197)
	at com.yeastar.swebtest.driver.SwebDriver.login(SwebDriver.java:151)
	at com.yeastar.swebtest.driver.SwebDriver.login(SwebDriver.java:139)
	at com.yeastar.swebtest.testcase.DetailCase.pbxcase.PINList.BeforeClass(PINList.java:25)
	at sun.reflect.NativeMethodAccessorImpl.invoke0(Native Method)
	at sun.reflect.NativeMethodAccessorImpl.invoke(NativeMethodAccessorImpl.java:62)
	at sun.reflect.DelegatingMethodAccessorImpl.invoke(DelegatingMethodAccessorImpl.java:43)
	at java.lang.reflect.Method.invoke(Method.java:498)
	at org.testng.internal.MethodInvocationHelper.invokeMethod(MethodInvocationHelper.java:85)
	at org.testng.internal.Invoker.invokeConfigurationMethod(Invoker.java:510)
	at org.testng.internal.Invoker.invokeConfigurations(Invoker.java:211)
	at org.testng.internal.Invoker.invokeConfigurations(Invoker.java:138)
	at org.testng.internal.TestMethodWorker.invokeBeforeClassMethods(TestMethodWorker.java:170)
	at org.testng.internal.TestMethodWorker.run(TestMethodWorker.java:104)
	at org.testng.TestRunner.privateRun(TestRunner.java:774)
	at org.testng.TestRunner.run(TestRunner.java:624)
	at org.testng.SuiteRunner.runTest(SuiteRunner.java:359)
	at org.testng.SuiteRunner.runSequentially(SuiteRunner.java:354)
	at org.testng.SuiteRunner.privateRun(SuiteRunner.java:312)
	at org.testng.SuiteRunner.run(SuiteRunner.java:261)
	at org.testng.SuiteRunnerWorker.runSuite(SuiteRunnerWorker.java:52)
	at org.testng.SuiteRunnerWorker.run(SuiteRunnerWorker.java:86)
	at org.testng.TestNG.runSuitesSequentially(TestNG.java:1215)
	at org.testng.TestNG.runSuitesLocally(TestNG.java:1140)
	at org.testng.TestNG.run(TestNG.java:1048)
	at org.apache.maven.surefire.testng.TestNGExecutor.run(TestNGExecutor.java:293)
	at org.apache.maven.surefire.testng.TestNGXmlTestSuite.execute(TestNGXmlTestSuite.java:84)
	at org.apache.maven.surefire.testng.TestNGProvider.invoke(TestNGProvider.java:91)
	at org.apache.maven.surefire.booter.ForkedBooter.invokeProviderInSameClassLoader(ForkedBooter.java:200)
	at org.apache.maven.surefire.booter.ForkedBooter.runSuitesInProcess(ForkedBooter.java:153)
	at org.apache.maven.surefire.booter.ForkedBooter.main(ForkedBooter.java:103)
Caused by: org.openqa.selenium.NoSuchElementException: no such element: Unable to locate element: {"method":"id","selector":"login-language-inputEl"}
  (Session info: chrome=69.0.3497.100)
  (Driver info: chromedriver=2.42.591088 (7b2b2dca23cca0862f674758c9a3933e685c27d5),platform=Windows NT 6.1.7601 SP1 x86_64) (WARNING: The server did not provide any stacktrace information)
Command duration or timeout: 11 milliseconds
For documentation on this error, please visit: http://seleniumhq.org/exceptions/no_such_element.html
Build info: version: '2.53.1', revision: 'a36b8b1cd5757287168e54b817830adce9b0158d', time: '2016-06-30 19:26:09'
System info: host: 'Yeastar-PC', ip: '192.168.11.194', os.name: 'Windows 7', os.arch: 'x86', os.version: '6.1', java.version: '1.8.0_121'
Driver info: org.openqa.selenium.chrome.ChromeDriver
Capabilities [{mobileEmulationEnabled=false, hasTouchScreen=false, platform=XP, acceptSslCerts=false, goog:chromeOptions={debuggerAddress=localhost:23747}, acceptInsecureCerts=false, webStorageEnabled=true, browserName=chrome, takesScreenshot=true, javascriptEnabled=true, setWindowRect=true, unexpectedAlertBehaviour=, applicationCacheEnabled=false, rotatable=false, networkConnectionEnabled=false, chrome={chromedriverVersion=2.42.591088 (7b2b2dca23cca0862f674758c9a3933e685c27d5), userDataDir=C:\Users\Yeastar\AppData\Local\Temp\scoped_dir3852_3820}, takesHeapSnapshot=true, pageLoadStrategy=normal, databaseEnabled=false, handlesAlerts=true, version=69.0.3497.100, browserConnectionEnabled=false, nativeEvents=true, locationContextEnabled=true, cssSelectorsEnabled=true}]
Session ID: d3be694128271583ac260e31a4722891
*** Element info: {Using=id, value=login-language-inputEl}
	at sun.reflect.GeneratedConstructorAccessor26.newInstance(Unknown Source)
	at sun.reflect.DelegatingConstructorAccessorImpl.newInstance(DelegatingConstructorAccessorImpl.java:45)
	at java.lang.reflect.Constructor.newInstance(Constructor.java:423)
	at org.openqa.selenium.remote.ErrorHandler.createThrowable(ErrorHandler.java:206)
	at org.openqa.selenium.remote.ErrorHandler.throwIfResponseFailed(ErrorHandler.java:158)
	at org.openqa.selenium.remote.RemoteWebDriver.execute(RemoteWebDriver.java:678)
	at org.openqa.selenium.remote.RemoteWebDriver.findElement(RemoteWebDriver.java:363)
	at org.openqa.selenium.remote.RemoteWebDriver.findElementById(RemoteWebDriver.java:413)
	at org.openqa.selenium.By$ById.findElement(By.java:218)
	at org.openqa.selenium.remote.RemoteWebDriver.findElement(RemoteWebDriver.java:355)
	at com.codeborne.selenide.impl.WebElementSelector.findElement(WebElementSelector.java:28)
	at com.codeborne.selenide.impl.ElementFinder.getWebElement(ElementFinder.java:56)
	at com.codeborne.selenide.impl.WebElementSource.checkCondition(WebElementSource.java:44)
	... 39 more
]]>
    </error>
  </testcase> <!-- K1_editPatterns -->
  <testcase name="G_rrmemory_hunt" time="0.000" classname="com.yeastar.swebtest.testcase.DetailCase.pbxcase.OutboundRoutes">
    <error type="com.codeborne.selenide.ex.ElementNotFound" message="Element not found {By.id: login-language-inputEl}
Expected: exist">
      <![CDATA[Element not found {By.id: login-language-inputEl}
Expected: exist
Screenshot: file:/F:/MyProject/SwebTest/pic/1539773760550.84.png
Timeout: 10 s.
Caused by: NoSuchElementException: no such element: Unable to locate element: {"method":"id","selector":"login-language-inputEl"}
	at com.codeborne.selenide.impl.WebElementSource.createElementNotFoundError(WebElementSource.java:31)
	at com.codeborne.selenide.impl.ElementFinder.createElementNotFoundError(ElementFinder.java:82)
	at com.codeborne.selenide.impl.WebElementSource.checkCondition(WebElementSource.java:59)
	at com.codeborne.selenide.commands.Should.should(Should.java:35)
	at com.codeborne.selenide.commands.Should.execute(Should.java:29)
	at com.codeborne.selenide.commands.Should.execute(Should.java:12)
	at com.codeborne.selenide.commands.Commands.execute(Commands.java:140)
	at com.codeborne.selenide.impl.SelenideElementProxy.dispatchAndRetry(SelenideElementProxy.java:86)
	at com.codeborne.selenide.impl.SelenideElementProxy.invoke(SelenideElementProxy.java:62)
	at com.sun.proxy.$Proxy6.should(Unknown Source)
	at com.yeastar.swebtest.driver.SwebDriver.click(SwebDriver.java:206)
	at com.yeastar.swebtest.driver.SwebDriver.select(SwebDriver.java:197)
	at com.yeastar.swebtest.driver.SwebDriver.login(SwebDriver.java:151)
	at com.yeastar.swebtest.driver.SwebDriver.login(SwebDriver.java:139)
	at com.yeastar.swebtest.testcase.DetailCase.pbxcase.PINList.BeforeClass(PINList.java:25)
	at sun.reflect.NativeMethodAccessorImpl.invoke0(Native Method)
	at sun.reflect.NativeMethodAccessorImpl.invoke(NativeMethodAccessorImpl.java:62)
	at sun.reflect.DelegatingMethodAccessorImpl.invoke(DelegatingMethodAccessorImpl.java:43)
	at java.lang.reflect.Method.invoke(Method.java:498)
	at org.testng.internal.MethodInvocationHelper.invokeMethod(MethodInvocationHelper.java:85)
	at org.testng.internal.Invoker.invokeConfigurationMethod(Invoker.java:510)
	at org.testng.internal.Invoker.invokeConfigurations(Invoker.java:211)
	at org.testng.internal.Invoker.invokeConfigurations(Invoker.java:138)
	at org.testng.internal.TestMethodWorker.invokeBeforeClassMethods(TestMethodWorker.java:170)
	at org.testng.internal.TestMethodWorker.run(TestMethodWorker.java:104)
	at org.testng.TestRunner.privateRun(TestRunner.java:774)
	at org.testng.TestRunner.run(TestRunner.java:624)
	at org.testng.SuiteRunner.runTest(SuiteRunner.java:359)
	at org.testng.SuiteRunner.runSequentially(SuiteRunner.java:354)
	at org.testng.SuiteRunner.privateRun(SuiteRunner.java:312)
	at org.testng.SuiteRunner.run(SuiteRunner.java:261)
	at org.testng.SuiteRunnerWorker.runSuite(SuiteRunnerWorker.java:52)
	at org.testng.SuiteRunnerWorker.run(SuiteRunnerWorker.java:86)
	at org.testng.TestNG.runSuitesSequentially(TestNG.java:1215)
	at org.testng.TestNG.runSuitesLocally(TestNG.java:1140)
	at org.testng.TestNG.run(TestNG.java:1048)
	at org.apache.maven.surefire.testng.TestNGExecutor.run(TestNGExecutor.java:293)
	at org.apache.maven.surefire.testng.TestNGXmlTestSuite.execute(TestNGXmlTestSuite.java:84)
	at org.apache.maven.surefire.testng.TestNGProvider.invoke(TestNGProvider.java:91)
	at org.apache.maven.surefire.booter.ForkedBooter.invokeProviderInSameClassLoader(ForkedBooter.java:200)
	at org.apache.maven.surefire.booter.ForkedBooter.runSuitesInProcess(ForkedBooter.java:153)
	at org.apache.maven.surefire.booter.ForkedBooter.main(ForkedBooter.java:103)
Caused by: org.openqa.selenium.NoSuchElementException: no such element: Unable to locate element: {"method":"id","selector":"login-language-inputEl"}
  (Session info: chrome=69.0.3497.100)
  (Driver info: chromedriver=2.42.591088 (7b2b2dca23cca0862f674758c9a3933e685c27d5),platform=Windows NT 6.1.7601 SP1 x86_64) (WARNING: The server did not provide any stacktrace information)
Command duration or timeout: 11 milliseconds
For documentation on this error, please visit: http://seleniumhq.org/exceptions/no_such_element.html
Build info: version: '2.53.1', revision: 'a36b8b1cd5757287168e54b817830adce9b0158d', time: '2016-06-30 19:26:09'
System info: host: 'Yeastar-PC', ip: '192.168.11.194', os.name: 'Windows 7', os.arch: 'x86', os.version: '6.1', java.version: '1.8.0_121'
Driver info: org.openqa.selenium.chrome.ChromeDriver
Capabilities [{mobileEmulationEnabled=false, hasTouchScreen=false, platform=XP, acceptSslCerts=false, goog:chromeOptions={debuggerAddress=localhost:23747}, acceptInsecureCerts=false, webStorageEnabled=true, browserName=chrome, takesScreenshot=true, javascriptEnabled=true, setWindowRect=true, unexpectedAlertBehaviour=, applicationCacheEnabled=false, rotatable=false, networkConnectionEnabled=false, chrome={chromedriverVersion=2.42.591088 (7b2b2dca23cca0862f674758c9a3933e685c27d5), userDataDir=C:\Users\Yeastar\AppData\Local\Temp\scoped_dir3852_3820}, takesHeapSnapshot=true, pageLoadStrategy=normal, databaseEnabled=false, handlesAlerts=true, version=69.0.3497.100, browserConnectionEnabled=false, nativeEvents=true, locationContextEnabled=true, cssSelectorsEnabled=true}]
Session ID: d3be694128271583ac260e31a4722891
*** Element info: {Using=id, value=login-language-inputEl}
	at sun.reflect.GeneratedConstructorAccessor26.newInstance(Unknown Source)
	at sun.reflect.DelegatingConstructorAccessorImpl.newInstance(DelegatingConstructorAccessorImpl.java:45)
	at java.lang.reflect.Constructor.newInstance(Constructor.java:423)
	at org.openqa.selenium.remote.ErrorHandler.createThrowable(ErrorHandler.java:206)
	at org.openqa.selenium.remote.ErrorHandler.throwIfResponseFailed(ErrorHandler.java:158)
	at org.openqa.selenium.remote.RemoteWebDriver.execute(RemoteWebDriver.java:678)
	at org.openqa.selenium.remote.RemoteWebDriver.findElement(RemoteWebDriver.java:363)
	at org.openqa.selenium.remote.RemoteWebDriver.findElementById(RemoteWebDriver.java:413)
	at org.openqa.selenium.By$ById.findElement(By.java:218)
	at org.openqa.selenium.remote.RemoteWebDriver.findElement(RemoteWebDriver.java:355)
	at com.codeborne.selenide.impl.WebElementSelector.findElement(WebElementSelector.java:28)
	at com.codeborne.selenide.impl.ElementFinder.getWebElement(ElementFinder.java:56)
	at com.codeborne.selenide.impl.WebElementSource.checkCondition(WebElementSource.java:44)
	... 39 more
]]>
    </error>
  </testcase> <!-- G_rrmemory_hunt -->
  <testcase name="P9_deleteTrunk" time="0.000" classname="com.yeastar.swebtest.testcase.DetailCase.pbxcase.OutboundRoutes">
    <error type="com.codeborne.selenide.ex.ElementNotFound" message="Element not found {By.id: login-language-inputEl}
Expected: exist">
      <![CDATA[Element not found {By.id: login-language-inputEl}
Expected: exist
Screenshot: file:/F:/MyProject/SwebTest/pic/1539773760550.84.png
Timeout: 10 s.
Caused by: NoSuchElementException: no such element: Unable to locate element: {"method":"id","selector":"login-language-inputEl"}
	at com.codeborne.selenide.impl.WebElementSource.createElementNotFoundError(WebElementSource.java:31)
	at com.codeborne.selenide.impl.ElementFinder.createElementNotFoundError(ElementFinder.java:82)
	at com.codeborne.selenide.impl.WebElementSource.checkCondition(WebElementSource.java:59)
	at com.codeborne.selenide.commands.Should.should(Should.java:35)
	at com.codeborne.selenide.commands.Should.execute(Should.java:29)
	at com.codeborne.selenide.commands.Should.execute(Should.java:12)
	at com.codeborne.selenide.commands.Commands.execute(Commands.java:140)
	at com.codeborne.selenide.impl.SelenideElementProxy.dispatchAndRetry(SelenideElementProxy.java:86)
	at com.codeborne.selenide.impl.SelenideElementProxy.invoke(SelenideElementProxy.java:62)
	at com.sun.proxy.$Proxy6.should(Unknown Source)
	at com.yeastar.swebtest.driver.SwebDriver.click(SwebDriver.java:206)
	at com.yeastar.swebtest.driver.SwebDriver.select(SwebDriver.java:197)
	at com.yeastar.swebtest.driver.SwebDriver.login(SwebDriver.java:151)
	at com.yeastar.swebtest.driver.SwebDriver.login(SwebDriver.java:139)
	at com.yeastar.swebtest.testcase.DetailCase.pbxcase.PINList.BeforeClass(PINList.java:25)
	at sun.reflect.NativeMethodAccessorImpl.invoke0(Native Method)
	at sun.reflect.NativeMethodAccessorImpl.invoke(NativeMethodAccessorImpl.java:62)
	at sun.reflect.DelegatingMethodAccessorImpl.invoke(DelegatingMethodAccessorImpl.java:43)
	at java.lang.reflect.Method.invoke(Method.java:498)
	at org.testng.internal.MethodInvocationHelper.invokeMethod(MethodInvocationHelper.java:85)
	at org.testng.internal.Invoker.invokeConfigurationMethod(Invoker.java:510)
	at org.testng.internal.Invoker.invokeConfigurations(Invoker.java:211)
	at org.testng.internal.Invoker.invokeConfigurations(Invoker.java:138)
	at org.testng.internal.TestMethodWorker.invokeBeforeClassMethods(TestMethodWorker.java:170)
	at org.testng.internal.TestMethodWorker.run(TestMethodWorker.java:104)
	at org.testng.TestRunner.privateRun(TestRunner.java:774)
	at org.testng.TestRunner.run(TestRunner.java:624)
	at org.testng.SuiteRunner.runTest(SuiteRunner.java:359)
	at org.testng.SuiteRunner.runSequentially(SuiteRunner.java:354)
	at org.testng.SuiteRunner.privateRun(SuiteRunner.java:312)
	at org.testng.SuiteRunner.run(SuiteRunner.java:261)
	at org.testng.SuiteRunnerWorker.runSuite(SuiteRunnerWorker.java:52)
	at org.testng.SuiteRunnerWorker.run(SuiteRunnerWorker.java:86)
	at org.testng.TestNG.runSuitesSequentially(TestNG.java:1215)
	at org.testng.TestNG.runSuitesLocally(TestNG.java:1140)
	at org.testng.TestNG.run(TestNG.java:1048)
	at org.apache.maven.surefire.testng.TestNGExecutor.run(TestNGExecutor.java:293)
	at org.apache.maven.surefire.testng.TestNGXmlTestSuite.execute(TestNGXmlTestSuite.java:84)
	at org.apache.maven.surefire.testng.TestNGProvider.invoke(TestNGProvider.java:91)
	at org.apache.maven.surefire.booter.ForkedBooter.invokeProviderInSameClassLoader(ForkedBooter.java:200)
	at org.apache.maven.surefire.booter.ForkedBooter.runSuitesInProcess(ForkedBooter.java:153)
	at org.apache.maven.surefire.booter.ForkedBooter.main(ForkedBooter.java:103)
Caused by: org.openqa.selenium.NoSuchElementException: no such element: Unable to locate element: {"method":"id","selector":"login-language-inputEl"}
  (Session info: chrome=69.0.3497.100)
  (Driver info: chromedriver=2.42.591088 (7b2b2dca23cca0862f674758c9a3933e685c27d5),platform=Windows NT 6.1.7601 SP1 x86_64) (WARNING: The server did not provide any stacktrace information)
Command duration or timeout: 11 milliseconds
For documentation on this error, please visit: http://seleniumhq.org/exceptions/no_such_element.html
Build info: version: '2.53.1', revision: 'a36b8b1cd5757287168e54b817830adce9b0158d', time: '2016-06-30 19:26:09'
System info: host: 'Yeastar-PC', ip: '192.168.11.194', os.name: 'Windows 7', os.arch: 'x86', os.version: '6.1', java.version: '1.8.0_121'
Driver info: org.openqa.selenium.chrome.ChromeDriver
Capabilities [{mobileEmulationEnabled=false, hasTouchScreen=false, platform=XP, acceptSslCerts=false, goog:chromeOptions={debuggerAddress=localhost:23747}, acceptInsecureCerts=false, webStorageEnabled=true, browserName=chrome, takesScreenshot=true, javascriptEnabled=true, setWindowRect=true, unexpectedAlertBehaviour=, applicationCacheEnabled=false, rotatable=false, networkConnectionEnabled=false, chrome={chromedriverVersion=2.42.591088 (7b2b2dca23cca0862f674758c9a3933e685c27d5), userDataDir=C:\Users\Yeastar\AppData\Local\Temp\scoped_dir3852_3820}, takesHeapSnapshot=true, pageLoadStrategy=normal, databaseEnabled=false, handlesAlerts=true, version=69.0.3497.100, browserConnectionEnabled=false, nativeEvents=true, locationContextEnabled=true, cssSelectorsEnabled=true}]
Session ID: d3be694128271583ac260e31a4722891
*** Element info: {Using=id, value=login-language-inputEl}
	at sun.reflect.GeneratedConstructorAccessor26.newInstance(Unknown Source)
	at sun.reflect.DelegatingConstructorAccessorImpl.newInstance(DelegatingConstructorAccessorImpl.java:45)
	at java.lang.reflect.Constructor.newInstance(Constructor.java:423)
	at org.openqa.selenium.remote.ErrorHandler.createThrowable(ErrorHandler.java:206)
	at org.openqa.selenium.remote.ErrorHandler.throwIfResponseFailed(ErrorHandler.java:158)
	at org.openqa.selenium.remote.RemoteWebDriver.execute(RemoteWebDriver.java:678)
	at org.openqa.selenium.remote.RemoteWebDriver.findElement(RemoteWebDriver.java:363)
	at org.openqa.selenium.remote.RemoteWebDriver.findElementById(RemoteWebDriver.java:413)
	at org.openqa.selenium.By$ById.findElement(By.java:218)
	at org.openqa.selenium.remote.RemoteWebDriver.findElement(RemoteWebDriver.java:355)
	at com.codeborne.selenide.impl.WebElementSelector.findElement(WebElementSelector.java:28)
	at com.codeborne.selenide.impl.ElementFinder.getWebElement(ElementFinder.java:56)
	at com.codeborne.selenide.impl.WebElementSource.checkCondition(WebElementSource.java:44)
	... 39 more
]]>
    </error>
  </testcase> <!-- P9_deleteTrunk -->
  <testcase name="L5_editPassword3" time="0.000" classname="com.yeastar.swebtest.testcase.DetailCase.pbxcase.OutboundRoutes">
    <error type="com.codeborne.selenide.ex.ElementNotFound" message="Element not found {By.id: login-language-inputEl}
Expected: exist">
      <![CDATA[Element not found {By.id: login-language-inputEl}
Expected: exist
Screenshot: file:/F:/MyProject/SwebTest/pic/1539773760550.84.png
Timeout: 10 s.
Caused by: NoSuchElementException: no such element: Unable to locate element: {"method":"id","selector":"login-language-inputEl"}
	at com.codeborne.selenide.impl.WebElementSource.createElementNotFoundError(WebElementSource.java:31)
	at com.codeborne.selenide.impl.ElementFinder.createElementNotFoundError(ElementFinder.java:82)
	at com.codeborne.selenide.impl.WebElementSource.checkCondition(WebElementSource.java:59)
	at com.codeborne.selenide.commands.Should.should(Should.java:35)
	at com.codeborne.selenide.commands.Should.execute(Should.java:29)
	at com.codeborne.selenide.commands.Should.execute(Should.java:12)
	at com.codeborne.selenide.commands.Commands.execute(Commands.java:140)
	at com.codeborne.selenide.impl.SelenideElementProxy.dispatchAndRetry(SelenideElementProxy.java:86)
	at com.codeborne.selenide.impl.SelenideElementProxy.invoke(SelenideElementProxy.java:62)
	at com.sun.proxy.$Proxy6.should(Unknown Source)
	at com.yeastar.swebtest.driver.SwebDriver.click(SwebDriver.java:206)
	at com.yeastar.swebtest.driver.SwebDriver.select(SwebDriver.java:197)
	at com.yeastar.swebtest.driver.SwebDriver.login(SwebDriver.java:151)
	at com.yeastar.swebtest.driver.SwebDriver.login(SwebDriver.java:139)
	at com.yeastar.swebtest.testcase.DetailCase.pbxcase.PINList.BeforeClass(PINList.java:25)
	at sun.reflect.NativeMethodAccessorImpl.invoke0(Native Method)
	at sun.reflect.NativeMethodAccessorImpl.invoke(NativeMethodAccessorImpl.java:62)
	at sun.reflect.DelegatingMethodAccessorImpl.invoke(DelegatingMethodAccessorImpl.java:43)
	at java.lang.reflect.Method.invoke(Method.java:498)
	at org.testng.internal.MethodInvocationHelper.invokeMethod(MethodInvocationHelper.java:85)
	at org.testng.internal.Invoker.invokeConfigurationMethod(Invoker.java:510)
	at org.testng.internal.Invoker.invokeConfigurations(Invoker.java:211)
	at org.testng.internal.Invoker.invokeConfigurations(Invoker.java:138)
	at org.testng.internal.TestMethodWorker.invokeBeforeClassMethods(TestMethodWorker.java:170)
	at org.testng.internal.TestMethodWorker.run(TestMethodWorker.java:104)
	at org.testng.TestRunner.privateRun(TestRunner.java:774)
	at org.testng.TestRunner.run(TestRunner.java:624)
	at org.testng.SuiteRunner.runTest(SuiteRunner.java:359)
	at org.testng.SuiteRunner.runSequentially(SuiteRunner.java:354)
	at org.testng.SuiteRunner.privateRun(SuiteRunner.java:312)
	at org.testng.SuiteRunner.run(SuiteRunner.java:261)
	at org.testng.SuiteRunnerWorker.runSuite(SuiteRunnerWorker.java:52)
	at org.testng.SuiteRunnerWorker.run(SuiteRunnerWorker.java:86)
	at org.testng.TestNG.runSuitesSequentially(TestNG.java:1215)
	at org.testng.TestNG.runSuitesLocally(TestNG.java:1140)
	at org.testng.TestNG.run(TestNG.java:1048)
	at org.apache.maven.surefire.testng.TestNGExecutor.run(TestNGExecutor.java:293)
	at org.apache.maven.surefire.testng.TestNGXmlTestSuite.execute(TestNGXmlTestSuite.java:84)
	at org.apache.maven.surefire.testng.TestNGProvider.invoke(TestNGProvider.java:91)
	at org.apache.maven.surefire.booter.ForkedBooter.invokeProviderInSameClassLoader(ForkedBooter.java:200)
	at org.apache.maven.surefire.booter.ForkedBooter.runSuitesInProcess(ForkedBooter.java:153)
	at org.apache.maven.surefire.booter.ForkedBooter.main(ForkedBooter.java:103)
Caused by: org.openqa.selenium.NoSuchElementException: no such element: Unable to locate element: {"method":"id","selector":"login-language-inputEl"}
  (Session info: chrome=69.0.3497.100)
  (Driver info: chromedriver=2.42.591088 (7b2b2dca23cca0862f674758c9a3933e685c27d5),platform=Windows NT 6.1.7601 SP1 x86_64) (WARNING: The server did not provide any stacktrace information)
Command duration or timeout: 11 milliseconds
For documentation on this error, please visit: http://seleniumhq.org/exceptions/no_such_element.html
Build info: version: '2.53.1', revision: 'a36b8b1cd5757287168e54b817830adce9b0158d', time: '2016-06-30 19:26:09'
System info: host: 'Yeastar-PC', ip: '192.168.11.194', os.name: 'Windows 7', os.arch: 'x86', os.version: '6.1', java.version: '1.8.0_121'
Driver info: org.openqa.selenium.chrome.ChromeDriver
Capabilities [{mobileEmulationEnabled=false, hasTouchScreen=false, platform=XP, acceptSslCerts=false, goog:chromeOptions={debuggerAddress=localhost:23747}, acceptInsecureCerts=false, webStorageEnabled=true, browserName=chrome, takesScreenshot=true, javascriptEnabled=true, setWindowRect=true, unexpectedAlertBehaviour=, applicationCacheEnabled=false, rotatable=false, networkConnectionEnabled=false, chrome={chromedriverVersion=2.42.591088 (7b2b2dca23cca0862f674758c9a3933e685c27d5), userDataDir=C:\Users\Yeastar\AppData\Local\Temp\scoped_dir3852_3820}, takesHeapSnapshot=true, pageLoadStrategy=normal, databaseEnabled=false, handlesAlerts=true, version=69.0.3497.100, browserConnectionEnabled=false, nativeEvents=true, locationContextEnabled=true, cssSelectorsEnabled=true}]
Session ID: d3be694128271583ac260e31a4722891
*** Element info: {Using=id, value=login-language-inputEl}
	at sun.reflect.GeneratedConstructorAccessor26.newInstance(Unknown Source)
	at sun.reflect.DelegatingConstructorAccessorImpl.newInstance(DelegatingConstructorAccessorImpl.java:45)
	at java.lang.reflect.Constructor.newInstance(Constructor.java:423)
	at org.openqa.selenium.remote.ErrorHandler.createThrowable(ErrorHandler.java:206)
	at org.openqa.selenium.remote.ErrorHandler.throwIfResponseFailed(ErrorHandler.java:158)
	at org.openqa.selenium.remote.RemoteWebDriver.execute(RemoteWebDriver.java:678)
	at org.openqa.selenium.remote.RemoteWebDriver.findElement(RemoteWebDriver.java:363)
	at org.openqa.selenium.remote.RemoteWebDriver.findElementById(RemoteWebDriver.java:413)
	at org.openqa.selenium.By$ById.findElement(By.java:218)
	at org.openqa.selenium.remote.RemoteWebDriver.findElement(RemoteWebDriver.java:355)
	at com.codeborne.selenide.impl.WebElementSelector.findElement(WebElementSelector.java:28)
	at com.codeborne.selenide.impl.ElementFinder.getWebElement(ElementFinder.java:56)
	at com.codeborne.selenide.impl.WebElementSource.checkCondition(WebElementSource.java:44)
	... 39 more
]]>
    </error>
  </testcase> <!-- L5_editPassword3 -->
  <testcase name="K1_editPatterns" time="0.000" classname="com.yeastar.swebtest.testcase.DetailCase.pbxcase.OutboundRoutes">
    <error type="com.codeborne.selenide.ex.ElementNotFound" message="Element not found {By.id: login-language-inputEl}
Expected: exist">
      <![CDATA[Element not found {By.id: login-language-inputEl}
Expected: exist
Screenshot: file:/F:/MyProject/SwebTest/pic/1539773760550.84.png
Timeout: 10 s.
Caused by: NoSuchElementException: no such element: Unable to locate element: {"method":"id","selector":"login-language-inputEl"}
	at com.codeborne.selenide.impl.WebElementSource.createElementNotFoundError(WebElementSource.java:31)
	at com.codeborne.selenide.impl.ElementFinder.createElementNotFoundError(ElementFinder.java:82)
	at com.codeborne.selenide.impl.WebElementSource.checkCondition(WebElementSource.java:59)
	at com.codeborne.selenide.commands.Should.should(Should.java:35)
	at com.codeborne.selenide.commands.Should.execute(Should.java:29)
	at com.codeborne.selenide.commands.Should.execute(Should.java:12)
	at com.codeborne.selenide.commands.Commands.execute(Commands.java:140)
	at com.codeborne.selenide.impl.SelenideElementProxy.dispatchAndRetry(SelenideElementProxy.java:86)
	at com.codeborne.selenide.impl.SelenideElementProxy.invoke(SelenideElementProxy.java:62)
	at com.sun.proxy.$Proxy6.should(Unknown Source)
	at com.yeastar.swebtest.driver.SwebDriver.click(SwebDriver.java:206)
	at com.yeastar.swebtest.driver.SwebDriver.select(SwebDriver.java:197)
	at com.yeastar.swebtest.driver.SwebDriver.login(SwebDriver.java:151)
	at com.yeastar.swebtest.driver.SwebDriver.login(SwebDriver.java:139)
	at com.yeastar.swebtest.testcase.DetailCase.pbxcase.PINList.BeforeClass(PINList.java:25)
	at sun.reflect.NativeMethodAccessorImpl.invoke0(Native Method)
	at sun.reflect.NativeMethodAccessorImpl.invoke(NativeMethodAccessorImpl.java:62)
	at sun.reflect.DelegatingMethodAccessorImpl.invoke(DelegatingMethodAccessorImpl.java:43)
	at java.lang.reflect.Method.invoke(Method.java:498)
	at org.testng.internal.MethodInvocationHelper.invokeMethod(MethodInvocationHelper.java:85)
	at org.testng.internal.Invoker.invokeConfigurationMethod(Invoker.java:510)
	at org.testng.internal.Invoker.invokeConfigurations(Invoker.java:211)
	at org.testng.internal.Invoker.invokeConfigurations(Invoker.java:138)
	at org.testng.internal.TestMethodWorker.invokeBeforeClassMethods(TestMethodWorker.java:170)
	at org.testng.internal.TestMethodWorker.run(TestMethodWorker.java:104)
	at org.testng.TestRunner.privateRun(TestRunner.java:774)
	at org.testng.TestRunner.run(TestRunner.java:624)
	at org.testng.SuiteRunner.runTest(SuiteRunner.java:359)
	at org.testng.SuiteRunner.runSequentially(SuiteRunner.java:354)
	at org.testng.SuiteRunner.privateRun(SuiteRunner.java:312)
	at org.testng.SuiteRunner.run(SuiteRunner.java:261)
	at org.testng.SuiteRunnerWorker.runSuite(SuiteRunnerWorker.java:52)
	at org.testng.SuiteRunnerWorker.run(SuiteRunnerWorker.java:86)
	at org.testng.TestNG.runSuitesSequentially(TestNG.java:1215)
	at org.testng.TestNG.runSuitesLocally(TestNG.java:1140)
	at org.testng.TestNG.run(TestNG.java:1048)
	at org.apache.maven.surefire.testng.TestNGExecutor.run(TestNGExecutor.java:293)
	at org.apache.maven.surefire.testng.TestNGXmlTestSuite.execute(TestNGXmlTestSuite.java:84)
	at org.apache.maven.surefire.testng.TestNGProvider.invoke(TestNGProvider.java:91)
	at org.apache.maven.surefire.booter.ForkedBooter.invokeProviderInSameClassLoader(ForkedBooter.java:200)
	at org.apache.maven.surefire.booter.ForkedBooter.runSuitesInProcess(ForkedBooter.java:153)
	at org.apache.maven.surefire.booter.ForkedBooter.main(ForkedBooter.java:103)
Caused by: org.openqa.selenium.NoSuchElementException: no such element: Unable to locate element: {"method":"id","selector":"login-language-inputEl"}
  (Session info: chrome=69.0.3497.100)
  (Driver info: chromedriver=2.42.591088 (7b2b2dca23cca0862f674758c9a3933e685c27d5),platform=Windows NT 6.1.7601 SP1 x86_64) (WARNING: The server did not provide any stacktrace information)
Command duration or timeout: 11 milliseconds
For documentation on this error, please visit: http://seleniumhq.org/exceptions/no_such_element.html
Build info: version: '2.53.1', revision: 'a36b8b1cd5757287168e54b817830adce9b0158d', time: '2016-06-30 19:26:09'
System info: host: 'Yeastar-PC', ip: '192.168.11.194', os.name: 'Windows 7', os.arch: 'x86', os.version: '6.1', java.version: '1.8.0_121'
Driver info: org.openqa.selenium.chrome.ChromeDriver
Capabilities [{mobileEmulationEnabled=false, hasTouchScreen=false, platform=XP, acceptSslCerts=false, goog:chromeOptions={debuggerAddress=localhost:23747}, acceptInsecureCerts=false, webStorageEnabled=true, browserName=chrome, takesScreenshot=true, javascriptEnabled=true, setWindowRect=true, unexpectedAlertBehaviour=, applicationCacheEnabled=false, rotatable=false, networkConnectionEnabled=false, chrome={chromedriverVersion=2.42.591088 (7b2b2dca23cca0862f674758c9a3933e685c27d5), userDataDir=C:\Users\Yeastar\AppData\Local\Temp\scoped_dir3852_3820}, takesHeapSnapshot=true, pageLoadStrategy=normal, databaseEnabled=false, handlesAlerts=true, version=69.0.3497.100, browserConnectionEnabled=false, nativeEvents=true, locationContextEnabled=true, cssSelectorsEnabled=true}]
Session ID: d3be694128271583ac260e31a4722891
*** Element info: {Using=id, value=login-language-inputEl}
	at sun.reflect.GeneratedConstructorAccessor26.newInstance(Unknown Source)
	at sun.reflect.DelegatingConstructorAccessorImpl.newInstance(DelegatingConstructorAccessorImpl.java:45)
	at java.lang.reflect.Constructor.newInstance(Constructor.java:423)
	at org.openqa.selenium.remote.ErrorHandler.createThrowable(ErrorHandler.java:206)
	at org.openqa.selenium.remote.ErrorHandler.throwIfResponseFailed(ErrorHandler.java:158)
	at org.openqa.selenium.remote.RemoteWebDriver.execute(RemoteWebDriver.java:678)
	at org.openqa.selenium.remote.RemoteWebDriver.findElement(RemoteWebDriver.java:363)
	at org.openqa.selenium.remote.RemoteWebDriver.findElementById(RemoteWebDriver.java:413)
	at org.openqa.selenium.By$ById.findElement(By.java:218)
	at org.openqa.selenium.remote.RemoteWebDriver.findElement(RemoteWebDriver.java:355)
	at com.codeborne.selenide.impl.WebElementSelector.findElement(WebElementSelector.java:28)
	at com.codeborne.selenide.impl.ElementFinder.getWebElement(ElementFinder.java:56)
	at com.codeborne.selenide.impl.WebElementSource.checkCondition(WebElementSource.java:44)
	... 39 more
]]>
    </error>
  </testcase> <!-- K1_editPatterns -->
  <testcase name="K1_editPatterns" time="0.000" classname="com.yeastar.swebtest.testcase.DetailCase.pbxcase.OutboundRoutes">
    <error type="com.codeborne.selenide.ex.ElementNotFound" message="Element not found {By.id: login-language-inputEl}
Expected: exist">
      <![CDATA[Element not found {By.id: login-language-inputEl}
Expected: exist
Screenshot: file:/F:/MyProject/SwebTest/pic/1539773760550.84.png
Timeout: 10 s.
Caused by: NoSuchElementException: no such element: Unable to locate element: {"method":"id","selector":"login-language-inputEl"}
	at com.codeborne.selenide.impl.WebElementSource.createElementNotFoundError(WebElementSource.java:31)
	at com.codeborne.selenide.impl.ElementFinder.createElementNotFoundError(ElementFinder.java:82)
	at com.codeborne.selenide.impl.WebElementSource.checkCondition(WebElementSource.java:59)
	at com.codeborne.selenide.commands.Should.should(Should.java:35)
	at com.codeborne.selenide.commands.Should.execute(Should.java:29)
	at com.codeborne.selenide.commands.Should.execute(Should.java:12)
	at com.codeborne.selenide.commands.Commands.execute(Commands.java:140)
	at com.codeborne.selenide.impl.SelenideElementProxy.dispatchAndRetry(SelenideElementProxy.java:86)
	at com.codeborne.selenide.impl.SelenideElementProxy.invoke(SelenideElementProxy.java:62)
	at com.sun.proxy.$Proxy6.should(Unknown Source)
	at com.yeastar.swebtest.driver.SwebDriver.click(SwebDriver.java:206)
	at com.yeastar.swebtest.driver.SwebDriver.select(SwebDriver.java:197)
	at com.yeastar.swebtest.driver.SwebDriver.login(SwebDriver.java:151)
	at com.yeastar.swebtest.driver.SwebDriver.login(SwebDriver.java:139)
	at com.yeastar.swebtest.testcase.DetailCase.pbxcase.PINList.BeforeClass(PINList.java:25)
	at sun.reflect.NativeMethodAccessorImpl.invoke0(Native Method)
	at sun.reflect.NativeMethodAccessorImpl.invoke(NativeMethodAccessorImpl.java:62)
	at sun.reflect.DelegatingMethodAccessorImpl.invoke(DelegatingMethodAccessorImpl.java:43)
	at java.lang.reflect.Method.invoke(Method.java:498)
	at org.testng.internal.MethodInvocationHelper.invokeMethod(MethodInvocationHelper.java:85)
	at org.testng.internal.Invoker.invokeConfigurationMethod(Invoker.java:510)
	at org.testng.internal.Invoker.invokeConfigurations(Invoker.java:211)
	at org.testng.internal.Invoker.invokeConfigurations(Invoker.java:138)
	at org.testng.internal.TestMethodWorker.invokeBeforeClassMethods(TestMethodWorker.java:170)
	at org.testng.internal.TestMethodWorker.run(TestMethodWorker.java:104)
	at org.testng.TestRunner.privateRun(TestRunner.java:774)
	at org.testng.TestRunner.run(TestRunner.java:624)
	at org.testng.SuiteRunner.runTest(SuiteRunner.java:359)
	at org.testng.SuiteRunner.runSequentially(SuiteRunner.java:354)
	at org.testng.SuiteRunner.privateRun(SuiteRunner.java:312)
	at org.testng.SuiteRunner.run(SuiteRunner.java:261)
	at org.testng.SuiteRunnerWorker.runSuite(SuiteRunnerWorker.java:52)
	at org.testng.SuiteRunnerWorker.run(SuiteRunnerWorker.java:86)
	at org.testng.TestNG.runSuitesSequentially(TestNG.java:1215)
	at org.testng.TestNG.runSuitesLocally(TestNG.java:1140)
	at org.testng.TestNG.run(TestNG.java:1048)
	at org.apache.maven.surefire.testng.TestNGExecutor.run(TestNGExecutor.java:293)
	at org.apache.maven.surefire.testng.TestNGXmlTestSuite.execute(TestNGXmlTestSuite.java:84)
	at org.apache.maven.surefire.testng.TestNGProvider.invoke(TestNGProvider.java:91)
	at org.apache.maven.surefire.booter.ForkedBooter.invokeProviderInSameClassLoader(ForkedBooter.java:200)
	at org.apache.maven.surefire.booter.ForkedBooter.runSuitesInProcess(ForkedBooter.java:153)
	at org.apache.maven.surefire.booter.ForkedBooter.main(ForkedBooter.java:103)
Caused by: org.openqa.selenium.NoSuchElementException: no such element: Unable to locate element: {"method":"id","selector":"login-language-inputEl"}
  (Session info: chrome=69.0.3497.100)
  (Driver info: chromedriver=2.42.591088 (7b2b2dca23cca0862f674758c9a3933e685c27d5),platform=Windows NT 6.1.7601 SP1 x86_64) (WARNING: The server did not provide any stacktrace information)
Command duration or timeout: 11 milliseconds
For documentation on this error, please visit: http://seleniumhq.org/exceptions/no_such_element.html
Build info: version: '2.53.1', revision: 'a36b8b1cd5757287168e54b817830adce9b0158d', time: '2016-06-30 19:26:09'
System info: host: 'Yeastar-PC', ip: '192.168.11.194', os.name: 'Windows 7', os.arch: 'x86', os.version: '6.1', java.version: '1.8.0_121'
Driver info: org.openqa.selenium.chrome.ChromeDriver
Capabilities [{mobileEmulationEnabled=false, hasTouchScreen=false, platform=XP, acceptSslCerts=false, goog:chromeOptions={debuggerAddress=localhost:23747}, acceptInsecureCerts=false, webStorageEnabled=true, browserName=chrome, takesScreenshot=true, javascriptEnabled=true, setWindowRect=true, unexpectedAlertBehaviour=, applicationCacheEnabled=false, rotatable=false, networkConnectionEnabled=false, chrome={chromedriverVersion=2.42.591088 (7b2b2dca23cca0862f674758c9a3933e685c27d5), userDataDir=C:\Users\Yeastar\AppData\Local\Temp\scoped_dir3852_3820}, takesHeapSnapshot=true, pageLoadStrategy=normal, databaseEnabled=false, handlesAlerts=true, version=69.0.3497.100, browserConnectionEnabled=false, nativeEvents=true, locationContextEnabled=true, cssSelectorsEnabled=true}]
Session ID: d3be694128271583ac260e31a4722891
*** Element info: {Using=id, value=login-language-inputEl}
	at sun.reflect.GeneratedConstructorAccessor26.newInstance(Unknown Source)
	at sun.reflect.DelegatingConstructorAccessorImpl.newInstance(DelegatingConstructorAccessorImpl.java:45)
	at java.lang.reflect.Constructor.newInstance(Constructor.java:423)
	at org.openqa.selenium.remote.ErrorHandler.createThrowable(ErrorHandler.java:206)
	at org.openqa.selenium.remote.ErrorHandler.throwIfResponseFailed(ErrorHandler.java:158)
	at org.openqa.selenium.remote.RemoteWebDriver.execute(RemoteWebDriver.java:678)
	at org.openqa.selenium.remote.RemoteWebDriver.findElement(RemoteWebDriver.java:363)
	at org.openqa.selenium.remote.RemoteWebDriver.findElementById(RemoteWebDriver.java:413)
	at org.openqa.selenium.By$ById.findElement(By.java:218)
	at org.openqa.selenium.remote.RemoteWebDriver.findElement(RemoteWebDriver.java:355)
	at com.codeborne.selenide.impl.WebElementSelector.findElement(WebElementSelector.java:28)
	at com.codeborne.selenide.impl.ElementFinder.getWebElement(ElementFinder.java:56)
	at com.codeborne.selenide.impl.WebElementSource.checkCondition(WebElementSource.java:44)
	... 39 more
]]>
    </error>
  </testcase> <!-- K1_editPatterns -->
  <testcase name="M2_timeCondition1" time="0.000" classname="com.yeastar.swebtest.testcase.DetailCase.pbxcase.OutboundRoutes">
    <error type="com.codeborne.selenide.ex.ElementNotFound" message="Element not found {By.id: login-language-inputEl}
Expected: exist">
      <![CDATA[Element not found {By.id: login-language-inputEl}
Expected: exist
Screenshot: file:/F:/MyProject/SwebTest/pic/1539773760550.84.png
Timeout: 10 s.
Caused by: NoSuchElementException: no such element: Unable to locate element: {"method":"id","selector":"login-language-inputEl"}
	at com.codeborne.selenide.impl.WebElementSource.createElementNotFoundError(WebElementSource.java:31)
	at com.codeborne.selenide.impl.ElementFinder.createElementNotFoundError(ElementFinder.java:82)
	at com.codeborne.selenide.impl.WebElementSource.checkCondition(WebElementSource.java:59)
	at com.codeborne.selenide.commands.Should.should(Should.java:35)
	at com.codeborne.selenide.commands.Should.execute(Should.java:29)
	at com.codeborne.selenide.commands.Should.execute(Should.java:12)
	at com.codeborne.selenide.commands.Commands.execute(Commands.java:140)
	at com.codeborne.selenide.impl.SelenideElementProxy.dispatchAndRetry(SelenideElementProxy.java:86)
	at com.codeborne.selenide.impl.SelenideElementProxy.invoke(SelenideElementProxy.java:62)
	at com.sun.proxy.$Proxy6.should(Unknown Source)
	at com.yeastar.swebtest.driver.SwebDriver.click(SwebDriver.java:206)
	at com.yeastar.swebtest.driver.SwebDriver.select(SwebDriver.java:197)
	at com.yeastar.swebtest.driver.SwebDriver.login(SwebDriver.java:151)
	at com.yeastar.swebtest.driver.SwebDriver.login(SwebDriver.java:139)
	at com.yeastar.swebtest.testcase.DetailCase.pbxcase.PINList.BeforeClass(PINList.java:25)
	at sun.reflect.NativeMethodAccessorImpl.invoke0(Native Method)
	at sun.reflect.NativeMethodAccessorImpl.invoke(NativeMethodAccessorImpl.java:62)
	at sun.reflect.DelegatingMethodAccessorImpl.invoke(DelegatingMethodAccessorImpl.java:43)
	at java.lang.reflect.Method.invoke(Method.java:498)
	at org.testng.internal.MethodInvocationHelper.invokeMethod(MethodInvocationHelper.java:85)
	at org.testng.internal.Invoker.invokeConfigurationMethod(Invoker.java:510)
	at org.testng.internal.Invoker.invokeConfigurations(Invoker.java:211)
	at org.testng.internal.Invoker.invokeConfigurations(Invoker.java:138)
	at org.testng.internal.TestMethodWorker.invokeBeforeClassMethods(TestMethodWorker.java:170)
	at org.testng.internal.TestMethodWorker.run(TestMethodWorker.java:104)
	at org.testng.TestRunner.privateRun(TestRunner.java:774)
	at org.testng.TestRunner.run(TestRunner.java:624)
	at org.testng.SuiteRunner.runTest(SuiteRunner.java:359)
	at org.testng.SuiteRunner.runSequentially(SuiteRunner.java:354)
	at org.testng.SuiteRunner.privateRun(SuiteRunner.java:312)
	at org.testng.SuiteRunner.run(SuiteRunner.java:261)
	at org.testng.SuiteRunnerWorker.runSuite(SuiteRunnerWorker.java:52)
	at org.testng.SuiteRunnerWorker.run(SuiteRunnerWorker.java:86)
	at org.testng.TestNG.runSuitesSequentially(TestNG.java:1215)
	at org.testng.TestNG.runSuitesLocally(TestNG.java:1140)
	at org.testng.TestNG.run(TestNG.java:1048)
	at org.apache.maven.surefire.testng.TestNGExecutor.run(TestNGExecutor.java:293)
	at org.apache.maven.surefire.testng.TestNGXmlTestSuite.execute(TestNGXmlTestSuite.java:84)
	at org.apache.maven.surefire.testng.TestNGProvider.invoke(TestNGProvider.java:91)
	at org.apache.maven.surefire.booter.ForkedBooter.invokeProviderInSameClassLoader(ForkedBooter.java:200)
	at org.apache.maven.surefire.booter.ForkedBooter.runSuitesInProcess(ForkedBooter.java:153)
	at org.apache.maven.surefire.booter.ForkedBooter.main(ForkedBooter.java:103)
Caused by: org.openqa.selenium.NoSuchElementException: no such element: Unable to locate element: {"method":"id","selector":"login-language-inputEl"}
  (Session info: chrome=69.0.3497.100)
  (Driver info: chromedriver=2.42.591088 (7b2b2dca23cca0862f674758c9a3933e685c27d5),platform=Windows NT 6.1.7601 SP1 x86_64) (WARNING: The server did not provide any stacktrace information)
Command duration or timeout: 11 milliseconds
For documentation on this error, please visit: http://seleniumhq.org/exceptions/no_such_element.html
Build info: version: '2.53.1', revision: 'a36b8b1cd5757287168e54b817830adce9b0158d', time: '2016-06-30 19:26:09'
System info: host: 'Yeastar-PC', ip: '192.168.11.194', os.name: 'Windows 7', os.arch: 'x86', os.version: '6.1', java.version: '1.8.0_121'
Driver info: org.openqa.selenium.chrome.ChromeDriver
Capabilities [{mobileEmulationEnabled=false, hasTouchScreen=false, platform=XP, acceptSslCerts=false, goog:chromeOptions={debuggerAddress=localhost:23747}, acceptInsecureCerts=false, webStorageEnabled=true, browserName=chrome, takesScreenshot=true, javascriptEnabled=true, setWindowRect=true, unexpectedAlertBehaviour=, applicationCacheEnabled=false, rotatable=false, networkConnectionEnabled=false, chrome={chromedriverVersion=2.42.591088 (7b2b2dca23cca0862f674758c9a3933e685c27d5), userDataDir=C:\Users\Yeastar\AppData\Local\Temp\scoped_dir3852_3820}, takesHeapSnapshot=true, pageLoadStrategy=normal, databaseEnabled=false, handlesAlerts=true, version=69.0.3497.100, browserConnectionEnabled=false, nativeEvents=true, locationContextEnabled=true, cssSelectorsEnabled=true}]
Session ID: d3be694128271583ac260e31a4722891
*** Element info: {Using=id, value=login-language-inputEl}
	at sun.reflect.GeneratedConstructorAccessor26.newInstance(Unknown Source)
	at sun.reflect.DelegatingConstructorAccessorImpl.newInstance(DelegatingConstructorAccessorImpl.java:45)
	at java.lang.reflect.Constructor.newInstance(Constructor.java:423)
	at org.openqa.selenium.remote.ErrorHandler.createThrowable(ErrorHandler.java:206)
	at org.openqa.selenium.remote.ErrorHandler.throwIfResponseFailed(ErrorHandler.java:158)
	at org.openqa.selenium.remote.RemoteWebDriver.execute(RemoteWebDriver.java:678)
	at org.openqa.selenium.remote.RemoteWebDriver.findElement(RemoteWebDriver.java:363)
	at org.openqa.selenium.remote.RemoteWebDriver.findElementById(RemoteWebDriver.java:413)
	at org.openqa.selenium.By$ById.findElement(By.java:218)
	at org.openqa.selenium.remote.RemoteWebDriver.findElement(RemoteWebDriver.java:355)
	at com.codeborne.selenide.impl.WebElementSelector.findElement(WebElementSelector.java:28)
	at com.codeborne.selenide.impl.ElementFinder.getWebElement(ElementFinder.java:56)
	at com.codeborne.selenide.impl.WebElementSource.checkCondition(WebElementSource.java:44)
	... 39 more
]]>
    </error>
  </testcase> <!-- M2_timeCondition1 -->
  <testcase name="P5_deleteAll_no" time="0.000" classname="com.yeastar.swebtest.testcase.DetailCase.pbxcase.OutboundRoutes">
    <error type="com.codeborne.selenide.ex.ElementNotFound" message="Element not found {By.id: login-language-inputEl}
Expected: exist">
      <![CDATA[Element not found {By.id: login-language-inputEl}
Expected: exist
Screenshot: file:/F:/MyProject/SwebTest/pic/1539773760550.84.png
Timeout: 10 s.
Caused by: NoSuchElementException: no such element: Unable to locate element: {"method":"id","selector":"login-language-inputEl"}
	at com.codeborne.selenide.impl.WebElementSource.createElementNotFoundError(WebElementSource.java:31)
	at com.codeborne.selenide.impl.ElementFinder.createElementNotFoundError(ElementFinder.java:82)
	at com.codeborne.selenide.impl.WebElementSource.checkCondition(WebElementSource.java:59)
	at com.codeborne.selenide.commands.Should.should(Should.java:35)
	at com.codeborne.selenide.commands.Should.execute(Should.java:29)
	at com.codeborne.selenide.commands.Should.execute(Should.java:12)
	at com.codeborne.selenide.commands.Commands.execute(Commands.java:140)
	at com.codeborne.selenide.impl.SelenideElementProxy.dispatchAndRetry(SelenideElementProxy.java:86)
	at com.codeborne.selenide.impl.SelenideElementProxy.invoke(SelenideElementProxy.java:62)
	at com.sun.proxy.$Proxy6.should(Unknown Source)
	at com.yeastar.swebtest.driver.SwebDriver.click(SwebDriver.java:206)
	at com.yeastar.swebtest.driver.SwebDriver.select(SwebDriver.java:197)
	at com.yeastar.swebtest.driver.SwebDriver.login(SwebDriver.java:151)
	at com.yeastar.swebtest.driver.SwebDriver.login(SwebDriver.java:139)
	at com.yeastar.swebtest.testcase.DetailCase.pbxcase.PINList.BeforeClass(PINList.java:25)
	at sun.reflect.NativeMethodAccessorImpl.invoke0(Native Method)
	at sun.reflect.NativeMethodAccessorImpl.invoke(NativeMethodAccessorImpl.java:62)
	at sun.reflect.DelegatingMethodAccessorImpl.invoke(DelegatingMethodAccessorImpl.java:43)
	at java.lang.reflect.Method.invoke(Method.java:498)
	at org.testng.internal.MethodInvocationHelper.invokeMethod(MethodInvocationHelper.java:85)
	at org.testng.internal.Invoker.invokeConfigurationMethod(Invoker.java:510)
	at org.testng.internal.Invoker.invokeConfigurations(Invoker.java:211)
	at org.testng.internal.Invoker.invokeConfigurations(Invoker.java:138)
	at org.testng.internal.TestMethodWorker.invokeBeforeClassMethods(TestMethodWorker.java:170)
	at org.testng.internal.TestMethodWorker.run(TestMethodWorker.java:104)
	at org.testng.TestRunner.privateRun(TestRunner.java:774)
	at org.testng.TestRunner.run(TestRunner.java:624)
	at org.testng.SuiteRunner.runTest(SuiteRunner.java:359)
	at org.testng.SuiteRunner.runSequentially(SuiteRunner.java:354)
	at org.testng.SuiteRunner.privateRun(SuiteRunner.java:312)
	at org.testng.SuiteRunner.run(SuiteRunner.java:261)
	at org.testng.SuiteRunnerWorker.runSuite(SuiteRunnerWorker.java:52)
	at org.testng.SuiteRunnerWorker.run(SuiteRunnerWorker.java:86)
	at org.testng.TestNG.runSuitesSequentially(TestNG.java:1215)
	at org.testng.TestNG.runSuitesLocally(TestNG.java:1140)
	at org.testng.TestNG.run(TestNG.java:1048)
	at org.apache.maven.surefire.testng.TestNGExecutor.run(TestNGExecutor.java:293)
	at org.apache.maven.surefire.testng.TestNGXmlTestSuite.execute(TestNGXmlTestSuite.java:84)
	at org.apache.maven.surefire.testng.TestNGProvider.invoke(TestNGProvider.java:91)
	at org.apache.maven.surefire.booter.ForkedBooter.invokeProviderInSameClassLoader(ForkedBooter.java:200)
	at org.apache.maven.surefire.booter.ForkedBooter.runSuitesInProcess(ForkedBooter.java:153)
	at org.apache.maven.surefire.booter.ForkedBooter.main(ForkedBooter.java:103)
Caused by: org.openqa.selenium.NoSuchElementException: no such element: Unable to locate element: {"method":"id","selector":"login-language-inputEl"}
  (Session info: chrome=69.0.3497.100)
  (Driver info: chromedriver=2.42.591088 (7b2b2dca23cca0862f674758c9a3933e685c27d5),platform=Windows NT 6.1.7601 SP1 x86_64) (WARNING: The server did not provide any stacktrace information)
Command duration or timeout: 11 milliseconds
For documentation on this error, please visit: http://seleniumhq.org/exceptions/no_such_element.html
Build info: version: '2.53.1', revision: 'a36b8b1cd5757287168e54b817830adce9b0158d', time: '2016-06-30 19:26:09'
System info: host: 'Yeastar-PC', ip: '192.168.11.194', os.name: 'Windows 7', os.arch: 'x86', os.version: '6.1', java.version: '1.8.0_121'
Driver info: org.openqa.selenium.chrome.ChromeDriver
Capabilities [{mobileEmulationEnabled=false, hasTouchScreen=false, platform=XP, acceptSslCerts=false, goog:chromeOptions={debuggerAddress=localhost:23747}, acceptInsecureCerts=false, webStorageEnabled=true, browserName=chrome, takesScreenshot=true, javascriptEnabled=true, setWindowRect=true, unexpectedAlertBehaviour=, applicationCacheEnabled=false, rotatable=false, networkConnectionEnabled=false, chrome={chromedriverVersion=2.42.591088 (7b2b2dca23cca0862f674758c9a3933e685c27d5), userDataDir=C:\Users\Yeastar\AppData\Local\Temp\scoped_dir3852_3820}, takesHeapSnapshot=true, pageLoadStrategy=normal, databaseEnabled=false, handlesAlerts=true, version=69.0.3497.100, browserConnectionEnabled=false, nativeEvents=true, locationContextEnabled=true, cssSelectorsEnabled=true}]
Session ID: d3be694128271583ac260e31a4722891
*** Element info: {Using=id, value=login-language-inputEl}
	at sun.reflect.GeneratedConstructorAccessor26.newInstance(Unknown Source)
	at sun.reflect.DelegatingConstructorAccessorImpl.newInstance(DelegatingConstructorAccessorImpl.java:45)
	at java.lang.reflect.Constructor.newInstance(Constructor.java:423)
	at org.openqa.selenium.remote.ErrorHandler.createThrowable(ErrorHandler.java:206)
	at org.openqa.selenium.remote.ErrorHandler.throwIfResponseFailed(ErrorHandler.java:158)
	at org.openqa.selenium.remote.RemoteWebDriver.execute(RemoteWebDriver.java:678)
	at org.openqa.selenium.remote.RemoteWebDriver.findElement(RemoteWebDriver.java:363)
	at org.openqa.selenium.remote.RemoteWebDriver.findElementById(RemoteWebDriver.java:413)
	at org.openqa.selenium.By$ById.findElement(By.java:218)
	at org.openqa.selenium.remote.RemoteWebDriver.findElement(RemoteWebDriver.java:355)
	at com.codeborne.selenide.impl.WebElementSelector.findElement(WebElementSelector.java:28)
	at com.codeborne.selenide.impl.ElementFinder.getWebElement(ElementFinder.java:56)
	at com.codeborne.selenide.impl.WebElementSource.checkCondition(WebElementSource.java:44)
	... 39 more
]]>
    </error>
  </testcase> <!-- P5_deleteAll_no -->
  <testcase name="P1_deleteOne_no" time="0.000" classname="com.yeastar.swebtest.testcase.DetailCase.pbxcase.OutboundRoutes">
    <error type="com.codeborne.selenide.ex.ElementNotFound" message="Element not found {By.id: login-language-inputEl}
Expected: exist">
      <![CDATA[Element not found {By.id: login-language-inputEl}
Expected: exist
Screenshot: file:/F:/MyProject/SwebTest/pic/1539773760550.84.png
Timeout: 10 s.
Caused by: NoSuchElementException: no such element: Unable to locate element: {"method":"id","selector":"login-language-inputEl"}
	at com.codeborne.selenide.impl.WebElementSource.createElementNotFoundError(WebElementSource.java:31)
	at com.codeborne.selenide.impl.ElementFinder.createElementNotFoundError(ElementFinder.java:82)
	at com.codeborne.selenide.impl.WebElementSource.checkCondition(WebElementSource.java:59)
	at com.codeborne.selenide.commands.Should.should(Should.java:35)
	at com.codeborne.selenide.commands.Should.execute(Should.java:29)
	at com.codeborne.selenide.commands.Should.execute(Should.java:12)
	at com.codeborne.selenide.commands.Commands.execute(Commands.java:140)
	at com.codeborne.selenide.impl.SelenideElementProxy.dispatchAndRetry(SelenideElementProxy.java:86)
	at com.codeborne.selenide.impl.SelenideElementProxy.invoke(SelenideElementProxy.java:62)
	at com.sun.proxy.$Proxy6.should(Unknown Source)
	at com.yeastar.swebtest.driver.SwebDriver.click(SwebDriver.java:206)
	at com.yeastar.swebtest.driver.SwebDriver.select(SwebDriver.java:197)
	at com.yeastar.swebtest.driver.SwebDriver.login(SwebDriver.java:151)
	at com.yeastar.swebtest.driver.SwebDriver.login(SwebDriver.java:139)
	at com.yeastar.swebtest.testcase.DetailCase.pbxcase.PINList.BeforeClass(PINList.java:25)
	at sun.reflect.NativeMethodAccessorImpl.invoke0(Native Method)
	at sun.reflect.NativeMethodAccessorImpl.invoke(NativeMethodAccessorImpl.java:62)
	at sun.reflect.DelegatingMethodAccessorImpl.invoke(DelegatingMethodAccessorImpl.java:43)
	at java.lang.reflect.Method.invoke(Method.java:498)
	at org.testng.internal.MethodInvocationHelper.invokeMethod(MethodInvocationHelper.java:85)
	at org.testng.internal.Invoker.invokeConfigurationMethod(Invoker.java:510)
	at org.testng.internal.Invoker.invokeConfigurations(Invoker.java:211)
	at org.testng.internal.Invoker.invokeConfigurations(Invoker.java:138)
	at org.testng.internal.TestMethodWorker.invokeBeforeClassMethods(TestMethodWorker.java:170)
	at org.testng.internal.TestMethodWorker.run(TestMethodWorker.java:104)
	at org.testng.TestRunner.privateRun(TestRunner.java:774)
	at org.testng.TestRunner.run(TestRunner.java:624)
	at org.testng.SuiteRunner.runTest(SuiteRunner.java:359)
	at org.testng.SuiteRunner.runSequentially(SuiteRunner.java:354)
	at org.testng.SuiteRunner.privateRun(SuiteRunner.java:312)
	at org.testng.SuiteRunner.run(SuiteRunner.java:261)
	at org.testng.SuiteRunnerWorker.runSuite(SuiteRunnerWorker.java:52)
	at org.testng.SuiteRunnerWorker.run(SuiteRunnerWorker.java:86)
	at org.testng.TestNG.runSuitesSequentially(TestNG.java:1215)
	at org.testng.TestNG.runSuitesLocally(TestNG.java:1140)
	at org.testng.TestNG.run(TestNG.java:1048)
	at org.apache.maven.surefire.testng.TestNGExecutor.run(TestNGExecutor.java:293)
	at org.apache.maven.surefire.testng.TestNGXmlTestSuite.execute(TestNGXmlTestSuite.java:84)
	at org.apache.maven.surefire.testng.TestNGProvider.invoke(TestNGProvider.java:91)
	at org.apache.maven.surefire.booter.ForkedBooter.invokeProviderInSameClassLoader(ForkedBooter.java:200)
	at org.apache.maven.surefire.booter.ForkedBooter.runSuitesInProcess(ForkedBooter.java:153)
	at org.apache.maven.surefire.booter.ForkedBooter.main(ForkedBooter.java:103)
Caused by: org.openqa.selenium.NoSuchElementException: no such element: Unable to locate element: {"method":"id","selector":"login-language-inputEl"}
  (Session info: chrome=69.0.3497.100)
  (Driver info: chromedriver=2.42.591088 (7b2b2dca23cca0862f674758c9a3933e685c27d5),platform=Windows NT 6.1.7601 SP1 x86_64) (WARNING: The server did not provide any stacktrace information)
Command duration or timeout: 11 milliseconds
For documentation on this error, please visit: http://seleniumhq.org/exceptions/no_such_element.html
Build info: version: '2.53.1', revision: 'a36b8b1cd5757287168e54b817830adce9b0158d', time: '2016-06-30 19:26:09'
System info: host: 'Yeastar-PC', ip: '192.168.11.194', os.name: 'Windows 7', os.arch: 'x86', os.version: '6.1', java.version: '1.8.0_121'
Driver info: org.openqa.selenium.chrome.ChromeDriver
Capabilities [{mobileEmulationEnabled=false, hasTouchScreen=false, platform=XP, acceptSslCerts=false, goog:chromeOptions={debuggerAddress=localhost:23747}, acceptInsecureCerts=false, webStorageEnabled=true, browserName=chrome, takesScreenshot=true, javascriptEnabled=true, setWindowRect=true, unexpectedAlertBehaviour=, applicationCacheEnabled=false, rotatable=false, networkConnectionEnabled=false, chrome={chromedriverVersion=2.42.591088 (7b2b2dca23cca0862f674758c9a3933e685c27d5), userDataDir=C:\Users\Yeastar\AppData\Local\Temp\scoped_dir3852_3820}, takesHeapSnapshot=true, pageLoadStrategy=normal, databaseEnabled=false, handlesAlerts=true, version=69.0.3497.100, browserConnectionEnabled=false, nativeEvents=true, locationContextEnabled=true, cssSelectorsEnabled=true}]
Session ID: d3be694128271583ac260e31a4722891
*** Element info: {Using=id, value=login-language-inputEl}
	at sun.reflect.GeneratedConstructorAccessor26.newInstance(Unknown Source)
	at sun.reflect.DelegatingConstructorAccessorImpl.newInstance(DelegatingConstructorAccessorImpl.java:45)
	at java.lang.reflect.Constructor.newInstance(Constructor.java:423)
	at org.openqa.selenium.remote.ErrorHandler.createThrowable(ErrorHandler.java:206)
	at org.openqa.selenium.remote.ErrorHandler.throwIfResponseFailed(ErrorHandler.java:158)
	at org.openqa.selenium.remote.RemoteWebDriver.execute(RemoteWebDriver.java:678)
	at org.openqa.selenium.remote.RemoteWebDriver.findElement(RemoteWebDriver.java:363)
	at org.openqa.selenium.remote.RemoteWebDriver.findElementById(RemoteWebDriver.java:413)
	at org.openqa.selenium.By$ById.findElement(By.java:218)
	at org.openqa.selenium.remote.RemoteWebDriver.findElement(RemoteWebDriver.java:355)
	at com.codeborne.selenide.impl.WebElementSelector.findElement(WebElementSelector.java:28)
	at com.codeborne.selenide.impl.ElementFinder.getWebElement(ElementFinder.java:56)
	at com.codeborne.selenide.impl.WebElementSource.checkCondition(WebElementSource.java:44)
	... 39 more
]]>
    </error>
  </testcase> <!-- P1_deleteOne_no -->
  <testcase name="L6_checkPassword3" time="0.000" classname="com.yeastar.swebtest.testcase.DetailCase.pbxcase.OutboundRoutes">
    <error type="com.codeborne.selenide.ex.ElementNotFound" message="Element not found {By.id: login-language-inputEl}
Expected: exist">
      <![CDATA[Element not found {By.id: login-language-inputEl}
Expected: exist
Screenshot: file:/F:/MyProject/SwebTest/pic/1539773760550.84.png
Timeout: 10 s.
Caused by: NoSuchElementException: no such element: Unable to locate element: {"method":"id","selector":"login-language-inputEl"}
	at com.codeborne.selenide.impl.WebElementSource.createElementNotFoundError(WebElementSource.java:31)
	at com.codeborne.selenide.impl.ElementFinder.createElementNotFoundError(ElementFinder.java:82)
	at com.codeborne.selenide.impl.WebElementSource.checkCondition(WebElementSource.java:59)
	at com.codeborne.selenide.commands.Should.should(Should.java:35)
	at com.codeborne.selenide.commands.Should.execute(Should.java:29)
	at com.codeborne.selenide.commands.Should.execute(Should.java:12)
	at com.codeborne.selenide.commands.Commands.execute(Commands.java:140)
	at com.codeborne.selenide.impl.SelenideElementProxy.dispatchAndRetry(SelenideElementProxy.java:86)
	at com.codeborne.selenide.impl.SelenideElementProxy.invoke(SelenideElementProxy.java:62)
	at com.sun.proxy.$Proxy6.should(Unknown Source)
	at com.yeastar.swebtest.driver.SwebDriver.click(SwebDriver.java:206)
	at com.yeastar.swebtest.driver.SwebDriver.select(SwebDriver.java:197)
	at com.yeastar.swebtest.driver.SwebDriver.login(SwebDriver.java:151)
	at com.yeastar.swebtest.driver.SwebDriver.login(SwebDriver.java:139)
	at com.yeastar.swebtest.testcase.DetailCase.pbxcase.PINList.BeforeClass(PINList.java:25)
	at sun.reflect.NativeMethodAccessorImpl.invoke0(Native Method)
	at sun.reflect.NativeMethodAccessorImpl.invoke(NativeMethodAccessorImpl.java:62)
	at sun.reflect.DelegatingMethodAccessorImpl.invoke(DelegatingMethodAccessorImpl.java:43)
	at java.lang.reflect.Method.invoke(Method.java:498)
	at org.testng.internal.MethodInvocationHelper.invokeMethod(MethodInvocationHelper.java:85)
	at org.testng.internal.Invoker.invokeConfigurationMethod(Invoker.java:510)
	at org.testng.internal.Invoker.invokeConfigurations(Invoker.java:211)
	at org.testng.internal.Invoker.invokeConfigurations(Invoker.java:138)
	at org.testng.internal.TestMethodWorker.invokeBeforeClassMethods(TestMethodWorker.java:170)
	at org.testng.internal.TestMethodWorker.run(TestMethodWorker.java:104)
	at org.testng.TestRunner.privateRun(TestRunner.java:774)
	at org.testng.TestRunner.run(TestRunner.java:624)
	at org.testng.SuiteRunner.runTest(SuiteRunner.java:359)
	at org.testng.SuiteRunner.runSequentially(SuiteRunner.java:354)
	at org.testng.SuiteRunner.privateRun(SuiteRunner.java:312)
	at org.testng.SuiteRunner.run(SuiteRunner.java:261)
	at org.testng.SuiteRunnerWorker.runSuite(SuiteRunnerWorker.java:52)
	at org.testng.SuiteRunnerWorker.run(SuiteRunnerWorker.java:86)
	at org.testng.TestNG.runSuitesSequentially(TestNG.java:1215)
	at org.testng.TestNG.runSuitesLocally(TestNG.java:1140)
	at org.testng.TestNG.run(TestNG.java:1048)
	at org.apache.maven.surefire.testng.TestNGExecutor.run(TestNGExecutor.java:293)
	at org.apache.maven.surefire.testng.TestNGXmlTestSuite.execute(TestNGXmlTestSuite.java:84)
	at org.apache.maven.surefire.testng.TestNGProvider.invoke(TestNGProvider.java:91)
	at org.apache.maven.surefire.booter.ForkedBooter.invokeProviderInSameClassLoader(ForkedBooter.java:200)
	at org.apache.maven.surefire.booter.ForkedBooter.runSuitesInProcess(ForkedBooter.java:153)
	at org.apache.maven.surefire.booter.ForkedBooter.main(ForkedBooter.java:103)
Caused by: org.openqa.selenium.NoSuchElementException: no such element: Unable to locate element: {"method":"id","selector":"login-language-inputEl"}
  (Session info: chrome=69.0.3497.100)
  (Driver info: chromedriver=2.42.591088 (7b2b2dca23cca0862f674758c9a3933e685c27d5),platform=Windows NT 6.1.7601 SP1 x86_64) (WARNING: The server did not provide any stacktrace information)
Command duration or timeout: 11 milliseconds
For documentation on this error, please visit: http://seleniumhq.org/exceptions/no_such_element.html
Build info: version: '2.53.1', revision: 'a36b8b1cd5757287168e54b817830adce9b0158d', time: '2016-06-30 19:26:09'
System info: host: 'Yeastar-PC', ip: '192.168.11.194', os.name: 'Windows 7', os.arch: 'x86', os.version: '6.1', java.version: '1.8.0_121'
Driver info: org.openqa.selenium.chrome.ChromeDriver
Capabilities [{mobileEmulationEnabled=false, hasTouchScreen=false, platform=XP, acceptSslCerts=false, goog:chromeOptions={debuggerAddress=localhost:23747}, acceptInsecureCerts=false, webStorageEnabled=true, browserName=chrome, takesScreenshot=true, javascriptEnabled=true, setWindowRect=true, unexpectedAlertBehaviour=, applicationCacheEnabled=false, rotatable=false, networkConnectionEnabled=false, chrome={chromedriverVersion=2.42.591088 (7b2b2dca23cca0862f674758c9a3933e685c27d5), userDataDir=C:\Users\Yeastar\AppData\Local\Temp\scoped_dir3852_3820}, takesHeapSnapshot=true, pageLoadStrategy=normal, databaseEnabled=false, handlesAlerts=true, version=69.0.3497.100, browserConnectionEnabled=false, nativeEvents=true, locationContextEnabled=true, cssSelectorsEnabled=true}]
Session ID: d3be694128271583ac260e31a4722891
*** Element info: {Using=id, value=login-language-inputEl}
	at sun.reflect.GeneratedConstructorAccessor26.newInstance(Unknown Source)
	at sun.reflect.DelegatingConstructorAccessorImpl.newInstance(DelegatingConstructorAccessorImpl.java:45)
	at java.lang.reflect.Constructor.newInstance(Constructor.java:423)
	at org.openqa.selenium.remote.ErrorHandler.createThrowable(ErrorHandler.java:206)
	at org.openqa.selenium.remote.ErrorHandler.throwIfResponseFailed(ErrorHandler.java:158)
	at org.openqa.selenium.remote.RemoteWebDriver.execute(RemoteWebDriver.java:678)
	at org.openqa.selenium.remote.RemoteWebDriver.findElement(RemoteWebDriver.java:363)
	at org.openqa.selenium.remote.RemoteWebDriver.findElementById(RemoteWebDriver.java:413)
	at org.openqa.selenium.By$ById.findElement(By.java:218)
	at org.openqa.selenium.remote.RemoteWebDriver.findElement(RemoteWebDriver.java:355)
	at com.codeborne.selenide.impl.WebElementSelector.findElement(WebElementSelector.java:28)
	at com.codeborne.selenide.impl.ElementFinder.getWebElement(ElementFinder.java:56)
	at com.codeborne.selenide.impl.WebElementSource.checkCondition(WebElementSource.java:44)
	... 39 more
]]>
    </error>
  </testcase> <!-- L6_checkPassword3 -->
  <testcase name="B_addExtensions" time="0.000" classname="com.yeastar.swebtest.testcase.DetailCase.pbxcase.OutboundRoutes">
    <error type="com.codeborne.selenide.ex.ElementNotFound" message="Element not found {By.id: login-language-inputEl}
Expected: exist">
      <![CDATA[Element not found {By.id: login-language-inputEl}
Expected: exist
Screenshot: file:/F:/MyProject/SwebTest/pic/1539773760550.84.png
Timeout: 10 s.
Caused by: NoSuchElementException: no such element: Unable to locate element: {"method":"id","selector":"login-language-inputEl"}
	at com.codeborne.selenide.impl.WebElementSource.createElementNotFoundError(WebElementSource.java:31)
	at com.codeborne.selenide.impl.ElementFinder.createElementNotFoundError(ElementFinder.java:82)
	at com.codeborne.selenide.impl.WebElementSource.checkCondition(WebElementSource.java:59)
	at com.codeborne.selenide.commands.Should.should(Should.java:35)
	at com.codeborne.selenide.commands.Should.execute(Should.java:29)
	at com.codeborne.selenide.commands.Should.execute(Should.java:12)
	at com.codeborne.selenide.commands.Commands.execute(Commands.java:140)
	at com.codeborne.selenide.impl.SelenideElementProxy.dispatchAndRetry(SelenideElementProxy.java:86)
	at com.codeborne.selenide.impl.SelenideElementProxy.invoke(SelenideElementProxy.java:62)
	at com.sun.proxy.$Proxy6.should(Unknown Source)
	at com.yeastar.swebtest.driver.SwebDriver.click(SwebDriver.java:206)
	at com.yeastar.swebtest.driver.SwebDriver.select(SwebDriver.java:197)
	at com.yeastar.swebtest.driver.SwebDriver.login(SwebDriver.java:151)
	at com.yeastar.swebtest.driver.SwebDriver.login(SwebDriver.java:139)
	at com.yeastar.swebtest.testcase.DetailCase.pbxcase.PINList.BeforeClass(PINList.java:25)
	at sun.reflect.NativeMethodAccessorImpl.invoke0(Native Method)
	at sun.reflect.NativeMethodAccessorImpl.invoke(NativeMethodAccessorImpl.java:62)
	at sun.reflect.DelegatingMethodAccessorImpl.invoke(DelegatingMethodAccessorImpl.java:43)
	at java.lang.reflect.Method.invoke(Method.java:498)
	at org.testng.internal.MethodInvocationHelper.invokeMethod(MethodInvocationHelper.java:85)
	at org.testng.internal.Invoker.invokeConfigurationMethod(Invoker.java:510)
	at org.testng.internal.Invoker.invokeConfigurations(Invoker.java:211)
	at org.testng.internal.Invoker.invokeConfigurations(Invoker.java:138)
	at org.testng.internal.TestMethodWorker.invokeBeforeClassMethods(TestMethodWorker.java:170)
	at org.testng.internal.TestMethodWorker.run(TestMethodWorker.java:104)
	at org.testng.TestRunner.privateRun(TestRunner.java:774)
	at org.testng.TestRunner.run(TestRunner.java:624)
	at org.testng.SuiteRunner.runTest(SuiteRunner.java:359)
	at org.testng.SuiteRunner.runSequentially(SuiteRunner.java:354)
	at org.testng.SuiteRunner.privateRun(SuiteRunner.java:312)
	at org.testng.SuiteRunner.run(SuiteRunner.java:261)
	at org.testng.SuiteRunnerWorker.runSuite(SuiteRunnerWorker.java:52)
	at org.testng.SuiteRunnerWorker.run(SuiteRunnerWorker.java:86)
	at org.testng.TestNG.runSuitesSequentially(TestNG.java:1215)
	at org.testng.TestNG.runSuitesLocally(TestNG.java:1140)
	at org.testng.TestNG.run(TestNG.java:1048)
	at org.apache.maven.surefire.testng.TestNGExecutor.run(TestNGExecutor.java:293)
	at org.apache.maven.surefire.testng.TestNGXmlTestSuite.execute(TestNGXmlTestSuite.java:84)
	at org.apache.maven.surefire.testng.TestNGProvider.invoke(TestNGProvider.java:91)
	at org.apache.maven.surefire.booter.ForkedBooter.invokeProviderInSameClassLoader(ForkedBooter.java:200)
	at org.apache.maven.surefire.booter.ForkedBooter.runSuitesInProcess(ForkedBooter.java:153)
	at org.apache.maven.surefire.booter.ForkedBooter.main(ForkedBooter.java:103)
Caused by: org.openqa.selenium.NoSuchElementException: no such element: Unable to locate element: {"method":"id","selector":"login-language-inputEl"}
  (Session info: chrome=69.0.3497.100)
  (Driver info: chromedriver=2.42.591088 (7b2b2dca23cca0862f674758c9a3933e685c27d5),platform=Windows NT 6.1.7601 SP1 x86_64) (WARNING: The server did not provide any stacktrace information)
Command duration or timeout: 11 milliseconds
For documentation on this error, please visit: http://seleniumhq.org/exceptions/no_such_element.html
Build info: version: '2.53.1', revision: 'a36b8b1cd5757287168e54b817830adce9b0158d', time: '2016-06-30 19:26:09'
System info: host: 'Yeastar-PC', ip: '192.168.11.194', os.name: 'Windows 7', os.arch: 'x86', os.version: '6.1', java.version: '1.8.0_121'
Driver info: org.openqa.selenium.chrome.ChromeDriver
Capabilities [{mobileEmulationEnabled=false, hasTouchScreen=false, platform=XP, acceptSslCerts=false, goog:chromeOptions={debuggerAddress=localhost:23747}, acceptInsecureCerts=false, webStorageEnabled=true, browserName=chrome, takesScreenshot=true, javascriptEnabled=true, setWindowRect=true, unexpectedAlertBehaviour=, applicationCacheEnabled=false, rotatable=false, networkConnectionEnabled=false, chrome={chromedriverVersion=2.42.591088 (7b2b2dca23cca0862f674758c9a3933e685c27d5), userDataDir=C:\Users\Yeastar\AppData\Local\Temp\scoped_dir3852_3820}, takesHeapSnapshot=true, pageLoadStrategy=normal, databaseEnabled=false, handlesAlerts=true, version=69.0.3497.100, browserConnectionEnabled=false, nativeEvents=true, locationContextEnabled=true, cssSelectorsEnabled=true}]
Session ID: d3be694128271583ac260e31a4722891
*** Element info: {Using=id, value=login-language-inputEl}
	at sun.reflect.GeneratedConstructorAccessor26.newInstance(Unknown Source)
	at sun.reflect.DelegatingConstructorAccessorImpl.newInstance(DelegatingConstructorAccessorImpl.java:45)
	at java.lang.reflect.Constructor.newInstance(Constructor.java:423)
	at org.openqa.selenium.remote.ErrorHandler.createThrowable(ErrorHandler.java:206)
	at org.openqa.selenium.remote.ErrorHandler.throwIfResponseFailed(ErrorHandler.java:158)
	at org.openqa.selenium.remote.RemoteWebDriver.execute(RemoteWebDriver.java:678)
	at org.openqa.selenium.remote.RemoteWebDriver.findElement(RemoteWebDriver.java:363)
	at org.openqa.selenium.remote.RemoteWebDriver.findElementById(RemoteWebDriver.java:413)
	at org.openqa.selenium.By$ById.findElement(By.java:218)
	at org.openqa.selenium.remote.RemoteWebDriver.findElement(RemoteWebDriver.java:355)
	at com.codeborne.selenide.impl.WebElementSelector.findElement(WebElementSelector.java:28)
	at com.codeborne.selenide.impl.ElementFinder.getWebElement(ElementFinder.java:56)
	at com.codeborne.selenide.impl.WebElementSource.checkCondition(WebElementSource.java:44)
	... 39 more
]]>
    </error>
  </testcase> <!-- B_addExtensions -->
  <testcase name="A1_init1" time="0.000" classname="com.yeastar.swebtest.testcase.DetailCase.pbxcase.OutboundRoutes">
    <error type="com.codeborne.selenide.ex.ElementNotFound" message="Element not found {By.id: login-language-inputEl}
Expected: exist">
      <![CDATA[Element not found {By.id: login-language-inputEl}
Expected: exist
Screenshot: file:/F:/MyProject/SwebTest/pic/1539773760550.84.png
Timeout: 10 s.
Caused by: NoSuchElementException: no such element: Unable to locate element: {"method":"id","selector":"login-language-inputEl"}
	at com.codeborne.selenide.impl.WebElementSource.createElementNotFoundError(WebElementSource.java:31)
	at com.codeborne.selenide.impl.ElementFinder.createElementNotFoundError(ElementFinder.java:82)
	at com.codeborne.selenide.impl.WebElementSource.checkCondition(WebElementSource.java:59)
	at com.codeborne.selenide.commands.Should.should(Should.java:35)
	at com.codeborne.selenide.commands.Should.execute(Should.java:29)
	at com.codeborne.selenide.commands.Should.execute(Should.java:12)
	at com.codeborne.selenide.commands.Commands.execute(Commands.java:140)
	at com.codeborne.selenide.impl.SelenideElementProxy.dispatchAndRetry(SelenideElementProxy.java:86)
	at com.codeborne.selenide.impl.SelenideElementProxy.invoke(SelenideElementProxy.java:62)
	at com.sun.proxy.$Proxy6.should(Unknown Source)
	at com.yeastar.swebtest.driver.SwebDriver.click(SwebDriver.java:206)
	at com.yeastar.swebtest.driver.SwebDriver.select(SwebDriver.java:197)
	at com.yeastar.swebtest.driver.SwebDriver.login(SwebDriver.java:151)
	at com.yeastar.swebtest.driver.SwebDriver.login(SwebDriver.java:139)
	at com.yeastar.swebtest.testcase.DetailCase.pbxcase.PINList.BeforeClass(PINList.java:25)
	at sun.reflect.NativeMethodAccessorImpl.invoke0(Native Method)
	at sun.reflect.NativeMethodAccessorImpl.invoke(NativeMethodAccessorImpl.java:62)
	at sun.reflect.DelegatingMethodAccessorImpl.invoke(DelegatingMethodAccessorImpl.java:43)
	at java.lang.reflect.Method.invoke(Method.java:498)
	at org.testng.internal.MethodInvocationHelper.invokeMethod(MethodInvocationHelper.java:85)
	at org.testng.internal.Invoker.invokeConfigurationMethod(Invoker.java:510)
	at org.testng.internal.Invoker.invokeConfigurations(Invoker.java:211)
	at org.testng.internal.Invoker.invokeConfigurations(Invoker.java:138)
	at org.testng.internal.TestMethodWorker.invokeBeforeClassMethods(TestMethodWorker.java:170)
	at org.testng.internal.TestMethodWorker.run(TestMethodWorker.java:104)
	at org.testng.TestRunner.privateRun(TestRunner.java:774)
	at org.testng.TestRunner.run(TestRunner.java:624)
	at org.testng.SuiteRunner.runTest(SuiteRunner.java:359)
	at org.testng.SuiteRunner.runSequentially(SuiteRunner.java:354)
	at org.testng.SuiteRunner.privateRun(SuiteRunner.java:312)
	at org.testng.SuiteRunner.run(SuiteRunner.java:261)
	at org.testng.SuiteRunnerWorker.runSuite(SuiteRunnerWorker.java:52)
	at org.testng.SuiteRunnerWorker.run(SuiteRunnerWorker.java:86)
	at org.testng.TestNG.runSuitesSequentially(TestNG.java:1215)
	at org.testng.TestNG.runSuitesLocally(TestNG.java:1140)
	at org.testng.TestNG.run(TestNG.java:1048)
	at org.apache.maven.surefire.testng.TestNGExecutor.run(TestNGExecutor.java:293)
	at org.apache.maven.surefire.testng.TestNGXmlTestSuite.execute(TestNGXmlTestSuite.java:84)
	at org.apache.maven.surefire.testng.TestNGProvider.invoke(TestNGProvider.java:91)
	at org.apache.maven.surefire.booter.ForkedBooter.invokeProviderInSameClassLoader(ForkedBooter.java:200)
	at org.apache.maven.surefire.booter.ForkedBooter.runSuitesInProcess(ForkedBooter.java:153)
	at org.apache.maven.surefire.booter.ForkedBooter.main(ForkedBooter.java:103)
Caused by: org.openqa.selenium.NoSuchElementException: no such element: Unable to locate element: {"method":"id","selector":"login-language-inputEl"}
  (Session info: chrome=69.0.3497.100)
  (Driver info: chromedriver=2.42.591088 (7b2b2dca23cca0862f674758c9a3933e685c27d5),platform=Windows NT 6.1.7601 SP1 x86_64) (WARNING: The server did not provide any stacktrace information)
Command duration or timeout: 11 milliseconds
For documentation on this error, please visit: http://seleniumhq.org/exceptions/no_such_element.html
Build info: version: '2.53.1', revision: 'a36b8b1cd5757287168e54b817830adce9b0158d', time: '2016-06-30 19:26:09'
System info: host: 'Yeastar-PC', ip: '192.168.11.194', os.name: 'Windows 7', os.arch: 'x86', os.version: '6.1', java.version: '1.8.0_121'
Driver info: org.openqa.selenium.chrome.ChromeDriver
Capabilities [{mobileEmulationEnabled=false, hasTouchScreen=false, platform=XP, acceptSslCerts=false, goog:chromeOptions={debuggerAddress=localhost:23747}, acceptInsecureCerts=false, webStorageEnabled=true, browserName=chrome, takesScreenshot=true, javascriptEnabled=true, setWindowRect=true, unexpectedAlertBehaviour=, applicationCacheEnabled=false, rotatable=false, networkConnectionEnabled=false, chrome={chromedriverVersion=2.42.591088 (7b2b2dca23cca0862f674758c9a3933e685c27d5), userDataDir=C:\Users\Yeastar\AppData\Local\Temp\scoped_dir3852_3820}, takesHeapSnapshot=true, pageLoadStrategy=normal, databaseEnabled=false, handlesAlerts=true, version=69.0.3497.100, browserConnectionEnabled=false, nativeEvents=true, locationContextEnabled=true, cssSelectorsEnabled=true}]
Session ID: d3be694128271583ac260e31a4722891
*** Element info: {Using=id, value=login-language-inputEl}
	at sun.reflect.GeneratedConstructorAccessor26.newInstance(Unknown Source)
	at sun.reflect.DelegatingConstructorAccessorImpl.newInstance(DelegatingConstructorAccessorImpl.java:45)
	at java.lang.reflect.Constructor.newInstance(Constructor.java:423)
	at org.openqa.selenium.remote.ErrorHandler.createThrowable(ErrorHandler.java:206)
	at org.openqa.selenium.remote.ErrorHandler.throwIfResponseFailed(ErrorHandler.java:158)
	at org.openqa.selenium.remote.RemoteWebDriver.execute(RemoteWebDriver.java:678)
	at org.openqa.selenium.remote.RemoteWebDriver.findElement(RemoteWebDriver.java:363)
	at org.openqa.selenium.remote.RemoteWebDriver.findElementById(RemoteWebDriver.java:413)
	at org.openqa.selenium.By$ById.findElement(By.java:218)
	at org.openqa.selenium.remote.RemoteWebDriver.findElement(RemoteWebDriver.java:355)
	at com.codeborne.selenide.impl.WebElementSelector.findElement(WebElementSelector.java:28)
	at com.codeborne.selenide.impl.ElementFinder.getWebElement(ElementFinder.java:56)
	at com.codeborne.selenide.impl.WebElementSource.checkCondition(WebElementSource.java:44)
	... 39 more
]]>
    </error>
  </testcase> <!-- A1_init1 -->
  <testcase name="O_checkPriority1" time="0.000" classname="com.yeastar.swebtest.testcase.DetailCase.pbxcase.OutboundRoutes">
    <error type="com.codeborne.selenide.ex.ElementNotFound" message="Element not found {By.id: login-language-inputEl}
Expected: exist">
      <![CDATA[Element not found {By.id: login-language-inputEl}
Expected: exist
Screenshot: file:/F:/MyProject/SwebTest/pic/1539773760550.84.png
Timeout: 10 s.
Caused by: NoSuchElementException: no such element: Unable to locate element: {"method":"id","selector":"login-language-inputEl"}
	at com.codeborne.selenide.impl.WebElementSource.createElementNotFoundError(WebElementSource.java:31)
	at com.codeborne.selenide.impl.ElementFinder.createElementNotFoundError(ElementFinder.java:82)
	at com.codeborne.selenide.impl.WebElementSource.checkCondition(WebElementSource.java:59)
	at com.codeborne.selenide.commands.Should.should(Should.java:35)
	at com.codeborne.selenide.commands.Should.execute(Should.java:29)
	at com.codeborne.selenide.commands.Should.execute(Should.java:12)
	at com.codeborne.selenide.commands.Commands.execute(Commands.java:140)
	at com.codeborne.selenide.impl.SelenideElementProxy.dispatchAndRetry(SelenideElementProxy.java:86)
	at com.codeborne.selenide.impl.SelenideElementProxy.invoke(SelenideElementProxy.java:62)
	at com.sun.proxy.$Proxy6.should(Unknown Source)
	at com.yeastar.swebtest.driver.SwebDriver.click(SwebDriver.java:206)
	at com.yeastar.swebtest.driver.SwebDriver.select(SwebDriver.java:197)
	at com.yeastar.swebtest.driver.SwebDriver.login(SwebDriver.java:151)
	at com.yeastar.swebtest.driver.SwebDriver.login(SwebDriver.java:139)
	at com.yeastar.swebtest.testcase.DetailCase.pbxcase.PINList.BeforeClass(PINList.java:25)
	at sun.reflect.NativeMethodAccessorImpl.invoke0(Native Method)
	at sun.reflect.NativeMethodAccessorImpl.invoke(NativeMethodAccessorImpl.java:62)
	at sun.reflect.DelegatingMethodAccessorImpl.invoke(DelegatingMethodAccessorImpl.java:43)
	at java.lang.reflect.Method.invoke(Method.java:498)
	at org.testng.internal.MethodInvocationHelper.invokeMethod(MethodInvocationHelper.java:85)
	at org.testng.internal.Invoker.invokeConfigurationMethod(Invoker.java:510)
	at org.testng.internal.Invoker.invokeConfigurations(Invoker.java:211)
	at org.testng.internal.Invoker.invokeConfigurations(Invoker.java:138)
	at org.testng.internal.TestMethodWorker.invokeBeforeClassMethods(TestMethodWorker.java:170)
	at org.testng.internal.TestMethodWorker.run(TestMethodWorker.java:104)
	at org.testng.TestRunner.privateRun(TestRunner.java:774)
	at org.testng.TestRunner.run(TestRunner.java:624)
	at org.testng.SuiteRunner.runTest(SuiteRunner.java:359)
	at org.testng.SuiteRunner.runSequentially(SuiteRunner.java:354)
	at org.testng.SuiteRunner.privateRun(SuiteRunner.java:312)
	at org.testng.SuiteRunner.run(SuiteRunner.java:261)
	at org.testng.SuiteRunnerWorker.runSuite(SuiteRunnerWorker.java:52)
	at org.testng.SuiteRunnerWorker.run(SuiteRunnerWorker.java:86)
	at org.testng.TestNG.runSuitesSequentially(TestNG.java:1215)
	at org.testng.TestNG.runSuitesLocally(TestNG.java:1140)
	at org.testng.TestNG.run(TestNG.java:1048)
	at org.apache.maven.surefire.testng.TestNGExecutor.run(TestNGExecutor.java:293)
	at org.apache.maven.surefire.testng.TestNGXmlTestSuite.execute(TestNGXmlTestSuite.java:84)
	at org.apache.maven.surefire.testng.TestNGProvider.invoke(TestNGProvider.java:91)
	at org.apache.maven.surefire.booter.ForkedBooter.invokeProviderInSameClassLoader(ForkedBooter.java:200)
	at org.apache.maven.surefire.booter.ForkedBooter.runSuitesInProcess(ForkedBooter.java:153)
	at org.apache.maven.surefire.booter.ForkedBooter.main(ForkedBooter.java:103)
Caused by: org.openqa.selenium.NoSuchElementException: no such element: Unable to locate element: {"method":"id","selector":"login-language-inputEl"}
  (Session info: chrome=69.0.3497.100)
  (Driver info: chromedriver=2.42.591088 (7b2b2dca23cca0862f674758c9a3933e685c27d5),platform=Windows NT 6.1.7601 SP1 x86_64) (WARNING: The server did not provide any stacktrace information)
Command duration or timeout: 11 milliseconds
For documentation on this error, please visit: http://seleniumhq.org/exceptions/no_such_element.html
Build info: version: '2.53.1', revision: 'a36b8b1cd5757287168e54b817830adce9b0158d', time: '2016-06-30 19:26:09'
System info: host: 'Yeastar-PC', ip: '192.168.11.194', os.name: 'Windows 7', os.arch: 'x86', os.version: '6.1', java.version: '1.8.0_121'
Driver info: org.openqa.selenium.chrome.ChromeDriver
Capabilities [{mobileEmulationEnabled=false, hasTouchScreen=false, platform=XP, acceptSslCerts=false, goog:chromeOptions={debuggerAddress=localhost:23747}, acceptInsecureCerts=false, webStorageEnabled=true, browserName=chrome, takesScreenshot=true, javascriptEnabled=true, setWindowRect=true, unexpectedAlertBehaviour=, applicationCacheEnabled=false, rotatable=false, networkConnectionEnabled=false, chrome={chromedriverVersion=2.42.591088 (7b2b2dca23cca0862f674758c9a3933e685c27d5), userDataDir=C:\Users\Yeastar\AppData\Local\Temp\scoped_dir3852_3820}, takesHeapSnapshot=true, pageLoadStrategy=normal, databaseEnabled=false, handlesAlerts=true, version=69.0.3497.100, browserConnectionEnabled=false, nativeEvents=true, locationContextEnabled=true, cssSelectorsEnabled=true}]
Session ID: d3be694128271583ac260e31a4722891
*** Element info: {Using=id, value=login-language-inputEl}
	at sun.reflect.GeneratedConstructorAccessor26.newInstance(Unknown Source)
	at sun.reflect.DelegatingConstructorAccessorImpl.newInstance(DelegatingConstructorAccessorImpl.java:45)
	at java.lang.reflect.Constructor.newInstance(Constructor.java:423)
	at org.openqa.selenium.remote.ErrorHandler.createThrowable(ErrorHandler.java:206)
	at org.openqa.selenium.remote.ErrorHandler.throwIfResponseFailed(ErrorHandler.java:158)
	at org.openqa.selenium.remote.RemoteWebDriver.execute(RemoteWebDriver.java:678)
	at org.openqa.selenium.remote.RemoteWebDriver.findElement(RemoteWebDriver.java:363)
	at org.openqa.selenium.remote.RemoteWebDriver.findElementById(RemoteWebDriver.java:413)
	at org.openqa.selenium.By$ById.findElement(By.java:218)
	at org.openqa.selenium.remote.RemoteWebDriver.findElement(RemoteWebDriver.java:355)
	at com.codeborne.selenide.impl.WebElementSelector.findElement(WebElementSelector.java:28)
	at com.codeborne.selenide.impl.ElementFinder.getWebElement(ElementFinder.java:56)
	at com.codeborne.selenide.impl.WebElementSource.checkCondition(WebElementSource.java:44)
	... 39 more
]]>
    </error>
  </testcase> <!-- O_checkPriority1 -->
  <testcase name="J_editOutBound" time="0.000" classname="com.yeastar.swebtest.testcase.DetailCase.pbxcase.OutboundRoutes">
    <error type="com.codeborne.selenide.ex.ElementNotFound" message="Element not found {By.id: login-language-inputEl}
Expected: exist">
      <![CDATA[Element not found {By.id: login-language-inputEl}
Expected: exist
Screenshot: file:/F:/MyProject/SwebTest/pic/1539773760550.84.png
Timeout: 10 s.
Caused by: NoSuchElementException: no such element: Unable to locate element: {"method":"id","selector":"login-language-inputEl"}
	at com.codeborne.selenide.impl.WebElementSource.createElementNotFoundError(WebElementSource.java:31)
	at com.codeborne.selenide.impl.ElementFinder.createElementNotFoundError(ElementFinder.java:82)
	at com.codeborne.selenide.impl.WebElementSource.checkCondition(WebElementSource.java:59)
	at com.codeborne.selenide.commands.Should.should(Should.java:35)
	at com.codeborne.selenide.commands.Should.execute(Should.java:29)
	at com.codeborne.selenide.commands.Should.execute(Should.java:12)
	at com.codeborne.selenide.commands.Commands.execute(Commands.java:140)
	at com.codeborne.selenide.impl.SelenideElementProxy.dispatchAndRetry(SelenideElementProxy.java:86)
	at com.codeborne.selenide.impl.SelenideElementProxy.invoke(SelenideElementProxy.java:62)
	at com.sun.proxy.$Proxy6.should(Unknown Source)
	at com.yeastar.swebtest.driver.SwebDriver.click(SwebDriver.java:206)
	at com.yeastar.swebtest.driver.SwebDriver.select(SwebDriver.java:197)
	at com.yeastar.swebtest.driver.SwebDriver.login(SwebDriver.java:151)
	at com.yeastar.swebtest.driver.SwebDriver.login(SwebDriver.java:139)
	at com.yeastar.swebtest.testcase.DetailCase.pbxcase.PINList.BeforeClass(PINList.java:25)
	at sun.reflect.NativeMethodAccessorImpl.invoke0(Native Method)
	at sun.reflect.NativeMethodAccessorImpl.invoke(NativeMethodAccessorImpl.java:62)
	at sun.reflect.DelegatingMethodAccessorImpl.invoke(DelegatingMethodAccessorImpl.java:43)
	at java.lang.reflect.Method.invoke(Method.java:498)
	at org.testng.internal.MethodInvocationHelper.invokeMethod(MethodInvocationHelper.java:85)
	at org.testng.internal.Invoker.invokeConfigurationMethod(Invoker.java:510)
	at org.testng.internal.Invoker.invokeConfigurations(Invoker.java:211)
	at org.testng.internal.Invoker.invokeConfigurations(Invoker.java:138)
	at org.testng.internal.TestMethodWorker.invokeBeforeClassMethods(TestMethodWorker.java:170)
	at org.testng.internal.TestMethodWorker.run(TestMethodWorker.java:104)
	at org.testng.TestRunner.privateRun(TestRunner.java:774)
	at org.testng.TestRunner.run(TestRunner.java:624)
	at org.testng.SuiteRunner.runTest(SuiteRunner.java:359)
	at org.testng.SuiteRunner.runSequentially(SuiteRunner.java:354)
	at org.testng.SuiteRunner.privateRun(SuiteRunner.java:312)
	at org.testng.SuiteRunner.run(SuiteRunner.java:261)
	at org.testng.SuiteRunnerWorker.runSuite(SuiteRunnerWorker.java:52)
	at org.testng.SuiteRunnerWorker.run(SuiteRunnerWorker.java:86)
	at org.testng.TestNG.runSuitesSequentially(TestNG.java:1215)
	at org.testng.TestNG.runSuitesLocally(TestNG.java:1140)
	at org.testng.TestNG.run(TestNG.java:1048)
	at org.apache.maven.surefire.testng.TestNGExecutor.run(TestNGExecutor.java:293)
	at org.apache.maven.surefire.testng.TestNGXmlTestSuite.execute(TestNGXmlTestSuite.java:84)
	at org.apache.maven.surefire.testng.TestNGProvider.invoke(TestNGProvider.java:91)
	at org.apache.maven.surefire.booter.ForkedBooter.invokeProviderInSameClassLoader(ForkedBooter.java:200)
	at org.apache.maven.surefire.booter.ForkedBooter.runSuitesInProcess(ForkedBooter.java:153)
	at org.apache.maven.surefire.booter.ForkedBooter.main(ForkedBooter.java:103)
Caused by: org.openqa.selenium.NoSuchElementException: no such element: Unable to locate element: {"method":"id","selector":"login-language-inputEl"}
  (Session info: chrome=69.0.3497.100)
  (Driver info: chromedriver=2.42.591088 (7b2b2dca23cca0862f674758c9a3933e685c27d5),platform=Windows NT 6.1.7601 SP1 x86_64) (WARNING: The server did not provide any stacktrace information)
Command duration or timeout: 11 milliseconds
For documentation on this error, please visit: http://seleniumhq.org/exceptions/no_such_element.html
Build info: version: '2.53.1', revision: 'a36b8b1cd5757287168e54b817830adce9b0158d', time: '2016-06-30 19:26:09'
System info: host: 'Yeastar-PC', ip: '192.168.11.194', os.name: 'Windows 7', os.arch: 'x86', os.version: '6.1', java.version: '1.8.0_121'
Driver info: org.openqa.selenium.chrome.ChromeDriver
Capabilities [{mobileEmulationEnabled=false, hasTouchScreen=false, platform=XP, acceptSslCerts=false, goog:chromeOptions={debuggerAddress=localhost:23747}, acceptInsecureCerts=false, webStorageEnabled=true, browserName=chrome, takesScreenshot=true, javascriptEnabled=true, setWindowRect=true, unexpectedAlertBehaviour=, applicationCacheEnabled=false, rotatable=false, networkConnectionEnabled=false, chrome={chromedriverVersion=2.42.591088 (7b2b2dca23cca0862f674758c9a3933e685c27d5), userDataDir=C:\Users\Yeastar\AppData\Local\Temp\scoped_dir3852_3820}, takesHeapSnapshot=true, pageLoadStrategy=normal, databaseEnabled=false, handlesAlerts=true, version=69.0.3497.100, browserConnectionEnabled=false, nativeEvents=true, locationContextEnabled=true, cssSelectorsEnabled=true}]
Session ID: d3be694128271583ac260e31a4722891
*** Element info: {Using=id, value=login-language-inputEl}
	at sun.reflect.GeneratedConstructorAccessor26.newInstance(Unknown Source)
	at sun.reflect.DelegatingConstructorAccessorImpl.newInstance(DelegatingConstructorAccessorImpl.java:45)
	at java.lang.reflect.Constructor.newInstance(Constructor.java:423)
	at org.openqa.selenium.remote.ErrorHandler.createThrowable(ErrorHandler.java:206)
	at org.openqa.selenium.remote.ErrorHandler.throwIfResponseFailed(ErrorHandler.java:158)
	at org.openqa.selenium.remote.RemoteWebDriver.execute(RemoteWebDriver.java:678)
	at org.openqa.selenium.remote.RemoteWebDriver.findElement(RemoteWebDriver.java:363)
	at org.openqa.selenium.remote.RemoteWebDriver.findElementById(RemoteWebDriver.java:413)
	at org.openqa.selenium.By$ById.findElement(By.java:218)
	at org.openqa.selenium.remote.RemoteWebDriver.findElement(RemoteWebDriver.java:355)
	at com.codeborne.selenide.impl.WebElementSelector.findElement(WebElementSelector.java:28)
	at com.codeborne.selenide.impl.ElementFinder.getWebElement(ElementFinder.java:56)
	at com.codeborne.selenide.impl.WebElementSource.checkCondition(WebElementSource.java:44)
	... 39 more
]]>
    </error>
  </testcase> <!-- J_editOutBound -->
  <testcase name="K2_editPatterns" time="0.000" classname="com.yeastar.swebtest.testcase.DetailCase.pbxcase.OutboundRoutes">
    <error type="com.codeborne.selenide.ex.ElementNotFound" message="Element not found {By.id: login-language-inputEl}
Expected: exist">
      <![CDATA[Element not found {By.id: login-language-inputEl}
Expected: exist
Screenshot: file:/F:/MyProject/SwebTest/pic/1539773760550.84.png
Timeout: 10 s.
Caused by: NoSuchElementException: no such element: Unable to locate element: {"method":"id","selector":"login-language-inputEl"}
	at com.codeborne.selenide.impl.WebElementSource.createElementNotFoundError(WebElementSource.java:31)
	at com.codeborne.selenide.impl.ElementFinder.createElementNotFoundError(ElementFinder.java:82)
	at com.codeborne.selenide.impl.WebElementSource.checkCondition(WebElementSource.java:59)
	at com.codeborne.selenide.commands.Should.should(Should.java:35)
	at com.codeborne.selenide.commands.Should.execute(Should.java:29)
	at com.codeborne.selenide.commands.Should.execute(Should.java:12)
	at com.codeborne.selenide.commands.Commands.execute(Commands.java:140)
	at com.codeborne.selenide.impl.SelenideElementProxy.dispatchAndRetry(SelenideElementProxy.java:86)
	at com.codeborne.selenide.impl.SelenideElementProxy.invoke(SelenideElementProxy.java:62)
	at com.sun.proxy.$Proxy6.should(Unknown Source)
	at com.yeastar.swebtest.driver.SwebDriver.click(SwebDriver.java:206)
	at com.yeastar.swebtest.driver.SwebDriver.select(SwebDriver.java:197)
	at com.yeastar.swebtest.driver.SwebDriver.login(SwebDriver.java:151)
	at com.yeastar.swebtest.driver.SwebDriver.login(SwebDriver.java:139)
	at com.yeastar.swebtest.testcase.DetailCase.pbxcase.PINList.BeforeClass(PINList.java:25)
	at sun.reflect.NativeMethodAccessorImpl.invoke0(Native Method)
	at sun.reflect.NativeMethodAccessorImpl.invoke(NativeMethodAccessorImpl.java:62)
	at sun.reflect.DelegatingMethodAccessorImpl.invoke(DelegatingMethodAccessorImpl.java:43)
	at java.lang.reflect.Method.invoke(Method.java:498)
	at org.testng.internal.MethodInvocationHelper.invokeMethod(MethodInvocationHelper.java:85)
	at org.testng.internal.Invoker.invokeConfigurationMethod(Invoker.java:510)
	at org.testng.internal.Invoker.invokeConfigurations(Invoker.java:211)
	at org.testng.internal.Invoker.invokeConfigurations(Invoker.java:138)
	at org.testng.internal.TestMethodWorker.invokeBeforeClassMethods(TestMethodWorker.java:170)
	at org.testng.internal.TestMethodWorker.run(TestMethodWorker.java:104)
	at org.testng.TestRunner.privateRun(TestRunner.java:774)
	at org.testng.TestRunner.run(TestRunner.java:624)
	at org.testng.SuiteRunner.runTest(SuiteRunner.java:359)
	at org.testng.SuiteRunner.runSequentially(SuiteRunner.java:354)
	at org.testng.SuiteRunner.privateRun(SuiteRunner.java:312)
	at org.testng.SuiteRunner.run(SuiteRunner.java:261)
	at org.testng.SuiteRunnerWorker.runSuite(SuiteRunnerWorker.java:52)
	at org.testng.SuiteRunnerWorker.run(SuiteRunnerWorker.java:86)
	at org.testng.TestNG.runSuitesSequentially(TestNG.java:1215)
	at org.testng.TestNG.runSuitesLocally(TestNG.java:1140)
	at org.testng.TestNG.run(TestNG.java:1048)
	at org.apache.maven.surefire.testng.TestNGExecutor.run(TestNGExecutor.java:293)
	at org.apache.maven.surefire.testng.TestNGXmlTestSuite.execute(TestNGXmlTestSuite.java:84)
	at org.apache.maven.surefire.testng.TestNGProvider.invoke(TestNGProvider.java:91)
	at org.apache.maven.surefire.booter.ForkedBooter.invokeProviderInSameClassLoader(ForkedBooter.java:200)
	at org.apache.maven.surefire.booter.ForkedBooter.runSuitesInProcess(ForkedBooter.java:153)
	at org.apache.maven.surefire.booter.ForkedBooter.main(ForkedBooter.java:103)
Caused by: org.openqa.selenium.NoSuchElementException: no such element: Unable to locate element: {"method":"id","selector":"login-language-inputEl"}
  (Session info: chrome=69.0.3497.100)
  (Driver info: chromedriver=2.42.591088 (7b2b2dca23cca0862f674758c9a3933e685c27d5),platform=Windows NT 6.1.7601 SP1 x86_64) (WARNING: The server did not provide any stacktrace information)
Command duration or timeout: 11 milliseconds
For documentation on this error, please visit: http://seleniumhq.org/exceptions/no_such_element.html
Build info: version: '2.53.1', revision: 'a36b8b1cd5757287168e54b817830adce9b0158d', time: '2016-06-30 19:26:09'
System info: host: 'Yeastar-PC', ip: '192.168.11.194', os.name: 'Windows 7', os.arch: 'x86', os.version: '6.1', java.version: '1.8.0_121'
Driver info: org.openqa.selenium.chrome.ChromeDriver
Capabilities [{mobileEmulationEnabled=false, hasTouchScreen=false, platform=XP, acceptSslCerts=false, goog:chromeOptions={debuggerAddress=localhost:23747}, acceptInsecureCerts=false, webStorageEnabled=true, browserName=chrome, takesScreenshot=true, javascriptEnabled=true, setWindowRect=true, unexpectedAlertBehaviour=, applicationCacheEnabled=false, rotatable=false, networkConnectionEnabled=false, chrome={chromedriverVersion=2.42.591088 (7b2b2dca23cca0862f674758c9a3933e685c27d5), userDataDir=C:\Users\Yeastar\AppData\Local\Temp\scoped_dir3852_3820}, takesHeapSnapshot=true, pageLoadStrategy=normal, databaseEnabled=false, handlesAlerts=true, version=69.0.3497.100, browserConnectionEnabled=false, nativeEvents=true, locationContextEnabled=true, cssSelectorsEnabled=true}]
Session ID: d3be694128271583ac260e31a4722891
*** Element info: {Using=id, value=login-language-inputEl}
	at sun.reflect.GeneratedConstructorAccessor26.newInstance(Unknown Source)
	at sun.reflect.DelegatingConstructorAccessorImpl.newInstance(DelegatingConstructorAccessorImpl.java:45)
	at java.lang.reflect.Constructor.newInstance(Constructor.java:423)
	at org.openqa.selenium.remote.ErrorHandler.createThrowable(ErrorHandler.java:206)
	at org.openqa.selenium.remote.ErrorHandler.throwIfResponseFailed(ErrorHandler.java:158)
	at org.openqa.selenium.remote.RemoteWebDriver.execute(RemoteWebDriver.java:678)
	at org.openqa.selenium.remote.RemoteWebDriver.findElement(RemoteWebDriver.java:363)
	at org.openqa.selenium.remote.RemoteWebDriver.findElementById(RemoteWebDriver.java:413)
	at org.openqa.selenium.By$ById.findElement(By.java:218)
	at org.openqa.selenium.remote.RemoteWebDriver.findElement(RemoteWebDriver.java:355)
	at com.codeborne.selenide.impl.WebElementSelector.findElement(WebElementSelector.java:28)
	at com.codeborne.selenide.impl.ElementFinder.getWebElement(ElementFinder.java:56)
	at com.codeborne.selenide.impl.WebElementSource.checkCondition(WebElementSource.java:44)
	... 39 more
]]>
    </error>
  </testcase> <!-- K2_editPatterns -->
  <testcase name="O_checkPriority3" time="0.000" classname="com.yeastar.swebtest.testcase.DetailCase.pbxcase.OutboundRoutes">
    <error type="com.codeborne.selenide.ex.ElementNotFound" message="Element not found {By.id: login-language-inputEl}
Expected: exist">
      <![CDATA[Element not found {By.id: login-language-inputEl}
Expected: exist
Screenshot: file:/F:/MyProject/SwebTest/pic/1539773760550.84.png
Timeout: 10 s.
Caused by: NoSuchElementException: no such element: Unable to locate element: {"method":"id","selector":"login-language-inputEl"}
	at com.codeborne.selenide.impl.WebElementSource.createElementNotFoundError(WebElementSource.java:31)
	at com.codeborne.selenide.impl.ElementFinder.createElementNotFoundError(ElementFinder.java:82)
	at com.codeborne.selenide.impl.WebElementSource.checkCondition(WebElementSource.java:59)
	at com.codeborne.selenide.commands.Should.should(Should.java:35)
	at com.codeborne.selenide.commands.Should.execute(Should.java:29)
	at com.codeborne.selenide.commands.Should.execute(Should.java:12)
	at com.codeborne.selenide.commands.Commands.execute(Commands.java:140)
	at com.codeborne.selenide.impl.SelenideElementProxy.dispatchAndRetry(SelenideElementProxy.java:86)
	at com.codeborne.selenide.impl.SelenideElementProxy.invoke(SelenideElementProxy.java:62)
	at com.sun.proxy.$Proxy6.should(Unknown Source)
	at com.yeastar.swebtest.driver.SwebDriver.click(SwebDriver.java:206)
	at com.yeastar.swebtest.driver.SwebDriver.select(SwebDriver.java:197)
	at com.yeastar.swebtest.driver.SwebDriver.login(SwebDriver.java:151)
	at com.yeastar.swebtest.driver.SwebDriver.login(SwebDriver.java:139)
	at com.yeastar.swebtest.testcase.DetailCase.pbxcase.PINList.BeforeClass(PINList.java:25)
	at sun.reflect.NativeMethodAccessorImpl.invoke0(Native Method)
	at sun.reflect.NativeMethodAccessorImpl.invoke(NativeMethodAccessorImpl.java:62)
	at sun.reflect.DelegatingMethodAccessorImpl.invoke(DelegatingMethodAccessorImpl.java:43)
	at java.lang.reflect.Method.invoke(Method.java:498)
	at org.testng.internal.MethodInvocationHelper.invokeMethod(MethodInvocationHelper.java:85)
	at org.testng.internal.Invoker.invokeConfigurationMethod(Invoker.java:510)
	at org.testng.internal.Invoker.invokeConfigurations(Invoker.java:211)
	at org.testng.internal.Invoker.invokeConfigurations(Invoker.java:138)
	at org.testng.internal.TestMethodWorker.invokeBeforeClassMethods(TestMethodWorker.java:170)
	at org.testng.internal.TestMethodWorker.run(TestMethodWorker.java:104)
	at org.testng.TestRunner.privateRun(TestRunner.java:774)
	at org.testng.TestRunner.run(TestRunner.java:624)
	at org.testng.SuiteRunner.runTest(SuiteRunner.java:359)
	at org.testng.SuiteRunner.runSequentially(SuiteRunner.java:354)
	at org.testng.SuiteRunner.privateRun(SuiteRunner.java:312)
	at org.testng.SuiteRunner.run(SuiteRunner.java:261)
	at org.testng.SuiteRunnerWorker.runSuite(SuiteRunnerWorker.java:52)
	at org.testng.SuiteRunnerWorker.run(SuiteRunnerWorker.java:86)
	at org.testng.TestNG.runSuitesSequentially(TestNG.java:1215)
	at org.testng.TestNG.runSuitesLocally(TestNG.java:1140)
	at org.testng.TestNG.run(TestNG.java:1048)
	at org.apache.maven.surefire.testng.TestNGExecutor.run(TestNGExecutor.java:293)
	at org.apache.maven.surefire.testng.TestNGXmlTestSuite.execute(TestNGXmlTestSuite.java:84)
	at org.apache.maven.surefire.testng.TestNGProvider.invoke(TestNGProvider.java:91)
	at org.apache.maven.surefire.booter.ForkedBooter.invokeProviderInSameClassLoader(ForkedBooter.java:200)
	at org.apache.maven.surefire.booter.ForkedBooter.runSuitesInProcess(ForkedBooter.java:153)
	at org.apache.maven.surefire.booter.ForkedBooter.main(ForkedBooter.java:103)
Caused by: org.openqa.selenium.NoSuchElementException: no such element: Unable to locate element: {"method":"id","selector":"login-language-inputEl"}
  (Session info: chrome=69.0.3497.100)
  (Driver info: chromedriver=2.42.591088 (7b2b2dca23cca0862f674758c9a3933e685c27d5),platform=Windows NT 6.1.7601 SP1 x86_64) (WARNING: The server did not provide any stacktrace information)
Command duration or timeout: 11 milliseconds
For documentation on this error, please visit: http://seleniumhq.org/exceptions/no_such_element.html
Build info: version: '2.53.1', revision: 'a36b8b1cd5757287168e54b817830adce9b0158d', time: '2016-06-30 19:26:09'
System info: host: 'Yeastar-PC', ip: '192.168.11.194', os.name: 'Windows 7', os.arch: 'x86', os.version: '6.1', java.version: '1.8.0_121'
Driver info: org.openqa.selenium.chrome.ChromeDriver
Capabilities [{mobileEmulationEnabled=false, hasTouchScreen=false, platform=XP, acceptSslCerts=false, goog:chromeOptions={debuggerAddress=localhost:23747}, acceptInsecureCerts=false, webStorageEnabled=true, browserName=chrome, takesScreenshot=true, javascriptEnabled=true, setWindowRect=true, unexpectedAlertBehaviour=, applicationCacheEnabled=false, rotatable=false, networkConnectionEnabled=false, chrome={chromedriverVersion=2.42.591088 (7b2b2dca23cca0862f674758c9a3933e685c27d5), userDataDir=C:\Users\Yeastar\AppData\Local\Temp\scoped_dir3852_3820}, takesHeapSnapshot=true, pageLoadStrategy=normal, databaseEnabled=false, handlesAlerts=true, version=69.0.3497.100, browserConnectionEnabled=false, nativeEvents=true, locationContextEnabled=true, cssSelectorsEnabled=true}]
Session ID: d3be694128271583ac260e31a4722891
*** Element info: {Using=id, value=login-language-inputEl}
	at sun.reflect.GeneratedConstructorAccessor26.newInstance(Unknown Source)
	at sun.reflect.DelegatingConstructorAccessorImpl.newInstance(DelegatingConstructorAccessorImpl.java:45)
	at java.lang.reflect.Constructor.newInstance(Constructor.java:423)
	at org.openqa.selenium.remote.ErrorHandler.createThrowable(ErrorHandler.java:206)
	at org.openqa.selenium.remote.ErrorHandler.throwIfResponseFailed(ErrorHandler.java:158)
	at org.openqa.selenium.remote.RemoteWebDriver.execute(RemoteWebDriver.java:678)
	at org.openqa.selenium.remote.RemoteWebDriver.findElement(RemoteWebDriver.java:363)
	at org.openqa.selenium.remote.RemoteWebDriver.findElementById(RemoteWebDriver.java:413)
	at org.openqa.selenium.By$ById.findElement(By.java:218)
	at org.openqa.selenium.remote.RemoteWebDriver.findElement(RemoteWebDriver.java:355)
	at com.codeborne.selenide.impl.WebElementSelector.findElement(WebElementSelector.java:28)
	at com.codeborne.selenide.impl.ElementFinder.getWebElement(ElementFinder.java:56)
	at com.codeborne.selenide.impl.WebElementSource.checkCondition(WebElementSource.java:44)
	... 39 more
]]>
    </error>
  </testcase> <!-- O_checkPriority3 -->
  <testcase name="K1_editPatterns" time="0.000" classname="com.yeastar.swebtest.testcase.DetailCase.pbxcase.OutboundRoutes">
    <error type="com.codeborne.selenide.ex.ElementNotFound" message="Element not found {By.id: login-language-inputEl}
Expected: exist">
      <![CDATA[Element not found {By.id: login-language-inputEl}
Expected: exist
Screenshot: file:/F:/MyProject/SwebTest/pic/1539773760550.84.png
Timeout: 10 s.
Caused by: NoSuchElementException: no such element: Unable to locate element: {"method":"id","selector":"login-language-inputEl"}
	at com.codeborne.selenide.impl.WebElementSource.createElementNotFoundError(WebElementSource.java:31)
	at com.codeborne.selenide.impl.ElementFinder.createElementNotFoundError(ElementFinder.java:82)
	at com.codeborne.selenide.impl.WebElementSource.checkCondition(WebElementSource.java:59)
	at com.codeborne.selenide.commands.Should.should(Should.java:35)
	at com.codeborne.selenide.commands.Should.execute(Should.java:29)
	at com.codeborne.selenide.commands.Should.execute(Should.java:12)
	at com.codeborne.selenide.commands.Commands.execute(Commands.java:140)
	at com.codeborne.selenide.impl.SelenideElementProxy.dispatchAndRetry(SelenideElementProxy.java:86)
	at com.codeborne.selenide.impl.SelenideElementProxy.invoke(SelenideElementProxy.java:62)
	at com.sun.proxy.$Proxy6.should(Unknown Source)
	at com.yeastar.swebtest.driver.SwebDriver.click(SwebDriver.java:206)
	at com.yeastar.swebtest.driver.SwebDriver.select(SwebDriver.java:197)
	at com.yeastar.swebtest.driver.SwebDriver.login(SwebDriver.java:151)
	at com.yeastar.swebtest.driver.SwebDriver.login(SwebDriver.java:139)
	at com.yeastar.swebtest.testcase.DetailCase.pbxcase.PINList.BeforeClass(PINList.java:25)
	at sun.reflect.NativeMethodAccessorImpl.invoke0(Native Method)
	at sun.reflect.NativeMethodAccessorImpl.invoke(NativeMethodAccessorImpl.java:62)
	at sun.reflect.DelegatingMethodAccessorImpl.invoke(DelegatingMethodAccessorImpl.java:43)
	at java.lang.reflect.Method.invoke(Method.java:498)
	at org.testng.internal.MethodInvocationHelper.invokeMethod(MethodInvocationHelper.java:85)
	at org.testng.internal.Invoker.invokeConfigurationMethod(Invoker.java:510)
	at org.testng.internal.Invoker.invokeConfigurations(Invoker.java:211)
	at org.testng.internal.Invoker.invokeConfigurations(Invoker.java:138)
	at org.testng.internal.TestMethodWorker.invokeBeforeClassMethods(TestMethodWorker.java:170)
	at org.testng.internal.TestMethodWorker.run(TestMethodWorker.java:104)
	at org.testng.TestRunner.privateRun(TestRunner.java:774)
	at org.testng.TestRunner.run(TestRunner.java:624)
	at org.testng.SuiteRunner.runTest(SuiteRunner.java:359)
	at org.testng.SuiteRunner.runSequentially(SuiteRunner.java:354)
	at org.testng.SuiteRunner.privateRun(SuiteRunner.java:312)
	at org.testng.SuiteRunner.run(SuiteRunner.java:261)
	at org.testng.SuiteRunnerWorker.runSuite(SuiteRunnerWorker.java:52)
	at org.testng.SuiteRunnerWorker.run(SuiteRunnerWorker.java:86)
	at org.testng.TestNG.runSuitesSequentially(TestNG.java:1215)
	at org.testng.TestNG.runSuitesLocally(TestNG.java:1140)
	at org.testng.TestNG.run(TestNG.java:1048)
	at org.apache.maven.surefire.testng.TestNGExecutor.run(TestNGExecutor.java:293)
	at org.apache.maven.surefire.testng.TestNGXmlTestSuite.execute(TestNGXmlTestSuite.java:84)
	at org.apache.maven.surefire.testng.TestNGProvider.invoke(TestNGProvider.java:91)
	at org.apache.maven.surefire.booter.ForkedBooter.invokeProviderInSameClassLoader(ForkedBooter.java:200)
	at org.apache.maven.surefire.booter.ForkedBooter.runSuitesInProcess(ForkedBooter.java:153)
	at org.apache.maven.surefire.booter.ForkedBooter.main(ForkedBooter.java:103)
Caused by: org.openqa.selenium.NoSuchElementException: no such element: Unable to locate element: {"method":"id","selector":"login-language-inputEl"}
  (Session info: chrome=69.0.3497.100)
  (Driver info: chromedriver=2.42.591088 (7b2b2dca23cca0862f674758c9a3933e685c27d5),platform=Windows NT 6.1.7601 SP1 x86_64) (WARNING: The server did not provide any stacktrace information)
Command duration or timeout: 11 milliseconds
For documentation on this error, please visit: http://seleniumhq.org/exceptions/no_such_element.html
Build info: version: '2.53.1', revision: 'a36b8b1cd5757287168e54b817830adce9b0158d', time: '2016-06-30 19:26:09'
System info: host: 'Yeastar-PC', ip: '192.168.11.194', os.name: 'Windows 7', os.arch: 'x86', os.version: '6.1', java.version: '1.8.0_121'
Driver info: org.openqa.selenium.chrome.ChromeDriver
Capabilities [{mobileEmulationEnabled=false, hasTouchScreen=false, platform=XP, acceptSslCerts=false, goog:chromeOptions={debuggerAddress=localhost:23747}, acceptInsecureCerts=false, webStorageEnabled=true, browserName=chrome, takesScreenshot=true, javascriptEnabled=true, setWindowRect=true, unexpectedAlertBehaviour=, applicationCacheEnabled=false, rotatable=false, networkConnectionEnabled=false, chrome={chromedriverVersion=2.42.591088 (7b2b2dca23cca0862f674758c9a3933e685c27d5), userDataDir=C:\Users\Yeastar\AppData\Local\Temp\scoped_dir3852_3820}, takesHeapSnapshot=true, pageLoadStrategy=normal, databaseEnabled=false, handlesAlerts=true, version=69.0.3497.100, browserConnectionEnabled=false, nativeEvents=true, locationContextEnabled=true, cssSelectorsEnabled=true}]
Session ID: d3be694128271583ac260e31a4722891
*** Element info: {Using=id, value=login-language-inputEl}
	at sun.reflect.GeneratedConstructorAccessor26.newInstance(Unknown Source)
	at sun.reflect.DelegatingConstructorAccessorImpl.newInstance(DelegatingConstructorAccessorImpl.java:45)
	at java.lang.reflect.Constructor.newInstance(Constructor.java:423)
	at org.openqa.selenium.remote.ErrorHandler.createThrowable(ErrorHandler.java:206)
	at org.openqa.selenium.remote.ErrorHandler.throwIfResponseFailed(ErrorHandler.java:158)
	at org.openqa.selenium.remote.RemoteWebDriver.execute(RemoteWebDriver.java:678)
	at org.openqa.selenium.remote.RemoteWebDriver.findElement(RemoteWebDriver.java:363)
	at org.openqa.selenium.remote.RemoteWebDriver.findElementById(RemoteWebDriver.java:413)
	at org.openqa.selenium.By$ById.findElement(By.java:218)
	at org.openqa.selenium.remote.RemoteWebDriver.findElement(RemoteWebDriver.java:355)
	at com.codeborne.selenide.impl.WebElementSelector.findElement(WebElementSelector.java:28)
	at com.codeborne.selenide.impl.ElementFinder.getWebElement(ElementFinder.java:56)
	at com.codeborne.selenide.impl.WebElementSource.checkCondition(WebElementSource.java:44)
	... 39 more
]]>
    </error>
  </testcase> <!-- K1_editPatterns -->
  <testcase name="K1_editPatterns" time="0.000" classname="com.yeastar.swebtest.testcase.DetailCase.pbxcase.OutboundRoutes">
    <error type="com.codeborne.selenide.ex.ElementNotFound" message="Element not found {By.id: login-language-inputEl}
Expected: exist">
      <![CDATA[Element not found {By.id: login-language-inputEl}
Expected: exist
Screenshot: file:/F:/MyProject/SwebTest/pic/1539773760550.84.png
Timeout: 10 s.
Caused by: NoSuchElementException: no such element: Unable to locate element: {"method":"id","selector":"login-language-inputEl"}
	at com.codeborne.selenide.impl.WebElementSource.createElementNotFoundError(WebElementSource.java:31)
	at com.codeborne.selenide.impl.ElementFinder.createElementNotFoundError(ElementFinder.java:82)
	at com.codeborne.selenide.impl.WebElementSource.checkCondition(WebElementSource.java:59)
	at com.codeborne.selenide.commands.Should.should(Should.java:35)
	at com.codeborne.selenide.commands.Should.execute(Should.java:29)
	at com.codeborne.selenide.commands.Should.execute(Should.java:12)
	at com.codeborne.selenide.commands.Commands.execute(Commands.java:140)
	at com.codeborne.selenide.impl.SelenideElementProxy.dispatchAndRetry(SelenideElementProxy.java:86)
	at com.codeborne.selenide.impl.SelenideElementProxy.invoke(SelenideElementProxy.java:62)
	at com.sun.proxy.$Proxy6.should(Unknown Source)
	at com.yeastar.swebtest.driver.SwebDriver.click(SwebDriver.java:206)
	at com.yeastar.swebtest.driver.SwebDriver.select(SwebDriver.java:197)
	at com.yeastar.swebtest.driver.SwebDriver.login(SwebDriver.java:151)
	at com.yeastar.swebtest.driver.SwebDriver.login(SwebDriver.java:139)
	at com.yeastar.swebtest.testcase.DetailCase.pbxcase.PINList.BeforeClass(PINList.java:25)
	at sun.reflect.NativeMethodAccessorImpl.invoke0(Native Method)
	at sun.reflect.NativeMethodAccessorImpl.invoke(NativeMethodAccessorImpl.java:62)
	at sun.reflect.DelegatingMethodAccessorImpl.invoke(DelegatingMethodAccessorImpl.java:43)
	at java.lang.reflect.Method.invoke(Method.java:498)
	at org.testng.internal.MethodInvocationHelper.invokeMethod(MethodInvocationHelper.java:85)
	at org.testng.internal.Invoker.invokeConfigurationMethod(Invoker.java:510)
	at org.testng.internal.Invoker.invokeConfigurations(Invoker.java:211)
	at org.testng.internal.Invoker.invokeConfigurations(Invoker.java:138)
	at org.testng.internal.TestMethodWorker.invokeBeforeClassMethods(TestMethodWorker.java:170)
	at org.testng.internal.TestMethodWorker.run(TestMethodWorker.java:104)
	at org.testng.TestRunner.privateRun(TestRunner.java:774)
	at org.testng.TestRunner.run(TestRunner.java:624)
	at org.testng.SuiteRunner.runTest(SuiteRunner.java:359)
	at org.testng.SuiteRunner.runSequentially(SuiteRunner.java:354)
	at org.testng.SuiteRunner.privateRun(SuiteRunner.java:312)
	at org.testng.SuiteRunner.run(SuiteRunner.java:261)
	at org.testng.SuiteRunnerWorker.runSuite(SuiteRunnerWorker.java:52)
	at org.testng.SuiteRunnerWorker.run(SuiteRunnerWorker.java:86)
	at org.testng.TestNG.runSuitesSequentially(TestNG.java:1215)
	at org.testng.TestNG.runSuitesLocally(TestNG.java:1140)
	at org.testng.TestNG.run(TestNG.java:1048)
	at org.apache.maven.surefire.testng.TestNGExecutor.run(TestNGExecutor.java:293)
	at org.apache.maven.surefire.testng.TestNGXmlTestSuite.execute(TestNGXmlTestSuite.java:84)
	at org.apache.maven.surefire.testng.TestNGProvider.invoke(TestNGProvider.java:91)
	at org.apache.maven.surefire.booter.ForkedBooter.invokeProviderInSameClassLoader(ForkedBooter.java:200)
	at org.apache.maven.surefire.booter.ForkedBooter.runSuitesInProcess(ForkedBooter.java:153)
	at org.apache.maven.surefire.booter.ForkedBooter.main(ForkedBooter.java:103)
Caused by: org.openqa.selenium.NoSuchElementException: no such element: Unable to locate element: {"method":"id","selector":"login-language-inputEl"}
  (Session info: chrome=69.0.3497.100)
  (Driver info: chromedriver=2.42.591088 (7b2b2dca23cca0862f674758c9a3933e685c27d5),platform=Windows NT 6.1.7601 SP1 x86_64) (WARNING: The server did not provide any stacktrace information)
Command duration or timeout: 11 milliseconds
For documentation on this error, please visit: http://seleniumhq.org/exceptions/no_such_element.html
Build info: version: '2.53.1', revision: 'a36b8b1cd5757287168e54b817830adce9b0158d', time: '2016-06-30 19:26:09'
System info: host: 'Yeastar-PC', ip: '192.168.11.194', os.name: 'Windows 7', os.arch: 'x86', os.version: '6.1', java.version: '1.8.0_121'
Driver info: org.openqa.selenium.chrome.ChromeDriver
Capabilities [{mobileEmulationEnabled=false, hasTouchScreen=false, platform=XP, acceptSslCerts=false, goog:chromeOptions={debuggerAddress=localhost:23747}, acceptInsecureCerts=false, webStorageEnabled=true, browserName=chrome, takesScreenshot=true, javascriptEnabled=true, setWindowRect=true, unexpectedAlertBehaviour=, applicationCacheEnabled=false, rotatable=false, networkConnectionEnabled=false, chrome={chromedriverVersion=2.42.591088 (7b2b2dca23cca0862f674758c9a3933e685c27d5), userDataDir=C:\Users\Yeastar\AppData\Local\Temp\scoped_dir3852_3820}, takesHeapSnapshot=true, pageLoadStrategy=normal, databaseEnabled=false, handlesAlerts=true, version=69.0.3497.100, browserConnectionEnabled=false, nativeEvents=true, locationContextEnabled=true, cssSelectorsEnabled=true}]
Session ID: d3be694128271583ac260e31a4722891
*** Element info: {Using=id, value=login-language-inputEl}
	at sun.reflect.GeneratedConstructorAccessor26.newInstance(Unknown Source)
	at sun.reflect.DelegatingConstructorAccessorImpl.newInstance(DelegatingConstructorAccessorImpl.java:45)
	at java.lang.reflect.Constructor.newInstance(Constructor.java:423)
	at org.openqa.selenium.remote.ErrorHandler.createThrowable(ErrorHandler.java:206)
	at org.openqa.selenium.remote.ErrorHandler.throwIfResponseFailed(ErrorHandler.java:158)
	at org.openqa.selenium.remote.RemoteWebDriver.execute(RemoteWebDriver.java:678)
	at org.openqa.selenium.remote.RemoteWebDriver.findElement(RemoteWebDriver.java:363)
	at org.openqa.selenium.remote.RemoteWebDriver.findElementById(RemoteWebDriver.java:413)
	at org.openqa.selenium.By$ById.findElement(By.java:218)
	at org.openqa.selenium.remote.RemoteWebDriver.findElement(RemoteWebDriver.java:355)
	at com.codeborne.selenide.impl.WebElementSelector.findElement(WebElementSelector.java:28)
	at com.codeborne.selenide.impl.ElementFinder.getWebElement(ElementFinder.java:56)
	at com.codeborne.selenide.impl.WebElementSource.checkCondition(WebElementSource.java:44)
	... 39 more
]]>
    </error>
  </testcase> <!-- K1_editPatterns -->
  <testcase name="P8_addTime" time="0.000" classname="com.yeastar.swebtest.testcase.DetailCase.pbxcase.OutboundRoutes">
    <error type="com.codeborne.selenide.ex.ElementNotFound" message="Element not found {By.id: login-language-inputEl}
Expected: exist">
      <![CDATA[Element not found {By.id: login-language-inputEl}
Expected: exist
Screenshot: file:/F:/MyProject/SwebTest/pic/1539773760550.84.png
Timeout: 10 s.
Caused by: NoSuchElementException: no such element: Unable to locate element: {"method":"id","selector":"login-language-inputEl"}
	at com.codeborne.selenide.impl.WebElementSource.createElementNotFoundError(WebElementSource.java:31)
	at com.codeborne.selenide.impl.ElementFinder.createElementNotFoundError(ElementFinder.java:82)
	at com.codeborne.selenide.impl.WebElementSource.checkCondition(WebElementSource.java:59)
	at com.codeborne.selenide.commands.Should.should(Should.java:35)
	at com.codeborne.selenide.commands.Should.execute(Should.java:29)
	at com.codeborne.selenide.commands.Should.execute(Should.java:12)
	at com.codeborne.selenide.commands.Commands.execute(Commands.java:140)
	at com.codeborne.selenide.impl.SelenideElementProxy.dispatchAndRetry(SelenideElementProxy.java:86)
	at com.codeborne.selenide.impl.SelenideElementProxy.invoke(SelenideElementProxy.java:62)
	at com.sun.proxy.$Proxy6.should(Unknown Source)
	at com.yeastar.swebtest.driver.SwebDriver.click(SwebDriver.java:206)
	at com.yeastar.swebtest.driver.SwebDriver.select(SwebDriver.java:197)
	at com.yeastar.swebtest.driver.SwebDriver.login(SwebDriver.java:151)
	at com.yeastar.swebtest.driver.SwebDriver.login(SwebDriver.java:139)
	at com.yeastar.swebtest.testcase.DetailCase.pbxcase.PINList.BeforeClass(PINList.java:25)
	at sun.reflect.NativeMethodAccessorImpl.invoke0(Native Method)
	at sun.reflect.NativeMethodAccessorImpl.invoke(NativeMethodAccessorImpl.java:62)
	at sun.reflect.DelegatingMethodAccessorImpl.invoke(DelegatingMethodAccessorImpl.java:43)
	at java.lang.reflect.Method.invoke(Method.java:498)
	at org.testng.internal.MethodInvocationHelper.invokeMethod(MethodInvocationHelper.java:85)
	at org.testng.internal.Invoker.invokeConfigurationMethod(Invoker.java:510)
	at org.testng.internal.Invoker.invokeConfigurations(Invoker.java:211)
	at org.testng.internal.Invoker.invokeConfigurations(Invoker.java:138)
	at org.testng.internal.TestMethodWorker.invokeBeforeClassMethods(TestMethodWorker.java:170)
	at org.testng.internal.TestMethodWorker.run(TestMethodWorker.java:104)
	at org.testng.TestRunner.privateRun(TestRunner.java:774)
	at org.testng.TestRunner.run(TestRunner.java:624)
	at org.testng.SuiteRunner.runTest(SuiteRunner.java:359)
	at org.testng.SuiteRunner.runSequentially(SuiteRunner.java:354)
	at org.testng.SuiteRunner.privateRun(SuiteRunner.java:312)
	at org.testng.SuiteRunner.run(SuiteRunner.java:261)
	at org.testng.SuiteRunnerWorker.runSuite(SuiteRunnerWorker.java:52)
	at org.testng.SuiteRunnerWorker.run(SuiteRunnerWorker.java:86)
	at org.testng.TestNG.runSuitesSequentially(TestNG.java:1215)
	at org.testng.TestNG.runSuitesLocally(TestNG.java:1140)
	at org.testng.TestNG.run(TestNG.java:1048)
	at org.apache.maven.surefire.testng.TestNGExecutor.run(TestNGExecutor.java:293)
	at org.apache.maven.surefire.testng.TestNGXmlTestSuite.execute(TestNGXmlTestSuite.java:84)
	at org.apache.maven.surefire.testng.TestNGProvider.invoke(TestNGProvider.java:91)
	at org.apache.maven.surefire.booter.ForkedBooter.invokeProviderInSameClassLoader(ForkedBooter.java:200)
	at org.apache.maven.surefire.booter.ForkedBooter.runSuitesInProcess(ForkedBooter.java:153)
	at org.apache.maven.surefire.booter.ForkedBooter.main(ForkedBooter.java:103)
Caused by: org.openqa.selenium.NoSuchElementException: no such element: Unable to locate element: {"method":"id","selector":"login-language-inputEl"}
  (Session info: chrome=69.0.3497.100)
  (Driver info: chromedriver=2.42.591088 (7b2b2dca23cca0862f674758c9a3933e685c27d5),platform=Windows NT 6.1.7601 SP1 x86_64) (WARNING: The server did not provide any stacktrace information)
Command duration or timeout: 11 milliseconds
For documentation on this error, please visit: http://seleniumhq.org/exceptions/no_such_element.html
Build info: version: '2.53.1', revision: 'a36b8b1cd5757287168e54b817830adce9b0158d', time: '2016-06-30 19:26:09'
System info: host: 'Yeastar-PC', ip: '192.168.11.194', os.name: 'Windows 7', os.arch: 'x86', os.version: '6.1', java.version: '1.8.0_121'
Driver info: org.openqa.selenium.chrome.ChromeDriver
Capabilities [{mobileEmulationEnabled=false, hasTouchScreen=false, platform=XP, acceptSslCerts=false, goog:chromeOptions={debuggerAddress=localhost:23747}, acceptInsecureCerts=false, webStorageEnabled=true, browserName=chrome, takesScreenshot=true, javascriptEnabled=true, setWindowRect=true, unexpectedAlertBehaviour=, applicationCacheEnabled=false, rotatable=false, networkConnectionEnabled=false, chrome={chromedriverVersion=2.42.591088 (7b2b2dca23cca0862f674758c9a3933e685c27d5), userDataDir=C:\Users\Yeastar\AppData\Local\Temp\scoped_dir3852_3820}, takesHeapSnapshot=true, pageLoadStrategy=normal, databaseEnabled=false, handlesAlerts=true, version=69.0.3497.100, browserConnectionEnabled=false, nativeEvents=true, locationContextEnabled=true, cssSelectorsEnabled=true}]
Session ID: d3be694128271583ac260e31a4722891
*** Element info: {Using=id, value=login-language-inputEl}
	at sun.reflect.GeneratedConstructorAccessor26.newInstance(Unknown Source)
	at sun.reflect.DelegatingConstructorAccessorImpl.newInstance(DelegatingConstructorAccessorImpl.java:45)
	at java.lang.reflect.Constructor.newInstance(Constructor.java:423)
	at org.openqa.selenium.remote.ErrorHandler.createThrowable(ErrorHandler.java:206)
	at org.openqa.selenium.remote.ErrorHandler.throwIfResponseFailed(ErrorHandler.java:158)
	at org.openqa.selenium.remote.RemoteWebDriver.execute(RemoteWebDriver.java:678)
	at org.openqa.selenium.remote.RemoteWebDriver.findElement(RemoteWebDriver.java:363)
	at org.openqa.selenium.remote.RemoteWebDriver.findElementById(RemoteWebDriver.java:413)
	at org.openqa.selenium.By$ById.findElement(By.java:218)
	at org.openqa.selenium.remote.RemoteWebDriver.findElement(RemoteWebDriver.java:355)
	at com.codeborne.selenide.impl.WebElementSelector.findElement(WebElementSelector.java:28)
	at com.codeborne.selenide.impl.ElementFinder.getWebElement(ElementFinder.java:56)
	at com.codeborne.selenide.impl.WebElementSource.checkCondition(WebElementSource.java:44)
	... 39 more
]]>
    </error>
  </testcase> <!-- P8_addTime -->
  <testcase name="K1_editPatterns" time="0.000" classname="com.yeastar.swebtest.testcase.DetailCase.pbxcase.OutboundRoutes">
    <error type="com.codeborne.selenide.ex.ElementNotFound" message="Element not found {By.id: login-language-inputEl}
Expected: exist">
      <![CDATA[Element not found {By.id: login-language-inputEl}
Expected: exist
Screenshot: file:/F:/MyProject/SwebTest/pic/1539773760550.84.png
Timeout: 10 s.
Caused by: NoSuchElementException: no such element: Unable to locate element: {"method":"id","selector":"login-language-inputEl"}
	at com.codeborne.selenide.impl.WebElementSource.createElementNotFoundError(WebElementSource.java:31)
	at com.codeborne.selenide.impl.ElementFinder.createElementNotFoundError(ElementFinder.java:82)
	at com.codeborne.selenide.impl.WebElementSource.checkCondition(WebElementSource.java:59)
	at com.codeborne.selenide.commands.Should.should(Should.java:35)
	at com.codeborne.selenide.commands.Should.execute(Should.java:29)
	at com.codeborne.selenide.commands.Should.execute(Should.java:12)
	at com.codeborne.selenide.commands.Commands.execute(Commands.java:140)
	at com.codeborne.selenide.impl.SelenideElementProxy.dispatchAndRetry(SelenideElementProxy.java:86)
	at com.codeborne.selenide.impl.SelenideElementProxy.invoke(SelenideElementProxy.java:62)
	at com.sun.proxy.$Proxy6.should(Unknown Source)
	at com.yeastar.swebtest.driver.SwebDriver.click(SwebDriver.java:206)
	at com.yeastar.swebtest.driver.SwebDriver.select(SwebDriver.java:197)
	at com.yeastar.swebtest.driver.SwebDriver.login(SwebDriver.java:151)
	at com.yeastar.swebtest.driver.SwebDriver.login(SwebDriver.java:139)
	at com.yeastar.swebtest.testcase.DetailCase.pbxcase.PINList.BeforeClass(PINList.java:25)
	at sun.reflect.NativeMethodAccessorImpl.invoke0(Native Method)
	at sun.reflect.NativeMethodAccessorImpl.invoke(NativeMethodAccessorImpl.java:62)
	at sun.reflect.DelegatingMethodAccessorImpl.invoke(DelegatingMethodAccessorImpl.java:43)
	at java.lang.reflect.Method.invoke(Method.java:498)
	at org.testng.internal.MethodInvocationHelper.invokeMethod(MethodInvocationHelper.java:85)
	at org.testng.internal.Invoker.invokeConfigurationMethod(Invoker.java:510)
	at org.testng.internal.Invoker.invokeConfigurations(Invoker.java:211)
	at org.testng.internal.Invoker.invokeConfigurations(Invoker.java:138)
	at org.testng.internal.TestMethodWorker.invokeBeforeClassMethods(TestMethodWorker.java:170)
	at org.testng.internal.TestMethodWorker.run(TestMethodWorker.java:104)
	at org.testng.TestRunner.privateRun(TestRunner.java:774)
	at org.testng.TestRunner.run(TestRunner.java:624)
	at org.testng.SuiteRunner.runTest(SuiteRunner.java:359)
	at org.testng.SuiteRunner.runSequentially(SuiteRunner.java:354)
	at org.testng.SuiteRunner.privateRun(SuiteRunner.java:312)
	at org.testng.SuiteRunner.run(SuiteRunner.java:261)
	at org.testng.SuiteRunnerWorker.runSuite(SuiteRunnerWorker.java:52)
	at org.testng.SuiteRunnerWorker.run(SuiteRunnerWorker.java:86)
	at org.testng.TestNG.runSuitesSequentially(TestNG.java:1215)
	at org.testng.TestNG.runSuitesLocally(TestNG.java:1140)
	at org.testng.TestNG.run(TestNG.java:1048)
	at org.apache.maven.surefire.testng.TestNGExecutor.run(TestNGExecutor.java:293)
	at org.apache.maven.surefire.testng.TestNGXmlTestSuite.execute(TestNGXmlTestSuite.java:84)
	at org.apache.maven.surefire.testng.TestNGProvider.invoke(TestNGProvider.java:91)
	at org.apache.maven.surefire.booter.ForkedBooter.invokeProviderInSameClassLoader(ForkedBooter.java:200)
	at org.apache.maven.surefire.booter.ForkedBooter.runSuitesInProcess(ForkedBooter.java:153)
	at org.apache.maven.surefire.booter.ForkedBooter.main(ForkedBooter.java:103)
Caused by: org.openqa.selenium.NoSuchElementException: no such element: Unable to locate element: {"method":"id","selector":"login-language-inputEl"}
  (Session info: chrome=69.0.3497.100)
  (Driver info: chromedriver=2.42.591088 (7b2b2dca23cca0862f674758c9a3933e685c27d5),platform=Windows NT 6.1.7601 SP1 x86_64) (WARNING: The server did not provide any stacktrace information)
Command duration or timeout: 11 milliseconds
For documentation on this error, please visit: http://seleniumhq.org/exceptions/no_such_element.html
Build info: version: '2.53.1', revision: 'a36b8b1cd5757287168e54b817830adce9b0158d', time: '2016-06-30 19:26:09'
System info: host: 'Yeastar-PC', ip: '192.168.11.194', os.name: 'Windows 7', os.arch: 'x86', os.version: '6.1', java.version: '1.8.0_121'
Driver info: org.openqa.selenium.chrome.ChromeDriver
Capabilities [{mobileEmulationEnabled=false, hasTouchScreen=false, platform=XP, acceptSslCerts=false, goog:chromeOptions={debuggerAddress=localhost:23747}, acceptInsecureCerts=false, webStorageEnabled=true, browserName=chrome, takesScreenshot=true, javascriptEnabled=true, setWindowRect=true, unexpectedAlertBehaviour=, applicationCacheEnabled=false, rotatable=false, networkConnectionEnabled=false, chrome={chromedriverVersion=2.42.591088 (7b2b2dca23cca0862f674758c9a3933e685c27d5), userDataDir=C:\Users\Yeastar\AppData\Local\Temp\scoped_dir3852_3820}, takesHeapSnapshot=true, pageLoadStrategy=normal, databaseEnabled=false, handlesAlerts=true, version=69.0.3497.100, browserConnectionEnabled=false, nativeEvents=true, locationContextEnabled=true, cssSelectorsEnabled=true}]
Session ID: d3be694128271583ac260e31a4722891
*** Element info: {Using=id, value=login-language-inputEl}
	at sun.reflect.GeneratedConstructorAccessor26.newInstance(Unknown Source)
	at sun.reflect.DelegatingConstructorAccessorImpl.newInstance(DelegatingConstructorAccessorImpl.java:45)
	at java.lang.reflect.Constructor.newInstance(Constructor.java:423)
	at org.openqa.selenium.remote.ErrorHandler.createThrowable(ErrorHandler.java:206)
	at org.openqa.selenium.remote.ErrorHandler.throwIfResponseFailed(ErrorHandler.java:158)
	at org.openqa.selenium.remote.RemoteWebDriver.execute(RemoteWebDriver.java:678)
	at org.openqa.selenium.remote.RemoteWebDriver.findElement(RemoteWebDriver.java:363)
	at org.openqa.selenium.remote.RemoteWebDriver.findElementById(RemoteWebDriver.java:413)
	at org.openqa.selenium.By$ById.findElement(By.java:218)
	at org.openqa.selenium.remote.RemoteWebDriver.findElement(RemoteWebDriver.java:355)
	at com.codeborne.selenide.impl.WebElementSelector.findElement(WebElementSelector.java:28)
	at com.codeborne.selenide.impl.ElementFinder.getWebElement(ElementFinder.java:56)
	at com.codeborne.selenide.impl.WebElementSource.checkCondition(WebElementSource.java:44)
	... 39 more
]]>
    </error>
  </testcase> <!-- K1_editPatterns -->
  <testcase name="P6_deleteAll_yes" time="0.000" classname="com.yeastar.swebtest.testcase.DetailCase.pbxcase.OutboundRoutes">
    <error type="com.codeborne.selenide.ex.ElementNotFound" message="Element not found {By.id: login-language-inputEl}
Expected: exist">
      <![CDATA[Element not found {By.id: login-language-inputEl}
Expected: exist
Screenshot: file:/F:/MyProject/SwebTest/pic/1539773760550.84.png
Timeout: 10 s.
Caused by: NoSuchElementException: no such element: Unable to locate element: {"method":"id","selector":"login-language-inputEl"}
	at com.codeborne.selenide.impl.WebElementSource.createElementNotFoundError(WebElementSource.java:31)
	at com.codeborne.selenide.impl.ElementFinder.createElementNotFoundError(ElementFinder.java:82)
	at com.codeborne.selenide.impl.WebElementSource.checkCondition(WebElementSource.java:59)
	at com.codeborne.selenide.commands.Should.should(Should.java:35)
	at com.codeborne.selenide.commands.Should.execute(Should.java:29)
	at com.codeborne.selenide.commands.Should.execute(Should.java:12)
	at com.codeborne.selenide.commands.Commands.execute(Commands.java:140)
	at com.codeborne.selenide.impl.SelenideElementProxy.dispatchAndRetry(SelenideElementProxy.java:86)
	at com.codeborne.selenide.impl.SelenideElementProxy.invoke(SelenideElementProxy.java:62)
	at com.sun.proxy.$Proxy6.should(Unknown Source)
	at com.yeastar.swebtest.driver.SwebDriver.click(SwebDriver.java:206)
	at com.yeastar.swebtest.driver.SwebDriver.select(SwebDriver.java:197)
	at com.yeastar.swebtest.driver.SwebDriver.login(SwebDriver.java:151)
	at com.yeastar.swebtest.driver.SwebDriver.login(SwebDriver.java:139)
	at com.yeastar.swebtest.testcase.DetailCase.pbxcase.PINList.BeforeClass(PINList.java:25)
	at sun.reflect.NativeMethodAccessorImpl.invoke0(Native Method)
	at sun.reflect.NativeMethodAccessorImpl.invoke(NativeMethodAccessorImpl.java:62)
	at sun.reflect.DelegatingMethodAccessorImpl.invoke(DelegatingMethodAccessorImpl.java:43)
	at java.lang.reflect.Method.invoke(Method.java:498)
	at org.testng.internal.MethodInvocationHelper.invokeMethod(MethodInvocationHelper.java:85)
	at org.testng.internal.Invoker.invokeConfigurationMethod(Invoker.java:510)
	at org.testng.internal.Invoker.invokeConfigurations(Invoker.java:211)
	at org.testng.internal.Invoker.invokeConfigurations(Invoker.java:138)
	at org.testng.internal.TestMethodWorker.invokeBeforeClassMethods(TestMethodWorker.java:170)
	at org.testng.internal.TestMethodWorker.run(TestMethodWorker.java:104)
	at org.testng.TestRunner.privateRun(TestRunner.java:774)
	at org.testng.TestRunner.run(TestRunner.java:624)
	at org.testng.SuiteRunner.runTest(SuiteRunner.java:359)
	at org.testng.SuiteRunner.runSequentially(SuiteRunner.java:354)
	at org.testng.SuiteRunner.privateRun(SuiteRunner.java:312)
	at org.testng.SuiteRunner.run(SuiteRunner.java:261)
	at org.testng.SuiteRunnerWorker.runSuite(SuiteRunnerWorker.java:52)
	at org.testng.SuiteRunnerWorker.run(SuiteRunnerWorker.java:86)
	at org.testng.TestNG.runSuitesSequentially(TestNG.java:1215)
	at org.testng.TestNG.runSuitesLocally(TestNG.java:1140)
	at org.testng.TestNG.run(TestNG.java:1048)
	at org.apache.maven.surefire.testng.TestNGExecutor.run(TestNGExecutor.java:293)
	at org.apache.maven.surefire.testng.TestNGXmlTestSuite.execute(TestNGXmlTestSuite.java:84)
	at org.apache.maven.surefire.testng.TestNGProvider.invoke(TestNGProvider.java:91)
	at org.apache.maven.surefire.booter.ForkedBooter.invokeProviderInSameClassLoader(ForkedBooter.java:200)
	at org.apache.maven.surefire.booter.ForkedBooter.runSuitesInProcess(ForkedBooter.java:153)
	at org.apache.maven.surefire.booter.ForkedBooter.main(ForkedBooter.java:103)
Caused by: org.openqa.selenium.NoSuchElementException: no such element: Unable to locate element: {"method":"id","selector":"login-language-inputEl"}
  (Session info: chrome=69.0.3497.100)
  (Driver info: chromedriver=2.42.591088 (7b2b2dca23cca0862f674758c9a3933e685c27d5),platform=Windows NT 6.1.7601 SP1 x86_64) (WARNING: The server did not provide any stacktrace information)
Command duration or timeout: 11 milliseconds
For documentation on this error, please visit: http://seleniumhq.org/exceptions/no_such_element.html
Build info: version: '2.53.1', revision: 'a36b8b1cd5757287168e54b817830adce9b0158d', time: '2016-06-30 19:26:09'
System info: host: 'Yeastar-PC', ip: '192.168.11.194', os.name: 'Windows 7', os.arch: 'x86', os.version: '6.1', java.version: '1.8.0_121'
Driver info: org.openqa.selenium.chrome.ChromeDriver
Capabilities [{mobileEmulationEnabled=false, hasTouchScreen=false, platform=XP, acceptSslCerts=false, goog:chromeOptions={debuggerAddress=localhost:23747}, acceptInsecureCerts=false, webStorageEnabled=true, browserName=chrome, takesScreenshot=true, javascriptEnabled=true, setWindowRect=true, unexpectedAlertBehaviour=, applicationCacheEnabled=false, rotatable=false, networkConnectionEnabled=false, chrome={chromedriverVersion=2.42.591088 (7b2b2dca23cca0862f674758c9a3933e685c27d5), userDataDir=C:\Users\Yeastar\AppData\Local\Temp\scoped_dir3852_3820}, takesHeapSnapshot=true, pageLoadStrategy=normal, databaseEnabled=false, handlesAlerts=true, version=69.0.3497.100, browserConnectionEnabled=false, nativeEvents=true, locationContextEnabled=true, cssSelectorsEnabled=true}]
Session ID: d3be694128271583ac260e31a4722891
*** Element info: {Using=id, value=login-language-inputEl}
	at sun.reflect.GeneratedConstructorAccessor26.newInstance(Unknown Source)
	at sun.reflect.DelegatingConstructorAccessorImpl.newInstance(DelegatingConstructorAccessorImpl.java:45)
	at java.lang.reflect.Constructor.newInstance(Constructor.java:423)
	at org.openqa.selenium.remote.ErrorHandler.createThrowable(ErrorHandler.java:206)
	at org.openqa.selenium.remote.ErrorHandler.throwIfResponseFailed(ErrorHandler.java:158)
	at org.openqa.selenium.remote.RemoteWebDriver.execute(RemoteWebDriver.java:678)
	at org.openqa.selenium.remote.RemoteWebDriver.findElement(RemoteWebDriver.java:363)
	at org.openqa.selenium.remote.RemoteWebDriver.findElementById(RemoteWebDriver.java:413)
	at org.openqa.selenium.By$ById.findElement(By.java:218)
	at org.openqa.selenium.remote.RemoteWebDriver.findElement(RemoteWebDriver.java:355)
	at com.codeborne.selenide.impl.WebElementSelector.findElement(WebElementSelector.java:28)
	at com.codeborne.selenide.impl.ElementFinder.getWebElement(ElementFinder.java:56)
	at com.codeborne.selenide.impl.WebElementSource.checkCondition(WebElementSource.java:44)
	... 39 more
]]>
    </error>
  </testcase> <!-- P6_deleteAll_yes -->
</testsuite> <!-- com.yeastar.swebtest.testcase.DetailCase.pbxcase.OutboundRoutes -->
