<?xml version="1.0" encoding="UTF-8"?>
<!-- Generated by org.testng.reporters.JUnitReportReporter -->
<testsuite hostname="Yeastar-PC" name="com.yeastar.swebtest.testcase.DetailCase.pbxcase.EmergencyNumber" tests="53" failures="0" timestamp="17 Oct 2018 10:58:36 GMT" time="0.002" errors="53">
  <testcase name="F2_eventCenter6" time="0.000" classname="com.yeastar.swebtest.testcase.DetailCase.pbxcase.EmergencyNumber">
    <error type="com.codeborne.selenide.ex.ElementNotFound" message="Element not found {By.id: login-language-inputEl}
Expected: exist">
      <![CDATA[Element not found {By.id: login-language-inputEl}
Expected: exist
Screenshot: file:/F:/MyProject/SwebTest/pic/1539773760550.84.png
Timeout: 10 s.
Caused by: NoSuchElementException: no such element: Unable to locate element: {"method":"id","selector":"login-language-inputEl"}
	at com.codeborne.selenide.impl.WebElementSource.createElementNotFoundError(WebElementSource.java:31)
	at com.codeborne.selenide.impl.ElementFinder.createElementNotFoundError(ElementFinder.java:82)
	at com.codeborne.selenide.impl.WebElementSource.checkCondition(WebElementSource.java:59)
	at com.codeborne.selenide.commands.Should.should(Should.java:35)
	at com.codeborne.selenide.commands.Should.execute(Should.java:29)
	at com.codeborne.selenide.commands.Should.execute(Should.java:12)
	at com.codeborne.selenide.commands.Commands.execute(Commands.java:140)
	at com.codeborne.selenide.impl.SelenideElementProxy.dispatchAndRetry(SelenideElementProxy.java:86)
	at com.codeborne.selenide.impl.SelenideElementProxy.invoke(SelenideElementProxy.java:62)
	at com.sun.proxy.$Proxy6.should(Unknown Source)
	at com.yeastar.swebtest.driver.SwebDriver.click(SwebDriver.java:206)
	at com.yeastar.swebtest.driver.SwebDriver.select(SwebDriver.java:197)
	at com.yeastar.swebtest.driver.SwebDriver.login(SwebDriver.java:151)
	at com.yeastar.swebtest.driver.SwebDriver.login(SwebDriver.java:139)
	at com.yeastar.swebtest.testcase.DetailCase.pbxcase.PINList.BeforeClass(PINList.java:25)
	at sun.reflect.NativeMethodAccessorImpl.invoke0(Native Method)
	at sun.reflect.NativeMethodAccessorImpl.invoke(NativeMethodAccessorImpl.java:62)
	at sun.reflect.DelegatingMethodAccessorImpl.invoke(DelegatingMethodAccessorImpl.java:43)
	at java.lang.reflect.Method.invoke(Method.java:498)
	at org.testng.internal.MethodInvocationHelper.invokeMethod(MethodInvocationHelper.java:85)
	at org.testng.internal.Invoker.invokeConfigurationMethod(Invoker.java:510)
	at org.testng.internal.Invoker.invokeConfigurations(Invoker.java:211)
	at org.testng.internal.Invoker.invokeConfigurations(Invoker.java:138)
	at org.testng.internal.TestMethodWorker.invokeBeforeClassMethods(TestMethodWorker.java:170)
	at org.testng.internal.TestMethodWorker.run(TestMethodWorker.java:104)
	at org.testng.TestRunner.privateRun(TestRunner.java:774)
	at org.testng.TestRunner.run(TestRunner.java:624)
	at org.testng.SuiteRunner.runTest(SuiteRunner.java:359)
	at org.testng.SuiteRunner.runSequentially(SuiteRunner.java:354)
	at org.testng.SuiteRunner.privateRun(SuiteRunner.java:312)
	at org.testng.SuiteRunner.run(SuiteRunner.java:261)
	at org.testng.SuiteRunnerWorker.runSuite(SuiteRunnerWorker.java:52)
	at org.testng.SuiteRunnerWorker.run(SuiteRunnerWorker.java:86)
	at org.testng.TestNG.runSuitesSequentially(TestNG.java:1215)
	at org.testng.TestNG.runSuitesLocally(TestNG.java:1140)
	at org.testng.TestNG.run(TestNG.java:1048)
	at org.apache.maven.surefire.testng.TestNGExecutor.run(TestNGExecutor.java:293)
	at org.apache.maven.surefire.testng.TestNGXmlTestSuite.execute(TestNGXmlTestSuite.java:84)
	at org.apache.maven.surefire.testng.TestNGProvider.invoke(TestNGProvider.java:91)
	at org.apache.maven.surefire.booter.ForkedBooter.invokeProviderInSameClassLoader(ForkedBooter.java:200)
	at org.apache.maven.surefire.booter.ForkedBooter.runSuitesInProcess(ForkedBooter.java:153)
	at org.apache.maven.surefire.booter.ForkedBooter.main(ForkedBooter.java:103)
Caused by: org.openqa.selenium.NoSuchElementException: no such element: Unable to locate element: {"method":"id","selector":"login-language-inputEl"}
  (Session info: chrome=69.0.3497.100)
  (Driver info: chromedriver=2.42.591088 (7b2b2dca23cca0862f674758c9a3933e685c27d5),platform=Windows NT 6.1.7601 SP1 x86_64) (WARNING: The server did not provide any stacktrace information)
Command duration or timeout: 11 milliseconds
For documentation on this error, please visit: http://seleniumhq.org/exceptions/no_such_element.html
Build info: version: '2.53.1', revision: 'a36b8b1cd5757287168e54b817830adce9b0158d', time: '2016-06-30 19:26:09'
System info: host: 'Yeastar-PC', ip: '192.168.11.194', os.name: 'Windows 7', os.arch: 'x86', os.version: '6.1', java.version: '1.8.0_121'
Driver info: org.openqa.selenium.chrome.ChromeDriver
Capabilities [{mobileEmulationEnabled=false, hasTouchScreen=false, platform=XP, acceptSslCerts=false, goog:chromeOptions={debuggerAddress=localhost:23747}, acceptInsecureCerts=false, webStorageEnabled=true, browserName=chrome, takesScreenshot=true, javascriptEnabled=true, setWindowRect=true, unexpectedAlertBehaviour=, applicationCacheEnabled=false, rotatable=false, networkConnectionEnabled=false, chrome={chromedriverVersion=2.42.591088 (7b2b2dca23cca0862f674758c9a3933e685c27d5), userDataDir=C:\Users\Yeastar\AppData\Local\Temp\scoped_dir3852_3820}, takesHeapSnapshot=true, pageLoadStrategy=normal, databaseEnabled=false, handlesAlerts=true, version=69.0.3497.100, browserConnectionEnabled=false, nativeEvents=true, locationContextEnabled=true, cssSelectorsEnabled=true}]
Session ID: d3be694128271583ac260e31a4722891
*** Element info: {Using=id, value=login-language-inputEl}
	at sun.reflect.GeneratedConstructorAccessor26.newInstance(Unknown Source)
	at sun.reflect.DelegatingConstructorAccessorImpl.newInstance(DelegatingConstructorAccessorImpl.java:45)
	at java.lang.reflect.Constructor.newInstance(Constructor.java:423)
	at org.openqa.selenium.remote.ErrorHandler.createThrowable(ErrorHandler.java:206)
	at org.openqa.selenium.remote.ErrorHandler.throwIfResponseFailed(ErrorHandler.java:158)
	at org.openqa.selenium.remote.RemoteWebDriver.execute(RemoteWebDriver.java:678)
	at org.openqa.selenium.remote.RemoteWebDriver.findElement(RemoteWebDriver.java:363)
	at org.openqa.selenium.remote.RemoteWebDriver.findElementById(RemoteWebDriver.java:413)
	at org.openqa.selenium.By$ById.findElement(By.java:218)
	at org.openqa.selenium.remote.RemoteWebDriver.findElement(RemoteWebDriver.java:355)
	at com.codeborne.selenide.impl.WebElementSelector.findElement(WebElementSelector.java:28)
	at com.codeborne.selenide.impl.ElementFinder.getWebElement(ElementFinder.java:56)
	at com.codeborne.selenide.impl.WebElementSource.checkCondition(WebElementSource.java:44)
	... 39 more
]]>
    </error>
  </testcase> <!-- F2_eventCenter6 -->
  <testcase name="A3_addUnavailTrunk" time="0.001" classname="com.yeastar.swebtest.testcase.DetailCase.pbxcase.EmergencyNumber">
    <error type="com.codeborne.selenide.ex.ElementNotFound" message="Element not found {By.id: login-language-inputEl}
Expected: exist">
      <![CDATA[Element not found {By.id: login-language-inputEl}
Expected: exist
Screenshot: file:/F:/MyProject/SwebTest/pic/1539773760550.84.png
Timeout: 10 s.
Caused by: NoSuchElementException: no such element: Unable to locate element: {"method":"id","selector":"login-language-inputEl"}
	at com.codeborne.selenide.impl.WebElementSource.createElementNotFoundError(WebElementSource.java:31)
	at com.codeborne.selenide.impl.ElementFinder.createElementNotFoundError(ElementFinder.java:82)
	at com.codeborne.selenide.impl.WebElementSource.checkCondition(WebElementSource.java:59)
	at com.codeborne.selenide.commands.Should.should(Should.java:35)
	at com.codeborne.selenide.commands.Should.execute(Should.java:29)
	at com.codeborne.selenide.commands.Should.execute(Should.java:12)
	at com.codeborne.selenide.commands.Commands.execute(Commands.java:140)
	at com.codeborne.selenide.impl.SelenideElementProxy.dispatchAndRetry(SelenideElementProxy.java:86)
	at com.codeborne.selenide.impl.SelenideElementProxy.invoke(SelenideElementProxy.java:62)
	at com.sun.proxy.$Proxy6.should(Unknown Source)
	at com.yeastar.swebtest.driver.SwebDriver.click(SwebDriver.java:206)
	at com.yeastar.swebtest.driver.SwebDriver.select(SwebDriver.java:197)
	at com.yeastar.swebtest.driver.SwebDriver.login(SwebDriver.java:151)
	at com.yeastar.swebtest.driver.SwebDriver.login(SwebDriver.java:139)
	at com.yeastar.swebtest.testcase.DetailCase.pbxcase.PINList.BeforeClass(PINList.java:25)
	at sun.reflect.NativeMethodAccessorImpl.invoke0(Native Method)
	at sun.reflect.NativeMethodAccessorImpl.invoke(NativeMethodAccessorImpl.java:62)
	at sun.reflect.DelegatingMethodAccessorImpl.invoke(DelegatingMethodAccessorImpl.java:43)
	at java.lang.reflect.Method.invoke(Method.java:498)
	at org.testng.internal.MethodInvocationHelper.invokeMethod(MethodInvocationHelper.java:85)
	at org.testng.internal.Invoker.invokeConfigurationMethod(Invoker.java:510)
	at org.testng.internal.Invoker.invokeConfigurations(Invoker.java:211)
	at org.testng.internal.Invoker.invokeConfigurations(Invoker.java:138)
	at org.testng.internal.TestMethodWorker.invokeBeforeClassMethods(TestMethodWorker.java:170)
	at org.testng.internal.TestMethodWorker.run(TestMethodWorker.java:104)
	at org.testng.TestRunner.privateRun(TestRunner.java:774)
	at org.testng.TestRunner.run(TestRunner.java:624)
	at org.testng.SuiteRunner.runTest(SuiteRunner.java:359)
	at org.testng.SuiteRunner.runSequentially(SuiteRunner.java:354)
	at org.testng.SuiteRunner.privateRun(SuiteRunner.java:312)
	at org.testng.SuiteRunner.run(SuiteRunner.java:261)
	at org.testng.SuiteRunnerWorker.runSuite(SuiteRunnerWorker.java:52)
	at org.testng.SuiteRunnerWorker.run(SuiteRunnerWorker.java:86)
	at org.testng.TestNG.runSuitesSequentially(TestNG.java:1215)
	at org.testng.TestNG.runSuitesLocally(TestNG.java:1140)
	at org.testng.TestNG.run(TestNG.java:1048)
	at org.apache.maven.surefire.testng.TestNGExecutor.run(TestNGExecutor.java:293)
	at org.apache.maven.surefire.testng.TestNGXmlTestSuite.execute(TestNGXmlTestSuite.java:84)
	at org.apache.maven.surefire.testng.TestNGProvider.invoke(TestNGProvider.java:91)
	at org.apache.maven.surefire.booter.ForkedBooter.invokeProviderInSameClassLoader(ForkedBooter.java:200)
	at org.apache.maven.surefire.booter.ForkedBooter.runSuitesInProcess(ForkedBooter.java:153)
	at org.apache.maven.surefire.booter.ForkedBooter.main(ForkedBooter.java:103)
Caused by: org.openqa.selenium.NoSuchElementException: no such element: Unable to locate element: {"method":"id","selector":"login-language-inputEl"}
  (Session info: chrome=69.0.3497.100)
  (Driver info: chromedriver=2.42.591088 (7b2b2dca23cca0862f674758c9a3933e685c27d5),platform=Windows NT 6.1.7601 SP1 x86_64) (WARNING: The server did not provide any stacktrace information)
Command duration or timeout: 11 milliseconds
For documentation on this error, please visit: http://seleniumhq.org/exceptions/no_such_element.html
Build info: version: '2.53.1', revision: 'a36b8b1cd5757287168e54b817830adce9b0158d', time: '2016-06-30 19:26:09'
System info: host: 'Yeastar-PC', ip: '192.168.11.194', os.name: 'Windows 7', os.arch: 'x86', os.version: '6.1', java.version: '1.8.0_121'
Driver info: org.openqa.selenium.chrome.ChromeDriver
Capabilities [{mobileEmulationEnabled=false, hasTouchScreen=false, platform=XP, acceptSslCerts=false, goog:chromeOptions={debuggerAddress=localhost:23747}, acceptInsecureCerts=false, webStorageEnabled=true, browserName=chrome, takesScreenshot=true, javascriptEnabled=true, setWindowRect=true, unexpectedAlertBehaviour=, applicationCacheEnabled=false, rotatable=false, networkConnectionEnabled=false, chrome={chromedriverVersion=2.42.591088 (7b2b2dca23cca0862f674758c9a3933e685c27d5), userDataDir=C:\Users\Yeastar\AppData\Local\Temp\scoped_dir3852_3820}, takesHeapSnapshot=true, pageLoadStrategy=normal, databaseEnabled=false, handlesAlerts=true, version=69.0.3497.100, browserConnectionEnabled=false, nativeEvents=true, locationContextEnabled=true, cssSelectorsEnabled=true}]
Session ID: d3be694128271583ac260e31a4722891
*** Element info: {Using=id, value=login-language-inputEl}
	at sun.reflect.GeneratedConstructorAccessor26.newInstance(Unknown Source)
	at sun.reflect.DelegatingConstructorAccessorImpl.newInstance(DelegatingConstructorAccessorImpl.java:45)
	at java.lang.reflect.Constructor.newInstance(Constructor.java:423)
	at org.openqa.selenium.remote.ErrorHandler.createThrowable(ErrorHandler.java:206)
	at org.openqa.selenium.remote.ErrorHandler.throwIfResponseFailed(ErrorHandler.java:158)
	at org.openqa.selenium.remote.RemoteWebDriver.execute(RemoteWebDriver.java:678)
	at org.openqa.selenium.remote.RemoteWebDriver.findElement(RemoteWebDriver.java:363)
	at org.openqa.selenium.remote.RemoteWebDriver.findElementById(RemoteWebDriver.java:413)
	at org.openqa.selenium.By$ById.findElement(By.java:218)
	at org.openqa.selenium.remote.RemoteWebDriver.findElement(RemoteWebDriver.java:355)
	at com.codeborne.selenide.impl.WebElementSelector.findElement(WebElementSelector.java:28)
	at com.codeborne.selenide.impl.ElementFinder.getWebElement(ElementFinder.java:56)
	at com.codeborne.selenide.impl.WebElementSource.checkCondition(WebElementSource.java:44)
	... 39 more
]]>
    </error>
  </testcase> <!-- A3_addUnavailTrunk -->
  <testcase name="A1_registerExtensions" time="0.000" classname="com.yeastar.swebtest.testcase.DetailCase.pbxcase.EmergencyNumber">
    <error type="com.codeborne.selenide.ex.ElementNotFound" message="Element not found {By.id: login-language-inputEl}
Expected: exist">
      <![CDATA[Element not found {By.id: login-language-inputEl}
Expected: exist
Screenshot: file:/F:/MyProject/SwebTest/pic/1539773760550.84.png
Timeout: 10 s.
Caused by: NoSuchElementException: no such element: Unable to locate element: {"method":"id","selector":"login-language-inputEl"}
	at com.codeborne.selenide.impl.WebElementSource.createElementNotFoundError(WebElementSource.java:31)
	at com.codeborne.selenide.impl.ElementFinder.createElementNotFoundError(ElementFinder.java:82)
	at com.codeborne.selenide.impl.WebElementSource.checkCondition(WebElementSource.java:59)
	at com.codeborne.selenide.commands.Should.should(Should.java:35)
	at com.codeborne.selenide.commands.Should.execute(Should.java:29)
	at com.codeborne.selenide.commands.Should.execute(Should.java:12)
	at com.codeborne.selenide.commands.Commands.execute(Commands.java:140)
	at com.codeborne.selenide.impl.SelenideElementProxy.dispatchAndRetry(SelenideElementProxy.java:86)
	at com.codeborne.selenide.impl.SelenideElementProxy.invoke(SelenideElementProxy.java:62)
	at com.sun.proxy.$Proxy6.should(Unknown Source)
	at com.yeastar.swebtest.driver.SwebDriver.click(SwebDriver.java:206)
	at com.yeastar.swebtest.driver.SwebDriver.select(SwebDriver.java:197)
	at com.yeastar.swebtest.driver.SwebDriver.login(SwebDriver.java:151)
	at com.yeastar.swebtest.driver.SwebDriver.login(SwebDriver.java:139)
	at com.yeastar.swebtest.testcase.DetailCase.pbxcase.PINList.BeforeClass(PINList.java:25)
	at sun.reflect.NativeMethodAccessorImpl.invoke0(Native Method)
	at sun.reflect.NativeMethodAccessorImpl.invoke(NativeMethodAccessorImpl.java:62)
	at sun.reflect.DelegatingMethodAccessorImpl.invoke(DelegatingMethodAccessorImpl.java:43)
	at java.lang.reflect.Method.invoke(Method.java:498)
	at org.testng.internal.MethodInvocationHelper.invokeMethod(MethodInvocationHelper.java:85)
	at org.testng.internal.Invoker.invokeConfigurationMethod(Invoker.java:510)
	at org.testng.internal.Invoker.invokeConfigurations(Invoker.java:211)
	at org.testng.internal.Invoker.invokeConfigurations(Invoker.java:138)
	at org.testng.internal.TestMethodWorker.invokeBeforeClassMethods(TestMethodWorker.java:170)
	at org.testng.internal.TestMethodWorker.run(TestMethodWorker.java:104)
	at org.testng.TestRunner.privateRun(TestRunner.java:774)
	at org.testng.TestRunner.run(TestRunner.java:624)
	at org.testng.SuiteRunner.runTest(SuiteRunner.java:359)
	at org.testng.SuiteRunner.runSequentially(SuiteRunner.java:354)
	at org.testng.SuiteRunner.privateRun(SuiteRunner.java:312)
	at org.testng.SuiteRunner.run(SuiteRunner.java:261)
	at org.testng.SuiteRunnerWorker.runSuite(SuiteRunnerWorker.java:52)
	at org.testng.SuiteRunnerWorker.run(SuiteRunnerWorker.java:86)
	at org.testng.TestNG.runSuitesSequentially(TestNG.java:1215)
	at org.testng.TestNG.runSuitesLocally(TestNG.java:1140)
	at org.testng.TestNG.run(TestNG.java:1048)
	at org.apache.maven.surefire.testng.TestNGExecutor.run(TestNGExecutor.java:293)
	at org.apache.maven.surefire.testng.TestNGXmlTestSuite.execute(TestNGXmlTestSuite.java:84)
	at org.apache.maven.surefire.testng.TestNGProvider.invoke(TestNGProvider.java:91)
	at org.apache.maven.surefire.booter.ForkedBooter.invokeProviderInSameClassLoader(ForkedBooter.java:200)
	at org.apache.maven.surefire.booter.ForkedBooter.runSuitesInProcess(ForkedBooter.java:153)
	at org.apache.maven.surefire.booter.ForkedBooter.main(ForkedBooter.java:103)
Caused by: org.openqa.selenium.NoSuchElementException: no such element: Unable to locate element: {"method":"id","selector":"login-language-inputEl"}
  (Session info: chrome=69.0.3497.100)
  (Driver info: chromedriver=2.42.591088 (7b2b2dca23cca0862f674758c9a3933e685c27d5),platform=Windows NT 6.1.7601 SP1 x86_64) (WARNING: The server did not provide any stacktrace information)
Command duration or timeout: 11 milliseconds
For documentation on this error, please visit: http://seleniumhq.org/exceptions/no_such_element.html
Build info: version: '2.53.1', revision: 'a36b8b1cd5757287168e54b817830adce9b0158d', time: '2016-06-30 19:26:09'
System info: host: 'Yeastar-PC', ip: '192.168.11.194', os.name: 'Windows 7', os.arch: 'x86', os.version: '6.1', java.version: '1.8.0_121'
Driver info: org.openqa.selenium.chrome.ChromeDriver
Capabilities [{mobileEmulationEnabled=false, hasTouchScreen=false, platform=XP, acceptSslCerts=false, goog:chromeOptions={debuggerAddress=localhost:23747}, acceptInsecureCerts=false, webStorageEnabled=true, browserName=chrome, takesScreenshot=true, javascriptEnabled=true, setWindowRect=true, unexpectedAlertBehaviour=, applicationCacheEnabled=false, rotatable=false, networkConnectionEnabled=false, chrome={chromedriverVersion=2.42.591088 (7b2b2dca23cca0862f674758c9a3933e685c27d5), userDataDir=C:\Users\Yeastar\AppData\Local\Temp\scoped_dir3852_3820}, takesHeapSnapshot=true, pageLoadStrategy=normal, databaseEnabled=false, handlesAlerts=true, version=69.0.3497.100, browserConnectionEnabled=false, nativeEvents=true, locationContextEnabled=true, cssSelectorsEnabled=true}]
Session ID: d3be694128271583ac260e31a4722891
*** Element info: {Using=id, value=login-language-inputEl}
	at sun.reflect.GeneratedConstructorAccessor26.newInstance(Unknown Source)
	at sun.reflect.DelegatingConstructorAccessorImpl.newInstance(DelegatingConstructorAccessorImpl.java:45)
	at java.lang.reflect.Constructor.newInstance(Constructor.java:423)
	at org.openqa.selenium.remote.ErrorHandler.createThrowable(ErrorHandler.java:206)
	at org.openqa.selenium.remote.ErrorHandler.throwIfResponseFailed(ErrorHandler.java:158)
	at org.openqa.selenium.remote.RemoteWebDriver.execute(RemoteWebDriver.java:678)
	at org.openqa.selenium.remote.RemoteWebDriver.findElement(RemoteWebDriver.java:363)
	at org.openqa.selenium.remote.RemoteWebDriver.findElementById(RemoteWebDriver.java:413)
	at org.openqa.selenium.By$ById.findElement(By.java:218)
	at org.openqa.selenium.remote.RemoteWebDriver.findElement(RemoteWebDriver.java:355)
	at com.codeborne.selenide.impl.WebElementSelector.findElement(WebElementSelector.java:28)
	at com.codeborne.selenide.impl.ElementFinder.getWebElement(ElementFinder.java:56)
	at com.codeborne.selenide.impl.WebElementSource.checkCondition(WebElementSource.java:44)
	... 39 more
]]>
    </error>
  </testcase> <!-- A1_registerExtensions -->
  <testcase name="D6_check_e1" time="0.000" classname="com.yeastar.swebtest.testcase.DetailCase.pbxcase.EmergencyNumber">
    <error type="com.codeborne.selenide.ex.ElementNotFound" message="Element not found {By.id: login-language-inputEl}
Expected: exist">
      <![CDATA[Element not found {By.id: login-language-inputEl}
Expected: exist
Screenshot: file:/F:/MyProject/SwebTest/pic/1539773760550.84.png
Timeout: 10 s.
Caused by: NoSuchElementException: no such element: Unable to locate element: {"method":"id","selector":"login-language-inputEl"}
	at com.codeborne.selenide.impl.WebElementSource.createElementNotFoundError(WebElementSource.java:31)
	at com.codeborne.selenide.impl.ElementFinder.createElementNotFoundError(ElementFinder.java:82)
	at com.codeborne.selenide.impl.WebElementSource.checkCondition(WebElementSource.java:59)
	at com.codeborne.selenide.commands.Should.should(Should.java:35)
	at com.codeborne.selenide.commands.Should.execute(Should.java:29)
	at com.codeborne.selenide.commands.Should.execute(Should.java:12)
	at com.codeborne.selenide.commands.Commands.execute(Commands.java:140)
	at com.codeborne.selenide.impl.SelenideElementProxy.dispatchAndRetry(SelenideElementProxy.java:86)
	at com.codeborne.selenide.impl.SelenideElementProxy.invoke(SelenideElementProxy.java:62)
	at com.sun.proxy.$Proxy6.should(Unknown Source)
	at com.yeastar.swebtest.driver.SwebDriver.click(SwebDriver.java:206)
	at com.yeastar.swebtest.driver.SwebDriver.select(SwebDriver.java:197)
	at com.yeastar.swebtest.driver.SwebDriver.login(SwebDriver.java:151)
	at com.yeastar.swebtest.driver.SwebDriver.login(SwebDriver.java:139)
	at com.yeastar.swebtest.testcase.DetailCase.pbxcase.PINList.BeforeClass(PINList.java:25)
	at sun.reflect.NativeMethodAccessorImpl.invoke0(Native Method)
	at sun.reflect.NativeMethodAccessorImpl.invoke(NativeMethodAccessorImpl.java:62)
	at sun.reflect.DelegatingMethodAccessorImpl.invoke(DelegatingMethodAccessorImpl.java:43)
	at java.lang.reflect.Method.invoke(Method.java:498)
	at org.testng.internal.MethodInvocationHelper.invokeMethod(MethodInvocationHelper.java:85)
	at org.testng.internal.Invoker.invokeConfigurationMethod(Invoker.java:510)
	at org.testng.internal.Invoker.invokeConfigurations(Invoker.java:211)
	at org.testng.internal.Invoker.invokeConfigurations(Invoker.java:138)
	at org.testng.internal.TestMethodWorker.invokeBeforeClassMethods(TestMethodWorker.java:170)
	at org.testng.internal.TestMethodWorker.run(TestMethodWorker.java:104)
	at org.testng.TestRunner.privateRun(TestRunner.java:774)
	at org.testng.TestRunner.run(TestRunner.java:624)
	at org.testng.SuiteRunner.runTest(SuiteRunner.java:359)
	at org.testng.SuiteRunner.runSequentially(SuiteRunner.java:354)
	at org.testng.SuiteRunner.privateRun(SuiteRunner.java:312)
	at org.testng.SuiteRunner.run(SuiteRunner.java:261)
	at org.testng.SuiteRunnerWorker.runSuite(SuiteRunnerWorker.java:52)
	at org.testng.SuiteRunnerWorker.run(SuiteRunnerWorker.java:86)
	at org.testng.TestNG.runSuitesSequentially(TestNG.java:1215)
	at org.testng.TestNG.runSuitesLocally(TestNG.java:1140)
	at org.testng.TestNG.run(TestNG.java:1048)
	at org.apache.maven.surefire.testng.TestNGExecutor.run(TestNGExecutor.java:293)
	at org.apache.maven.surefire.testng.TestNGXmlTestSuite.execute(TestNGXmlTestSuite.java:84)
	at org.apache.maven.surefire.testng.TestNGProvider.invoke(TestNGProvider.java:91)
	at org.apache.maven.surefire.booter.ForkedBooter.invokeProviderInSameClassLoader(ForkedBooter.java:200)
	at org.apache.maven.surefire.booter.ForkedBooter.runSuitesInProcess(ForkedBooter.java:153)
	at org.apache.maven.surefire.booter.ForkedBooter.main(ForkedBooter.java:103)
Caused by: org.openqa.selenium.NoSuchElementException: no such element: Unable to locate element: {"method":"id","selector":"login-language-inputEl"}
  (Session info: chrome=69.0.3497.100)
  (Driver info: chromedriver=2.42.591088 (7b2b2dca23cca0862f674758c9a3933e685c27d5),platform=Windows NT 6.1.7601 SP1 x86_64) (WARNING: The server did not provide any stacktrace information)
Command duration or timeout: 11 milliseconds
For documentation on this error, please visit: http://seleniumhq.org/exceptions/no_such_element.html
Build info: version: '2.53.1', revision: 'a36b8b1cd5757287168e54b817830adce9b0158d', time: '2016-06-30 19:26:09'
System info: host: 'Yeastar-PC', ip: '192.168.11.194', os.name: 'Windows 7', os.arch: 'x86', os.version: '6.1', java.version: '1.8.0_121'
Driver info: org.openqa.selenium.chrome.ChromeDriver
Capabilities [{mobileEmulationEnabled=false, hasTouchScreen=false, platform=XP, acceptSslCerts=false, goog:chromeOptions={debuggerAddress=localhost:23747}, acceptInsecureCerts=false, webStorageEnabled=true, browserName=chrome, takesScreenshot=true, javascriptEnabled=true, setWindowRect=true, unexpectedAlertBehaviour=, applicationCacheEnabled=false, rotatable=false, networkConnectionEnabled=false, chrome={chromedriverVersion=2.42.591088 (7b2b2dca23cca0862f674758c9a3933e685c27d5), userDataDir=C:\Users\Yeastar\AppData\Local\Temp\scoped_dir3852_3820}, takesHeapSnapshot=true, pageLoadStrategy=normal, databaseEnabled=false, handlesAlerts=true, version=69.0.3497.100, browserConnectionEnabled=false, nativeEvents=true, locationContextEnabled=true, cssSelectorsEnabled=true}]
Session ID: d3be694128271583ac260e31a4722891
*** Element info: {Using=id, value=login-language-inputEl}
	at sun.reflect.GeneratedConstructorAccessor26.newInstance(Unknown Source)
	at sun.reflect.DelegatingConstructorAccessorImpl.newInstance(DelegatingConstructorAccessorImpl.java:45)
	at java.lang.reflect.Constructor.newInstance(Constructor.java:423)
	at org.openqa.selenium.remote.ErrorHandler.createThrowable(ErrorHandler.java:206)
	at org.openqa.selenium.remote.ErrorHandler.throwIfResponseFailed(ErrorHandler.java:158)
	at org.openqa.selenium.remote.RemoteWebDriver.execute(RemoteWebDriver.java:678)
	at org.openqa.selenium.remote.RemoteWebDriver.findElement(RemoteWebDriver.java:363)
	at org.openqa.selenium.remote.RemoteWebDriver.findElementById(RemoteWebDriver.java:413)
	at org.openqa.selenium.By$ById.findElement(By.java:218)
	at org.openqa.selenium.remote.RemoteWebDriver.findElement(RemoteWebDriver.java:355)
	at com.codeborne.selenide.impl.WebElementSelector.findElement(WebElementSelector.java:28)
	at com.codeborne.selenide.impl.ElementFinder.getWebElement(ElementFinder.java:56)
	at com.codeborne.selenide.impl.WebElementSource.checkCondition(WebElementSource.java:44)
	... 39 more
]]>
    </error>
  </testcase> <!-- D6_check_e1 -->
  <testcase name="E2_checkVoipAndPhy" time="0.000" classname="com.yeastar.swebtest.testcase.DetailCase.pbxcase.EmergencyNumber">
    <error type="com.codeborne.selenide.ex.ElementNotFound" message="Element not found {By.id: login-language-inputEl}
Expected: exist">
      <![CDATA[Element not found {By.id: login-language-inputEl}
Expected: exist
Screenshot: file:/F:/MyProject/SwebTest/pic/1539773760550.84.png
Timeout: 10 s.
Caused by: NoSuchElementException: no such element: Unable to locate element: {"method":"id","selector":"login-language-inputEl"}
	at com.codeborne.selenide.impl.WebElementSource.createElementNotFoundError(WebElementSource.java:31)
	at com.codeborne.selenide.impl.ElementFinder.createElementNotFoundError(ElementFinder.java:82)
	at com.codeborne.selenide.impl.WebElementSource.checkCondition(WebElementSource.java:59)
	at com.codeborne.selenide.commands.Should.should(Should.java:35)
	at com.codeborne.selenide.commands.Should.execute(Should.java:29)
	at com.codeborne.selenide.commands.Should.execute(Should.java:12)
	at com.codeborne.selenide.commands.Commands.execute(Commands.java:140)
	at com.codeborne.selenide.impl.SelenideElementProxy.dispatchAndRetry(SelenideElementProxy.java:86)
	at com.codeborne.selenide.impl.SelenideElementProxy.invoke(SelenideElementProxy.java:62)
	at com.sun.proxy.$Proxy6.should(Unknown Source)
	at com.yeastar.swebtest.driver.SwebDriver.click(SwebDriver.java:206)
	at com.yeastar.swebtest.driver.SwebDriver.select(SwebDriver.java:197)
	at com.yeastar.swebtest.driver.SwebDriver.login(SwebDriver.java:151)
	at com.yeastar.swebtest.driver.SwebDriver.login(SwebDriver.java:139)
	at com.yeastar.swebtest.testcase.DetailCase.pbxcase.PINList.BeforeClass(PINList.java:25)
	at sun.reflect.NativeMethodAccessorImpl.invoke0(Native Method)
	at sun.reflect.NativeMethodAccessorImpl.invoke(NativeMethodAccessorImpl.java:62)
	at sun.reflect.DelegatingMethodAccessorImpl.invoke(DelegatingMethodAccessorImpl.java:43)
	at java.lang.reflect.Method.invoke(Method.java:498)
	at org.testng.internal.MethodInvocationHelper.invokeMethod(MethodInvocationHelper.java:85)
	at org.testng.internal.Invoker.invokeConfigurationMethod(Invoker.java:510)
	at org.testng.internal.Invoker.invokeConfigurations(Invoker.java:211)
	at org.testng.internal.Invoker.invokeConfigurations(Invoker.java:138)
	at org.testng.internal.TestMethodWorker.invokeBeforeClassMethods(TestMethodWorker.java:170)
	at org.testng.internal.TestMethodWorker.run(TestMethodWorker.java:104)
	at org.testng.TestRunner.privateRun(TestRunner.java:774)
	at org.testng.TestRunner.run(TestRunner.java:624)
	at org.testng.SuiteRunner.runTest(SuiteRunner.java:359)
	at org.testng.SuiteRunner.runSequentially(SuiteRunner.java:354)
	at org.testng.SuiteRunner.privateRun(SuiteRunner.java:312)
	at org.testng.SuiteRunner.run(SuiteRunner.java:261)
	at org.testng.SuiteRunnerWorker.runSuite(SuiteRunnerWorker.java:52)
	at org.testng.SuiteRunnerWorker.run(SuiteRunnerWorker.java:86)
	at org.testng.TestNG.runSuitesSequentially(TestNG.java:1215)
	at org.testng.TestNG.runSuitesLocally(TestNG.java:1140)
	at org.testng.TestNG.run(TestNG.java:1048)
	at org.apache.maven.surefire.testng.TestNGExecutor.run(TestNGExecutor.java:293)
	at org.apache.maven.surefire.testng.TestNGXmlTestSuite.execute(TestNGXmlTestSuite.java:84)
	at org.apache.maven.surefire.testng.TestNGProvider.invoke(TestNGProvider.java:91)
	at org.apache.maven.surefire.booter.ForkedBooter.invokeProviderInSameClassLoader(ForkedBooter.java:200)
	at org.apache.maven.surefire.booter.ForkedBooter.runSuitesInProcess(ForkedBooter.java:153)
	at org.apache.maven.surefire.booter.ForkedBooter.main(ForkedBooter.java:103)
Caused by: org.openqa.selenium.NoSuchElementException: no such element: Unable to locate element: {"method":"id","selector":"login-language-inputEl"}
  (Session info: chrome=69.0.3497.100)
  (Driver info: chromedriver=2.42.591088 (7b2b2dca23cca0862f674758c9a3933e685c27d5),platform=Windows NT 6.1.7601 SP1 x86_64) (WARNING: The server did not provide any stacktrace information)
Command duration or timeout: 11 milliseconds
For documentation on this error, please visit: http://seleniumhq.org/exceptions/no_such_element.html
Build info: version: '2.53.1', revision: 'a36b8b1cd5757287168e54b817830adce9b0158d', time: '2016-06-30 19:26:09'
System info: host: 'Yeastar-PC', ip: '192.168.11.194', os.name: 'Windows 7', os.arch: 'x86', os.version: '6.1', java.version: '1.8.0_121'
Driver info: org.openqa.selenium.chrome.ChromeDriver
Capabilities [{mobileEmulationEnabled=false, hasTouchScreen=false, platform=XP, acceptSslCerts=false, goog:chromeOptions={debuggerAddress=localhost:23747}, acceptInsecureCerts=false, webStorageEnabled=true, browserName=chrome, takesScreenshot=true, javascriptEnabled=true, setWindowRect=true, unexpectedAlertBehaviour=, applicationCacheEnabled=false, rotatable=false, networkConnectionEnabled=false, chrome={chromedriverVersion=2.42.591088 (7b2b2dca23cca0862f674758c9a3933e685c27d5), userDataDir=C:\Users\Yeastar\AppData\Local\Temp\scoped_dir3852_3820}, takesHeapSnapshot=true, pageLoadStrategy=normal, databaseEnabled=false, handlesAlerts=true, version=69.0.3497.100, browserConnectionEnabled=false, nativeEvents=true, locationContextEnabled=true, cssSelectorsEnabled=true}]
Session ID: d3be694128271583ac260e31a4722891
*** Element info: {Using=id, value=login-language-inputEl}
	at sun.reflect.GeneratedConstructorAccessor26.newInstance(Unknown Source)
	at sun.reflect.DelegatingConstructorAccessorImpl.newInstance(DelegatingConstructorAccessorImpl.java:45)
	at java.lang.reflect.Constructor.newInstance(Constructor.java:423)
	at org.openqa.selenium.remote.ErrorHandler.createThrowable(ErrorHandler.java:206)
	at org.openqa.selenium.remote.ErrorHandler.throwIfResponseFailed(ErrorHandler.java:158)
	at org.openqa.selenium.remote.RemoteWebDriver.execute(RemoteWebDriver.java:678)
	at org.openqa.selenium.remote.RemoteWebDriver.findElement(RemoteWebDriver.java:363)
	at org.openqa.selenium.remote.RemoteWebDriver.findElementById(RemoteWebDriver.java:413)
	at org.openqa.selenium.By$ById.findElement(By.java:218)
	at org.openqa.selenium.remote.RemoteWebDriver.findElement(RemoteWebDriver.java:355)
	at com.codeborne.selenide.impl.WebElementSelector.findElement(WebElementSelector.java:28)
	at com.codeborne.selenide.impl.ElementFinder.getWebElement(ElementFinder.java:56)
	at com.codeborne.selenide.impl.WebElementSource.checkCondition(WebElementSource.java:44)
	... 39 more
]]>
    </error>
  </testcase> <!-- E2_checkVoipAndPhy -->
  <testcase name="F1_Contacts2" time="0.000" classname="com.yeastar.swebtest.testcase.DetailCase.pbxcase.EmergencyNumber">
    <error type="com.codeborne.selenide.ex.ElementNotFound" message="Element not found {By.id: login-language-inputEl}
Expected: exist">
      <![CDATA[Element not found {By.id: login-language-inputEl}
Expected: exist
Screenshot: file:/F:/MyProject/SwebTest/pic/1539773760550.84.png
Timeout: 10 s.
Caused by: NoSuchElementException: no such element: Unable to locate element: {"method":"id","selector":"login-language-inputEl"}
	at com.codeborne.selenide.impl.WebElementSource.createElementNotFoundError(WebElementSource.java:31)
	at com.codeborne.selenide.impl.ElementFinder.createElementNotFoundError(ElementFinder.java:82)
	at com.codeborne.selenide.impl.WebElementSource.checkCondition(WebElementSource.java:59)
	at com.codeborne.selenide.commands.Should.should(Should.java:35)
	at com.codeborne.selenide.commands.Should.execute(Should.java:29)
	at com.codeborne.selenide.commands.Should.execute(Should.java:12)
	at com.codeborne.selenide.commands.Commands.execute(Commands.java:140)
	at com.codeborne.selenide.impl.SelenideElementProxy.dispatchAndRetry(SelenideElementProxy.java:86)
	at com.codeborne.selenide.impl.SelenideElementProxy.invoke(SelenideElementProxy.java:62)
	at com.sun.proxy.$Proxy6.should(Unknown Source)
	at com.yeastar.swebtest.driver.SwebDriver.click(SwebDriver.java:206)
	at com.yeastar.swebtest.driver.SwebDriver.select(SwebDriver.java:197)
	at com.yeastar.swebtest.driver.SwebDriver.login(SwebDriver.java:151)
	at com.yeastar.swebtest.driver.SwebDriver.login(SwebDriver.java:139)
	at com.yeastar.swebtest.testcase.DetailCase.pbxcase.PINList.BeforeClass(PINList.java:25)
	at sun.reflect.NativeMethodAccessorImpl.invoke0(Native Method)
	at sun.reflect.NativeMethodAccessorImpl.invoke(NativeMethodAccessorImpl.java:62)
	at sun.reflect.DelegatingMethodAccessorImpl.invoke(DelegatingMethodAccessorImpl.java:43)
	at java.lang.reflect.Method.invoke(Method.java:498)
	at org.testng.internal.MethodInvocationHelper.invokeMethod(MethodInvocationHelper.java:85)
	at org.testng.internal.Invoker.invokeConfigurationMethod(Invoker.java:510)
	at org.testng.internal.Invoker.invokeConfigurations(Invoker.java:211)
	at org.testng.internal.Invoker.invokeConfigurations(Invoker.java:138)
	at org.testng.internal.TestMethodWorker.invokeBeforeClassMethods(TestMethodWorker.java:170)
	at org.testng.internal.TestMethodWorker.run(TestMethodWorker.java:104)
	at org.testng.TestRunner.privateRun(TestRunner.java:774)
	at org.testng.TestRunner.run(TestRunner.java:624)
	at org.testng.SuiteRunner.runTest(SuiteRunner.java:359)
	at org.testng.SuiteRunner.runSequentially(SuiteRunner.java:354)
	at org.testng.SuiteRunner.privateRun(SuiteRunner.java:312)
	at org.testng.SuiteRunner.run(SuiteRunner.java:261)
	at org.testng.SuiteRunnerWorker.runSuite(SuiteRunnerWorker.java:52)
	at org.testng.SuiteRunnerWorker.run(SuiteRunnerWorker.java:86)
	at org.testng.TestNG.runSuitesSequentially(TestNG.java:1215)
	at org.testng.TestNG.runSuitesLocally(TestNG.java:1140)
	at org.testng.TestNG.run(TestNG.java:1048)
	at org.apache.maven.surefire.testng.TestNGExecutor.run(TestNGExecutor.java:293)
	at org.apache.maven.surefire.testng.TestNGXmlTestSuite.execute(TestNGXmlTestSuite.java:84)
	at org.apache.maven.surefire.testng.TestNGProvider.invoke(TestNGProvider.java:91)
	at org.apache.maven.surefire.booter.ForkedBooter.invokeProviderInSameClassLoader(ForkedBooter.java:200)
	at org.apache.maven.surefire.booter.ForkedBooter.runSuitesInProcess(ForkedBooter.java:153)
	at org.apache.maven.surefire.booter.ForkedBooter.main(ForkedBooter.java:103)
Caused by: org.openqa.selenium.NoSuchElementException: no such element: Unable to locate element: {"method":"id","selector":"login-language-inputEl"}
  (Session info: chrome=69.0.3497.100)
  (Driver info: chromedriver=2.42.591088 (7b2b2dca23cca0862f674758c9a3933e685c27d5),platform=Windows NT 6.1.7601 SP1 x86_64) (WARNING: The server did not provide any stacktrace information)
Command duration or timeout: 11 milliseconds
For documentation on this error, please visit: http://seleniumhq.org/exceptions/no_such_element.html
Build info: version: '2.53.1', revision: 'a36b8b1cd5757287168e54b817830adce9b0158d', time: '2016-06-30 19:26:09'
System info: host: 'Yeastar-PC', ip: '192.168.11.194', os.name: 'Windows 7', os.arch: 'x86', os.version: '6.1', java.version: '1.8.0_121'
Driver info: org.openqa.selenium.chrome.ChromeDriver
Capabilities [{mobileEmulationEnabled=false, hasTouchScreen=false, platform=XP, acceptSslCerts=false, goog:chromeOptions={debuggerAddress=localhost:23747}, acceptInsecureCerts=false, webStorageEnabled=true, browserName=chrome, takesScreenshot=true, javascriptEnabled=true, setWindowRect=true, unexpectedAlertBehaviour=, applicationCacheEnabled=false, rotatable=false, networkConnectionEnabled=false, chrome={chromedriverVersion=2.42.591088 (7b2b2dca23cca0862f674758c9a3933e685c27d5), userDataDir=C:\Users\Yeastar\AppData\Local\Temp\scoped_dir3852_3820}, takesHeapSnapshot=true, pageLoadStrategy=normal, databaseEnabled=false, handlesAlerts=true, version=69.0.3497.100, browserConnectionEnabled=false, nativeEvents=true, locationContextEnabled=true, cssSelectorsEnabled=true}]
Session ID: d3be694128271583ac260e31a4722891
*** Element info: {Using=id, value=login-language-inputEl}
	at sun.reflect.GeneratedConstructorAccessor26.newInstance(Unknown Source)
	at sun.reflect.DelegatingConstructorAccessorImpl.newInstance(DelegatingConstructorAccessorImpl.java:45)
	at java.lang.reflect.Constructor.newInstance(Constructor.java:423)
	at org.openqa.selenium.remote.ErrorHandler.createThrowable(ErrorHandler.java:206)
	at org.openqa.selenium.remote.ErrorHandler.throwIfResponseFailed(ErrorHandler.java:158)
	at org.openqa.selenium.remote.RemoteWebDriver.execute(RemoteWebDriver.java:678)
	at org.openqa.selenium.remote.RemoteWebDriver.findElement(RemoteWebDriver.java:363)
	at org.openqa.selenium.remote.RemoteWebDriver.findElementById(RemoteWebDriver.java:413)
	at org.openqa.selenium.By$ById.findElement(By.java:218)
	at org.openqa.selenium.remote.RemoteWebDriver.findElement(RemoteWebDriver.java:355)
	at com.codeborne.selenide.impl.WebElementSelector.findElement(WebElementSelector.java:28)
	at com.codeborne.selenide.impl.ElementFinder.getWebElement(ElementFinder.java:56)
	at com.codeborne.selenide.impl.WebElementSource.checkCondition(WebElementSource.java:44)
	... 39 more
]]>
    </error>
  </testcase> <!-- F1_Contacts2 -->
  <testcase name="D5_check_bri" time="0.000" classname="com.yeastar.swebtest.testcase.DetailCase.pbxcase.EmergencyNumber">
    <error type="com.codeborne.selenide.ex.ElementNotFound" message="Element not found {By.id: login-language-inputEl}
Expected: exist">
      <![CDATA[Element not found {By.id: login-language-inputEl}
Expected: exist
Screenshot: file:/F:/MyProject/SwebTest/pic/1539773760550.84.png
Timeout: 10 s.
Caused by: NoSuchElementException: no such element: Unable to locate element: {"method":"id","selector":"login-language-inputEl"}
	at com.codeborne.selenide.impl.WebElementSource.createElementNotFoundError(WebElementSource.java:31)
	at com.codeborne.selenide.impl.ElementFinder.createElementNotFoundError(ElementFinder.java:82)
	at com.codeborne.selenide.impl.WebElementSource.checkCondition(WebElementSource.java:59)
	at com.codeborne.selenide.commands.Should.should(Should.java:35)
	at com.codeborne.selenide.commands.Should.execute(Should.java:29)
	at com.codeborne.selenide.commands.Should.execute(Should.java:12)
	at com.codeborne.selenide.commands.Commands.execute(Commands.java:140)
	at com.codeborne.selenide.impl.SelenideElementProxy.dispatchAndRetry(SelenideElementProxy.java:86)
	at com.codeborne.selenide.impl.SelenideElementProxy.invoke(SelenideElementProxy.java:62)
	at com.sun.proxy.$Proxy6.should(Unknown Source)
	at com.yeastar.swebtest.driver.SwebDriver.click(SwebDriver.java:206)
	at com.yeastar.swebtest.driver.SwebDriver.select(SwebDriver.java:197)
	at com.yeastar.swebtest.driver.SwebDriver.login(SwebDriver.java:151)
	at com.yeastar.swebtest.driver.SwebDriver.login(SwebDriver.java:139)
	at com.yeastar.swebtest.testcase.DetailCase.pbxcase.PINList.BeforeClass(PINList.java:25)
	at sun.reflect.NativeMethodAccessorImpl.invoke0(Native Method)
	at sun.reflect.NativeMethodAccessorImpl.invoke(NativeMethodAccessorImpl.java:62)
	at sun.reflect.DelegatingMethodAccessorImpl.invoke(DelegatingMethodAccessorImpl.java:43)
	at java.lang.reflect.Method.invoke(Method.java:498)
	at org.testng.internal.MethodInvocationHelper.invokeMethod(MethodInvocationHelper.java:85)
	at org.testng.internal.Invoker.invokeConfigurationMethod(Invoker.java:510)
	at org.testng.internal.Invoker.invokeConfigurations(Invoker.java:211)
	at org.testng.internal.Invoker.invokeConfigurations(Invoker.java:138)
	at org.testng.internal.TestMethodWorker.invokeBeforeClassMethods(TestMethodWorker.java:170)
	at org.testng.internal.TestMethodWorker.run(TestMethodWorker.java:104)
	at org.testng.TestRunner.privateRun(TestRunner.java:774)
	at org.testng.TestRunner.run(TestRunner.java:624)
	at org.testng.SuiteRunner.runTest(SuiteRunner.java:359)
	at org.testng.SuiteRunner.runSequentially(SuiteRunner.java:354)
	at org.testng.SuiteRunner.privateRun(SuiteRunner.java:312)
	at org.testng.SuiteRunner.run(SuiteRunner.java:261)
	at org.testng.SuiteRunnerWorker.runSuite(SuiteRunnerWorker.java:52)
	at org.testng.SuiteRunnerWorker.run(SuiteRunnerWorker.java:86)
	at org.testng.TestNG.runSuitesSequentially(TestNG.java:1215)
	at org.testng.TestNG.runSuitesLocally(TestNG.java:1140)
	at org.testng.TestNG.run(TestNG.java:1048)
	at org.apache.maven.surefire.testng.TestNGExecutor.run(TestNGExecutor.java:293)
	at org.apache.maven.surefire.testng.TestNGXmlTestSuite.execute(TestNGXmlTestSuite.java:84)
	at org.apache.maven.surefire.testng.TestNGProvider.invoke(TestNGProvider.java:91)
	at org.apache.maven.surefire.booter.ForkedBooter.invokeProviderInSameClassLoader(ForkedBooter.java:200)
	at org.apache.maven.surefire.booter.ForkedBooter.runSuitesInProcess(ForkedBooter.java:153)
	at org.apache.maven.surefire.booter.ForkedBooter.main(ForkedBooter.java:103)
Caused by: org.openqa.selenium.NoSuchElementException: no such element: Unable to locate element: {"method":"id","selector":"login-language-inputEl"}
  (Session info: chrome=69.0.3497.100)
  (Driver info: chromedriver=2.42.591088 (7b2b2dca23cca0862f674758c9a3933e685c27d5),platform=Windows NT 6.1.7601 SP1 x86_64) (WARNING: The server did not provide any stacktrace information)
Command duration or timeout: 11 milliseconds
For documentation on this error, please visit: http://seleniumhq.org/exceptions/no_such_element.html
Build info: version: '2.53.1', revision: 'a36b8b1cd5757287168e54b817830adce9b0158d', time: '2016-06-30 19:26:09'
System info: host: 'Yeastar-PC', ip: '192.168.11.194', os.name: 'Windows 7', os.arch: 'x86', os.version: '6.1', java.version: '1.8.0_121'
Driver info: org.openqa.selenium.chrome.ChromeDriver
Capabilities [{mobileEmulationEnabled=false, hasTouchScreen=false, platform=XP, acceptSslCerts=false, goog:chromeOptions={debuggerAddress=localhost:23747}, acceptInsecureCerts=false, webStorageEnabled=true, browserName=chrome, takesScreenshot=true, javascriptEnabled=true, setWindowRect=true, unexpectedAlertBehaviour=, applicationCacheEnabled=false, rotatable=false, networkConnectionEnabled=false, chrome={chromedriverVersion=2.42.591088 (7b2b2dca23cca0862f674758c9a3933e685c27d5), userDataDir=C:\Users\Yeastar\AppData\Local\Temp\scoped_dir3852_3820}, takesHeapSnapshot=true, pageLoadStrategy=normal, databaseEnabled=false, handlesAlerts=true, version=69.0.3497.100, browserConnectionEnabled=false, nativeEvents=true, locationContextEnabled=true, cssSelectorsEnabled=true}]
Session ID: d3be694128271583ac260e31a4722891
*** Element info: {Using=id, value=login-language-inputEl}
	at sun.reflect.GeneratedConstructorAccessor26.newInstance(Unknown Source)
	at sun.reflect.DelegatingConstructorAccessorImpl.newInstance(DelegatingConstructorAccessorImpl.java:45)
	at java.lang.reflect.Constructor.newInstance(Constructor.java:423)
	at org.openqa.selenium.remote.ErrorHandler.createThrowable(ErrorHandler.java:206)
	at org.openqa.selenium.remote.ErrorHandler.throwIfResponseFailed(ErrorHandler.java:158)
	at org.openqa.selenium.remote.RemoteWebDriver.execute(RemoteWebDriver.java:678)
	at org.openqa.selenium.remote.RemoteWebDriver.findElement(RemoteWebDriver.java:363)
	at org.openqa.selenium.remote.RemoteWebDriver.findElementById(RemoteWebDriver.java:413)
	at org.openqa.selenium.By$ById.findElement(By.java:218)
	at org.openqa.selenium.remote.RemoteWebDriver.findElement(RemoteWebDriver.java:355)
	at com.codeborne.selenide.impl.WebElementSelector.findElement(WebElementSelector.java:28)
	at com.codeborne.selenide.impl.ElementFinder.getWebElement(ElementFinder.java:56)
	at com.codeborne.selenide.impl.WebElementSource.checkCondition(WebElementSource.java:44)
	... 39 more
]]>
    </error>
  </testcase> <!-- D5_check_bri -->
  <testcase name="G3_deleteOne_yes" time="0.000" classname="com.yeastar.swebtest.testcase.DetailCase.pbxcase.EmergencyNumber">
    <error type="com.codeborne.selenide.ex.ElementNotFound" message="Element not found {By.id: login-language-inputEl}
Expected: exist">
      <![CDATA[Element not found {By.id: login-language-inputEl}
Expected: exist
Screenshot: file:/F:/MyProject/SwebTest/pic/1539773760550.84.png
Timeout: 10 s.
Caused by: NoSuchElementException: no such element: Unable to locate element: {"method":"id","selector":"login-language-inputEl"}
	at com.codeborne.selenide.impl.WebElementSource.createElementNotFoundError(WebElementSource.java:31)
	at com.codeborne.selenide.impl.ElementFinder.createElementNotFoundError(ElementFinder.java:82)
	at com.codeborne.selenide.impl.WebElementSource.checkCondition(WebElementSource.java:59)
	at com.codeborne.selenide.commands.Should.should(Should.java:35)
	at com.codeborne.selenide.commands.Should.execute(Should.java:29)
	at com.codeborne.selenide.commands.Should.execute(Should.java:12)
	at com.codeborne.selenide.commands.Commands.execute(Commands.java:140)
	at com.codeborne.selenide.impl.SelenideElementProxy.dispatchAndRetry(SelenideElementProxy.java:86)
	at com.codeborne.selenide.impl.SelenideElementProxy.invoke(SelenideElementProxy.java:62)
	at com.sun.proxy.$Proxy6.should(Unknown Source)
	at com.yeastar.swebtest.driver.SwebDriver.click(SwebDriver.java:206)
	at com.yeastar.swebtest.driver.SwebDriver.select(SwebDriver.java:197)
	at com.yeastar.swebtest.driver.SwebDriver.login(SwebDriver.java:151)
	at com.yeastar.swebtest.driver.SwebDriver.login(SwebDriver.java:139)
	at com.yeastar.swebtest.testcase.DetailCase.pbxcase.PINList.BeforeClass(PINList.java:25)
	at sun.reflect.NativeMethodAccessorImpl.invoke0(Native Method)
	at sun.reflect.NativeMethodAccessorImpl.invoke(NativeMethodAccessorImpl.java:62)
	at sun.reflect.DelegatingMethodAccessorImpl.invoke(DelegatingMethodAccessorImpl.java:43)
	at java.lang.reflect.Method.invoke(Method.java:498)
	at org.testng.internal.MethodInvocationHelper.invokeMethod(MethodInvocationHelper.java:85)
	at org.testng.internal.Invoker.invokeConfigurationMethod(Invoker.java:510)
	at org.testng.internal.Invoker.invokeConfigurations(Invoker.java:211)
	at org.testng.internal.Invoker.invokeConfigurations(Invoker.java:138)
	at org.testng.internal.TestMethodWorker.invokeBeforeClassMethods(TestMethodWorker.java:170)
	at org.testng.internal.TestMethodWorker.run(TestMethodWorker.java:104)
	at org.testng.TestRunner.privateRun(TestRunner.java:774)
	at org.testng.TestRunner.run(TestRunner.java:624)
	at org.testng.SuiteRunner.runTest(SuiteRunner.java:359)
	at org.testng.SuiteRunner.runSequentially(SuiteRunner.java:354)
	at org.testng.SuiteRunner.privateRun(SuiteRunner.java:312)
	at org.testng.SuiteRunner.run(SuiteRunner.java:261)
	at org.testng.SuiteRunnerWorker.runSuite(SuiteRunnerWorker.java:52)
	at org.testng.SuiteRunnerWorker.run(SuiteRunnerWorker.java:86)
	at org.testng.TestNG.runSuitesSequentially(TestNG.java:1215)
	at org.testng.TestNG.runSuitesLocally(TestNG.java:1140)
	at org.testng.TestNG.run(TestNG.java:1048)
	at org.apache.maven.surefire.testng.TestNGExecutor.run(TestNGExecutor.java:293)
	at org.apache.maven.surefire.testng.TestNGXmlTestSuite.execute(TestNGXmlTestSuite.java:84)
	at org.apache.maven.surefire.testng.TestNGProvider.invoke(TestNGProvider.java:91)
	at org.apache.maven.surefire.booter.ForkedBooter.invokeProviderInSameClassLoader(ForkedBooter.java:200)
	at org.apache.maven.surefire.booter.ForkedBooter.runSuitesInProcess(ForkedBooter.java:153)
	at org.apache.maven.surefire.booter.ForkedBooter.main(ForkedBooter.java:103)
Caused by: org.openqa.selenium.NoSuchElementException: no such element: Unable to locate element: {"method":"id","selector":"login-language-inputEl"}
  (Session info: chrome=69.0.3497.100)
  (Driver info: chromedriver=2.42.591088 (7b2b2dca23cca0862f674758c9a3933e685c27d5),platform=Windows NT 6.1.7601 SP1 x86_64) (WARNING: The server did not provide any stacktrace information)
Command duration or timeout: 11 milliseconds
For documentation on this error, please visit: http://seleniumhq.org/exceptions/no_such_element.html
Build info: version: '2.53.1', revision: 'a36b8b1cd5757287168e54b817830adce9b0158d', time: '2016-06-30 19:26:09'
System info: host: 'Yeastar-PC', ip: '192.168.11.194', os.name: 'Windows 7', os.arch: 'x86', os.version: '6.1', java.version: '1.8.0_121'
Driver info: org.openqa.selenium.chrome.ChromeDriver
Capabilities [{mobileEmulationEnabled=false, hasTouchScreen=false, platform=XP, acceptSslCerts=false, goog:chromeOptions={debuggerAddress=localhost:23747}, acceptInsecureCerts=false, webStorageEnabled=true, browserName=chrome, takesScreenshot=true, javascriptEnabled=true, setWindowRect=true, unexpectedAlertBehaviour=, applicationCacheEnabled=false, rotatable=false, networkConnectionEnabled=false, chrome={chromedriverVersion=2.42.591088 (7b2b2dca23cca0862f674758c9a3933e685c27d5), userDataDir=C:\Users\Yeastar\AppData\Local\Temp\scoped_dir3852_3820}, takesHeapSnapshot=true, pageLoadStrategy=normal, databaseEnabled=false, handlesAlerts=true, version=69.0.3497.100, browserConnectionEnabled=false, nativeEvents=true, locationContextEnabled=true, cssSelectorsEnabled=true}]
Session ID: d3be694128271583ac260e31a4722891
*** Element info: {Using=id, value=login-language-inputEl}
	at sun.reflect.GeneratedConstructorAccessor26.newInstance(Unknown Source)
	at sun.reflect.DelegatingConstructorAccessorImpl.newInstance(DelegatingConstructorAccessorImpl.java:45)
	at java.lang.reflect.Constructor.newInstance(Constructor.java:423)
	at org.openqa.selenium.remote.ErrorHandler.createThrowable(ErrorHandler.java:206)
	at org.openqa.selenium.remote.ErrorHandler.throwIfResponseFailed(ErrorHandler.java:158)
	at org.openqa.selenium.remote.RemoteWebDriver.execute(RemoteWebDriver.java:678)
	at org.openqa.selenium.remote.RemoteWebDriver.findElement(RemoteWebDriver.java:363)
	at org.openqa.selenium.remote.RemoteWebDriver.findElementById(RemoteWebDriver.java:413)
	at org.openqa.selenium.By$ById.findElement(By.java:218)
	at org.openqa.selenium.remote.RemoteWebDriver.findElement(RemoteWebDriver.java:355)
	at com.codeborne.selenide.impl.WebElementSelector.findElement(WebElementSelector.java:28)
	at com.codeborne.selenide.impl.ElementFinder.getWebElement(ElementFinder.java:56)
	at com.codeborne.selenide.impl.WebElementSource.checkCondition(WebElementSource.java:44)
	... 39 more
]]>
    </error>
  </testcase> <!-- G3_deleteOne_yes -->
  <testcase name="D1_addEmergency_line" time="0.000" classname="com.yeastar.swebtest.testcase.DetailCase.pbxcase.EmergencyNumber">
    <error type="com.codeborne.selenide.ex.ElementNotFound" message="Element not found {By.id: login-language-inputEl}
Expected: exist">
      <![CDATA[Element not found {By.id: login-language-inputEl}
Expected: exist
Screenshot: file:/F:/MyProject/SwebTest/pic/1539773760550.84.png
Timeout: 10 s.
Caused by: NoSuchElementException: no such element: Unable to locate element: {"method":"id","selector":"login-language-inputEl"}
	at com.codeborne.selenide.impl.WebElementSource.createElementNotFoundError(WebElementSource.java:31)
	at com.codeborne.selenide.impl.ElementFinder.createElementNotFoundError(ElementFinder.java:82)
	at com.codeborne.selenide.impl.WebElementSource.checkCondition(WebElementSource.java:59)
	at com.codeborne.selenide.commands.Should.should(Should.java:35)
	at com.codeborne.selenide.commands.Should.execute(Should.java:29)
	at com.codeborne.selenide.commands.Should.execute(Should.java:12)
	at com.codeborne.selenide.commands.Commands.execute(Commands.java:140)
	at com.codeborne.selenide.impl.SelenideElementProxy.dispatchAndRetry(SelenideElementProxy.java:86)
	at com.codeborne.selenide.impl.SelenideElementProxy.invoke(SelenideElementProxy.java:62)
	at com.sun.proxy.$Proxy6.should(Unknown Source)
	at com.yeastar.swebtest.driver.SwebDriver.click(SwebDriver.java:206)
	at com.yeastar.swebtest.driver.SwebDriver.select(SwebDriver.java:197)
	at com.yeastar.swebtest.driver.SwebDriver.login(SwebDriver.java:151)
	at com.yeastar.swebtest.driver.SwebDriver.login(SwebDriver.java:139)
	at com.yeastar.swebtest.testcase.DetailCase.pbxcase.PINList.BeforeClass(PINList.java:25)
	at sun.reflect.NativeMethodAccessorImpl.invoke0(Native Method)
	at sun.reflect.NativeMethodAccessorImpl.invoke(NativeMethodAccessorImpl.java:62)
	at sun.reflect.DelegatingMethodAccessorImpl.invoke(DelegatingMethodAccessorImpl.java:43)
	at java.lang.reflect.Method.invoke(Method.java:498)
	at org.testng.internal.MethodInvocationHelper.invokeMethod(MethodInvocationHelper.java:85)
	at org.testng.internal.Invoker.invokeConfigurationMethod(Invoker.java:510)
	at org.testng.internal.Invoker.invokeConfigurations(Invoker.java:211)
	at org.testng.internal.Invoker.invokeConfigurations(Invoker.java:138)
	at org.testng.internal.TestMethodWorker.invokeBeforeClassMethods(TestMethodWorker.java:170)
	at org.testng.internal.TestMethodWorker.run(TestMethodWorker.java:104)
	at org.testng.TestRunner.privateRun(TestRunner.java:774)
	at org.testng.TestRunner.run(TestRunner.java:624)
	at org.testng.SuiteRunner.runTest(SuiteRunner.java:359)
	at org.testng.SuiteRunner.runSequentially(SuiteRunner.java:354)
	at org.testng.SuiteRunner.privateRun(SuiteRunner.java:312)
	at org.testng.SuiteRunner.run(SuiteRunner.java:261)
	at org.testng.SuiteRunnerWorker.runSuite(SuiteRunnerWorker.java:52)
	at org.testng.SuiteRunnerWorker.run(SuiteRunnerWorker.java:86)
	at org.testng.TestNG.runSuitesSequentially(TestNG.java:1215)
	at org.testng.TestNG.runSuitesLocally(TestNG.java:1140)
	at org.testng.TestNG.run(TestNG.java:1048)
	at org.apache.maven.surefire.testng.TestNGExecutor.run(TestNGExecutor.java:293)
	at org.apache.maven.surefire.testng.TestNGXmlTestSuite.execute(TestNGXmlTestSuite.java:84)
	at org.apache.maven.surefire.testng.TestNGProvider.invoke(TestNGProvider.java:91)
	at org.apache.maven.surefire.booter.ForkedBooter.invokeProviderInSameClassLoader(ForkedBooter.java:200)
	at org.apache.maven.surefire.booter.ForkedBooter.runSuitesInProcess(ForkedBooter.java:153)
	at org.apache.maven.surefire.booter.ForkedBooter.main(ForkedBooter.java:103)
Caused by: org.openqa.selenium.NoSuchElementException: no such element: Unable to locate element: {"method":"id","selector":"login-language-inputEl"}
  (Session info: chrome=69.0.3497.100)
  (Driver info: chromedriver=2.42.591088 (7b2b2dca23cca0862f674758c9a3933e685c27d5),platform=Windows NT 6.1.7601 SP1 x86_64) (WARNING: The server did not provide any stacktrace information)
Command duration or timeout: 11 milliseconds
For documentation on this error, please visit: http://seleniumhq.org/exceptions/no_such_element.html
Build info: version: '2.53.1', revision: 'a36b8b1cd5757287168e54b817830adce9b0158d', time: '2016-06-30 19:26:09'
System info: host: 'Yeastar-PC', ip: '192.168.11.194', os.name: 'Windows 7', os.arch: 'x86', os.version: '6.1', java.version: '1.8.0_121'
Driver info: org.openqa.selenium.chrome.ChromeDriver
Capabilities [{mobileEmulationEnabled=false, hasTouchScreen=false, platform=XP, acceptSslCerts=false, goog:chromeOptions={debuggerAddress=localhost:23747}, acceptInsecureCerts=false, webStorageEnabled=true, browserName=chrome, takesScreenshot=true, javascriptEnabled=true, setWindowRect=true, unexpectedAlertBehaviour=, applicationCacheEnabled=false, rotatable=false, networkConnectionEnabled=false, chrome={chromedriverVersion=2.42.591088 (7b2b2dca23cca0862f674758c9a3933e685c27d5), userDataDir=C:\Users\Yeastar\AppData\Local\Temp\scoped_dir3852_3820}, takesHeapSnapshot=true, pageLoadStrategy=normal, databaseEnabled=false, handlesAlerts=true, version=69.0.3497.100, browserConnectionEnabled=false, nativeEvents=true, locationContextEnabled=true, cssSelectorsEnabled=true}]
Session ID: d3be694128271583ac260e31a4722891
*** Element info: {Using=id, value=login-language-inputEl}
	at sun.reflect.GeneratedConstructorAccessor26.newInstance(Unknown Source)
	at sun.reflect.DelegatingConstructorAccessorImpl.newInstance(DelegatingConstructorAccessorImpl.java:45)
	at java.lang.reflect.Constructor.newInstance(Constructor.java:423)
	at org.openqa.selenium.remote.ErrorHandler.createThrowable(ErrorHandler.java:206)
	at org.openqa.selenium.remote.ErrorHandler.throwIfResponseFailed(ErrorHandler.java:158)
	at org.openqa.selenium.remote.RemoteWebDriver.execute(RemoteWebDriver.java:678)
	at org.openqa.selenium.remote.RemoteWebDriver.findElement(RemoteWebDriver.java:363)
	at org.openqa.selenium.remote.RemoteWebDriver.findElementById(RemoteWebDriver.java:413)
	at org.openqa.selenium.By$ById.findElement(By.java:218)
	at org.openqa.selenium.remote.RemoteWebDriver.findElement(RemoteWebDriver.java:355)
	at com.codeborne.selenide.impl.WebElementSelector.findElement(WebElementSelector.java:28)
	at com.codeborne.selenide.impl.ElementFinder.getWebElement(ElementFinder.java:56)
	at com.codeborne.selenide.impl.WebElementSource.checkCondition(WebElementSource.java:44)
	... 39 more
]]>
    </error>
  </testcase> <!-- D1_addEmergency_line -->
  <testcase name="E3_PhyAndVoip" time="0.000" classname="com.yeastar.swebtest.testcase.DetailCase.pbxcase.EmergencyNumber">
    <error type="com.codeborne.selenide.ex.ElementNotFound" message="Element not found {By.id: login-language-inputEl}
Expected: exist">
      <![CDATA[Element not found {By.id: login-language-inputEl}
Expected: exist
Screenshot: file:/F:/MyProject/SwebTest/pic/1539773760550.84.png
Timeout: 10 s.
Caused by: NoSuchElementException: no such element: Unable to locate element: {"method":"id","selector":"login-language-inputEl"}
	at com.codeborne.selenide.impl.WebElementSource.createElementNotFoundError(WebElementSource.java:31)
	at com.codeborne.selenide.impl.ElementFinder.createElementNotFoundError(ElementFinder.java:82)
	at com.codeborne.selenide.impl.WebElementSource.checkCondition(WebElementSource.java:59)
	at com.codeborne.selenide.commands.Should.should(Should.java:35)
	at com.codeborne.selenide.commands.Should.execute(Should.java:29)
	at com.codeborne.selenide.commands.Should.execute(Should.java:12)
	at com.codeborne.selenide.commands.Commands.execute(Commands.java:140)
	at com.codeborne.selenide.impl.SelenideElementProxy.dispatchAndRetry(SelenideElementProxy.java:86)
	at com.codeborne.selenide.impl.SelenideElementProxy.invoke(SelenideElementProxy.java:62)
	at com.sun.proxy.$Proxy6.should(Unknown Source)
	at com.yeastar.swebtest.driver.SwebDriver.click(SwebDriver.java:206)
	at com.yeastar.swebtest.driver.SwebDriver.select(SwebDriver.java:197)
	at com.yeastar.swebtest.driver.SwebDriver.login(SwebDriver.java:151)
	at com.yeastar.swebtest.driver.SwebDriver.login(SwebDriver.java:139)
	at com.yeastar.swebtest.testcase.DetailCase.pbxcase.PINList.BeforeClass(PINList.java:25)
	at sun.reflect.NativeMethodAccessorImpl.invoke0(Native Method)
	at sun.reflect.NativeMethodAccessorImpl.invoke(NativeMethodAccessorImpl.java:62)
	at sun.reflect.DelegatingMethodAccessorImpl.invoke(DelegatingMethodAccessorImpl.java:43)
	at java.lang.reflect.Method.invoke(Method.java:498)
	at org.testng.internal.MethodInvocationHelper.invokeMethod(MethodInvocationHelper.java:85)
	at org.testng.internal.Invoker.invokeConfigurationMethod(Invoker.java:510)
	at org.testng.internal.Invoker.invokeConfigurations(Invoker.java:211)
	at org.testng.internal.Invoker.invokeConfigurations(Invoker.java:138)
	at org.testng.internal.TestMethodWorker.invokeBeforeClassMethods(TestMethodWorker.java:170)
	at org.testng.internal.TestMethodWorker.run(TestMethodWorker.java:104)
	at org.testng.TestRunner.privateRun(TestRunner.java:774)
	at org.testng.TestRunner.run(TestRunner.java:624)
	at org.testng.SuiteRunner.runTest(SuiteRunner.java:359)
	at org.testng.SuiteRunner.runSequentially(SuiteRunner.java:354)
	at org.testng.SuiteRunner.privateRun(SuiteRunner.java:312)
	at org.testng.SuiteRunner.run(SuiteRunner.java:261)
	at org.testng.SuiteRunnerWorker.runSuite(SuiteRunnerWorker.java:52)
	at org.testng.SuiteRunnerWorker.run(SuiteRunnerWorker.java:86)
	at org.testng.TestNG.runSuitesSequentially(TestNG.java:1215)
	at org.testng.TestNG.runSuitesLocally(TestNG.java:1140)
	at org.testng.TestNG.run(TestNG.java:1048)
	at org.apache.maven.surefire.testng.TestNGExecutor.run(TestNGExecutor.java:293)
	at org.apache.maven.surefire.testng.TestNGXmlTestSuite.execute(TestNGXmlTestSuite.java:84)
	at org.apache.maven.surefire.testng.TestNGProvider.invoke(TestNGProvider.java:91)
	at org.apache.maven.surefire.booter.ForkedBooter.invokeProviderInSameClassLoader(ForkedBooter.java:200)
	at org.apache.maven.surefire.booter.ForkedBooter.runSuitesInProcess(ForkedBooter.java:153)
	at org.apache.maven.surefire.booter.ForkedBooter.main(ForkedBooter.java:103)
Caused by: org.openqa.selenium.NoSuchElementException: no such element: Unable to locate element: {"method":"id","selector":"login-language-inputEl"}
  (Session info: chrome=69.0.3497.100)
  (Driver info: chromedriver=2.42.591088 (7b2b2dca23cca0862f674758c9a3933e685c27d5),platform=Windows NT 6.1.7601 SP1 x86_64) (WARNING: The server did not provide any stacktrace information)
Command duration or timeout: 11 milliseconds
For documentation on this error, please visit: http://seleniumhq.org/exceptions/no_such_element.html
Build info: version: '2.53.1', revision: 'a36b8b1cd5757287168e54b817830adce9b0158d', time: '2016-06-30 19:26:09'
System info: host: 'Yeastar-PC', ip: '192.168.11.194', os.name: 'Windows 7', os.arch: 'x86', os.version: '6.1', java.version: '1.8.0_121'
Driver info: org.openqa.selenium.chrome.ChromeDriver
Capabilities [{mobileEmulationEnabled=false, hasTouchScreen=false, platform=XP, acceptSslCerts=false, goog:chromeOptions={debuggerAddress=localhost:23747}, acceptInsecureCerts=false, webStorageEnabled=true, browserName=chrome, takesScreenshot=true, javascriptEnabled=true, setWindowRect=true, unexpectedAlertBehaviour=, applicationCacheEnabled=false, rotatable=false, networkConnectionEnabled=false, chrome={chromedriverVersion=2.42.591088 (7b2b2dca23cca0862f674758c9a3933e685c27d5), userDataDir=C:\Users\Yeastar\AppData\Local\Temp\scoped_dir3852_3820}, takesHeapSnapshot=true, pageLoadStrategy=normal, databaseEnabled=false, handlesAlerts=true, version=69.0.3497.100, browserConnectionEnabled=false, nativeEvents=true, locationContextEnabled=true, cssSelectorsEnabled=true}]
Session ID: d3be694128271583ac260e31a4722891
*** Element info: {Using=id, value=login-language-inputEl}
	at sun.reflect.GeneratedConstructorAccessor26.newInstance(Unknown Source)
	at sun.reflect.DelegatingConstructorAccessorImpl.newInstance(DelegatingConstructorAccessorImpl.java:45)
	at java.lang.reflect.Constructor.newInstance(Constructor.java:423)
	at org.openqa.selenium.remote.ErrorHandler.createThrowable(ErrorHandler.java:206)
	at org.openqa.selenium.remote.ErrorHandler.throwIfResponseFailed(ErrorHandler.java:158)
	at org.openqa.selenium.remote.RemoteWebDriver.execute(RemoteWebDriver.java:678)
	at org.openqa.selenium.remote.RemoteWebDriver.findElement(RemoteWebDriver.java:363)
	at org.openqa.selenium.remote.RemoteWebDriver.findElementById(RemoteWebDriver.java:413)
	at org.openqa.selenium.By$ById.findElement(By.java:218)
	at org.openqa.selenium.remote.RemoteWebDriver.findElement(RemoteWebDriver.java:355)
	at com.codeborne.selenide.impl.WebElementSelector.findElement(WebElementSelector.java:28)
	at com.codeborne.selenide.impl.ElementFinder.getWebElement(ElementFinder.java:56)
	at com.codeborne.selenide.impl.WebElementSource.checkCondition(WebElementSource.java:44)
	... 39 more
]]>
    </error>
  </testcase> <!-- E3_PhyAndVoip -->
  <testcase name="G2_deleteOne_no" time="0.000" classname="com.yeastar.swebtest.testcase.DetailCase.pbxcase.EmergencyNumber">
    <error type="com.codeborne.selenide.ex.ElementNotFound" message="Element not found {By.id: login-language-inputEl}
Expected: exist">
      <![CDATA[Element not found {By.id: login-language-inputEl}
Expected: exist
Screenshot: file:/F:/MyProject/SwebTest/pic/1539773760550.84.png
Timeout: 10 s.
Caused by: NoSuchElementException: no such element: Unable to locate element: {"method":"id","selector":"login-language-inputEl"}
	at com.codeborne.selenide.impl.WebElementSource.createElementNotFoundError(WebElementSource.java:31)
	at com.codeborne.selenide.impl.ElementFinder.createElementNotFoundError(ElementFinder.java:82)
	at com.codeborne.selenide.impl.WebElementSource.checkCondition(WebElementSource.java:59)
	at com.codeborne.selenide.commands.Should.should(Should.java:35)
	at com.codeborne.selenide.commands.Should.execute(Should.java:29)
	at com.codeborne.selenide.commands.Should.execute(Should.java:12)
	at com.codeborne.selenide.commands.Commands.execute(Commands.java:140)
	at com.codeborne.selenide.impl.SelenideElementProxy.dispatchAndRetry(SelenideElementProxy.java:86)
	at com.codeborne.selenide.impl.SelenideElementProxy.invoke(SelenideElementProxy.java:62)
	at com.sun.proxy.$Proxy6.should(Unknown Source)
	at com.yeastar.swebtest.driver.SwebDriver.click(SwebDriver.java:206)
	at com.yeastar.swebtest.driver.SwebDriver.select(SwebDriver.java:197)
	at com.yeastar.swebtest.driver.SwebDriver.login(SwebDriver.java:151)
	at com.yeastar.swebtest.driver.SwebDriver.login(SwebDriver.java:139)
	at com.yeastar.swebtest.testcase.DetailCase.pbxcase.PINList.BeforeClass(PINList.java:25)
	at sun.reflect.NativeMethodAccessorImpl.invoke0(Native Method)
	at sun.reflect.NativeMethodAccessorImpl.invoke(NativeMethodAccessorImpl.java:62)
	at sun.reflect.DelegatingMethodAccessorImpl.invoke(DelegatingMethodAccessorImpl.java:43)
	at java.lang.reflect.Method.invoke(Method.java:498)
	at org.testng.internal.MethodInvocationHelper.invokeMethod(MethodInvocationHelper.java:85)
	at org.testng.internal.Invoker.invokeConfigurationMethod(Invoker.java:510)
	at org.testng.internal.Invoker.invokeConfigurations(Invoker.java:211)
	at org.testng.internal.Invoker.invokeConfigurations(Invoker.java:138)
	at org.testng.internal.TestMethodWorker.invokeBeforeClassMethods(TestMethodWorker.java:170)
	at org.testng.internal.TestMethodWorker.run(TestMethodWorker.java:104)
	at org.testng.TestRunner.privateRun(TestRunner.java:774)
	at org.testng.TestRunner.run(TestRunner.java:624)
	at org.testng.SuiteRunner.runTest(SuiteRunner.java:359)
	at org.testng.SuiteRunner.runSequentially(SuiteRunner.java:354)
	at org.testng.SuiteRunner.privateRun(SuiteRunner.java:312)
	at org.testng.SuiteRunner.run(SuiteRunner.java:261)
	at org.testng.SuiteRunnerWorker.runSuite(SuiteRunnerWorker.java:52)
	at org.testng.SuiteRunnerWorker.run(SuiteRunnerWorker.java:86)
	at org.testng.TestNG.runSuitesSequentially(TestNG.java:1215)
	at org.testng.TestNG.runSuitesLocally(TestNG.java:1140)
	at org.testng.TestNG.run(TestNG.java:1048)
	at org.apache.maven.surefire.testng.TestNGExecutor.run(TestNGExecutor.java:293)
	at org.apache.maven.surefire.testng.TestNGXmlTestSuite.execute(TestNGXmlTestSuite.java:84)
	at org.apache.maven.surefire.testng.TestNGProvider.invoke(TestNGProvider.java:91)
	at org.apache.maven.surefire.booter.ForkedBooter.invokeProviderInSameClassLoader(ForkedBooter.java:200)
	at org.apache.maven.surefire.booter.ForkedBooter.runSuitesInProcess(ForkedBooter.java:153)
	at org.apache.maven.surefire.booter.ForkedBooter.main(ForkedBooter.java:103)
Caused by: org.openqa.selenium.NoSuchElementException: no such element: Unable to locate element: {"method":"id","selector":"login-language-inputEl"}
  (Session info: chrome=69.0.3497.100)
  (Driver info: chromedriver=2.42.591088 (7b2b2dca23cca0862f674758c9a3933e685c27d5),platform=Windows NT 6.1.7601 SP1 x86_64) (WARNING: The server did not provide any stacktrace information)
Command duration or timeout: 11 milliseconds
For documentation on this error, please visit: http://seleniumhq.org/exceptions/no_such_element.html
Build info: version: '2.53.1', revision: 'a36b8b1cd5757287168e54b817830adce9b0158d', time: '2016-06-30 19:26:09'
System info: host: 'Yeastar-PC', ip: '192.168.11.194', os.name: 'Windows 7', os.arch: 'x86', os.version: '6.1', java.version: '1.8.0_121'
Driver info: org.openqa.selenium.chrome.ChromeDriver
Capabilities [{mobileEmulationEnabled=false, hasTouchScreen=false, platform=XP, acceptSslCerts=false, goog:chromeOptions={debuggerAddress=localhost:23747}, acceptInsecureCerts=false, webStorageEnabled=true, browserName=chrome, takesScreenshot=true, javascriptEnabled=true, setWindowRect=true, unexpectedAlertBehaviour=, applicationCacheEnabled=false, rotatable=false, networkConnectionEnabled=false, chrome={chromedriverVersion=2.42.591088 (7b2b2dca23cca0862f674758c9a3933e685c27d5), userDataDir=C:\Users\Yeastar\AppData\Local\Temp\scoped_dir3852_3820}, takesHeapSnapshot=true, pageLoadStrategy=normal, databaseEnabled=false, handlesAlerts=true, version=69.0.3497.100, browserConnectionEnabled=false, nativeEvents=true, locationContextEnabled=true, cssSelectorsEnabled=true}]
Session ID: d3be694128271583ac260e31a4722891
*** Element info: {Using=id, value=login-language-inputEl}
	at sun.reflect.GeneratedConstructorAccessor26.newInstance(Unknown Source)
	at sun.reflect.DelegatingConstructorAccessorImpl.newInstance(DelegatingConstructorAccessorImpl.java:45)
	at java.lang.reflect.Constructor.newInstance(Constructor.java:423)
	at org.openqa.selenium.remote.ErrorHandler.createThrowable(ErrorHandler.java:206)
	at org.openqa.selenium.remote.ErrorHandler.throwIfResponseFailed(ErrorHandler.java:158)
	at org.openqa.selenium.remote.RemoteWebDriver.execute(RemoteWebDriver.java:678)
	at org.openqa.selenium.remote.RemoteWebDriver.findElement(RemoteWebDriver.java:363)
	at org.openqa.selenium.remote.RemoteWebDriver.findElementById(RemoteWebDriver.java:413)
	at org.openqa.selenium.By$ById.findElement(By.java:218)
	at org.openqa.selenium.remote.RemoteWebDriver.findElement(RemoteWebDriver.java:355)
	at com.codeborne.selenide.impl.WebElementSelector.findElement(WebElementSelector.java:28)
	at com.codeborne.selenide.impl.ElementFinder.getWebElement(ElementFinder.java:56)
	at com.codeborne.selenide.impl.WebElementSource.checkCondition(WebElementSource.java:44)
	... 39 more
]]>
    </error>
  </testcase> <!-- G2_deleteOne_no -->
  <testcase name="A4_recoveryEventCenter" time="0.000" classname="com.yeastar.swebtest.testcase.DetailCase.pbxcase.EmergencyNumber">
    <error type="com.codeborne.selenide.ex.ElementNotFound" message="Element not found {By.id: login-language-inputEl}
Expected: exist">
      <![CDATA[Element not found {By.id: login-language-inputEl}
Expected: exist
Screenshot: file:/F:/MyProject/SwebTest/pic/1539773760550.84.png
Timeout: 10 s.
Caused by: NoSuchElementException: no such element: Unable to locate element: {"method":"id","selector":"login-language-inputEl"}
	at com.codeborne.selenide.impl.WebElementSource.createElementNotFoundError(WebElementSource.java:31)
	at com.codeborne.selenide.impl.ElementFinder.createElementNotFoundError(ElementFinder.java:82)
	at com.codeborne.selenide.impl.WebElementSource.checkCondition(WebElementSource.java:59)
	at com.codeborne.selenide.commands.Should.should(Should.java:35)
	at com.codeborne.selenide.commands.Should.execute(Should.java:29)
	at com.codeborne.selenide.commands.Should.execute(Should.java:12)
	at com.codeborne.selenide.commands.Commands.execute(Commands.java:140)
	at com.codeborne.selenide.impl.SelenideElementProxy.dispatchAndRetry(SelenideElementProxy.java:86)
	at com.codeborne.selenide.impl.SelenideElementProxy.invoke(SelenideElementProxy.java:62)
	at com.sun.proxy.$Proxy6.should(Unknown Source)
	at com.yeastar.swebtest.driver.SwebDriver.click(SwebDriver.java:206)
	at com.yeastar.swebtest.driver.SwebDriver.select(SwebDriver.java:197)
	at com.yeastar.swebtest.driver.SwebDriver.login(SwebDriver.java:151)
	at com.yeastar.swebtest.driver.SwebDriver.login(SwebDriver.java:139)
	at com.yeastar.swebtest.testcase.DetailCase.pbxcase.PINList.BeforeClass(PINList.java:25)
	at sun.reflect.NativeMethodAccessorImpl.invoke0(Native Method)
	at sun.reflect.NativeMethodAccessorImpl.invoke(NativeMethodAccessorImpl.java:62)
	at sun.reflect.DelegatingMethodAccessorImpl.invoke(DelegatingMethodAccessorImpl.java:43)
	at java.lang.reflect.Method.invoke(Method.java:498)
	at org.testng.internal.MethodInvocationHelper.invokeMethod(MethodInvocationHelper.java:85)
	at org.testng.internal.Invoker.invokeConfigurationMethod(Invoker.java:510)
	at org.testng.internal.Invoker.invokeConfigurations(Invoker.java:211)
	at org.testng.internal.Invoker.invokeConfigurations(Invoker.java:138)
	at org.testng.internal.TestMethodWorker.invokeBeforeClassMethods(TestMethodWorker.java:170)
	at org.testng.internal.TestMethodWorker.run(TestMethodWorker.java:104)
	at org.testng.TestRunner.privateRun(TestRunner.java:774)
	at org.testng.TestRunner.run(TestRunner.java:624)
	at org.testng.SuiteRunner.runTest(SuiteRunner.java:359)
	at org.testng.SuiteRunner.runSequentially(SuiteRunner.java:354)
	at org.testng.SuiteRunner.privateRun(SuiteRunner.java:312)
	at org.testng.SuiteRunner.run(SuiteRunner.java:261)
	at org.testng.SuiteRunnerWorker.runSuite(SuiteRunnerWorker.java:52)
	at org.testng.SuiteRunnerWorker.run(SuiteRunnerWorker.java:86)
	at org.testng.TestNG.runSuitesSequentially(TestNG.java:1215)
	at org.testng.TestNG.runSuitesLocally(TestNG.java:1140)
	at org.testng.TestNG.run(TestNG.java:1048)
	at org.apache.maven.surefire.testng.TestNGExecutor.run(TestNGExecutor.java:293)
	at org.apache.maven.surefire.testng.TestNGXmlTestSuite.execute(TestNGXmlTestSuite.java:84)
	at org.apache.maven.surefire.testng.TestNGProvider.invoke(TestNGProvider.java:91)
	at org.apache.maven.surefire.booter.ForkedBooter.invokeProviderInSameClassLoader(ForkedBooter.java:200)
	at org.apache.maven.surefire.booter.ForkedBooter.runSuitesInProcess(ForkedBooter.java:153)
	at org.apache.maven.surefire.booter.ForkedBooter.main(ForkedBooter.java:103)
Caused by: org.openqa.selenium.NoSuchElementException: no such element: Unable to locate element: {"method":"id","selector":"login-language-inputEl"}
  (Session info: chrome=69.0.3497.100)
  (Driver info: chromedriver=2.42.591088 (7b2b2dca23cca0862f674758c9a3933e685c27d5),platform=Windows NT 6.1.7601 SP1 x86_64) (WARNING: The server did not provide any stacktrace information)
Command duration or timeout: 11 milliseconds
For documentation on this error, please visit: http://seleniumhq.org/exceptions/no_such_element.html
Build info: version: '2.53.1', revision: 'a36b8b1cd5757287168e54b817830adce9b0158d', time: '2016-06-30 19:26:09'
System info: host: 'Yeastar-PC', ip: '192.168.11.194', os.name: 'Windows 7', os.arch: 'x86', os.version: '6.1', java.version: '1.8.0_121'
Driver info: org.openqa.selenium.chrome.ChromeDriver
Capabilities [{mobileEmulationEnabled=false, hasTouchScreen=false, platform=XP, acceptSslCerts=false, goog:chromeOptions={debuggerAddress=localhost:23747}, acceptInsecureCerts=false, webStorageEnabled=true, browserName=chrome, takesScreenshot=true, javascriptEnabled=true, setWindowRect=true, unexpectedAlertBehaviour=, applicationCacheEnabled=false, rotatable=false, networkConnectionEnabled=false, chrome={chromedriverVersion=2.42.591088 (7b2b2dca23cca0862f674758c9a3933e685c27d5), userDataDir=C:\Users\Yeastar\AppData\Local\Temp\scoped_dir3852_3820}, takesHeapSnapshot=true, pageLoadStrategy=normal, databaseEnabled=false, handlesAlerts=true, version=69.0.3497.100, browserConnectionEnabled=false, nativeEvents=true, locationContextEnabled=true, cssSelectorsEnabled=true}]
Session ID: d3be694128271583ac260e31a4722891
*** Element info: {Using=id, value=login-language-inputEl}
	at sun.reflect.GeneratedConstructorAccessor26.newInstance(Unknown Source)
	at sun.reflect.DelegatingConstructorAccessorImpl.newInstance(DelegatingConstructorAccessorImpl.java:45)
	at java.lang.reflect.Constructor.newInstance(Constructor.java:423)
	at org.openqa.selenium.remote.ErrorHandler.createThrowable(ErrorHandler.java:206)
	at org.openqa.selenium.remote.ErrorHandler.throwIfResponseFailed(ErrorHandler.java:158)
	at org.openqa.selenium.remote.RemoteWebDriver.execute(RemoteWebDriver.java:678)
	at org.openqa.selenium.remote.RemoteWebDriver.findElement(RemoteWebDriver.java:363)
	at org.openqa.selenium.remote.RemoteWebDriver.findElementById(RemoteWebDriver.java:413)
	at org.openqa.selenium.By$ById.findElement(By.java:218)
	at org.openqa.selenium.remote.RemoteWebDriver.findElement(RemoteWebDriver.java:355)
	at com.codeborne.selenide.impl.WebElementSelector.findElement(WebElementSelector.java:28)
	at com.codeborne.selenide.impl.ElementFinder.getWebElement(ElementFinder.java:56)
	at com.codeborne.selenide.impl.WebElementSource.checkCondition(WebElementSource.java:44)
	... 39 more
]]>
    </error>
  </testcase> <!-- A4_recoveryEventCenter -->
  <testcase name="D4_check_spx" time="0.000" classname="com.yeastar.swebtest.testcase.DetailCase.pbxcase.EmergencyNumber">
    <error type="com.codeborne.selenide.ex.ElementNotFound" message="Element not found {By.id: login-language-inputEl}
Expected: exist">
      <![CDATA[Element not found {By.id: login-language-inputEl}
Expected: exist
Screenshot: file:/F:/MyProject/SwebTest/pic/1539773760550.84.png
Timeout: 10 s.
Caused by: NoSuchElementException: no such element: Unable to locate element: {"method":"id","selector":"login-language-inputEl"}
	at com.codeborne.selenide.impl.WebElementSource.createElementNotFoundError(WebElementSource.java:31)
	at com.codeborne.selenide.impl.ElementFinder.createElementNotFoundError(ElementFinder.java:82)
	at com.codeborne.selenide.impl.WebElementSource.checkCondition(WebElementSource.java:59)
	at com.codeborne.selenide.commands.Should.should(Should.java:35)
	at com.codeborne.selenide.commands.Should.execute(Should.java:29)
	at com.codeborne.selenide.commands.Should.execute(Should.java:12)
	at com.codeborne.selenide.commands.Commands.execute(Commands.java:140)
	at com.codeborne.selenide.impl.SelenideElementProxy.dispatchAndRetry(SelenideElementProxy.java:86)
	at com.codeborne.selenide.impl.SelenideElementProxy.invoke(SelenideElementProxy.java:62)
	at com.sun.proxy.$Proxy6.should(Unknown Source)
	at com.yeastar.swebtest.driver.SwebDriver.click(SwebDriver.java:206)
	at com.yeastar.swebtest.driver.SwebDriver.select(SwebDriver.java:197)
	at com.yeastar.swebtest.driver.SwebDriver.login(SwebDriver.java:151)
	at com.yeastar.swebtest.driver.SwebDriver.login(SwebDriver.java:139)
	at com.yeastar.swebtest.testcase.DetailCase.pbxcase.PINList.BeforeClass(PINList.java:25)
	at sun.reflect.NativeMethodAccessorImpl.invoke0(Native Method)
	at sun.reflect.NativeMethodAccessorImpl.invoke(NativeMethodAccessorImpl.java:62)
	at sun.reflect.DelegatingMethodAccessorImpl.invoke(DelegatingMethodAccessorImpl.java:43)
	at java.lang.reflect.Method.invoke(Method.java:498)
	at org.testng.internal.MethodInvocationHelper.invokeMethod(MethodInvocationHelper.java:85)
	at org.testng.internal.Invoker.invokeConfigurationMethod(Invoker.java:510)
	at org.testng.internal.Invoker.invokeConfigurations(Invoker.java:211)
	at org.testng.internal.Invoker.invokeConfigurations(Invoker.java:138)
	at org.testng.internal.TestMethodWorker.invokeBeforeClassMethods(TestMethodWorker.java:170)
	at org.testng.internal.TestMethodWorker.run(TestMethodWorker.java:104)
	at org.testng.TestRunner.privateRun(TestRunner.java:774)
	at org.testng.TestRunner.run(TestRunner.java:624)
	at org.testng.SuiteRunner.runTest(SuiteRunner.java:359)
	at org.testng.SuiteRunner.runSequentially(SuiteRunner.java:354)
	at org.testng.SuiteRunner.privateRun(SuiteRunner.java:312)
	at org.testng.SuiteRunner.run(SuiteRunner.java:261)
	at org.testng.SuiteRunnerWorker.runSuite(SuiteRunnerWorker.java:52)
	at org.testng.SuiteRunnerWorker.run(SuiteRunnerWorker.java:86)
	at org.testng.TestNG.runSuitesSequentially(TestNG.java:1215)
	at org.testng.TestNG.runSuitesLocally(TestNG.java:1140)
	at org.testng.TestNG.run(TestNG.java:1048)
	at org.apache.maven.surefire.testng.TestNGExecutor.run(TestNGExecutor.java:293)
	at org.apache.maven.surefire.testng.TestNGXmlTestSuite.execute(TestNGXmlTestSuite.java:84)
	at org.apache.maven.surefire.testng.TestNGProvider.invoke(TestNGProvider.java:91)
	at org.apache.maven.surefire.booter.ForkedBooter.invokeProviderInSameClassLoader(ForkedBooter.java:200)
	at org.apache.maven.surefire.booter.ForkedBooter.runSuitesInProcess(ForkedBooter.java:153)
	at org.apache.maven.surefire.booter.ForkedBooter.main(ForkedBooter.java:103)
Caused by: org.openqa.selenium.NoSuchElementException: no such element: Unable to locate element: {"method":"id","selector":"login-language-inputEl"}
  (Session info: chrome=69.0.3497.100)
  (Driver info: chromedriver=2.42.591088 (7b2b2dca23cca0862f674758c9a3933e685c27d5),platform=Windows NT 6.1.7601 SP1 x86_64) (WARNING: The server did not provide any stacktrace information)
Command duration or timeout: 11 milliseconds
For documentation on this error, please visit: http://seleniumhq.org/exceptions/no_such_element.html
Build info: version: '2.53.1', revision: 'a36b8b1cd5757287168e54b817830adce9b0158d', time: '2016-06-30 19:26:09'
System info: host: 'Yeastar-PC', ip: '192.168.11.194', os.name: 'Windows 7', os.arch: 'x86', os.version: '6.1', java.version: '1.8.0_121'
Driver info: org.openqa.selenium.chrome.ChromeDriver
Capabilities [{mobileEmulationEnabled=false, hasTouchScreen=false, platform=XP, acceptSslCerts=false, goog:chromeOptions={debuggerAddress=localhost:23747}, acceptInsecureCerts=false, webStorageEnabled=true, browserName=chrome, takesScreenshot=true, javascriptEnabled=true, setWindowRect=true, unexpectedAlertBehaviour=, applicationCacheEnabled=false, rotatable=false, networkConnectionEnabled=false, chrome={chromedriverVersion=2.42.591088 (7b2b2dca23cca0862f674758c9a3933e685c27d5), userDataDir=C:\Users\Yeastar\AppData\Local\Temp\scoped_dir3852_3820}, takesHeapSnapshot=true, pageLoadStrategy=normal, databaseEnabled=false, handlesAlerts=true, version=69.0.3497.100, browserConnectionEnabled=false, nativeEvents=true, locationContextEnabled=true, cssSelectorsEnabled=true}]
Session ID: d3be694128271583ac260e31a4722891
*** Element info: {Using=id, value=login-language-inputEl}
	at sun.reflect.GeneratedConstructorAccessor26.newInstance(Unknown Source)
	at sun.reflect.DelegatingConstructorAccessorImpl.newInstance(DelegatingConstructorAccessorImpl.java:45)
	at java.lang.reflect.Constructor.newInstance(Constructor.java:423)
	at org.openqa.selenium.remote.ErrorHandler.createThrowable(ErrorHandler.java:206)
	at org.openqa.selenium.remote.ErrorHandler.throwIfResponseFailed(ErrorHandler.java:158)
	at org.openqa.selenium.remote.RemoteWebDriver.execute(RemoteWebDriver.java:678)
	at org.openqa.selenium.remote.RemoteWebDriver.findElement(RemoteWebDriver.java:363)
	at org.openqa.selenium.remote.RemoteWebDriver.findElementById(RemoteWebDriver.java:413)
	at org.openqa.selenium.By$ById.findElement(By.java:218)
	at org.openqa.selenium.remote.RemoteWebDriver.findElement(RemoteWebDriver.java:355)
	at com.codeborne.selenide.impl.WebElementSelector.findElement(WebElementSelector.java:28)
	at com.codeborne.selenide.impl.ElementFinder.getWebElement(ElementFinder.java:56)
	at com.codeborne.selenide.impl.WebElementSource.checkCondition(WebElementSource.java:44)
	... 39 more
]]>
    </error>
  </testcase> <!-- D4_check_spx -->
  <testcase name="C2_checkUnavailTrunk" time="0.000" classname="com.yeastar.swebtest.testcase.DetailCase.pbxcase.EmergencyNumber">
    <error type="com.codeborne.selenide.ex.ElementNotFound" message="Element not found {By.id: login-language-inputEl}
Expected: exist">
      <![CDATA[Element not found {By.id: login-language-inputEl}
Expected: exist
Screenshot: file:/F:/MyProject/SwebTest/pic/1539773760550.84.png
Timeout: 10 s.
Caused by: NoSuchElementException: no such element: Unable to locate element: {"method":"id","selector":"login-language-inputEl"}
	at com.codeborne.selenide.impl.WebElementSource.createElementNotFoundError(WebElementSource.java:31)
	at com.codeborne.selenide.impl.ElementFinder.createElementNotFoundError(ElementFinder.java:82)
	at com.codeborne.selenide.impl.WebElementSource.checkCondition(WebElementSource.java:59)
	at com.codeborne.selenide.commands.Should.should(Should.java:35)
	at com.codeborne.selenide.commands.Should.execute(Should.java:29)
	at com.codeborne.selenide.commands.Should.execute(Should.java:12)
	at com.codeborne.selenide.commands.Commands.execute(Commands.java:140)
	at com.codeborne.selenide.impl.SelenideElementProxy.dispatchAndRetry(SelenideElementProxy.java:86)
	at com.codeborne.selenide.impl.SelenideElementProxy.invoke(SelenideElementProxy.java:62)
	at com.sun.proxy.$Proxy6.should(Unknown Source)
	at com.yeastar.swebtest.driver.SwebDriver.click(SwebDriver.java:206)
	at com.yeastar.swebtest.driver.SwebDriver.select(SwebDriver.java:197)
	at com.yeastar.swebtest.driver.SwebDriver.login(SwebDriver.java:151)
	at com.yeastar.swebtest.driver.SwebDriver.login(SwebDriver.java:139)
	at com.yeastar.swebtest.testcase.DetailCase.pbxcase.PINList.BeforeClass(PINList.java:25)
	at sun.reflect.NativeMethodAccessorImpl.invoke0(Native Method)
	at sun.reflect.NativeMethodAccessorImpl.invoke(NativeMethodAccessorImpl.java:62)
	at sun.reflect.DelegatingMethodAccessorImpl.invoke(DelegatingMethodAccessorImpl.java:43)
	at java.lang.reflect.Method.invoke(Method.java:498)
	at org.testng.internal.MethodInvocationHelper.invokeMethod(MethodInvocationHelper.java:85)
	at org.testng.internal.Invoker.invokeConfigurationMethod(Invoker.java:510)
	at org.testng.internal.Invoker.invokeConfigurations(Invoker.java:211)
	at org.testng.internal.Invoker.invokeConfigurations(Invoker.java:138)
	at org.testng.internal.TestMethodWorker.invokeBeforeClassMethods(TestMethodWorker.java:170)
	at org.testng.internal.TestMethodWorker.run(TestMethodWorker.java:104)
	at org.testng.TestRunner.privateRun(TestRunner.java:774)
	at org.testng.TestRunner.run(TestRunner.java:624)
	at org.testng.SuiteRunner.runTest(SuiteRunner.java:359)
	at org.testng.SuiteRunner.runSequentially(SuiteRunner.java:354)
	at org.testng.SuiteRunner.privateRun(SuiteRunner.java:312)
	at org.testng.SuiteRunner.run(SuiteRunner.java:261)
	at org.testng.SuiteRunnerWorker.runSuite(SuiteRunnerWorker.java:52)
	at org.testng.SuiteRunnerWorker.run(SuiteRunnerWorker.java:86)
	at org.testng.TestNG.runSuitesSequentially(TestNG.java:1215)
	at org.testng.TestNG.runSuitesLocally(TestNG.java:1140)
	at org.testng.TestNG.run(TestNG.java:1048)
	at org.apache.maven.surefire.testng.TestNGExecutor.run(TestNGExecutor.java:293)
	at org.apache.maven.surefire.testng.TestNGXmlTestSuite.execute(TestNGXmlTestSuite.java:84)
	at org.apache.maven.surefire.testng.TestNGProvider.invoke(TestNGProvider.java:91)
	at org.apache.maven.surefire.booter.ForkedBooter.invokeProviderInSameClassLoader(ForkedBooter.java:200)
	at org.apache.maven.surefire.booter.ForkedBooter.runSuitesInProcess(ForkedBooter.java:153)
	at org.apache.maven.surefire.booter.ForkedBooter.main(ForkedBooter.java:103)
Caused by: org.openqa.selenium.NoSuchElementException: no such element: Unable to locate element: {"method":"id","selector":"login-language-inputEl"}
  (Session info: chrome=69.0.3497.100)
  (Driver info: chromedriver=2.42.591088 (7b2b2dca23cca0862f674758c9a3933e685c27d5),platform=Windows NT 6.1.7601 SP1 x86_64) (WARNING: The server did not provide any stacktrace information)
Command duration or timeout: 11 milliseconds
For documentation on this error, please visit: http://seleniumhq.org/exceptions/no_such_element.html
Build info: version: '2.53.1', revision: 'a36b8b1cd5757287168e54b817830adce9b0158d', time: '2016-06-30 19:26:09'
System info: host: 'Yeastar-PC', ip: '192.168.11.194', os.name: 'Windows 7', os.arch: 'x86', os.version: '6.1', java.version: '1.8.0_121'
Driver info: org.openqa.selenium.chrome.ChromeDriver
Capabilities [{mobileEmulationEnabled=false, hasTouchScreen=false, platform=XP, acceptSslCerts=false, goog:chromeOptions={debuggerAddress=localhost:23747}, acceptInsecureCerts=false, webStorageEnabled=true, browserName=chrome, takesScreenshot=true, javascriptEnabled=true, setWindowRect=true, unexpectedAlertBehaviour=, applicationCacheEnabled=false, rotatable=false, networkConnectionEnabled=false, chrome={chromedriverVersion=2.42.591088 (7b2b2dca23cca0862f674758c9a3933e685c27d5), userDataDir=C:\Users\Yeastar\AppData\Local\Temp\scoped_dir3852_3820}, takesHeapSnapshot=true, pageLoadStrategy=normal, databaseEnabled=false, handlesAlerts=true, version=69.0.3497.100, browserConnectionEnabled=false, nativeEvents=true, locationContextEnabled=true, cssSelectorsEnabled=true}]
Session ID: d3be694128271583ac260e31a4722891
*** Element info: {Using=id, value=login-language-inputEl}
	at sun.reflect.GeneratedConstructorAccessor26.newInstance(Unknown Source)
	at sun.reflect.DelegatingConstructorAccessorImpl.newInstance(DelegatingConstructorAccessorImpl.java:45)
	at java.lang.reflect.Constructor.newInstance(Constructor.java:423)
	at org.openqa.selenium.remote.ErrorHandler.createThrowable(ErrorHandler.java:206)
	at org.openqa.selenium.remote.ErrorHandler.throwIfResponseFailed(ErrorHandler.java:158)
	at org.openqa.selenium.remote.RemoteWebDriver.execute(RemoteWebDriver.java:678)
	at org.openqa.selenium.remote.RemoteWebDriver.findElement(RemoteWebDriver.java:363)
	at org.openqa.selenium.remote.RemoteWebDriver.findElementById(RemoteWebDriver.java:413)
	at org.openqa.selenium.By$ById.findElement(By.java:218)
	at org.openqa.selenium.remote.RemoteWebDriver.findElement(RemoteWebDriver.java:355)
	at com.codeborne.selenide.impl.WebElementSelector.findElement(WebElementSelector.java:28)
	at com.codeborne.selenide.impl.ElementFinder.getWebElement(ElementFinder.java:56)
	at com.codeborne.selenide.impl.WebElementSource.checkCondition(WebElementSource.java:44)
	... 39 more
]]>
    </error>
  </testcase> <!-- C2_checkUnavailTrunk -->
  <testcase name="G6_deleteAll_no" time="0.000" classname="com.yeastar.swebtest.testcase.DetailCase.pbxcase.EmergencyNumber">
    <error type="com.codeborne.selenide.ex.ElementNotFound" message="Element not found {By.id: login-language-inputEl}
Expected: exist">
      <![CDATA[Element not found {By.id: login-language-inputEl}
Expected: exist
Screenshot: file:/F:/MyProject/SwebTest/pic/1539773760550.84.png
Timeout: 10 s.
Caused by: NoSuchElementException: no such element: Unable to locate element: {"method":"id","selector":"login-language-inputEl"}
	at com.codeborne.selenide.impl.WebElementSource.createElementNotFoundError(WebElementSource.java:31)
	at com.codeborne.selenide.impl.ElementFinder.createElementNotFoundError(ElementFinder.java:82)
	at com.codeborne.selenide.impl.WebElementSource.checkCondition(WebElementSource.java:59)
	at com.codeborne.selenide.commands.Should.should(Should.java:35)
	at com.codeborne.selenide.commands.Should.execute(Should.java:29)
	at com.codeborne.selenide.commands.Should.execute(Should.java:12)
	at com.codeborne.selenide.commands.Commands.execute(Commands.java:140)
	at com.codeborne.selenide.impl.SelenideElementProxy.dispatchAndRetry(SelenideElementProxy.java:86)
	at com.codeborne.selenide.impl.SelenideElementProxy.invoke(SelenideElementProxy.java:62)
	at com.sun.proxy.$Proxy6.should(Unknown Source)
	at com.yeastar.swebtest.driver.SwebDriver.click(SwebDriver.java:206)
	at com.yeastar.swebtest.driver.SwebDriver.select(SwebDriver.java:197)
	at com.yeastar.swebtest.driver.SwebDriver.login(SwebDriver.java:151)
	at com.yeastar.swebtest.driver.SwebDriver.login(SwebDriver.java:139)
	at com.yeastar.swebtest.testcase.DetailCase.pbxcase.PINList.BeforeClass(PINList.java:25)
	at sun.reflect.NativeMethodAccessorImpl.invoke0(Native Method)
	at sun.reflect.NativeMethodAccessorImpl.invoke(NativeMethodAccessorImpl.java:62)
	at sun.reflect.DelegatingMethodAccessorImpl.invoke(DelegatingMethodAccessorImpl.java:43)
	at java.lang.reflect.Method.invoke(Method.java:498)
	at org.testng.internal.MethodInvocationHelper.invokeMethod(MethodInvocationHelper.java:85)
	at org.testng.internal.Invoker.invokeConfigurationMethod(Invoker.java:510)
	at org.testng.internal.Invoker.invokeConfigurations(Invoker.java:211)
	at org.testng.internal.Invoker.invokeConfigurations(Invoker.java:138)
	at org.testng.internal.TestMethodWorker.invokeBeforeClassMethods(TestMethodWorker.java:170)
	at org.testng.internal.TestMethodWorker.run(TestMethodWorker.java:104)
	at org.testng.TestRunner.privateRun(TestRunner.java:774)
	at org.testng.TestRunner.run(TestRunner.java:624)
	at org.testng.SuiteRunner.runTest(SuiteRunner.java:359)
	at org.testng.SuiteRunner.runSequentially(SuiteRunner.java:354)
	at org.testng.SuiteRunner.privateRun(SuiteRunner.java:312)
	at org.testng.SuiteRunner.run(SuiteRunner.java:261)
	at org.testng.SuiteRunnerWorker.runSuite(SuiteRunnerWorker.java:52)
	at org.testng.SuiteRunnerWorker.run(SuiteRunnerWorker.java:86)
	at org.testng.TestNG.runSuitesSequentially(TestNG.java:1215)
	at org.testng.TestNG.runSuitesLocally(TestNG.java:1140)
	at org.testng.TestNG.run(TestNG.java:1048)
	at org.apache.maven.surefire.testng.TestNGExecutor.run(TestNGExecutor.java:293)
	at org.apache.maven.surefire.testng.TestNGXmlTestSuite.execute(TestNGXmlTestSuite.java:84)
	at org.apache.maven.surefire.testng.TestNGProvider.invoke(TestNGProvider.java:91)
	at org.apache.maven.surefire.booter.ForkedBooter.invokeProviderInSameClassLoader(ForkedBooter.java:200)
	at org.apache.maven.surefire.booter.ForkedBooter.runSuitesInProcess(ForkedBooter.java:153)
	at org.apache.maven.surefire.booter.ForkedBooter.main(ForkedBooter.java:103)
Caused by: org.openqa.selenium.NoSuchElementException: no such element: Unable to locate element: {"method":"id","selector":"login-language-inputEl"}
  (Session info: chrome=69.0.3497.100)
  (Driver info: chromedriver=2.42.591088 (7b2b2dca23cca0862f674758c9a3933e685c27d5),platform=Windows NT 6.1.7601 SP1 x86_64) (WARNING: The server did not provide any stacktrace information)
Command duration or timeout: 11 milliseconds
For documentation on this error, please visit: http://seleniumhq.org/exceptions/no_such_element.html
Build info: version: '2.53.1', revision: 'a36b8b1cd5757287168e54b817830adce9b0158d', time: '2016-06-30 19:26:09'
System info: host: 'Yeastar-PC', ip: '192.168.11.194', os.name: 'Windows 7', os.arch: 'x86', os.version: '6.1', java.version: '1.8.0_121'
Driver info: org.openqa.selenium.chrome.ChromeDriver
Capabilities [{mobileEmulationEnabled=false, hasTouchScreen=false, platform=XP, acceptSslCerts=false, goog:chromeOptions={debuggerAddress=localhost:23747}, acceptInsecureCerts=false, webStorageEnabled=true, browserName=chrome, takesScreenshot=true, javascriptEnabled=true, setWindowRect=true, unexpectedAlertBehaviour=, applicationCacheEnabled=false, rotatable=false, networkConnectionEnabled=false, chrome={chromedriverVersion=2.42.591088 (7b2b2dca23cca0862f674758c9a3933e685c27d5), userDataDir=C:\Users\Yeastar\AppData\Local\Temp\scoped_dir3852_3820}, takesHeapSnapshot=true, pageLoadStrategy=normal, databaseEnabled=false, handlesAlerts=true, version=69.0.3497.100, browserConnectionEnabled=false, nativeEvents=true, locationContextEnabled=true, cssSelectorsEnabled=true}]
Session ID: d3be694128271583ac260e31a4722891
*** Element info: {Using=id, value=login-language-inputEl}
	at sun.reflect.GeneratedConstructorAccessor26.newInstance(Unknown Source)
	at sun.reflect.DelegatingConstructorAccessorImpl.newInstance(DelegatingConstructorAccessorImpl.java:45)
	at java.lang.reflect.Constructor.newInstance(Constructor.java:423)
	at org.openqa.selenium.remote.ErrorHandler.createThrowable(ErrorHandler.java:206)
	at org.openqa.selenium.remote.ErrorHandler.throwIfResponseFailed(ErrorHandler.java:158)
	at org.openqa.selenium.remote.RemoteWebDriver.execute(RemoteWebDriver.java:678)
	at org.openqa.selenium.remote.RemoteWebDriver.findElement(RemoteWebDriver.java:363)
	at org.openqa.selenium.remote.RemoteWebDriver.findElementById(RemoteWebDriver.java:413)
	at org.openqa.selenium.By$ById.findElement(By.java:218)
	at org.openqa.selenium.remote.RemoteWebDriver.findElement(RemoteWebDriver.java:355)
	at com.codeborne.selenide.impl.WebElementSelector.findElement(WebElementSelector.java:28)
	at com.codeborne.selenide.impl.ElementFinder.getWebElement(ElementFinder.java:56)
	at com.codeborne.selenide.impl.WebElementSource.checkCondition(WebElementSource.java:44)
	... 39 more
]]>
    </error>
  </testcase> <!-- G6_deleteAll_no -->
  <testcase name="C4_checkTrunk1" time="0.000" classname="com.yeastar.swebtest.testcase.DetailCase.pbxcase.EmergencyNumber">
    <error type="com.codeborne.selenide.ex.ElementNotFound" message="Element not found {By.id: login-language-inputEl}
Expected: exist">
      <![CDATA[Element not found {By.id: login-language-inputEl}
Expected: exist
Screenshot: file:/F:/MyProject/SwebTest/pic/1539773760550.84.png
Timeout: 10 s.
Caused by: NoSuchElementException: no such element: Unable to locate element: {"method":"id","selector":"login-language-inputEl"}
	at com.codeborne.selenide.impl.WebElementSource.createElementNotFoundError(WebElementSource.java:31)
	at com.codeborne.selenide.impl.ElementFinder.createElementNotFoundError(ElementFinder.java:82)
	at com.codeborne.selenide.impl.WebElementSource.checkCondition(WebElementSource.java:59)
	at com.codeborne.selenide.commands.Should.should(Should.java:35)
	at com.codeborne.selenide.commands.Should.execute(Should.java:29)
	at com.codeborne.selenide.commands.Should.execute(Should.java:12)
	at com.codeborne.selenide.commands.Commands.execute(Commands.java:140)
	at com.codeborne.selenide.impl.SelenideElementProxy.dispatchAndRetry(SelenideElementProxy.java:86)
	at com.codeborne.selenide.impl.SelenideElementProxy.invoke(SelenideElementProxy.java:62)
	at com.sun.proxy.$Proxy6.should(Unknown Source)
	at com.yeastar.swebtest.driver.SwebDriver.click(SwebDriver.java:206)
	at com.yeastar.swebtest.driver.SwebDriver.select(SwebDriver.java:197)
	at com.yeastar.swebtest.driver.SwebDriver.login(SwebDriver.java:151)
	at com.yeastar.swebtest.driver.SwebDriver.login(SwebDriver.java:139)
	at com.yeastar.swebtest.testcase.DetailCase.pbxcase.PINList.BeforeClass(PINList.java:25)
	at sun.reflect.NativeMethodAccessorImpl.invoke0(Native Method)
	at sun.reflect.NativeMethodAccessorImpl.invoke(NativeMethodAccessorImpl.java:62)
	at sun.reflect.DelegatingMethodAccessorImpl.invoke(DelegatingMethodAccessorImpl.java:43)
	at java.lang.reflect.Method.invoke(Method.java:498)
	at org.testng.internal.MethodInvocationHelper.invokeMethod(MethodInvocationHelper.java:85)
	at org.testng.internal.Invoker.invokeConfigurationMethod(Invoker.java:510)
	at org.testng.internal.Invoker.invokeConfigurations(Invoker.java:211)
	at org.testng.internal.Invoker.invokeConfigurations(Invoker.java:138)
	at org.testng.internal.TestMethodWorker.invokeBeforeClassMethods(TestMethodWorker.java:170)
	at org.testng.internal.TestMethodWorker.run(TestMethodWorker.java:104)
	at org.testng.TestRunner.privateRun(TestRunner.java:774)
	at org.testng.TestRunner.run(TestRunner.java:624)
	at org.testng.SuiteRunner.runTest(SuiteRunner.java:359)
	at org.testng.SuiteRunner.runSequentially(SuiteRunner.java:354)
	at org.testng.SuiteRunner.privateRun(SuiteRunner.java:312)
	at org.testng.SuiteRunner.run(SuiteRunner.java:261)
	at org.testng.SuiteRunnerWorker.runSuite(SuiteRunnerWorker.java:52)
	at org.testng.SuiteRunnerWorker.run(SuiteRunnerWorker.java:86)
	at org.testng.TestNG.runSuitesSequentially(TestNG.java:1215)
	at org.testng.TestNG.runSuitesLocally(TestNG.java:1140)
	at org.testng.TestNG.run(TestNG.java:1048)
	at org.apache.maven.surefire.testng.TestNGExecutor.run(TestNGExecutor.java:293)
	at org.apache.maven.surefire.testng.TestNGXmlTestSuite.execute(TestNGXmlTestSuite.java:84)
	at org.apache.maven.surefire.testng.TestNGProvider.invoke(TestNGProvider.java:91)
	at org.apache.maven.surefire.booter.ForkedBooter.invokeProviderInSameClassLoader(ForkedBooter.java:200)
	at org.apache.maven.surefire.booter.ForkedBooter.runSuitesInProcess(ForkedBooter.java:153)
	at org.apache.maven.surefire.booter.ForkedBooter.main(ForkedBooter.java:103)
Caused by: org.openqa.selenium.NoSuchElementException: no such element: Unable to locate element: {"method":"id","selector":"login-language-inputEl"}
  (Session info: chrome=69.0.3497.100)
  (Driver info: chromedriver=2.42.591088 (7b2b2dca23cca0862f674758c9a3933e685c27d5),platform=Windows NT 6.1.7601 SP1 x86_64) (WARNING: The server did not provide any stacktrace information)
Command duration or timeout: 11 milliseconds
For documentation on this error, please visit: http://seleniumhq.org/exceptions/no_such_element.html
Build info: version: '2.53.1', revision: 'a36b8b1cd5757287168e54b817830adce9b0158d', time: '2016-06-30 19:26:09'
System info: host: 'Yeastar-PC', ip: '192.168.11.194', os.name: 'Windows 7', os.arch: 'x86', os.version: '6.1', java.version: '1.8.0_121'
Driver info: org.openqa.selenium.chrome.ChromeDriver
Capabilities [{mobileEmulationEnabled=false, hasTouchScreen=false, platform=XP, acceptSslCerts=false, goog:chromeOptions={debuggerAddress=localhost:23747}, acceptInsecureCerts=false, webStorageEnabled=true, browserName=chrome, takesScreenshot=true, javascriptEnabled=true, setWindowRect=true, unexpectedAlertBehaviour=, applicationCacheEnabled=false, rotatable=false, networkConnectionEnabled=false, chrome={chromedriverVersion=2.42.591088 (7b2b2dca23cca0862f674758c9a3933e685c27d5), userDataDir=C:\Users\Yeastar\AppData\Local\Temp\scoped_dir3852_3820}, takesHeapSnapshot=true, pageLoadStrategy=normal, databaseEnabled=false, handlesAlerts=true, version=69.0.3497.100, browserConnectionEnabled=false, nativeEvents=true, locationContextEnabled=true, cssSelectorsEnabled=true}]
Session ID: d3be694128271583ac260e31a4722891
*** Element info: {Using=id, value=login-language-inputEl}
	at sun.reflect.GeneratedConstructorAccessor26.newInstance(Unknown Source)
	at sun.reflect.DelegatingConstructorAccessorImpl.newInstance(DelegatingConstructorAccessorImpl.java:45)
	at java.lang.reflect.Constructor.newInstance(Constructor.java:423)
	at org.openqa.selenium.remote.ErrorHandler.createThrowable(ErrorHandler.java:206)
	at org.openqa.selenium.remote.ErrorHandler.throwIfResponseFailed(ErrorHandler.java:158)
	at org.openqa.selenium.remote.RemoteWebDriver.execute(RemoteWebDriver.java:678)
	at org.openqa.selenium.remote.RemoteWebDriver.findElement(RemoteWebDriver.java:363)
	at org.openqa.selenium.remote.RemoteWebDriver.findElementById(RemoteWebDriver.java:413)
	at org.openqa.selenium.By$ById.findElement(By.java:218)
	at org.openqa.selenium.remote.RemoteWebDriver.findElement(RemoteWebDriver.java:355)
	at com.codeborne.selenide.impl.WebElementSelector.findElement(WebElementSelector.java:28)
	at com.codeborne.selenide.impl.ElementFinder.getWebElement(ElementFinder.java:56)
	at com.codeborne.selenide.impl.WebElementSource.checkCondition(WebElementSource.java:44)
	... 39 more
]]>
    </error>
  </testcase> <!-- C4_checkTrunk1 -->
  <testcase name="D3_check_iax" time="0.000" classname="com.yeastar.swebtest.testcase.DetailCase.pbxcase.EmergencyNumber">
    <error type="com.codeborne.selenide.ex.ElementNotFound" message="Element not found {By.id: login-language-inputEl}
Expected: exist">
      <![CDATA[Element not found {By.id: login-language-inputEl}
Expected: exist
Screenshot: file:/F:/MyProject/SwebTest/pic/1539773760550.84.png
Timeout: 10 s.
Caused by: NoSuchElementException: no such element: Unable to locate element: {"method":"id","selector":"login-language-inputEl"}
	at com.codeborne.selenide.impl.WebElementSource.createElementNotFoundError(WebElementSource.java:31)
	at com.codeborne.selenide.impl.ElementFinder.createElementNotFoundError(ElementFinder.java:82)
	at com.codeborne.selenide.impl.WebElementSource.checkCondition(WebElementSource.java:59)
	at com.codeborne.selenide.commands.Should.should(Should.java:35)
	at com.codeborne.selenide.commands.Should.execute(Should.java:29)
	at com.codeborne.selenide.commands.Should.execute(Should.java:12)
	at com.codeborne.selenide.commands.Commands.execute(Commands.java:140)
	at com.codeborne.selenide.impl.SelenideElementProxy.dispatchAndRetry(SelenideElementProxy.java:86)
	at com.codeborne.selenide.impl.SelenideElementProxy.invoke(SelenideElementProxy.java:62)
	at com.sun.proxy.$Proxy6.should(Unknown Source)
	at com.yeastar.swebtest.driver.SwebDriver.click(SwebDriver.java:206)
	at com.yeastar.swebtest.driver.SwebDriver.select(SwebDriver.java:197)
	at com.yeastar.swebtest.driver.SwebDriver.login(SwebDriver.java:151)
	at com.yeastar.swebtest.driver.SwebDriver.login(SwebDriver.java:139)
	at com.yeastar.swebtest.testcase.DetailCase.pbxcase.PINList.BeforeClass(PINList.java:25)
	at sun.reflect.NativeMethodAccessorImpl.invoke0(Native Method)
	at sun.reflect.NativeMethodAccessorImpl.invoke(NativeMethodAccessorImpl.java:62)
	at sun.reflect.DelegatingMethodAccessorImpl.invoke(DelegatingMethodAccessorImpl.java:43)
	at java.lang.reflect.Method.invoke(Method.java:498)
	at org.testng.internal.MethodInvocationHelper.invokeMethod(MethodInvocationHelper.java:85)
	at org.testng.internal.Invoker.invokeConfigurationMethod(Invoker.java:510)
	at org.testng.internal.Invoker.invokeConfigurations(Invoker.java:211)
	at org.testng.internal.Invoker.invokeConfigurations(Invoker.java:138)
	at org.testng.internal.TestMethodWorker.invokeBeforeClassMethods(TestMethodWorker.java:170)
	at org.testng.internal.TestMethodWorker.run(TestMethodWorker.java:104)
	at org.testng.TestRunner.privateRun(TestRunner.java:774)
	at org.testng.TestRunner.run(TestRunner.java:624)
	at org.testng.SuiteRunner.runTest(SuiteRunner.java:359)
	at org.testng.SuiteRunner.runSequentially(SuiteRunner.java:354)
	at org.testng.SuiteRunner.privateRun(SuiteRunner.java:312)
	at org.testng.SuiteRunner.run(SuiteRunner.java:261)
	at org.testng.SuiteRunnerWorker.runSuite(SuiteRunnerWorker.java:52)
	at org.testng.SuiteRunnerWorker.run(SuiteRunnerWorker.java:86)
	at org.testng.TestNG.runSuitesSequentially(TestNG.java:1215)
	at org.testng.TestNG.runSuitesLocally(TestNG.java:1140)
	at org.testng.TestNG.run(TestNG.java:1048)
	at org.apache.maven.surefire.testng.TestNGExecutor.run(TestNGExecutor.java:293)
	at org.apache.maven.surefire.testng.TestNGXmlTestSuite.execute(TestNGXmlTestSuite.java:84)
	at org.apache.maven.surefire.testng.TestNGProvider.invoke(TestNGProvider.java:91)
	at org.apache.maven.surefire.booter.ForkedBooter.invokeProviderInSameClassLoader(ForkedBooter.java:200)
	at org.apache.maven.surefire.booter.ForkedBooter.runSuitesInProcess(ForkedBooter.java:153)
	at org.apache.maven.surefire.booter.ForkedBooter.main(ForkedBooter.java:103)
Caused by: org.openqa.selenium.NoSuchElementException: no such element: Unable to locate element: {"method":"id","selector":"login-language-inputEl"}
  (Session info: chrome=69.0.3497.100)
  (Driver info: chromedriver=2.42.591088 (7b2b2dca23cca0862f674758c9a3933e685c27d5),platform=Windows NT 6.1.7601 SP1 x86_64) (WARNING: The server did not provide any stacktrace information)
Command duration or timeout: 11 milliseconds
For documentation on this error, please visit: http://seleniumhq.org/exceptions/no_such_element.html
Build info: version: '2.53.1', revision: 'a36b8b1cd5757287168e54b817830adce9b0158d', time: '2016-06-30 19:26:09'
System info: host: 'Yeastar-PC', ip: '192.168.11.194', os.name: 'Windows 7', os.arch: 'x86', os.version: '6.1', java.version: '1.8.0_121'
Driver info: org.openqa.selenium.chrome.ChromeDriver
Capabilities [{mobileEmulationEnabled=false, hasTouchScreen=false, platform=XP, acceptSslCerts=false, goog:chromeOptions={debuggerAddress=localhost:23747}, acceptInsecureCerts=false, webStorageEnabled=true, browserName=chrome, takesScreenshot=true, javascriptEnabled=true, setWindowRect=true, unexpectedAlertBehaviour=, applicationCacheEnabled=false, rotatable=false, networkConnectionEnabled=false, chrome={chromedriverVersion=2.42.591088 (7b2b2dca23cca0862f674758c9a3933e685c27d5), userDataDir=C:\Users\Yeastar\AppData\Local\Temp\scoped_dir3852_3820}, takesHeapSnapshot=true, pageLoadStrategy=normal, databaseEnabled=false, handlesAlerts=true, version=69.0.3497.100, browserConnectionEnabled=false, nativeEvents=true, locationContextEnabled=true, cssSelectorsEnabled=true}]
Session ID: d3be694128271583ac260e31a4722891
*** Element info: {Using=id, value=login-language-inputEl}
	at sun.reflect.GeneratedConstructorAccessor26.newInstance(Unknown Source)
	at sun.reflect.DelegatingConstructorAccessorImpl.newInstance(DelegatingConstructorAccessorImpl.java:45)
	at java.lang.reflect.Constructor.newInstance(Constructor.java:423)
	at org.openqa.selenium.remote.ErrorHandler.createThrowable(ErrorHandler.java:206)
	at org.openqa.selenium.remote.ErrorHandler.throwIfResponseFailed(ErrorHandler.java:158)
	at org.openqa.selenium.remote.RemoteWebDriver.execute(RemoteWebDriver.java:678)
	at org.openqa.selenium.remote.RemoteWebDriver.findElement(RemoteWebDriver.java:363)
	at org.openqa.selenium.remote.RemoteWebDriver.findElementById(RemoteWebDriver.java:413)
	at org.openqa.selenium.By$ById.findElement(By.java:218)
	at org.openqa.selenium.remote.RemoteWebDriver.findElement(RemoteWebDriver.java:355)
	at com.codeborne.selenide.impl.WebElementSelector.findElement(WebElementSelector.java:28)
	at com.codeborne.selenide.impl.ElementFinder.getWebElement(ElementFinder.java:56)
	at com.codeborne.selenide.impl.WebElementSource.checkCondition(WebElementSource.java:44)
	... 39 more
]]>
    </error>
  </testcase> <!-- D3_check_iax -->
  <testcase name="D7_check_gsm" time="0.000" classname="com.yeastar.swebtest.testcase.DetailCase.pbxcase.EmergencyNumber">
    <error type="com.codeborne.selenide.ex.ElementNotFound" message="Element not found {By.id: login-language-inputEl}
Expected: exist">
      <![CDATA[Element not found {By.id: login-language-inputEl}
Expected: exist
Screenshot: file:/F:/MyProject/SwebTest/pic/1539773760550.84.png
Timeout: 10 s.
Caused by: NoSuchElementException: no such element: Unable to locate element: {"method":"id","selector":"login-language-inputEl"}
	at com.codeborne.selenide.impl.WebElementSource.createElementNotFoundError(WebElementSource.java:31)
	at com.codeborne.selenide.impl.ElementFinder.createElementNotFoundError(ElementFinder.java:82)
	at com.codeborne.selenide.impl.WebElementSource.checkCondition(WebElementSource.java:59)
	at com.codeborne.selenide.commands.Should.should(Should.java:35)
	at com.codeborne.selenide.commands.Should.execute(Should.java:29)
	at com.codeborne.selenide.commands.Should.execute(Should.java:12)
	at com.codeborne.selenide.commands.Commands.execute(Commands.java:140)
	at com.codeborne.selenide.impl.SelenideElementProxy.dispatchAndRetry(SelenideElementProxy.java:86)
	at com.codeborne.selenide.impl.SelenideElementProxy.invoke(SelenideElementProxy.java:62)
	at com.sun.proxy.$Proxy6.should(Unknown Source)
	at com.yeastar.swebtest.driver.SwebDriver.click(SwebDriver.java:206)
	at com.yeastar.swebtest.driver.SwebDriver.select(SwebDriver.java:197)
	at com.yeastar.swebtest.driver.SwebDriver.login(SwebDriver.java:151)
	at com.yeastar.swebtest.driver.SwebDriver.login(SwebDriver.java:139)
	at com.yeastar.swebtest.testcase.DetailCase.pbxcase.PINList.BeforeClass(PINList.java:25)
	at sun.reflect.NativeMethodAccessorImpl.invoke0(Native Method)
	at sun.reflect.NativeMethodAccessorImpl.invoke(NativeMethodAccessorImpl.java:62)
	at sun.reflect.DelegatingMethodAccessorImpl.invoke(DelegatingMethodAccessorImpl.java:43)
	at java.lang.reflect.Method.invoke(Method.java:498)
	at org.testng.internal.MethodInvocationHelper.invokeMethod(MethodInvocationHelper.java:85)
	at org.testng.internal.Invoker.invokeConfigurationMethod(Invoker.java:510)
	at org.testng.internal.Invoker.invokeConfigurations(Invoker.java:211)
	at org.testng.internal.Invoker.invokeConfigurations(Invoker.java:138)
	at org.testng.internal.TestMethodWorker.invokeBeforeClassMethods(TestMethodWorker.java:170)
	at org.testng.internal.TestMethodWorker.run(TestMethodWorker.java:104)
	at org.testng.TestRunner.privateRun(TestRunner.java:774)
	at org.testng.TestRunner.run(TestRunner.java:624)
	at org.testng.SuiteRunner.runTest(SuiteRunner.java:359)
	at org.testng.SuiteRunner.runSequentially(SuiteRunner.java:354)
	at org.testng.SuiteRunner.privateRun(SuiteRunner.java:312)
	at org.testng.SuiteRunner.run(SuiteRunner.java:261)
	at org.testng.SuiteRunnerWorker.runSuite(SuiteRunnerWorker.java:52)
	at org.testng.SuiteRunnerWorker.run(SuiteRunnerWorker.java:86)
	at org.testng.TestNG.runSuitesSequentially(TestNG.java:1215)
	at org.testng.TestNG.runSuitesLocally(TestNG.java:1140)
	at org.testng.TestNG.run(TestNG.java:1048)
	at org.apache.maven.surefire.testng.TestNGExecutor.run(TestNGExecutor.java:293)
	at org.apache.maven.surefire.testng.TestNGXmlTestSuite.execute(TestNGXmlTestSuite.java:84)
	at org.apache.maven.surefire.testng.TestNGProvider.invoke(TestNGProvider.java:91)
	at org.apache.maven.surefire.booter.ForkedBooter.invokeProviderInSameClassLoader(ForkedBooter.java:200)
	at org.apache.maven.surefire.booter.ForkedBooter.runSuitesInProcess(ForkedBooter.java:153)
	at org.apache.maven.surefire.booter.ForkedBooter.main(ForkedBooter.java:103)
Caused by: org.openqa.selenium.NoSuchElementException: no such element: Unable to locate element: {"method":"id","selector":"login-language-inputEl"}
  (Session info: chrome=69.0.3497.100)
  (Driver info: chromedriver=2.42.591088 (7b2b2dca23cca0862f674758c9a3933e685c27d5),platform=Windows NT 6.1.7601 SP1 x86_64) (WARNING: The server did not provide any stacktrace information)
Command duration or timeout: 11 milliseconds
For documentation on this error, please visit: http://seleniumhq.org/exceptions/no_such_element.html
Build info: version: '2.53.1', revision: 'a36b8b1cd5757287168e54b817830adce9b0158d', time: '2016-06-30 19:26:09'
System info: host: 'Yeastar-PC', ip: '192.168.11.194', os.name: 'Windows 7', os.arch: 'x86', os.version: '6.1', java.version: '1.8.0_121'
Driver info: org.openqa.selenium.chrome.ChromeDriver
Capabilities [{mobileEmulationEnabled=false, hasTouchScreen=false, platform=XP, acceptSslCerts=false, goog:chromeOptions={debuggerAddress=localhost:23747}, acceptInsecureCerts=false, webStorageEnabled=true, browserName=chrome, takesScreenshot=true, javascriptEnabled=true, setWindowRect=true, unexpectedAlertBehaviour=, applicationCacheEnabled=false, rotatable=false, networkConnectionEnabled=false, chrome={chromedriverVersion=2.42.591088 (7b2b2dca23cca0862f674758c9a3933e685c27d5), userDataDir=C:\Users\Yeastar\AppData\Local\Temp\scoped_dir3852_3820}, takesHeapSnapshot=true, pageLoadStrategy=normal, databaseEnabled=false, handlesAlerts=true, version=69.0.3497.100, browserConnectionEnabled=false, nativeEvents=true, locationContextEnabled=true, cssSelectorsEnabled=true}]
Session ID: d3be694128271583ac260e31a4722891
*** Element info: {Using=id, value=login-language-inputEl}
	at sun.reflect.GeneratedConstructorAccessor26.newInstance(Unknown Source)
	at sun.reflect.DelegatingConstructorAccessorImpl.newInstance(DelegatingConstructorAccessorImpl.java:45)
	at java.lang.reflect.Constructor.newInstance(Constructor.java:423)
	at org.openqa.selenium.remote.ErrorHandler.createThrowable(ErrorHandler.java:206)
	at org.openqa.selenium.remote.ErrorHandler.throwIfResponseFailed(ErrorHandler.java:158)
	at org.openqa.selenium.remote.RemoteWebDriver.execute(RemoteWebDriver.java:678)
	at org.openqa.selenium.remote.RemoteWebDriver.findElement(RemoteWebDriver.java:363)
	at org.openqa.selenium.remote.RemoteWebDriver.findElementById(RemoteWebDriver.java:413)
	at org.openqa.selenium.By$ById.findElement(By.java:218)
	at org.openqa.selenium.remote.RemoteWebDriver.findElement(RemoteWebDriver.java:355)
	at com.codeborne.selenide.impl.WebElementSelector.findElement(WebElementSelector.java:28)
	at com.codeborne.selenide.impl.ElementFinder.getWebElement(ElementFinder.java:56)
	at com.codeborne.selenide.impl.WebElementSource.checkCondition(WebElementSource.java:44)
	... 39 more
]]>
    </error>
  </testcase> <!-- D7_check_gsm -->
  <testcase name="G1_addNumber" time="0.000" classname="com.yeastar.swebtest.testcase.DetailCase.pbxcase.EmergencyNumber">
    <error type="com.codeborne.selenide.ex.ElementNotFound" message="Element not found {By.id: login-language-inputEl}
Expected: exist">
      <![CDATA[Element not found {By.id: login-language-inputEl}
Expected: exist
Screenshot: file:/F:/MyProject/SwebTest/pic/1539773760550.84.png
Timeout: 10 s.
Caused by: NoSuchElementException: no such element: Unable to locate element: {"method":"id","selector":"login-language-inputEl"}
	at com.codeborne.selenide.impl.WebElementSource.createElementNotFoundError(WebElementSource.java:31)
	at com.codeborne.selenide.impl.ElementFinder.createElementNotFoundError(ElementFinder.java:82)
	at com.codeborne.selenide.impl.WebElementSource.checkCondition(WebElementSource.java:59)
	at com.codeborne.selenide.commands.Should.should(Should.java:35)
	at com.codeborne.selenide.commands.Should.execute(Should.java:29)
	at com.codeborne.selenide.commands.Should.execute(Should.java:12)
	at com.codeborne.selenide.commands.Commands.execute(Commands.java:140)
	at com.codeborne.selenide.impl.SelenideElementProxy.dispatchAndRetry(SelenideElementProxy.java:86)
	at com.codeborne.selenide.impl.SelenideElementProxy.invoke(SelenideElementProxy.java:62)
	at com.sun.proxy.$Proxy6.should(Unknown Source)
	at com.yeastar.swebtest.driver.SwebDriver.click(SwebDriver.java:206)
	at com.yeastar.swebtest.driver.SwebDriver.select(SwebDriver.java:197)
	at com.yeastar.swebtest.driver.SwebDriver.login(SwebDriver.java:151)
	at com.yeastar.swebtest.driver.SwebDriver.login(SwebDriver.java:139)
	at com.yeastar.swebtest.testcase.DetailCase.pbxcase.PINList.BeforeClass(PINList.java:25)
	at sun.reflect.NativeMethodAccessorImpl.invoke0(Native Method)
	at sun.reflect.NativeMethodAccessorImpl.invoke(NativeMethodAccessorImpl.java:62)
	at sun.reflect.DelegatingMethodAccessorImpl.invoke(DelegatingMethodAccessorImpl.java:43)
	at java.lang.reflect.Method.invoke(Method.java:498)
	at org.testng.internal.MethodInvocationHelper.invokeMethod(MethodInvocationHelper.java:85)
	at org.testng.internal.Invoker.invokeConfigurationMethod(Invoker.java:510)
	at org.testng.internal.Invoker.invokeConfigurations(Invoker.java:211)
	at org.testng.internal.Invoker.invokeConfigurations(Invoker.java:138)
	at org.testng.internal.TestMethodWorker.invokeBeforeClassMethods(TestMethodWorker.java:170)
	at org.testng.internal.TestMethodWorker.run(TestMethodWorker.java:104)
	at org.testng.TestRunner.privateRun(TestRunner.java:774)
	at org.testng.TestRunner.run(TestRunner.java:624)
	at org.testng.SuiteRunner.runTest(SuiteRunner.java:359)
	at org.testng.SuiteRunner.runSequentially(SuiteRunner.java:354)
	at org.testng.SuiteRunner.privateRun(SuiteRunner.java:312)
	at org.testng.SuiteRunner.run(SuiteRunner.java:261)
	at org.testng.SuiteRunnerWorker.runSuite(SuiteRunnerWorker.java:52)
	at org.testng.SuiteRunnerWorker.run(SuiteRunnerWorker.java:86)
	at org.testng.TestNG.runSuitesSequentially(TestNG.java:1215)
	at org.testng.TestNG.runSuitesLocally(TestNG.java:1140)
	at org.testng.TestNG.run(TestNG.java:1048)
	at org.apache.maven.surefire.testng.TestNGExecutor.run(TestNGExecutor.java:293)
	at org.apache.maven.surefire.testng.TestNGXmlTestSuite.execute(TestNGXmlTestSuite.java:84)
	at org.apache.maven.surefire.testng.TestNGProvider.invoke(TestNGProvider.java:91)
	at org.apache.maven.surefire.booter.ForkedBooter.invokeProviderInSameClassLoader(ForkedBooter.java:200)
	at org.apache.maven.surefire.booter.ForkedBooter.runSuitesInProcess(ForkedBooter.java:153)
	at org.apache.maven.surefire.booter.ForkedBooter.main(ForkedBooter.java:103)
Caused by: org.openqa.selenium.NoSuchElementException: no such element: Unable to locate element: {"method":"id","selector":"login-language-inputEl"}
  (Session info: chrome=69.0.3497.100)
  (Driver info: chromedriver=2.42.591088 (7b2b2dca23cca0862f674758c9a3933e685c27d5),platform=Windows NT 6.1.7601 SP1 x86_64) (WARNING: The server did not provide any stacktrace information)
Command duration or timeout: 11 milliseconds
For documentation on this error, please visit: http://seleniumhq.org/exceptions/no_such_element.html
Build info: version: '2.53.1', revision: 'a36b8b1cd5757287168e54b817830adce9b0158d', time: '2016-06-30 19:26:09'
System info: host: 'Yeastar-PC', ip: '192.168.11.194', os.name: 'Windows 7', os.arch: 'x86', os.version: '6.1', java.version: '1.8.0_121'
Driver info: org.openqa.selenium.chrome.ChromeDriver
Capabilities [{mobileEmulationEnabled=false, hasTouchScreen=false, platform=XP, acceptSslCerts=false, goog:chromeOptions={debuggerAddress=localhost:23747}, acceptInsecureCerts=false, webStorageEnabled=true, browserName=chrome, takesScreenshot=true, javascriptEnabled=true, setWindowRect=true, unexpectedAlertBehaviour=, applicationCacheEnabled=false, rotatable=false, networkConnectionEnabled=false, chrome={chromedriverVersion=2.42.591088 (7b2b2dca23cca0862f674758c9a3933e685c27d5), userDataDir=C:\Users\Yeastar\AppData\Local\Temp\scoped_dir3852_3820}, takesHeapSnapshot=true, pageLoadStrategy=normal, databaseEnabled=false, handlesAlerts=true, version=69.0.3497.100, browserConnectionEnabled=false, nativeEvents=true, locationContextEnabled=true, cssSelectorsEnabled=true}]
Session ID: d3be694128271583ac260e31a4722891
*** Element info: {Using=id, value=login-language-inputEl}
	at sun.reflect.GeneratedConstructorAccessor26.newInstance(Unknown Source)
	at sun.reflect.DelegatingConstructorAccessorImpl.newInstance(DelegatingConstructorAccessorImpl.java:45)
	at java.lang.reflect.Constructor.newInstance(Constructor.java:423)
	at org.openqa.selenium.remote.ErrorHandler.createThrowable(ErrorHandler.java:206)
	at org.openqa.selenium.remote.ErrorHandler.throwIfResponseFailed(ErrorHandler.java:158)
	at org.openqa.selenium.remote.RemoteWebDriver.execute(RemoteWebDriver.java:678)
	at org.openqa.selenium.remote.RemoteWebDriver.findElement(RemoteWebDriver.java:363)
	at org.openqa.selenium.remote.RemoteWebDriver.findElementById(RemoteWebDriver.java:413)
	at org.openqa.selenium.By$ById.findElement(By.java:218)
	at org.openqa.selenium.remote.RemoteWebDriver.findElement(RemoteWebDriver.java:355)
	at com.codeborne.selenide.impl.WebElementSelector.findElement(WebElementSelector.java:28)
	at com.codeborne.selenide.impl.ElementFinder.getWebElement(ElementFinder.java:56)
	at com.codeborne.selenide.impl.WebElementSource.checkCondition(WebElementSource.java:44)
	... 39 more
]]>
    </error>
  </testcase> <!-- G1_addNumber -->
  <testcase name="C3_addTrunk" time="0.000" classname="com.yeastar.swebtest.testcase.DetailCase.pbxcase.EmergencyNumber">
    <error type="com.codeborne.selenide.ex.ElementNotFound" message="Element not found {By.id: login-language-inputEl}
Expected: exist">
      <![CDATA[Element not found {By.id: login-language-inputEl}
Expected: exist
Screenshot: file:/F:/MyProject/SwebTest/pic/1539773760550.84.png
Timeout: 10 s.
Caused by: NoSuchElementException: no such element: Unable to locate element: {"method":"id","selector":"login-language-inputEl"}
	at com.codeborne.selenide.impl.WebElementSource.createElementNotFoundError(WebElementSource.java:31)
	at com.codeborne.selenide.impl.ElementFinder.createElementNotFoundError(ElementFinder.java:82)
	at com.codeborne.selenide.impl.WebElementSource.checkCondition(WebElementSource.java:59)
	at com.codeborne.selenide.commands.Should.should(Should.java:35)
	at com.codeborne.selenide.commands.Should.execute(Should.java:29)
	at com.codeborne.selenide.commands.Should.execute(Should.java:12)
	at com.codeborne.selenide.commands.Commands.execute(Commands.java:140)
	at com.codeborne.selenide.impl.SelenideElementProxy.dispatchAndRetry(SelenideElementProxy.java:86)
	at com.codeborne.selenide.impl.SelenideElementProxy.invoke(SelenideElementProxy.java:62)
	at com.sun.proxy.$Proxy6.should(Unknown Source)
	at com.yeastar.swebtest.driver.SwebDriver.click(SwebDriver.java:206)
	at com.yeastar.swebtest.driver.SwebDriver.select(SwebDriver.java:197)
	at com.yeastar.swebtest.driver.SwebDriver.login(SwebDriver.java:151)
	at com.yeastar.swebtest.driver.SwebDriver.login(SwebDriver.java:139)
	at com.yeastar.swebtest.testcase.DetailCase.pbxcase.PINList.BeforeClass(PINList.java:25)
	at sun.reflect.NativeMethodAccessorImpl.invoke0(Native Method)
	at sun.reflect.NativeMethodAccessorImpl.invoke(NativeMethodAccessorImpl.java:62)
	at sun.reflect.DelegatingMethodAccessorImpl.invoke(DelegatingMethodAccessorImpl.java:43)
	at java.lang.reflect.Method.invoke(Method.java:498)
	at org.testng.internal.MethodInvocationHelper.invokeMethod(MethodInvocationHelper.java:85)
	at org.testng.internal.Invoker.invokeConfigurationMethod(Invoker.java:510)
	at org.testng.internal.Invoker.invokeConfigurations(Invoker.java:211)
	at org.testng.internal.Invoker.invokeConfigurations(Invoker.java:138)
	at org.testng.internal.TestMethodWorker.invokeBeforeClassMethods(TestMethodWorker.java:170)
	at org.testng.internal.TestMethodWorker.run(TestMethodWorker.java:104)
	at org.testng.TestRunner.privateRun(TestRunner.java:774)
	at org.testng.TestRunner.run(TestRunner.java:624)
	at org.testng.SuiteRunner.runTest(SuiteRunner.java:359)
	at org.testng.SuiteRunner.runSequentially(SuiteRunner.java:354)
	at org.testng.SuiteRunner.privateRun(SuiteRunner.java:312)
	at org.testng.SuiteRunner.run(SuiteRunner.java:261)
	at org.testng.SuiteRunnerWorker.runSuite(SuiteRunnerWorker.java:52)
	at org.testng.SuiteRunnerWorker.run(SuiteRunnerWorker.java:86)
	at org.testng.TestNG.runSuitesSequentially(TestNG.java:1215)
	at org.testng.TestNG.runSuitesLocally(TestNG.java:1140)
	at org.testng.TestNG.run(TestNG.java:1048)
	at org.apache.maven.surefire.testng.TestNGExecutor.run(TestNGExecutor.java:293)
	at org.apache.maven.surefire.testng.TestNGXmlTestSuite.execute(TestNGXmlTestSuite.java:84)
	at org.apache.maven.surefire.testng.TestNGProvider.invoke(TestNGProvider.java:91)
	at org.apache.maven.surefire.booter.ForkedBooter.invokeProviderInSameClassLoader(ForkedBooter.java:200)
	at org.apache.maven.surefire.booter.ForkedBooter.runSuitesInProcess(ForkedBooter.java:153)
	at org.apache.maven.surefire.booter.ForkedBooter.main(ForkedBooter.java:103)
Caused by: org.openqa.selenium.NoSuchElementException: no such element: Unable to locate element: {"method":"id","selector":"login-language-inputEl"}
  (Session info: chrome=69.0.3497.100)
  (Driver info: chromedriver=2.42.591088 (7b2b2dca23cca0862f674758c9a3933e685c27d5),platform=Windows NT 6.1.7601 SP1 x86_64) (WARNING: The server did not provide any stacktrace information)
Command duration or timeout: 11 milliseconds
For documentation on this error, please visit: http://seleniumhq.org/exceptions/no_such_element.html
Build info: version: '2.53.1', revision: 'a36b8b1cd5757287168e54b817830adce9b0158d', time: '2016-06-30 19:26:09'
System info: host: 'Yeastar-PC', ip: '192.168.11.194', os.name: 'Windows 7', os.arch: 'x86', os.version: '6.1', java.version: '1.8.0_121'
Driver info: org.openqa.selenium.chrome.ChromeDriver
Capabilities [{mobileEmulationEnabled=false, hasTouchScreen=false, platform=XP, acceptSslCerts=false, goog:chromeOptions={debuggerAddress=localhost:23747}, acceptInsecureCerts=false, webStorageEnabled=true, browserName=chrome, takesScreenshot=true, javascriptEnabled=true, setWindowRect=true, unexpectedAlertBehaviour=, applicationCacheEnabled=false, rotatable=false, networkConnectionEnabled=false, chrome={chromedriverVersion=2.42.591088 (7b2b2dca23cca0862f674758c9a3933e685c27d5), userDataDir=C:\Users\Yeastar\AppData\Local\Temp\scoped_dir3852_3820}, takesHeapSnapshot=true, pageLoadStrategy=normal, databaseEnabled=false, handlesAlerts=true, version=69.0.3497.100, browserConnectionEnabled=false, nativeEvents=true, locationContextEnabled=true, cssSelectorsEnabled=true}]
Session ID: d3be694128271583ac260e31a4722891
*** Element info: {Using=id, value=login-language-inputEl}
	at sun.reflect.GeneratedConstructorAccessor26.newInstance(Unknown Source)
	at sun.reflect.DelegatingConstructorAccessorImpl.newInstance(DelegatingConstructorAccessorImpl.java:45)
	at java.lang.reflect.Constructor.newInstance(Constructor.java:423)
	at org.openqa.selenium.remote.ErrorHandler.createThrowable(ErrorHandler.java:206)
	at org.openqa.selenium.remote.ErrorHandler.throwIfResponseFailed(ErrorHandler.java:158)
	at org.openqa.selenium.remote.RemoteWebDriver.execute(RemoteWebDriver.java:678)
	at org.openqa.selenium.remote.RemoteWebDriver.findElement(RemoteWebDriver.java:363)
	at org.openqa.selenium.remote.RemoteWebDriver.findElementById(RemoteWebDriver.java:413)
	at org.openqa.selenium.By$ById.findElement(By.java:218)
	at org.openqa.selenium.remote.RemoteWebDriver.findElement(RemoteWebDriver.java:355)
	at com.codeborne.selenide.impl.WebElementSelector.findElement(WebElementSelector.java:28)
	at com.codeborne.selenide.impl.ElementFinder.getWebElement(ElementFinder.java:56)
	at com.codeborne.selenide.impl.WebElementSource.checkCondition(WebElementSource.java:44)
	... 39 more
]]>
    </error>
  </testcase> <!-- C3_addTrunk -->
  <testcase name="F2_EventCenter4" time="0.000" classname="com.yeastar.swebtest.testcase.DetailCase.pbxcase.EmergencyNumber">
    <error type="com.codeborne.selenide.ex.ElementNotFound" message="Element not found {By.id: login-language-inputEl}
Expected: exist">
      <![CDATA[Element not found {By.id: login-language-inputEl}
Expected: exist
Screenshot: file:/F:/MyProject/SwebTest/pic/1539773760550.84.png
Timeout: 10 s.
Caused by: NoSuchElementException: no such element: Unable to locate element: {"method":"id","selector":"login-language-inputEl"}
	at com.codeborne.selenide.impl.WebElementSource.createElementNotFoundError(WebElementSource.java:31)
	at com.codeborne.selenide.impl.ElementFinder.createElementNotFoundError(ElementFinder.java:82)
	at com.codeborne.selenide.impl.WebElementSource.checkCondition(WebElementSource.java:59)
	at com.codeborne.selenide.commands.Should.should(Should.java:35)
	at com.codeborne.selenide.commands.Should.execute(Should.java:29)
	at com.codeborne.selenide.commands.Should.execute(Should.java:12)
	at com.codeborne.selenide.commands.Commands.execute(Commands.java:140)
	at com.codeborne.selenide.impl.SelenideElementProxy.dispatchAndRetry(SelenideElementProxy.java:86)
	at com.codeborne.selenide.impl.SelenideElementProxy.invoke(SelenideElementProxy.java:62)
	at com.sun.proxy.$Proxy6.should(Unknown Source)
	at com.yeastar.swebtest.driver.SwebDriver.click(SwebDriver.java:206)
	at com.yeastar.swebtest.driver.SwebDriver.select(SwebDriver.java:197)
	at com.yeastar.swebtest.driver.SwebDriver.login(SwebDriver.java:151)
	at com.yeastar.swebtest.driver.SwebDriver.login(SwebDriver.java:139)
	at com.yeastar.swebtest.testcase.DetailCase.pbxcase.PINList.BeforeClass(PINList.java:25)
	at sun.reflect.NativeMethodAccessorImpl.invoke0(Native Method)
	at sun.reflect.NativeMethodAccessorImpl.invoke(NativeMethodAccessorImpl.java:62)
	at sun.reflect.DelegatingMethodAccessorImpl.invoke(DelegatingMethodAccessorImpl.java:43)
	at java.lang.reflect.Method.invoke(Method.java:498)
	at org.testng.internal.MethodInvocationHelper.invokeMethod(MethodInvocationHelper.java:85)
	at org.testng.internal.Invoker.invokeConfigurationMethod(Invoker.java:510)
	at org.testng.internal.Invoker.invokeConfigurations(Invoker.java:211)
	at org.testng.internal.Invoker.invokeConfigurations(Invoker.java:138)
	at org.testng.internal.TestMethodWorker.invokeBeforeClassMethods(TestMethodWorker.java:170)
	at org.testng.internal.TestMethodWorker.run(TestMethodWorker.java:104)
	at org.testng.TestRunner.privateRun(TestRunner.java:774)
	at org.testng.TestRunner.run(TestRunner.java:624)
	at org.testng.SuiteRunner.runTest(SuiteRunner.java:359)
	at org.testng.SuiteRunner.runSequentially(SuiteRunner.java:354)
	at org.testng.SuiteRunner.privateRun(SuiteRunner.java:312)
	at org.testng.SuiteRunner.run(SuiteRunner.java:261)
	at org.testng.SuiteRunnerWorker.runSuite(SuiteRunnerWorker.java:52)
	at org.testng.SuiteRunnerWorker.run(SuiteRunnerWorker.java:86)
	at org.testng.TestNG.runSuitesSequentially(TestNG.java:1215)
	at org.testng.TestNG.runSuitesLocally(TestNG.java:1140)
	at org.testng.TestNG.run(TestNG.java:1048)
	at org.apache.maven.surefire.testng.TestNGExecutor.run(TestNGExecutor.java:293)
	at org.apache.maven.surefire.testng.TestNGXmlTestSuite.execute(TestNGXmlTestSuite.java:84)
	at org.apache.maven.surefire.testng.TestNGProvider.invoke(TestNGProvider.java:91)
	at org.apache.maven.surefire.booter.ForkedBooter.invokeProviderInSameClassLoader(ForkedBooter.java:200)
	at org.apache.maven.surefire.booter.ForkedBooter.runSuitesInProcess(ForkedBooter.java:153)
	at org.apache.maven.surefire.booter.ForkedBooter.main(ForkedBooter.java:103)
Caused by: org.openqa.selenium.NoSuchElementException: no such element: Unable to locate element: {"method":"id","selector":"login-language-inputEl"}
  (Session info: chrome=69.0.3497.100)
  (Driver info: chromedriver=2.42.591088 (7b2b2dca23cca0862f674758c9a3933e685c27d5),platform=Windows NT 6.1.7601 SP1 x86_64) (WARNING: The server did not provide any stacktrace information)
Command duration or timeout: 11 milliseconds
For documentation on this error, please visit: http://seleniumhq.org/exceptions/no_such_element.html
Build info: version: '2.53.1', revision: 'a36b8b1cd5757287168e54b817830adce9b0158d', time: '2016-06-30 19:26:09'
System info: host: 'Yeastar-PC', ip: '192.168.11.194', os.name: 'Windows 7', os.arch: 'x86', os.version: '6.1', java.version: '1.8.0_121'
Driver info: org.openqa.selenium.chrome.ChromeDriver
Capabilities [{mobileEmulationEnabled=false, hasTouchScreen=false, platform=XP, acceptSslCerts=false, goog:chromeOptions={debuggerAddress=localhost:23747}, acceptInsecureCerts=false, webStorageEnabled=true, browserName=chrome, takesScreenshot=true, javascriptEnabled=true, setWindowRect=true, unexpectedAlertBehaviour=, applicationCacheEnabled=false, rotatable=false, networkConnectionEnabled=false, chrome={chromedriverVersion=2.42.591088 (7b2b2dca23cca0862f674758c9a3933e685c27d5), userDataDir=C:\Users\Yeastar\AppData\Local\Temp\scoped_dir3852_3820}, takesHeapSnapshot=true, pageLoadStrategy=normal, databaseEnabled=false, handlesAlerts=true, version=69.0.3497.100, browserConnectionEnabled=false, nativeEvents=true, locationContextEnabled=true, cssSelectorsEnabled=true}]
Session ID: d3be694128271583ac260e31a4722891
*** Element info: {Using=id, value=login-language-inputEl}
	at sun.reflect.GeneratedConstructorAccessor26.newInstance(Unknown Source)
	at sun.reflect.DelegatingConstructorAccessorImpl.newInstance(DelegatingConstructorAccessorImpl.java:45)
	at java.lang.reflect.Constructor.newInstance(Constructor.java:423)
	at org.openqa.selenium.remote.ErrorHandler.createThrowable(ErrorHandler.java:206)
	at org.openqa.selenium.remote.ErrorHandler.throwIfResponseFailed(ErrorHandler.java:158)
	at org.openqa.selenium.remote.RemoteWebDriver.execute(RemoteWebDriver.java:678)
	at org.openqa.selenium.remote.RemoteWebDriver.findElement(RemoteWebDriver.java:363)
	at org.openqa.selenium.remote.RemoteWebDriver.findElementById(RemoteWebDriver.java:413)
	at org.openqa.selenium.By$ById.findElement(By.java:218)
	at org.openqa.selenium.remote.RemoteWebDriver.findElement(RemoteWebDriver.java:355)
	at com.codeborne.selenide.impl.WebElementSelector.findElement(WebElementSelector.java:28)
	at com.codeborne.selenide.impl.ElementFinder.getWebElement(ElementFinder.java:56)
	at com.codeborne.selenide.impl.WebElementSource.checkCondition(WebElementSource.java:44)
	... 39 more
]]>
    </error>
  </testcase> <!-- F2_EventCenter4 -->
  <testcase name="F1_Contacts1" time="0.000" classname="com.yeastar.swebtest.testcase.DetailCase.pbxcase.EmergencyNumber">
    <error type="com.codeborne.selenide.ex.ElementNotFound" message="Element not found {By.id: login-language-inputEl}
Expected: exist">
      <![CDATA[Element not found {By.id: login-language-inputEl}
Expected: exist
Screenshot: file:/F:/MyProject/SwebTest/pic/1539773760550.84.png
Timeout: 10 s.
Caused by: NoSuchElementException: no such element: Unable to locate element: {"method":"id","selector":"login-language-inputEl"}
	at com.codeborne.selenide.impl.WebElementSource.createElementNotFoundError(WebElementSource.java:31)
	at com.codeborne.selenide.impl.ElementFinder.createElementNotFoundError(ElementFinder.java:82)
	at com.codeborne.selenide.impl.WebElementSource.checkCondition(WebElementSource.java:59)
	at com.codeborne.selenide.commands.Should.should(Should.java:35)
	at com.codeborne.selenide.commands.Should.execute(Should.java:29)
	at com.codeborne.selenide.commands.Should.execute(Should.java:12)
	at com.codeborne.selenide.commands.Commands.execute(Commands.java:140)
	at com.codeborne.selenide.impl.SelenideElementProxy.dispatchAndRetry(SelenideElementProxy.java:86)
	at com.codeborne.selenide.impl.SelenideElementProxy.invoke(SelenideElementProxy.java:62)
	at com.sun.proxy.$Proxy6.should(Unknown Source)
	at com.yeastar.swebtest.driver.SwebDriver.click(SwebDriver.java:206)
	at com.yeastar.swebtest.driver.SwebDriver.select(SwebDriver.java:197)
	at com.yeastar.swebtest.driver.SwebDriver.login(SwebDriver.java:151)
	at com.yeastar.swebtest.driver.SwebDriver.login(SwebDriver.java:139)
	at com.yeastar.swebtest.testcase.DetailCase.pbxcase.PINList.BeforeClass(PINList.java:25)
	at sun.reflect.NativeMethodAccessorImpl.invoke0(Native Method)
	at sun.reflect.NativeMethodAccessorImpl.invoke(NativeMethodAccessorImpl.java:62)
	at sun.reflect.DelegatingMethodAccessorImpl.invoke(DelegatingMethodAccessorImpl.java:43)
	at java.lang.reflect.Method.invoke(Method.java:498)
	at org.testng.internal.MethodInvocationHelper.invokeMethod(MethodInvocationHelper.java:85)
	at org.testng.internal.Invoker.invokeConfigurationMethod(Invoker.java:510)
	at org.testng.internal.Invoker.invokeConfigurations(Invoker.java:211)
	at org.testng.internal.Invoker.invokeConfigurations(Invoker.java:138)
	at org.testng.internal.TestMethodWorker.invokeBeforeClassMethods(TestMethodWorker.java:170)
	at org.testng.internal.TestMethodWorker.run(TestMethodWorker.java:104)
	at org.testng.TestRunner.privateRun(TestRunner.java:774)
	at org.testng.TestRunner.run(TestRunner.java:624)
	at org.testng.SuiteRunner.runTest(SuiteRunner.java:359)
	at org.testng.SuiteRunner.runSequentially(SuiteRunner.java:354)
	at org.testng.SuiteRunner.privateRun(SuiteRunner.java:312)
	at org.testng.SuiteRunner.run(SuiteRunner.java:261)
	at org.testng.SuiteRunnerWorker.runSuite(SuiteRunnerWorker.java:52)
	at org.testng.SuiteRunnerWorker.run(SuiteRunnerWorker.java:86)
	at org.testng.TestNG.runSuitesSequentially(TestNG.java:1215)
	at org.testng.TestNG.runSuitesLocally(TestNG.java:1140)
	at org.testng.TestNG.run(TestNG.java:1048)
	at org.apache.maven.surefire.testng.TestNGExecutor.run(TestNGExecutor.java:293)
	at org.apache.maven.surefire.testng.TestNGXmlTestSuite.execute(TestNGXmlTestSuite.java:84)
	at org.apache.maven.surefire.testng.TestNGProvider.invoke(TestNGProvider.java:91)
	at org.apache.maven.surefire.booter.ForkedBooter.invokeProviderInSameClassLoader(ForkedBooter.java:200)
	at org.apache.maven.surefire.booter.ForkedBooter.runSuitesInProcess(ForkedBooter.java:153)
	at org.apache.maven.surefire.booter.ForkedBooter.main(ForkedBooter.java:103)
Caused by: org.openqa.selenium.NoSuchElementException: no such element: Unable to locate element: {"method":"id","selector":"login-language-inputEl"}
  (Session info: chrome=69.0.3497.100)
  (Driver info: chromedriver=2.42.591088 (7b2b2dca23cca0862f674758c9a3933e685c27d5),platform=Windows NT 6.1.7601 SP1 x86_64) (WARNING: The server did not provide any stacktrace information)
Command duration or timeout: 11 milliseconds
For documentation on this error, please visit: http://seleniumhq.org/exceptions/no_such_element.html
Build info: version: '2.53.1', revision: 'a36b8b1cd5757287168e54b817830adce9b0158d', time: '2016-06-30 19:26:09'
System info: host: 'Yeastar-PC', ip: '192.168.11.194', os.name: 'Windows 7', os.arch: 'x86', os.version: '6.1', java.version: '1.8.0_121'
Driver info: org.openqa.selenium.chrome.ChromeDriver
Capabilities [{mobileEmulationEnabled=false, hasTouchScreen=false, platform=XP, acceptSslCerts=false, goog:chromeOptions={debuggerAddress=localhost:23747}, acceptInsecureCerts=false, webStorageEnabled=true, browserName=chrome, takesScreenshot=true, javascriptEnabled=true, setWindowRect=true, unexpectedAlertBehaviour=, applicationCacheEnabled=false, rotatable=false, networkConnectionEnabled=false, chrome={chromedriverVersion=2.42.591088 (7b2b2dca23cca0862f674758c9a3933e685c27d5), userDataDir=C:\Users\Yeastar\AppData\Local\Temp\scoped_dir3852_3820}, takesHeapSnapshot=true, pageLoadStrategy=normal, databaseEnabled=false, handlesAlerts=true, version=69.0.3497.100, browserConnectionEnabled=false, nativeEvents=true, locationContextEnabled=true, cssSelectorsEnabled=true}]
Session ID: d3be694128271583ac260e31a4722891
*** Element info: {Using=id, value=login-language-inputEl}
	at sun.reflect.GeneratedConstructorAccessor26.newInstance(Unknown Source)
	at sun.reflect.DelegatingConstructorAccessorImpl.newInstance(DelegatingConstructorAccessorImpl.java:45)
	at java.lang.reflect.Constructor.newInstance(Constructor.java:423)
	at org.openqa.selenium.remote.ErrorHandler.createThrowable(ErrorHandler.java:206)
	at org.openqa.selenium.remote.ErrorHandler.throwIfResponseFailed(ErrorHandler.java:158)
	at org.openqa.selenium.remote.RemoteWebDriver.execute(RemoteWebDriver.java:678)
	at org.openqa.selenium.remote.RemoteWebDriver.findElement(RemoteWebDriver.java:363)
	at org.openqa.selenium.remote.RemoteWebDriver.findElementById(RemoteWebDriver.java:413)
	at org.openqa.selenium.By$ById.findElement(By.java:218)
	at org.openqa.selenium.remote.RemoteWebDriver.findElement(RemoteWebDriver.java:355)
	at com.codeborne.selenide.impl.WebElementSelector.findElement(WebElementSelector.java:28)
	at com.codeborne.selenide.impl.ElementFinder.getWebElement(ElementFinder.java:56)
	at com.codeborne.selenide.impl.WebElementSource.checkCondition(WebElementSource.java:44)
	... 39 more
]]>
    </error>
  </testcase> <!-- F1_Contacts1 -->
  <testcase name="D2_backup" time="0.000" classname="com.yeastar.swebtest.testcase.DetailCase.pbxcase.EmergencyNumber">
    <error type="com.codeborne.selenide.ex.ElementNotFound" message="Element not found {By.id: login-language-inputEl}
Expected: exist">
      <![CDATA[Element not found {By.id: login-language-inputEl}
Expected: exist
Screenshot: file:/F:/MyProject/SwebTest/pic/1539773760550.84.png
Timeout: 10 s.
Caused by: NoSuchElementException: no such element: Unable to locate element: {"method":"id","selector":"login-language-inputEl"}
	at com.codeborne.selenide.impl.WebElementSource.createElementNotFoundError(WebElementSource.java:31)
	at com.codeborne.selenide.impl.ElementFinder.createElementNotFoundError(ElementFinder.java:82)
	at com.codeborne.selenide.impl.WebElementSource.checkCondition(WebElementSource.java:59)
	at com.codeborne.selenide.commands.Should.should(Should.java:35)
	at com.codeborne.selenide.commands.Should.execute(Should.java:29)
	at com.codeborne.selenide.commands.Should.execute(Should.java:12)
	at com.codeborne.selenide.commands.Commands.execute(Commands.java:140)
	at com.codeborne.selenide.impl.SelenideElementProxy.dispatchAndRetry(SelenideElementProxy.java:86)
	at com.codeborne.selenide.impl.SelenideElementProxy.invoke(SelenideElementProxy.java:62)
	at com.sun.proxy.$Proxy6.should(Unknown Source)
	at com.yeastar.swebtest.driver.SwebDriver.click(SwebDriver.java:206)
	at com.yeastar.swebtest.driver.SwebDriver.select(SwebDriver.java:197)
	at com.yeastar.swebtest.driver.SwebDriver.login(SwebDriver.java:151)
	at com.yeastar.swebtest.driver.SwebDriver.login(SwebDriver.java:139)
	at com.yeastar.swebtest.testcase.DetailCase.pbxcase.PINList.BeforeClass(PINList.java:25)
	at sun.reflect.NativeMethodAccessorImpl.invoke0(Native Method)
	at sun.reflect.NativeMethodAccessorImpl.invoke(NativeMethodAccessorImpl.java:62)
	at sun.reflect.DelegatingMethodAccessorImpl.invoke(DelegatingMethodAccessorImpl.java:43)
	at java.lang.reflect.Method.invoke(Method.java:498)
	at org.testng.internal.MethodInvocationHelper.invokeMethod(MethodInvocationHelper.java:85)
	at org.testng.internal.Invoker.invokeConfigurationMethod(Invoker.java:510)
	at org.testng.internal.Invoker.invokeConfigurations(Invoker.java:211)
	at org.testng.internal.Invoker.invokeConfigurations(Invoker.java:138)
	at org.testng.internal.TestMethodWorker.invokeBeforeClassMethods(TestMethodWorker.java:170)
	at org.testng.internal.TestMethodWorker.run(TestMethodWorker.java:104)
	at org.testng.TestRunner.privateRun(TestRunner.java:774)
	at org.testng.TestRunner.run(TestRunner.java:624)
	at org.testng.SuiteRunner.runTest(SuiteRunner.java:359)
	at org.testng.SuiteRunner.runSequentially(SuiteRunner.java:354)
	at org.testng.SuiteRunner.privateRun(SuiteRunner.java:312)
	at org.testng.SuiteRunner.run(SuiteRunner.java:261)
	at org.testng.SuiteRunnerWorker.runSuite(SuiteRunnerWorker.java:52)
	at org.testng.SuiteRunnerWorker.run(SuiteRunnerWorker.java:86)
	at org.testng.TestNG.runSuitesSequentially(TestNG.java:1215)
	at org.testng.TestNG.runSuitesLocally(TestNG.java:1140)
	at org.testng.TestNG.run(TestNG.java:1048)
	at org.apache.maven.surefire.testng.TestNGExecutor.run(TestNGExecutor.java:293)
	at org.apache.maven.surefire.testng.TestNGXmlTestSuite.execute(TestNGXmlTestSuite.java:84)
	at org.apache.maven.surefire.testng.TestNGProvider.invoke(TestNGProvider.java:91)
	at org.apache.maven.surefire.booter.ForkedBooter.invokeProviderInSameClassLoader(ForkedBooter.java:200)
	at org.apache.maven.surefire.booter.ForkedBooter.runSuitesInProcess(ForkedBooter.java:153)
	at org.apache.maven.surefire.booter.ForkedBooter.main(ForkedBooter.java:103)
Caused by: org.openqa.selenium.NoSuchElementException: no such element: Unable to locate element: {"method":"id","selector":"login-language-inputEl"}
  (Session info: chrome=69.0.3497.100)
  (Driver info: chromedriver=2.42.591088 (7b2b2dca23cca0862f674758c9a3933e685c27d5),platform=Windows NT 6.1.7601 SP1 x86_64) (WARNING: The server did not provide any stacktrace information)
Command duration or timeout: 11 milliseconds
For documentation on this error, please visit: http://seleniumhq.org/exceptions/no_such_element.html
Build info: version: '2.53.1', revision: 'a36b8b1cd5757287168e54b817830adce9b0158d', time: '2016-06-30 19:26:09'
System info: host: 'Yeastar-PC', ip: '192.168.11.194', os.name: 'Windows 7', os.arch: 'x86', os.version: '6.1', java.version: '1.8.0_121'
Driver info: org.openqa.selenium.chrome.ChromeDriver
Capabilities [{mobileEmulationEnabled=false, hasTouchScreen=false, platform=XP, acceptSslCerts=false, goog:chromeOptions={debuggerAddress=localhost:23747}, acceptInsecureCerts=false, webStorageEnabled=true, browserName=chrome, takesScreenshot=true, javascriptEnabled=true, setWindowRect=true, unexpectedAlertBehaviour=, applicationCacheEnabled=false, rotatable=false, networkConnectionEnabled=false, chrome={chromedriverVersion=2.42.591088 (7b2b2dca23cca0862f674758c9a3933e685c27d5), userDataDir=C:\Users\Yeastar\AppData\Local\Temp\scoped_dir3852_3820}, takesHeapSnapshot=true, pageLoadStrategy=normal, databaseEnabled=false, handlesAlerts=true, version=69.0.3497.100, browserConnectionEnabled=false, nativeEvents=true, locationContextEnabled=true, cssSelectorsEnabled=true}]
Session ID: d3be694128271583ac260e31a4722891
*** Element info: {Using=id, value=login-language-inputEl}
	at sun.reflect.GeneratedConstructorAccessor26.newInstance(Unknown Source)
	at sun.reflect.DelegatingConstructorAccessorImpl.newInstance(DelegatingConstructorAccessorImpl.java:45)
	at java.lang.reflect.Constructor.newInstance(Constructor.java:423)
	at org.openqa.selenium.remote.ErrorHandler.createThrowable(ErrorHandler.java:206)
	at org.openqa.selenium.remote.ErrorHandler.throwIfResponseFailed(ErrorHandler.java:158)
	at org.openqa.selenium.remote.RemoteWebDriver.execute(RemoteWebDriver.java:678)
	at org.openqa.selenium.remote.RemoteWebDriver.findElement(RemoteWebDriver.java:363)
	at org.openqa.selenium.remote.RemoteWebDriver.findElementById(RemoteWebDriver.java:413)
	at org.openqa.selenium.By$ById.findElement(By.java:218)
	at org.openqa.selenium.remote.RemoteWebDriver.findElement(RemoteWebDriver.java:355)
	at com.codeborne.selenide.impl.WebElementSelector.findElement(WebElementSelector.java:28)
	at com.codeborne.selenide.impl.ElementFinder.getWebElement(ElementFinder.java:56)
	at com.codeborne.selenide.impl.WebElementSource.checkCondition(WebElementSource.java:44)
	... 39 more
]]>
    </error>
  </testcase> <!-- D2_backup -->
  <testcase name="F1_Contacts3" time="0.000" classname="com.yeastar.swebtest.testcase.DetailCase.pbxcase.EmergencyNumber">
    <error type="com.codeborne.selenide.ex.ElementNotFound" message="Element not found {By.id: login-language-inputEl}
Expected: exist">
      <![CDATA[Element not found {By.id: login-language-inputEl}
Expected: exist
Screenshot: file:/F:/MyProject/SwebTest/pic/1539773760550.84.png
Timeout: 10 s.
Caused by: NoSuchElementException: no such element: Unable to locate element: {"method":"id","selector":"login-language-inputEl"}
	at com.codeborne.selenide.impl.WebElementSource.createElementNotFoundError(WebElementSource.java:31)
	at com.codeborne.selenide.impl.ElementFinder.createElementNotFoundError(ElementFinder.java:82)
	at com.codeborne.selenide.impl.WebElementSource.checkCondition(WebElementSource.java:59)
	at com.codeborne.selenide.commands.Should.should(Should.java:35)
	at com.codeborne.selenide.commands.Should.execute(Should.java:29)
	at com.codeborne.selenide.commands.Should.execute(Should.java:12)
	at com.codeborne.selenide.commands.Commands.execute(Commands.java:140)
	at com.codeborne.selenide.impl.SelenideElementProxy.dispatchAndRetry(SelenideElementProxy.java:86)
	at com.codeborne.selenide.impl.SelenideElementProxy.invoke(SelenideElementProxy.java:62)
	at com.sun.proxy.$Proxy6.should(Unknown Source)
	at com.yeastar.swebtest.driver.SwebDriver.click(SwebDriver.java:206)
	at com.yeastar.swebtest.driver.SwebDriver.select(SwebDriver.java:197)
	at com.yeastar.swebtest.driver.SwebDriver.login(SwebDriver.java:151)
	at com.yeastar.swebtest.driver.SwebDriver.login(SwebDriver.java:139)
	at com.yeastar.swebtest.testcase.DetailCase.pbxcase.PINList.BeforeClass(PINList.java:25)
	at sun.reflect.NativeMethodAccessorImpl.invoke0(Native Method)
	at sun.reflect.NativeMethodAccessorImpl.invoke(NativeMethodAccessorImpl.java:62)
	at sun.reflect.DelegatingMethodAccessorImpl.invoke(DelegatingMethodAccessorImpl.java:43)
	at java.lang.reflect.Method.invoke(Method.java:498)
	at org.testng.internal.MethodInvocationHelper.invokeMethod(MethodInvocationHelper.java:85)
	at org.testng.internal.Invoker.invokeConfigurationMethod(Invoker.java:510)
	at org.testng.internal.Invoker.invokeConfigurations(Invoker.java:211)
	at org.testng.internal.Invoker.invokeConfigurations(Invoker.java:138)
	at org.testng.internal.TestMethodWorker.invokeBeforeClassMethods(TestMethodWorker.java:170)
	at org.testng.internal.TestMethodWorker.run(TestMethodWorker.java:104)
	at org.testng.TestRunner.privateRun(TestRunner.java:774)
	at org.testng.TestRunner.run(TestRunner.java:624)
	at org.testng.SuiteRunner.runTest(SuiteRunner.java:359)
	at org.testng.SuiteRunner.runSequentially(SuiteRunner.java:354)
	at org.testng.SuiteRunner.privateRun(SuiteRunner.java:312)
	at org.testng.SuiteRunner.run(SuiteRunner.java:261)
	at org.testng.SuiteRunnerWorker.runSuite(SuiteRunnerWorker.java:52)
	at org.testng.SuiteRunnerWorker.run(SuiteRunnerWorker.java:86)
	at org.testng.TestNG.runSuitesSequentially(TestNG.java:1215)
	at org.testng.TestNG.runSuitesLocally(TestNG.java:1140)
	at org.testng.TestNG.run(TestNG.java:1048)
	at org.apache.maven.surefire.testng.TestNGExecutor.run(TestNGExecutor.java:293)
	at org.apache.maven.surefire.testng.TestNGXmlTestSuite.execute(TestNGXmlTestSuite.java:84)
	at org.apache.maven.surefire.testng.TestNGProvider.invoke(TestNGProvider.java:91)
	at org.apache.maven.surefire.booter.ForkedBooter.invokeProviderInSameClassLoader(ForkedBooter.java:200)
	at org.apache.maven.surefire.booter.ForkedBooter.runSuitesInProcess(ForkedBooter.java:153)
	at org.apache.maven.surefire.booter.ForkedBooter.main(ForkedBooter.java:103)
Caused by: org.openqa.selenium.NoSuchElementException: no such element: Unable to locate element: {"method":"id","selector":"login-language-inputEl"}
  (Session info: chrome=69.0.3497.100)
  (Driver info: chromedriver=2.42.591088 (7b2b2dca23cca0862f674758c9a3933e685c27d5),platform=Windows NT 6.1.7601 SP1 x86_64) (WARNING: The server did not provide any stacktrace information)
Command duration or timeout: 11 milliseconds
For documentation on this error, please visit: http://seleniumhq.org/exceptions/no_such_element.html
Build info: version: '2.53.1', revision: 'a36b8b1cd5757287168e54b817830adce9b0158d', time: '2016-06-30 19:26:09'
System info: host: 'Yeastar-PC', ip: '192.168.11.194', os.name: 'Windows 7', os.arch: 'x86', os.version: '6.1', java.version: '1.8.0_121'
Driver info: org.openqa.selenium.chrome.ChromeDriver
Capabilities [{mobileEmulationEnabled=false, hasTouchScreen=false, platform=XP, acceptSslCerts=false, goog:chromeOptions={debuggerAddress=localhost:23747}, acceptInsecureCerts=false, webStorageEnabled=true, browserName=chrome, takesScreenshot=true, javascriptEnabled=true, setWindowRect=true, unexpectedAlertBehaviour=, applicationCacheEnabled=false, rotatable=false, networkConnectionEnabled=false, chrome={chromedriverVersion=2.42.591088 (7b2b2dca23cca0862f674758c9a3933e685c27d5), userDataDir=C:\Users\Yeastar\AppData\Local\Temp\scoped_dir3852_3820}, takesHeapSnapshot=true, pageLoadStrategy=normal, databaseEnabled=false, handlesAlerts=true, version=69.0.3497.100, browserConnectionEnabled=false, nativeEvents=true, locationContextEnabled=true, cssSelectorsEnabled=true}]
Session ID: d3be694128271583ac260e31a4722891
*** Element info: {Using=id, value=login-language-inputEl}
	at sun.reflect.GeneratedConstructorAccessor26.newInstance(Unknown Source)
	at sun.reflect.DelegatingConstructorAccessorImpl.newInstance(DelegatingConstructorAccessorImpl.java:45)
	at java.lang.reflect.Constructor.newInstance(Constructor.java:423)
	at org.openqa.selenium.remote.ErrorHandler.createThrowable(ErrorHandler.java:206)
	at org.openqa.selenium.remote.ErrorHandler.throwIfResponseFailed(ErrorHandler.java:158)
	at org.openqa.selenium.remote.RemoteWebDriver.execute(RemoteWebDriver.java:678)
	at org.openqa.selenium.remote.RemoteWebDriver.findElement(RemoteWebDriver.java:363)
	at org.openqa.selenium.remote.RemoteWebDriver.findElementById(RemoteWebDriver.java:413)
	at org.openqa.selenium.By$ById.findElement(By.java:218)
	at org.openqa.selenium.remote.RemoteWebDriver.findElement(RemoteWebDriver.java:355)
	at com.codeborne.selenide.impl.WebElementSelector.findElement(WebElementSelector.java:28)
	at com.codeborne.selenide.impl.ElementFinder.getWebElement(ElementFinder.java:56)
	at com.codeborne.selenide.impl.WebElementSource.checkCondition(WebElementSource.java:44)
	... 39 more
]]>
    </error>
  </testcase> <!-- F1_Contacts3 -->
  <testcase name="F3_recoveryEvent" time="0.000" classname="com.yeastar.swebtest.testcase.DetailCase.pbxcase.EmergencyNumber">
    <error type="com.codeborne.selenide.ex.ElementNotFound" message="Element not found {By.id: login-language-inputEl}
Expected: exist">
      <![CDATA[Element not found {By.id: login-language-inputEl}
Expected: exist
Screenshot: file:/F:/MyProject/SwebTest/pic/1539773760550.84.png
Timeout: 10 s.
Caused by: NoSuchElementException: no such element: Unable to locate element: {"method":"id","selector":"login-language-inputEl"}
	at com.codeborne.selenide.impl.WebElementSource.createElementNotFoundError(WebElementSource.java:31)
	at com.codeborne.selenide.impl.ElementFinder.createElementNotFoundError(ElementFinder.java:82)
	at com.codeborne.selenide.impl.WebElementSource.checkCondition(WebElementSource.java:59)
	at com.codeborne.selenide.commands.Should.should(Should.java:35)
	at com.codeborne.selenide.commands.Should.execute(Should.java:29)
	at com.codeborne.selenide.commands.Should.execute(Should.java:12)
	at com.codeborne.selenide.commands.Commands.execute(Commands.java:140)
	at com.codeborne.selenide.impl.SelenideElementProxy.dispatchAndRetry(SelenideElementProxy.java:86)
	at com.codeborne.selenide.impl.SelenideElementProxy.invoke(SelenideElementProxy.java:62)
	at com.sun.proxy.$Proxy6.should(Unknown Source)
	at com.yeastar.swebtest.driver.SwebDriver.click(SwebDriver.java:206)
	at com.yeastar.swebtest.driver.SwebDriver.select(SwebDriver.java:197)
	at com.yeastar.swebtest.driver.SwebDriver.login(SwebDriver.java:151)
	at com.yeastar.swebtest.driver.SwebDriver.login(SwebDriver.java:139)
	at com.yeastar.swebtest.testcase.DetailCase.pbxcase.PINList.BeforeClass(PINList.java:25)
	at sun.reflect.NativeMethodAccessorImpl.invoke0(Native Method)
	at sun.reflect.NativeMethodAccessorImpl.invoke(NativeMethodAccessorImpl.java:62)
	at sun.reflect.DelegatingMethodAccessorImpl.invoke(DelegatingMethodAccessorImpl.java:43)
	at java.lang.reflect.Method.invoke(Method.java:498)
	at org.testng.internal.MethodInvocationHelper.invokeMethod(MethodInvocationHelper.java:85)
	at org.testng.internal.Invoker.invokeConfigurationMethod(Invoker.java:510)
	at org.testng.internal.Invoker.invokeConfigurations(Invoker.java:211)
	at org.testng.internal.Invoker.invokeConfigurations(Invoker.java:138)
	at org.testng.internal.TestMethodWorker.invokeBeforeClassMethods(TestMethodWorker.java:170)
	at org.testng.internal.TestMethodWorker.run(TestMethodWorker.java:104)
	at org.testng.TestRunner.privateRun(TestRunner.java:774)
	at org.testng.TestRunner.run(TestRunner.java:624)
	at org.testng.SuiteRunner.runTest(SuiteRunner.java:359)
	at org.testng.SuiteRunner.runSequentially(SuiteRunner.java:354)
	at org.testng.SuiteRunner.privateRun(SuiteRunner.java:312)
	at org.testng.SuiteRunner.run(SuiteRunner.java:261)
	at org.testng.SuiteRunnerWorker.runSuite(SuiteRunnerWorker.java:52)
	at org.testng.SuiteRunnerWorker.run(SuiteRunnerWorker.java:86)
	at org.testng.TestNG.runSuitesSequentially(TestNG.java:1215)
	at org.testng.TestNG.runSuitesLocally(TestNG.java:1140)
	at org.testng.TestNG.run(TestNG.java:1048)
	at org.apache.maven.surefire.testng.TestNGExecutor.run(TestNGExecutor.java:293)
	at org.apache.maven.surefire.testng.TestNGXmlTestSuite.execute(TestNGXmlTestSuite.java:84)
	at org.apache.maven.surefire.testng.TestNGProvider.invoke(TestNGProvider.java:91)
	at org.apache.maven.surefire.booter.ForkedBooter.invokeProviderInSameClassLoader(ForkedBooter.java:200)
	at org.apache.maven.surefire.booter.ForkedBooter.runSuitesInProcess(ForkedBooter.java:153)
	at org.apache.maven.surefire.booter.ForkedBooter.main(ForkedBooter.java:103)
Caused by: org.openqa.selenium.NoSuchElementException: no such element: Unable to locate element: {"method":"id","selector":"login-language-inputEl"}
  (Session info: chrome=69.0.3497.100)
  (Driver info: chromedriver=2.42.591088 (7b2b2dca23cca0862f674758c9a3933e685c27d5),platform=Windows NT 6.1.7601 SP1 x86_64) (WARNING: The server did not provide any stacktrace information)
Command duration or timeout: 11 milliseconds
For documentation on this error, please visit: http://seleniumhq.org/exceptions/no_such_element.html
Build info: version: '2.53.1', revision: 'a36b8b1cd5757287168e54b817830adce9b0158d', time: '2016-06-30 19:26:09'
System info: host: 'Yeastar-PC', ip: '192.168.11.194', os.name: 'Windows 7', os.arch: 'x86', os.version: '6.1', java.version: '1.8.0_121'
Driver info: org.openqa.selenium.chrome.ChromeDriver
Capabilities [{mobileEmulationEnabled=false, hasTouchScreen=false, platform=XP, acceptSslCerts=false, goog:chromeOptions={debuggerAddress=localhost:23747}, acceptInsecureCerts=false, webStorageEnabled=true, browserName=chrome, takesScreenshot=true, javascriptEnabled=true, setWindowRect=true, unexpectedAlertBehaviour=, applicationCacheEnabled=false, rotatable=false, networkConnectionEnabled=false, chrome={chromedriverVersion=2.42.591088 (7b2b2dca23cca0862f674758c9a3933e685c27d5), userDataDir=C:\Users\Yeastar\AppData\Local\Temp\scoped_dir3852_3820}, takesHeapSnapshot=true, pageLoadStrategy=normal, databaseEnabled=false, handlesAlerts=true, version=69.0.3497.100, browserConnectionEnabled=false, nativeEvents=true, locationContextEnabled=true, cssSelectorsEnabled=true}]
Session ID: d3be694128271583ac260e31a4722891
*** Element info: {Using=id, value=login-language-inputEl}
	at sun.reflect.GeneratedConstructorAccessor26.newInstance(Unknown Source)
	at sun.reflect.DelegatingConstructorAccessorImpl.newInstance(DelegatingConstructorAccessorImpl.java:45)
	at java.lang.reflect.Constructor.newInstance(Constructor.java:423)
	at org.openqa.selenium.remote.ErrorHandler.createThrowable(ErrorHandler.java:206)
	at org.openqa.selenium.remote.ErrorHandler.throwIfResponseFailed(ErrorHandler.java:158)
	at org.openqa.selenium.remote.RemoteWebDriver.execute(RemoteWebDriver.java:678)
	at org.openqa.selenium.remote.RemoteWebDriver.findElement(RemoteWebDriver.java:363)
	at org.openqa.selenium.remote.RemoteWebDriver.findElementById(RemoteWebDriver.java:413)
	at org.openqa.selenium.By$ById.findElement(By.java:218)
	at org.openqa.selenium.remote.RemoteWebDriver.findElement(RemoteWebDriver.java:355)
	at com.codeborne.selenide.impl.WebElementSelector.findElement(WebElementSelector.java:28)
	at com.codeborne.selenide.impl.ElementFinder.getWebElement(ElementFinder.java:56)
	at com.codeborne.selenide.impl.WebElementSource.checkCondition(WebElementSource.java:44)
	... 39 more
]]>
    </error>
  </testcase> <!-- F3_recoveryEvent -->
  <testcase name="F2_eventCenter8" time="0.000" classname="com.yeastar.swebtest.testcase.DetailCase.pbxcase.EmergencyNumber">
    <error type="com.codeborne.selenide.ex.ElementNotFound" message="Element not found {By.id: login-language-inputEl}
Expected: exist">
      <![CDATA[Element not found {By.id: login-language-inputEl}
Expected: exist
Screenshot: file:/F:/MyProject/SwebTest/pic/1539773760550.84.png
Timeout: 10 s.
Caused by: NoSuchElementException: no such element: Unable to locate element: {"method":"id","selector":"login-language-inputEl"}
	at com.codeborne.selenide.impl.WebElementSource.createElementNotFoundError(WebElementSource.java:31)
	at com.codeborne.selenide.impl.ElementFinder.createElementNotFoundError(ElementFinder.java:82)
	at com.codeborne.selenide.impl.WebElementSource.checkCondition(WebElementSource.java:59)
	at com.codeborne.selenide.commands.Should.should(Should.java:35)
	at com.codeborne.selenide.commands.Should.execute(Should.java:29)
	at com.codeborne.selenide.commands.Should.execute(Should.java:12)
	at com.codeborne.selenide.commands.Commands.execute(Commands.java:140)
	at com.codeborne.selenide.impl.SelenideElementProxy.dispatchAndRetry(SelenideElementProxy.java:86)
	at com.codeborne.selenide.impl.SelenideElementProxy.invoke(SelenideElementProxy.java:62)
	at com.sun.proxy.$Proxy6.should(Unknown Source)
	at com.yeastar.swebtest.driver.SwebDriver.click(SwebDriver.java:206)
	at com.yeastar.swebtest.driver.SwebDriver.select(SwebDriver.java:197)
	at com.yeastar.swebtest.driver.SwebDriver.login(SwebDriver.java:151)
	at com.yeastar.swebtest.driver.SwebDriver.login(SwebDriver.java:139)
	at com.yeastar.swebtest.testcase.DetailCase.pbxcase.PINList.BeforeClass(PINList.java:25)
	at sun.reflect.NativeMethodAccessorImpl.invoke0(Native Method)
	at sun.reflect.NativeMethodAccessorImpl.invoke(NativeMethodAccessorImpl.java:62)
	at sun.reflect.DelegatingMethodAccessorImpl.invoke(DelegatingMethodAccessorImpl.java:43)
	at java.lang.reflect.Method.invoke(Method.java:498)
	at org.testng.internal.MethodInvocationHelper.invokeMethod(MethodInvocationHelper.java:85)
	at org.testng.internal.Invoker.invokeConfigurationMethod(Invoker.java:510)
	at org.testng.internal.Invoker.invokeConfigurations(Invoker.java:211)
	at org.testng.internal.Invoker.invokeConfigurations(Invoker.java:138)
	at org.testng.internal.TestMethodWorker.invokeBeforeClassMethods(TestMethodWorker.java:170)
	at org.testng.internal.TestMethodWorker.run(TestMethodWorker.java:104)
	at org.testng.TestRunner.privateRun(TestRunner.java:774)
	at org.testng.TestRunner.run(TestRunner.java:624)
	at org.testng.SuiteRunner.runTest(SuiteRunner.java:359)
	at org.testng.SuiteRunner.runSequentially(SuiteRunner.java:354)
	at org.testng.SuiteRunner.privateRun(SuiteRunner.java:312)
	at org.testng.SuiteRunner.run(SuiteRunner.java:261)
	at org.testng.SuiteRunnerWorker.runSuite(SuiteRunnerWorker.java:52)
	at org.testng.SuiteRunnerWorker.run(SuiteRunnerWorker.java:86)
	at org.testng.TestNG.runSuitesSequentially(TestNG.java:1215)
	at org.testng.TestNG.runSuitesLocally(TestNG.java:1140)
	at org.testng.TestNG.run(TestNG.java:1048)
	at org.apache.maven.surefire.testng.TestNGExecutor.run(TestNGExecutor.java:293)
	at org.apache.maven.surefire.testng.TestNGXmlTestSuite.execute(TestNGXmlTestSuite.java:84)
	at org.apache.maven.surefire.testng.TestNGProvider.invoke(TestNGProvider.java:91)
	at org.apache.maven.surefire.booter.ForkedBooter.invokeProviderInSameClassLoader(ForkedBooter.java:200)
	at org.apache.maven.surefire.booter.ForkedBooter.runSuitesInProcess(ForkedBooter.java:153)
	at org.apache.maven.surefire.booter.ForkedBooter.main(ForkedBooter.java:103)
Caused by: org.openqa.selenium.NoSuchElementException: no such element: Unable to locate element: {"method":"id","selector":"login-language-inputEl"}
  (Session info: chrome=69.0.3497.100)
  (Driver info: chromedriver=2.42.591088 (7b2b2dca23cca0862f674758c9a3933e685c27d5),platform=Windows NT 6.1.7601 SP1 x86_64) (WARNING: The server did not provide any stacktrace information)
Command duration or timeout: 11 milliseconds
For documentation on this error, please visit: http://seleniumhq.org/exceptions/no_such_element.html
Build info: version: '2.53.1', revision: 'a36b8b1cd5757287168e54b817830adce9b0158d', time: '2016-06-30 19:26:09'
System info: host: 'Yeastar-PC', ip: '192.168.11.194', os.name: 'Windows 7', os.arch: 'x86', os.version: '6.1', java.version: '1.8.0_121'
Driver info: org.openqa.selenium.chrome.ChromeDriver
Capabilities [{mobileEmulationEnabled=false, hasTouchScreen=false, platform=XP, acceptSslCerts=false, goog:chromeOptions={debuggerAddress=localhost:23747}, acceptInsecureCerts=false, webStorageEnabled=true, browserName=chrome, takesScreenshot=true, javascriptEnabled=true, setWindowRect=true, unexpectedAlertBehaviour=, applicationCacheEnabled=false, rotatable=false, networkConnectionEnabled=false, chrome={chromedriverVersion=2.42.591088 (7b2b2dca23cca0862f674758c9a3933e685c27d5), userDataDir=C:\Users\Yeastar\AppData\Local\Temp\scoped_dir3852_3820}, takesHeapSnapshot=true, pageLoadStrategy=normal, databaseEnabled=false, handlesAlerts=true, version=69.0.3497.100, browserConnectionEnabled=false, nativeEvents=true, locationContextEnabled=true, cssSelectorsEnabled=true}]
Session ID: d3be694128271583ac260e31a4722891
*** Element info: {Using=id, value=login-language-inputEl}
	at sun.reflect.GeneratedConstructorAccessor26.newInstance(Unknown Source)
	at sun.reflect.DelegatingConstructorAccessorImpl.newInstance(DelegatingConstructorAccessorImpl.java:45)
	at java.lang.reflect.Constructor.newInstance(Constructor.java:423)
	at org.openqa.selenium.remote.ErrorHandler.createThrowable(ErrorHandler.java:206)
	at org.openqa.selenium.remote.ErrorHandler.throwIfResponseFailed(ErrorHandler.java:158)
	at org.openqa.selenium.remote.RemoteWebDriver.execute(RemoteWebDriver.java:678)
	at org.openqa.selenium.remote.RemoteWebDriver.findElement(RemoteWebDriver.java:363)
	at org.openqa.selenium.remote.RemoteWebDriver.findElementById(RemoteWebDriver.java:413)
	at org.openqa.selenium.By$ById.findElement(By.java:218)
	at org.openqa.selenium.remote.RemoteWebDriver.findElement(RemoteWebDriver.java:355)
	at com.codeborne.selenide.impl.WebElementSelector.findElement(WebElementSelector.java:28)
	at com.codeborne.selenide.impl.ElementFinder.getWebElement(ElementFinder.java:56)
	at com.codeborne.selenide.impl.WebElementSource.checkCondition(WebElementSource.java:44)
	... 39 more
]]>
    </error>
  </testcase> <!-- F2_eventCenter8 -->
  <testcase name="B3_editEmergencyNumb" time="0.000" classname="com.yeastar.swebtest.testcase.DetailCase.pbxcase.EmergencyNumber">
    <error type="com.codeborne.selenide.ex.ElementNotFound" message="Element not found {By.id: login-language-inputEl}
Expected: exist">
      <![CDATA[Element not found {By.id: login-language-inputEl}
Expected: exist
Screenshot: file:/F:/MyProject/SwebTest/pic/1539773760550.84.png
Timeout: 10 s.
Caused by: NoSuchElementException: no such element: Unable to locate element: {"method":"id","selector":"login-language-inputEl"}
	at com.codeborne.selenide.impl.WebElementSource.createElementNotFoundError(WebElementSource.java:31)
	at com.codeborne.selenide.impl.ElementFinder.createElementNotFoundError(ElementFinder.java:82)
	at com.codeborne.selenide.impl.WebElementSource.checkCondition(WebElementSource.java:59)
	at com.codeborne.selenide.commands.Should.should(Should.java:35)
	at com.codeborne.selenide.commands.Should.execute(Should.java:29)
	at com.codeborne.selenide.commands.Should.execute(Should.java:12)
	at com.codeborne.selenide.commands.Commands.execute(Commands.java:140)
	at com.codeborne.selenide.impl.SelenideElementProxy.dispatchAndRetry(SelenideElementProxy.java:86)
	at com.codeborne.selenide.impl.SelenideElementProxy.invoke(SelenideElementProxy.java:62)
	at com.sun.proxy.$Proxy6.should(Unknown Source)
	at com.yeastar.swebtest.driver.SwebDriver.click(SwebDriver.java:206)
	at com.yeastar.swebtest.driver.SwebDriver.select(SwebDriver.java:197)
	at com.yeastar.swebtest.driver.SwebDriver.login(SwebDriver.java:151)
	at com.yeastar.swebtest.driver.SwebDriver.login(SwebDriver.java:139)
	at com.yeastar.swebtest.testcase.DetailCase.pbxcase.PINList.BeforeClass(PINList.java:25)
	at sun.reflect.NativeMethodAccessorImpl.invoke0(Native Method)
	at sun.reflect.NativeMethodAccessorImpl.invoke(NativeMethodAccessorImpl.java:62)
	at sun.reflect.DelegatingMethodAccessorImpl.invoke(DelegatingMethodAccessorImpl.java:43)
	at java.lang.reflect.Method.invoke(Method.java:498)
	at org.testng.internal.MethodInvocationHelper.invokeMethod(MethodInvocationHelper.java:85)
	at org.testng.internal.Invoker.invokeConfigurationMethod(Invoker.java:510)
	at org.testng.internal.Invoker.invokeConfigurations(Invoker.java:211)
	at org.testng.internal.Invoker.invokeConfigurations(Invoker.java:138)
	at org.testng.internal.TestMethodWorker.invokeBeforeClassMethods(TestMethodWorker.java:170)
	at org.testng.internal.TestMethodWorker.run(TestMethodWorker.java:104)
	at org.testng.TestRunner.privateRun(TestRunner.java:774)
	at org.testng.TestRunner.run(TestRunner.java:624)
	at org.testng.SuiteRunner.runTest(SuiteRunner.java:359)
	at org.testng.SuiteRunner.runSequentially(SuiteRunner.java:354)
	at org.testng.SuiteRunner.privateRun(SuiteRunner.java:312)
	at org.testng.SuiteRunner.run(SuiteRunner.java:261)
	at org.testng.SuiteRunnerWorker.runSuite(SuiteRunnerWorker.java:52)
	at org.testng.SuiteRunnerWorker.run(SuiteRunnerWorker.java:86)
	at org.testng.TestNG.runSuitesSequentially(TestNG.java:1215)
	at org.testng.TestNG.runSuitesLocally(TestNG.java:1140)
	at org.testng.TestNG.run(TestNG.java:1048)
	at org.apache.maven.surefire.testng.TestNGExecutor.run(TestNGExecutor.java:293)
	at org.apache.maven.surefire.testng.TestNGXmlTestSuite.execute(TestNGXmlTestSuite.java:84)
	at org.apache.maven.surefire.testng.TestNGProvider.invoke(TestNGProvider.java:91)
	at org.apache.maven.surefire.booter.ForkedBooter.invokeProviderInSameClassLoader(ForkedBooter.java:200)
	at org.apache.maven.surefire.booter.ForkedBooter.runSuitesInProcess(ForkedBooter.java:153)
	at org.apache.maven.surefire.booter.ForkedBooter.main(ForkedBooter.java:103)
Caused by: org.openqa.selenium.NoSuchElementException: no such element: Unable to locate element: {"method":"id","selector":"login-language-inputEl"}
  (Session info: chrome=69.0.3497.100)
  (Driver info: chromedriver=2.42.591088 (7b2b2dca23cca0862f674758c9a3933e685c27d5),platform=Windows NT 6.1.7601 SP1 x86_64) (WARNING: The server did not provide any stacktrace information)
Command duration or timeout: 11 milliseconds
For documentation on this error, please visit: http://seleniumhq.org/exceptions/no_such_element.html
Build info: version: '2.53.1', revision: 'a36b8b1cd5757287168e54b817830adce9b0158d', time: '2016-06-30 19:26:09'
System info: host: 'Yeastar-PC', ip: '192.168.11.194', os.name: 'Windows 7', os.arch: 'x86', os.version: '6.1', java.version: '1.8.0_121'
Driver info: org.openqa.selenium.chrome.ChromeDriver
Capabilities [{mobileEmulationEnabled=false, hasTouchScreen=false, platform=XP, acceptSslCerts=false, goog:chromeOptions={debuggerAddress=localhost:23747}, acceptInsecureCerts=false, webStorageEnabled=true, browserName=chrome, takesScreenshot=true, javascriptEnabled=true, setWindowRect=true, unexpectedAlertBehaviour=, applicationCacheEnabled=false, rotatable=false, networkConnectionEnabled=false, chrome={chromedriverVersion=2.42.591088 (7b2b2dca23cca0862f674758c9a3933e685c27d5), userDataDir=C:\Users\Yeastar\AppData\Local\Temp\scoped_dir3852_3820}, takesHeapSnapshot=true, pageLoadStrategy=normal, databaseEnabled=false, handlesAlerts=true, version=69.0.3497.100, browserConnectionEnabled=false, nativeEvents=true, locationContextEnabled=true, cssSelectorsEnabled=true}]
Session ID: d3be694128271583ac260e31a4722891
*** Element info: {Using=id, value=login-language-inputEl}
	at sun.reflect.GeneratedConstructorAccessor26.newInstance(Unknown Source)
	at sun.reflect.DelegatingConstructorAccessorImpl.newInstance(DelegatingConstructorAccessorImpl.java:45)
	at java.lang.reflect.Constructor.newInstance(Constructor.java:423)
	at org.openqa.selenium.remote.ErrorHandler.createThrowable(ErrorHandler.java:206)
	at org.openqa.selenium.remote.ErrorHandler.throwIfResponseFailed(ErrorHandler.java:158)
	at org.openqa.selenium.remote.RemoteWebDriver.execute(RemoteWebDriver.java:678)
	at org.openqa.selenium.remote.RemoteWebDriver.findElement(RemoteWebDriver.java:363)
	at org.openqa.selenium.remote.RemoteWebDriver.findElementById(RemoteWebDriver.java:413)
	at org.openqa.selenium.By$ById.findElement(By.java:218)
	at org.openqa.selenium.remote.RemoteWebDriver.findElement(RemoteWebDriver.java:355)
	at com.codeborne.selenide.impl.WebElementSelector.findElement(WebElementSelector.java:28)
	at com.codeborne.selenide.impl.ElementFinder.getWebElement(ElementFinder.java:56)
	at com.codeborne.selenide.impl.WebElementSource.checkCondition(WebElementSource.java:44)
	... 39 more
]]>
    </error>
  </testcase> <!-- B3_editEmergencyNumb -->
  <testcase name="G4_deletePart_no" time="0.000" classname="com.yeastar.swebtest.testcase.DetailCase.pbxcase.EmergencyNumber">
    <error type="com.codeborne.selenide.ex.ElementNotFound" message="Element not found {By.id: login-language-inputEl}
Expected: exist">
      <![CDATA[Element not found {By.id: login-language-inputEl}
Expected: exist
Screenshot: file:/F:/MyProject/SwebTest/pic/1539773760550.84.png
Timeout: 10 s.
Caused by: NoSuchElementException: no such element: Unable to locate element: {"method":"id","selector":"login-language-inputEl"}
	at com.codeborne.selenide.impl.WebElementSource.createElementNotFoundError(WebElementSource.java:31)
	at com.codeborne.selenide.impl.ElementFinder.createElementNotFoundError(ElementFinder.java:82)
	at com.codeborne.selenide.impl.WebElementSource.checkCondition(WebElementSource.java:59)
	at com.codeborne.selenide.commands.Should.should(Should.java:35)
	at com.codeborne.selenide.commands.Should.execute(Should.java:29)
	at com.codeborne.selenide.commands.Should.execute(Should.java:12)
	at com.codeborne.selenide.commands.Commands.execute(Commands.java:140)
	at com.codeborne.selenide.impl.SelenideElementProxy.dispatchAndRetry(SelenideElementProxy.java:86)
	at com.codeborne.selenide.impl.SelenideElementProxy.invoke(SelenideElementProxy.java:62)
	at com.sun.proxy.$Proxy6.should(Unknown Source)
	at com.yeastar.swebtest.driver.SwebDriver.click(SwebDriver.java:206)
	at com.yeastar.swebtest.driver.SwebDriver.select(SwebDriver.java:197)
	at com.yeastar.swebtest.driver.SwebDriver.login(SwebDriver.java:151)
	at com.yeastar.swebtest.driver.SwebDriver.login(SwebDriver.java:139)
	at com.yeastar.swebtest.testcase.DetailCase.pbxcase.PINList.BeforeClass(PINList.java:25)
	at sun.reflect.NativeMethodAccessorImpl.invoke0(Native Method)
	at sun.reflect.NativeMethodAccessorImpl.invoke(NativeMethodAccessorImpl.java:62)
	at sun.reflect.DelegatingMethodAccessorImpl.invoke(DelegatingMethodAccessorImpl.java:43)
	at java.lang.reflect.Method.invoke(Method.java:498)
	at org.testng.internal.MethodInvocationHelper.invokeMethod(MethodInvocationHelper.java:85)
	at org.testng.internal.Invoker.invokeConfigurationMethod(Invoker.java:510)
	at org.testng.internal.Invoker.invokeConfigurations(Invoker.java:211)
	at org.testng.internal.Invoker.invokeConfigurations(Invoker.java:138)
	at org.testng.internal.TestMethodWorker.invokeBeforeClassMethods(TestMethodWorker.java:170)
	at org.testng.internal.TestMethodWorker.run(TestMethodWorker.java:104)
	at org.testng.TestRunner.privateRun(TestRunner.java:774)
	at org.testng.TestRunner.run(TestRunner.java:624)
	at org.testng.SuiteRunner.runTest(SuiteRunner.java:359)
	at org.testng.SuiteRunner.runSequentially(SuiteRunner.java:354)
	at org.testng.SuiteRunner.privateRun(SuiteRunner.java:312)
	at org.testng.SuiteRunner.run(SuiteRunner.java:261)
	at org.testng.SuiteRunnerWorker.runSuite(SuiteRunnerWorker.java:52)
	at org.testng.SuiteRunnerWorker.run(SuiteRunnerWorker.java:86)
	at org.testng.TestNG.runSuitesSequentially(TestNG.java:1215)
	at org.testng.TestNG.runSuitesLocally(TestNG.java:1140)
	at org.testng.TestNG.run(TestNG.java:1048)
	at org.apache.maven.surefire.testng.TestNGExecutor.run(TestNGExecutor.java:293)
	at org.apache.maven.surefire.testng.TestNGXmlTestSuite.execute(TestNGXmlTestSuite.java:84)
	at org.apache.maven.surefire.testng.TestNGProvider.invoke(TestNGProvider.java:91)
	at org.apache.maven.surefire.booter.ForkedBooter.invokeProviderInSameClassLoader(ForkedBooter.java:200)
	at org.apache.maven.surefire.booter.ForkedBooter.runSuitesInProcess(ForkedBooter.java:153)
	at org.apache.maven.surefire.booter.ForkedBooter.main(ForkedBooter.java:103)
Caused by: org.openqa.selenium.NoSuchElementException: no such element: Unable to locate element: {"method":"id","selector":"login-language-inputEl"}
  (Session info: chrome=69.0.3497.100)
  (Driver info: chromedriver=2.42.591088 (7b2b2dca23cca0862f674758c9a3933e685c27d5),platform=Windows NT 6.1.7601 SP1 x86_64) (WARNING: The server did not provide any stacktrace information)
Command duration or timeout: 11 milliseconds
For documentation on this error, please visit: http://seleniumhq.org/exceptions/no_such_element.html
Build info: version: '2.53.1', revision: 'a36b8b1cd5757287168e54b817830adce9b0158d', time: '2016-06-30 19:26:09'
System info: host: 'Yeastar-PC', ip: '192.168.11.194', os.name: 'Windows 7', os.arch: 'x86', os.version: '6.1', java.version: '1.8.0_121'
Driver info: org.openqa.selenium.chrome.ChromeDriver
Capabilities [{mobileEmulationEnabled=false, hasTouchScreen=false, platform=XP, acceptSslCerts=false, goog:chromeOptions={debuggerAddress=localhost:23747}, acceptInsecureCerts=false, webStorageEnabled=true, browserName=chrome, takesScreenshot=true, javascriptEnabled=true, setWindowRect=true, unexpectedAlertBehaviour=, applicationCacheEnabled=false, rotatable=false, networkConnectionEnabled=false, chrome={chromedriverVersion=2.42.591088 (7b2b2dca23cca0862f674758c9a3933e685c27d5), userDataDir=C:\Users\Yeastar\AppData\Local\Temp\scoped_dir3852_3820}, takesHeapSnapshot=true, pageLoadStrategy=normal, databaseEnabled=false, handlesAlerts=true, version=69.0.3497.100, browserConnectionEnabled=false, nativeEvents=true, locationContextEnabled=true, cssSelectorsEnabled=true}]
Session ID: d3be694128271583ac260e31a4722891
*** Element info: {Using=id, value=login-language-inputEl}
	at sun.reflect.GeneratedConstructorAccessor26.newInstance(Unknown Source)
	at sun.reflect.DelegatingConstructorAccessorImpl.newInstance(DelegatingConstructorAccessorImpl.java:45)
	at java.lang.reflect.Constructor.newInstance(Constructor.java:423)
	at org.openqa.selenium.remote.ErrorHandler.createThrowable(ErrorHandler.java:206)
	at org.openqa.selenium.remote.ErrorHandler.throwIfResponseFailed(ErrorHandler.java:158)
	at org.openqa.selenium.remote.RemoteWebDriver.execute(RemoteWebDriver.java:678)
	at org.openqa.selenium.remote.RemoteWebDriver.findElement(RemoteWebDriver.java:363)
	at org.openqa.selenium.remote.RemoteWebDriver.findElementById(RemoteWebDriver.java:413)
	at org.openqa.selenium.By$ById.findElement(By.java:218)
	at org.openqa.selenium.remote.RemoteWebDriver.findElement(RemoteWebDriver.java:355)
	at com.codeborne.selenide.impl.WebElementSelector.findElement(WebElementSelector.java:28)
	at com.codeborne.selenide.impl.ElementFinder.getWebElement(ElementFinder.java:56)
	at com.codeborne.selenide.impl.WebElementSource.checkCondition(WebElementSource.java:44)
	... 39 more
]]>
    </error>
  </testcase> <!-- G4_deletePart_no -->
  <testcase name="F2_EventCenter2" time="0.000" classname="com.yeastar.swebtest.testcase.DetailCase.pbxcase.EmergencyNumber">
    <error type="com.codeborne.selenide.ex.ElementNotFound" message="Element not found {By.id: login-language-inputEl}
Expected: exist">
      <![CDATA[Element not found {By.id: login-language-inputEl}
Expected: exist
Screenshot: file:/F:/MyProject/SwebTest/pic/1539773760550.84.png
Timeout: 10 s.
Caused by: NoSuchElementException: no such element: Unable to locate element: {"method":"id","selector":"login-language-inputEl"}
	at com.codeborne.selenide.impl.WebElementSource.createElementNotFoundError(WebElementSource.java:31)
	at com.codeborne.selenide.impl.ElementFinder.createElementNotFoundError(ElementFinder.java:82)
	at com.codeborne.selenide.impl.WebElementSource.checkCondition(WebElementSource.java:59)
	at com.codeborne.selenide.commands.Should.should(Should.java:35)
	at com.codeborne.selenide.commands.Should.execute(Should.java:29)
	at com.codeborne.selenide.commands.Should.execute(Should.java:12)
	at com.codeborne.selenide.commands.Commands.execute(Commands.java:140)
	at com.codeborne.selenide.impl.SelenideElementProxy.dispatchAndRetry(SelenideElementProxy.java:86)
	at com.codeborne.selenide.impl.SelenideElementProxy.invoke(SelenideElementProxy.java:62)
	at com.sun.proxy.$Proxy6.should(Unknown Source)
	at com.yeastar.swebtest.driver.SwebDriver.click(SwebDriver.java:206)
	at com.yeastar.swebtest.driver.SwebDriver.select(SwebDriver.java:197)
	at com.yeastar.swebtest.driver.SwebDriver.login(SwebDriver.java:151)
	at com.yeastar.swebtest.driver.SwebDriver.login(SwebDriver.java:139)
	at com.yeastar.swebtest.testcase.DetailCase.pbxcase.PINList.BeforeClass(PINList.java:25)
	at sun.reflect.NativeMethodAccessorImpl.invoke0(Native Method)
	at sun.reflect.NativeMethodAccessorImpl.invoke(NativeMethodAccessorImpl.java:62)
	at sun.reflect.DelegatingMethodAccessorImpl.invoke(DelegatingMethodAccessorImpl.java:43)
	at java.lang.reflect.Method.invoke(Method.java:498)
	at org.testng.internal.MethodInvocationHelper.invokeMethod(MethodInvocationHelper.java:85)
	at org.testng.internal.Invoker.invokeConfigurationMethod(Invoker.java:510)
	at org.testng.internal.Invoker.invokeConfigurations(Invoker.java:211)
	at org.testng.internal.Invoker.invokeConfigurations(Invoker.java:138)
	at org.testng.internal.TestMethodWorker.invokeBeforeClassMethods(TestMethodWorker.java:170)
	at org.testng.internal.TestMethodWorker.run(TestMethodWorker.java:104)
	at org.testng.TestRunner.privateRun(TestRunner.java:774)
	at org.testng.TestRunner.run(TestRunner.java:624)
	at org.testng.SuiteRunner.runTest(SuiteRunner.java:359)
	at org.testng.SuiteRunner.runSequentially(SuiteRunner.java:354)
	at org.testng.SuiteRunner.privateRun(SuiteRunner.java:312)
	at org.testng.SuiteRunner.run(SuiteRunner.java:261)
	at org.testng.SuiteRunnerWorker.runSuite(SuiteRunnerWorker.java:52)
	at org.testng.SuiteRunnerWorker.run(SuiteRunnerWorker.java:86)
	at org.testng.TestNG.runSuitesSequentially(TestNG.java:1215)
	at org.testng.TestNG.runSuitesLocally(TestNG.java:1140)
	at org.testng.TestNG.run(TestNG.java:1048)
	at org.apache.maven.surefire.testng.TestNGExecutor.run(TestNGExecutor.java:293)
	at org.apache.maven.surefire.testng.TestNGXmlTestSuite.execute(TestNGXmlTestSuite.java:84)
	at org.apache.maven.surefire.testng.TestNGProvider.invoke(TestNGProvider.java:91)
	at org.apache.maven.surefire.booter.ForkedBooter.invokeProviderInSameClassLoader(ForkedBooter.java:200)
	at org.apache.maven.surefire.booter.ForkedBooter.runSuitesInProcess(ForkedBooter.java:153)
	at org.apache.maven.surefire.booter.ForkedBooter.main(ForkedBooter.java:103)
Caused by: org.openqa.selenium.NoSuchElementException: no such element: Unable to locate element: {"method":"id","selector":"login-language-inputEl"}
  (Session info: chrome=69.0.3497.100)
  (Driver info: chromedriver=2.42.591088 (7b2b2dca23cca0862f674758c9a3933e685c27d5),platform=Windows NT 6.1.7601 SP1 x86_64) (WARNING: The server did not provide any stacktrace information)
Command duration or timeout: 11 milliseconds
For documentation on this error, please visit: http://seleniumhq.org/exceptions/no_such_element.html
Build info: version: '2.53.1', revision: 'a36b8b1cd5757287168e54b817830adce9b0158d', time: '2016-06-30 19:26:09'
System info: host: 'Yeastar-PC', ip: '192.168.11.194', os.name: 'Windows 7', os.arch: 'x86', os.version: '6.1', java.version: '1.8.0_121'
Driver info: org.openqa.selenium.chrome.ChromeDriver
Capabilities [{mobileEmulationEnabled=false, hasTouchScreen=false, platform=XP, acceptSslCerts=false, goog:chromeOptions={debuggerAddress=localhost:23747}, acceptInsecureCerts=false, webStorageEnabled=true, browserName=chrome, takesScreenshot=true, javascriptEnabled=true, setWindowRect=true, unexpectedAlertBehaviour=, applicationCacheEnabled=false, rotatable=false, networkConnectionEnabled=false, chrome={chromedriverVersion=2.42.591088 (7b2b2dca23cca0862f674758c9a3933e685c27d5), userDataDir=C:\Users\Yeastar\AppData\Local\Temp\scoped_dir3852_3820}, takesHeapSnapshot=true, pageLoadStrategy=normal, databaseEnabled=false, handlesAlerts=true, version=69.0.3497.100, browserConnectionEnabled=false, nativeEvents=true, locationContextEnabled=true, cssSelectorsEnabled=true}]
Session ID: d3be694128271583ac260e31a4722891
*** Element info: {Using=id, value=login-language-inputEl}
	at sun.reflect.GeneratedConstructorAccessor26.newInstance(Unknown Source)
	at sun.reflect.DelegatingConstructorAccessorImpl.newInstance(DelegatingConstructorAccessorImpl.java:45)
	at java.lang.reflect.Constructor.newInstance(Constructor.java:423)
	at org.openqa.selenium.remote.ErrorHandler.createThrowable(ErrorHandler.java:206)
	at org.openqa.selenium.remote.ErrorHandler.throwIfResponseFailed(ErrorHandler.java:158)
	at org.openqa.selenium.remote.RemoteWebDriver.execute(RemoteWebDriver.java:678)
	at org.openqa.selenium.remote.RemoteWebDriver.findElement(RemoteWebDriver.java:363)
	at org.openqa.selenium.remote.RemoteWebDriver.findElementById(RemoteWebDriver.java:413)
	at org.openqa.selenium.By$ById.findElement(By.java:218)
	at org.openqa.selenium.remote.RemoteWebDriver.findElement(RemoteWebDriver.java:355)
	at com.codeborne.selenide.impl.WebElementSelector.findElement(WebElementSelector.java:28)
	at com.codeborne.selenide.impl.ElementFinder.getWebElement(ElementFinder.java:56)
	at com.codeborne.selenide.impl.WebElementSource.checkCondition(WebElementSource.java:44)
	... 39 more
]]>
    </error>
  </testcase> <!-- F2_EventCenter2 -->
  <testcase name="D5_check_pstn" time="0.000" classname="com.yeastar.swebtest.testcase.DetailCase.pbxcase.EmergencyNumber">
    <error type="com.codeborne.selenide.ex.ElementNotFound" message="Element not found {By.id: login-language-inputEl}
Expected: exist">
      <![CDATA[Element not found {By.id: login-language-inputEl}
Expected: exist
Screenshot: file:/F:/MyProject/SwebTest/pic/1539773760550.84.png
Timeout: 10 s.
Caused by: NoSuchElementException: no such element: Unable to locate element: {"method":"id","selector":"login-language-inputEl"}
	at com.codeborne.selenide.impl.WebElementSource.createElementNotFoundError(WebElementSource.java:31)
	at com.codeborne.selenide.impl.ElementFinder.createElementNotFoundError(ElementFinder.java:82)
	at com.codeborne.selenide.impl.WebElementSource.checkCondition(WebElementSource.java:59)
	at com.codeborne.selenide.commands.Should.should(Should.java:35)
	at com.codeborne.selenide.commands.Should.execute(Should.java:29)
	at com.codeborne.selenide.commands.Should.execute(Should.java:12)
	at com.codeborne.selenide.commands.Commands.execute(Commands.java:140)
	at com.codeborne.selenide.impl.SelenideElementProxy.dispatchAndRetry(SelenideElementProxy.java:86)
	at com.codeborne.selenide.impl.SelenideElementProxy.invoke(SelenideElementProxy.java:62)
	at com.sun.proxy.$Proxy6.should(Unknown Source)
	at com.yeastar.swebtest.driver.SwebDriver.click(SwebDriver.java:206)
	at com.yeastar.swebtest.driver.SwebDriver.select(SwebDriver.java:197)
	at com.yeastar.swebtest.driver.SwebDriver.login(SwebDriver.java:151)
	at com.yeastar.swebtest.driver.SwebDriver.login(SwebDriver.java:139)
	at com.yeastar.swebtest.testcase.DetailCase.pbxcase.PINList.BeforeClass(PINList.java:25)
	at sun.reflect.NativeMethodAccessorImpl.invoke0(Native Method)
	at sun.reflect.NativeMethodAccessorImpl.invoke(NativeMethodAccessorImpl.java:62)
	at sun.reflect.DelegatingMethodAccessorImpl.invoke(DelegatingMethodAccessorImpl.java:43)
	at java.lang.reflect.Method.invoke(Method.java:498)
	at org.testng.internal.MethodInvocationHelper.invokeMethod(MethodInvocationHelper.java:85)
	at org.testng.internal.Invoker.invokeConfigurationMethod(Invoker.java:510)
	at org.testng.internal.Invoker.invokeConfigurations(Invoker.java:211)
	at org.testng.internal.Invoker.invokeConfigurations(Invoker.java:138)
	at org.testng.internal.TestMethodWorker.invokeBeforeClassMethods(TestMethodWorker.java:170)
	at org.testng.internal.TestMethodWorker.run(TestMethodWorker.java:104)
	at org.testng.TestRunner.privateRun(TestRunner.java:774)
	at org.testng.TestRunner.run(TestRunner.java:624)
	at org.testng.SuiteRunner.runTest(SuiteRunner.java:359)
	at org.testng.SuiteRunner.runSequentially(SuiteRunner.java:354)
	at org.testng.SuiteRunner.privateRun(SuiteRunner.java:312)
	at org.testng.SuiteRunner.run(SuiteRunner.java:261)
	at org.testng.SuiteRunnerWorker.runSuite(SuiteRunnerWorker.java:52)
	at org.testng.SuiteRunnerWorker.run(SuiteRunnerWorker.java:86)
	at org.testng.TestNG.runSuitesSequentially(TestNG.java:1215)
	at org.testng.TestNG.runSuitesLocally(TestNG.java:1140)
	at org.testng.TestNG.run(TestNG.java:1048)
	at org.apache.maven.surefire.testng.TestNGExecutor.run(TestNGExecutor.java:293)
	at org.apache.maven.surefire.testng.TestNGXmlTestSuite.execute(TestNGXmlTestSuite.java:84)
	at org.apache.maven.surefire.testng.TestNGProvider.invoke(TestNGProvider.java:91)
	at org.apache.maven.surefire.booter.ForkedBooter.invokeProviderInSameClassLoader(ForkedBooter.java:200)
	at org.apache.maven.surefire.booter.ForkedBooter.runSuitesInProcess(ForkedBooter.java:153)
	at org.apache.maven.surefire.booter.ForkedBooter.main(ForkedBooter.java:103)
Caused by: org.openqa.selenium.NoSuchElementException: no such element: Unable to locate element: {"method":"id","selector":"login-language-inputEl"}
  (Session info: chrome=69.0.3497.100)
  (Driver info: chromedriver=2.42.591088 (7b2b2dca23cca0862f674758c9a3933e685c27d5),platform=Windows NT 6.1.7601 SP1 x86_64) (WARNING: The server did not provide any stacktrace information)
Command duration or timeout: 11 milliseconds
For documentation on this error, please visit: http://seleniumhq.org/exceptions/no_such_element.html
Build info: version: '2.53.1', revision: 'a36b8b1cd5757287168e54b817830adce9b0158d', time: '2016-06-30 19:26:09'
System info: host: 'Yeastar-PC', ip: '192.168.11.194', os.name: 'Windows 7', os.arch: 'x86', os.version: '6.1', java.version: '1.8.0_121'
Driver info: org.openqa.selenium.chrome.ChromeDriver
Capabilities [{mobileEmulationEnabled=false, hasTouchScreen=false, platform=XP, acceptSslCerts=false, goog:chromeOptions={debuggerAddress=localhost:23747}, acceptInsecureCerts=false, webStorageEnabled=true, browserName=chrome, takesScreenshot=true, javascriptEnabled=true, setWindowRect=true, unexpectedAlertBehaviour=, applicationCacheEnabled=false, rotatable=false, networkConnectionEnabled=false, chrome={chromedriverVersion=2.42.591088 (7b2b2dca23cca0862f674758c9a3933e685c27d5), userDataDir=C:\Users\Yeastar\AppData\Local\Temp\scoped_dir3852_3820}, takesHeapSnapshot=true, pageLoadStrategy=normal, databaseEnabled=false, handlesAlerts=true, version=69.0.3497.100, browserConnectionEnabled=false, nativeEvents=true, locationContextEnabled=true, cssSelectorsEnabled=true}]
Session ID: d3be694128271583ac260e31a4722891
*** Element info: {Using=id, value=login-language-inputEl}
	at sun.reflect.GeneratedConstructorAccessor26.newInstance(Unknown Source)
	at sun.reflect.DelegatingConstructorAccessorImpl.newInstance(DelegatingConstructorAccessorImpl.java:45)
	at java.lang.reflect.Constructor.newInstance(Constructor.java:423)
	at org.openqa.selenium.remote.ErrorHandler.createThrowable(ErrorHandler.java:206)
	at org.openqa.selenium.remote.ErrorHandler.throwIfResponseFailed(ErrorHandler.java:158)
	at org.openqa.selenium.remote.RemoteWebDriver.execute(RemoteWebDriver.java:678)
	at org.openqa.selenium.remote.RemoteWebDriver.findElement(RemoteWebDriver.java:363)
	at org.openqa.selenium.remote.RemoteWebDriver.findElementById(RemoteWebDriver.java:413)
	at org.openqa.selenium.By$ById.findElement(By.java:218)
	at org.openqa.selenium.remote.RemoteWebDriver.findElement(RemoteWebDriver.java:355)
	at com.codeborne.selenide.impl.WebElementSelector.findElement(WebElementSelector.java:28)
	at com.codeborne.selenide.impl.ElementFinder.getWebElement(ElementFinder.java:56)
	at com.codeborne.selenide.impl.WebElementSource.checkCondition(WebElementSource.java:44)
	... 39 more
]]>
    </error>
  </testcase> <!-- D5_check_pstn -->
  <testcase name="F2_eventCenter7" time="0.000" classname="com.yeastar.swebtest.testcase.DetailCase.pbxcase.EmergencyNumber">
    <error type="com.codeborne.selenide.ex.ElementNotFound" message="Element not found {By.id: login-language-inputEl}
Expected: exist">
      <![CDATA[Element not found {By.id: login-language-inputEl}
Expected: exist
Screenshot: file:/F:/MyProject/SwebTest/pic/1539773760550.84.png
Timeout: 10 s.
Caused by: NoSuchElementException: no such element: Unable to locate element: {"method":"id","selector":"login-language-inputEl"}
	at com.codeborne.selenide.impl.WebElementSource.createElementNotFoundError(WebElementSource.java:31)
	at com.codeborne.selenide.impl.ElementFinder.createElementNotFoundError(ElementFinder.java:82)
	at com.codeborne.selenide.impl.WebElementSource.checkCondition(WebElementSource.java:59)
	at com.codeborne.selenide.commands.Should.should(Should.java:35)
	at com.codeborne.selenide.commands.Should.execute(Should.java:29)
	at com.codeborne.selenide.commands.Should.execute(Should.java:12)
	at com.codeborne.selenide.commands.Commands.execute(Commands.java:140)
	at com.codeborne.selenide.impl.SelenideElementProxy.dispatchAndRetry(SelenideElementProxy.java:86)
	at com.codeborne.selenide.impl.SelenideElementProxy.invoke(SelenideElementProxy.java:62)
	at com.sun.proxy.$Proxy6.should(Unknown Source)
	at com.yeastar.swebtest.driver.SwebDriver.click(SwebDriver.java:206)
	at com.yeastar.swebtest.driver.SwebDriver.select(SwebDriver.java:197)
	at com.yeastar.swebtest.driver.SwebDriver.login(SwebDriver.java:151)
	at com.yeastar.swebtest.driver.SwebDriver.login(SwebDriver.java:139)
	at com.yeastar.swebtest.testcase.DetailCase.pbxcase.PINList.BeforeClass(PINList.java:25)
	at sun.reflect.NativeMethodAccessorImpl.invoke0(Native Method)
	at sun.reflect.NativeMethodAccessorImpl.invoke(NativeMethodAccessorImpl.java:62)
	at sun.reflect.DelegatingMethodAccessorImpl.invoke(DelegatingMethodAccessorImpl.java:43)
	at java.lang.reflect.Method.invoke(Method.java:498)
	at org.testng.internal.MethodInvocationHelper.invokeMethod(MethodInvocationHelper.java:85)
	at org.testng.internal.Invoker.invokeConfigurationMethod(Invoker.java:510)
	at org.testng.internal.Invoker.invokeConfigurations(Invoker.java:211)
	at org.testng.internal.Invoker.invokeConfigurations(Invoker.java:138)
	at org.testng.internal.TestMethodWorker.invokeBeforeClassMethods(TestMethodWorker.java:170)
	at org.testng.internal.TestMethodWorker.run(TestMethodWorker.java:104)
	at org.testng.TestRunner.privateRun(TestRunner.java:774)
	at org.testng.TestRunner.run(TestRunner.java:624)
	at org.testng.SuiteRunner.runTest(SuiteRunner.java:359)
	at org.testng.SuiteRunner.runSequentially(SuiteRunner.java:354)
	at org.testng.SuiteRunner.privateRun(SuiteRunner.java:312)
	at org.testng.SuiteRunner.run(SuiteRunner.java:261)
	at org.testng.SuiteRunnerWorker.runSuite(SuiteRunnerWorker.java:52)
	at org.testng.SuiteRunnerWorker.run(SuiteRunnerWorker.java:86)
	at org.testng.TestNG.runSuitesSequentially(TestNG.java:1215)
	at org.testng.TestNG.runSuitesLocally(TestNG.java:1140)
	at org.testng.TestNG.run(TestNG.java:1048)
	at org.apache.maven.surefire.testng.TestNGExecutor.run(TestNGExecutor.java:293)
	at org.apache.maven.surefire.testng.TestNGXmlTestSuite.execute(TestNGXmlTestSuite.java:84)
	at org.apache.maven.surefire.testng.TestNGProvider.invoke(TestNGProvider.java:91)
	at org.apache.maven.surefire.booter.ForkedBooter.invokeProviderInSameClassLoader(ForkedBooter.java:200)
	at org.apache.maven.surefire.booter.ForkedBooter.runSuitesInProcess(ForkedBooter.java:153)
	at org.apache.maven.surefire.booter.ForkedBooter.main(ForkedBooter.java:103)
Caused by: org.openqa.selenium.NoSuchElementException: no such element: Unable to locate element: {"method":"id","selector":"login-language-inputEl"}
  (Session info: chrome=69.0.3497.100)
  (Driver info: chromedriver=2.42.591088 (7b2b2dca23cca0862f674758c9a3933e685c27d5),platform=Windows NT 6.1.7601 SP1 x86_64) (WARNING: The server did not provide any stacktrace information)
Command duration or timeout: 11 milliseconds
For documentation on this error, please visit: http://seleniumhq.org/exceptions/no_such_element.html
Build info: version: '2.53.1', revision: 'a36b8b1cd5757287168e54b817830adce9b0158d', time: '2016-06-30 19:26:09'
System info: host: 'Yeastar-PC', ip: '192.168.11.194', os.name: 'Windows 7', os.arch: 'x86', os.version: '6.1', java.version: '1.8.0_121'
Driver info: org.openqa.selenium.chrome.ChromeDriver
Capabilities [{mobileEmulationEnabled=false, hasTouchScreen=false, platform=XP, acceptSslCerts=false, goog:chromeOptions={debuggerAddress=localhost:23747}, acceptInsecureCerts=false, webStorageEnabled=true, browserName=chrome, takesScreenshot=true, javascriptEnabled=true, setWindowRect=true, unexpectedAlertBehaviour=, applicationCacheEnabled=false, rotatable=false, networkConnectionEnabled=false, chrome={chromedriverVersion=2.42.591088 (7b2b2dca23cca0862f674758c9a3933e685c27d5), userDataDir=C:\Users\Yeastar\AppData\Local\Temp\scoped_dir3852_3820}, takesHeapSnapshot=true, pageLoadStrategy=normal, databaseEnabled=false, handlesAlerts=true, version=69.0.3497.100, browserConnectionEnabled=false, nativeEvents=true, locationContextEnabled=true, cssSelectorsEnabled=true}]
Session ID: d3be694128271583ac260e31a4722891
*** Element info: {Using=id, value=login-language-inputEl}
	at sun.reflect.GeneratedConstructorAccessor26.newInstance(Unknown Source)
	at sun.reflect.DelegatingConstructorAccessorImpl.newInstance(DelegatingConstructorAccessorImpl.java:45)
	at java.lang.reflect.Constructor.newInstance(Constructor.java:423)
	at org.openqa.selenium.remote.ErrorHandler.createThrowable(ErrorHandler.java:206)
	at org.openqa.selenium.remote.ErrorHandler.throwIfResponseFailed(ErrorHandler.java:158)
	at org.openqa.selenium.remote.RemoteWebDriver.execute(RemoteWebDriver.java:678)
	at org.openqa.selenium.remote.RemoteWebDriver.findElement(RemoteWebDriver.java:363)
	at org.openqa.selenium.remote.RemoteWebDriver.findElementById(RemoteWebDriver.java:413)
	at org.openqa.selenium.By$ById.findElement(By.java:218)
	at org.openqa.selenium.remote.RemoteWebDriver.findElement(RemoteWebDriver.java:355)
	at com.codeborne.selenide.impl.WebElementSelector.findElement(WebElementSelector.java:28)
	at com.codeborne.selenide.impl.ElementFinder.getWebElement(ElementFinder.java:56)
	at com.codeborne.selenide.impl.WebElementSource.checkCondition(WebElementSource.java:44)
	... 39 more
]]>
    </error>
  </testcase> <!-- F2_eventCenter7 -->
  <testcase name="C8_checkNotification" time="0.000" classname="com.yeastar.swebtest.testcase.DetailCase.pbxcase.EmergencyNumber">
    <error type="com.codeborne.selenide.ex.ElementNotFound" message="Element not found {By.id: login-language-inputEl}
Expected: exist">
      <![CDATA[Element not found {By.id: login-language-inputEl}
Expected: exist
Screenshot: file:/F:/MyProject/SwebTest/pic/1539773760550.84.png
Timeout: 10 s.
Caused by: NoSuchElementException: no such element: Unable to locate element: {"method":"id","selector":"login-language-inputEl"}
	at com.codeborne.selenide.impl.WebElementSource.createElementNotFoundError(WebElementSource.java:31)
	at com.codeborne.selenide.impl.ElementFinder.createElementNotFoundError(ElementFinder.java:82)
	at com.codeborne.selenide.impl.WebElementSource.checkCondition(WebElementSource.java:59)
	at com.codeborne.selenide.commands.Should.should(Should.java:35)
	at com.codeborne.selenide.commands.Should.execute(Should.java:29)
	at com.codeborne.selenide.commands.Should.execute(Should.java:12)
	at com.codeborne.selenide.commands.Commands.execute(Commands.java:140)
	at com.codeborne.selenide.impl.SelenideElementProxy.dispatchAndRetry(SelenideElementProxy.java:86)
	at com.codeborne.selenide.impl.SelenideElementProxy.invoke(SelenideElementProxy.java:62)
	at com.sun.proxy.$Proxy6.should(Unknown Source)
	at com.yeastar.swebtest.driver.SwebDriver.click(SwebDriver.java:206)
	at com.yeastar.swebtest.driver.SwebDriver.select(SwebDriver.java:197)
	at com.yeastar.swebtest.driver.SwebDriver.login(SwebDriver.java:151)
	at com.yeastar.swebtest.driver.SwebDriver.login(SwebDriver.java:139)
	at com.yeastar.swebtest.testcase.DetailCase.pbxcase.PINList.BeforeClass(PINList.java:25)
	at sun.reflect.NativeMethodAccessorImpl.invoke0(Native Method)
	at sun.reflect.NativeMethodAccessorImpl.invoke(NativeMethodAccessorImpl.java:62)
	at sun.reflect.DelegatingMethodAccessorImpl.invoke(DelegatingMethodAccessorImpl.java:43)
	at java.lang.reflect.Method.invoke(Method.java:498)
	at org.testng.internal.MethodInvocationHelper.invokeMethod(MethodInvocationHelper.java:85)
	at org.testng.internal.Invoker.invokeConfigurationMethod(Invoker.java:510)
	at org.testng.internal.Invoker.invokeConfigurations(Invoker.java:211)
	at org.testng.internal.Invoker.invokeConfigurations(Invoker.java:138)
	at org.testng.internal.TestMethodWorker.invokeBeforeClassMethods(TestMethodWorker.java:170)
	at org.testng.internal.TestMethodWorker.run(TestMethodWorker.java:104)
	at org.testng.TestRunner.privateRun(TestRunner.java:774)
	at org.testng.TestRunner.run(TestRunner.java:624)
	at org.testng.SuiteRunner.runTest(SuiteRunner.java:359)
	at org.testng.SuiteRunner.runSequentially(SuiteRunner.java:354)
	at org.testng.SuiteRunner.privateRun(SuiteRunner.java:312)
	at org.testng.SuiteRunner.run(SuiteRunner.java:261)
	at org.testng.SuiteRunnerWorker.runSuite(SuiteRunnerWorker.java:52)
	at org.testng.SuiteRunnerWorker.run(SuiteRunnerWorker.java:86)
	at org.testng.TestNG.runSuitesSequentially(TestNG.java:1215)
	at org.testng.TestNG.runSuitesLocally(TestNG.java:1140)
	at org.testng.TestNG.run(TestNG.java:1048)
	at org.apache.maven.surefire.testng.TestNGExecutor.run(TestNGExecutor.java:293)
	at org.apache.maven.surefire.testng.TestNGXmlTestSuite.execute(TestNGXmlTestSuite.java:84)
	at org.apache.maven.surefire.testng.TestNGProvider.invoke(TestNGProvider.java:91)
	at org.apache.maven.surefire.booter.ForkedBooter.invokeProviderInSameClassLoader(ForkedBooter.java:200)
	at org.apache.maven.surefire.booter.ForkedBooter.runSuitesInProcess(ForkedBooter.java:153)
	at org.apache.maven.surefire.booter.ForkedBooter.main(ForkedBooter.java:103)
Caused by: org.openqa.selenium.NoSuchElementException: no such element: Unable to locate element: {"method":"id","selector":"login-language-inputEl"}
  (Session info: chrome=69.0.3497.100)
  (Driver info: chromedriver=2.42.591088 (7b2b2dca23cca0862f674758c9a3933e685c27d5),platform=Windows NT 6.1.7601 SP1 x86_64) (WARNING: The server did not provide any stacktrace information)
Command duration or timeout: 11 milliseconds
For documentation on this error, please visit: http://seleniumhq.org/exceptions/no_such_element.html
Build info: version: '2.53.1', revision: 'a36b8b1cd5757287168e54b817830adce9b0158d', time: '2016-06-30 19:26:09'
System info: host: 'Yeastar-PC', ip: '192.168.11.194', os.name: 'Windows 7', os.arch: 'x86', os.version: '6.1', java.version: '1.8.0_121'
Driver info: org.openqa.selenium.chrome.ChromeDriver
Capabilities [{mobileEmulationEnabled=false, hasTouchScreen=false, platform=XP, acceptSslCerts=false, goog:chromeOptions={debuggerAddress=localhost:23747}, acceptInsecureCerts=false, webStorageEnabled=true, browserName=chrome, takesScreenshot=true, javascriptEnabled=true, setWindowRect=true, unexpectedAlertBehaviour=, applicationCacheEnabled=false, rotatable=false, networkConnectionEnabled=false, chrome={chromedriverVersion=2.42.591088 (7b2b2dca23cca0862f674758c9a3933e685c27d5), userDataDir=C:\Users\Yeastar\AppData\Local\Temp\scoped_dir3852_3820}, takesHeapSnapshot=true, pageLoadStrategy=normal, databaseEnabled=false, handlesAlerts=true, version=69.0.3497.100, browserConnectionEnabled=false, nativeEvents=true, locationContextEnabled=true, cssSelectorsEnabled=true}]
Session ID: d3be694128271583ac260e31a4722891
*** Element info: {Using=id, value=login-language-inputEl}
	at sun.reflect.GeneratedConstructorAccessor26.newInstance(Unknown Source)
	at sun.reflect.DelegatingConstructorAccessorImpl.newInstance(DelegatingConstructorAccessorImpl.java:45)
	at java.lang.reflect.Constructor.newInstance(Constructor.java:423)
	at org.openqa.selenium.remote.ErrorHandler.createThrowable(ErrorHandler.java:206)
	at org.openqa.selenium.remote.ErrorHandler.throwIfResponseFailed(ErrorHandler.java:158)
	at org.openqa.selenium.remote.RemoteWebDriver.execute(RemoteWebDriver.java:678)
	at org.openqa.selenium.remote.RemoteWebDriver.findElement(RemoteWebDriver.java:363)
	at org.openqa.selenium.remote.RemoteWebDriver.findElementById(RemoteWebDriver.java:413)
	at org.openqa.selenium.By$ById.findElement(By.java:218)
	at org.openqa.selenium.remote.RemoteWebDriver.findElement(RemoteWebDriver.java:355)
	at com.codeborne.selenide.impl.WebElementSelector.findElement(WebElementSelector.java:28)
	at com.codeborne.selenide.impl.ElementFinder.getWebElement(ElementFinder.java:56)
	at com.codeborne.selenide.impl.WebElementSource.checkCondition(WebElementSource.java:44)
	... 39 more
]]>
    </error>
  </testcase> <!-- C8_checkNotification -->
  <testcase name="F2_eventCenter9" time="0.000" classname="com.yeastar.swebtest.testcase.DetailCase.pbxcase.EmergencyNumber">
    <error type="com.codeborne.selenide.ex.ElementNotFound" message="Element not found {By.id: login-language-inputEl}
Expected: exist">
      <![CDATA[Element not found {By.id: login-language-inputEl}
Expected: exist
Screenshot: file:/F:/MyProject/SwebTest/pic/1539773760550.84.png
Timeout: 10 s.
Caused by: NoSuchElementException: no such element: Unable to locate element: {"method":"id","selector":"login-language-inputEl"}
	at com.codeborne.selenide.impl.WebElementSource.createElementNotFoundError(WebElementSource.java:31)
	at com.codeborne.selenide.impl.ElementFinder.createElementNotFoundError(ElementFinder.java:82)
	at com.codeborne.selenide.impl.WebElementSource.checkCondition(WebElementSource.java:59)
	at com.codeborne.selenide.commands.Should.should(Should.java:35)
	at com.codeborne.selenide.commands.Should.execute(Should.java:29)
	at com.codeborne.selenide.commands.Should.execute(Should.java:12)
	at com.codeborne.selenide.commands.Commands.execute(Commands.java:140)
	at com.codeborne.selenide.impl.SelenideElementProxy.dispatchAndRetry(SelenideElementProxy.java:86)
	at com.codeborne.selenide.impl.SelenideElementProxy.invoke(SelenideElementProxy.java:62)
	at com.sun.proxy.$Proxy6.should(Unknown Source)
	at com.yeastar.swebtest.driver.SwebDriver.click(SwebDriver.java:206)
	at com.yeastar.swebtest.driver.SwebDriver.select(SwebDriver.java:197)
	at com.yeastar.swebtest.driver.SwebDriver.login(SwebDriver.java:151)
	at com.yeastar.swebtest.driver.SwebDriver.login(SwebDriver.java:139)
	at com.yeastar.swebtest.testcase.DetailCase.pbxcase.PINList.BeforeClass(PINList.java:25)
	at sun.reflect.NativeMethodAccessorImpl.invoke0(Native Method)
	at sun.reflect.NativeMethodAccessorImpl.invoke(NativeMethodAccessorImpl.java:62)
	at sun.reflect.DelegatingMethodAccessorImpl.invoke(DelegatingMethodAccessorImpl.java:43)
	at java.lang.reflect.Method.invoke(Method.java:498)
	at org.testng.internal.MethodInvocationHelper.invokeMethod(MethodInvocationHelper.java:85)
	at org.testng.internal.Invoker.invokeConfigurationMethod(Invoker.java:510)
	at org.testng.internal.Invoker.invokeConfigurations(Invoker.java:211)
	at org.testng.internal.Invoker.invokeConfigurations(Invoker.java:138)
	at org.testng.internal.TestMethodWorker.invokeBeforeClassMethods(TestMethodWorker.java:170)
	at org.testng.internal.TestMethodWorker.run(TestMethodWorker.java:104)
	at org.testng.TestRunner.privateRun(TestRunner.java:774)
	at org.testng.TestRunner.run(TestRunner.java:624)
	at org.testng.SuiteRunner.runTest(SuiteRunner.java:359)
	at org.testng.SuiteRunner.runSequentially(SuiteRunner.java:354)
	at org.testng.SuiteRunner.privateRun(SuiteRunner.java:312)
	at org.testng.SuiteRunner.run(SuiteRunner.java:261)
	at org.testng.SuiteRunnerWorker.runSuite(SuiteRunnerWorker.java:52)
	at org.testng.SuiteRunnerWorker.run(SuiteRunnerWorker.java:86)
	at org.testng.TestNG.runSuitesSequentially(TestNG.java:1215)
	at org.testng.TestNG.runSuitesLocally(TestNG.java:1140)
	at org.testng.TestNG.run(TestNG.java:1048)
	at org.apache.maven.surefire.testng.TestNGExecutor.run(TestNGExecutor.java:293)
	at org.apache.maven.surefire.testng.TestNGXmlTestSuite.execute(TestNGXmlTestSuite.java:84)
	at org.apache.maven.surefire.testng.TestNGProvider.invoke(TestNGProvider.java:91)
	at org.apache.maven.surefire.booter.ForkedBooter.invokeProviderInSameClassLoader(ForkedBooter.java:200)
	at org.apache.maven.surefire.booter.ForkedBooter.runSuitesInProcess(ForkedBooter.java:153)
	at org.apache.maven.surefire.booter.ForkedBooter.main(ForkedBooter.java:103)
Caused by: org.openqa.selenium.NoSuchElementException: no such element: Unable to locate element: {"method":"id","selector":"login-language-inputEl"}
  (Session info: chrome=69.0.3497.100)
  (Driver info: chromedriver=2.42.591088 (7b2b2dca23cca0862f674758c9a3933e685c27d5),platform=Windows NT 6.1.7601 SP1 x86_64) (WARNING: The server did not provide any stacktrace information)
Command duration or timeout: 11 milliseconds
For documentation on this error, please visit: http://seleniumhq.org/exceptions/no_such_element.html
Build info: version: '2.53.1', revision: 'a36b8b1cd5757287168e54b817830adce9b0158d', time: '2016-06-30 19:26:09'
System info: host: 'Yeastar-PC', ip: '192.168.11.194', os.name: 'Windows 7', os.arch: 'x86', os.version: '6.1', java.version: '1.8.0_121'
Driver info: org.openqa.selenium.chrome.ChromeDriver
Capabilities [{mobileEmulationEnabled=false, hasTouchScreen=false, platform=XP, acceptSslCerts=false, goog:chromeOptions={debuggerAddress=localhost:23747}, acceptInsecureCerts=false, webStorageEnabled=true, browserName=chrome, takesScreenshot=true, javascriptEnabled=true, setWindowRect=true, unexpectedAlertBehaviour=, applicationCacheEnabled=false, rotatable=false, networkConnectionEnabled=false, chrome={chromedriverVersion=2.42.591088 (7b2b2dca23cca0862f674758c9a3933e685c27d5), userDataDir=C:\Users\Yeastar\AppData\Local\Temp\scoped_dir3852_3820}, takesHeapSnapshot=true, pageLoadStrategy=normal, databaseEnabled=false, handlesAlerts=true, version=69.0.3497.100, browserConnectionEnabled=false, nativeEvents=true, locationContextEnabled=true, cssSelectorsEnabled=true}]
Session ID: d3be694128271583ac260e31a4722891
*** Element info: {Using=id, value=login-language-inputEl}
	at sun.reflect.GeneratedConstructorAccessor26.newInstance(Unknown Source)
	at sun.reflect.DelegatingConstructorAccessorImpl.newInstance(DelegatingConstructorAccessorImpl.java:45)
	at java.lang.reflect.Constructor.newInstance(Constructor.java:423)
	at org.openqa.selenium.remote.ErrorHandler.createThrowable(ErrorHandler.java:206)
	at org.openqa.selenium.remote.ErrorHandler.throwIfResponseFailed(ErrorHandler.java:158)
	at org.openqa.selenium.remote.RemoteWebDriver.execute(RemoteWebDriver.java:678)
	at org.openqa.selenium.remote.RemoteWebDriver.findElement(RemoteWebDriver.java:363)
	at org.openqa.selenium.remote.RemoteWebDriver.findElementById(RemoteWebDriver.java:413)
	at org.openqa.selenium.By$ById.findElement(By.java:218)
	at org.openqa.selenium.remote.RemoteWebDriver.findElement(RemoteWebDriver.java:355)
	at com.codeborne.selenide.impl.WebElementSelector.findElement(WebElementSelector.java:28)
	at com.codeborne.selenide.impl.ElementFinder.getWebElement(ElementFinder.java:56)
	at com.codeborne.selenide.impl.WebElementSource.checkCondition(WebElementSource.java:44)
	... 39 more
]]>
    </error>
  </testcase> <!-- F2_eventCenter9 -->
  <testcase name="B1_addEmergencyNum" time="0.000" classname="com.yeastar.swebtest.testcase.DetailCase.pbxcase.EmergencyNumber">
    <error type="com.codeborne.selenide.ex.ElementNotFound" message="Element not found {By.id: login-language-inputEl}
Expected: exist">
      <![CDATA[Element not found {By.id: login-language-inputEl}
Expected: exist
Screenshot: file:/F:/MyProject/SwebTest/pic/1539773760550.84.png
Timeout: 10 s.
Caused by: NoSuchElementException: no such element: Unable to locate element: {"method":"id","selector":"login-language-inputEl"}
	at com.codeborne.selenide.impl.WebElementSource.createElementNotFoundError(WebElementSource.java:31)
	at com.codeborne.selenide.impl.ElementFinder.createElementNotFoundError(ElementFinder.java:82)
	at com.codeborne.selenide.impl.WebElementSource.checkCondition(WebElementSource.java:59)
	at com.codeborne.selenide.commands.Should.should(Should.java:35)
	at com.codeborne.selenide.commands.Should.execute(Should.java:29)
	at com.codeborne.selenide.commands.Should.execute(Should.java:12)
	at com.codeborne.selenide.commands.Commands.execute(Commands.java:140)
	at com.codeborne.selenide.impl.SelenideElementProxy.dispatchAndRetry(SelenideElementProxy.java:86)
	at com.codeborne.selenide.impl.SelenideElementProxy.invoke(SelenideElementProxy.java:62)
	at com.sun.proxy.$Proxy6.should(Unknown Source)
	at com.yeastar.swebtest.driver.SwebDriver.click(SwebDriver.java:206)
	at com.yeastar.swebtest.driver.SwebDriver.select(SwebDriver.java:197)
	at com.yeastar.swebtest.driver.SwebDriver.login(SwebDriver.java:151)
	at com.yeastar.swebtest.driver.SwebDriver.login(SwebDriver.java:139)
	at com.yeastar.swebtest.testcase.DetailCase.pbxcase.PINList.BeforeClass(PINList.java:25)
	at sun.reflect.NativeMethodAccessorImpl.invoke0(Native Method)
	at sun.reflect.NativeMethodAccessorImpl.invoke(NativeMethodAccessorImpl.java:62)
	at sun.reflect.DelegatingMethodAccessorImpl.invoke(DelegatingMethodAccessorImpl.java:43)
	at java.lang.reflect.Method.invoke(Method.java:498)
	at org.testng.internal.MethodInvocationHelper.invokeMethod(MethodInvocationHelper.java:85)
	at org.testng.internal.Invoker.invokeConfigurationMethod(Invoker.java:510)
	at org.testng.internal.Invoker.invokeConfigurations(Invoker.java:211)
	at org.testng.internal.Invoker.invokeConfigurations(Invoker.java:138)
	at org.testng.internal.TestMethodWorker.invokeBeforeClassMethods(TestMethodWorker.java:170)
	at org.testng.internal.TestMethodWorker.run(TestMethodWorker.java:104)
	at org.testng.TestRunner.privateRun(TestRunner.java:774)
	at org.testng.TestRunner.run(TestRunner.java:624)
	at org.testng.SuiteRunner.runTest(SuiteRunner.java:359)
	at org.testng.SuiteRunner.runSequentially(SuiteRunner.java:354)
	at org.testng.SuiteRunner.privateRun(SuiteRunner.java:312)
	at org.testng.SuiteRunner.run(SuiteRunner.java:261)
	at org.testng.SuiteRunnerWorker.runSuite(SuiteRunnerWorker.java:52)
	at org.testng.SuiteRunnerWorker.run(SuiteRunnerWorker.java:86)
	at org.testng.TestNG.runSuitesSequentially(TestNG.java:1215)
	at org.testng.TestNG.runSuitesLocally(TestNG.java:1140)
	at org.testng.TestNG.run(TestNG.java:1048)
	at org.apache.maven.surefire.testng.TestNGExecutor.run(TestNGExecutor.java:293)
	at org.apache.maven.surefire.testng.TestNGXmlTestSuite.execute(TestNGXmlTestSuite.java:84)
	at org.apache.maven.surefire.testng.TestNGProvider.invoke(TestNGProvider.java:91)
	at org.apache.maven.surefire.booter.ForkedBooter.invokeProviderInSameClassLoader(ForkedBooter.java:200)
	at org.apache.maven.surefire.booter.ForkedBooter.runSuitesInProcess(ForkedBooter.java:153)
	at org.apache.maven.surefire.booter.ForkedBooter.main(ForkedBooter.java:103)
Caused by: org.openqa.selenium.NoSuchElementException: no such element: Unable to locate element: {"method":"id","selector":"login-language-inputEl"}
  (Session info: chrome=69.0.3497.100)
  (Driver info: chromedriver=2.42.591088 (7b2b2dca23cca0862f674758c9a3933e685c27d5),platform=Windows NT 6.1.7601 SP1 x86_64) (WARNING: The server did not provide any stacktrace information)
Command duration or timeout: 11 milliseconds
For documentation on this error, please visit: http://seleniumhq.org/exceptions/no_such_element.html
Build info: version: '2.53.1', revision: 'a36b8b1cd5757287168e54b817830adce9b0158d', time: '2016-06-30 19:26:09'
System info: host: 'Yeastar-PC', ip: '192.168.11.194', os.name: 'Windows 7', os.arch: 'x86', os.version: '6.1', java.version: '1.8.0_121'
Driver info: org.openqa.selenium.chrome.ChromeDriver
Capabilities [{mobileEmulationEnabled=false, hasTouchScreen=false, platform=XP, acceptSslCerts=false, goog:chromeOptions={debuggerAddress=localhost:23747}, acceptInsecureCerts=false, webStorageEnabled=true, browserName=chrome, takesScreenshot=true, javascriptEnabled=true, setWindowRect=true, unexpectedAlertBehaviour=, applicationCacheEnabled=false, rotatable=false, networkConnectionEnabled=false, chrome={chromedriverVersion=2.42.591088 (7b2b2dca23cca0862f674758c9a3933e685c27d5), userDataDir=C:\Users\Yeastar\AppData\Local\Temp\scoped_dir3852_3820}, takesHeapSnapshot=true, pageLoadStrategy=normal, databaseEnabled=false, handlesAlerts=true, version=69.0.3497.100, browserConnectionEnabled=false, nativeEvents=true, locationContextEnabled=true, cssSelectorsEnabled=true}]
Session ID: d3be694128271583ac260e31a4722891
*** Element info: {Using=id, value=login-language-inputEl}
	at sun.reflect.GeneratedConstructorAccessor26.newInstance(Unknown Source)
	at sun.reflect.DelegatingConstructorAccessorImpl.newInstance(DelegatingConstructorAccessorImpl.java:45)
	at java.lang.reflect.Constructor.newInstance(Constructor.java:423)
	at org.openqa.selenium.remote.ErrorHandler.createThrowable(ErrorHandler.java:206)
	at org.openqa.selenium.remote.ErrorHandler.throwIfResponseFailed(ErrorHandler.java:158)
	at org.openqa.selenium.remote.RemoteWebDriver.execute(RemoteWebDriver.java:678)
	at org.openqa.selenium.remote.RemoteWebDriver.findElement(RemoteWebDriver.java:363)
	at org.openqa.selenium.remote.RemoteWebDriver.findElementById(RemoteWebDriver.java:413)
	at org.openqa.selenium.By$ById.findElement(By.java:218)
	at org.openqa.selenium.remote.RemoteWebDriver.findElement(RemoteWebDriver.java:355)
	at com.codeborne.selenide.impl.WebElementSelector.findElement(WebElementSelector.java:28)
	at com.codeborne.selenide.impl.ElementFinder.getWebElement(ElementFinder.java:56)
	at com.codeborne.selenide.impl.WebElementSource.checkCondition(WebElementSource.java:44)
	... 39 more
]]>
    </error>
  </testcase> <!-- B1_addEmergencyNum -->
  <testcase name="E6_checkPhyAndPhy" time="0.000" classname="com.yeastar.swebtest.testcase.DetailCase.pbxcase.EmergencyNumber">
    <error type="com.codeborne.selenide.ex.ElementNotFound" message="Element not found {By.id: login-language-inputEl}
Expected: exist">
      <![CDATA[Element not found {By.id: login-language-inputEl}
Expected: exist
Screenshot: file:/F:/MyProject/SwebTest/pic/1539773760550.84.png
Timeout: 10 s.
Caused by: NoSuchElementException: no such element: Unable to locate element: {"method":"id","selector":"login-language-inputEl"}
	at com.codeborne.selenide.impl.WebElementSource.createElementNotFoundError(WebElementSource.java:31)
	at com.codeborne.selenide.impl.ElementFinder.createElementNotFoundError(ElementFinder.java:82)
	at com.codeborne.selenide.impl.WebElementSource.checkCondition(WebElementSource.java:59)
	at com.codeborne.selenide.commands.Should.should(Should.java:35)
	at com.codeborne.selenide.commands.Should.execute(Should.java:29)
	at com.codeborne.selenide.commands.Should.execute(Should.java:12)
	at com.codeborne.selenide.commands.Commands.execute(Commands.java:140)
	at com.codeborne.selenide.impl.SelenideElementProxy.dispatchAndRetry(SelenideElementProxy.java:86)
	at com.codeborne.selenide.impl.SelenideElementProxy.invoke(SelenideElementProxy.java:62)
	at com.sun.proxy.$Proxy6.should(Unknown Source)
	at com.yeastar.swebtest.driver.SwebDriver.click(SwebDriver.java:206)
	at com.yeastar.swebtest.driver.SwebDriver.select(SwebDriver.java:197)
	at com.yeastar.swebtest.driver.SwebDriver.login(SwebDriver.java:151)
	at com.yeastar.swebtest.driver.SwebDriver.login(SwebDriver.java:139)
	at com.yeastar.swebtest.testcase.DetailCase.pbxcase.PINList.BeforeClass(PINList.java:25)
	at sun.reflect.NativeMethodAccessorImpl.invoke0(Native Method)
	at sun.reflect.NativeMethodAccessorImpl.invoke(NativeMethodAccessorImpl.java:62)
	at sun.reflect.DelegatingMethodAccessorImpl.invoke(DelegatingMethodAccessorImpl.java:43)
	at java.lang.reflect.Method.invoke(Method.java:498)
	at org.testng.internal.MethodInvocationHelper.invokeMethod(MethodInvocationHelper.java:85)
	at org.testng.internal.Invoker.invokeConfigurationMethod(Invoker.java:510)
	at org.testng.internal.Invoker.invokeConfigurations(Invoker.java:211)
	at org.testng.internal.Invoker.invokeConfigurations(Invoker.java:138)
	at org.testng.internal.TestMethodWorker.invokeBeforeClassMethods(TestMethodWorker.java:170)
	at org.testng.internal.TestMethodWorker.run(TestMethodWorker.java:104)
	at org.testng.TestRunner.privateRun(TestRunner.java:774)
	at org.testng.TestRunner.run(TestRunner.java:624)
	at org.testng.SuiteRunner.runTest(SuiteRunner.java:359)
	at org.testng.SuiteRunner.runSequentially(SuiteRunner.java:354)
	at org.testng.SuiteRunner.privateRun(SuiteRunner.java:312)
	at org.testng.SuiteRunner.run(SuiteRunner.java:261)
	at org.testng.SuiteRunnerWorker.runSuite(SuiteRunnerWorker.java:52)
	at org.testng.SuiteRunnerWorker.run(SuiteRunnerWorker.java:86)
	at org.testng.TestNG.runSuitesSequentially(TestNG.java:1215)
	at org.testng.TestNG.runSuitesLocally(TestNG.java:1140)
	at org.testng.TestNG.run(TestNG.java:1048)
	at org.apache.maven.surefire.testng.TestNGExecutor.run(TestNGExecutor.java:293)
	at org.apache.maven.surefire.testng.TestNGXmlTestSuite.execute(TestNGXmlTestSuite.java:84)
	at org.apache.maven.surefire.testng.TestNGProvider.invoke(TestNGProvider.java:91)
	at org.apache.maven.surefire.booter.ForkedBooter.invokeProviderInSameClassLoader(ForkedBooter.java:200)
	at org.apache.maven.surefire.booter.ForkedBooter.runSuitesInProcess(ForkedBooter.java:153)
	at org.apache.maven.surefire.booter.ForkedBooter.main(ForkedBooter.java:103)
Caused by: org.openqa.selenium.NoSuchElementException: no such element: Unable to locate element: {"method":"id","selector":"login-language-inputEl"}
  (Session info: chrome=69.0.3497.100)
  (Driver info: chromedriver=2.42.591088 (7b2b2dca23cca0862f674758c9a3933e685c27d5),platform=Windows NT 6.1.7601 SP1 x86_64) (WARNING: The server did not provide any stacktrace information)
Command duration or timeout: 11 milliseconds
For documentation on this error, please visit: http://seleniumhq.org/exceptions/no_such_element.html
Build info: version: '2.53.1', revision: 'a36b8b1cd5757287168e54b817830adce9b0158d', time: '2016-06-30 19:26:09'
System info: host: 'Yeastar-PC', ip: '192.168.11.194', os.name: 'Windows 7', os.arch: 'x86', os.version: '6.1', java.version: '1.8.0_121'
Driver info: org.openqa.selenium.chrome.ChromeDriver
Capabilities [{mobileEmulationEnabled=false, hasTouchScreen=false, platform=XP, acceptSslCerts=false, goog:chromeOptions={debuggerAddress=localhost:23747}, acceptInsecureCerts=false, webStorageEnabled=true, browserName=chrome, takesScreenshot=true, javascriptEnabled=true, setWindowRect=true, unexpectedAlertBehaviour=, applicationCacheEnabled=false, rotatable=false, networkConnectionEnabled=false, chrome={chromedriverVersion=2.42.591088 (7b2b2dca23cca0862f674758c9a3933e685c27d5), userDataDir=C:\Users\Yeastar\AppData\Local\Temp\scoped_dir3852_3820}, takesHeapSnapshot=true, pageLoadStrategy=normal, databaseEnabled=false, handlesAlerts=true, version=69.0.3497.100, browserConnectionEnabled=false, nativeEvents=true, locationContextEnabled=true, cssSelectorsEnabled=true}]
Session ID: d3be694128271583ac260e31a4722891
*** Element info: {Using=id, value=login-language-inputEl}
	at sun.reflect.GeneratedConstructorAccessor26.newInstance(Unknown Source)
	at sun.reflect.DelegatingConstructorAccessorImpl.newInstance(DelegatingConstructorAccessorImpl.java:45)
	at java.lang.reflect.Constructor.newInstance(Constructor.java:423)
	at org.openqa.selenium.remote.ErrorHandler.createThrowable(ErrorHandler.java:206)
	at org.openqa.selenium.remote.ErrorHandler.throwIfResponseFailed(ErrorHandler.java:158)
	at org.openqa.selenium.remote.RemoteWebDriver.execute(RemoteWebDriver.java:678)
	at org.openqa.selenium.remote.RemoteWebDriver.findElement(RemoteWebDriver.java:363)
	at org.openqa.selenium.remote.RemoteWebDriver.findElementById(RemoteWebDriver.java:413)
	at org.openqa.selenium.By$ById.findElement(By.java:218)
	at org.openqa.selenium.remote.RemoteWebDriver.findElement(RemoteWebDriver.java:355)
	at com.codeborne.selenide.impl.WebElementSelector.findElement(WebElementSelector.java:28)
	at com.codeborne.selenide.impl.ElementFinder.getWebElement(ElementFinder.java:56)
	at com.codeborne.selenide.impl.WebElementSource.checkCondition(WebElementSource.java:44)
	... 39 more
]]>
    </error>
  </testcase> <!-- E6_checkPhyAndPhy -->
  <testcase name="C1_edittrunk_Unavail" time="0.000" classname="com.yeastar.swebtest.testcase.DetailCase.pbxcase.EmergencyNumber">
    <error type="com.codeborne.selenide.ex.ElementNotFound" message="Element not found {By.id: login-language-inputEl}
Expected: exist">
      <![CDATA[Element not found {By.id: login-language-inputEl}
Expected: exist
Screenshot: file:/F:/MyProject/SwebTest/pic/1539773760550.84.png
Timeout: 10 s.
Caused by: NoSuchElementException: no such element: Unable to locate element: {"method":"id","selector":"login-language-inputEl"}
	at com.codeborne.selenide.impl.WebElementSource.createElementNotFoundError(WebElementSource.java:31)
	at com.codeborne.selenide.impl.ElementFinder.createElementNotFoundError(ElementFinder.java:82)
	at com.codeborne.selenide.impl.WebElementSource.checkCondition(WebElementSource.java:59)
	at com.codeborne.selenide.commands.Should.should(Should.java:35)
	at com.codeborne.selenide.commands.Should.execute(Should.java:29)
	at com.codeborne.selenide.commands.Should.execute(Should.java:12)
	at com.codeborne.selenide.commands.Commands.execute(Commands.java:140)
	at com.codeborne.selenide.impl.SelenideElementProxy.dispatchAndRetry(SelenideElementProxy.java:86)
	at com.codeborne.selenide.impl.SelenideElementProxy.invoke(SelenideElementProxy.java:62)
	at com.sun.proxy.$Proxy6.should(Unknown Source)
	at com.yeastar.swebtest.driver.SwebDriver.click(SwebDriver.java:206)
	at com.yeastar.swebtest.driver.SwebDriver.select(SwebDriver.java:197)
	at com.yeastar.swebtest.driver.SwebDriver.login(SwebDriver.java:151)
	at com.yeastar.swebtest.driver.SwebDriver.login(SwebDriver.java:139)
	at com.yeastar.swebtest.testcase.DetailCase.pbxcase.PINList.BeforeClass(PINList.java:25)
	at sun.reflect.NativeMethodAccessorImpl.invoke0(Native Method)
	at sun.reflect.NativeMethodAccessorImpl.invoke(NativeMethodAccessorImpl.java:62)
	at sun.reflect.DelegatingMethodAccessorImpl.invoke(DelegatingMethodAccessorImpl.java:43)
	at java.lang.reflect.Method.invoke(Method.java:498)
	at org.testng.internal.MethodInvocationHelper.invokeMethod(MethodInvocationHelper.java:85)
	at org.testng.internal.Invoker.invokeConfigurationMethod(Invoker.java:510)
	at org.testng.internal.Invoker.invokeConfigurations(Invoker.java:211)
	at org.testng.internal.Invoker.invokeConfigurations(Invoker.java:138)
	at org.testng.internal.TestMethodWorker.invokeBeforeClassMethods(TestMethodWorker.java:170)
	at org.testng.internal.TestMethodWorker.run(TestMethodWorker.java:104)
	at org.testng.TestRunner.privateRun(TestRunner.java:774)
	at org.testng.TestRunner.run(TestRunner.java:624)
	at org.testng.SuiteRunner.runTest(SuiteRunner.java:359)
	at org.testng.SuiteRunner.runSequentially(SuiteRunner.java:354)
	at org.testng.SuiteRunner.privateRun(SuiteRunner.java:312)
	at org.testng.SuiteRunner.run(SuiteRunner.java:261)
	at org.testng.SuiteRunnerWorker.runSuite(SuiteRunnerWorker.java:52)
	at org.testng.SuiteRunnerWorker.run(SuiteRunnerWorker.java:86)
	at org.testng.TestNG.runSuitesSequentially(TestNG.java:1215)
	at org.testng.TestNG.runSuitesLocally(TestNG.java:1140)
	at org.testng.TestNG.run(TestNG.java:1048)
	at org.apache.maven.surefire.testng.TestNGExecutor.run(TestNGExecutor.java:293)
	at org.apache.maven.surefire.testng.TestNGXmlTestSuite.execute(TestNGXmlTestSuite.java:84)
	at org.apache.maven.surefire.testng.TestNGProvider.invoke(TestNGProvider.java:91)
	at org.apache.maven.surefire.booter.ForkedBooter.invokeProviderInSameClassLoader(ForkedBooter.java:200)
	at org.apache.maven.surefire.booter.ForkedBooter.runSuitesInProcess(ForkedBooter.java:153)
	at org.apache.maven.surefire.booter.ForkedBooter.main(ForkedBooter.java:103)
Caused by: org.openqa.selenium.NoSuchElementException: no such element: Unable to locate element: {"method":"id","selector":"login-language-inputEl"}
  (Session info: chrome=69.0.3497.100)
  (Driver info: chromedriver=2.42.591088 (7b2b2dca23cca0862f674758c9a3933e685c27d5),platform=Windows NT 6.1.7601 SP1 x86_64) (WARNING: The server did not provide any stacktrace information)
Command duration or timeout: 11 milliseconds
For documentation on this error, please visit: http://seleniumhq.org/exceptions/no_such_element.html
Build info: version: '2.53.1', revision: 'a36b8b1cd5757287168e54b817830adce9b0158d', time: '2016-06-30 19:26:09'
System info: host: 'Yeastar-PC', ip: '192.168.11.194', os.name: 'Windows 7', os.arch: 'x86', os.version: '6.1', java.version: '1.8.0_121'
Driver info: org.openqa.selenium.chrome.ChromeDriver
Capabilities [{mobileEmulationEnabled=false, hasTouchScreen=false, platform=XP, acceptSslCerts=false, goog:chromeOptions={debuggerAddress=localhost:23747}, acceptInsecureCerts=false, webStorageEnabled=true, browserName=chrome, takesScreenshot=true, javascriptEnabled=true, setWindowRect=true, unexpectedAlertBehaviour=, applicationCacheEnabled=false, rotatable=false, networkConnectionEnabled=false, chrome={chromedriverVersion=2.42.591088 (7b2b2dca23cca0862f674758c9a3933e685c27d5), userDataDir=C:\Users\Yeastar\AppData\Local\Temp\scoped_dir3852_3820}, takesHeapSnapshot=true, pageLoadStrategy=normal, databaseEnabled=false, handlesAlerts=true, version=69.0.3497.100, browserConnectionEnabled=false, nativeEvents=true, locationContextEnabled=true, cssSelectorsEnabled=true}]
Session ID: d3be694128271583ac260e31a4722891
*** Element info: {Using=id, value=login-language-inputEl}
	at sun.reflect.GeneratedConstructorAccessor26.newInstance(Unknown Source)
	at sun.reflect.DelegatingConstructorAccessorImpl.newInstance(DelegatingConstructorAccessorImpl.java:45)
	at java.lang.reflect.Constructor.newInstance(Constructor.java:423)
	at org.openqa.selenium.remote.ErrorHandler.createThrowable(ErrorHandler.java:206)
	at org.openqa.selenium.remote.ErrorHandler.throwIfResponseFailed(ErrorHandler.java:158)
	at org.openqa.selenium.remote.RemoteWebDriver.execute(RemoteWebDriver.java:678)
	at org.openqa.selenium.remote.RemoteWebDriver.findElement(RemoteWebDriver.java:363)
	at org.openqa.selenium.remote.RemoteWebDriver.findElementById(RemoteWebDriver.java:413)
	at org.openqa.selenium.By$ById.findElement(By.java:218)
	at org.openqa.selenium.remote.RemoteWebDriver.findElement(RemoteWebDriver.java:355)
	at com.codeborne.selenide.impl.WebElementSelector.findElement(WebElementSelector.java:28)
	at com.codeborne.selenide.impl.ElementFinder.getWebElement(ElementFinder.java:56)
	at com.codeborne.selenide.impl.WebElementSource.checkCondition(WebElementSource.java:44)
	... 39 more
]]>
    </error>
  </testcase> <!-- C1_edittrunk_Unavail -->
  <testcase name="F2_EventCenter1" time="0.000" classname="com.yeastar.swebtest.testcase.DetailCase.pbxcase.EmergencyNumber">
    <error type="com.codeborne.selenide.ex.ElementNotFound" message="Element not found {By.id: login-language-inputEl}
Expected: exist">
      <![CDATA[Element not found {By.id: login-language-inputEl}
Expected: exist
Screenshot: file:/F:/MyProject/SwebTest/pic/1539773760550.84.png
Timeout: 10 s.
Caused by: NoSuchElementException: no such element: Unable to locate element: {"method":"id","selector":"login-language-inputEl"}
	at com.codeborne.selenide.impl.WebElementSource.createElementNotFoundError(WebElementSource.java:31)
	at com.codeborne.selenide.impl.ElementFinder.createElementNotFoundError(ElementFinder.java:82)
	at com.codeborne.selenide.impl.WebElementSource.checkCondition(WebElementSource.java:59)
	at com.codeborne.selenide.commands.Should.should(Should.java:35)
	at com.codeborne.selenide.commands.Should.execute(Should.java:29)
	at com.codeborne.selenide.commands.Should.execute(Should.java:12)
	at com.codeborne.selenide.commands.Commands.execute(Commands.java:140)
	at com.codeborne.selenide.impl.SelenideElementProxy.dispatchAndRetry(SelenideElementProxy.java:86)
	at com.codeborne.selenide.impl.SelenideElementProxy.invoke(SelenideElementProxy.java:62)
	at com.sun.proxy.$Proxy6.should(Unknown Source)
	at com.yeastar.swebtest.driver.SwebDriver.click(SwebDriver.java:206)
	at com.yeastar.swebtest.driver.SwebDriver.select(SwebDriver.java:197)
	at com.yeastar.swebtest.driver.SwebDriver.login(SwebDriver.java:151)
	at com.yeastar.swebtest.driver.SwebDriver.login(SwebDriver.java:139)
	at com.yeastar.swebtest.testcase.DetailCase.pbxcase.PINList.BeforeClass(PINList.java:25)
	at sun.reflect.NativeMethodAccessorImpl.invoke0(Native Method)
	at sun.reflect.NativeMethodAccessorImpl.invoke(NativeMethodAccessorImpl.java:62)
	at sun.reflect.DelegatingMethodAccessorImpl.invoke(DelegatingMethodAccessorImpl.java:43)
	at java.lang.reflect.Method.invoke(Method.java:498)
	at org.testng.internal.MethodInvocationHelper.invokeMethod(MethodInvocationHelper.java:85)
	at org.testng.internal.Invoker.invokeConfigurationMethod(Invoker.java:510)
	at org.testng.internal.Invoker.invokeConfigurations(Invoker.java:211)
	at org.testng.internal.Invoker.invokeConfigurations(Invoker.java:138)
	at org.testng.internal.TestMethodWorker.invokeBeforeClassMethods(TestMethodWorker.java:170)
	at org.testng.internal.TestMethodWorker.run(TestMethodWorker.java:104)
	at org.testng.TestRunner.privateRun(TestRunner.java:774)
	at org.testng.TestRunner.run(TestRunner.java:624)
	at org.testng.SuiteRunner.runTest(SuiteRunner.java:359)
	at org.testng.SuiteRunner.runSequentially(SuiteRunner.java:354)
	at org.testng.SuiteRunner.privateRun(SuiteRunner.java:312)
	at org.testng.SuiteRunner.run(SuiteRunner.java:261)
	at org.testng.SuiteRunnerWorker.runSuite(SuiteRunnerWorker.java:52)
	at org.testng.SuiteRunnerWorker.run(SuiteRunnerWorker.java:86)
	at org.testng.TestNG.runSuitesSequentially(TestNG.java:1215)
	at org.testng.TestNG.runSuitesLocally(TestNG.java:1140)
	at org.testng.TestNG.run(TestNG.java:1048)
	at org.apache.maven.surefire.testng.TestNGExecutor.run(TestNGExecutor.java:293)
	at org.apache.maven.surefire.testng.TestNGXmlTestSuite.execute(TestNGXmlTestSuite.java:84)
	at org.apache.maven.surefire.testng.TestNGProvider.invoke(TestNGProvider.java:91)
	at org.apache.maven.surefire.booter.ForkedBooter.invokeProviderInSameClassLoader(ForkedBooter.java:200)
	at org.apache.maven.surefire.booter.ForkedBooter.runSuitesInProcess(ForkedBooter.java:153)
	at org.apache.maven.surefire.booter.ForkedBooter.main(ForkedBooter.java:103)
Caused by: org.openqa.selenium.NoSuchElementException: no such element: Unable to locate element: {"method":"id","selector":"login-language-inputEl"}
  (Session info: chrome=69.0.3497.100)
  (Driver info: chromedriver=2.42.591088 (7b2b2dca23cca0862f674758c9a3933e685c27d5),platform=Windows NT 6.1.7601 SP1 x86_64) (WARNING: The server did not provide any stacktrace information)
Command duration or timeout: 11 milliseconds
For documentation on this error, please visit: http://seleniumhq.org/exceptions/no_such_element.html
Build info: version: '2.53.1', revision: 'a36b8b1cd5757287168e54b817830adce9b0158d', time: '2016-06-30 19:26:09'
System info: host: 'Yeastar-PC', ip: '192.168.11.194', os.name: 'Windows 7', os.arch: 'x86', os.version: '6.1', java.version: '1.8.0_121'
Driver info: org.openqa.selenium.chrome.ChromeDriver
Capabilities [{mobileEmulationEnabled=false, hasTouchScreen=false, platform=XP, acceptSslCerts=false, goog:chromeOptions={debuggerAddress=localhost:23747}, acceptInsecureCerts=false, webStorageEnabled=true, browserName=chrome, takesScreenshot=true, javascriptEnabled=true, setWindowRect=true, unexpectedAlertBehaviour=, applicationCacheEnabled=false, rotatable=false, networkConnectionEnabled=false, chrome={chromedriverVersion=2.42.591088 (7b2b2dca23cca0862f674758c9a3933e685c27d5), userDataDir=C:\Users\Yeastar\AppData\Local\Temp\scoped_dir3852_3820}, takesHeapSnapshot=true, pageLoadStrategy=normal, databaseEnabled=false, handlesAlerts=true, version=69.0.3497.100, browserConnectionEnabled=false, nativeEvents=true, locationContextEnabled=true, cssSelectorsEnabled=true}]
Session ID: d3be694128271583ac260e31a4722891
*** Element info: {Using=id, value=login-language-inputEl}
	at sun.reflect.GeneratedConstructorAccessor26.newInstance(Unknown Source)
	at sun.reflect.DelegatingConstructorAccessorImpl.newInstance(DelegatingConstructorAccessorImpl.java:45)
	at java.lang.reflect.Constructor.newInstance(Constructor.java:423)
	at org.openqa.selenium.remote.ErrorHandler.createThrowable(ErrorHandler.java:206)
	at org.openqa.selenium.remote.ErrorHandler.throwIfResponseFailed(ErrorHandler.java:158)
	at org.openqa.selenium.remote.RemoteWebDriver.execute(RemoteWebDriver.java:678)
	at org.openqa.selenium.remote.RemoteWebDriver.findElement(RemoteWebDriver.java:363)
	at org.openqa.selenium.remote.RemoteWebDriver.findElementById(RemoteWebDriver.java:413)
	at org.openqa.selenium.By$ById.findElement(By.java:218)
	at org.openqa.selenium.remote.RemoteWebDriver.findElement(RemoteWebDriver.java:355)
	at com.codeborne.selenide.impl.WebElementSelector.findElement(WebElementSelector.java:28)
	at com.codeborne.selenide.impl.ElementFinder.getWebElement(ElementFinder.java:56)
	at com.codeborne.selenide.impl.WebElementSource.checkCondition(WebElementSource.java:44)
	... 39 more
]]>
    </error>
  </testcase> <!-- F2_EventCenter1 -->
  <testcase name="B4_makeCall1" time="0.000" classname="com.yeastar.swebtest.testcase.DetailCase.pbxcase.EmergencyNumber">
    <error type="com.codeborne.selenide.ex.ElementNotFound" message="Element not found {By.id: login-language-inputEl}
Expected: exist">
      <![CDATA[Element not found {By.id: login-language-inputEl}
Expected: exist
Screenshot: file:/F:/MyProject/SwebTest/pic/1539773760550.84.png
Timeout: 10 s.
Caused by: NoSuchElementException: no such element: Unable to locate element: {"method":"id","selector":"login-language-inputEl"}
	at com.codeborne.selenide.impl.WebElementSource.createElementNotFoundError(WebElementSource.java:31)
	at com.codeborne.selenide.impl.ElementFinder.createElementNotFoundError(ElementFinder.java:82)
	at com.codeborne.selenide.impl.WebElementSource.checkCondition(WebElementSource.java:59)
	at com.codeborne.selenide.commands.Should.should(Should.java:35)
	at com.codeborne.selenide.commands.Should.execute(Should.java:29)
	at com.codeborne.selenide.commands.Should.execute(Should.java:12)
	at com.codeborne.selenide.commands.Commands.execute(Commands.java:140)
	at com.codeborne.selenide.impl.SelenideElementProxy.dispatchAndRetry(SelenideElementProxy.java:86)
	at com.codeborne.selenide.impl.SelenideElementProxy.invoke(SelenideElementProxy.java:62)
	at com.sun.proxy.$Proxy6.should(Unknown Source)
	at com.yeastar.swebtest.driver.SwebDriver.click(SwebDriver.java:206)
	at com.yeastar.swebtest.driver.SwebDriver.select(SwebDriver.java:197)
	at com.yeastar.swebtest.driver.SwebDriver.login(SwebDriver.java:151)
	at com.yeastar.swebtest.driver.SwebDriver.login(SwebDriver.java:139)
	at com.yeastar.swebtest.testcase.DetailCase.pbxcase.PINList.BeforeClass(PINList.java:25)
	at sun.reflect.NativeMethodAccessorImpl.invoke0(Native Method)
	at sun.reflect.NativeMethodAccessorImpl.invoke(NativeMethodAccessorImpl.java:62)
	at sun.reflect.DelegatingMethodAccessorImpl.invoke(DelegatingMethodAccessorImpl.java:43)
	at java.lang.reflect.Method.invoke(Method.java:498)
	at org.testng.internal.MethodInvocationHelper.invokeMethod(MethodInvocationHelper.java:85)
	at org.testng.internal.Invoker.invokeConfigurationMethod(Invoker.java:510)
	at org.testng.internal.Invoker.invokeConfigurations(Invoker.java:211)
	at org.testng.internal.Invoker.invokeConfigurations(Invoker.java:138)
	at org.testng.internal.TestMethodWorker.invokeBeforeClassMethods(TestMethodWorker.java:170)
	at org.testng.internal.TestMethodWorker.run(TestMethodWorker.java:104)
	at org.testng.TestRunner.privateRun(TestRunner.java:774)
	at org.testng.TestRunner.run(TestRunner.java:624)
	at org.testng.SuiteRunner.runTest(SuiteRunner.java:359)
	at org.testng.SuiteRunner.runSequentially(SuiteRunner.java:354)
	at org.testng.SuiteRunner.privateRun(SuiteRunner.java:312)
	at org.testng.SuiteRunner.run(SuiteRunner.java:261)
	at org.testng.SuiteRunnerWorker.runSuite(SuiteRunnerWorker.java:52)
	at org.testng.SuiteRunnerWorker.run(SuiteRunnerWorker.java:86)
	at org.testng.TestNG.runSuitesSequentially(TestNG.java:1215)
	at org.testng.TestNG.runSuitesLocally(TestNG.java:1140)
	at org.testng.TestNG.run(TestNG.java:1048)
	at org.apache.maven.surefire.testng.TestNGExecutor.run(TestNGExecutor.java:293)
	at org.apache.maven.surefire.testng.TestNGXmlTestSuite.execute(TestNGXmlTestSuite.java:84)
	at org.apache.maven.surefire.testng.TestNGProvider.invoke(TestNGProvider.java:91)
	at org.apache.maven.surefire.booter.ForkedBooter.invokeProviderInSameClassLoader(ForkedBooter.java:200)
	at org.apache.maven.surefire.booter.ForkedBooter.runSuitesInProcess(ForkedBooter.java:153)
	at org.apache.maven.surefire.booter.ForkedBooter.main(ForkedBooter.java:103)
Caused by: org.openqa.selenium.NoSuchElementException: no such element: Unable to locate element: {"method":"id","selector":"login-language-inputEl"}
  (Session info: chrome=69.0.3497.100)
  (Driver info: chromedriver=2.42.591088 (7b2b2dca23cca0862f674758c9a3933e685c27d5),platform=Windows NT 6.1.7601 SP1 x86_64) (WARNING: The server did not provide any stacktrace information)
Command duration or timeout: 11 milliseconds
For documentation on this error, please visit: http://seleniumhq.org/exceptions/no_such_element.html
Build info: version: '2.53.1', revision: 'a36b8b1cd5757287168e54b817830adce9b0158d', time: '2016-06-30 19:26:09'
System info: host: 'Yeastar-PC', ip: '192.168.11.194', os.name: 'Windows 7', os.arch: 'x86', os.version: '6.1', java.version: '1.8.0_121'
Driver info: org.openqa.selenium.chrome.ChromeDriver
Capabilities [{mobileEmulationEnabled=false, hasTouchScreen=false, platform=XP, acceptSslCerts=false, goog:chromeOptions={debuggerAddress=localhost:23747}, acceptInsecureCerts=false, webStorageEnabled=true, browserName=chrome, takesScreenshot=true, javascriptEnabled=true, setWindowRect=true, unexpectedAlertBehaviour=, applicationCacheEnabled=false, rotatable=false, networkConnectionEnabled=false, chrome={chromedriverVersion=2.42.591088 (7b2b2dca23cca0862f674758c9a3933e685c27d5), userDataDir=C:\Users\Yeastar\AppData\Local\Temp\scoped_dir3852_3820}, takesHeapSnapshot=true, pageLoadStrategy=normal, databaseEnabled=false, handlesAlerts=true, version=69.0.3497.100, browserConnectionEnabled=false, nativeEvents=true, locationContextEnabled=true, cssSelectorsEnabled=true}]
Session ID: d3be694128271583ac260e31a4722891
*** Element info: {Using=id, value=login-language-inputEl}
	at sun.reflect.GeneratedConstructorAccessor26.newInstance(Unknown Source)
	at sun.reflect.DelegatingConstructorAccessorImpl.newInstance(DelegatingConstructorAccessorImpl.java:45)
	at java.lang.reflect.Constructor.newInstance(Constructor.java:423)
	at org.openqa.selenium.remote.ErrorHandler.createThrowable(ErrorHandler.java:206)
	at org.openqa.selenium.remote.ErrorHandler.throwIfResponseFailed(ErrorHandler.java:158)
	at org.openqa.selenium.remote.RemoteWebDriver.execute(RemoteWebDriver.java:678)
	at org.openqa.selenium.remote.RemoteWebDriver.findElement(RemoteWebDriver.java:363)
	at org.openqa.selenium.remote.RemoteWebDriver.findElementById(RemoteWebDriver.java:413)
	at org.openqa.selenium.By$ById.findElement(By.java:218)
	at org.openqa.selenium.remote.RemoteWebDriver.findElement(RemoteWebDriver.java:355)
	at com.codeborne.selenide.impl.WebElementSelector.findElement(WebElementSelector.java:28)
	at com.codeborne.selenide.impl.ElementFinder.getWebElement(ElementFinder.java:56)
	at com.codeborne.selenide.impl.WebElementSource.checkCondition(WebElementSource.java:44)
	... 39 more
]]>
    </error>
  </testcase> <!-- B4_makeCall1 -->
  <testcase name="G7_delteAll_yes" time="0.000" classname="com.yeastar.swebtest.testcase.DetailCase.pbxcase.EmergencyNumber">
    <error type="com.codeborne.selenide.ex.ElementNotFound" message="Element not found {By.id: login-language-inputEl}
Expected: exist">
      <![CDATA[Element not found {By.id: login-language-inputEl}
Expected: exist
Screenshot: file:/F:/MyProject/SwebTest/pic/1539773760550.84.png
Timeout: 10 s.
Caused by: NoSuchElementException: no such element: Unable to locate element: {"method":"id","selector":"login-language-inputEl"}
	at com.codeborne.selenide.impl.WebElementSource.createElementNotFoundError(WebElementSource.java:31)
	at com.codeborne.selenide.impl.ElementFinder.createElementNotFoundError(ElementFinder.java:82)
	at com.codeborne.selenide.impl.WebElementSource.checkCondition(WebElementSource.java:59)
	at com.codeborne.selenide.commands.Should.should(Should.java:35)
	at com.codeborne.selenide.commands.Should.execute(Should.java:29)
	at com.codeborne.selenide.commands.Should.execute(Should.java:12)
	at com.codeborne.selenide.commands.Commands.execute(Commands.java:140)
	at com.codeborne.selenide.impl.SelenideElementProxy.dispatchAndRetry(SelenideElementProxy.java:86)
	at com.codeborne.selenide.impl.SelenideElementProxy.invoke(SelenideElementProxy.java:62)
	at com.sun.proxy.$Proxy6.should(Unknown Source)
	at com.yeastar.swebtest.driver.SwebDriver.click(SwebDriver.java:206)
	at com.yeastar.swebtest.driver.SwebDriver.select(SwebDriver.java:197)
	at com.yeastar.swebtest.driver.SwebDriver.login(SwebDriver.java:151)
	at com.yeastar.swebtest.driver.SwebDriver.login(SwebDriver.java:139)
	at com.yeastar.swebtest.testcase.DetailCase.pbxcase.PINList.BeforeClass(PINList.java:25)
	at sun.reflect.NativeMethodAccessorImpl.invoke0(Native Method)
	at sun.reflect.NativeMethodAccessorImpl.invoke(NativeMethodAccessorImpl.java:62)
	at sun.reflect.DelegatingMethodAccessorImpl.invoke(DelegatingMethodAccessorImpl.java:43)
	at java.lang.reflect.Method.invoke(Method.java:498)
	at org.testng.internal.MethodInvocationHelper.invokeMethod(MethodInvocationHelper.java:85)
	at org.testng.internal.Invoker.invokeConfigurationMethod(Invoker.java:510)
	at org.testng.internal.Invoker.invokeConfigurations(Invoker.java:211)
	at org.testng.internal.Invoker.invokeConfigurations(Invoker.java:138)
	at org.testng.internal.TestMethodWorker.invokeBeforeClassMethods(TestMethodWorker.java:170)
	at org.testng.internal.TestMethodWorker.run(TestMethodWorker.java:104)
	at org.testng.TestRunner.privateRun(TestRunner.java:774)
	at org.testng.TestRunner.run(TestRunner.java:624)
	at org.testng.SuiteRunner.runTest(SuiteRunner.java:359)
	at org.testng.SuiteRunner.runSequentially(SuiteRunner.java:354)
	at org.testng.SuiteRunner.privateRun(SuiteRunner.java:312)
	at org.testng.SuiteRunner.run(SuiteRunner.java:261)
	at org.testng.SuiteRunnerWorker.runSuite(SuiteRunnerWorker.java:52)
	at org.testng.SuiteRunnerWorker.run(SuiteRunnerWorker.java:86)
	at org.testng.TestNG.runSuitesSequentially(TestNG.java:1215)
	at org.testng.TestNG.runSuitesLocally(TestNG.java:1140)
	at org.testng.TestNG.run(TestNG.java:1048)
	at org.apache.maven.surefire.testng.TestNGExecutor.run(TestNGExecutor.java:293)
	at org.apache.maven.surefire.testng.TestNGXmlTestSuite.execute(TestNGXmlTestSuite.java:84)
	at org.apache.maven.surefire.testng.TestNGProvider.invoke(TestNGProvider.java:91)
	at org.apache.maven.surefire.booter.ForkedBooter.invokeProviderInSameClassLoader(ForkedBooter.java:200)
	at org.apache.maven.surefire.booter.ForkedBooter.runSuitesInProcess(ForkedBooter.java:153)
	at org.apache.maven.surefire.booter.ForkedBooter.main(ForkedBooter.java:103)
Caused by: org.openqa.selenium.NoSuchElementException: no such element: Unable to locate element: {"method":"id","selector":"login-language-inputEl"}
  (Session info: chrome=69.0.3497.100)
  (Driver info: chromedriver=2.42.591088 (7b2b2dca23cca0862f674758c9a3933e685c27d5),platform=Windows NT 6.1.7601 SP1 x86_64) (WARNING: The server did not provide any stacktrace information)
Command duration or timeout: 11 milliseconds
For documentation on this error, please visit: http://seleniumhq.org/exceptions/no_such_element.html
Build info: version: '2.53.1', revision: 'a36b8b1cd5757287168e54b817830adce9b0158d', time: '2016-06-30 19:26:09'
System info: host: 'Yeastar-PC', ip: '192.168.11.194', os.name: 'Windows 7', os.arch: 'x86', os.version: '6.1', java.version: '1.8.0_121'
Driver info: org.openqa.selenium.chrome.ChromeDriver
Capabilities [{mobileEmulationEnabled=false, hasTouchScreen=false, platform=XP, acceptSslCerts=false, goog:chromeOptions={debuggerAddress=localhost:23747}, acceptInsecureCerts=false, webStorageEnabled=true, browserName=chrome, takesScreenshot=true, javascriptEnabled=true, setWindowRect=true, unexpectedAlertBehaviour=, applicationCacheEnabled=false, rotatable=false, networkConnectionEnabled=false, chrome={chromedriverVersion=2.42.591088 (7b2b2dca23cca0862f674758c9a3933e685c27d5), userDataDir=C:\Users\Yeastar\AppData\Local\Temp\scoped_dir3852_3820}, takesHeapSnapshot=true, pageLoadStrategy=normal, databaseEnabled=false, handlesAlerts=true, version=69.0.3497.100, browserConnectionEnabled=false, nativeEvents=true, locationContextEnabled=true, cssSelectorsEnabled=true}]
Session ID: d3be694128271583ac260e31a4722891
*** Element info: {Using=id, value=login-language-inputEl}
	at sun.reflect.GeneratedConstructorAccessor26.newInstance(Unknown Source)
	at sun.reflect.DelegatingConstructorAccessorImpl.newInstance(DelegatingConstructorAccessorImpl.java:45)
	at java.lang.reflect.Constructor.newInstance(Constructor.java:423)
	at org.openqa.selenium.remote.ErrorHandler.createThrowable(ErrorHandler.java:206)
	at org.openqa.selenium.remote.ErrorHandler.throwIfResponseFailed(ErrorHandler.java:158)
	at org.openqa.selenium.remote.RemoteWebDriver.execute(RemoteWebDriver.java:678)
	at org.openqa.selenium.remote.RemoteWebDriver.findElement(RemoteWebDriver.java:363)
	at org.openqa.selenium.remote.RemoteWebDriver.findElementById(RemoteWebDriver.java:413)
	at org.openqa.selenium.By$ById.findElement(By.java:218)
	at org.openqa.selenium.remote.RemoteWebDriver.findElement(RemoteWebDriver.java:355)
	at com.codeborne.selenide.impl.WebElementSelector.findElement(WebElementSelector.java:28)
	at com.codeborne.selenide.impl.ElementFinder.getWebElement(ElementFinder.java:56)
	at com.codeborne.selenide.impl.WebElementSource.checkCondition(WebElementSource.java:44)
	... 39 more
]]>
    </error>
  </testcase> <!-- G7_delteAll_yes -->
  <testcase name="E4_checkPhyAndVoip" time="0.000" classname="com.yeastar.swebtest.testcase.DetailCase.pbxcase.EmergencyNumber">
    <error type="com.codeborne.selenide.ex.ElementNotFound" message="Element not found {By.id: login-language-inputEl}
Expected: exist">
      <![CDATA[Element not found {By.id: login-language-inputEl}
Expected: exist
Screenshot: file:/F:/MyProject/SwebTest/pic/1539773760550.84.png
Timeout: 10 s.
Caused by: NoSuchElementException: no such element: Unable to locate element: {"method":"id","selector":"login-language-inputEl"}
	at com.codeborne.selenide.impl.WebElementSource.createElementNotFoundError(WebElementSource.java:31)
	at com.codeborne.selenide.impl.ElementFinder.createElementNotFoundError(ElementFinder.java:82)
	at com.codeborne.selenide.impl.WebElementSource.checkCondition(WebElementSource.java:59)
	at com.codeborne.selenide.commands.Should.should(Should.java:35)
	at com.codeborne.selenide.commands.Should.execute(Should.java:29)
	at com.codeborne.selenide.commands.Should.execute(Should.java:12)
	at com.codeborne.selenide.commands.Commands.execute(Commands.java:140)
	at com.codeborne.selenide.impl.SelenideElementProxy.dispatchAndRetry(SelenideElementProxy.java:86)
	at com.codeborne.selenide.impl.SelenideElementProxy.invoke(SelenideElementProxy.java:62)
	at com.sun.proxy.$Proxy6.should(Unknown Source)
	at com.yeastar.swebtest.driver.SwebDriver.click(SwebDriver.java:206)
	at com.yeastar.swebtest.driver.SwebDriver.select(SwebDriver.java:197)
	at com.yeastar.swebtest.driver.SwebDriver.login(SwebDriver.java:151)
	at com.yeastar.swebtest.driver.SwebDriver.login(SwebDriver.java:139)
	at com.yeastar.swebtest.testcase.DetailCase.pbxcase.PINList.BeforeClass(PINList.java:25)
	at sun.reflect.NativeMethodAccessorImpl.invoke0(Native Method)
	at sun.reflect.NativeMethodAccessorImpl.invoke(NativeMethodAccessorImpl.java:62)
	at sun.reflect.DelegatingMethodAccessorImpl.invoke(DelegatingMethodAccessorImpl.java:43)
	at java.lang.reflect.Method.invoke(Method.java:498)
	at org.testng.internal.MethodInvocationHelper.invokeMethod(MethodInvocationHelper.java:85)
	at org.testng.internal.Invoker.invokeConfigurationMethod(Invoker.java:510)
	at org.testng.internal.Invoker.invokeConfigurations(Invoker.java:211)
	at org.testng.internal.Invoker.invokeConfigurations(Invoker.java:138)
	at org.testng.internal.TestMethodWorker.invokeBeforeClassMethods(TestMethodWorker.java:170)
	at org.testng.internal.TestMethodWorker.run(TestMethodWorker.java:104)
	at org.testng.TestRunner.privateRun(TestRunner.java:774)
	at org.testng.TestRunner.run(TestRunner.java:624)
	at org.testng.SuiteRunner.runTest(SuiteRunner.java:359)
	at org.testng.SuiteRunner.runSequentially(SuiteRunner.java:354)
	at org.testng.SuiteRunner.privateRun(SuiteRunner.java:312)
	at org.testng.SuiteRunner.run(SuiteRunner.java:261)
	at org.testng.SuiteRunnerWorker.runSuite(SuiteRunnerWorker.java:52)
	at org.testng.SuiteRunnerWorker.run(SuiteRunnerWorker.java:86)
	at org.testng.TestNG.runSuitesSequentially(TestNG.java:1215)
	at org.testng.TestNG.runSuitesLocally(TestNG.java:1140)
	at org.testng.TestNG.run(TestNG.java:1048)
	at org.apache.maven.surefire.testng.TestNGExecutor.run(TestNGExecutor.java:293)
	at org.apache.maven.surefire.testng.TestNGXmlTestSuite.execute(TestNGXmlTestSuite.java:84)
	at org.apache.maven.surefire.testng.TestNGProvider.invoke(TestNGProvider.java:91)
	at org.apache.maven.surefire.booter.ForkedBooter.invokeProviderInSameClassLoader(ForkedBooter.java:200)
	at org.apache.maven.surefire.booter.ForkedBooter.runSuitesInProcess(ForkedBooter.java:153)
	at org.apache.maven.surefire.booter.ForkedBooter.main(ForkedBooter.java:103)
Caused by: org.openqa.selenium.NoSuchElementException: no such element: Unable to locate element: {"method":"id","selector":"login-language-inputEl"}
  (Session info: chrome=69.0.3497.100)
  (Driver info: chromedriver=2.42.591088 (7b2b2dca23cca0862f674758c9a3933e685c27d5),platform=Windows NT 6.1.7601 SP1 x86_64) (WARNING: The server did not provide any stacktrace information)
Command duration or timeout: 11 milliseconds
For documentation on this error, please visit: http://seleniumhq.org/exceptions/no_such_element.html
Build info: version: '2.53.1', revision: 'a36b8b1cd5757287168e54b817830adce9b0158d', time: '2016-06-30 19:26:09'
System info: host: 'Yeastar-PC', ip: '192.168.11.194', os.name: 'Windows 7', os.arch: 'x86', os.version: '6.1', java.version: '1.8.0_121'
Driver info: org.openqa.selenium.chrome.ChromeDriver
Capabilities [{mobileEmulationEnabled=false, hasTouchScreen=false, platform=XP, acceptSslCerts=false, goog:chromeOptions={debuggerAddress=localhost:23747}, acceptInsecureCerts=false, webStorageEnabled=true, browserName=chrome, takesScreenshot=true, javascriptEnabled=true, setWindowRect=true, unexpectedAlertBehaviour=, applicationCacheEnabled=false, rotatable=false, networkConnectionEnabled=false, chrome={chromedriverVersion=2.42.591088 (7b2b2dca23cca0862f674758c9a3933e685c27d5), userDataDir=C:\Users\Yeastar\AppData\Local\Temp\scoped_dir3852_3820}, takesHeapSnapshot=true, pageLoadStrategy=normal, databaseEnabled=false, handlesAlerts=true, version=69.0.3497.100, browserConnectionEnabled=false, nativeEvents=true, locationContextEnabled=true, cssSelectorsEnabled=true}]
Session ID: d3be694128271583ac260e31a4722891
*** Element info: {Using=id, value=login-language-inputEl}
	at sun.reflect.GeneratedConstructorAccessor26.newInstance(Unknown Source)
	at sun.reflect.DelegatingConstructorAccessorImpl.newInstance(DelegatingConstructorAccessorImpl.java:45)
	at java.lang.reflect.Constructor.newInstance(Constructor.java:423)
	at org.openqa.selenium.remote.ErrorHandler.createThrowable(ErrorHandler.java:206)
	at org.openqa.selenium.remote.ErrorHandler.throwIfResponseFailed(ErrorHandler.java:158)
	at org.openqa.selenium.remote.RemoteWebDriver.execute(RemoteWebDriver.java:678)
	at org.openqa.selenium.remote.RemoteWebDriver.findElement(RemoteWebDriver.java:363)
	at org.openqa.selenium.remote.RemoteWebDriver.findElementById(RemoteWebDriver.java:413)
	at org.openqa.selenium.By$ById.findElement(By.java:218)
	at org.openqa.selenium.remote.RemoteWebDriver.findElement(RemoteWebDriver.java:355)
	at com.codeborne.selenide.impl.WebElementSelector.findElement(WebElementSelector.java:28)
	at com.codeborne.selenide.impl.ElementFinder.getWebElement(ElementFinder.java:56)
	at com.codeborne.selenide.impl.WebElementSource.checkCondition(WebElementSource.java:44)
	... 39 more
]]>
    </error>
  </testcase> <!-- E4_checkPhyAndVoip -->
  <testcase name="F2_EventCenter5" time="0.000" classname="com.yeastar.swebtest.testcase.DetailCase.pbxcase.EmergencyNumber">
    <error type="com.codeborne.selenide.ex.ElementNotFound" message="Element not found {By.id: login-language-inputEl}
Expected: exist">
      <![CDATA[Element not found {By.id: login-language-inputEl}
Expected: exist
Screenshot: file:/F:/MyProject/SwebTest/pic/1539773760550.84.png
Timeout: 10 s.
Caused by: NoSuchElementException: no such element: Unable to locate element: {"method":"id","selector":"login-language-inputEl"}
	at com.codeborne.selenide.impl.WebElementSource.createElementNotFoundError(WebElementSource.java:31)
	at com.codeborne.selenide.impl.ElementFinder.createElementNotFoundError(ElementFinder.java:82)
	at com.codeborne.selenide.impl.WebElementSource.checkCondition(WebElementSource.java:59)
	at com.codeborne.selenide.commands.Should.should(Should.java:35)
	at com.codeborne.selenide.commands.Should.execute(Should.java:29)
	at com.codeborne.selenide.commands.Should.execute(Should.java:12)
	at com.codeborne.selenide.commands.Commands.execute(Commands.java:140)
	at com.codeborne.selenide.impl.SelenideElementProxy.dispatchAndRetry(SelenideElementProxy.java:86)
	at com.codeborne.selenide.impl.SelenideElementProxy.invoke(SelenideElementProxy.java:62)
	at com.sun.proxy.$Proxy6.should(Unknown Source)
	at com.yeastar.swebtest.driver.SwebDriver.click(SwebDriver.java:206)
	at com.yeastar.swebtest.driver.SwebDriver.select(SwebDriver.java:197)
	at com.yeastar.swebtest.driver.SwebDriver.login(SwebDriver.java:151)
	at com.yeastar.swebtest.driver.SwebDriver.login(SwebDriver.java:139)
	at com.yeastar.swebtest.testcase.DetailCase.pbxcase.PINList.BeforeClass(PINList.java:25)
	at sun.reflect.NativeMethodAccessorImpl.invoke0(Native Method)
	at sun.reflect.NativeMethodAccessorImpl.invoke(NativeMethodAccessorImpl.java:62)
	at sun.reflect.DelegatingMethodAccessorImpl.invoke(DelegatingMethodAccessorImpl.java:43)
	at java.lang.reflect.Method.invoke(Method.java:498)
	at org.testng.internal.MethodInvocationHelper.invokeMethod(MethodInvocationHelper.java:85)
	at org.testng.internal.Invoker.invokeConfigurationMethod(Invoker.java:510)
	at org.testng.internal.Invoker.invokeConfigurations(Invoker.java:211)
	at org.testng.internal.Invoker.invokeConfigurations(Invoker.java:138)
	at org.testng.internal.TestMethodWorker.invokeBeforeClassMethods(TestMethodWorker.java:170)
	at org.testng.internal.TestMethodWorker.run(TestMethodWorker.java:104)
	at org.testng.TestRunner.privateRun(TestRunner.java:774)
	at org.testng.TestRunner.run(TestRunner.java:624)
	at org.testng.SuiteRunner.runTest(SuiteRunner.java:359)
	at org.testng.SuiteRunner.runSequentially(SuiteRunner.java:354)
	at org.testng.SuiteRunner.privateRun(SuiteRunner.java:312)
	at org.testng.SuiteRunner.run(SuiteRunner.java:261)
	at org.testng.SuiteRunnerWorker.runSuite(SuiteRunnerWorker.java:52)
	at org.testng.SuiteRunnerWorker.run(SuiteRunnerWorker.java:86)
	at org.testng.TestNG.runSuitesSequentially(TestNG.java:1215)
	at org.testng.TestNG.runSuitesLocally(TestNG.java:1140)
	at org.testng.TestNG.run(TestNG.java:1048)
	at org.apache.maven.surefire.testng.TestNGExecutor.run(TestNGExecutor.java:293)
	at org.apache.maven.surefire.testng.TestNGXmlTestSuite.execute(TestNGXmlTestSuite.java:84)
	at org.apache.maven.surefire.testng.TestNGProvider.invoke(TestNGProvider.java:91)
	at org.apache.maven.surefire.booter.ForkedBooter.invokeProviderInSameClassLoader(ForkedBooter.java:200)
	at org.apache.maven.surefire.booter.ForkedBooter.runSuitesInProcess(ForkedBooter.java:153)
	at org.apache.maven.surefire.booter.ForkedBooter.main(ForkedBooter.java:103)
Caused by: org.openqa.selenium.NoSuchElementException: no such element: Unable to locate element: {"method":"id","selector":"login-language-inputEl"}
  (Session info: chrome=69.0.3497.100)
  (Driver info: chromedriver=2.42.591088 (7b2b2dca23cca0862f674758c9a3933e685c27d5),platform=Windows NT 6.1.7601 SP1 x86_64) (WARNING: The server did not provide any stacktrace information)
Command duration or timeout: 11 milliseconds
For documentation on this error, please visit: http://seleniumhq.org/exceptions/no_such_element.html
Build info: version: '2.53.1', revision: 'a36b8b1cd5757287168e54b817830adce9b0158d', time: '2016-06-30 19:26:09'
System info: host: 'Yeastar-PC', ip: '192.168.11.194', os.name: 'Windows 7', os.arch: 'x86', os.version: '6.1', java.version: '1.8.0_121'
Driver info: org.openqa.selenium.chrome.ChromeDriver
Capabilities [{mobileEmulationEnabled=false, hasTouchScreen=false, platform=XP, acceptSslCerts=false, goog:chromeOptions={debuggerAddress=localhost:23747}, acceptInsecureCerts=false, webStorageEnabled=true, browserName=chrome, takesScreenshot=true, javascriptEnabled=true, setWindowRect=true, unexpectedAlertBehaviour=, applicationCacheEnabled=false, rotatable=false, networkConnectionEnabled=false, chrome={chromedriverVersion=2.42.591088 (7b2b2dca23cca0862f674758c9a3933e685c27d5), userDataDir=C:\Users\Yeastar\AppData\Local\Temp\scoped_dir3852_3820}, takesHeapSnapshot=true, pageLoadStrategy=normal, databaseEnabled=false, handlesAlerts=true, version=69.0.3497.100, browserConnectionEnabled=false, nativeEvents=true, locationContextEnabled=true, cssSelectorsEnabled=true}]
Session ID: d3be694128271583ac260e31a4722891
*** Element info: {Using=id, value=login-language-inputEl}
	at sun.reflect.GeneratedConstructorAccessor26.newInstance(Unknown Source)
	at sun.reflect.DelegatingConstructorAccessorImpl.newInstance(DelegatingConstructorAccessorImpl.java:45)
	at java.lang.reflect.Constructor.newInstance(Constructor.java:423)
	at org.openqa.selenium.remote.ErrorHandler.createThrowable(ErrorHandler.java:206)
	at org.openqa.selenium.remote.ErrorHandler.throwIfResponseFailed(ErrorHandler.java:158)
	at org.openqa.selenium.remote.RemoteWebDriver.execute(RemoteWebDriver.java:678)
	at org.openqa.selenium.remote.RemoteWebDriver.findElement(RemoteWebDriver.java:363)
	at org.openqa.selenium.remote.RemoteWebDriver.findElementById(RemoteWebDriver.java:413)
	at org.openqa.selenium.By$ById.findElement(By.java:218)
	at org.openqa.selenium.remote.RemoteWebDriver.findElement(RemoteWebDriver.java:355)
	at com.codeborne.selenide.impl.WebElementSelector.findElement(WebElementSelector.java:28)
	at com.codeborne.selenide.impl.ElementFinder.getWebElement(ElementFinder.java:56)
	at com.codeborne.selenide.impl.WebElementSource.checkCondition(WebElementSource.java:44)
	... 39 more
]]>
    </error>
  </testcase> <!-- F2_EventCenter5 -->
  <testcase name="C7_deleteNotification" time="0.000" classname="com.yeastar.swebtest.testcase.DetailCase.pbxcase.EmergencyNumber">
    <error type="com.codeborne.selenide.ex.ElementNotFound" message="Element not found {By.id: login-language-inputEl}
Expected: exist">
      <![CDATA[Element not found {By.id: login-language-inputEl}
Expected: exist
Screenshot: file:/F:/MyProject/SwebTest/pic/1539773760550.84.png
Timeout: 10 s.
Caused by: NoSuchElementException: no such element: Unable to locate element: {"method":"id","selector":"login-language-inputEl"}
	at com.codeborne.selenide.impl.WebElementSource.createElementNotFoundError(WebElementSource.java:31)
	at com.codeborne.selenide.impl.ElementFinder.createElementNotFoundError(ElementFinder.java:82)
	at com.codeborne.selenide.impl.WebElementSource.checkCondition(WebElementSource.java:59)
	at com.codeborne.selenide.commands.Should.should(Should.java:35)
	at com.codeborne.selenide.commands.Should.execute(Should.java:29)
	at com.codeborne.selenide.commands.Should.execute(Should.java:12)
	at com.codeborne.selenide.commands.Commands.execute(Commands.java:140)
	at com.codeborne.selenide.impl.SelenideElementProxy.dispatchAndRetry(SelenideElementProxy.java:86)
	at com.codeborne.selenide.impl.SelenideElementProxy.invoke(SelenideElementProxy.java:62)
	at com.sun.proxy.$Proxy6.should(Unknown Source)
	at com.yeastar.swebtest.driver.SwebDriver.click(SwebDriver.java:206)
	at com.yeastar.swebtest.driver.SwebDriver.select(SwebDriver.java:197)
	at com.yeastar.swebtest.driver.SwebDriver.login(SwebDriver.java:151)
	at com.yeastar.swebtest.driver.SwebDriver.login(SwebDriver.java:139)
	at com.yeastar.swebtest.testcase.DetailCase.pbxcase.PINList.BeforeClass(PINList.java:25)
	at sun.reflect.NativeMethodAccessorImpl.invoke0(Native Method)
	at sun.reflect.NativeMethodAccessorImpl.invoke(NativeMethodAccessorImpl.java:62)
	at sun.reflect.DelegatingMethodAccessorImpl.invoke(DelegatingMethodAccessorImpl.java:43)
	at java.lang.reflect.Method.invoke(Method.java:498)
	at org.testng.internal.MethodInvocationHelper.invokeMethod(MethodInvocationHelper.java:85)
	at org.testng.internal.Invoker.invokeConfigurationMethod(Invoker.java:510)
	at org.testng.internal.Invoker.invokeConfigurations(Invoker.java:211)
	at org.testng.internal.Invoker.invokeConfigurations(Invoker.java:138)
	at org.testng.internal.TestMethodWorker.invokeBeforeClassMethods(TestMethodWorker.java:170)
	at org.testng.internal.TestMethodWorker.run(TestMethodWorker.java:104)
	at org.testng.TestRunner.privateRun(TestRunner.java:774)
	at org.testng.TestRunner.run(TestRunner.java:624)
	at org.testng.SuiteRunner.runTest(SuiteRunner.java:359)
	at org.testng.SuiteRunner.runSequentially(SuiteRunner.java:354)
	at org.testng.SuiteRunner.privateRun(SuiteRunner.java:312)
	at org.testng.SuiteRunner.run(SuiteRunner.java:261)
	at org.testng.SuiteRunnerWorker.runSuite(SuiteRunnerWorker.java:52)
	at org.testng.SuiteRunnerWorker.run(SuiteRunnerWorker.java:86)
	at org.testng.TestNG.runSuitesSequentially(TestNG.java:1215)
	at org.testng.TestNG.runSuitesLocally(TestNG.java:1140)
	at org.testng.TestNG.run(TestNG.java:1048)
	at org.apache.maven.surefire.testng.TestNGExecutor.run(TestNGExecutor.java:293)
	at org.apache.maven.surefire.testng.TestNGXmlTestSuite.execute(TestNGXmlTestSuite.java:84)
	at org.apache.maven.surefire.testng.TestNGProvider.invoke(TestNGProvider.java:91)
	at org.apache.maven.surefire.booter.ForkedBooter.invokeProviderInSameClassLoader(ForkedBooter.java:200)
	at org.apache.maven.surefire.booter.ForkedBooter.runSuitesInProcess(ForkedBooter.java:153)
	at org.apache.maven.surefire.booter.ForkedBooter.main(ForkedBooter.java:103)
Caused by: org.openqa.selenium.NoSuchElementException: no such element: Unable to locate element: {"method":"id","selector":"login-language-inputEl"}
  (Session info: chrome=69.0.3497.100)
  (Driver info: chromedriver=2.42.591088 (7b2b2dca23cca0862f674758c9a3933e685c27d5),platform=Windows NT 6.1.7601 SP1 x86_64) (WARNING: The server did not provide any stacktrace information)
Command duration or timeout: 11 milliseconds
For documentation on this error, please visit: http://seleniumhq.org/exceptions/no_such_element.html
Build info: version: '2.53.1', revision: 'a36b8b1cd5757287168e54b817830adce9b0158d', time: '2016-06-30 19:26:09'
System info: host: 'Yeastar-PC', ip: '192.168.11.194', os.name: 'Windows 7', os.arch: 'x86', os.version: '6.1', java.version: '1.8.0_121'
Driver info: org.openqa.selenium.chrome.ChromeDriver
Capabilities [{mobileEmulationEnabled=false, hasTouchScreen=false, platform=XP, acceptSslCerts=false, goog:chromeOptions={debuggerAddress=localhost:23747}, acceptInsecureCerts=false, webStorageEnabled=true, browserName=chrome, takesScreenshot=true, javascriptEnabled=true, setWindowRect=true, unexpectedAlertBehaviour=, applicationCacheEnabled=false, rotatable=false, networkConnectionEnabled=false, chrome={chromedriverVersion=2.42.591088 (7b2b2dca23cca0862f674758c9a3933e685c27d5), userDataDir=C:\Users\Yeastar\AppData\Local\Temp\scoped_dir3852_3820}, takesHeapSnapshot=true, pageLoadStrategy=normal, databaseEnabled=false, handlesAlerts=true, version=69.0.3497.100, browserConnectionEnabled=false, nativeEvents=true, locationContextEnabled=true, cssSelectorsEnabled=true}]
Session ID: d3be694128271583ac260e31a4722891
*** Element info: {Using=id, value=login-language-inputEl}
	at sun.reflect.GeneratedConstructorAccessor26.newInstance(Unknown Source)
	at sun.reflect.DelegatingConstructorAccessorImpl.newInstance(DelegatingConstructorAccessorImpl.java:45)
	at java.lang.reflect.Constructor.newInstance(Constructor.java:423)
	at org.openqa.selenium.remote.ErrorHandler.createThrowable(ErrorHandler.java:206)
	at org.openqa.selenium.remote.ErrorHandler.throwIfResponseFailed(ErrorHandler.java:158)
	at org.openqa.selenium.remote.RemoteWebDriver.execute(RemoteWebDriver.java:678)
	at org.openqa.selenium.remote.RemoteWebDriver.findElement(RemoteWebDriver.java:363)
	at org.openqa.selenium.remote.RemoteWebDriver.findElementById(RemoteWebDriver.java:413)
	at org.openqa.selenium.By$ById.findElement(By.java:218)
	at org.openqa.selenium.remote.RemoteWebDriver.findElement(RemoteWebDriver.java:355)
	at com.codeborne.selenide.impl.WebElementSelector.findElement(WebElementSelector.java:28)
	at com.codeborne.selenide.impl.ElementFinder.getWebElement(ElementFinder.java:56)
	at com.codeborne.selenide.impl.WebElementSource.checkCondition(WebElementSource.java:44)
	... 39 more
]]>
    </error>
  </testcase> <!-- C7_deleteNotification -->
  <testcase name="C6_checkTrunk" time="0.000" classname="com.yeastar.swebtest.testcase.DetailCase.pbxcase.EmergencyNumber">
    <error type="com.codeborne.selenide.ex.ElementNotFound" message="Element not found {By.id: login-language-inputEl}
Expected: exist">
      <![CDATA[Element not found {By.id: login-language-inputEl}
Expected: exist
Screenshot: file:/F:/MyProject/SwebTest/pic/1539773760550.84.png
Timeout: 10 s.
Caused by: NoSuchElementException: no such element: Unable to locate element: {"method":"id","selector":"login-language-inputEl"}
	at com.codeborne.selenide.impl.WebElementSource.createElementNotFoundError(WebElementSource.java:31)
	at com.codeborne.selenide.impl.ElementFinder.createElementNotFoundError(ElementFinder.java:82)
	at com.codeborne.selenide.impl.WebElementSource.checkCondition(WebElementSource.java:59)
	at com.codeborne.selenide.commands.Should.should(Should.java:35)
	at com.codeborne.selenide.commands.Should.execute(Should.java:29)
	at com.codeborne.selenide.commands.Should.execute(Should.java:12)
	at com.codeborne.selenide.commands.Commands.execute(Commands.java:140)
	at com.codeborne.selenide.impl.SelenideElementProxy.dispatchAndRetry(SelenideElementProxy.java:86)
	at com.codeborne.selenide.impl.SelenideElementProxy.invoke(SelenideElementProxy.java:62)
	at com.sun.proxy.$Proxy6.should(Unknown Source)
	at com.yeastar.swebtest.driver.SwebDriver.click(SwebDriver.java:206)
	at com.yeastar.swebtest.driver.SwebDriver.select(SwebDriver.java:197)
	at com.yeastar.swebtest.driver.SwebDriver.login(SwebDriver.java:151)
	at com.yeastar.swebtest.driver.SwebDriver.login(SwebDriver.java:139)
	at com.yeastar.swebtest.testcase.DetailCase.pbxcase.PINList.BeforeClass(PINList.java:25)
	at sun.reflect.NativeMethodAccessorImpl.invoke0(Native Method)
	at sun.reflect.NativeMethodAccessorImpl.invoke(NativeMethodAccessorImpl.java:62)
	at sun.reflect.DelegatingMethodAccessorImpl.invoke(DelegatingMethodAccessorImpl.java:43)
	at java.lang.reflect.Method.invoke(Method.java:498)
	at org.testng.internal.MethodInvocationHelper.invokeMethod(MethodInvocationHelper.java:85)
	at org.testng.internal.Invoker.invokeConfigurationMethod(Invoker.java:510)
	at org.testng.internal.Invoker.invokeConfigurations(Invoker.java:211)
	at org.testng.internal.Invoker.invokeConfigurations(Invoker.java:138)
	at org.testng.internal.TestMethodWorker.invokeBeforeClassMethods(TestMethodWorker.java:170)
	at org.testng.internal.TestMethodWorker.run(TestMethodWorker.java:104)
	at org.testng.TestRunner.privateRun(TestRunner.java:774)
	at org.testng.TestRunner.run(TestRunner.java:624)
	at org.testng.SuiteRunner.runTest(SuiteRunner.java:359)
	at org.testng.SuiteRunner.runSequentially(SuiteRunner.java:354)
	at org.testng.SuiteRunner.privateRun(SuiteRunner.java:312)
	at org.testng.SuiteRunner.run(SuiteRunner.java:261)
	at org.testng.SuiteRunnerWorker.runSuite(SuiteRunnerWorker.java:52)
	at org.testng.SuiteRunnerWorker.run(SuiteRunnerWorker.java:86)
	at org.testng.TestNG.runSuitesSequentially(TestNG.java:1215)
	at org.testng.TestNG.runSuitesLocally(TestNG.java:1140)
	at org.testng.TestNG.run(TestNG.java:1048)
	at org.apache.maven.surefire.testng.TestNGExecutor.run(TestNGExecutor.java:293)
	at org.apache.maven.surefire.testng.TestNGXmlTestSuite.execute(TestNGXmlTestSuite.java:84)
	at org.apache.maven.surefire.testng.TestNGProvider.invoke(TestNGProvider.java:91)
	at org.apache.maven.surefire.booter.ForkedBooter.invokeProviderInSameClassLoader(ForkedBooter.java:200)
	at org.apache.maven.surefire.booter.ForkedBooter.runSuitesInProcess(ForkedBooter.java:153)
	at org.apache.maven.surefire.booter.ForkedBooter.main(ForkedBooter.java:103)
Caused by: org.openqa.selenium.NoSuchElementException: no such element: Unable to locate element: {"method":"id","selector":"login-language-inputEl"}
  (Session info: chrome=69.0.3497.100)
  (Driver info: chromedriver=2.42.591088 (7b2b2dca23cca0862f674758c9a3933e685c27d5),platform=Windows NT 6.1.7601 SP1 x86_64) (WARNING: The server did not provide any stacktrace information)
Command duration or timeout: 11 milliseconds
For documentation on this error, please visit: http://seleniumhq.org/exceptions/no_such_element.html
Build info: version: '2.53.1', revision: 'a36b8b1cd5757287168e54b817830adce9b0158d', time: '2016-06-30 19:26:09'
System info: host: 'Yeastar-PC', ip: '192.168.11.194', os.name: 'Windows 7', os.arch: 'x86', os.version: '6.1', java.version: '1.8.0_121'
Driver info: org.openqa.selenium.chrome.ChromeDriver
Capabilities [{mobileEmulationEnabled=false, hasTouchScreen=false, platform=XP, acceptSslCerts=false, goog:chromeOptions={debuggerAddress=localhost:23747}, acceptInsecureCerts=false, webStorageEnabled=true, browserName=chrome, takesScreenshot=true, javascriptEnabled=true, setWindowRect=true, unexpectedAlertBehaviour=, applicationCacheEnabled=false, rotatable=false, networkConnectionEnabled=false, chrome={chromedriverVersion=2.42.591088 (7b2b2dca23cca0862f674758c9a3933e685c27d5), userDataDir=C:\Users\Yeastar\AppData\Local\Temp\scoped_dir3852_3820}, takesHeapSnapshot=true, pageLoadStrategy=normal, databaseEnabled=false, handlesAlerts=true, version=69.0.3497.100, browserConnectionEnabled=false, nativeEvents=true, locationContextEnabled=true, cssSelectorsEnabled=true}]
Session ID: d3be694128271583ac260e31a4722891
*** Element info: {Using=id, value=login-language-inputEl}
	at sun.reflect.GeneratedConstructorAccessor26.newInstance(Unknown Source)
	at sun.reflect.DelegatingConstructorAccessorImpl.newInstance(DelegatingConstructorAccessorImpl.java:45)
	at java.lang.reflect.Constructor.newInstance(Constructor.java:423)
	at org.openqa.selenium.remote.ErrorHandler.createThrowable(ErrorHandler.java:206)
	at org.openqa.selenium.remote.ErrorHandler.throwIfResponseFailed(ErrorHandler.java:158)
	at org.openqa.selenium.remote.RemoteWebDriver.execute(RemoteWebDriver.java:678)
	at org.openqa.selenium.remote.RemoteWebDriver.findElement(RemoteWebDriver.java:363)
	at org.openqa.selenium.remote.RemoteWebDriver.findElementById(RemoteWebDriver.java:413)
	at org.openqa.selenium.By$ById.findElement(By.java:218)
	at org.openqa.selenium.remote.RemoteWebDriver.findElement(RemoteWebDriver.java:355)
	at com.codeborne.selenide.impl.WebElementSelector.findElement(WebElementSelector.java:28)
	at com.codeborne.selenide.impl.ElementFinder.getWebElement(ElementFinder.java:56)
	at com.codeborne.selenide.impl.WebElementSource.checkCondition(WebElementSource.java:44)
	... 39 more
]]>
    </error>
  </testcase> <!-- C6_checkTrunk -->
  <testcase name="C4_checkTrunk2" time="0.001" classname="com.yeastar.swebtest.testcase.DetailCase.pbxcase.EmergencyNumber">
    <error type="com.codeborne.selenide.ex.ElementNotFound" message="Element not found {By.id: login-language-inputEl}
Expected: exist">
      <![CDATA[Element not found {By.id: login-language-inputEl}
Expected: exist
Screenshot: file:/F:/MyProject/SwebTest/pic/1539773760550.84.png
Timeout: 10 s.
Caused by: NoSuchElementException: no such element: Unable to locate element: {"method":"id","selector":"login-language-inputEl"}
	at com.codeborne.selenide.impl.WebElementSource.createElementNotFoundError(WebElementSource.java:31)
	at com.codeborne.selenide.impl.ElementFinder.createElementNotFoundError(ElementFinder.java:82)
	at com.codeborne.selenide.impl.WebElementSource.checkCondition(WebElementSource.java:59)
	at com.codeborne.selenide.commands.Should.should(Should.java:35)
	at com.codeborne.selenide.commands.Should.execute(Should.java:29)
	at com.codeborne.selenide.commands.Should.execute(Should.java:12)
	at com.codeborne.selenide.commands.Commands.execute(Commands.java:140)
	at com.codeborne.selenide.impl.SelenideElementProxy.dispatchAndRetry(SelenideElementProxy.java:86)
	at com.codeborne.selenide.impl.SelenideElementProxy.invoke(SelenideElementProxy.java:62)
	at com.sun.proxy.$Proxy6.should(Unknown Source)
	at com.yeastar.swebtest.driver.SwebDriver.click(SwebDriver.java:206)
	at com.yeastar.swebtest.driver.SwebDriver.select(SwebDriver.java:197)
	at com.yeastar.swebtest.driver.SwebDriver.login(SwebDriver.java:151)
	at com.yeastar.swebtest.driver.SwebDriver.login(SwebDriver.java:139)
	at com.yeastar.swebtest.testcase.DetailCase.pbxcase.PINList.BeforeClass(PINList.java:25)
	at sun.reflect.NativeMethodAccessorImpl.invoke0(Native Method)
	at sun.reflect.NativeMethodAccessorImpl.invoke(NativeMethodAccessorImpl.java:62)
	at sun.reflect.DelegatingMethodAccessorImpl.invoke(DelegatingMethodAccessorImpl.java:43)
	at java.lang.reflect.Method.invoke(Method.java:498)
	at org.testng.internal.MethodInvocationHelper.invokeMethod(MethodInvocationHelper.java:85)
	at org.testng.internal.Invoker.invokeConfigurationMethod(Invoker.java:510)
	at org.testng.internal.Invoker.invokeConfigurations(Invoker.java:211)
	at org.testng.internal.Invoker.invokeConfigurations(Invoker.java:138)
	at org.testng.internal.TestMethodWorker.invokeBeforeClassMethods(TestMethodWorker.java:170)
	at org.testng.internal.TestMethodWorker.run(TestMethodWorker.java:104)
	at org.testng.TestRunner.privateRun(TestRunner.java:774)
	at org.testng.TestRunner.run(TestRunner.java:624)
	at org.testng.SuiteRunner.runTest(SuiteRunner.java:359)
	at org.testng.SuiteRunner.runSequentially(SuiteRunner.java:354)
	at org.testng.SuiteRunner.privateRun(SuiteRunner.java:312)
	at org.testng.SuiteRunner.run(SuiteRunner.java:261)
	at org.testng.SuiteRunnerWorker.runSuite(SuiteRunnerWorker.java:52)
	at org.testng.SuiteRunnerWorker.run(SuiteRunnerWorker.java:86)
	at org.testng.TestNG.runSuitesSequentially(TestNG.java:1215)
	at org.testng.TestNG.runSuitesLocally(TestNG.java:1140)
	at org.testng.TestNG.run(TestNG.java:1048)
	at org.apache.maven.surefire.testng.TestNGExecutor.run(TestNGExecutor.java:293)
	at org.apache.maven.surefire.testng.TestNGXmlTestSuite.execute(TestNGXmlTestSuite.java:84)
	at org.apache.maven.surefire.testng.TestNGProvider.invoke(TestNGProvider.java:91)
	at org.apache.maven.surefire.booter.ForkedBooter.invokeProviderInSameClassLoader(ForkedBooter.java:200)
	at org.apache.maven.surefire.booter.ForkedBooter.runSuitesInProcess(ForkedBooter.java:153)
	at org.apache.maven.surefire.booter.ForkedBooter.main(ForkedBooter.java:103)
Caused by: org.openqa.selenium.NoSuchElementException: no such element: Unable to locate element: {"method":"id","selector":"login-language-inputEl"}
  (Session info: chrome=69.0.3497.100)
  (Driver info: chromedriver=2.42.591088 (7b2b2dca23cca0862f674758c9a3933e685c27d5),platform=Windows NT 6.1.7601 SP1 x86_64) (WARNING: The server did not provide any stacktrace information)
Command duration or timeout: 11 milliseconds
For documentation on this error, please visit: http://seleniumhq.org/exceptions/no_such_element.html
Build info: version: '2.53.1', revision: 'a36b8b1cd5757287168e54b817830adce9b0158d', time: '2016-06-30 19:26:09'
System info: host: 'Yeastar-PC', ip: '192.168.11.194', os.name: 'Windows 7', os.arch: 'x86', os.version: '6.1', java.version: '1.8.0_121'
Driver info: org.openqa.selenium.chrome.ChromeDriver
Capabilities [{mobileEmulationEnabled=false, hasTouchScreen=false, platform=XP, acceptSslCerts=false, goog:chromeOptions={debuggerAddress=localhost:23747}, acceptInsecureCerts=false, webStorageEnabled=true, browserName=chrome, takesScreenshot=true, javascriptEnabled=true, setWindowRect=true, unexpectedAlertBehaviour=, applicationCacheEnabled=false, rotatable=false, networkConnectionEnabled=false, chrome={chromedriverVersion=2.42.591088 (7b2b2dca23cca0862f674758c9a3933e685c27d5), userDataDir=C:\Users\Yeastar\AppData\Local\Temp\scoped_dir3852_3820}, takesHeapSnapshot=true, pageLoadStrategy=normal, databaseEnabled=false, handlesAlerts=true, version=69.0.3497.100, browserConnectionEnabled=false, nativeEvents=true, locationContextEnabled=true, cssSelectorsEnabled=true}]
Session ID: d3be694128271583ac260e31a4722891
*** Element info: {Using=id, value=login-language-inputEl}
	at sun.reflect.GeneratedConstructorAccessor26.newInstance(Unknown Source)
	at sun.reflect.DelegatingConstructorAccessorImpl.newInstance(DelegatingConstructorAccessorImpl.java:45)
	at java.lang.reflect.Constructor.newInstance(Constructor.java:423)
	at org.openqa.selenium.remote.ErrorHandler.createThrowable(ErrorHandler.java:206)
	at org.openqa.selenium.remote.ErrorHandler.throwIfResponseFailed(ErrorHandler.java:158)
	at org.openqa.selenium.remote.RemoteWebDriver.execute(RemoteWebDriver.java:678)
	at org.openqa.selenium.remote.RemoteWebDriver.findElement(RemoteWebDriver.java:363)
	at org.openqa.selenium.remote.RemoteWebDriver.findElementById(RemoteWebDriver.java:413)
	at org.openqa.selenium.By$ById.findElement(By.java:218)
	at org.openqa.selenium.remote.RemoteWebDriver.findElement(RemoteWebDriver.java:355)
	at com.codeborne.selenide.impl.WebElementSelector.findElement(WebElementSelector.java:28)
	at com.codeborne.selenide.impl.ElementFinder.getWebElement(ElementFinder.java:56)
	at com.codeborne.selenide.impl.WebElementSource.checkCondition(WebElementSource.java:44)
	... 39 more
]]>
    </error>
  </testcase> <!-- C4_checkTrunk2 -->
  <testcase name="C5_deleteTrunk_addNotification" time="0.000" classname="com.yeastar.swebtest.testcase.DetailCase.pbxcase.EmergencyNumber">
    <error type="com.codeborne.selenide.ex.ElementNotFound" message="Element not found {By.id: login-language-inputEl}
Expected: exist">
      <![CDATA[Element not found {By.id: login-language-inputEl}
Expected: exist
Screenshot: file:/F:/MyProject/SwebTest/pic/1539773760550.84.png
Timeout: 10 s.
Caused by: NoSuchElementException: no such element: Unable to locate element: {"method":"id","selector":"login-language-inputEl"}
	at com.codeborne.selenide.impl.WebElementSource.createElementNotFoundError(WebElementSource.java:31)
	at com.codeborne.selenide.impl.ElementFinder.createElementNotFoundError(ElementFinder.java:82)
	at com.codeborne.selenide.impl.WebElementSource.checkCondition(WebElementSource.java:59)
	at com.codeborne.selenide.commands.Should.should(Should.java:35)
	at com.codeborne.selenide.commands.Should.execute(Should.java:29)
	at com.codeborne.selenide.commands.Should.execute(Should.java:12)
	at com.codeborne.selenide.commands.Commands.execute(Commands.java:140)
	at com.codeborne.selenide.impl.SelenideElementProxy.dispatchAndRetry(SelenideElementProxy.java:86)
	at com.codeborne.selenide.impl.SelenideElementProxy.invoke(SelenideElementProxy.java:62)
	at com.sun.proxy.$Proxy6.should(Unknown Source)
	at com.yeastar.swebtest.driver.SwebDriver.click(SwebDriver.java:206)
	at com.yeastar.swebtest.driver.SwebDriver.select(SwebDriver.java:197)
	at com.yeastar.swebtest.driver.SwebDriver.login(SwebDriver.java:151)
	at com.yeastar.swebtest.driver.SwebDriver.login(SwebDriver.java:139)
	at com.yeastar.swebtest.testcase.DetailCase.pbxcase.PINList.BeforeClass(PINList.java:25)
	at sun.reflect.NativeMethodAccessorImpl.invoke0(Native Method)
	at sun.reflect.NativeMethodAccessorImpl.invoke(NativeMethodAccessorImpl.java:62)
	at sun.reflect.DelegatingMethodAccessorImpl.invoke(DelegatingMethodAccessorImpl.java:43)
	at java.lang.reflect.Method.invoke(Method.java:498)
	at org.testng.internal.MethodInvocationHelper.invokeMethod(MethodInvocationHelper.java:85)
	at org.testng.internal.Invoker.invokeConfigurationMethod(Invoker.java:510)
	at org.testng.internal.Invoker.invokeConfigurations(Invoker.java:211)
	at org.testng.internal.Invoker.invokeConfigurations(Invoker.java:138)
	at org.testng.internal.TestMethodWorker.invokeBeforeClassMethods(TestMethodWorker.java:170)
	at org.testng.internal.TestMethodWorker.run(TestMethodWorker.java:104)
	at org.testng.TestRunner.privateRun(TestRunner.java:774)
	at org.testng.TestRunner.run(TestRunner.java:624)
	at org.testng.SuiteRunner.runTest(SuiteRunner.java:359)
	at org.testng.SuiteRunner.runSequentially(SuiteRunner.java:354)
	at org.testng.SuiteRunner.privateRun(SuiteRunner.java:312)
	at org.testng.SuiteRunner.run(SuiteRunner.java:261)
	at org.testng.SuiteRunnerWorker.runSuite(SuiteRunnerWorker.java:52)
	at org.testng.SuiteRunnerWorker.run(SuiteRunnerWorker.java:86)
	at org.testng.TestNG.runSuitesSequentially(TestNG.java:1215)
	at org.testng.TestNG.runSuitesLocally(TestNG.java:1140)
	at org.testng.TestNG.run(TestNG.java:1048)
	at org.apache.maven.surefire.testng.TestNGExecutor.run(TestNGExecutor.java:293)
	at org.apache.maven.surefire.testng.TestNGXmlTestSuite.execute(TestNGXmlTestSuite.java:84)
	at org.apache.maven.surefire.testng.TestNGProvider.invoke(TestNGProvider.java:91)
	at org.apache.maven.surefire.booter.ForkedBooter.invokeProviderInSameClassLoader(ForkedBooter.java:200)
	at org.apache.maven.surefire.booter.ForkedBooter.runSuitesInProcess(ForkedBooter.java:153)
	at org.apache.maven.surefire.booter.ForkedBooter.main(ForkedBooter.java:103)
Caused by: org.openqa.selenium.NoSuchElementException: no such element: Unable to locate element: {"method":"id","selector":"login-language-inputEl"}
  (Session info: chrome=69.0.3497.100)
  (Driver info: chromedriver=2.42.591088 (7b2b2dca23cca0862f674758c9a3933e685c27d5),platform=Windows NT 6.1.7601 SP1 x86_64) (WARNING: The server did not provide any stacktrace information)
Command duration or timeout: 11 milliseconds
For documentation on this error, please visit: http://seleniumhq.org/exceptions/no_such_element.html
Build info: version: '2.53.1', revision: 'a36b8b1cd5757287168e54b817830adce9b0158d', time: '2016-06-30 19:26:09'
System info: host: 'Yeastar-PC', ip: '192.168.11.194', os.name: 'Windows 7', os.arch: 'x86', os.version: '6.1', java.version: '1.8.0_121'
Driver info: org.openqa.selenium.chrome.ChromeDriver
Capabilities [{mobileEmulationEnabled=false, hasTouchScreen=false, platform=XP, acceptSslCerts=false, goog:chromeOptions={debuggerAddress=localhost:23747}, acceptInsecureCerts=false, webStorageEnabled=true, browserName=chrome, takesScreenshot=true, javascriptEnabled=true, setWindowRect=true, unexpectedAlertBehaviour=, applicationCacheEnabled=false, rotatable=false, networkConnectionEnabled=false, chrome={chromedriverVersion=2.42.591088 (7b2b2dca23cca0862f674758c9a3933e685c27d5), userDataDir=C:\Users\Yeastar\AppData\Local\Temp\scoped_dir3852_3820}, takesHeapSnapshot=true, pageLoadStrategy=normal, databaseEnabled=false, handlesAlerts=true, version=69.0.3497.100, browserConnectionEnabled=false, nativeEvents=true, locationContextEnabled=true, cssSelectorsEnabled=true}]
Session ID: d3be694128271583ac260e31a4722891
*** Element info: {Using=id, value=login-language-inputEl}
	at sun.reflect.GeneratedConstructorAccessor26.newInstance(Unknown Source)
	at sun.reflect.DelegatingConstructorAccessorImpl.newInstance(DelegatingConstructorAccessorImpl.java:45)
	at java.lang.reflect.Constructor.newInstance(Constructor.java:423)
	at org.openqa.selenium.remote.ErrorHandler.createThrowable(ErrorHandler.java:206)
	at org.openqa.selenium.remote.ErrorHandler.throwIfResponseFailed(ErrorHandler.java:158)
	at org.openqa.selenium.remote.RemoteWebDriver.execute(RemoteWebDriver.java:678)
	at org.openqa.selenium.remote.RemoteWebDriver.findElement(RemoteWebDriver.java:363)
	at org.openqa.selenium.remote.RemoteWebDriver.findElementById(RemoteWebDriver.java:413)
	at org.openqa.selenium.By$ById.findElement(By.java:218)
	at org.openqa.selenium.remote.RemoteWebDriver.findElement(RemoteWebDriver.java:355)
	at com.codeborne.selenide.impl.WebElementSelector.findElement(WebElementSelector.java:28)
	at com.codeborne.selenide.impl.ElementFinder.getWebElement(ElementFinder.java:56)
	at com.codeborne.selenide.impl.WebElementSource.checkCondition(WebElementSource.java:44)
	... 39 more
]]>
    </error>
  </testcase> <!-- C5_deleteTrunk_addNotification -->
  <testcase name="F2_EventCenter3" time="0.000" classname="com.yeastar.swebtest.testcase.DetailCase.pbxcase.EmergencyNumber">
    <error type="com.codeborne.selenide.ex.ElementNotFound" message="Element not found {By.id: login-language-inputEl}
Expected: exist">
      <![CDATA[Element not found {By.id: login-language-inputEl}
Expected: exist
Screenshot: file:/F:/MyProject/SwebTest/pic/1539773760550.84.png
Timeout: 10 s.
Caused by: NoSuchElementException: no such element: Unable to locate element: {"method":"id","selector":"login-language-inputEl"}
	at com.codeborne.selenide.impl.WebElementSource.createElementNotFoundError(WebElementSource.java:31)
	at com.codeborne.selenide.impl.ElementFinder.createElementNotFoundError(ElementFinder.java:82)
	at com.codeborne.selenide.impl.WebElementSource.checkCondition(WebElementSource.java:59)
	at com.codeborne.selenide.commands.Should.should(Should.java:35)
	at com.codeborne.selenide.commands.Should.execute(Should.java:29)
	at com.codeborne.selenide.commands.Should.execute(Should.java:12)
	at com.codeborne.selenide.commands.Commands.execute(Commands.java:140)
	at com.codeborne.selenide.impl.SelenideElementProxy.dispatchAndRetry(SelenideElementProxy.java:86)
	at com.codeborne.selenide.impl.SelenideElementProxy.invoke(SelenideElementProxy.java:62)
	at com.sun.proxy.$Proxy6.should(Unknown Source)
	at com.yeastar.swebtest.driver.SwebDriver.click(SwebDriver.java:206)
	at com.yeastar.swebtest.driver.SwebDriver.select(SwebDriver.java:197)
	at com.yeastar.swebtest.driver.SwebDriver.login(SwebDriver.java:151)
	at com.yeastar.swebtest.driver.SwebDriver.login(SwebDriver.java:139)
	at com.yeastar.swebtest.testcase.DetailCase.pbxcase.PINList.BeforeClass(PINList.java:25)
	at sun.reflect.NativeMethodAccessorImpl.invoke0(Native Method)
	at sun.reflect.NativeMethodAccessorImpl.invoke(NativeMethodAccessorImpl.java:62)
	at sun.reflect.DelegatingMethodAccessorImpl.invoke(DelegatingMethodAccessorImpl.java:43)
	at java.lang.reflect.Method.invoke(Method.java:498)
	at org.testng.internal.MethodInvocationHelper.invokeMethod(MethodInvocationHelper.java:85)
	at org.testng.internal.Invoker.invokeConfigurationMethod(Invoker.java:510)
	at org.testng.internal.Invoker.invokeConfigurations(Invoker.java:211)
	at org.testng.internal.Invoker.invokeConfigurations(Invoker.java:138)
	at org.testng.internal.TestMethodWorker.invokeBeforeClassMethods(TestMethodWorker.java:170)
	at org.testng.internal.TestMethodWorker.run(TestMethodWorker.java:104)
	at org.testng.TestRunner.privateRun(TestRunner.java:774)
	at org.testng.TestRunner.run(TestRunner.java:624)
	at org.testng.SuiteRunner.runTest(SuiteRunner.java:359)
	at org.testng.SuiteRunner.runSequentially(SuiteRunner.java:354)
	at org.testng.SuiteRunner.privateRun(SuiteRunner.java:312)
	at org.testng.SuiteRunner.run(SuiteRunner.java:261)
	at org.testng.SuiteRunnerWorker.runSuite(SuiteRunnerWorker.java:52)
	at org.testng.SuiteRunnerWorker.run(SuiteRunnerWorker.java:86)
	at org.testng.TestNG.runSuitesSequentially(TestNG.java:1215)
	at org.testng.TestNG.runSuitesLocally(TestNG.java:1140)
	at org.testng.TestNG.run(TestNG.java:1048)
	at org.apache.maven.surefire.testng.TestNGExecutor.run(TestNGExecutor.java:293)
	at org.apache.maven.surefire.testng.TestNGXmlTestSuite.execute(TestNGXmlTestSuite.java:84)
	at org.apache.maven.surefire.testng.TestNGProvider.invoke(TestNGProvider.java:91)
	at org.apache.maven.surefire.booter.ForkedBooter.invokeProviderInSameClassLoader(ForkedBooter.java:200)
	at org.apache.maven.surefire.booter.ForkedBooter.runSuitesInProcess(ForkedBooter.java:153)
	at org.apache.maven.surefire.booter.ForkedBooter.main(ForkedBooter.java:103)
Caused by: org.openqa.selenium.NoSuchElementException: no such element: Unable to locate element: {"method":"id","selector":"login-language-inputEl"}
  (Session info: chrome=69.0.3497.100)
  (Driver info: chromedriver=2.42.591088 (7b2b2dca23cca0862f674758c9a3933e685c27d5),platform=Windows NT 6.1.7601 SP1 x86_64) (WARNING: The server did not provide any stacktrace information)
Command duration or timeout: 11 milliseconds
For documentation on this error, please visit: http://seleniumhq.org/exceptions/no_such_element.html
Build info: version: '2.53.1', revision: 'a36b8b1cd5757287168e54b817830adce9b0158d', time: '2016-06-30 19:26:09'
System info: host: 'Yeastar-PC', ip: '192.168.11.194', os.name: 'Windows 7', os.arch: 'x86', os.version: '6.1', java.version: '1.8.0_121'
Driver info: org.openqa.selenium.chrome.ChromeDriver
Capabilities [{mobileEmulationEnabled=false, hasTouchScreen=false, platform=XP, acceptSslCerts=false, goog:chromeOptions={debuggerAddress=localhost:23747}, acceptInsecureCerts=false, webStorageEnabled=true, browserName=chrome, takesScreenshot=true, javascriptEnabled=true, setWindowRect=true, unexpectedAlertBehaviour=, applicationCacheEnabled=false, rotatable=false, networkConnectionEnabled=false, chrome={chromedriverVersion=2.42.591088 (7b2b2dca23cca0862f674758c9a3933e685c27d5), userDataDir=C:\Users\Yeastar\AppData\Local\Temp\scoped_dir3852_3820}, takesHeapSnapshot=true, pageLoadStrategy=normal, databaseEnabled=false, handlesAlerts=true, version=69.0.3497.100, browserConnectionEnabled=false, nativeEvents=true, locationContextEnabled=true, cssSelectorsEnabled=true}]
Session ID: d3be694128271583ac260e31a4722891
*** Element info: {Using=id, value=login-language-inputEl}
	at sun.reflect.GeneratedConstructorAccessor26.newInstance(Unknown Source)
	at sun.reflect.DelegatingConstructorAccessorImpl.newInstance(DelegatingConstructorAccessorImpl.java:45)
	at java.lang.reflect.Constructor.newInstance(Constructor.java:423)
	at org.openqa.selenium.remote.ErrorHandler.createThrowable(ErrorHandler.java:206)
	at org.openqa.selenium.remote.ErrorHandler.throwIfResponseFailed(ErrorHandler.java:158)
	at org.openqa.selenium.remote.RemoteWebDriver.execute(RemoteWebDriver.java:678)
	at org.openqa.selenium.remote.RemoteWebDriver.findElement(RemoteWebDriver.java:363)
	at org.openqa.selenium.remote.RemoteWebDriver.findElementById(RemoteWebDriver.java:413)
	at org.openqa.selenium.By$ById.findElement(By.java:218)
	at org.openqa.selenium.remote.RemoteWebDriver.findElement(RemoteWebDriver.java:355)
	at com.codeborne.selenide.impl.WebElementSelector.findElement(WebElementSelector.java:28)
	at com.codeborne.selenide.impl.ElementFinder.getWebElement(ElementFinder.java:56)
	at com.codeborne.selenide.impl.WebElementSource.checkCondition(WebElementSource.java:44)
	... 39 more
]]>
    </error>
  </testcase> <!-- F2_EventCenter3 -->
  <testcase name="A2_Init" time="0.000" classname="com.yeastar.swebtest.testcase.DetailCase.pbxcase.EmergencyNumber">
    <error type="com.codeborne.selenide.ex.ElementNotFound" message="Element not found {By.id: login-language-inputEl}
Expected: exist">
      <![CDATA[Element not found {By.id: login-language-inputEl}
Expected: exist
Screenshot: file:/F:/MyProject/SwebTest/pic/1539773760550.84.png
Timeout: 10 s.
Caused by: NoSuchElementException: no such element: Unable to locate element: {"method":"id","selector":"login-language-inputEl"}
	at com.codeborne.selenide.impl.WebElementSource.createElementNotFoundError(WebElementSource.java:31)
	at com.codeborne.selenide.impl.ElementFinder.createElementNotFoundError(ElementFinder.java:82)
	at com.codeborne.selenide.impl.WebElementSource.checkCondition(WebElementSource.java:59)
	at com.codeborne.selenide.commands.Should.should(Should.java:35)
	at com.codeborne.selenide.commands.Should.execute(Should.java:29)
	at com.codeborne.selenide.commands.Should.execute(Should.java:12)
	at com.codeborne.selenide.commands.Commands.execute(Commands.java:140)
	at com.codeborne.selenide.impl.SelenideElementProxy.dispatchAndRetry(SelenideElementProxy.java:86)
	at com.codeborne.selenide.impl.SelenideElementProxy.invoke(SelenideElementProxy.java:62)
	at com.sun.proxy.$Proxy6.should(Unknown Source)
	at com.yeastar.swebtest.driver.SwebDriver.click(SwebDriver.java:206)
	at com.yeastar.swebtest.driver.SwebDriver.select(SwebDriver.java:197)
	at com.yeastar.swebtest.driver.SwebDriver.login(SwebDriver.java:151)
	at com.yeastar.swebtest.driver.SwebDriver.login(SwebDriver.java:139)
	at com.yeastar.swebtest.testcase.DetailCase.pbxcase.PINList.BeforeClass(PINList.java:25)
	at sun.reflect.NativeMethodAccessorImpl.invoke0(Native Method)
	at sun.reflect.NativeMethodAccessorImpl.invoke(NativeMethodAccessorImpl.java:62)
	at sun.reflect.DelegatingMethodAccessorImpl.invoke(DelegatingMethodAccessorImpl.java:43)
	at java.lang.reflect.Method.invoke(Method.java:498)
	at org.testng.internal.MethodInvocationHelper.invokeMethod(MethodInvocationHelper.java:85)
	at org.testng.internal.Invoker.invokeConfigurationMethod(Invoker.java:510)
	at org.testng.internal.Invoker.invokeConfigurations(Invoker.java:211)
	at org.testng.internal.Invoker.invokeConfigurations(Invoker.java:138)
	at org.testng.internal.TestMethodWorker.invokeBeforeClassMethods(TestMethodWorker.java:170)
	at org.testng.internal.TestMethodWorker.run(TestMethodWorker.java:104)
	at org.testng.TestRunner.privateRun(TestRunner.java:774)
	at org.testng.TestRunner.run(TestRunner.java:624)
	at org.testng.SuiteRunner.runTest(SuiteRunner.java:359)
	at org.testng.SuiteRunner.runSequentially(SuiteRunner.java:354)
	at org.testng.SuiteRunner.privateRun(SuiteRunner.java:312)
	at org.testng.SuiteRunner.run(SuiteRunner.java:261)
	at org.testng.SuiteRunnerWorker.runSuite(SuiteRunnerWorker.java:52)
	at org.testng.SuiteRunnerWorker.run(SuiteRunnerWorker.java:86)
	at org.testng.TestNG.runSuitesSequentially(TestNG.java:1215)
	at org.testng.TestNG.runSuitesLocally(TestNG.java:1140)
	at org.testng.TestNG.run(TestNG.java:1048)
	at org.apache.maven.surefire.testng.TestNGExecutor.run(TestNGExecutor.java:293)
	at org.apache.maven.surefire.testng.TestNGXmlTestSuite.execute(TestNGXmlTestSuite.java:84)
	at org.apache.maven.surefire.testng.TestNGProvider.invoke(TestNGProvider.java:91)
	at org.apache.maven.surefire.booter.ForkedBooter.invokeProviderInSameClassLoader(ForkedBooter.java:200)
	at org.apache.maven.surefire.booter.ForkedBooter.runSuitesInProcess(ForkedBooter.java:153)
	at org.apache.maven.surefire.booter.ForkedBooter.main(ForkedBooter.java:103)
Caused by: org.openqa.selenium.NoSuchElementException: no such element: Unable to locate element: {"method":"id","selector":"login-language-inputEl"}
  (Session info: chrome=69.0.3497.100)
  (Driver info: chromedriver=2.42.591088 (7b2b2dca23cca0862f674758c9a3933e685c27d5),platform=Windows NT 6.1.7601 SP1 x86_64) (WARNING: The server did not provide any stacktrace information)
Command duration or timeout: 11 milliseconds
For documentation on this error, please visit: http://seleniumhq.org/exceptions/no_such_element.html
Build info: version: '2.53.1', revision: 'a36b8b1cd5757287168e54b817830adce9b0158d', time: '2016-06-30 19:26:09'
System info: host: 'Yeastar-PC', ip: '192.168.11.194', os.name: 'Windows 7', os.arch: 'x86', os.version: '6.1', java.version: '1.8.0_121'
Driver info: org.openqa.selenium.chrome.ChromeDriver
Capabilities [{mobileEmulationEnabled=false, hasTouchScreen=false, platform=XP, acceptSslCerts=false, goog:chromeOptions={debuggerAddress=localhost:23747}, acceptInsecureCerts=false, webStorageEnabled=true, browserName=chrome, takesScreenshot=true, javascriptEnabled=true, setWindowRect=true, unexpectedAlertBehaviour=, applicationCacheEnabled=false, rotatable=false, networkConnectionEnabled=false, chrome={chromedriverVersion=2.42.591088 (7b2b2dca23cca0862f674758c9a3933e685c27d5), userDataDir=C:\Users\Yeastar\AppData\Local\Temp\scoped_dir3852_3820}, takesHeapSnapshot=true, pageLoadStrategy=normal, databaseEnabled=false, handlesAlerts=true, version=69.0.3497.100, browserConnectionEnabled=false, nativeEvents=true, locationContextEnabled=true, cssSelectorsEnabled=true}]
Session ID: d3be694128271583ac260e31a4722891
*** Element info: {Using=id, value=login-language-inputEl}
	at sun.reflect.GeneratedConstructorAccessor26.newInstance(Unknown Source)
	at sun.reflect.DelegatingConstructorAccessorImpl.newInstance(DelegatingConstructorAccessorImpl.java:45)
	at java.lang.reflect.Constructor.newInstance(Constructor.java:423)
	at org.openqa.selenium.remote.ErrorHandler.createThrowable(ErrorHandler.java:206)
	at org.openqa.selenium.remote.ErrorHandler.throwIfResponseFailed(ErrorHandler.java:158)
	at org.openqa.selenium.remote.RemoteWebDriver.execute(RemoteWebDriver.java:678)
	at org.openqa.selenium.remote.RemoteWebDriver.findElement(RemoteWebDriver.java:363)
	at org.openqa.selenium.remote.RemoteWebDriver.findElementById(RemoteWebDriver.java:413)
	at org.openqa.selenium.By$ById.findElement(By.java:218)
	at org.openqa.selenium.remote.RemoteWebDriver.findElement(RemoteWebDriver.java:355)
	at com.codeborne.selenide.impl.WebElementSelector.findElement(WebElementSelector.java:28)
	at com.codeborne.selenide.impl.ElementFinder.getWebElement(ElementFinder.java:56)
	at com.codeborne.selenide.impl.WebElementSource.checkCondition(WebElementSource.java:44)
	... 39 more
]]>
    </error>
  </testcase> <!-- A2_Init -->
  <testcase name="B4_makeCall2" time="0.000" classname="com.yeastar.swebtest.testcase.DetailCase.pbxcase.EmergencyNumber">
    <error type="com.codeborne.selenide.ex.ElementNotFound" message="Element not found {By.id: login-language-inputEl}
Expected: exist">
      <![CDATA[Element not found {By.id: login-language-inputEl}
Expected: exist
Screenshot: file:/F:/MyProject/SwebTest/pic/1539773760550.84.png
Timeout: 10 s.
Caused by: NoSuchElementException: no such element: Unable to locate element: {"method":"id","selector":"login-language-inputEl"}
	at com.codeborne.selenide.impl.WebElementSource.createElementNotFoundError(WebElementSource.java:31)
	at com.codeborne.selenide.impl.ElementFinder.createElementNotFoundError(ElementFinder.java:82)
	at com.codeborne.selenide.impl.WebElementSource.checkCondition(WebElementSource.java:59)
	at com.codeborne.selenide.commands.Should.should(Should.java:35)
	at com.codeborne.selenide.commands.Should.execute(Should.java:29)
	at com.codeborne.selenide.commands.Should.execute(Should.java:12)
	at com.codeborne.selenide.commands.Commands.execute(Commands.java:140)
	at com.codeborne.selenide.impl.SelenideElementProxy.dispatchAndRetry(SelenideElementProxy.java:86)
	at com.codeborne.selenide.impl.SelenideElementProxy.invoke(SelenideElementProxy.java:62)
	at com.sun.proxy.$Proxy6.should(Unknown Source)
	at com.yeastar.swebtest.driver.SwebDriver.click(SwebDriver.java:206)
	at com.yeastar.swebtest.driver.SwebDriver.select(SwebDriver.java:197)
	at com.yeastar.swebtest.driver.SwebDriver.login(SwebDriver.java:151)
	at com.yeastar.swebtest.driver.SwebDriver.login(SwebDriver.java:139)
	at com.yeastar.swebtest.testcase.DetailCase.pbxcase.PINList.BeforeClass(PINList.java:25)
	at sun.reflect.NativeMethodAccessorImpl.invoke0(Native Method)
	at sun.reflect.NativeMethodAccessorImpl.invoke(NativeMethodAccessorImpl.java:62)
	at sun.reflect.DelegatingMethodAccessorImpl.invoke(DelegatingMethodAccessorImpl.java:43)
	at java.lang.reflect.Method.invoke(Method.java:498)
	at org.testng.internal.MethodInvocationHelper.invokeMethod(MethodInvocationHelper.java:85)
	at org.testng.internal.Invoker.invokeConfigurationMethod(Invoker.java:510)
	at org.testng.internal.Invoker.invokeConfigurations(Invoker.java:211)
	at org.testng.internal.Invoker.invokeConfigurations(Invoker.java:138)
	at org.testng.internal.TestMethodWorker.invokeBeforeClassMethods(TestMethodWorker.java:170)
	at org.testng.internal.TestMethodWorker.run(TestMethodWorker.java:104)
	at org.testng.TestRunner.privateRun(TestRunner.java:774)
	at org.testng.TestRunner.run(TestRunner.java:624)
	at org.testng.SuiteRunner.runTest(SuiteRunner.java:359)
	at org.testng.SuiteRunner.runSequentially(SuiteRunner.java:354)
	at org.testng.SuiteRunner.privateRun(SuiteRunner.java:312)
	at org.testng.SuiteRunner.run(SuiteRunner.java:261)
	at org.testng.SuiteRunnerWorker.runSuite(SuiteRunnerWorker.java:52)
	at org.testng.SuiteRunnerWorker.run(SuiteRunnerWorker.java:86)
	at org.testng.TestNG.runSuitesSequentially(TestNG.java:1215)
	at org.testng.TestNG.runSuitesLocally(TestNG.java:1140)
	at org.testng.TestNG.run(TestNG.java:1048)
	at org.apache.maven.surefire.testng.TestNGExecutor.run(TestNGExecutor.java:293)
	at org.apache.maven.surefire.testng.TestNGXmlTestSuite.execute(TestNGXmlTestSuite.java:84)
	at org.apache.maven.surefire.testng.TestNGProvider.invoke(TestNGProvider.java:91)
	at org.apache.maven.surefire.booter.ForkedBooter.invokeProviderInSameClassLoader(ForkedBooter.java:200)
	at org.apache.maven.surefire.booter.ForkedBooter.runSuitesInProcess(ForkedBooter.java:153)
	at org.apache.maven.surefire.booter.ForkedBooter.main(ForkedBooter.java:103)
Caused by: org.openqa.selenium.NoSuchElementException: no such element: Unable to locate element: {"method":"id","selector":"login-language-inputEl"}
  (Session info: chrome=69.0.3497.100)
  (Driver info: chromedriver=2.42.591088 (7b2b2dca23cca0862f674758c9a3933e685c27d5),platform=Windows NT 6.1.7601 SP1 x86_64) (WARNING: The server did not provide any stacktrace information)
Command duration or timeout: 11 milliseconds
For documentation on this error, please visit: http://seleniumhq.org/exceptions/no_such_element.html
Build info: version: '2.53.1', revision: 'a36b8b1cd5757287168e54b817830adce9b0158d', time: '2016-06-30 19:26:09'
System info: host: 'Yeastar-PC', ip: '192.168.11.194', os.name: 'Windows 7', os.arch: 'x86', os.version: '6.1', java.version: '1.8.0_121'
Driver info: org.openqa.selenium.chrome.ChromeDriver
Capabilities [{mobileEmulationEnabled=false, hasTouchScreen=false, platform=XP, acceptSslCerts=false, goog:chromeOptions={debuggerAddress=localhost:23747}, acceptInsecureCerts=false, webStorageEnabled=true, browserName=chrome, takesScreenshot=true, javascriptEnabled=true, setWindowRect=true, unexpectedAlertBehaviour=, applicationCacheEnabled=false, rotatable=false, networkConnectionEnabled=false, chrome={chromedriverVersion=2.42.591088 (7b2b2dca23cca0862f674758c9a3933e685c27d5), userDataDir=C:\Users\Yeastar\AppData\Local\Temp\scoped_dir3852_3820}, takesHeapSnapshot=true, pageLoadStrategy=normal, databaseEnabled=false, handlesAlerts=true, version=69.0.3497.100, browserConnectionEnabled=false, nativeEvents=true, locationContextEnabled=true, cssSelectorsEnabled=true}]
Session ID: d3be694128271583ac260e31a4722891
*** Element info: {Using=id, value=login-language-inputEl}
	at sun.reflect.GeneratedConstructorAccessor26.newInstance(Unknown Source)
	at sun.reflect.DelegatingConstructorAccessorImpl.newInstance(DelegatingConstructorAccessorImpl.java:45)
	at java.lang.reflect.Constructor.newInstance(Constructor.java:423)
	at org.openqa.selenium.remote.ErrorHandler.createThrowable(ErrorHandler.java:206)
	at org.openqa.selenium.remote.ErrorHandler.throwIfResponseFailed(ErrorHandler.java:158)
	at org.openqa.selenium.remote.RemoteWebDriver.execute(RemoteWebDriver.java:678)
	at org.openqa.selenium.remote.RemoteWebDriver.findElement(RemoteWebDriver.java:363)
	at org.openqa.selenium.remote.RemoteWebDriver.findElementById(RemoteWebDriver.java:413)
	at org.openqa.selenium.By$ById.findElement(By.java:218)
	at org.openqa.selenium.remote.RemoteWebDriver.findElement(RemoteWebDriver.java:355)
	at com.codeborne.selenide.impl.WebElementSelector.findElement(WebElementSelector.java:28)
	at com.codeborne.selenide.impl.ElementFinder.getWebElement(ElementFinder.java:56)
	at com.codeborne.selenide.impl.WebElementSource.checkCondition(WebElementSource.java:44)
	... 39 more
]]>
    </error>
  </testcase> <!-- B4_makeCall2 -->
  <testcase name="B2_makeCall" time="0.000" classname="com.yeastar.swebtest.testcase.DetailCase.pbxcase.EmergencyNumber">
    <error type="com.codeborne.selenide.ex.ElementNotFound" message="Element not found {By.id: login-language-inputEl}
Expected: exist">
      <![CDATA[Element not found {By.id: login-language-inputEl}
Expected: exist
Screenshot: file:/F:/MyProject/SwebTest/pic/1539773760550.84.png
Timeout: 10 s.
Caused by: NoSuchElementException: no such element: Unable to locate element: {"method":"id","selector":"login-language-inputEl"}
	at com.codeborne.selenide.impl.WebElementSource.createElementNotFoundError(WebElementSource.java:31)
	at com.codeborne.selenide.impl.ElementFinder.createElementNotFoundError(ElementFinder.java:82)
	at com.codeborne.selenide.impl.WebElementSource.checkCondition(WebElementSource.java:59)
	at com.codeborne.selenide.commands.Should.should(Should.java:35)
	at com.codeborne.selenide.commands.Should.execute(Should.java:29)
	at com.codeborne.selenide.commands.Should.execute(Should.java:12)
	at com.codeborne.selenide.commands.Commands.execute(Commands.java:140)
	at com.codeborne.selenide.impl.SelenideElementProxy.dispatchAndRetry(SelenideElementProxy.java:86)
	at com.codeborne.selenide.impl.SelenideElementProxy.invoke(SelenideElementProxy.java:62)
	at com.sun.proxy.$Proxy6.should(Unknown Source)
	at com.yeastar.swebtest.driver.SwebDriver.click(SwebDriver.java:206)
	at com.yeastar.swebtest.driver.SwebDriver.select(SwebDriver.java:197)
	at com.yeastar.swebtest.driver.SwebDriver.login(SwebDriver.java:151)
	at com.yeastar.swebtest.driver.SwebDriver.login(SwebDriver.java:139)
	at com.yeastar.swebtest.testcase.DetailCase.pbxcase.PINList.BeforeClass(PINList.java:25)
	at sun.reflect.NativeMethodAccessorImpl.invoke0(Native Method)
	at sun.reflect.NativeMethodAccessorImpl.invoke(NativeMethodAccessorImpl.java:62)
	at sun.reflect.DelegatingMethodAccessorImpl.invoke(DelegatingMethodAccessorImpl.java:43)
	at java.lang.reflect.Method.invoke(Method.java:498)
	at org.testng.internal.MethodInvocationHelper.invokeMethod(MethodInvocationHelper.java:85)
	at org.testng.internal.Invoker.invokeConfigurationMethod(Invoker.java:510)
	at org.testng.internal.Invoker.invokeConfigurations(Invoker.java:211)
	at org.testng.internal.Invoker.invokeConfigurations(Invoker.java:138)
	at org.testng.internal.TestMethodWorker.invokeBeforeClassMethods(TestMethodWorker.java:170)
	at org.testng.internal.TestMethodWorker.run(TestMethodWorker.java:104)
	at org.testng.TestRunner.privateRun(TestRunner.java:774)
	at org.testng.TestRunner.run(TestRunner.java:624)
	at org.testng.SuiteRunner.runTest(SuiteRunner.java:359)
	at org.testng.SuiteRunner.runSequentially(SuiteRunner.java:354)
	at org.testng.SuiteRunner.privateRun(SuiteRunner.java:312)
	at org.testng.SuiteRunner.run(SuiteRunner.java:261)
	at org.testng.SuiteRunnerWorker.runSuite(SuiteRunnerWorker.java:52)
	at org.testng.SuiteRunnerWorker.run(SuiteRunnerWorker.java:86)
	at org.testng.TestNG.runSuitesSequentially(TestNG.java:1215)
	at org.testng.TestNG.runSuitesLocally(TestNG.java:1140)
	at org.testng.TestNG.run(TestNG.java:1048)
	at org.apache.maven.surefire.testng.TestNGExecutor.run(TestNGExecutor.java:293)
	at org.apache.maven.surefire.testng.TestNGXmlTestSuite.execute(TestNGXmlTestSuite.java:84)
	at org.apache.maven.surefire.testng.TestNGProvider.invoke(TestNGProvider.java:91)
	at org.apache.maven.surefire.booter.ForkedBooter.invokeProviderInSameClassLoader(ForkedBooter.java:200)
	at org.apache.maven.surefire.booter.ForkedBooter.runSuitesInProcess(ForkedBooter.java:153)
	at org.apache.maven.surefire.booter.ForkedBooter.main(ForkedBooter.java:103)
Caused by: org.openqa.selenium.NoSuchElementException: no such element: Unable to locate element: {"method":"id","selector":"login-language-inputEl"}
  (Session info: chrome=69.0.3497.100)
  (Driver info: chromedriver=2.42.591088 (7b2b2dca23cca0862f674758c9a3933e685c27d5),platform=Windows NT 6.1.7601 SP1 x86_64) (WARNING: The server did not provide any stacktrace information)
Command duration or timeout: 11 milliseconds
For documentation on this error, please visit: http://seleniumhq.org/exceptions/no_such_element.html
Build info: version: '2.53.1', revision: 'a36b8b1cd5757287168e54b817830adce9b0158d', time: '2016-06-30 19:26:09'
System info: host: 'Yeastar-PC', ip: '192.168.11.194', os.name: 'Windows 7', os.arch: 'x86', os.version: '6.1', java.version: '1.8.0_121'
Driver info: org.openqa.selenium.chrome.ChromeDriver
Capabilities [{mobileEmulationEnabled=false, hasTouchScreen=false, platform=XP, acceptSslCerts=false, goog:chromeOptions={debuggerAddress=localhost:23747}, acceptInsecureCerts=false, webStorageEnabled=true, browserName=chrome, takesScreenshot=true, javascriptEnabled=true, setWindowRect=true, unexpectedAlertBehaviour=, applicationCacheEnabled=false, rotatable=false, networkConnectionEnabled=false, chrome={chromedriverVersion=2.42.591088 (7b2b2dca23cca0862f674758c9a3933e685c27d5), userDataDir=C:\Users\Yeastar\AppData\Local\Temp\scoped_dir3852_3820}, takesHeapSnapshot=true, pageLoadStrategy=normal, databaseEnabled=false, handlesAlerts=true, version=69.0.3497.100, browserConnectionEnabled=false, nativeEvents=true, locationContextEnabled=true, cssSelectorsEnabled=true}]
Session ID: d3be694128271583ac260e31a4722891
*** Element info: {Using=id, value=login-language-inputEl}
	at sun.reflect.GeneratedConstructorAccessor26.newInstance(Unknown Source)
	at sun.reflect.DelegatingConstructorAccessorImpl.newInstance(DelegatingConstructorAccessorImpl.java:45)
	at java.lang.reflect.Constructor.newInstance(Constructor.java:423)
	at org.openqa.selenium.remote.ErrorHandler.createThrowable(ErrorHandler.java:206)
	at org.openqa.selenium.remote.ErrorHandler.throwIfResponseFailed(ErrorHandler.java:158)
	at org.openqa.selenium.remote.RemoteWebDriver.execute(RemoteWebDriver.java:678)
	at org.openqa.selenium.remote.RemoteWebDriver.findElement(RemoteWebDriver.java:363)
	at org.openqa.selenium.remote.RemoteWebDriver.findElementById(RemoteWebDriver.java:413)
	at org.openqa.selenium.By$ById.findElement(By.java:218)
	at org.openqa.selenium.remote.RemoteWebDriver.findElement(RemoteWebDriver.java:355)
	at com.codeborne.selenide.impl.WebElementSelector.findElement(WebElementSelector.java:28)
	at com.codeborne.selenide.impl.ElementFinder.getWebElement(ElementFinder.java:56)
	at com.codeborne.selenide.impl.WebElementSource.checkCondition(WebElementSource.java:44)
	... 39 more
]]>
    </error>
  </testcase> <!-- B2_makeCall -->
  <testcase name="E1_voipAndPhysical" time="0.000" classname="com.yeastar.swebtest.testcase.DetailCase.pbxcase.EmergencyNumber">
    <error type="com.codeborne.selenide.ex.ElementNotFound" message="Element not found {By.id: login-language-inputEl}
Expected: exist">
      <![CDATA[Element not found {By.id: login-language-inputEl}
Expected: exist
Screenshot: file:/F:/MyProject/SwebTest/pic/1539773760550.84.png
Timeout: 10 s.
Caused by: NoSuchElementException: no such element: Unable to locate element: {"method":"id","selector":"login-language-inputEl"}
	at com.codeborne.selenide.impl.WebElementSource.createElementNotFoundError(WebElementSource.java:31)
	at com.codeborne.selenide.impl.ElementFinder.createElementNotFoundError(ElementFinder.java:82)
	at com.codeborne.selenide.impl.WebElementSource.checkCondition(WebElementSource.java:59)
	at com.codeborne.selenide.commands.Should.should(Should.java:35)
	at com.codeborne.selenide.commands.Should.execute(Should.java:29)
	at com.codeborne.selenide.commands.Should.execute(Should.java:12)
	at com.codeborne.selenide.commands.Commands.execute(Commands.java:140)
	at com.codeborne.selenide.impl.SelenideElementProxy.dispatchAndRetry(SelenideElementProxy.java:86)
	at com.codeborne.selenide.impl.SelenideElementProxy.invoke(SelenideElementProxy.java:62)
	at com.sun.proxy.$Proxy6.should(Unknown Source)
	at com.yeastar.swebtest.driver.SwebDriver.click(SwebDriver.java:206)
	at com.yeastar.swebtest.driver.SwebDriver.select(SwebDriver.java:197)
	at com.yeastar.swebtest.driver.SwebDriver.login(SwebDriver.java:151)
	at com.yeastar.swebtest.driver.SwebDriver.login(SwebDriver.java:139)
	at com.yeastar.swebtest.testcase.DetailCase.pbxcase.PINList.BeforeClass(PINList.java:25)
	at sun.reflect.NativeMethodAccessorImpl.invoke0(Native Method)
	at sun.reflect.NativeMethodAccessorImpl.invoke(NativeMethodAccessorImpl.java:62)
	at sun.reflect.DelegatingMethodAccessorImpl.invoke(DelegatingMethodAccessorImpl.java:43)
	at java.lang.reflect.Method.invoke(Method.java:498)
	at org.testng.internal.MethodInvocationHelper.invokeMethod(MethodInvocationHelper.java:85)
	at org.testng.internal.Invoker.invokeConfigurationMethod(Invoker.java:510)
	at org.testng.internal.Invoker.invokeConfigurations(Invoker.java:211)
	at org.testng.internal.Invoker.invokeConfigurations(Invoker.java:138)
	at org.testng.internal.TestMethodWorker.invokeBeforeClassMethods(TestMethodWorker.java:170)
	at org.testng.internal.TestMethodWorker.run(TestMethodWorker.java:104)
	at org.testng.TestRunner.privateRun(TestRunner.java:774)
	at org.testng.TestRunner.run(TestRunner.java:624)
	at org.testng.SuiteRunner.runTest(SuiteRunner.java:359)
	at org.testng.SuiteRunner.runSequentially(SuiteRunner.java:354)
	at org.testng.SuiteRunner.privateRun(SuiteRunner.java:312)
	at org.testng.SuiteRunner.run(SuiteRunner.java:261)
	at org.testng.SuiteRunnerWorker.runSuite(SuiteRunnerWorker.java:52)
	at org.testng.SuiteRunnerWorker.run(SuiteRunnerWorker.java:86)
	at org.testng.TestNG.runSuitesSequentially(TestNG.java:1215)
	at org.testng.TestNG.runSuitesLocally(TestNG.java:1140)
	at org.testng.TestNG.run(TestNG.java:1048)
	at org.apache.maven.surefire.testng.TestNGExecutor.run(TestNGExecutor.java:293)
	at org.apache.maven.surefire.testng.TestNGXmlTestSuite.execute(TestNGXmlTestSuite.java:84)
	at org.apache.maven.surefire.testng.TestNGProvider.invoke(TestNGProvider.java:91)
	at org.apache.maven.surefire.booter.ForkedBooter.invokeProviderInSameClassLoader(ForkedBooter.java:200)
	at org.apache.maven.surefire.booter.ForkedBooter.runSuitesInProcess(ForkedBooter.java:153)
	at org.apache.maven.surefire.booter.ForkedBooter.main(ForkedBooter.java:103)
Caused by: org.openqa.selenium.NoSuchElementException: no such element: Unable to locate element: {"method":"id","selector":"login-language-inputEl"}
  (Session info: chrome=69.0.3497.100)
  (Driver info: chromedriver=2.42.591088 (7b2b2dca23cca0862f674758c9a3933e685c27d5),platform=Windows NT 6.1.7601 SP1 x86_64) (WARNING: The server did not provide any stacktrace information)
Command duration or timeout: 11 milliseconds
For documentation on this error, please visit: http://seleniumhq.org/exceptions/no_such_element.html
Build info: version: '2.53.1', revision: 'a36b8b1cd5757287168e54b817830adce9b0158d', time: '2016-06-30 19:26:09'
System info: host: 'Yeastar-PC', ip: '192.168.11.194', os.name: 'Windows 7', os.arch: 'x86', os.version: '6.1', java.version: '1.8.0_121'
Driver info: org.openqa.selenium.chrome.ChromeDriver
Capabilities [{mobileEmulationEnabled=false, hasTouchScreen=false, platform=XP, acceptSslCerts=false, goog:chromeOptions={debuggerAddress=localhost:23747}, acceptInsecureCerts=false, webStorageEnabled=true, browserName=chrome, takesScreenshot=true, javascriptEnabled=true, setWindowRect=true, unexpectedAlertBehaviour=, applicationCacheEnabled=false, rotatable=false, networkConnectionEnabled=false, chrome={chromedriverVersion=2.42.591088 (7b2b2dca23cca0862f674758c9a3933e685c27d5), userDataDir=C:\Users\Yeastar\AppData\Local\Temp\scoped_dir3852_3820}, takesHeapSnapshot=true, pageLoadStrategy=normal, databaseEnabled=false, handlesAlerts=true, version=69.0.3497.100, browserConnectionEnabled=false, nativeEvents=true, locationContextEnabled=true, cssSelectorsEnabled=true}]
Session ID: d3be694128271583ac260e31a4722891
*** Element info: {Using=id, value=login-language-inputEl}
	at sun.reflect.GeneratedConstructorAccessor26.newInstance(Unknown Source)
	at sun.reflect.DelegatingConstructorAccessorImpl.newInstance(DelegatingConstructorAccessorImpl.java:45)
	at java.lang.reflect.Constructor.newInstance(Constructor.java:423)
	at org.openqa.selenium.remote.ErrorHandler.createThrowable(ErrorHandler.java:206)
	at org.openqa.selenium.remote.ErrorHandler.throwIfResponseFailed(ErrorHandler.java:158)
	at org.openqa.selenium.remote.RemoteWebDriver.execute(RemoteWebDriver.java:678)
	at org.openqa.selenium.remote.RemoteWebDriver.findElement(RemoteWebDriver.java:363)
	at org.openqa.selenium.remote.RemoteWebDriver.findElementById(RemoteWebDriver.java:413)
	at org.openqa.selenium.By$ById.findElement(By.java:218)
	at org.openqa.selenium.remote.RemoteWebDriver.findElement(RemoteWebDriver.java:355)
	at com.codeborne.selenide.impl.WebElementSelector.findElement(WebElementSelector.java:28)
	at com.codeborne.selenide.impl.ElementFinder.getWebElement(ElementFinder.java:56)
	at com.codeborne.selenide.impl.WebElementSource.checkCondition(WebElementSource.java:44)
	... 39 more
]]>
    </error>
  </testcase> <!-- E1_voipAndPhysical -->
  <testcase name="G5_deletePart_yes" time="0.000" classname="com.yeastar.swebtest.testcase.DetailCase.pbxcase.EmergencyNumber">
    <error type="com.codeborne.selenide.ex.ElementNotFound" message="Element not found {By.id: login-language-inputEl}
Expected: exist">
      <![CDATA[Element not found {By.id: login-language-inputEl}
Expected: exist
Screenshot: file:/F:/MyProject/SwebTest/pic/1539773760550.84.png
Timeout: 10 s.
Caused by: NoSuchElementException: no such element: Unable to locate element: {"method":"id","selector":"login-language-inputEl"}
	at com.codeborne.selenide.impl.WebElementSource.createElementNotFoundError(WebElementSource.java:31)
	at com.codeborne.selenide.impl.ElementFinder.createElementNotFoundError(ElementFinder.java:82)
	at com.codeborne.selenide.impl.WebElementSource.checkCondition(WebElementSource.java:59)
	at com.codeborne.selenide.commands.Should.should(Should.java:35)
	at com.codeborne.selenide.commands.Should.execute(Should.java:29)
	at com.codeborne.selenide.commands.Should.execute(Should.java:12)
	at com.codeborne.selenide.commands.Commands.execute(Commands.java:140)
	at com.codeborne.selenide.impl.SelenideElementProxy.dispatchAndRetry(SelenideElementProxy.java:86)
	at com.codeborne.selenide.impl.SelenideElementProxy.invoke(SelenideElementProxy.java:62)
	at com.sun.proxy.$Proxy6.should(Unknown Source)
	at com.yeastar.swebtest.driver.SwebDriver.click(SwebDriver.java:206)
	at com.yeastar.swebtest.driver.SwebDriver.select(SwebDriver.java:197)
	at com.yeastar.swebtest.driver.SwebDriver.login(SwebDriver.java:151)
	at com.yeastar.swebtest.driver.SwebDriver.login(SwebDriver.java:139)
	at com.yeastar.swebtest.testcase.DetailCase.pbxcase.PINList.BeforeClass(PINList.java:25)
	at sun.reflect.NativeMethodAccessorImpl.invoke0(Native Method)
	at sun.reflect.NativeMethodAccessorImpl.invoke(NativeMethodAccessorImpl.java:62)
	at sun.reflect.DelegatingMethodAccessorImpl.invoke(DelegatingMethodAccessorImpl.java:43)
	at java.lang.reflect.Method.invoke(Method.java:498)
	at org.testng.internal.MethodInvocationHelper.invokeMethod(MethodInvocationHelper.java:85)
	at org.testng.internal.Invoker.invokeConfigurationMethod(Invoker.java:510)
	at org.testng.internal.Invoker.invokeConfigurations(Invoker.java:211)
	at org.testng.internal.Invoker.invokeConfigurations(Invoker.java:138)
	at org.testng.internal.TestMethodWorker.invokeBeforeClassMethods(TestMethodWorker.java:170)
	at org.testng.internal.TestMethodWorker.run(TestMethodWorker.java:104)
	at org.testng.TestRunner.privateRun(TestRunner.java:774)
	at org.testng.TestRunner.run(TestRunner.java:624)
	at org.testng.SuiteRunner.runTest(SuiteRunner.java:359)
	at org.testng.SuiteRunner.runSequentially(SuiteRunner.java:354)
	at org.testng.SuiteRunner.privateRun(SuiteRunner.java:312)
	at org.testng.SuiteRunner.run(SuiteRunner.java:261)
	at org.testng.SuiteRunnerWorker.runSuite(SuiteRunnerWorker.java:52)
	at org.testng.SuiteRunnerWorker.run(SuiteRunnerWorker.java:86)
	at org.testng.TestNG.runSuitesSequentially(TestNG.java:1215)
	at org.testng.TestNG.runSuitesLocally(TestNG.java:1140)
	at org.testng.TestNG.run(TestNG.java:1048)
	at org.apache.maven.surefire.testng.TestNGExecutor.run(TestNGExecutor.java:293)
	at org.apache.maven.surefire.testng.TestNGXmlTestSuite.execute(TestNGXmlTestSuite.java:84)
	at org.apache.maven.surefire.testng.TestNGProvider.invoke(TestNGProvider.java:91)
	at org.apache.maven.surefire.booter.ForkedBooter.invokeProviderInSameClassLoader(ForkedBooter.java:200)
	at org.apache.maven.surefire.booter.ForkedBooter.runSuitesInProcess(ForkedBooter.java:153)
	at org.apache.maven.surefire.booter.ForkedBooter.main(ForkedBooter.java:103)
Caused by: org.openqa.selenium.NoSuchElementException: no such element: Unable to locate element: {"method":"id","selector":"login-language-inputEl"}
  (Session info: chrome=69.0.3497.100)
  (Driver info: chromedriver=2.42.591088 (7b2b2dca23cca0862f674758c9a3933e685c27d5),platform=Windows NT 6.1.7601 SP1 x86_64) (WARNING: The server did not provide any stacktrace information)
Command duration or timeout: 11 milliseconds
For documentation on this error, please visit: http://seleniumhq.org/exceptions/no_such_element.html
Build info: version: '2.53.1', revision: 'a36b8b1cd5757287168e54b817830adce9b0158d', time: '2016-06-30 19:26:09'
System info: host: 'Yeastar-PC', ip: '192.168.11.194', os.name: 'Windows 7', os.arch: 'x86', os.version: '6.1', java.version: '1.8.0_121'
Driver info: org.openqa.selenium.chrome.ChromeDriver
Capabilities [{mobileEmulationEnabled=false, hasTouchScreen=false, platform=XP, acceptSslCerts=false, goog:chromeOptions={debuggerAddress=localhost:23747}, acceptInsecureCerts=false, webStorageEnabled=true, browserName=chrome, takesScreenshot=true, javascriptEnabled=true, setWindowRect=true, unexpectedAlertBehaviour=, applicationCacheEnabled=false, rotatable=false, networkConnectionEnabled=false, chrome={chromedriverVersion=2.42.591088 (7b2b2dca23cca0862f674758c9a3933e685c27d5), userDataDir=C:\Users\Yeastar\AppData\Local\Temp\scoped_dir3852_3820}, takesHeapSnapshot=true, pageLoadStrategy=normal, databaseEnabled=false, handlesAlerts=true, version=69.0.3497.100, browserConnectionEnabled=false, nativeEvents=true, locationContextEnabled=true, cssSelectorsEnabled=true}]
Session ID: d3be694128271583ac260e31a4722891
*** Element info: {Using=id, value=login-language-inputEl}
	at sun.reflect.GeneratedConstructorAccessor26.newInstance(Unknown Source)
	at sun.reflect.DelegatingConstructorAccessorImpl.newInstance(DelegatingConstructorAccessorImpl.java:45)
	at java.lang.reflect.Constructor.newInstance(Constructor.java:423)
	at org.openqa.selenium.remote.ErrorHandler.createThrowable(ErrorHandler.java:206)
	at org.openqa.selenium.remote.ErrorHandler.throwIfResponseFailed(ErrorHandler.java:158)
	at org.openqa.selenium.remote.RemoteWebDriver.execute(RemoteWebDriver.java:678)
	at org.openqa.selenium.remote.RemoteWebDriver.findElement(RemoteWebDriver.java:363)
	at org.openqa.selenium.remote.RemoteWebDriver.findElementById(RemoteWebDriver.java:413)
	at org.openqa.selenium.By$ById.findElement(By.java:218)
	at org.openqa.selenium.remote.RemoteWebDriver.findElement(RemoteWebDriver.java:355)
	at com.codeborne.selenide.impl.WebElementSelector.findElement(WebElementSelector.java:28)
	at com.codeborne.selenide.impl.ElementFinder.getWebElement(ElementFinder.java:56)
	at com.codeborne.selenide.impl.WebElementSource.checkCondition(WebElementSource.java:44)
	... 39 more
]]>
    </error>
  </testcase> <!-- G5_deletePart_yes -->
  <testcase name="E5_PhyAndPhy" time="0.000" classname="com.yeastar.swebtest.testcase.DetailCase.pbxcase.EmergencyNumber">
    <error type="com.codeborne.selenide.ex.ElementNotFound" message="Element not found {By.id: login-language-inputEl}
Expected: exist">
      <![CDATA[Element not found {By.id: login-language-inputEl}
Expected: exist
Screenshot: file:/F:/MyProject/SwebTest/pic/1539773760550.84.png
Timeout: 10 s.
Caused by: NoSuchElementException: no such element: Unable to locate element: {"method":"id","selector":"login-language-inputEl"}
	at com.codeborne.selenide.impl.WebElementSource.createElementNotFoundError(WebElementSource.java:31)
	at com.codeborne.selenide.impl.ElementFinder.createElementNotFoundError(ElementFinder.java:82)
	at com.codeborne.selenide.impl.WebElementSource.checkCondition(WebElementSource.java:59)
	at com.codeborne.selenide.commands.Should.should(Should.java:35)
	at com.codeborne.selenide.commands.Should.execute(Should.java:29)
	at com.codeborne.selenide.commands.Should.execute(Should.java:12)
	at com.codeborne.selenide.commands.Commands.execute(Commands.java:140)
	at com.codeborne.selenide.impl.SelenideElementProxy.dispatchAndRetry(SelenideElementProxy.java:86)
	at com.codeborne.selenide.impl.SelenideElementProxy.invoke(SelenideElementProxy.java:62)
	at com.sun.proxy.$Proxy6.should(Unknown Source)
	at com.yeastar.swebtest.driver.SwebDriver.click(SwebDriver.java:206)
	at com.yeastar.swebtest.driver.SwebDriver.select(SwebDriver.java:197)
	at com.yeastar.swebtest.driver.SwebDriver.login(SwebDriver.java:151)
	at com.yeastar.swebtest.driver.SwebDriver.login(SwebDriver.java:139)
	at com.yeastar.swebtest.testcase.DetailCase.pbxcase.PINList.BeforeClass(PINList.java:25)
	at sun.reflect.NativeMethodAccessorImpl.invoke0(Native Method)
	at sun.reflect.NativeMethodAccessorImpl.invoke(NativeMethodAccessorImpl.java:62)
	at sun.reflect.DelegatingMethodAccessorImpl.invoke(DelegatingMethodAccessorImpl.java:43)
	at java.lang.reflect.Method.invoke(Method.java:498)
	at org.testng.internal.MethodInvocationHelper.invokeMethod(MethodInvocationHelper.java:85)
	at org.testng.internal.Invoker.invokeConfigurationMethod(Invoker.java:510)
	at org.testng.internal.Invoker.invokeConfigurations(Invoker.java:211)
	at org.testng.internal.Invoker.invokeConfigurations(Invoker.java:138)
	at org.testng.internal.TestMethodWorker.invokeBeforeClassMethods(TestMethodWorker.java:170)
	at org.testng.internal.TestMethodWorker.run(TestMethodWorker.java:104)
	at org.testng.TestRunner.privateRun(TestRunner.java:774)
	at org.testng.TestRunner.run(TestRunner.java:624)
	at org.testng.SuiteRunner.runTest(SuiteRunner.java:359)
	at org.testng.SuiteRunner.runSequentially(SuiteRunner.java:354)
	at org.testng.SuiteRunner.privateRun(SuiteRunner.java:312)
	at org.testng.SuiteRunner.run(SuiteRunner.java:261)
	at org.testng.SuiteRunnerWorker.runSuite(SuiteRunnerWorker.java:52)
	at org.testng.SuiteRunnerWorker.run(SuiteRunnerWorker.java:86)
	at org.testng.TestNG.runSuitesSequentially(TestNG.java:1215)
	at org.testng.TestNG.runSuitesLocally(TestNG.java:1140)
	at org.testng.TestNG.run(TestNG.java:1048)
	at org.apache.maven.surefire.testng.TestNGExecutor.run(TestNGExecutor.java:293)
	at org.apache.maven.surefire.testng.TestNGXmlTestSuite.execute(TestNGXmlTestSuite.java:84)
	at org.apache.maven.surefire.testng.TestNGProvider.invoke(TestNGProvider.java:91)
	at org.apache.maven.surefire.booter.ForkedBooter.invokeProviderInSameClassLoader(ForkedBooter.java:200)
	at org.apache.maven.surefire.booter.ForkedBooter.runSuitesInProcess(ForkedBooter.java:153)
	at org.apache.maven.surefire.booter.ForkedBooter.main(ForkedBooter.java:103)
Caused by: org.openqa.selenium.NoSuchElementException: no such element: Unable to locate element: {"method":"id","selector":"login-language-inputEl"}
  (Session info: chrome=69.0.3497.100)
  (Driver info: chromedriver=2.42.591088 (7b2b2dca23cca0862f674758c9a3933e685c27d5),platform=Windows NT 6.1.7601 SP1 x86_64) (WARNING: The server did not provide any stacktrace information)
Command duration or timeout: 11 milliseconds
For documentation on this error, please visit: http://seleniumhq.org/exceptions/no_such_element.html
Build info: version: '2.53.1', revision: 'a36b8b1cd5757287168e54b817830adce9b0158d', time: '2016-06-30 19:26:09'
System info: host: 'Yeastar-PC', ip: '192.168.11.194', os.name: 'Windows 7', os.arch: 'x86', os.version: '6.1', java.version: '1.8.0_121'
Driver info: org.openqa.selenium.chrome.ChromeDriver
Capabilities [{mobileEmulationEnabled=false, hasTouchScreen=false, platform=XP, acceptSslCerts=false, goog:chromeOptions={debuggerAddress=localhost:23747}, acceptInsecureCerts=false, webStorageEnabled=true, browserName=chrome, takesScreenshot=true, javascriptEnabled=true, setWindowRect=true, unexpectedAlertBehaviour=, applicationCacheEnabled=false, rotatable=false, networkConnectionEnabled=false, chrome={chromedriverVersion=2.42.591088 (7b2b2dca23cca0862f674758c9a3933e685c27d5), userDataDir=C:\Users\Yeastar\AppData\Local\Temp\scoped_dir3852_3820}, takesHeapSnapshot=true, pageLoadStrategy=normal, databaseEnabled=false, handlesAlerts=true, version=69.0.3497.100, browserConnectionEnabled=false, nativeEvents=true, locationContextEnabled=true, cssSelectorsEnabled=true}]
Session ID: d3be694128271583ac260e31a4722891
*** Element info: {Using=id, value=login-language-inputEl}
	at sun.reflect.GeneratedConstructorAccessor26.newInstance(Unknown Source)
	at sun.reflect.DelegatingConstructorAccessorImpl.newInstance(DelegatingConstructorAccessorImpl.java:45)
	at java.lang.reflect.Constructor.newInstance(Constructor.java:423)
	at org.openqa.selenium.remote.ErrorHandler.createThrowable(ErrorHandler.java:206)
	at org.openqa.selenium.remote.ErrorHandler.throwIfResponseFailed(ErrorHandler.java:158)
	at org.openqa.selenium.remote.RemoteWebDriver.execute(RemoteWebDriver.java:678)
	at org.openqa.selenium.remote.RemoteWebDriver.findElement(RemoteWebDriver.java:363)
	at org.openqa.selenium.remote.RemoteWebDriver.findElementById(RemoteWebDriver.java:413)
	at org.openqa.selenium.By$ById.findElement(By.java:218)
	at org.openqa.selenium.remote.RemoteWebDriver.findElement(RemoteWebDriver.java:355)
	at com.codeborne.selenide.impl.WebElementSelector.findElement(WebElementSelector.java:28)
	at com.codeborne.selenide.impl.ElementFinder.getWebElement(ElementFinder.java:56)
	at com.codeborne.selenide.impl.WebElementSource.checkCondition(WebElementSource.java:44)
	... 39 more
]]>
    </error>
  </testcase> <!-- E5_PhyAndPhy -->
  <testcase name="G8_deleteUnavailTrunk" time="0.000" classname="com.yeastar.swebtest.testcase.DetailCase.pbxcase.EmergencyNumber">
    <error type="com.codeborne.selenide.ex.ElementNotFound" message="Element not found {By.id: login-language-inputEl}
Expected: exist">
      <![CDATA[Element not found {By.id: login-language-inputEl}
Expected: exist
Screenshot: file:/F:/MyProject/SwebTest/pic/1539773760550.84.png
Timeout: 10 s.
Caused by: NoSuchElementException: no such element: Unable to locate element: {"method":"id","selector":"login-language-inputEl"}
	at com.codeborne.selenide.impl.WebElementSource.createElementNotFoundError(WebElementSource.java:31)
	at com.codeborne.selenide.impl.ElementFinder.createElementNotFoundError(ElementFinder.java:82)
	at com.codeborne.selenide.impl.WebElementSource.checkCondition(WebElementSource.java:59)
	at com.codeborne.selenide.commands.Should.should(Should.java:35)
	at com.codeborne.selenide.commands.Should.execute(Should.java:29)
	at com.codeborne.selenide.commands.Should.execute(Should.java:12)
	at com.codeborne.selenide.commands.Commands.execute(Commands.java:140)
	at com.codeborne.selenide.impl.SelenideElementProxy.dispatchAndRetry(SelenideElementProxy.java:86)
	at com.codeborne.selenide.impl.SelenideElementProxy.invoke(SelenideElementProxy.java:62)
	at com.sun.proxy.$Proxy6.should(Unknown Source)
	at com.yeastar.swebtest.driver.SwebDriver.click(SwebDriver.java:206)
	at com.yeastar.swebtest.driver.SwebDriver.select(SwebDriver.java:197)
	at com.yeastar.swebtest.driver.SwebDriver.login(SwebDriver.java:151)
	at com.yeastar.swebtest.driver.SwebDriver.login(SwebDriver.java:139)
	at com.yeastar.swebtest.testcase.DetailCase.pbxcase.PINList.BeforeClass(PINList.java:25)
	at sun.reflect.NativeMethodAccessorImpl.invoke0(Native Method)
	at sun.reflect.NativeMethodAccessorImpl.invoke(NativeMethodAccessorImpl.java:62)
	at sun.reflect.DelegatingMethodAccessorImpl.invoke(DelegatingMethodAccessorImpl.java:43)
	at java.lang.reflect.Method.invoke(Method.java:498)
	at org.testng.internal.MethodInvocationHelper.invokeMethod(MethodInvocationHelper.java:85)
	at org.testng.internal.Invoker.invokeConfigurationMethod(Invoker.java:510)
	at org.testng.internal.Invoker.invokeConfigurations(Invoker.java:211)
	at org.testng.internal.Invoker.invokeConfigurations(Invoker.java:138)
	at org.testng.internal.TestMethodWorker.invokeBeforeClassMethods(TestMethodWorker.java:170)
	at org.testng.internal.TestMethodWorker.run(TestMethodWorker.java:104)
	at org.testng.TestRunner.privateRun(TestRunner.java:774)
	at org.testng.TestRunner.run(TestRunner.java:624)
	at org.testng.SuiteRunner.runTest(SuiteRunner.java:359)
	at org.testng.SuiteRunner.runSequentially(SuiteRunner.java:354)
	at org.testng.SuiteRunner.privateRun(SuiteRunner.java:312)
	at org.testng.SuiteRunner.run(SuiteRunner.java:261)
	at org.testng.SuiteRunnerWorker.runSuite(SuiteRunnerWorker.java:52)
	at org.testng.SuiteRunnerWorker.run(SuiteRunnerWorker.java:86)
	at org.testng.TestNG.runSuitesSequentially(TestNG.java:1215)
	at org.testng.TestNG.runSuitesLocally(TestNG.java:1140)
	at org.testng.TestNG.run(TestNG.java:1048)
	at org.apache.maven.surefire.testng.TestNGExecutor.run(TestNGExecutor.java:293)
	at org.apache.maven.surefire.testng.TestNGXmlTestSuite.execute(TestNGXmlTestSuite.java:84)
	at org.apache.maven.surefire.testng.TestNGProvider.invoke(TestNGProvider.java:91)
	at org.apache.maven.surefire.booter.ForkedBooter.invokeProviderInSameClassLoader(ForkedBooter.java:200)
	at org.apache.maven.surefire.booter.ForkedBooter.runSuitesInProcess(ForkedBooter.java:153)
	at org.apache.maven.surefire.booter.ForkedBooter.main(ForkedBooter.java:103)
Caused by: org.openqa.selenium.NoSuchElementException: no such element: Unable to locate element: {"method":"id","selector":"login-language-inputEl"}
  (Session info: chrome=69.0.3497.100)
  (Driver info: chromedriver=2.42.591088 (7b2b2dca23cca0862f674758c9a3933e685c27d5),platform=Windows NT 6.1.7601 SP1 x86_64) (WARNING: The server did not provide any stacktrace information)
Command duration or timeout: 11 milliseconds
For documentation on this error, please visit: http://seleniumhq.org/exceptions/no_such_element.html
Build info: version: '2.53.1', revision: 'a36b8b1cd5757287168e54b817830adce9b0158d', time: '2016-06-30 19:26:09'
System info: host: 'Yeastar-PC', ip: '192.168.11.194', os.name: 'Windows 7', os.arch: 'x86', os.version: '6.1', java.version: '1.8.0_121'
Driver info: org.openqa.selenium.chrome.ChromeDriver
Capabilities [{mobileEmulationEnabled=false, hasTouchScreen=false, platform=XP, acceptSslCerts=false, goog:chromeOptions={debuggerAddress=localhost:23747}, acceptInsecureCerts=false, webStorageEnabled=true, browserName=chrome, takesScreenshot=true, javascriptEnabled=true, setWindowRect=true, unexpectedAlertBehaviour=, applicationCacheEnabled=false, rotatable=false, networkConnectionEnabled=false, chrome={chromedriverVersion=2.42.591088 (7b2b2dca23cca0862f674758c9a3933e685c27d5), userDataDir=C:\Users\Yeastar\AppData\Local\Temp\scoped_dir3852_3820}, takesHeapSnapshot=true, pageLoadStrategy=normal, databaseEnabled=false, handlesAlerts=true, version=69.0.3497.100, browserConnectionEnabled=false, nativeEvents=true, locationContextEnabled=true, cssSelectorsEnabled=true}]
Session ID: d3be694128271583ac260e31a4722891
*** Element info: {Using=id, value=login-language-inputEl}
	at sun.reflect.GeneratedConstructorAccessor26.newInstance(Unknown Source)
	at sun.reflect.DelegatingConstructorAccessorImpl.newInstance(DelegatingConstructorAccessorImpl.java:45)
	at java.lang.reflect.Constructor.newInstance(Constructor.java:423)
	at org.openqa.selenium.remote.ErrorHandler.createThrowable(ErrorHandler.java:206)
	at org.openqa.selenium.remote.ErrorHandler.throwIfResponseFailed(ErrorHandler.java:158)
	at org.openqa.selenium.remote.RemoteWebDriver.execute(RemoteWebDriver.java:678)
	at org.openqa.selenium.remote.RemoteWebDriver.findElement(RemoteWebDriver.java:363)
	at org.openqa.selenium.remote.RemoteWebDriver.findElementById(RemoteWebDriver.java:413)
	at org.openqa.selenium.By$ById.findElement(By.java:218)
	at org.openqa.selenium.remote.RemoteWebDriver.findElement(RemoteWebDriver.java:355)
	at com.codeborne.selenide.impl.WebElementSelector.findElement(WebElementSelector.java:28)
	at com.codeborne.selenide.impl.ElementFinder.getWebElement(ElementFinder.java:56)
	at com.codeborne.selenide.impl.WebElementSource.checkCondition(WebElementSource.java:44)
	... 39 more
]]>
    </error>
  </testcase> <!-- G8_deleteUnavailTrunk -->
</testsuite> <!-- com.yeastar.swebtest.testcase.DetailCase.pbxcase.EmergencyNumber -->
