<?xml version="1.0" encoding="UTF-8"?>
<!-- Generated by org.testng.reporters.JUnitReportReporter -->
<testsuite hostname="Yeastar-PC" name="com.yeastar.swebtest.testcase.DetailCase.pbxcase.Blacklist_Whitelist" tests="110" failures="3" timestamp="18 Oct 2018 08:09:17 GMT" time="2464.989" errors="0">
  <testcase name="C8_white_admin4" time="27.026" classname="com.yeastar.swebtest.testcase.DetailCase.pbxcase.Blacklist_Whitelist"/>
  <testcase name="C2_white_admin3" time="45.853" classname="com.yeastar.swebtest.testcase.DetailCase.pbxcase.Blacklist_Whitelist"/>
  <testcase name="D5_black_me2" time="8.084" classname="com.yeastar.swebtest.testcase.DetailCase.pbxcase.Blacklist_Whitelist"/>
  <testcase name="C7_black_admin5" time="8.109" classname="com.yeastar.swebtest.testcase.DetailCase.pbxcase.Blacklist_Whitelist"/>
  <testcase name="C3_black_admin4" time="8.133" classname="com.yeastar.swebtest.testcase.DetailCase.pbxcase.Blacklist_Whitelist"/>
  <testcase name="D2_white_me2" time="18.486" classname="com.yeastar.swebtest.testcase.DetailCase.pbxcase.Blacklist_Whitelist"/>
  <testcase name="C6_white_admin2" time="38.254" classname="com.yeastar.swebtest.testcase.DetailCase.pbxcase.Blacklist_Whitelist">
    <failure type="java.lang.AssertionError" message="CDR被叫方检测 【预期：1000 [1000] 实际：1000】">
      <![CDATA[java.lang.AssertionError: CDR被叫方检测 【预期：1000 [1000] 实际：1000】
	at com.yeastar.swebtest.tools.ysassert.YsAssert.fail(YsAssert.java:1092)
	at com.yeastar.swebtest.tools.ysassert.YsAssert.failNotEquals(YsAssert.java:583)
	at com.yeastar.swebtest.tools.ysassert.YsAssert.assertEqualsImpl(YsAssert.java:146)
	at com.yeastar.swebtest.tools.ysassert.YsAssert.assertEquals(YsAssert.java:120)
	at com.yeastar.swebtest.tools.ysassert.YsAssert.assertEquals(YsAssert.java:203)
	at com.yeastar.swebtest.driver.YSMethod.YS_Extension.checkCDR(YS_Extension.java:289)
	at com.yeastar.swebtest.driver.YSMethod.YS_Extension.checkCDR(YS_Extension.java:278)
	at com.yeastar.swebtest.testcase.DetailCase.pbxcase.Blacklist_Whitelist.C6_white_admin2(Blacklist_Whitelist.java:1099)
	at sun.reflect.NativeMethodAccessorImpl.invoke0(Native Method)
	at sun.reflect.NativeMethodAccessorImpl.invoke(NativeMethodAccessorImpl.java:62)
	at sun.reflect.DelegatingMethodAccessorImpl.invoke(DelegatingMethodAccessorImpl.java:43)
	at java.lang.reflect.Method.invoke(Method.java:498)
	at org.testng.internal.MethodInvocationHelper.invokeMethod(MethodInvocationHelper.java:85)
	at org.testng.internal.Invoker.invokeMethod(Invoker.java:639)
	at org.testng.internal.Invoker.invokeTestMethod(Invoker.java:816)
	at org.testng.internal.Invoker.invokeTestMethods(Invoker.java:1124)
	at org.testng.internal.TestMethodWorker.invokeTestMethods(TestMethodWorker.java:125)
	at org.testng.internal.TestMethodWorker.run(TestMethodWorker.java:108)
	at org.testng.TestRunner.privateRun(TestRunner.java:774)
	at org.testng.TestRunner.run(TestRunner.java:624)
	at org.testng.SuiteRunner.runTest(SuiteRunner.java:359)
	at org.testng.SuiteRunner.runSequentially(SuiteRunner.java:354)
	at org.testng.SuiteRunner.privateRun(SuiteRunner.java:312)
	at org.testng.SuiteRunner.run(SuiteRunner.java:261)
	at org.testng.SuiteRunnerWorker.runSuite(SuiteRunnerWorker.java:52)
	at org.testng.SuiteRunnerWorker.run(SuiteRunnerWorker.java:86)
	at org.testng.TestNG.runSuitesSequentially(TestNG.java:1215)
	at org.testng.TestNG.runSuitesLocally(TestNG.java:1140)
	at org.testng.TestNG.run(TestNG.java:1048)
	at org.apache.maven.surefire.testng.TestNGExecutor.run(TestNGExecutor.java:293)
	at org.apache.maven.surefire.testng.TestNGXmlTestSuite.execute(TestNGXmlTestSuite.java:84)
	at org.apache.maven.surefire.testng.TestNGProvider.invoke(TestNGProvider.java:91)
	at org.apache.maven.surefire.booter.ForkedBooter.invokeProviderInSameClassLoader(ForkedBooter.java:200)
	at org.apache.maven.surefire.booter.ForkedBooter.runSuitesInProcess(ForkedBooter.java:153)
	at org.apache.maven.surefire.booter.ForkedBooter.main(ForkedBooter.java:103)
]]>
    </failure>
  </testcase> <!-- C6_white_admin2 -->
  <testcase name="D1_black_me4" time="25.125" classname="com.yeastar.swebtest.testcase.DetailCase.pbxcase.Blacklist_Whitelist"/>
  <testcase name="C7_black_admin4" time="8.100" classname="com.yeastar.swebtest.testcase.DetailCase.pbxcase.Blacklist_Whitelist"/>
  <testcase name="B4_white_admin2" time="29.048" classname="com.yeastar.swebtest.testcase.DetailCase.pbxcase.Blacklist_Whitelist"/>
  <testcase name="C9_EmergencyNumber3" time="28.449" classname="com.yeastar.swebtest.testcase.DetailCase.pbxcase.Blacklist_Whitelist"/>
  <testcase name="B3_black_admin7" time="8.053" classname="com.yeastar.swebtest.testcase.DetailCase.pbxcase.Blacklist_Whitelist"/>
  <testcase name="C1_black_admin3" time="8.190" classname="com.yeastar.swebtest.testcase.DetailCase.pbxcase.Blacklist_Whitelist"/>
  <testcase name="B1_black_admin3" time="8.121" classname="com.yeastar.swebtest.testcase.DetailCase.pbxcase.Blacklist_Whitelist"/>
  <testcase name="C3_black_admin1" time="40.218" classname="com.yeastar.swebtest.testcase.DetailCase.pbxcase.Blacklist_Whitelist"/>
  <testcase name="D6_white_me1" time="14.284" classname="com.yeastar.swebtest.testcase.DetailCase.pbxcase.Blacklist_Whitelist"/>
  <testcase name="B8_white_admin1" time="19.697" classname="com.yeastar.swebtest.testcase.DetailCase.pbxcase.Blacklist_Whitelist"/>
  <testcase name="B1_black_admin5" time="45.870" classname="com.yeastar.swebtest.testcase.DetailCase.pbxcase.Blacklist_Whitelist"/>
  <testcase name="C8_white_admin6" time="28.699" classname="com.yeastar.swebtest.testcase.DetailCase.pbxcase.Blacklist_Whitelist"/>
  <testcase name="B5_black_admin1" time="38.493" classname="com.yeastar.swebtest.testcase.DetailCase.pbxcase.Blacklist_Whitelist"/>
  <testcase name="D6_white_me5" time="19.979" classname="com.yeastar.swebtest.testcase.DetailCase.pbxcase.Blacklist_Whitelist"/>
  <testcase name="B1_black_admin2" time="9.178" classname="com.yeastar.swebtest.testcase.DetailCase.pbxcase.Blacklist_Whitelist"/>
  <testcase name="D4_white_me2" time="20.511" classname="com.yeastar.swebtest.testcase.DetailCase.pbxcase.Blacklist_Whitelist"/>
  <testcase name="C8_white_admin2" time="28.708" classname="com.yeastar.swebtest.testcase.DetailCase.pbxcase.Blacklist_Whitelist"/>
  <testcase name="D1_black_me2" time="15.094" classname="com.yeastar.swebtest.testcase.DetailCase.pbxcase.Blacklist_Whitelist"/>
  <testcase name="D5_black_me3" time="14.129" classname="com.yeastar.swebtest.testcase.DetailCase.pbxcase.Blacklist_Whitelist"/>
  <testcase name="C1_black_admin1" time="38.503" classname="com.yeastar.swebtest.testcase.DetailCase.pbxcase.Blacklist_Whitelist"/>
  <testcase name="D4_white_me3" time="27.171" classname="com.yeastar.swebtest.testcase.DetailCase.pbxcase.Blacklist_Whitelist"/>
  <testcase name="A1_init3" time="13.276" classname="com.yeastar.swebtest.testcase.DetailCase.pbxcase.Blacklist_Whitelist"/>
  <testcase name="B2_white_admin2" time="28.963" classname="com.yeastar.swebtest.testcase.DetailCase.pbxcase.Blacklist_Whitelist"/>
  <testcase name="C4_white_admin3" time="8.080" classname="com.yeastar.swebtest.testcase.DetailCase.pbxcase.Blacklist_Whitelist"/>
  <testcase name="C5_black_admin6" time="12.142" classname="com.yeastar.swebtest.testcase.DetailCase.pbxcase.Blacklist_Whitelist"/>
  <testcase name="D2_white_me1" time="14.160" classname="com.yeastar.swebtest.testcase.DetailCase.pbxcase.Blacklist_Whitelist"/>
  <testcase name="C5_black_admin5" time="11.271" classname="com.yeastar.swebtest.testcase.DetailCase.pbxcase.Blacklist_Whitelist"/>
  <testcase name="B3_black_admin5" time="8.076" classname="com.yeastar.swebtest.testcase.DetailCase.pbxcase.Blacklist_Whitelist"/>
  <testcase name="B2_white_admin3" time="8.106" classname="com.yeastar.swebtest.testcase.DetailCase.pbxcase.Blacklist_Whitelist"/>
  <testcase name="C1_black_admin5" time="32.771" classname="com.yeastar.swebtest.testcase.DetailCase.pbxcase.Blacklist_Whitelist"/>
  <testcase name="B5_black_admin3" time="8.117" classname="com.yeastar.swebtest.testcase.DetailCase.pbxcase.Blacklist_Whitelist"/>
  <testcase name="C1_black_admin6" time="36.678" classname="com.yeastar.swebtest.testcase.DetailCase.pbxcase.Blacklist_Whitelist">
    <failure type="java.lang.AssertionError" message="CDR呼叫方检测 【预期：2002 [2002] 实际：xlq [1103]】">
      <![CDATA[java.lang.AssertionError: CDR呼叫方检测 【预期：2002 [2002] 实际：xlq [1103]】
	at com.yeastar.swebtest.tools.ysassert.YsAssert.fail(YsAssert.java:1092)
	at com.yeastar.swebtest.tools.ysassert.YsAssert.failNotEquals(YsAssert.java:583)
	at com.yeastar.swebtest.tools.ysassert.YsAssert.assertEqualsImpl(YsAssert.java:146)
	at com.yeastar.swebtest.tools.ysassert.YsAssert.assertEquals(YsAssert.java:120)
	at com.yeastar.swebtest.tools.ysassert.YsAssert.assertEquals(YsAssert.java:203)
	at com.yeastar.swebtest.driver.YSMethod.YS_Extension.checkCDR(YS_Extension.java:288)
	at com.yeastar.swebtest.driver.YSMethod.YS_Extension.checkCDR(YS_Extension.java:278)
	at com.yeastar.swebtest.testcase.DetailCase.pbxcase.Blacklist_Whitelist.C1_black_admin6(Blacklist_Whitelist.java:786)
	at sun.reflect.NativeMethodAccessorImpl.invoke0(Native Method)
	at sun.reflect.NativeMethodAccessorImpl.invoke(NativeMethodAccessorImpl.java:62)
	at sun.reflect.DelegatingMethodAccessorImpl.invoke(DelegatingMethodAccessorImpl.java:43)
	at java.lang.reflect.Method.invoke(Method.java:498)
	at org.testng.internal.MethodInvocationHelper.invokeMethod(MethodInvocationHelper.java:85)
	at org.testng.internal.Invoker.invokeMethod(Invoker.java:639)
	at org.testng.internal.Invoker.invokeTestMethod(Invoker.java:816)
	at org.testng.internal.Invoker.invokeTestMethods(Invoker.java:1124)
	at org.testng.internal.TestMethodWorker.invokeTestMethods(TestMethodWorker.java:125)
	at org.testng.internal.TestMethodWorker.run(TestMethodWorker.java:108)
	at org.testng.TestRunner.privateRun(TestRunner.java:774)
	at org.testng.TestRunner.run(TestRunner.java:624)
	at org.testng.SuiteRunner.runTest(SuiteRunner.java:359)
	at org.testng.SuiteRunner.runSequentially(SuiteRunner.java:354)
	at org.testng.SuiteRunner.privateRun(SuiteRunner.java:312)
	at org.testng.SuiteRunner.run(SuiteRunner.java:261)
	at org.testng.SuiteRunnerWorker.runSuite(SuiteRunnerWorker.java:52)
	at org.testng.SuiteRunnerWorker.run(SuiteRunnerWorker.java:86)
	at org.testng.TestNG.runSuitesSequentially(TestNG.java:1215)
	at org.testng.TestNG.runSuitesLocally(TestNG.java:1140)
	at org.testng.TestNG.run(TestNG.java:1048)
	at org.apache.maven.surefire.testng.TestNGExecutor.run(TestNGExecutor.java:293)
	at org.apache.maven.surefire.testng.TestNGXmlTestSuite.execute(TestNGXmlTestSuite.java:84)
	at org.apache.maven.surefire.testng.TestNGProvider.invoke(TestNGProvider.java:91)
	at org.apache.maven.surefire.booter.ForkedBooter.invokeProviderInSameClassLoader(ForkedBooter.java:200)
	at org.apache.maven.surefire.booter.ForkedBooter.runSuitesInProcess(ForkedBooter.java:153)
	at org.apache.maven.surefire.booter.ForkedBooter.main(ForkedBooter.java:103)
]]>
    </failure>
  </testcase> <!-- C1_black_admin6 -->
  <testcase name="B6_white_admin2" time="28.973" classname="com.yeastar.swebtest.testcase.DetailCase.pbxcase.Blacklist_Whitelist"/>
  <testcase name="C4_white_admin2" time="28.538" classname="com.yeastar.swebtest.testcase.DetailCase.pbxcase.Blacklist_Whitelist"/>
  <testcase name="C3_black_admin2" time="28.767" classname="com.yeastar.swebtest.testcase.DetailCase.pbxcase.Blacklist_Whitelist"/>
  <testcase name="B7_black_admin1" time="37.383" classname="com.yeastar.swebtest.testcase.DetailCase.pbxcase.Blacklist_Whitelist"/>
  <testcase name="D5_black_me1" time="39.337" classname="com.yeastar.swebtest.testcase.DetailCase.pbxcase.Blacklist_Whitelist"/>
  <testcase name="B3_black_admin6" time="8.103" classname="com.yeastar.swebtest.testcase.DetailCase.pbxcase.Blacklist_Whitelist"/>
  <testcase name="C3_black_admin3" time="8.104" classname="com.yeastar.swebtest.testcase.DetailCase.pbxcase.Blacklist_Whitelist"/>
  <testcase name="B1_black_admin1" time="16.859" classname="com.yeastar.swebtest.testcase.DetailCase.pbxcase.Blacklist_Whitelist"/>
  <testcase name="B7_black_admin3" time="8.071" classname="com.yeastar.swebtest.testcase.DetailCase.pbxcase.Blacklist_Whitelist"/>
  <testcase name="D6_white_me9" time="20.665" classname="com.yeastar.swebtest.testcase.DetailCase.pbxcase.Blacklist_Whitelist"/>
  <testcase name="B8_white_admin3" time="28.725" classname="com.yeastar.swebtest.testcase.DetailCase.pbxcase.Blacklist_Whitelist"/>
  <testcase name="B5_black_admin2" time="8.116" classname="com.yeastar.swebtest.testcase.DetailCase.pbxcase.Blacklist_Whitelist"/>
  <testcase name="D3_black_me1" time="31.782" classname="com.yeastar.swebtest.testcase.DetailCase.pbxcase.Blacklist_Whitelist"/>
  <testcase name="C5_black_admin1" time="34.706" classname="com.yeastar.swebtest.testcase.DetailCase.pbxcase.Blacklist_Whitelist"/>
  <testcase name="B7_black_admin4" time="33.114" classname="com.yeastar.swebtest.testcase.DetailCase.pbxcase.Blacklist_Whitelist"/>
  <testcase name="C9_EmergencyNumber2" time="20.036" classname="com.yeastar.swebtest.testcase.DetailCase.pbxcase.Blacklist_Whitelist"/>
  <testcase name="C8_white_admin1" time="17.113" classname="com.yeastar.swebtest.testcase.DetailCase.pbxcase.Blacklist_Whitelist"/>
  <testcase name="B3_black_admin1" time="35.646" classname="com.yeastar.swebtest.testcase.DetailCase.pbxcase.Blacklist_Whitelist"/>
  <testcase name="D5_black_me5" time="20.594" classname="com.yeastar.swebtest.testcase.DetailCase.pbxcase.Blacklist_Whitelist"/>
  <testcase name="D3_black_me3" time="14.089" classname="com.yeastar.swebtest.testcase.DetailCase.pbxcase.Blacklist_Whitelist"/>
  <testcase name="C9_EmergencyNumber5" time="23.382" classname="com.yeastar.swebtest.testcase.DetailCase.pbxcase.Blacklist_Whitelist"/>
  <testcase name="C9_EmergencyNumber1" time="26.736" classname="com.yeastar.swebtest.testcase.DetailCase.pbxcase.Blacklist_Whitelist"/>
  <testcase name="D6_white_me4" time="27.213" classname="com.yeastar.swebtest.testcase.DetailCase.pbxcase.Blacklist_Whitelist"/>
  <testcase name="C5_black_admin3" time="8.080" classname="com.yeastar.swebtest.testcase.DetailCase.pbxcase.Blacklist_Whitelist"/>
  <testcase name="C2_white_admin2" time="8.086" classname="com.yeastar.swebtest.testcase.DetailCase.pbxcase.Blacklist_Whitelist"/>
  <testcase name="B3_black_admin3" time="8.119" classname="com.yeastar.swebtest.testcase.DetailCase.pbxcase.Blacklist_Whitelist"/>
  <testcase name="B3_black_admin4" time="29.061" classname="com.yeastar.swebtest.testcase.DetailCase.pbxcase.Blacklist_Whitelist"/>
  <testcase name="C2_white_admin1" time="19.715" classname="com.yeastar.swebtest.testcase.DetailCase.pbxcase.Blacklist_Whitelist"/>
  <testcase name="D6_white_me2" time="19.829" classname="com.yeastar.swebtest.testcase.DetailCase.pbxcase.Blacklist_Whitelist"/>
  <testcase name="B1_black_admin6" time="28.653" classname="com.yeastar.swebtest.testcase.DetailCase.pbxcase.Blacklist_Whitelist"/>
  <testcase name="B5_black_admin5" time="41.511" classname="com.yeastar.swebtest.testcase.DetailCase.pbxcase.Blacklist_Whitelist"/>
  <testcase name="C7_black_admin3" time="8.087" classname="com.yeastar.swebtest.testcase.DetailCase.pbxcase.Blacklist_Whitelist"/>
  <testcase name="B5_black_admin4" time="32.930" classname="com.yeastar.swebtest.testcase.DetailCase.pbxcase.Blacklist_Whitelist"/>
  <testcase name="B8_white_admin2" time="30.652" classname="com.yeastar.swebtest.testcase.DetailCase.pbxcase.Blacklist_Whitelist"/>
  <testcase name="A2_addExtensions" time="60.066" classname="com.yeastar.swebtest.testcase.DetailCase.pbxcase.Blacklist_Whitelist"/>
  <testcase name="B6_white_admin1" time="19.491" classname="com.yeastar.swebtest.testcase.DetailCase.pbxcase.Blacklist_Whitelist"/>
  <testcase name="B7_black_admin2" time="8.196" classname="com.yeastar.swebtest.testcase.DetailCase.pbxcase.Blacklist_Whitelist"/>
  <testcase name="D4_white_me1" time="14.195" classname="com.yeastar.swebtest.testcase.DetailCase.pbxcase.Blacklist_Whitelist"/>
  <testcase name="D3_black_me2" time="20.743" classname="com.yeastar.swebtest.testcase.DetailCase.pbxcase.Blacklist_Whitelist"/>
  <testcase name="D4_white_me4" time="20.632" classname="com.yeastar.swebtest.testcase.DetailCase.pbxcase.Blacklist_Whitelist"/>
  <testcase name="C6_white_admin3" time="28.724" classname="com.yeastar.swebtest.testcase.DetailCase.pbxcase.Blacklist_Whitelist"/>
  <testcase name="C3_black_admin5" time="28.596" classname="com.yeastar.swebtest.testcase.DetailCase.pbxcase.Blacklist_Whitelist"/>
  <testcase name="B3_black_admin2" time="28.734" classname="com.yeastar.swebtest.testcase.DetailCase.pbxcase.Blacklist_Whitelist"/>
  <testcase name="B4_white_admin1" time="21.408" classname="com.yeastar.swebtest.testcase.DetailCase.pbxcase.Blacklist_Whitelist"/>
  <testcase name="B6_white_admin3" time="31.911" classname="com.yeastar.swebtest.testcase.DetailCase.pbxcase.Blacklist_Whitelist"/>
  <testcase name="C9_EmergencyNumber4" time="9.879" classname="com.yeastar.swebtest.testcase.DetailCase.pbxcase.Blacklist_Whitelist"/>
  <testcase name="C6_white_admin1" time="23.695" classname="com.yeastar.swebtest.testcase.DetailCase.pbxcase.Blacklist_Whitelist"/>
  <testcase name="C2_white_admin4" time="45.483" classname="com.yeastar.swebtest.testcase.DetailCase.pbxcase.Blacklist_Whitelist"/>
  <testcase name="C5_black_admin2" time="8.144" classname="com.yeastar.swebtest.testcase.DetailCase.pbxcase.Blacklist_Whitelist"/>
  <testcase name="A1_init2" time="49.136" classname="com.yeastar.swebtest.testcase.DetailCase.pbxcase.Blacklist_Whitelist"/>
  <testcase name="B5_black_admin6" time="28.684" classname="com.yeastar.swebtest.testcase.DetailCase.pbxcase.Blacklist_Whitelist"/>
  <testcase name="C8_white_admin5" time="8.107" classname="com.yeastar.swebtest.testcase.DetailCase.pbxcase.Blacklist_Whitelist"/>
  <testcase name="B1_black_admin4" time="30.703" classname="com.yeastar.swebtest.testcase.DetailCase.pbxcase.Blacklist_Whitelist"/>
  <testcase name="D6_white_me8" time="18.415" classname="com.yeastar.swebtest.testcase.DetailCase.pbxcase.Blacklist_Whitelist"/>
  <testcase name="C2_white_admin5" time="28.686" classname="com.yeastar.swebtest.testcase.DetailCase.pbxcase.Blacklist_Whitelist"/>
  <testcase name="A1_init1" time="14.922" classname="com.yeastar.swebtest.testcase.DetailCase.pbxcase.Blacklist_Whitelist"/>
  <testcase name="B4_white_admin4" time="31.621" classname="com.yeastar.swebtest.testcase.DetailCase.pbxcase.Blacklist_Whitelist"/>
  <testcase name="B2_white_admin1" time="19.702" classname="com.yeastar.swebtest.testcase.DetailCase.pbxcase.Blacklist_Whitelist"/>
  <testcase name="C4_white_admin1" time="19.557" classname="com.yeastar.swebtest.testcase.DetailCase.pbxcase.Blacklist_Whitelist"/>
  <testcase name="D1_black_me3" time="8.085" classname="com.yeastar.swebtest.testcase.DetailCase.pbxcase.Blacklist_Whitelist"/>
  <testcase name="C8_white_admin3" time="28.595" classname="com.yeastar.swebtest.testcase.DetailCase.pbxcase.Blacklist_Whitelist"/>
  <testcase name="C1_black_admin7" time="16.718" classname="com.yeastar.swebtest.testcase.DetailCase.pbxcase.Blacklist_Whitelist">
    <failure type="java.lang.AssertionError" message=" 1102拨打1105,预期呼出失败,实际呼出成功">
      <![CDATA[java.lang.AssertionError:  1102拨打1105,预期呼出失败,实际呼出成功
	at com.yeastar.swebtest.tools.ysassert.YsAssert.fail(YsAssert.java:1092)
	at com.yeastar.swebtest.testcase.DetailCase.pbxcase.Blacklist_Whitelist.C1_black_admin7(Blacklist_Whitelist.java:800)
	at sun.reflect.NativeMethodAccessorImpl.invoke0(Native Method)
	at sun.reflect.NativeMethodAccessorImpl.invoke(NativeMethodAccessorImpl.java:62)
	at sun.reflect.DelegatingMethodAccessorImpl.invoke(DelegatingMethodAccessorImpl.java:43)
	at java.lang.reflect.Method.invoke(Method.java:498)
	at org.testng.internal.MethodInvocationHelper.invokeMethod(MethodInvocationHelper.java:85)
	at org.testng.internal.Invoker.invokeMethod(Invoker.java:639)
	at org.testng.internal.Invoker.invokeTestMethod(Invoker.java:816)
	at org.testng.internal.Invoker.invokeTestMethods(Invoker.java:1124)
	at org.testng.internal.TestMethodWorker.invokeTestMethods(TestMethodWorker.java:125)
	at org.testng.internal.TestMethodWorker.run(TestMethodWorker.java:108)
	at org.testng.TestRunner.privateRun(TestRunner.java:774)
	at org.testng.TestRunner.run(TestRunner.java:624)
	at org.testng.SuiteRunner.runTest(SuiteRunner.java:359)
	at org.testng.SuiteRunner.runSequentially(SuiteRunner.java:354)
	at org.testng.SuiteRunner.privateRun(SuiteRunner.java:312)
	at org.testng.SuiteRunner.run(SuiteRunner.java:261)
	at org.testng.SuiteRunnerWorker.runSuite(SuiteRunnerWorker.java:52)
	at org.testng.SuiteRunnerWorker.run(SuiteRunnerWorker.java:86)
	at org.testng.TestNG.runSuitesSequentially(TestNG.java:1215)
	at org.testng.TestNG.runSuitesLocally(TestNG.java:1140)
	at org.testng.TestNG.run(TestNG.java:1048)
	at org.apache.maven.surefire.testng.TestNGExecutor.run(TestNGExecutor.java:293)
	at org.apache.maven.surefire.testng.TestNGXmlTestSuite.execute(TestNGXmlTestSuite.java:84)
	at org.apache.maven.surefire.testng.TestNGProvider.invoke(TestNGProvider.java:91)
	at org.apache.maven.surefire.booter.ForkedBooter.invokeProviderInSameClassLoader(ForkedBooter.java:200)
	at org.apache.maven.surefire.booter.ForkedBooter.runSuitesInProcess(ForkedBooter.java:153)
	at org.apache.maven.surefire.booter.ForkedBooter.main(ForkedBooter.java:103)
]]>
    </failure>
  </testcase> <!-- C1_black_admin7 -->
  <testcase name="D6_white_me3" time="14.144" classname="com.yeastar.swebtest.testcase.DetailCase.pbxcase.Blacklist_Whitelist"/>
  <testcase name="D6_white_me7" time="27.212" classname="com.yeastar.swebtest.testcase.DetailCase.pbxcase.Blacklist_Whitelist"/>
  <testcase name="C7_black_admin2" time="28.849" classname="com.yeastar.swebtest.testcase.DetailCase.pbxcase.Blacklist_Whitelist"/>
  <testcase name="C1_black_admin4" time="8.128" classname="com.yeastar.swebtest.testcase.DetailCase.pbxcase.Blacklist_Whitelist"/>
  <testcase name="D1_black_me1" time="52.246" classname="com.yeastar.swebtest.testcase.DetailCase.pbxcase.Blacklist_Whitelist"/>
  <testcase name="D5_black_me4" time="18.659" classname="com.yeastar.swebtest.testcase.DetailCase.pbxcase.Blacklist_Whitelist"/>
  <testcase name="D6_white_me6" time="8.169" classname="com.yeastar.swebtest.testcase.DetailCase.pbxcase.Blacklist_Whitelist"/>
  <testcase name="C7_black_admin1" time="34.666" classname="com.yeastar.swebtest.testcase.DetailCase.pbxcase.Blacklist_Whitelist"/>
  <testcase name="C1_black_admin2" time="8.108" classname="com.yeastar.swebtest.testcase.DetailCase.pbxcase.Blacklist_Whitelist"/>
</testsuite> <!-- com.yeastar.swebtest.testcase.DetailCase.pbxcase.Blacklist_Whitelist -->
