<?xml version="1.0" encoding="UTF-8"?>
<!-- Generated by org.testng.reporters.JUnitReportReporter -->
<testsuite hostname="Yeastar-PC" name="com.yeastar.swebtest.testcase.DetailCase.pbxcase.RingGroup" tests="26" failures="2" timestamp="22 Apr 2018 04:56:57 GMT" time="1351.296" errors="0">
  <testcase name="F1_FailtoHangup" time="88.516" classname="com.yeastar.swebtest.testcase.DetailCase.pbxcase.RingGroup"/>
  <testcase name="F3_FailtoIVR" time="54.478" classname="com.yeastar.swebtest.testcase.DetailCase.pbxcase.RingGroup"/>
  <testcase name="E1_Sequentially" time="31.831" classname="com.yeastar.swebtest.testcase.DetailCase.pbxcase.RingGroup"/>
  <testcase name="F5_FailtoQueue" time="72.718" classname="com.yeastar.swebtest.testcase.DetailCase.pbxcase.RingGroup">
    <failure type="java.lang.AssertionError" message="CDR被叫方检测 【预期：1100 [6700(1100)] 实际：6700 [6700(1100)]】">
      <![CDATA[java.lang.AssertionError: CDR被叫方检测 【预期：1100 [6700(1100)] 实际：6700 [6700(1100)]】
	at com.yeastar.swebtest.tools.ysassert.YsAssert.fail(YsAssert.java:1086)
	at com.yeastar.swebtest.tools.ysassert.YsAssert.failNotEquals(YsAssert.java:579)
	at com.yeastar.swebtest.tools.ysassert.YsAssert.assertEqualsImpl(YsAssert.java:142)
	at com.yeastar.swebtest.tools.ysassert.YsAssert.assertEquals(YsAssert.java:116)
	at com.yeastar.swebtest.tools.ysassert.YsAssert.assertEquals(YsAssert.java:199)
	at com.yeastar.swebtest.driver.YSMethod.YS_Extension.checkCDR(YS_Extension.java:263)
	at com.yeastar.swebtest.driver.YSMethod.YS_Extension.checkCDR(YS_Extension.java:252)
	at com.yeastar.swebtest.testcase.DetailCase.pbxcase.RingGroup.F5_FailtoQueue(RingGroup.java:689)
	at sun.reflect.NativeMethodAccessorImpl.invoke0(Native Method)
	at sun.reflect.NativeMethodAccessorImpl.invoke(NativeMethodAccessorImpl.java:62)
	at sun.reflect.DelegatingMethodAccessorImpl.invoke(DelegatingMethodAccessorImpl.java:43)
	at java.lang.reflect.Method.invoke(Method.java:498)
	at org.testng.internal.MethodInvocationHelper.invokeMethod(MethodInvocationHelper.java:85)
	at org.testng.internal.Invoker.invokeMethod(Invoker.java:639)
	at org.testng.internal.Invoker.invokeTestMethod(Invoker.java:816)
	at org.testng.internal.Invoker.invokeTestMethods(Invoker.java:1124)
	at org.testng.internal.TestMethodWorker.invokeTestMethods(TestMethodWorker.java:125)
	at org.testng.internal.TestMethodWorker.run(TestMethodWorker.java:108)
	at org.testng.TestRunner.privateRun(TestRunner.java:774)
	at org.testng.TestRunner.run(TestRunner.java:624)
	at org.testng.SuiteRunner.runTest(SuiteRunner.java:359)
	at org.testng.SuiteRunner.runSequentially(SuiteRunner.java:354)
	at org.testng.SuiteRunner.privateRun(SuiteRunner.java:312)
	at org.testng.SuiteRunner.run(SuiteRunner.java:261)
	at org.testng.SuiteRunnerWorker.runSuite(SuiteRunnerWorker.java:52)
	at org.testng.SuiteRunnerWorker.run(SuiteRunnerWorker.java:86)
	at org.testng.TestNG.runSuitesSequentially(TestNG.java:1215)
	at org.testng.TestNG.runSuitesLocally(TestNG.java:1140)
	at org.testng.TestNG.run(TestNG.java:1048)
	at org.apache.maven.surefire.testng.TestNGExecutor.run(TestNGExecutor.java:293)
	at org.apache.maven.surefire.testng.TestNGXmlTestSuite.execute(TestNGXmlTestSuite.java:84)
	at org.apache.maven.surefire.testng.TestNGProvider.invoke(TestNGProvider.java:91)
	at org.apache.maven.surefire.booter.ForkedBooter.invokeProviderInSameClassLoader(ForkedBooter.java:200)
	at org.apache.maven.surefire.booter.ForkedBooter.runSuitesInProcess(ForkedBooter.java:153)
	at org.apache.maven.surefire.booter.ForkedBooter.main(ForkedBooter.java:103)
]]>
    </failure>
  </testcase> <!-- F5_FailtoQueue -->
  <testcase name="F8_check_Voicemail" time="34.416" classname="com.yeastar.swebtest.testcase.DetailCase.pbxcase.RingGroup"/>
  <testcase name="F2_FailtoExtension" time="51.985" classname="com.yeastar.swebtest.testcase.DetailCase.pbxcase.RingGroup"/>
  <testcase name="H2_recovery" time="34.489" classname="com.yeastar.swebtest.testcase.DetailCase.pbxcase.RingGroup"/>
  <testcase name="C_EditInRoute1" time="34.758" classname="com.yeastar.swebtest.testcase.DetailCase.pbxcase.RingGroup"/>
  <testcase name="F7_FailtoVoicemail" time="59.942" classname="com.yeastar.swebtest.testcase.DetailCase.pbxcase.RingGroup"/>
  <testcase name="F6_FailtoConference" time="52.094" classname="com.yeastar.swebtest.testcase.DetailCase.pbxcase.RingGroup">
    <failure type="java.lang.AssertionError" message="CDR被叫方检测 【预期：1000 [6207(6400)] 实际：6400 [6207(6400)]】">
      <![CDATA[java.lang.AssertionError: CDR被叫方检测 【预期：1000 [6207(6400)] 实际：6400 [6207(6400)]】
	at com.yeastar.swebtest.tools.ysassert.YsAssert.fail(YsAssert.java:1086)
	at com.yeastar.swebtest.tools.ysassert.YsAssert.failNotEquals(YsAssert.java:579)
	at com.yeastar.swebtest.tools.ysassert.YsAssert.assertEqualsImpl(YsAssert.java:142)
	at com.yeastar.swebtest.tools.ysassert.YsAssert.assertEquals(YsAssert.java:116)
	at com.yeastar.swebtest.tools.ysassert.YsAssert.assertEquals(YsAssert.java:199)
	at com.yeastar.swebtest.driver.YSMethod.YS_Extension.checkCDR(YS_Extension.java:263)
	at com.yeastar.swebtest.driver.YSMethod.YS_Extension.checkCDR(YS_Extension.java:252)
	at com.yeastar.swebtest.testcase.DetailCase.pbxcase.RingGroup.F6_FailtoConference(RingGroup.java:709)
	at sun.reflect.NativeMethodAccessorImpl.invoke0(Native Method)
	at sun.reflect.NativeMethodAccessorImpl.invoke(NativeMethodAccessorImpl.java:62)
	at sun.reflect.DelegatingMethodAccessorImpl.invoke(DelegatingMethodAccessorImpl.java:43)
	at java.lang.reflect.Method.invoke(Method.java:498)
	at org.testng.internal.MethodInvocationHelper.invokeMethod(MethodInvocationHelper.java:85)
	at org.testng.internal.Invoker.invokeMethod(Invoker.java:639)
	at org.testng.internal.Invoker.invokeTestMethod(Invoker.java:816)
	at org.testng.internal.Invoker.invokeTestMethods(Invoker.java:1124)
	at org.testng.internal.TestMethodWorker.invokeTestMethods(TestMethodWorker.java:125)
	at org.testng.internal.TestMethodWorker.run(TestMethodWorker.java:108)
	at org.testng.TestRunner.privateRun(TestRunner.java:774)
	at org.testng.TestRunner.run(TestRunner.java:624)
	at org.testng.SuiteRunner.runTest(SuiteRunner.java:359)
	at org.testng.SuiteRunner.runSequentially(SuiteRunner.java:354)
	at org.testng.SuiteRunner.privateRun(SuiteRunner.java:312)
	at org.testng.SuiteRunner.run(SuiteRunner.java:261)
	at org.testng.SuiteRunnerWorker.runSuite(SuiteRunnerWorker.java:52)
	at org.testng.SuiteRunnerWorker.run(SuiteRunnerWorker.java:86)
	at org.testng.TestNG.runSuitesSequentially(TestNG.java:1215)
	at org.testng.TestNG.runSuitesLocally(TestNG.java:1140)
	at org.testng.TestNG.run(TestNG.java:1048)
	at org.apache.maven.surefire.testng.TestNGExecutor.run(TestNGExecutor.java:293)
	at org.apache.maven.surefire.testng.TestNGXmlTestSuite.execute(TestNGXmlTestSuite.java:84)
	at org.apache.maven.surefire.testng.TestNGProvider.invoke(TestNGProvider.java:91)
	at org.apache.maven.surefire.booter.ForkedBooter.invokeProviderInSameClassLoader(ForkedBooter.java:200)
	at org.apache.maven.surefire.booter.ForkedBooter.runSuitesInProcess(ForkedBooter.java:153)
	at org.apache.maven.surefire.booter.ForkedBooter.main(ForkedBooter.java:103)
]]>
    </failure>
  </testcase> <!-- F6_FailtoConference -->
  <testcase name="E2_RingAll" time="62.151" classname="com.yeastar.swebtest.testcase.DetailCase.pbxcase.RingGroup"/>
  <testcase name="G_delete" time="77.594" classname="com.yeastar.swebtest.testcase.DetailCase.pbxcase.RingGroup"/>
  <testcase name="A2_AddRingGroups" time="20.272" classname="com.yeastar.swebtest.testcase.DetailCase.pbxcase.RingGroup"/>
  <testcase name="H1_recovery" time="31.858" classname="com.yeastar.swebtest.testcase.DetailCase.pbxcase.RingGroup"/>
  <testcase name="A1_Init" time="22.589" classname="com.yeastar.swebtest.testcase.DetailCase.pbxcase.RingGroup"/>
  <testcase name="D_InboundtoRingGroup_a" time="369.889" classname="com.yeastar.swebtest.testcase.DetailCase.pbxcase.RingGroup"/>
  <testcase name="A3_add_cancel" time="20.849" classname="com.yeastar.swebtest.testcase.DetailCase.pbxcase.RingGroup"/>
  <testcase name="A2_AddRingGroups" time="20.393" classname="com.yeastar.swebtest.testcase.DetailCase.pbxcase.RingGroup"/>
  <testcase name="A2_AddRingGroups" time="21.375" classname="com.yeastar.swebtest.testcase.DetailCase.pbxcase.RingGroup"/>
  <testcase name="B_EditRingGroupFxs" time="25.528" classname="com.yeastar.swebtest.testcase.DetailCase.pbxcase.RingGroup"/>
  <testcase name="A2_AddRingGroups" time="21.135" classname="com.yeastar.swebtest.testcase.DetailCase.pbxcase.RingGroup"/>
  <testcase name="A2_AddRingGroups" time="18.283" classname="com.yeastar.swebtest.testcase.DetailCase.pbxcase.RingGroup"/>
  <testcase name="A2_AddRingGroups" time="15.132" classname="com.yeastar.swebtest.testcase.DetailCase.pbxcase.RingGroup"/>
  <testcase name="A2_AddRingGroups" time="21.886" classname="com.yeastar.swebtest.testcase.DetailCase.pbxcase.RingGroup"/>
  <testcase name="F4_FailtoRingGroup" time="67.840" classname="com.yeastar.swebtest.testcase.DetailCase.pbxcase.RingGroup"/>
  <testcase name="A2_AddRingGroups" time="19.295" classname="com.yeastar.swebtest.testcase.DetailCase.pbxcase.RingGroup"/>
</testsuite> <!-- com.yeastar.swebtest.testcase.DetailCase.pbxcase.RingGroup -->
