<?xml version="1.0" encoding="UTF-8"?>
<!-- Generated by org.testng.reporters.JUnitReportReporter -->
<testsuite hostname="Yeastar-PC" name="com.yeastar.swebtest.testcase.DetailCase.pbxcase.IVR" tests="54" failures="3" timestamp="18 Oct 2018 08:09:17 GMT" time="2173.577" errors="0">
  <testcase name="E3_DialExtension_disable" time="37.493" classname="com.yeastar.swebtest.testcase.DetailCase.pbxcase.IVR"/>
  <testcase name="J_recover" time="97.824" classname="com.yeastar.swebtest.testcase.DetailCase.pbxcase.IVR"/>
  <testcase name="A0_Init1" time="0.046" classname="com.yeastar.swebtest.testcase.DetailCase.pbxcase.IVR"/>
  <testcase name="F3_DialOut_iax" time="0.010" classname="com.yeastar.swebtest.testcase.DetailCase.pbxcase.IVR"/>
  <testcase name="D92_keyx_1101" time="48.647" classname="com.yeastar.swebtest.testcase.DetailCase.pbxcase.IVR"/>
  <testcase name="A2_AddIVR" time="14.557" classname="com.yeastar.swebtest.testcase.DetailCase.pbxcase.IVR"/>
  <testcase name="A2_AddIVR" time="30.152" classname="com.yeastar.swebtest.testcase.DetailCase.pbxcase.IVR"/>
  <testcase name="A2_AddIVR" time="29.997" classname="com.yeastar.swebtest.testcase.DetailCase.pbxcase.IVR"/>
  <testcase name="D6_key6_custom_prompt" time="107.171" classname="com.yeastar.swebtest.testcase.DetailCase.pbxcase.IVR"/>
  <testcase name="D94_Invalid" time="123.123" classname="com.yeastar.swebtest.testcase.DetailCase.pbxcase.IVR">
    <failure type="java.lang.AssertionError" message="CDR被叫方检测 【预期：1000 [6502(1000)] 实际：1102 [6502(1102)]】">
      <![CDATA[java.lang.AssertionError: CDR被叫方检测 【预期：1000 [6502(1000)] 实际：1102 [6502(1102)]】
	at com.yeastar.swebtest.tools.ysassert.YsAssert.fail(YsAssert.java:1092)
	at com.yeastar.swebtest.tools.ysassert.YsAssert.failNotEquals(YsAssert.java:583)
	at com.yeastar.swebtest.tools.ysassert.YsAssert.assertEqualsImpl(YsAssert.java:146)
	at com.yeastar.swebtest.tools.ysassert.YsAssert.assertEquals(YsAssert.java:120)
	at com.yeastar.swebtest.tools.ysassert.YsAssert.assertEquals(YsAssert.java:203)
	at com.yeastar.swebtest.driver.YSMethod.YS_Extension.checkCDR(YS_Extension.java:289)
	at com.yeastar.swebtest.driver.YSMethod.YS_Extension.checkCDR(YS_Extension.java:278)
	at com.yeastar.swebtest.testcase.DetailCase.pbxcase.IVR.D94_Invalid(IVR.java:587)
	at sun.reflect.NativeMethodAccessorImpl.invoke0(Native Method)
	at sun.reflect.NativeMethodAccessorImpl.invoke(NativeMethodAccessorImpl.java:62)
	at sun.reflect.DelegatingMethodAccessorImpl.invoke(DelegatingMethodAccessorImpl.java:43)
	at java.lang.reflect.Method.invoke(Method.java:498)
	at org.testng.internal.MethodInvocationHelper.invokeMethod(MethodInvocationHelper.java:85)
	at org.testng.internal.Invoker.invokeMethod(Invoker.java:639)
	at org.testng.internal.Invoker.invokeTestMethod(Invoker.java:816)
	at org.testng.internal.Invoker.invokeTestMethods(Invoker.java:1124)
	at org.testng.internal.TestMethodWorker.invokeTestMethods(TestMethodWorker.java:125)
	at org.testng.internal.TestMethodWorker.run(TestMethodWorker.java:108)
	at org.testng.TestRunner.privateRun(TestRunner.java:774)
	at org.testng.TestRunner.run(TestRunner.java:624)
	at org.testng.SuiteRunner.runTest(SuiteRunner.java:359)
	at org.testng.SuiteRunner.runSequentially(SuiteRunner.java:354)
	at org.testng.SuiteRunner.privateRun(SuiteRunner.java:312)
	at org.testng.SuiteRunner.run(SuiteRunner.java:261)
	at org.testng.SuiteRunnerWorker.runSuite(SuiteRunnerWorker.java:52)
	at org.testng.SuiteRunnerWorker.run(SuiteRunnerWorker.java:86)
	at org.testng.TestNG.runSuitesSequentially(TestNG.java:1215)
	at org.testng.TestNG.runSuitesLocally(TestNG.java:1140)
	at org.testng.TestNG.run(TestNG.java:1048)
	at org.apache.maven.surefire.testng.TestNGExecutor.run(TestNGExecutor.java:293)
	at org.apache.maven.surefire.testng.TestNGXmlTestSuite.execute(TestNGXmlTestSuite.java:84)
	at org.apache.maven.surefire.testng.TestNGProvider.invoke(TestNGProvider.java:91)
	at org.apache.maven.surefire.booter.ForkedBooter.invokeProviderInSameClassLoader(ForkedBooter.java:200)
	at org.apache.maven.surefire.booter.ForkedBooter.runSuitesInProcess(ForkedBooter.java:153)
	at org.apache.maven.surefire.booter.ForkedBooter.main(ForkedBooter.java:103)
]]>
    </failure>
  </testcase> <!-- D94_Invalid -->
  <testcase name="F6_DialOut_bri" time="0.040" classname="com.yeastar.swebtest.testcase.DetailCase.pbxcase.IVR"/>
  <testcase name="D3_key3_ringgroup" time="49.685" classname="com.yeastar.swebtest.testcase.DetailCase.pbxcase.IVR"/>
  <testcase name="H2_backup" time="39.162" classname="com.yeastar.swebtest.testcase.DetailCase.pbxcase.IVR"/>
  <testcase name="G1_voicemail_enable" time="53.114" classname="com.yeastar.swebtest.testcase.DetailCase.pbxcase.IVR"/>
  <testcase name="C6_bri_key0_1000" time="0.030" classname="com.yeastar.swebtest.testcase.DetailCase.pbxcase.IVR"/>
  <testcase name="B_EditInRoute1" time="30.247" classname="com.yeastar.swebtest.testcase.DetailCase.pbxcase.IVR"/>
  <testcase name="D7_key7_ivr" time="49.080" classname="com.yeastar.swebtest.testcase.DetailCase.pbxcase.IVR"/>
  <testcase name="F1_DialOut_sip" time="37.908" classname="com.yeastar.swebtest.testcase.DetailCase.pbxcase.IVR"/>
  <testcase name="H1_prompt" time="194.447" classname="com.yeastar.swebtest.testcase.DetailCase.pbxcase.IVR"/>
  <testcase name="D2_key2_voicemail3" time="24.770" classname="com.yeastar.swebtest.testcase.DetailCase.pbxcase.IVR"/>
  <testcase name="A2_AddIVR" time="25.156" classname="com.yeastar.swebtest.testcase.DetailCase.pbxcase.IVR"/>
  <testcase name="E2_DialExtension_ringgroup1" time="47.394" classname="com.yeastar.swebtest.testcase.DetailCase.pbxcase.IVR"/>
  <testcase name="A0_Init2" time="50.032" classname="com.yeastar.swebtest.testcase.DetailCase.pbxcase.IVR"/>
  <testcase name="D91_keyj_1100" time="40.086" classname="com.yeastar.swebtest.testcase.DetailCase.pbxcase.IVR"/>
  <testcase name="D4_key4_queue" time="38.500" classname="com.yeastar.swebtest.testcase.DetailCase.pbxcase.IVR"/>
  <testcase name="D1_key1_callback" time="64.039" classname="com.yeastar.swebtest.testcase.DetailCase.pbxcase.IVR"/>
  <testcase name="C4_spx_key0_1000" time="0.033" classname="com.yeastar.swebtest.testcase.DetailCase.pbxcase.IVR"/>
  <testcase name="A2_AddIVR" time="30.083" classname="com.yeastar.swebtest.testcase.DetailCase.pbxcase.IVR"/>
  <testcase name="A2_AddIVR" time="30.475" classname="com.yeastar.swebtest.testcase.DetailCase.pbxcase.IVR"/>
  <testcase name="I_delete" time="70.222" classname="com.yeastar.swebtest.testcase.DetailCase.pbxcase.IVR"/>
  <testcase name="C8_gsm_key0_1000" time="0.011" classname="com.yeastar.swebtest.testcase.DetailCase.pbxcase.IVR"/>
  <testcase name="D90_key9_dialbyname" time="62.754" classname="com.yeastar.swebtest.testcase.DetailCase.pbxcase.IVR"/>
  <testcase name="A2_AddIVR" time="25.308" classname="com.yeastar.swebtest.testcase.DetailCase.pbxcase.IVR"/>
  <testcase name="C5_fxo_key0_1000" time="0.041" classname="com.yeastar.swebtest.testcase.DetailCase.pbxcase.IVR"/>
  <testcase name="F9_DialOut_disable" time="32.479" classname="com.yeastar.swebtest.testcase.DetailCase.pbxcase.IVR"/>
  <testcase name="G2_voicemail_disable" time="31.496" classname="com.yeastar.swebtest.testcase.DetailCase.pbxcase.IVR"/>
  <testcase name="C3_iax_key0_1000" time="0.010" classname="com.yeastar.swebtest.testcase.DetailCase.pbxcase.IVR"/>
  <testcase name="C2_sps_keyj_1100" time="64.967" classname="com.yeastar.swebtest.testcase.DetailCase.pbxcase.IVR"/>
  <testcase name="D2_key2_voicemail2" time="46.909" classname="com.yeastar.swebtest.testcase.DetailCase.pbxcase.IVR">
    <failure type="java.lang.AssertionError" message="语音留言检查:预期第1行的CallerID为2000(2000) 【预期：2000(2000) 实际：2001(2001)】">
      <![CDATA[java.lang.AssertionError: 语音留言检查:预期第1行的CallerID为2000(2000) 【预期：2000(2000) 实际：2001(2001)】
	at com.yeastar.swebtest.tools.ysassert.YsAssert.fail(YsAssert.java:1092)
	at com.yeastar.swebtest.tools.ysassert.YsAssert.failNotEquals(YsAssert.java:583)
	at com.yeastar.swebtest.tools.ysassert.YsAssert.assertEqualsImpl(YsAssert.java:146)
	at com.yeastar.swebtest.tools.ysassert.YsAssert.assertEquals(YsAssert.java:120)
	at com.yeastar.swebtest.tools.ysassert.YsAssert.assertEquals(YsAssert.java:203)
	at com.yeastar.swebtest.testcase.DetailCase.pbxcase.IVR.D2_key2_voicemail2(IVR.java:380)
	at sun.reflect.NativeMethodAccessorImpl.invoke0(Native Method)
	at sun.reflect.NativeMethodAccessorImpl.invoke(NativeMethodAccessorImpl.java:62)
	at sun.reflect.DelegatingMethodAccessorImpl.invoke(DelegatingMethodAccessorImpl.java:43)
	at java.lang.reflect.Method.invoke(Method.java:498)
	at org.testng.internal.MethodInvocationHelper.invokeMethod(MethodInvocationHelper.java:85)
	at org.testng.internal.Invoker.invokeMethod(Invoker.java:639)
	at org.testng.internal.Invoker.invokeTestMethod(Invoker.java:816)
	at org.testng.internal.Invoker.invokeTestMethods(Invoker.java:1124)
	at org.testng.internal.TestMethodWorker.invokeTestMethods(TestMethodWorker.java:125)
	at org.testng.internal.TestMethodWorker.run(TestMethodWorker.java:108)
	at org.testng.TestRunner.privateRun(TestRunner.java:774)
	at org.testng.TestRunner.run(TestRunner.java:624)
	at org.testng.SuiteRunner.runTest(SuiteRunner.java:359)
	at org.testng.SuiteRunner.runSequentially(SuiteRunner.java:354)
	at org.testng.SuiteRunner.privateRun(SuiteRunner.java:312)
	at org.testng.SuiteRunner.run(SuiteRunner.java:261)
	at org.testng.SuiteRunnerWorker.runSuite(SuiteRunnerWorker.java:52)
	at org.testng.SuiteRunnerWorker.run(SuiteRunnerWorker.java:86)
	at org.testng.TestNG.runSuitesSequentially(TestNG.java:1215)
	at org.testng.TestNG.runSuitesLocally(TestNG.java:1140)
	at org.testng.TestNG.run(TestNG.java:1048)
	at org.apache.maven.surefire.testng.TestNGExecutor.run(TestNGExecutor.java:293)
	at org.apache.maven.surefire.testng.TestNGXmlTestSuite.execute(TestNGXmlTestSuite.java:84)
	at org.apache.maven.surefire.testng.TestNGProvider.invoke(TestNGProvider.java:91)
	at org.apache.maven.surefire.booter.ForkedBooter.invokeProviderInSameClassLoader(ForkedBooter.java:200)
	at org.apache.maven.surefire.booter.ForkedBooter.runSuitesInProcess(ForkedBooter.java:153)
	at org.apache.maven.surefire.booter.ForkedBooter.main(ForkedBooter.java:103)
]]>
    </failure>
  </testcase> <!-- D2_key2_voicemail2 -->
  <testcase name="F7_DialOut_e1" time="0.014" classname="com.yeastar.swebtest.testcase.DetailCase.pbxcase.IVR"/>
  <testcase name="A1_Init" time="33.297" classname="com.yeastar.swebtest.testcase.DetailCase.pbxcase.IVR"/>
  <testcase name="E1_DialExtension_1103" time="45.058" classname="com.yeastar.swebtest.testcase.DetailCase.pbxcase.IVR"/>
  <testcase name="D2_key2_voicemail1" time="67.924" classname="com.yeastar.swebtest.testcase.DetailCase.pbxcase.IVR"/>
  <testcase name="C1_sip_key0_1000" time="59.751" classname="com.yeastar.swebtest.testcase.DetailCase.pbxcase.IVR"/>
  <testcase name="F8_DialOut_gsm" time="0.018" classname="com.yeastar.swebtest.testcase.DetailCase.pbxcase.IVR"/>
  <testcase name="A3_EditKeys" time="84.356" classname="com.yeastar.swebtest.testcase.DetailCase.pbxcase.IVR"/>
  <testcase name="D93_TimeOut" time="151.988" classname="com.yeastar.swebtest.testcase.DetailCase.pbxcase.IVR">
    <failure type="java.lang.AssertionError" message="预期1102为Ring状态 【预期：2 实际：0】">
      <![CDATA[java.lang.AssertionError: 预期1102为Ring状态 【预期：2 实际：0】
	at com.yeastar.swebtest.tools.ysassert.YsAssert.fail(YsAssert.java:1092)
	at com.yeastar.swebtest.tools.ysassert.YsAssert.failNotEquals(YsAssert.java:583)
	at com.yeastar.swebtest.tools.ysassert.YsAssert.assertEqualsImpl(YsAssert.java:146)
	at com.yeastar.swebtest.tools.ysassert.YsAssert.assertEquals(YsAssert.java:120)
	at com.yeastar.swebtest.tools.ysassert.YsAssert.assertEquals(YsAssert.java:429)
	at com.yeastar.swebtest.testcase.DetailCase.pbxcase.IVR.D93_TimeOut(IVR.java:553)
	at sun.reflect.NativeMethodAccessorImpl.invoke0(Native Method)
	at sun.reflect.NativeMethodAccessorImpl.invoke(NativeMethodAccessorImpl.java:62)
	at sun.reflect.DelegatingMethodAccessorImpl.invoke(DelegatingMethodAccessorImpl.java:43)
	at java.lang.reflect.Method.invoke(Method.java:498)
	at org.testng.internal.MethodInvocationHelper.invokeMethod(MethodInvocationHelper.java:85)
	at org.testng.internal.Invoker.invokeMethod(Invoker.java:639)
	at org.testng.internal.Invoker.invokeTestMethod(Invoker.java:816)
	at org.testng.internal.Invoker.invokeTestMethods(Invoker.java:1124)
	at org.testng.internal.TestMethodWorker.invokeTestMethods(TestMethodWorker.java:125)
	at org.testng.internal.TestMethodWorker.run(TestMethodWorker.java:108)
	at org.testng.TestRunner.privateRun(TestRunner.java:774)
	at org.testng.TestRunner.run(TestRunner.java:624)
	at org.testng.SuiteRunner.runTest(SuiteRunner.java:359)
	at org.testng.SuiteRunner.runSequentially(SuiteRunner.java:354)
	at org.testng.SuiteRunner.privateRun(SuiteRunner.java:312)
	at org.testng.SuiteRunner.run(SuiteRunner.java:261)
	at org.testng.SuiteRunnerWorker.runSuite(SuiteRunnerWorker.java:52)
	at org.testng.SuiteRunnerWorker.run(SuiteRunnerWorker.java:86)
	at org.testng.TestNG.runSuitesSequentially(TestNG.java:1215)
	at org.testng.TestNG.runSuitesLocally(TestNG.java:1140)
	at org.testng.TestNG.run(TestNG.java:1048)
	at org.apache.maven.surefire.testng.TestNGExecutor.run(TestNGExecutor.java:293)
	at org.apache.maven.surefire.testng.TestNGXmlTestSuite.execute(TestNGXmlTestSuite.java:84)
	at org.apache.maven.surefire.testng.TestNGProvider.invoke(TestNGProvider.java:91)
	at org.apache.maven.surefire.booter.ForkedBooter.invokeProviderInSameClassLoader(ForkedBooter.java:200)
	at org.apache.maven.surefire.booter.ForkedBooter.runSuitesInProcess(ForkedBooter.java:153)
	at org.apache.maven.surefire.booter.ForkedBooter.main(ForkedBooter.java:103)
]]>
    </failure>
  </testcase> <!-- D93_TimeOut -->
  <testcase name="D5_key5_conference" time="37.509" classname="com.yeastar.swebtest.testcase.DetailCase.pbxcase.IVR"/>
  <testcase name="F2_DialOut_sps" time="40.646" classname="com.yeastar.swebtest.testcase.DetailCase.pbxcase.IVR"/>
  <testcase name="F5_DialOut_fxo" time="0.012" classname="com.yeastar.swebtest.testcase.DetailCase.pbxcase.IVR"/>
  <testcase name="F4_DialOut_spx" time="0.018" classname="com.yeastar.swebtest.testcase.DetailCase.pbxcase.IVR"/>
  <testcase name="D8_key8_fxs" time="0.048" classname="com.yeastar.swebtest.testcase.DetailCase.pbxcase.IVR"/>
  <testcase name="A2_AddIVR" time="25.424" classname="com.yeastar.swebtest.testcase.DetailCase.pbxcase.IVR"/>
  <testcase name="C7_e1_key0_1000" time="0.016" classname="com.yeastar.swebtest.testcase.DetailCase.pbxcase.IVR"/>
</testsuite> <!-- com.yeastar.swebtest.testcase.DetailCase.pbxcase.IVR -->
