<?xml version="1.0" encoding="UTF-8"?>
<!-- Generated by org.testng.reporters.JUnitReportReporter -->
<testsuite hostname="Yeastar-PC" name="com.yeastar.swebtest.testcase.DetailCase.pbxcase.Queue" tests="102" failures="3" timestamp="22 Apr 2018 04:56:57 GMT" time="4120.139" errors="0">
  <testcase name="A2_AddQueues" time="38.120" classname="com.yeastar.swebtest.testcase.DetailCase.pbxcase.Queue"/>
  <testcase name="E3_key2_voicemail1" time="59.707" classname="com.yeastar.swebtest.testcase.DetailCase.pbxcase.Queue"/>
  <testcase name="H2_leastRecent" time="37.652" classname="com.yeastar.swebtest.testcase.DetailCase.pbxcase.Queue"/>
  <testcase name="B2_AddInbound" time="31.248" classname="com.yeastar.swebtest.testcase.DetailCase.pbxcase.Queue"/>
  <testcase name="G3_MusicOnHold2" time="5.402" classname="com.yeastar.swebtest.testcase.DetailCase.pbxcase.Queue"/>
  <testcase name="A2_AddQueues" time="50.166" classname="com.yeastar.swebtest.testcase.DetailCase.pbxcase.Queue"/>
  <testcase name="C5_fxo_6701" time="47.544" classname="com.yeastar.swebtest.testcase.DetailCase.pbxcase.Queue"/>
  <testcase name="B2_AddInbound" time="30.895" classname="com.yeastar.swebtest.testcase.DetailCase.pbxcase.Queue"/>
  <testcase name="B2_AddInbound" time="31.021" classname="com.yeastar.swebtest.testcase.DetailCase.pbxcase.Queue"/>
  <testcase name="K1_rrmemory" time="93.113" classname="com.yeastar.swebtest.testcase.DetailCase.pbxcase.Queue"/>
  <testcase name="F2_dynamic_call6701" time="37.508" classname="com.yeastar.swebtest.testcase.DetailCase.pbxcase.Queue"/>
  <testcase name="C2_sip_6701" time="47.054" classname="com.yeastar.swebtest.testcase.DetailCase.pbxcase.Queue"/>
  <testcase name="C7_e1_6701" time="0.022" classname="com.yeastar.swebtest.testcase.DetailCase.pbxcase.Queue"/>
  <testcase name="G8_AgentTimeout_Retry" time="119.733" classname="com.yeastar.swebtest.testcase.DetailCase.pbxcase.Queue"/>
  <testcase name="E8_key7_DialbyName" time="53.734" classname="com.yeastar.swebtest.testcase.DetailCase.pbxcase.Queue"/>
  <testcase name="M1_ringall" time="100.808" classname="com.yeastar.swebtest.testcase.DetailCase.pbxcase.Queue"/>
  <testcase name="B2_AddInbound" time="30.381" classname="com.yeastar.swebtest.testcase.DetailCase.pbxcase.Queue"/>
  <testcase name="D2_fail_extension" time="50.344" classname="com.yeastar.swebtest.testcase.DetailCase.pbxcase.Queue"/>
  <testcase name="G2_JoinAnnouncement" time="11.084" classname="com.yeastar.swebtest.testcase.DetailCase.pbxcase.Queue"/>
  <testcase name="Fa_dynamic_login6714" time="19.163" classname="com.yeastar.swebtest.testcase.DetailCase.pbxcase.Queue"/>
  <testcase name="C6_bri_6701" time="46.947" classname="com.yeastar.swebtest.testcase.DetailCase.pbxcase.Queue"/>
  <testcase name="D8_fail_DialbyName" time="55.251" classname="com.yeastar.swebtest.testcase.DetailCase.pbxcase.Queue"/>
  <testcase name="C8_gsm_6701" time="0.018" classname="com.yeastar.swebtest.testcase.DetailCase.pbxcase.Queue"/>
  <testcase name="F7_dynamic_login6712" time="19.420" classname="com.yeastar.swebtest.testcase.DetailCase.pbxcase.Queue"/>
  <testcase name="A2_AddQueues" time="44.112" classname="com.yeastar.swebtest.testcase.DetailCase.pbxcase.Queue"/>
  <testcase name="H3_leastRecent" time="38.051" classname="com.yeastar.swebtest.testcase.DetailCase.pbxcase.Queue"/>
  <testcase name="E6_key5_queue" time="42.576" classname="com.yeastar.swebtest.testcase.DetailCase.pbxcase.Queue"/>
  <testcase name="D3_fail_voicemail3_login" time="23.088" classname="com.yeastar.swebtest.testcase.DetailCase.pbxcase.Queue"/>
  <testcase name="D6_fail_queue" time="49.224" classname="com.yeastar.swebtest.testcase.DetailCase.pbxcase.Queue"/>
  <testcase name="C4_spx_6701" time="49.591" classname="com.yeastar.swebtest.testcase.DetailCase.pbxcase.Queue"/>
  <testcase name="A2_AddQueues" time="46.637" classname="com.yeastar.swebtest.testcase.DetailCase.pbxcase.Queue"/>
  <testcase name="G7_PeriodicAnnouncements" time="0.011" classname="com.yeastar.swebtest.testcase.DetailCase.pbxcase.Queue"/>
  <testcase name="A2_AddQueues" time="42.744" classname="com.yeastar.swebtest.testcase.DetailCase.pbxcase.Queue"/>
  <testcase name="G3_MusicOnHold1" time="6.090" classname="com.yeastar.swebtest.testcase.DetailCase.pbxcase.Queue"/>
  <testcase name="B2_AddInbound" time="31.274" classname="com.yeastar.swebtest.testcase.DetailCase.pbxcase.Queue"/>
  <testcase name="A2_AddQueues" time="41.167" classname="com.yeastar.swebtest.testcase.DetailCase.pbxcase.Queue"/>
  <testcase name="C1_sps_6701" time="44.806" classname="com.yeastar.swebtest.testcase.DetailCase.pbxcase.Queue"/>
  <testcase name="A2_AddQueues" time="50.495" classname="com.yeastar.swebtest.testcase.DetailCase.pbxcase.Queue"/>
  <testcase name="I2_fewestcalls" time="48.600" classname="com.yeastar.swebtest.testcase.DetailCase.pbxcase.Queue"/>
  <testcase name="G9_warp_time20" time="92.977" classname="com.yeastar.swebtest.testcase.DetailCase.pbxcase.Queue"/>
  <testcase name="G6_CallerPosition" time="0.026" classname="com.yeastar.swebtest.testcase.DetailCase.pbxcase.Queue"/>
  <testcase name="L1_linear" time="179.686" classname="com.yeastar.swebtest.testcase.DetailCase.pbxcase.Queue"/>
  <testcase name="B3_Apply" time="8.117" classname="com.yeastar.swebtest.testcase.DetailCase.pbxcase.Queue"/>
  <testcase name="A2_AddQueues" time="45.403" classname="com.yeastar.swebtest.testcase.DetailCase.pbxcase.Queue"/>
  <testcase name="N3_leave_join_empty" time="28.940" classname="com.yeastar.swebtest.testcase.DetailCase.pbxcase.Queue"/>
  <testcase name="A2_AddQueues" time="47.210" classname="com.yeastar.swebtest.testcase.DetailCase.pbxcase.Queue"/>
  <testcase name="B2_AddInbound" time="31.390" classname="com.yeastar.swebtest.testcase.DetailCase.pbxcase.Queue"/>
  <testcase name="B2_AddInbound" time="31.051" classname="com.yeastar.swebtest.testcase.DetailCase.pbxcase.Queue"/>
  <testcase name="N6_leave_join_empty" time="1.107" classname="com.yeastar.swebtest.testcase.DetailCase.pbxcase.Queue"/>
  <testcase name="A2_AddQueues" time="50.380" classname="com.yeastar.swebtest.testcase.DetailCase.pbxcase.Queue"/>
  <testcase name="P2_recovery" time="58.920" classname="com.yeastar.swebtest.testcase.DetailCase.pbxcase.Queue"/>
  <testcase name="N5_leave_join_empty" time="28.937" classname="com.yeastar.swebtest.testcase.DetailCase.pbxcase.Queue"/>
  <testcase name="P1_recovery" time="37.937" classname="com.yeastar.swebtest.testcase.DetailCase.pbxcase.Queue"/>
  <testcase name="D1_fail_hangup" time="11.111" classname="com.yeastar.swebtest.testcase.DetailCase.pbxcase.Queue"/>
  <testcase name="E3_key2_voicemail3_login" time="20.911" classname="com.yeastar.swebtest.testcase.DetailCase.pbxcase.Queue"/>
  <testcase name="B2_AddInbound" time="31.315" classname="com.yeastar.swebtest.testcase.DetailCase.pbxcase.Queue"/>
  <testcase name="F5_dynamic_login6710" time="13.533" classname="com.yeastar.swebtest.testcase.DetailCase.pbxcase.Queue"/>
  <testcase name="B2_AddInbound" time="30.225" classname="com.yeastar.swebtest.testcase.DetailCase.pbxcase.Queue"/>
  <testcase name="G9_warp_time0" time="32.630" classname="com.yeastar.swebtest.testcase.DetailCase.pbxcase.Queue"/>
  <testcase name="N8_leave_join_empty" time="12.045" classname="com.yeastar.swebtest.testcase.DetailCase.pbxcase.Queue">
    <failure type="java.lang.AssertionError" message="预期1102不会被直接挂断 【预期：3 实际：4】">
      <![CDATA[java.lang.AssertionError: 预期1102不会被直接挂断 【预期：3 实际：4】
	at com.yeastar.swebtest.tools.ysassert.YsAssert.fail(YsAssert.java:1086)
	at com.yeastar.swebtest.tools.ysassert.YsAssert.failNotEquals(YsAssert.java:579)
	at com.yeastar.swebtest.tools.ysassert.YsAssert.assertEqualsImpl(YsAssert.java:142)
	at com.yeastar.swebtest.tools.ysassert.YsAssert.assertEquals(YsAssert.java:116)
	at com.yeastar.swebtest.tools.ysassert.YsAssert.assertEquals(YsAssert.java:425)
	at com.yeastar.swebtest.testcase.DetailCase.pbxcase.Queue.N8_leave_join_empty(Queue.java:1326)
	at sun.reflect.NativeMethodAccessorImpl.invoke0(Native Method)
	at sun.reflect.NativeMethodAccessorImpl.invoke(NativeMethodAccessorImpl.java:62)
	at sun.reflect.DelegatingMethodAccessorImpl.invoke(DelegatingMethodAccessorImpl.java:43)
	at java.lang.reflect.Method.invoke(Method.java:498)
	at org.testng.internal.MethodInvocationHelper.invokeMethod(MethodInvocationHelper.java:85)
	at org.testng.internal.Invoker.invokeMethod(Invoker.java:639)
	at org.testng.internal.Invoker.invokeTestMethod(Invoker.java:816)
	at org.testng.internal.Invoker.invokeTestMethods(Invoker.java:1124)
	at org.testng.internal.TestMethodWorker.invokeTestMethods(TestMethodWorker.java:125)
	at org.testng.internal.TestMethodWorker.run(TestMethodWorker.java:108)
	at org.testng.TestRunner.privateRun(TestRunner.java:774)
	at org.testng.TestRunner.run(TestRunner.java:624)
	at org.testng.SuiteRunner.runTest(SuiteRunner.java:359)
	at org.testng.SuiteRunner.runSequentially(SuiteRunner.java:354)
	at org.testng.SuiteRunner.privateRun(SuiteRunner.java:312)
	at org.testng.SuiteRunner.run(SuiteRunner.java:261)
	at org.testng.SuiteRunnerWorker.runSuite(SuiteRunnerWorker.java:52)
	at org.testng.SuiteRunnerWorker.run(SuiteRunnerWorker.java:86)
	at org.testng.TestNG.runSuitesSequentially(TestNG.java:1215)
	at org.testng.TestNG.runSuitesLocally(TestNG.java:1140)
	at org.testng.TestNG.run(TestNG.java:1048)
	at org.apache.maven.surefire.testng.TestNGExecutor.run(TestNGExecutor.java:293)
	at org.apache.maven.surefire.testng.TestNGXmlTestSuite.execute(TestNGXmlTestSuite.java:84)
	at org.apache.maven.surefire.testng.TestNGProvider.invoke(TestNGProvider.java:91)
	at org.apache.maven.surefire.booter.ForkedBooter.invokeProviderInSameClassLoader(ForkedBooter.java:200)
	at org.apache.maven.surefire.booter.ForkedBooter.runSuitesInProcess(ForkedBooter.java:153)
	at org.apache.maven.surefire.booter.ForkedBooter.main(ForkedBooter.java:103)
]]>
    </failure>
  </testcase> <!-- N8_leave_join_empty -->
  <testcase name="N4_leave_join_empty" time="1.103" classname="com.yeastar.swebtest.testcase.DetailCase.pbxcase.Queue"/>
  <testcase name="B2_AddInbound" time="30.922" classname="com.yeastar.swebtest.testcase.DetailCase.pbxcase.Queue"/>
  <testcase name="B2_AddInbound" time="30.994" classname="com.yeastar.swebtest.testcase.DetailCase.pbxcase.Queue"/>
  <testcase name="E4_key3_ivr" time="45.798" classname="com.yeastar.swebtest.testcase.DetailCase.pbxcase.Queue"/>
  <testcase name="G4_AgentID" time="0.012" classname="com.yeastar.swebtest.testcase.DetailCase.pbxcase.Queue"/>
  <testcase name="I3_fewestcalls" time="48.532" classname="com.yeastar.swebtest.testcase.DetailCase.pbxcase.Queue"/>
  <testcase name="D4_fail_ivr" time="49.389" classname="com.yeastar.swebtest.testcase.DetailCase.pbxcase.Queue"/>
  <testcase name="B2_AddInbound" time="31.842" classname="com.yeastar.swebtest.testcase.DetailCase.pbxcase.Queue"/>
  <testcase name="A1_Init" time="30.749" classname="com.yeastar.swebtest.testcase.DetailCase.pbxcase.Queue"/>
  <testcase name="N2_leave_join_empty" time="10.103" classname="com.yeastar.swebtest.testcase.DetailCase.pbxcase.Queue"/>
  <testcase name="B1_AddInbound" time="20.430" classname="com.yeastar.swebtest.testcase.DetailCase.pbxcase.Queue"/>
  <testcase name="G5_Satisfaction" time="117.003" classname="com.yeastar.swebtest.testcase.DetailCase.pbxcase.Queue">
    <failure type="java.lang.AssertionError" message="坐席挂断时播放满意度调查提示音satisfaction 【预期：true 实际：false】">
      <![CDATA[java.lang.AssertionError: 坐席挂断时播放满意度调查提示音satisfaction 【预期：true 实际：false】
	at com.yeastar.swebtest.tools.ysassert.YsAssert.fail(YsAssert.java:1086)
	at com.yeastar.swebtest.tools.ysassert.YsAssert.failNotEquals(YsAssert.java:579)
	at com.yeastar.swebtest.tools.ysassert.YsAssert.assertEqualsImpl(YsAssert.java:142)
	at com.yeastar.swebtest.tools.ysassert.YsAssert.assertEquals(YsAssert.java:116)
	at com.yeastar.swebtest.tools.ysassert.YsAssert.assertEquals(YsAssert.java:333)
	at com.yeastar.swebtest.testcase.DetailCase.pbxcase.Queue.G5_Satisfaction(Queue.java:850)
	at sun.reflect.NativeMethodAccessorImpl.invoke0(Native Method)
	at sun.reflect.NativeMethodAccessorImpl.invoke(NativeMethodAccessorImpl.java:62)
	at sun.reflect.DelegatingMethodAccessorImpl.invoke(DelegatingMethodAccessorImpl.java:43)
	at java.lang.reflect.Method.invoke(Method.java:498)
	at org.testng.internal.MethodInvocationHelper.invokeMethod(MethodInvocationHelper.java:85)
	at org.testng.internal.Invoker.invokeMethod(Invoker.java:639)
	at org.testng.internal.Invoker.invokeTestMethod(Invoker.java:816)
	at org.testng.internal.Invoker.invokeTestMethods(Invoker.java:1124)
	at org.testng.internal.TestMethodWorker.invokeTestMethods(TestMethodWorker.java:125)
	at org.testng.internal.TestMethodWorker.run(TestMethodWorker.java:108)
	at org.testng.TestRunner.privateRun(TestRunner.java:774)
	at org.testng.TestRunner.run(TestRunner.java:624)
	at org.testng.SuiteRunner.runTest(SuiteRunner.java:359)
	at org.testng.SuiteRunner.runSequentially(SuiteRunner.java:354)
	at org.testng.SuiteRunner.privateRun(SuiteRunner.java:312)
	at org.testng.SuiteRunner.run(SuiteRunner.java:261)
	at org.testng.SuiteRunnerWorker.runSuite(SuiteRunnerWorker.java:52)
	at org.testng.SuiteRunnerWorker.run(SuiteRunnerWorker.java:86)
	at org.testng.TestNG.runSuitesSequentially(TestNG.java:1215)
	at org.testng.TestNG.runSuitesLocally(TestNG.java:1140)
	at org.testng.TestNG.run(TestNG.java:1048)
	at org.apache.maven.surefire.testng.TestNGExecutor.run(TestNGExecutor.java:293)
	at org.apache.maven.surefire.testng.TestNGXmlTestSuite.execute(TestNGXmlTestSuite.java:84)
	at org.apache.maven.surefire.testng.TestNGProvider.invoke(TestNGProvider.java:91)
	at org.apache.maven.surefire.booter.ForkedBooter.invokeProviderInSameClassLoader(ForkedBooter.java:200)
	at org.apache.maven.surefire.booter.ForkedBooter.runSuitesInProcess(ForkedBooter.java:153)
	at org.apache.maven.surefire.booter.ForkedBooter.main(ForkedBooter.java:103)
]]>
    </failure>
  </testcase> <!-- G5_Satisfaction -->
  <testcase name="E3_key2_voicemail2_check" time="26.546" classname="com.yeastar.swebtest.testcase.DetailCase.pbxcase.Queue"/>
  <testcase name="D7_fail_conference" time="52.158" classname="com.yeastar.swebtest.testcase.DetailCase.pbxcase.Queue"/>
  <testcase name="A2_AddQueues" time="47.150" classname="com.yeastar.swebtest.testcase.DetailCase.pbxcase.Queue"/>
  <testcase name="D3_fail_voicemail1" time="61.546" classname="com.yeastar.swebtest.testcase.DetailCase.pbxcase.Queue"/>
  <testcase name="A2_AddQueues" time="37.475" classname="com.yeastar.swebtest.testcase.DetailCase.pbxcase.Queue"/>
  <testcase name="B2_AddInbound" time="31.323" classname="com.yeastar.swebtest.testcase.DetailCase.pbxcase.Queue"/>
  <testcase name="D3_fail_voicemail2_check" time="26.629" classname="com.yeastar.swebtest.testcase.DetailCase.pbxcase.Queue"/>
  <testcase name="I1_fewestcalls" time="73.046" classname="com.yeastar.swebtest.testcase.DetailCase.pbxcase.Queue"/>
  <testcase name="N1_leave_join_empty" time="31.513" classname="com.yeastar.swebtest.testcase.DetailCase.pbxcase.Queue"/>
  <testcase name="E2_key1_extension" time="38.616" classname="com.yeastar.swebtest.testcase.DetailCase.pbxcase.Queue"/>
  <testcase name="F1_dynamic_login6701" time="15.688" classname="com.yeastar.swebtest.testcase.DetailCase.pbxcase.Queue"/>
  <testcase name="H1_leastRecent" time="71.133" classname="com.yeastar.swebtest.testcase.DetailCase.pbxcase.Queue"/>
  <testcase name="J1_random" time="0.014" classname="com.yeastar.swebtest.testcase.DetailCase.pbxcase.Queue"/>
  <testcase name="O1_delete" time="70.150" classname="com.yeastar.swebtest.testcase.DetailCase.pbxcase.Queue"/>
  <testcase name="C3_iax_6701" time="46.990" classname="com.yeastar.swebtest.testcase.DetailCase.pbxcase.Queue"/>
  <testcase name="K2_rrmemory" time="43.124" classname="com.yeastar.swebtest.testcase.DetailCase.pbxcase.Queue"/>
  <testcase name="B2_AddInbound" time="31.149" classname="com.yeastar.swebtest.testcase.DetailCase.pbxcase.Queue"/>
  <testcase name="L2_linear" time="136.140" classname="com.yeastar.swebtest.testcase.DetailCase.pbxcase.Queue"/>
  <testcase name="D5_fail_ringgroup" time="45.581" classname="com.yeastar.swebtest.testcase.DetailCase.pbxcase.Queue"/>
  <testcase name="N7_leave_join_empty" time="28.969" classname="com.yeastar.swebtest.testcase.DetailCase.pbxcase.Queue"/>
  <testcase name="A2_AddQueues" time="49.943" classname="com.yeastar.swebtest.testcase.DetailCase.pbxcase.Queue"/>
  <testcase name="E1_key0_hangup" time="30.700" classname="com.yeastar.swebtest.testcase.DetailCase.pbxcase.Queue"/>
  <testcase name="F4_dynamic_call6701" time="35.990" classname="com.yeastar.swebtest.testcase.DetailCase.pbxcase.Queue"/>
  <testcase name="F8_dynamic_login6713" time="121.654" classname="com.yeastar.swebtest.testcase.DetailCase.pbxcase.Queue">
    <failure type="java.lang.AssertionError" message="动态坐席1101输入密码1 【预期：true 实际：false】">
      <![CDATA[java.lang.AssertionError: 动态坐席1101输入密码1 【预期：true 实际：false】
	at com.yeastar.swebtest.tools.ysassert.YsAssert.fail(YsAssert.java:1086)
	at com.yeastar.swebtest.tools.ysassert.YsAssert.failNotEquals(YsAssert.java:579)
	at com.yeastar.swebtest.tools.ysassert.YsAssert.assertEqualsImpl(YsAssert.java:142)
	at com.yeastar.swebtest.tools.ysassert.YsAssert.assertEquals(YsAssert.java:116)
	at com.yeastar.swebtest.tools.ysassert.YsAssert.assertEquals(YsAssert.java:333)
	at com.yeastar.swebtest.testcase.DetailCase.pbxcase.Queue.F8_dynamic_login6713(Queue.java:728)
	at sun.reflect.NativeMethodAccessorImpl.invoke0(Native Method)
	at sun.reflect.NativeMethodAccessorImpl.invoke(NativeMethodAccessorImpl.java:62)
	at sun.reflect.DelegatingMethodAccessorImpl.invoke(DelegatingMethodAccessorImpl.java:43)
	at java.lang.reflect.Method.invoke(Method.java:498)
	at org.testng.internal.MethodInvocationHelper.invokeMethod(MethodInvocationHelper.java:85)
	at org.testng.internal.Invoker.invokeMethod(Invoker.java:639)
	at org.testng.internal.Invoker.invokeTestMethod(Invoker.java:816)
	at org.testng.internal.Invoker.invokeTestMethods(Invoker.java:1124)
	at org.testng.internal.TestMethodWorker.invokeTestMethods(TestMethodWorker.java:125)
	at org.testng.internal.TestMethodWorker.run(TestMethodWorker.java:108)
	at org.testng.TestRunner.privateRun(TestRunner.java:774)
	at org.testng.TestRunner.run(TestRunner.java:624)
	at org.testng.SuiteRunner.runTest(SuiteRunner.java:359)
	at org.testng.SuiteRunner.runSequentially(SuiteRunner.java:354)
	at org.testng.SuiteRunner.privateRun(SuiteRunner.java:312)
	at org.testng.SuiteRunner.run(SuiteRunner.java:261)
	at org.testng.SuiteRunnerWorker.runSuite(SuiteRunnerWorker.java:52)
	at org.testng.SuiteRunnerWorker.run(SuiteRunnerWorker.java:86)
	at org.testng.TestNG.runSuitesSequentially(TestNG.java:1215)
	at org.testng.TestNG.runSuitesLocally(TestNG.java:1140)
	at org.testng.TestNG.run(TestNG.java:1048)
	at org.apache.maven.surefire.testng.TestNGExecutor.run(TestNGExecutor.java:293)
	at org.apache.maven.surefire.testng.TestNGXmlTestSuite.execute(TestNGXmlTestSuite.java:84)
	at org.apache.maven.surefire.testng.TestNGProvider.invoke(TestNGProvider.java:91)
	at org.apache.maven.surefire.booter.ForkedBooter.invokeProviderInSameClassLoader(ForkedBooter.java:200)
	at org.apache.maven.surefire.booter.ForkedBooter.runSuitesInProcess(ForkedBooter.java:153)
	at org.apache.maven.surefire.booter.ForkedBooter.main(ForkedBooter.java:103)
]]>
    </failure>
  </testcase> <!-- F8_dynamic_login6713 -->
  <testcase name="F9_dynamic_login6714" time="9.228" classname="com.yeastar.swebtest.testcase.DetailCase.pbxcase.Queue"/>
  <testcase name="F6_dynamic_login6711" time="15.906" classname="com.yeastar.swebtest.testcase.DetailCase.pbxcase.Queue"/>
  <testcase name="E7_key6_conference" time="50.652" classname="com.yeastar.swebtest.testcase.DetailCase.pbxcase.Queue"/>
  <testcase name="F3_dynamic_logoff6701" time="13.196" classname="com.yeastar.swebtest.testcase.DetailCase.pbxcase.Queue"/>
  <testcase name="A2_AddQueues" time="46.818" classname="com.yeastar.swebtest.testcase.DetailCase.pbxcase.Queue"/>
  <testcase name="E5_key4_ringgroup" time="45.583" classname="com.yeastar.swebtest.testcase.DetailCase.pbxcase.Queue"/>
</testsuite> <!-- com.yeastar.swebtest.testcase.DetailCase.pbxcase.Queue -->
