<?xml version="1.0" encoding="UTF-8"?>
<!-- Generated by org.testng.reporters.JUnitReportReporter -->
<testsuite hostname="Yeastar-PC" name="com.yeastar.swebtest.testcase.DetailCase.pbxcase.SpeedDial" tests="40" failures="3" timestamp="22 Apr 2018 04:56:57 GMT" time="878.319" errors="0">
  <testcase name="D3_add_incorrect" time="25.937" classname="com.yeastar.swebtest.testcase.DetailCase.pbxcase.SpeedDial"/>
  <testcase name="B3_editSpeedDial" time="20.725" classname="com.yeastar.swebtest.testcase.DetailCase.pbxcase.SpeedDial"/>
  <testcase name="E2_checkSPS" time="28.863" classname="com.yeastar.swebtest.testcase.DetailCase.pbxcase.SpeedDial"/>
  <testcase name="H3_deletePart_no" time="14.452" classname="com.yeastar.swebtest.testcase.DetailCase.pbxcase.SpeedDial"/>
  <testcase name="D1_import" time="24.857" classname="com.yeastar.swebtest.testcase.DetailCase.pbxcase.SpeedDial"/>
  <testcase name="C3_editPrefix" time="8.916" classname="com.yeastar.swebtest.testcase.DetailCase.pbxcase.SpeedDial"/>
  <testcase name="H1_deleteOne_no" time="17.131" classname="com.yeastar.swebtest.testcase.DetailCase.pbxcase.SpeedDial"/>
  <testcase name="C2_checkPrefix2" time="11.099" classname="com.yeastar.swebtest.testcase.DetailCase.pbxcase.SpeedDial"/>
  <testcase name="E8_checkE1" time="0.013" classname="com.yeastar.swebtest.testcase.DetailCase.pbxcase.SpeedDial"/>
  <testcase name="E7_checkPSTN" time="38.165" classname="com.yeastar.swebtest.testcase.DetailCase.pbxcase.SpeedDial">
    <failure type="java.lang.AssertionError" message="CDR被叫方检测 【预期：52000 实际：23001】">
      <![CDATA[java.lang.AssertionError: CDR被叫方检测 【预期：52000 实际：23001】
	at com.yeastar.swebtest.tools.ysassert.YsAssert.fail(YsAssert.java:1086)
	at com.yeastar.swebtest.tools.ysassert.YsAssert.failNotEquals(YsAssert.java:579)
	at com.yeastar.swebtest.tools.ysassert.YsAssert.assertEqualsImpl(YsAssert.java:142)
	at com.yeastar.swebtest.tools.ysassert.YsAssert.assertEquals(YsAssert.java:116)
	at com.yeastar.swebtest.tools.ysassert.YsAssert.assertEquals(YsAssert.java:199)
	at com.yeastar.swebtest.driver.YSMethod.YS_Extension.checkCDR(YS_Extension.java:263)
	at com.yeastar.swebtest.driver.YSMethod.YS_Extension.checkCDR(YS_Extension.java:252)
	at com.yeastar.swebtest.testcase.DetailCase.pbxcase.SpeedDial.E7_checkPSTN(SpeedDial.java:403)
	at sun.reflect.NativeMethodAccessorImpl.invoke0(Native Method)
	at sun.reflect.NativeMethodAccessorImpl.invoke(NativeMethodAccessorImpl.java:62)
	at sun.reflect.DelegatingMethodAccessorImpl.invoke(DelegatingMethodAccessorImpl.java:43)
	at java.lang.reflect.Method.invoke(Method.java:498)
	at org.testng.internal.MethodInvocationHelper.invokeMethod(MethodInvocationHelper.java:85)
	at org.testng.internal.Invoker.invokeMethod(Invoker.java:639)
	at org.testng.internal.Invoker.invokeTestMethod(Invoker.java:816)
	at org.testng.internal.Invoker.invokeTestMethods(Invoker.java:1124)
	at org.testng.internal.TestMethodWorker.invokeTestMethods(TestMethodWorker.java:125)
	at org.testng.internal.TestMethodWorker.run(TestMethodWorker.java:108)
	at org.testng.TestRunner.privateRun(TestRunner.java:774)
	at org.testng.TestRunner.run(TestRunner.java:624)
	at org.testng.SuiteRunner.runTest(SuiteRunner.java:359)
	at org.testng.SuiteRunner.runSequentially(SuiteRunner.java:354)
	at org.testng.SuiteRunner.privateRun(SuiteRunner.java:312)
	at org.testng.SuiteRunner.run(SuiteRunner.java:261)
	at org.testng.SuiteRunnerWorker.runSuite(SuiteRunnerWorker.java:52)
	at org.testng.SuiteRunnerWorker.run(SuiteRunnerWorker.java:86)
	at org.testng.TestNG.runSuitesSequentially(TestNG.java:1215)
	at org.testng.TestNG.runSuitesLocally(TestNG.java:1140)
	at org.testng.TestNG.run(TestNG.java:1048)
	at org.apache.maven.surefire.testng.TestNGExecutor.run(TestNGExecutor.java:293)
	at org.apache.maven.surefire.testng.TestNGXmlTestSuite.execute(TestNGXmlTestSuite.java:84)
	at org.apache.maven.surefire.testng.TestNGProvider.invoke(TestNGProvider.java:91)
	at org.apache.maven.surefire.booter.ForkedBooter.invokeProviderInSameClassLoader(ForkedBooter.java:200)
	at org.apache.maven.surefire.booter.ForkedBooter.runSuitesInProcess(ForkedBooter.java:153)
	at org.apache.maven.surefire.booter.ForkedBooter.main(ForkedBooter.java:103)
]]>
    </failure>
  </testcase> <!-- E7_checkPSTN -->
  <testcase name="H5_deleteAll_no" time="9.797" classname="com.yeastar.swebtest.testcase.DetailCase.pbxcase.SpeedDial"/>
  <testcase name="E3_checkAccount" time="0.016" classname="com.yeastar.swebtest.testcase.DetailCase.pbxcase.SpeedDial"/>
  <testcase name="H4_deletePart_yes" time="14.348" classname="com.yeastar.swebtest.testcase.DetailCase.pbxcase.SpeedDial"/>
  <testcase name="G1_editOutRoute" time="34.847" classname="com.yeastar.swebtest.testcase.DetailCase.pbxcase.SpeedDial"/>
  <testcase name="E1_checkSIP" time="28.662" classname="com.yeastar.swebtest.testcase.DetailCase.pbxcase.SpeedDial"/>
  <testcase name="A_addExtension" time="28.672" classname="com.yeastar.swebtest.testcase.DetailCase.pbxcase.SpeedDial"/>
  <testcase name="G3_checkSPS" time="28.920" classname="com.yeastar.swebtest.testcase.DetailCase.pbxcase.SpeedDial"/>
  <testcase name="C2_checkPrefix1" time="11.096" classname="com.yeastar.swebtest.testcase.DetailCase.pbxcase.SpeedDial"/>
  <testcase name="B1_addSpeedDial" time="35.451" classname="com.yeastar.swebtest.testcase.DetailCase.pbxcase.SpeedDial"/>
  <testcase name="E9_checkGSM" time="2.132" classname="com.yeastar.swebtest.testcase.DetailCase.pbxcase.SpeedDial"/>
  <testcase name="G2_checkSPS" time="14.103" classname="com.yeastar.swebtest.testcase.DetailCase.pbxcase.SpeedDial"/>
  <testcase name="D2_add_outRouteDial" time="71.178" classname="com.yeastar.swebtest.testcase.DetailCase.pbxcase.SpeedDial"/>
  <testcase name="C1_editPrefix" time="8.968" classname="com.yeastar.swebtest.testcase.DetailCase.pbxcase.SpeedDial"/>
  <testcase name="I_recovery1" time="8.772" classname="com.yeastar.swebtest.testcase.DetailCase.pbxcase.SpeedDial"/>
  <testcase name="C5_editPrefix" time="8.753" classname="com.yeastar.swebtest.testcase.DetailCase.pbxcase.SpeedDial"/>
  <testcase name="E6_checkBRI" time="37.992" classname="com.yeastar.swebtest.testcase.DetailCase.pbxcase.SpeedDial">
    <failure type="java.lang.AssertionError" message="CDR被叫方检测 【预期：62000 实际：23001】">
      <![CDATA[java.lang.AssertionError: CDR被叫方检测 【预期：62000 实际：23001】
	at com.yeastar.swebtest.tools.ysassert.YsAssert.fail(YsAssert.java:1086)
	at com.yeastar.swebtest.tools.ysassert.YsAssert.failNotEquals(YsAssert.java:579)
	at com.yeastar.swebtest.tools.ysassert.YsAssert.assertEqualsImpl(YsAssert.java:142)
	at com.yeastar.swebtest.tools.ysassert.YsAssert.assertEquals(YsAssert.java:116)
	at com.yeastar.swebtest.tools.ysassert.YsAssert.assertEquals(YsAssert.java:199)
	at com.yeastar.swebtest.driver.YSMethod.YS_Extension.checkCDR(YS_Extension.java:263)
	at com.yeastar.swebtest.driver.YSMethod.YS_Extension.checkCDR(YS_Extension.java:252)
	at com.yeastar.swebtest.testcase.DetailCase.pbxcase.SpeedDial.E6_checkBRI(SpeedDial.java:385)
	at sun.reflect.NativeMethodAccessorImpl.invoke0(Native Method)
	at sun.reflect.NativeMethodAccessorImpl.invoke(NativeMethodAccessorImpl.java:62)
	at sun.reflect.DelegatingMethodAccessorImpl.invoke(DelegatingMethodAccessorImpl.java:43)
	at java.lang.reflect.Method.invoke(Method.java:498)
	at org.testng.internal.MethodInvocationHelper.invokeMethod(MethodInvocationHelper.java:85)
	at org.testng.internal.Invoker.invokeMethod(Invoker.java:639)
	at org.testng.internal.Invoker.invokeTestMethod(Invoker.java:816)
	at org.testng.internal.Invoker.invokeTestMethods(Invoker.java:1124)
	at org.testng.internal.TestMethodWorker.invokeTestMethods(TestMethodWorker.java:125)
	at org.testng.internal.TestMethodWorker.run(TestMethodWorker.java:108)
	at org.testng.TestRunner.privateRun(TestRunner.java:774)
	at org.testng.TestRunner.run(TestRunner.java:624)
	at org.testng.SuiteRunner.runTest(SuiteRunner.java:359)
	at org.testng.SuiteRunner.runSequentially(SuiteRunner.java:354)
	at org.testng.SuiteRunner.privateRun(SuiteRunner.java:312)
	at org.testng.SuiteRunner.run(SuiteRunner.java:261)
	at org.testng.SuiteRunnerWorker.runSuite(SuiteRunnerWorker.java:52)
	at org.testng.SuiteRunnerWorker.run(SuiteRunnerWorker.java:86)
	at org.testng.TestNG.runSuitesSequentially(TestNG.java:1215)
	at org.testng.TestNG.runSuitesLocally(TestNG.java:1140)
	at org.testng.TestNG.run(TestNG.java:1048)
	at org.apache.maven.surefire.testng.TestNGExecutor.run(TestNGExecutor.java:293)
	at org.apache.maven.surefire.testng.TestNGXmlTestSuite.execute(TestNGXmlTestSuite.java:84)
	at org.apache.maven.surefire.testng.TestNGProvider.invoke(TestNGProvider.java:91)
	at org.apache.maven.surefire.booter.ForkedBooter.invokeProviderInSameClassLoader(ForkedBooter.java:200)
	at org.apache.maven.surefire.booter.ForkedBooter.runSuitesInProcess(ForkedBooter.java:153)
	at org.apache.maven.surefire.booter.ForkedBooter.main(ForkedBooter.java:103)
]]>
    </failure>
  </testcase> <!-- E6_checkBRI -->
  <testcase name="C7_editPrefix" time="8.955" classname="com.yeastar.swebtest.testcase.DetailCase.pbxcase.SpeedDial"/>
  <testcase name="B2_checkSpeedDial" time="28.895" classname="com.yeastar.swebtest.testcase.DetailCase.pbxcase.SpeedDial"/>
  <testcase name="C4_checkPrefix" time="28.698" classname="com.yeastar.swebtest.testcase.DetailCase.pbxcase.SpeedDial"/>
  <testcase name="B4_checkSpeedDial1" time="11.118" classname="com.yeastar.swebtest.testcase.DetailCase.pbxcase.SpeedDial"/>
  <testcase name="C6_checkPrefix" time="28.736" classname="com.yeastar.swebtest.testcase.DetailCase.pbxcase.SpeedDial"/>
  <testcase name="I_recovery2" time="29.958" classname="com.yeastar.swebtest.testcase.DetailCase.pbxcase.SpeedDial"/>
  <testcase name="C8_checkPrefix" time="28.724" classname="com.yeastar.swebtest.testcase.DetailCase.pbxcase.SpeedDial"/>
  <testcase name="F_checkIncorrect" time="16.167" classname="com.yeastar.swebtest.testcase.DetailCase.pbxcase.SpeedDial"/>
  <testcase name="B4_checkSpeedDial2" time="28.877" classname="com.yeastar.swebtest.testcase.DetailCase.pbxcase.SpeedDial"/>
  <testcase name="H6_deleteAll_yes" time="13.422" classname="com.yeastar.swebtest.testcase.DetailCase.pbxcase.SpeedDial"/>
  <testcase name="E4_checkIAX" time="28.861" classname="com.yeastar.swebtest.testcase.DetailCase.pbxcase.SpeedDial"/>
  <testcase name="H2_deleteOne_yes" time="24.876" classname="com.yeastar.swebtest.testcase.DetailCase.pbxcase.SpeedDial"/>
  <testcase name="E5_checkSPX" time="38.457" classname="com.yeastar.swebtest.testcase.DetailCase.pbxcase.SpeedDial">
    <failure type="java.lang.AssertionError" message="CDR被叫方检测 【预期：42000 实际：23001】">
      <![CDATA[java.lang.AssertionError: CDR被叫方检测 【预期：42000 实际：23001】
	at com.yeastar.swebtest.tools.ysassert.YsAssert.fail(YsAssert.java:1086)
	at com.yeastar.swebtest.tools.ysassert.YsAssert.failNotEquals(YsAssert.java:579)
	at com.yeastar.swebtest.tools.ysassert.YsAssert.assertEqualsImpl(YsAssert.java:142)
	at com.yeastar.swebtest.tools.ysassert.YsAssert.assertEquals(YsAssert.java:116)
	at com.yeastar.swebtest.tools.ysassert.YsAssert.assertEquals(YsAssert.java:199)
	at com.yeastar.swebtest.driver.YSMethod.YS_Extension.checkCDR(YS_Extension.java:263)
	at com.yeastar.swebtest.driver.YSMethod.YS_Extension.checkCDR(YS_Extension.java:252)
	at com.yeastar.swebtest.testcase.DetailCase.pbxcase.SpeedDial.E5_checkSPX(SpeedDial.java:368)
	at sun.reflect.NativeMethodAccessorImpl.invoke0(Native Method)
	at sun.reflect.NativeMethodAccessorImpl.invoke(NativeMethodAccessorImpl.java:62)
	at sun.reflect.DelegatingMethodAccessorImpl.invoke(DelegatingMethodAccessorImpl.java:43)
	at java.lang.reflect.Method.invoke(Method.java:498)
	at org.testng.internal.MethodInvocationHelper.invokeMethod(MethodInvocationHelper.java:85)
	at org.testng.internal.Invoker.invokeMethod(Invoker.java:639)
	at org.testng.internal.Invoker.invokeTestMethod(Invoker.java:816)
	at org.testng.internal.Invoker.invokeTestMethods(Invoker.java:1124)
	at org.testng.internal.TestMethodWorker.invokeTestMethods(TestMethodWorker.java:125)
	at org.testng.internal.TestMethodWorker.run(TestMethodWorker.java:108)
	at org.testng.TestRunner.privateRun(TestRunner.java:774)
	at org.testng.TestRunner.run(TestRunner.java:624)
	at org.testng.SuiteRunner.runTest(SuiteRunner.java:359)
	at org.testng.SuiteRunner.runSequentially(SuiteRunner.java:354)
	at org.testng.SuiteRunner.privateRun(SuiteRunner.java:312)
	at org.testng.SuiteRunner.run(SuiteRunner.java:261)
	at org.testng.SuiteRunnerWorker.runSuite(SuiteRunnerWorker.java:52)
	at org.testng.SuiteRunnerWorker.run(SuiteRunnerWorker.java:86)
	at org.testng.TestNG.runSuitesSequentially(TestNG.java:1215)
	at org.testng.TestNG.runSuitesLocally(TestNG.java:1140)
	at org.testng.TestNG.run(TestNG.java:1048)
	at org.apache.maven.surefire.testng.TestNGExecutor.run(TestNGExecutor.java:293)
	at org.apache.maven.surefire.testng.TestNGXmlTestSuite.execute(TestNGXmlTestSuite.java:84)
	at org.apache.maven.surefire.testng.TestNGProvider.invoke(TestNGProvider.java:91)
	at org.apache.maven.surefire.booter.ForkedBooter.invokeProviderInSameClassLoader(ForkedBooter.java:200)
	at org.apache.maven.surefire.booter.ForkedBooter.runSuitesInProcess(ForkedBooter.java:153)
	at org.apache.maven.surefire.booter.ForkedBooter.main(ForkedBooter.java:103)
]]>
    </failure>
  </testcase> <!-- E5_checkSPX -->
  <testcase name="C2_checkPrefix3" time="28.710" classname="com.yeastar.swebtest.testcase.DetailCase.pbxcase.SpeedDial"/>
</testsuite> <!-- com.yeastar.swebtest.testcase.DetailCase.pbxcase.SpeedDial -->
