<?xml version="1.0" encoding="UTF-8"?>
<!-- Generated by org.testng.reporters.JUnitReportReporter -->
<testsuite hostname="Yeastar-PC" name="com.yeastar.swebtest.testcase.DetailCase.pbxcase.PINList" tests="17" failures="0" timestamp="22 Apr 2018 04:56:57 GMT" time="427.448" errors="0">
  <testcase name="H1_deleteOnePin_no" time="19.856" classname="com.yeastar.swebtest.testcase.DetailCase.pbxcase.PINList"/>
  <testcase name="K2_recovery_Pin" time="10.276" classname="com.yeastar.swebtest.testcase.DetailCase.pbxcase.PINList"/>
  <testcase name="H2_deleteOnePin_yes" time="27.905" classname="com.yeastar.swebtest.testcase.DetailCase.pbxcase.PINList"/>
  <testcase name="I_checkPin" time="36.775" classname="com.yeastar.swebtest.testcase.DetailCase.pbxcase.PINList"/>
  <testcase name="B_addPin" time="19.005" classname="com.yeastar.swebtest.testcase.DetailCase.pbxcase.PINList"/>
  <testcase name="G_checkPin" time="58.133" classname="com.yeastar.swebtest.testcase.DetailCase.pbxcase.PINList"/>
  <testcase name="E_checkPin" time="53.297" classname="com.yeastar.swebtest.testcase.DetailCase.pbxcase.PINList"/>
  <testcase name="J3_deleteAllPin_no" time="9.829" classname="com.yeastar.swebtest.testcase.DetailCase.pbxcase.PINList"/>
  <testcase name="F_deletePinNumber" time="23.259" classname="com.yeastar.swebtest.testcase.DetailCase.pbxcase.PINList"/>
  <testcase name="J1_deletePartPin_no" time="14.431" classname="com.yeastar.swebtest.testcase.DetailCase.pbxcase.PINList"/>
  <testcase name="J2_deletePartPin_yes" time="13.360" classname="com.yeastar.swebtest.testcase.DetailCase.pbxcase.PINList"/>
  <testcase name="D_editInRoute" time="34.166" classname="com.yeastar.swebtest.testcase.DetailCase.pbxcase.PINList"/>
  <testcase name="C_editDISA" time="29.218" classname="com.yeastar.swebtest.testcase.DetailCase.pbxcase.PINList"/>
  <testcase name="A_addExtension" time="12.292" classname="com.yeastar.swebtest.testcase.DetailCase.pbxcase.PINList"/>
  <testcase name="J4_deleteAllPin_yes" time="13.344" classname="com.yeastar.swebtest.testcase.DetailCase.pbxcase.PINList"/>
  <testcase name="K1_recovery_InRoute" time="27.794" classname="com.yeastar.swebtest.testcase.DetailCase.pbxcase.PINList"/>
  <testcase name="K3_recovery_Disa" time="24.508" classname="com.yeastar.swebtest.testcase.DetailCase.pbxcase.PINList"/>
</testsuite> <!-- com.yeastar.swebtest.testcase.DetailCase.pbxcase.PINList -->
