<?xml version="1.0" encoding="UTF-8"?>
<!-- Generated by org.testng.reporters.JUnitReportReporter -->
<testsuite hostname="Yeastar-PC" name="com.yeastar.swebtest.testcase.DetailCase.pbxcase.VoicePrompts" tests="11" failures="1" timestamp="22 Apr 2018 04:56:57 GMT" time="419.557" errors="0">
  <testcase name="A2_record_prompt1" time="41.386" classname="com.yeastar.swebtest.testcase.DetailCase.pbxcase.VoicePrompts"/>
  <testcase name="D_upload" time="12.283" classname="com.yeastar.swebtest.testcase.DetailCase.pbxcase.VoicePrompts"/>
  <testcase name="F_CreateNewPlaylist" time="18.363" classname="com.yeastar.swebtest.testcase.DetailCase.pbxcase.VoicePrompts">
    <failure type="java.lang.AssertionError" message="Autotest未自动显示 【预期：Autotest 实际：default】">
      <![CDATA[java.lang.AssertionError: Autotest未自动显示 【预期：Autotest 实际：default】
	at com.yeastar.swebtest.tools.ysassert.YsAssert.fail(YsAssert.java:1086)
	at com.yeastar.swebtest.tools.ysassert.YsAssert.failNotEquals(YsAssert.java:579)
	at com.yeastar.swebtest.tools.ysassert.YsAssert.assertEqualsImpl(YsAssert.java:142)
	at com.yeastar.swebtest.tools.ysassert.YsAssert.assertEquals(YsAssert.java:116)
	at com.yeastar.swebtest.tools.ysassert.YsAssert.assertEquals(YsAssert.java:199)
	at com.yeastar.swebtest.testcase.DetailCase.pbxcase.VoicePrompts.F_CreateNewPlaylist(VoicePrompts.java:227)
	at sun.reflect.NativeMethodAccessorImpl.invoke0(Native Method)
	at sun.reflect.NativeMethodAccessorImpl.invoke(NativeMethodAccessorImpl.java:62)
	at sun.reflect.DelegatingMethodAccessorImpl.invoke(DelegatingMethodAccessorImpl.java:43)
	at java.lang.reflect.Method.invoke(Method.java:498)
	at org.testng.internal.MethodInvocationHelper.invokeMethod(MethodInvocationHelper.java:85)
	at org.testng.internal.Invoker.invokeMethod(Invoker.java:639)
	at org.testng.internal.Invoker.invokeTestMethod(Invoker.java:816)
	at org.testng.internal.Invoker.invokeTestMethods(Invoker.java:1124)
	at org.testng.internal.TestMethodWorker.invokeTestMethods(TestMethodWorker.java:125)
	at org.testng.internal.TestMethodWorker.run(TestMethodWorker.java:108)
	at org.testng.TestRunner.privateRun(TestRunner.java:774)
	at org.testng.TestRunner.run(TestRunner.java:624)
	at org.testng.SuiteRunner.runTest(SuiteRunner.java:359)
	at org.testng.SuiteRunner.runSequentially(SuiteRunner.java:354)
	at org.testng.SuiteRunner.privateRun(SuiteRunner.java:312)
	at org.testng.SuiteRunner.run(SuiteRunner.java:261)
	at org.testng.SuiteRunnerWorker.runSuite(SuiteRunnerWorker.java:52)
	at org.testng.SuiteRunnerWorker.run(SuiteRunnerWorker.java:86)
	at org.testng.TestNG.runSuitesSequentially(TestNG.java:1215)
	at org.testng.TestNG.runSuitesLocally(TestNG.java:1140)
	at org.testng.TestNG.run(TestNG.java:1048)
	at org.apache.maven.surefire.testng.TestNGExecutor.run(TestNGExecutor.java:293)
	at org.apache.maven.surefire.testng.TestNGXmlTestSuite.execute(TestNGXmlTestSuite.java:84)
	at org.apache.maven.surefire.testng.TestNGProvider.invoke(TestNGProvider.java:91)
	at org.apache.maven.surefire.booter.ForkedBooter.invokeProviderInSameClassLoader(ForkedBooter.java:200)
	at org.apache.maven.surefire.booter.ForkedBooter.runSuitesInProcess(ForkedBooter.java:153)
	at org.apache.maven.surefire.booter.ForkedBooter.main(ForkedBooter.java:103)
]]>
    </failure>
  </testcase> <!-- F_CreateNewPlaylist -->
  <testcase name="A5_record_AgentAnnouncement" time="41.642" classname="com.yeastar.swebtest.testcase.DetailCase.pbxcase.VoicePrompts"/>
  <testcase name="E_MusicOnHold" time="21.901" classname="com.yeastar.swebtest.testcase.DetailCase.pbxcase.VoicePrompts"/>
  <testcase name="C_reRecord" time="52.196" classname="com.yeastar.swebtest.testcase.DetailCase.pbxcase.VoicePrompts"/>
  <testcase name="A1_record_satisfaction" time="41.738" classname="com.yeastar.swebtest.testcase.DetailCase.pbxcase.VoicePrompts"/>
  <testcase name="A4_record_Join" time="46.622" classname="com.yeastar.swebtest.testcase.DetailCase.pbxcase.VoicePrompts"/>
  <testcase name="G_UploadMusicOnHold" time="38.596" classname="com.yeastar.swebtest.testcase.DetailCase.pbxcase.VoicePrompts"/>
  <testcase name="A3_record_agentid" time="47.473" classname="com.yeastar.swebtest.testcase.DetailCase.pbxcase.VoicePrompts"/>
  <testcase name="B_play" time="57.357" classname="com.yeastar.swebtest.testcase.DetailCase.pbxcase.VoicePrompts"/>
</testsuite> <!-- com.yeastar.swebtest.testcase.DetailCase.pbxcase.VoicePrompts -->
