<?xml version="1.0" encoding="UTF-8"?>
<!-- Generated by org.testng.reporters.JUnitReportReporter -->
<testsuite hostname="Yeastar-PC" name="com.yeastar.swebtest.testcase.DetailCase.pbxcase.OutboundRestriction" tests="77" failures="0" timestamp="22 Apr 2018 04:56:57 GMT" time="3383.093" errors="0">
  <testcase name="E1_addRestriction" time="30.664" classname="com.yeastar.swebtest.testcase.DetailCase.pbxcase.OutboundRestriction"/>
  <testcase name="H2_deletePart_yes" time="13.403" classname="com.yeastar.swebtest.testcase.DetailCase.pbxcase.OutboundRestriction"/>
  <testcase name="C3_checkCallOut6_pstn" time="12.790" classname="com.yeastar.swebtest.testcase.DetailCase.pbxcase.OutboundRestriction"/>
  <testcase name="I_recovery7" time="50.612" classname="com.yeastar.swebtest.testcase.DetailCase.pbxcase.OutboundRestriction"/>
  <testcase name="E7_1addExtension" time="63.837" classname="com.yeastar.swebtest.testcase.DetailCase.pbxcase.OutboundRestriction"/>
  <testcase name="E2_Restriction2" time="241.590" classname="com.yeastar.swebtest.testcase.DetailCase.pbxcase.OutboundRestriction"/>
  <testcase name="C3_checkCallOut2_spx" time="12.128" classname="com.yeastar.swebtest.testcase.DetailCase.pbxcase.OutboundRestriction"/>
  <testcase name="D8_checkRestriction" time="28.723" classname="com.yeastar.swebtest.testcase.DetailCase.pbxcase.OutboundRestriction"/>
  <testcase name="D1_checkCallIn4_spx" time="28.809" classname="com.yeastar.swebtest.testcase.DetailCase.pbxcase.OutboundRestriction"/>
  <testcase name="E3_check1_callOut" time="12.111" classname="com.yeastar.swebtest.testcase.DetailCase.pbxcase.OutboundRestriction"/>
  <testcase name="I_recovery3" time="48.192" classname="com.yeastar.swebtest.testcase.DetailCase.pbxcase.OutboundRestriction"/>
  <testcase name="E7_3editOutRoute" time="126.820" classname="com.yeastar.swebtest.testcase.DetailCase.pbxcase.OutboundRestriction"/>
  <testcase name="C3_checkCallOut7_gsm" time="0.054" classname="com.yeastar.swebtest.testcase.DetailCase.pbxcase.OutboundRestriction"/>
  <testcase name="C1_checkRestriction" time="301.639" classname="com.yeastar.swebtest.testcase.DetailCase.pbxcase.OutboundRestriction"/>
  <testcase name="F6_checkRestriction" time="12.178" classname="com.yeastar.swebtest.testcase.DetailCase.pbxcase.OutboundRestriction"/>
  <testcase name="E2_Restriction4" time="184.402" classname="com.yeastar.swebtest.testcase.DetailCase.pbxcase.OutboundRestriction"/>
  <testcase name="G2_checkRestriction1" time="236.682" classname="com.yeastar.swebtest.testcase.DetailCase.pbxcase.OutboundRestriction"/>
  <testcase name="H1_deletePart_no" time="15.981" classname="com.yeastar.swebtest.testcase.DetailCase.pbxcase.OutboundRestriction"/>
  <testcase name="E2_Restriction3" time="215.592" classname="com.yeastar.swebtest.testcase.DetailCase.pbxcase.OutboundRestriction"/>
  <testcase name="C3_checkCallOut4_bri" time="12.615" classname="com.yeastar.swebtest.testcase.DetailCase.pbxcase.OutboundRestriction"/>
  <testcase name="D7_checkExtension_yes" time="15.687" classname="com.yeastar.swebtest.testcase.DetailCase.pbxcase.OutboundRestriction"/>
  <testcase name="E3_check5_callIn_internal" time="29.927" classname="com.yeastar.swebtest.testcase.DetailCase.pbxcase.OutboundRestriction"/>
  <testcase name="D1_checkCallIn3_iax" time="30.250" classname="com.yeastar.swebtest.testcase.DetailCase.pbxcase.OutboundRestriction"/>
  <testcase name="C3_checkCallOut3_iax" time="12.196" classname="com.yeastar.swebtest.testcase.DetailCase.pbxcase.OutboundRestriction"/>
  <testcase name="E2_Restriction1" time="195.925" classname="com.yeastar.swebtest.testcase.DetailCase.pbxcase.OutboundRestriction"/>
  <testcase name="E9_checkExtension1" time="30.274" classname="com.yeastar.swebtest.testcase.DetailCase.pbxcase.OutboundRestriction"/>
  <testcase name="C2_checkCallOut_internal" time="30.068" classname="com.yeastar.swebtest.testcase.DetailCase.pbxcase.OutboundRestriction"/>
  <testcase name="G5_checkRestriction1" time="142.154" classname="com.yeastar.swebtest.testcase.DetailCase.pbxcase.OutboundRestriction"/>
  <testcase name="F2_checkExtension" time="12.187" classname="com.yeastar.swebtest.testcase.DetailCase.pbxcase.OutboundRestriction"/>
  <testcase name="H4_deleteAll_yes" time="13.352" classname="com.yeastar.swebtest.testcase.DetailCase.pbxcase.OutboundRestriction"/>
  <testcase name="D2_checkCallOut9_EmergencyNum" time="59.614" classname="com.yeastar.swebtest.testcase.DetailCase.pbxcase.OutboundRestriction"/>
  <testcase name="E8_registerExtension" time="14.476" classname="com.yeastar.swebtest.testcase.DetailCase.pbxcase.OutboundRestriction"/>
  <testcase name="E7_4editInRoute" time="34.668" classname="com.yeastar.swebtest.testcase.DetailCase.pbxcase.OutboundRestriction"/>
  <testcase name="G6_CancelRestriction3" time="23.206" classname="com.yeastar.swebtest.testcase.DetailCase.pbxcase.OutboundRestriction"/>
  <testcase name="G1_addRestriction_Extension" time="19.610" classname="com.yeastar.swebtest.testcase.DetailCase.pbxcase.OutboundRestriction"/>
  <testcase name="E6_deleteExtension" time="33.825" classname="com.yeastar.swebtest.testcase.DetailCase.pbxcase.OutboundRestriction"/>
  <testcase name="E9_checkExtension2" time="31.068" classname="com.yeastar.swebtest.testcase.DetailCase.pbxcase.OutboundRestriction"/>
  <testcase name="E3_check2_callOut" time="12.111" classname="com.yeastar.swebtest.testcase.DetailCase.pbxcase.OutboundRestriction"/>
  <testcase name="I_recovery2" time="18.030" classname="com.yeastar.swebtest.testcase.DetailCase.pbxcase.OutboundRestriction"/>
  <testcase name="D5_checkExtension_no" time="25.103" classname="com.yeastar.swebtest.testcase.DetailCase.pbxcase.OutboundRestriction"/>
  <testcase name="H3_deleteAll_no" time="9.796" classname="com.yeastar.swebtest.testcase.DetailCase.pbxcase.OutboundRestriction"/>
  <testcase name="G6_CancelRestriction2" time="21.692" classname="com.yeastar.swebtest.testcase.DetailCase.pbxcase.OutboundRestriction"/>
  <testcase name="F1_removeExtension" time="27.874" classname="com.yeastar.swebtest.testcase.DetailCase.pbxcase.OutboundRestriction"/>
  <testcase name="I_recovery6" time="40.086" classname="com.yeastar.swebtest.testcase.DetailCase.pbxcase.OutboundRestriction"/>
  <testcase name="F4_checkRestriction" time="30.229" classname="com.yeastar.swebtest.testcase.DetailCase.pbxcase.OutboundRestriction"/>
  <testcase name="C3_checkCallOut1_sip" time="12.119" classname="com.yeastar.swebtest.testcase.DetailCase.pbxcase.OutboundRestriction"/>
  <testcase name="B2_addEmergencyNum" time="31.811" classname="com.yeastar.swebtest.testcase.DetailCase.pbxcase.OutboundRestriction"/>
  <testcase name="D1_checkCallIn5_bri" time="29.180" classname="com.yeastar.swebtest.testcase.DetailCase.pbxcase.OutboundRestriction"/>
  <testcase name="I_recovery5" time="38.557" classname="com.yeastar.swebtest.testcase.DetailCase.pbxcase.OutboundRestriction"/>
  <testcase name="E3_check3_callOut_internal" time="37.297" classname="com.yeastar.swebtest.testcase.DetailCase.pbxcase.OutboundRestriction"/>
  <testcase name="I_recovery1" time="7.097" classname="com.yeastar.swebtest.testcase.DetailCase.pbxcase.OutboundRestriction"/>
  <testcase name="I_recovery4" time="32.735" classname="com.yeastar.swebtest.testcase.DetailCase.pbxcase.OutboundRestriction"/>
  <testcase name="D1_checkCallIn7_pstn" time="29.941" classname="com.yeastar.swebtest.testcase.DetailCase.pbxcase.OutboundRestriction"/>
  <testcase name="G4_addRestriction" time="16.199" classname="com.yeastar.swebtest.testcase.DetailCase.pbxcase.OutboundRestriction"/>
  <testcase name="D1_checkCallIn1_sip" time="30.284" classname="com.yeastar.swebtest.testcase.DetailCase.pbxcase.OutboundRestriction"/>
  <testcase name="E3_check6_EmergencyNum" time="62.391" classname="com.yeastar.swebtest.testcase.DetailCase.pbxcase.OutboundRestriction"/>
  <testcase name="A_addExtension" time="52.087" classname="com.yeastar.swebtest.testcase.DetailCase.pbxcase.OutboundRestriction"/>
  <testcase name="D1_checkCallIn2_sps" time="29.999" classname="com.yeastar.swebtest.testcase.DetailCase.pbxcase.OutboundRestriction"/>
  <testcase name="C3_checkCallOut8_account" time="0.025" classname="com.yeastar.swebtest.testcase.DetailCase.pbxcase.OutboundRestriction"/>
  <testcase name="E9_checkExtension3" time="12.117" classname="com.yeastar.swebtest.testcase.DetailCase.pbxcase.OutboundRestriction"/>
  <testcase name="E7_2editExtensionGroup" time="33.528" classname="com.yeastar.swebtest.testcase.DetailCase.pbxcase.OutboundRestriction"/>
  <testcase name="D1_checkCallIn9_account" time="0.028" classname="com.yeastar.swebtest.testcase.DetailCase.pbxcase.OutboundRestriction"/>
  <testcase name="D4_checkCallOut_sps" time="12.997" classname="com.yeastar.swebtest.testcase.DetailCase.pbxcase.OutboundRestriction"/>
  <testcase name="D1_checkCallIn6_e1" time="0.026" classname="com.yeastar.swebtest.testcase.DetailCase.pbxcase.OutboundRestriction"/>
  <testcase name="E3_check4_callIn" time="29.816" classname="com.yeastar.swebtest.testcase.DetailCase.pbxcase.OutboundRestriction"/>
  <testcase name="G7_checkRestriction1" time="30.468" classname="com.yeastar.swebtest.testcase.DetailCase.pbxcase.OutboundRestriction"/>
  <testcase name="D3_deleteRestriction" time="46.196" classname="com.yeastar.swebtest.testcase.DetailCase.pbxcase.OutboundRestriction"/>
  <testcase name="C3_checkCallOut5_e1" time="0.035" classname="com.yeastar.swebtest.testcase.DetailCase.pbxcase.OutboundRestriction"/>
  <testcase name="F3_CancelRestriction" time="41.115" classname="com.yeastar.swebtest.testcase.DetailCase.pbxcase.OutboundRestriction"/>
  <testcase name="B1_addRestriction" time="36.507" classname="com.yeastar.swebtest.testcase.DetailCase.pbxcase.OutboundRestriction"/>
  <testcase name="D6_checkRestriction" time="12.110" classname="com.yeastar.swebtest.testcase.DetailCase.pbxcase.OutboundRestriction"/>
  <testcase name="D2_checkCallIn1_internal" time="30.515" classname="com.yeastar.swebtest.testcase.DetailCase.pbxcase.OutboundRestriction"/>
  <testcase name="D1_checkCallIn8_gsm" time="0.032" classname="com.yeastar.swebtest.testcase.DetailCase.pbxcase.OutboundRestriction"/>
  <testcase name="G7_checkRestriction2" time="29.862" classname="com.yeastar.swebtest.testcase.DetailCase.pbxcase.OutboundRestriction"/>
  <testcase name="F5_Restriction" time="39.598" classname="com.yeastar.swebtest.testcase.DetailCase.pbxcase.OutboundRestriction"/>
  <testcase name="G7_checkRestriction3" time="32.052" classname="com.yeastar.swebtest.testcase.DetailCase.pbxcase.OutboundRestriction"/>
  <testcase name="G6_CancelRestriction1" time="24.139" classname="com.yeastar.swebtest.testcase.DetailCase.pbxcase.OutboundRestriction"/>
</testsuite> <!-- com.yeastar.swebtest.testcase.DetailCase.pbxcase.OutboundRestriction -->
