<?xml version="1.0" encoding="UTF-8"?>
<!-- Generated by org.testng.reporters.JUnitReportReporter -->
<testsuite hostname="Yeastar-PC" name="com.yeastar.swebtest.testcase.DetailCase.pbxcase.Conference" tests="42" failures="1" timestamp="18 Oct 2018 08:09:17 GMT" time="1556.227" errors="0">
  <testcase name="F1_waitModerator" time="261.373" classname="com.yeastar.swebtest.testcase.DetailCase.pbxcase.Conference"/>
  <testcase name="C4_spx" time="0.017" classname="com.yeastar.swebtest.testcase.DetailCase.pbxcase.Conference"/>
  <testcase name="D4_Participant4" time="141.180" classname="com.yeastar.swebtest.testcase.DetailCase.pbxcase.Conference"/>
  <testcase name="G1_ModeratorPassword" time="241.106" classname="com.yeastar.swebtest.testcase.DetailCase.pbxcase.Conference"/>
  <testcase name="Ca4_hangup_spx" time="0.012" classname="com.yeastar.swebtest.testcase.DetailCase.pbxcase.Conference"/>
  <testcase name="Ca2_hangup_sps" time="32.250" classname="com.yeastar.swebtest.testcase.DetailCase.pbxcase.Conference"/>
  <testcase name="B2_AddInbound" time="20.538" classname="com.yeastar.swebtest.testcase.DetailCase.pbxcase.Conference"/>
  <testcase name="Ca3_hangup_sip" time="32.201" classname="com.yeastar.swebtest.testcase.DetailCase.pbxcase.Conference"/>
  <testcase name="H1_AllowInvite" time="84.059" classname="com.yeastar.swebtest.testcase.DetailCase.pbxcase.Conference">
    <failure type="java.lang.AssertionError" message="3001被1100邀请进入会议室，预期会议室6400有3个成员 【预期：3 实际：2】">
      <![CDATA[java.lang.AssertionError: 3001被1100邀请进入会议室，预期会议室6400有3个成员 【预期：3 实际：2】
	at com.yeastar.swebtest.tools.ysassert.YsAssert.fail(YsAssert.java:1092)
	at com.yeastar.swebtest.tools.ysassert.YsAssert.failNotEquals(YsAssert.java:583)
	at com.yeastar.swebtest.tools.ysassert.YsAssert.assertEqualsImpl(YsAssert.java:146)
	at com.yeastar.swebtest.tools.ysassert.YsAssert.assertEquals(YsAssert.java:120)
	at com.yeastar.swebtest.tools.ysassert.YsAssert.assertEquals(YsAssert.java:429)
	at com.yeastar.swebtest.testcase.DetailCase.pbxcase.Conference.H1_AllowInvite(Conference.java:528)
	at sun.reflect.NativeMethodAccessorImpl.invoke0(Native Method)
	at sun.reflect.NativeMethodAccessorImpl.invoke(NativeMethodAccessorImpl.java:62)
	at sun.reflect.DelegatingMethodAccessorImpl.invoke(DelegatingMethodAccessorImpl.java:43)
	at java.lang.reflect.Method.invoke(Method.java:498)
	at org.testng.internal.MethodInvocationHelper.invokeMethod(MethodInvocationHelper.java:85)
	at org.testng.internal.Invoker.invokeMethod(Invoker.java:639)
	at org.testng.internal.Invoker.invokeTestMethod(Invoker.java:816)
	at org.testng.internal.Invoker.invokeTestMethods(Invoker.java:1124)
	at org.testng.internal.TestMethodWorker.invokeTestMethods(TestMethodWorker.java:125)
	at org.testng.internal.TestMethodWorker.run(TestMethodWorker.java:108)
	at org.testng.TestRunner.privateRun(TestRunner.java:774)
	at org.testng.TestRunner.run(TestRunner.java:624)
	at org.testng.SuiteRunner.runTest(SuiteRunner.java:359)
	at org.testng.SuiteRunner.runSequentially(SuiteRunner.java:354)
	at org.testng.SuiteRunner.privateRun(SuiteRunner.java:312)
	at org.testng.SuiteRunner.run(SuiteRunner.java:261)
	at org.testng.SuiteRunnerWorker.runSuite(SuiteRunnerWorker.java:52)
	at org.testng.SuiteRunnerWorker.run(SuiteRunnerWorker.java:86)
	at org.testng.TestNG.runSuitesSequentially(TestNG.java:1215)
	at org.testng.TestNG.runSuitesLocally(TestNG.java:1140)
	at org.testng.TestNG.run(TestNG.java:1048)
	at org.apache.maven.surefire.testng.TestNGExecutor.run(TestNGExecutor.java:293)
	at org.apache.maven.surefire.testng.TestNGXmlTestSuite.execute(TestNGXmlTestSuite.java:84)
	at org.apache.maven.surefire.testng.TestNGProvider.invoke(TestNGProvider.java:91)
	at org.apache.maven.surefire.booter.ForkedBooter.invokeProviderInSameClassLoader(ForkedBooter.java:200)
	at org.apache.maven.surefire.booter.ForkedBooter.runSuitesInProcess(ForkedBooter.java:153)
	at org.apache.maven.surefire.booter.ForkedBooter.main(ForkedBooter.java:103)
]]>
    </failure>
  </testcase> <!-- H1_AllowInvite -->
  <testcase name="D2_Participant2" time="34.994" classname="com.yeastar.swebtest.testcase.DetailCase.pbxcase.Conference"/>
  <testcase name="Ca5_hangup_iax" time="0.025" classname="com.yeastar.swebtest.testcase.DetailCase.pbxcase.Conference"/>
  <testcase name="C7_bri" time="0.010" classname="com.yeastar.swebtest.testcase.DetailCase.pbxcase.Conference"/>
  <testcase name="I1_menu" time="0.026" classname="com.yeastar.swebtest.testcase.DetailCase.pbxcase.Conference"/>
  <testcase name="J1_delete" time="61.952" classname="com.yeastar.swebtest.testcase.DetailCase.pbxcase.Conference"/>
  <testcase name="B3_Apply" time="8.119" classname="com.yeastar.swebtest.testcase.DetailCase.pbxcase.Conference"/>
  <testcase name="B1_AddInbound" time="59.760" classname="com.yeastar.swebtest.testcase.DetailCase.pbxcase.Conference"/>
  <testcase name="K2_recovery" time="86.538" classname="com.yeastar.swebtest.testcase.DetailCase.pbxcase.Conference"/>
  <testcase name="A2_AddConferences" time="13.197" classname="com.yeastar.swebtest.testcase.DetailCase.pbxcase.Conference"/>
  <testcase name="B2_AddInbound" time="20.190" classname="com.yeastar.swebtest.testcase.DetailCase.pbxcase.Conference"/>
  <testcase name="B4_backup" time="38.036" classname="com.yeastar.swebtest.testcase.DetailCase.pbxcase.Conference"/>
  <testcase name="Ca6_hangup_fxo" time="0.017" classname="com.yeastar.swebtest.testcase.DetailCase.pbxcase.Conference"/>
  <testcase name="K1_recovery" time="68.527" classname="com.yeastar.swebtest.testcase.DetailCase.pbxcase.Conference"/>
  <testcase name="Ca1_hangup_extension" time="32.068" classname="com.yeastar.swebtest.testcase.DetailCase.pbxcase.Conference"/>
  <testcase name="E1_Prompt" time="0.020" classname="com.yeastar.swebtest.testcase.DetailCase.pbxcase.Conference"/>
  <testcase name="C3_sip" time="31.626" classname="com.yeastar.swebtest.testcase.DetailCase.pbxcase.Conference"/>
  <testcase name="C9_gsm" time="0.010" classname="com.yeastar.swebtest.testcase.DetailCase.pbxcase.Conference"/>
  <testcase name="C6_fxo" time="0.016" classname="com.yeastar.swebtest.testcase.DetailCase.pbxcase.Conference"/>
  <testcase name="Ca8_hangup_e1" time="0.020" classname="com.yeastar.swebtest.testcase.DetailCase.pbxcase.Conference"/>
  <testcase name="C5_iax1" time="0.010" classname="com.yeastar.swebtest.testcase.DetailCase.pbxcase.Conference"/>
  <testcase name="D3_Participant3" time="49.271" classname="com.yeastar.swebtest.testcase.DetailCase.pbxcase.Conference"/>
  <testcase name="A0_Register" time="29.183" classname="com.yeastar.swebtest.testcase.DetailCase.pbxcase.Conference"/>
  <testcase name="C8_e1" time="0.019" classname="com.yeastar.swebtest.testcase.DetailCase.pbxcase.Conference"/>
  <testcase name="A2_AddConferences" time="13.208" classname="com.yeastar.swebtest.testcase.DetailCase.pbxcase.Conference"/>
  <testcase name="D1_Participant1" time="56.491" classname="com.yeastar.swebtest.testcase.DetailCase.pbxcase.Conference"/>
  <testcase name="A1_Init" time="41.559" classname="com.yeastar.swebtest.testcase.DetailCase.pbxcase.Conference"/>
  <testcase name="Ca7_hangup_bri" time="0.033" classname="com.yeastar.swebtest.testcase.DetailCase.pbxcase.Conference"/>
  <testcase name="Ca9_hangup_gsm" time="0.015" classname="com.yeastar.swebtest.testcase.DetailCase.pbxcase.Conference"/>
  <testcase name="C2_sps" time="31.778" classname="com.yeastar.swebtest.testcase.DetailCase.pbxcase.Conference"/>
  <testcase name="A2_AddConferences" time="14.433" classname="com.yeastar.swebtest.testcase.DetailCase.pbxcase.Conference"/>
  <testcase name="C1_extension" time="31.990" classname="com.yeastar.swebtest.testcase.DetailCase.pbxcase.Conference"/>
  <testcase name="B2_AddInbound" time="20.291" classname="com.yeastar.swebtest.testcase.DetailCase.pbxcase.Conference"/>
  <testcase name="C5_iax2" time="0.059" classname="com.yeastar.swebtest.testcase.DetailCase.pbxcase.Conference"/>
</testsuite> <!-- com.yeastar.swebtest.testcase.DetailCase.pbxcase.Conference -->
