<?xml version="1.0" encoding="UTF-8"?>
<!-- Generated by org.testng.reporters.JUnitReportReporter -->
<testsuite hostname="Yeastar-PC" name="com.yeastar.swebtest.testcase.DetailCase.pbxcase.BeforeTest" tests="36" failures="0" timestamp="22 Apr 2018 04:56:57 GMT" time="1145.396" errors="0">
  <testcase name="A2_editExtenName1" time="27.174" classname="com.yeastar.swebtest.testcase.DetailCase.pbxcase.BeforeTest"/>
  <testcase name="Q_setAMI" time="20.839" classname="com.yeastar.swebtest.testcase.DetailCase.pbxcase.BeforeTest"/>
  <testcase name="R_UserPermission" time="36.613" classname="com.yeastar.swebtest.testcase.DetailCase.pbxcase.BeforeTest"/>
  <testcase name="G_addOutRoute3" time="15.018" classname="com.yeastar.swebtest.testcase.DetailCase.pbxcase.BeforeTest"/>
  <testcase name="A3_editExtenEmail2" time="30.976" classname="com.yeastar.swebtest.testcase.DetailCase.pbxcase.BeforeTest"/>
  <testcase name="E_addtrunk" time="42.163" classname="com.yeastar.swebtest.testcase.DetailCase.pbxcase.BeforeTest"/>
  <testcase name="A3_editExtenName2" time="28.535" classname="com.yeastar.swebtest.testcase.DetailCase.pbxcase.BeforeTest"/>
  <testcase name="G_addOutRoute4" time="16.977" classname="com.yeastar.swebtest.testcase.DetailCase.pbxcase.BeforeTest"/>
  <testcase name="S_setSystemTime" time="121.820" classname="com.yeastar.swebtest.testcase.DetailCase.pbxcase.BeforeTest"/>
  <testcase name="G_addOutRoute6" time="14.956" classname="com.yeastar.swebtest.testcase.DetailCase.pbxcase.BeforeTest"/>
  <testcase name="B_addtrunk" time="43.646" classname="com.yeastar.swebtest.testcase.DetailCase.pbxcase.BeforeTest"/>
  <testcase name="A4_addExtensionGroup" time="34.005" classname="com.yeastar.swebtest.testcase.DetailCase.pbxcase.BeforeTest"/>
  <testcase name="P2_setCode" time="9.470" classname="com.yeastar.swebtest.testcase.DetailCase.pbxcase.BeforeTest"/>
  <testcase name="D_addtrunk" time="43.023" classname="com.yeastar.swebtest.testcase.DetailCase.pbxcase.BeforeTest"/>
  <testcase name="H_addivr" time="48.302" classname="com.yeastar.swebtest.testcase.DetailCase.pbxcase.BeforeTest"/>
  <testcase name="G_addOutRoute9" time="0.158" classname="com.yeastar.swebtest.testcase.DetailCase.pbxcase.BeforeTest"/>
  <testcase name="M_adddisa" time="37.807" classname="com.yeastar.swebtest.testcase.DetailCase.pbxcase.BeforeTest"/>
  <testcase name="G_addOutRoute8" time="0.019" classname="com.yeastar.swebtest.testcase.DetailCase.pbxcase.BeforeTest"/>
  <testcase name="J_addqueue" time="38.914" classname="com.yeastar.swebtest.testcase.DetailCase.pbxcase.BeforeTest"/>
  <testcase name="G_addOutRoute2" time="14.931" classname="com.yeastar.swebtest.testcase.DetailCase.pbxcase.BeforeTest"/>
  <testcase name="O1_setRecord" time="9.675" classname="com.yeastar.swebtest.testcase.DetailCase.pbxcase.BeforeTest"/>
  <testcase name="P1_setRegistrationTime" time="7.199" classname="com.yeastar.swebtest.testcase.DetailCase.pbxcase.BeforeTest"/>
  <testcase name="K_addconference" time="25.558" classname="com.yeastar.swebtest.testcase.DetailCase.pbxcase.BeforeTest"/>
  <testcase name="G_addOutRoute7" time="0.029" classname="com.yeastar.swebtest.testcase.DetailCase.pbxcase.BeforeTest"/>
  <testcase name="F_addInRoute" time="51.980" classname="com.yeastar.swebtest.testcase.DetailCase.pbxcase.BeforeTest"/>
  <testcase name="A3_editExtenEmail1" time="21.796" classname="com.yeastar.swebtest.testcase.DetailCase.pbxcase.BeforeTest"/>
  <testcase name="N_addPin" time="49.359" classname="com.yeastar.swebtest.testcase.DetailCase.pbxcase.BeforeTest"/>
  <testcase name="G_addOutRoute1" time="32.387" classname="com.yeastar.swebtest.testcase.DetailCase.pbxcase.BeforeTest"/>
  <testcase name="I_addringgroup" time="33.426" classname="com.yeastar.swebtest.testcase.DetailCase.pbxcase.BeforeTest"/>
  <testcase name="C1_addtrunk" time="2.088" classname="com.yeastar.swebtest.testcase.DetailCase.pbxcase.BeforeTest"/>
  <testcase name="O2_setRecord" time="48.398" classname="com.yeastar.swebtest.testcase.DetailCase.pbxcase.BeforeTest"/>
  <testcase name="C_addtrunk" time="44.019" classname="com.yeastar.swebtest.testcase.DetailCase.pbxcase.BeforeTest"/>
  <testcase name="L_addcallback" time="40.548" classname="com.yeastar.swebtest.testcase.DetailCase.pbxcase.BeforeTest"/>
  <testcase name="B1_addtrunk" time="58.772" classname="com.yeastar.swebtest.testcase.DetailCase.pbxcase.BeforeTest"/>
  <testcase name="G_addOutRoute5" time="15.017" classname="com.yeastar.swebtest.testcase.DetailCase.pbxcase.BeforeTest"/>
  <testcase name="A1_addExtension" time="79.799" classname="com.yeastar.swebtest.testcase.DetailCase.pbxcase.BeforeTest"/>
</testsuite> <!-- com.yeastar.swebtest.testcase.DetailCase.pbxcase.BeforeTest -->
