<?xml version="1.0" encoding="UTF-8"?>
<!-- Generated by org.testng.reporters.JUnitReportReporter -->
<testsuite hostname="Yeastar-PC" name="com.yeastar.swebtest.testcase.DetailCase.pbxcase.Callback" tests="48" failures="1" timestamp="18 Oct 2018 08:09:17 GMT" time="1176.792" errors="0">
  <testcase name="D5_des_queue" time="47.848" classname="com.yeastar.swebtest.testcase.DetailCase.pbxcase.Callback">
    <failure type="java.lang.AssertionError" message="CDR被叫方检测 【预期：1100 [6700(1100)] 实际：6700(1100)】">
      <![CDATA[java.lang.AssertionError: CDR被叫方检测 【预期：1100 [6700(1100)] 实际：6700(1100)】
	at com.yeastar.swebtest.tools.ysassert.YsAssert.fail(YsAssert.java:1092)
	at com.yeastar.swebtest.tools.ysassert.YsAssert.failNotEquals(YsAssert.java:583)
	at com.yeastar.swebtest.tools.ysassert.YsAssert.assertEqualsImpl(YsAssert.java:146)
	at com.yeastar.swebtest.tools.ysassert.YsAssert.assertEquals(YsAssert.java:120)
	at com.yeastar.swebtest.tools.ysassert.YsAssert.assertEquals(YsAssert.java:203)
	at com.yeastar.swebtest.driver.YSMethod.YS_Extension.checkCDR(YS_Extension.java:289)
	at com.yeastar.swebtest.driver.YSMethod.YS_Extension.checkCDR(YS_Extension.java:278)
	at com.yeastar.swebtest.testcase.DetailCase.pbxcase.Callback.D5_des_queue(Callback.java:443)
	at sun.reflect.NativeMethodAccessorImpl.invoke0(Native Method)
	at sun.reflect.NativeMethodAccessorImpl.invoke(NativeMethodAccessorImpl.java:62)
	at sun.reflect.DelegatingMethodAccessorImpl.invoke(DelegatingMethodAccessorImpl.java:43)
	at java.lang.reflect.Method.invoke(Method.java:498)
	at org.testng.internal.MethodInvocationHelper.invokeMethod(MethodInvocationHelper.java:85)
	at org.testng.internal.Invoker.invokeMethod(Invoker.java:639)
	at org.testng.internal.Invoker.invokeTestMethod(Invoker.java:816)
	at org.testng.internal.Invoker.invokeTestMethods(Invoker.java:1124)
	at org.testng.internal.TestMethodWorker.invokeTestMethods(TestMethodWorker.java:125)
	at org.testng.internal.TestMethodWorker.run(TestMethodWorker.java:108)
	at org.testng.TestRunner.privateRun(TestRunner.java:774)
	at org.testng.TestRunner.run(TestRunner.java:624)
	at org.testng.SuiteRunner.runTest(SuiteRunner.java:359)
	at org.testng.SuiteRunner.runSequentially(SuiteRunner.java:354)
	at org.testng.SuiteRunner.privateRun(SuiteRunner.java:312)
	at org.testng.SuiteRunner.run(SuiteRunner.java:261)
	at org.testng.SuiteRunnerWorker.runSuite(SuiteRunnerWorker.java:52)
	at org.testng.SuiteRunnerWorker.run(SuiteRunnerWorker.java:86)
	at org.testng.TestNG.runSuitesSequentially(TestNG.java:1215)
	at org.testng.TestNG.runSuitesLocally(TestNG.java:1140)
	at org.testng.TestNG.run(TestNG.java:1048)
	at org.apache.maven.surefire.testng.TestNGExecutor.run(TestNGExecutor.java:293)
	at org.apache.maven.surefire.testng.TestNGXmlTestSuite.execute(TestNGXmlTestSuite.java:84)
	at org.apache.maven.surefire.testng.TestNGProvider.invoke(TestNGProvider.java:91)
	at org.apache.maven.surefire.booter.ForkedBooter.invokeProviderInSameClassLoader(ForkedBooter.java:200)
	at org.apache.maven.surefire.booter.ForkedBooter.runSuitesInProcess(ForkedBooter.java:153)
	at org.apache.maven.surefire.booter.ForkedBooter.main(ForkedBooter.java:103)
]]>
    </failure>
  </testcase> <!-- D5_des_queue -->
  <testcase name="A3_add_destination" time="9.138" classname="com.yeastar.swebtest.testcase.DetailCase.pbxcase.Callback"/>
  <testcase name="B2_add_InRoute_destination" time="20.628" classname="com.yeastar.swebtest.testcase.DetailCase.pbxcase.Callback"/>
  <testcase name="E6_gsm" time="0.012" classname="com.yeastar.swebtest.testcase.DetailCase.pbxcase.Callback"/>
  <testcase name="D2_des_extension" time="41.401" classname="com.yeastar.swebtest.testcase.DetailCase.pbxcase.Callback"/>
  <testcase name="D3_des_ivr" time="46.430" classname="com.yeastar.swebtest.testcase.DetailCase.pbxcase.Callback"/>
  <testcase name="E5_e1" time="0.021" classname="com.yeastar.swebtest.testcase.DetailCase.pbxcase.Callback"/>
  <testcase name="E7_bakckUp" time="39.402" classname="com.yeastar.swebtest.testcase.DetailCase.pbxcase.Callback"/>
  <testcase name="A3_add_destination" time="14.314" classname="com.yeastar.swebtest.testcase.DetailCase.pbxcase.Callback"/>
  <testcase name="E2_spx" time="0.016" classname="com.yeastar.swebtest.testcase.DetailCase.pbxcase.Callback"/>
  <testcase name="A0_Init1" time="0.013" classname="com.yeastar.swebtest.testcase.DetailCase.pbxcase.Callback"/>
  <testcase name="C6_through_bri" time="0.011" classname="com.yeastar.swebtest.testcase.DetailCase.pbxcase.Callback"/>
  <testcase name="D4_des_ringgroup" time="51.201" classname="com.yeastar.swebtest.testcase.DetailCase.pbxcase.Callback"/>
  <testcase name="D8_des_fxs" time="0.025" classname="com.yeastar.swebtest.testcase.DetailCase.pbxcase.Callback"/>
  <testcase name="C1_through_sps" time="79.818" classname="com.yeastar.swebtest.testcase.DetailCase.pbxcase.Callback"/>
  <testcase name="B1_add_InRoute_trunk" time="102.022" classname="com.yeastar.swebtest.testcase.DetailCase.pbxcase.Callback"/>
  <testcase name="D6_des_conference" time="38.619" classname="com.yeastar.swebtest.testcase.DetailCase.pbxcase.Callback"/>
  <testcase name="B2_add_InRoute_destination" time="20.712" classname="com.yeastar.swebtest.testcase.DetailCase.pbxcase.Callback"/>
  <testcase name="A3_add_destination" time="14.183" classname="com.yeastar.swebtest.testcase.DetailCase.pbxcase.Callback"/>
  <testcase name="E3_fxo" time="0.016" classname="com.yeastar.swebtest.testcase.DetailCase.pbxcase.Callback"/>
  <testcase name="D7_des_disa" time="52.542" classname="com.yeastar.swebtest.testcase.DetailCase.pbxcase.Callback"/>
  <testcase name="E1_sps" time="36.343" classname="com.yeastar.swebtest.testcase.DetailCase.pbxcase.Callback"/>
  <testcase name="B2_add_InRoute_destination" time="20.894" classname="com.yeastar.swebtest.testcase.DetailCase.pbxcase.Callback"/>
  <testcase name="B2_add_InRoute_destination" time="20.370" classname="com.yeastar.swebtest.testcase.DetailCase.pbxcase.Callback"/>
  <testcase name="C3_through_iax" time="0.018" classname="com.yeastar.swebtest.testcase.DetailCase.pbxcase.Callback"/>
  <testcase name="B3_apply" time="8.128" classname="com.yeastar.swebtest.testcase.DetailCase.pbxcase.Callback"/>
  <testcase name="C5_through_fxo" time="0.073" classname="com.yeastar.swebtest.testcase.DetailCase.pbxcase.Callback"/>
  <testcase name="C4_through_spx" time="0.035" classname="com.yeastar.swebtest.testcase.DetailCase.pbxcase.Callback"/>
  <testcase name="G1_recovery_callback" time="49.718" classname="com.yeastar.swebtest.testcase.DetailCase.pbxcase.Callback"/>
  <testcase name="F_delete" time="47.863" classname="com.yeastar.swebtest.testcase.DetailCase.pbxcase.Callback"/>
  <testcase name="B2_add_InRoute_destination" time="20.820" classname="com.yeastar.swebtest.testcase.DetailCase.pbxcase.Callback"/>
  <testcase name="A0_Init2" time="52.142" classname="com.yeastar.swebtest.testcase.DetailCase.pbxcase.Callback"/>
  <testcase name="A3_add_destination" time="14.364" classname="com.yeastar.swebtest.testcase.DetailCase.pbxcase.Callback"/>
  <testcase name="B2_add_InRoute_destination" time="20.624" classname="com.yeastar.swebtest.testcase.DetailCase.pbxcase.Callback"/>
  <testcase name="B2_add_InRoute_destination" time="20.607" classname="com.yeastar.swebtest.testcase.DetailCase.pbxcase.Callback"/>
  <testcase name="A3_add_destination" time="14.235" classname="com.yeastar.swebtest.testcase.DetailCase.pbxcase.Callback"/>
  <testcase name="E4_bri" time="0.012" classname="com.yeastar.swebtest.testcase.DetailCase.pbxcase.Callback"/>
  <testcase name="C7_through_e1" time="0.026" classname="com.yeastar.swebtest.testcase.DetailCase.pbxcase.Callback"/>
  <testcase name="G2_recovery_inbound" time="78.571" classname="com.yeastar.swebtest.testcase.DetailCase.pbxcase.Callback"/>
  <testcase name="A2_add_trunks" time="39.999" classname="com.yeastar.swebtest.testcase.DetailCase.pbxcase.Callback"/>
  <testcase name="A1_Init" time="33.762" classname="com.yeastar.swebtest.testcase.DetailCase.pbxcase.Callback"/>
  <testcase name="C2_through_sip" time="39.775" classname="com.yeastar.swebtest.testcase.DetailCase.pbxcase.Callback"/>
  <testcase name="A3_add_destination" time="14.344" classname="com.yeastar.swebtest.testcase.DetailCase.pbxcase.Callback"/>
  <testcase name="A3_add_destination" time="14.620" classname="com.yeastar.swebtest.testcase.DetailCase.pbxcase.Callback"/>
  <testcase name="C8_through_gsm" time="0.015" classname="com.yeastar.swebtest.testcase.DetailCase.pbxcase.Callback"/>
  <testcase name="B2_add_InRoute_destination" time="20.562" classname="com.yeastar.swebtest.testcase.DetailCase.pbxcase.Callback"/>
  <testcase name="D1_des_hangup" time="14.262" classname="com.yeastar.swebtest.testcase.DetailCase.pbxcase.Callback"/>
  <testcase name="A3_add_destination" time="16.238" classname="com.yeastar.swebtest.testcase.DetailCase.pbxcase.Callback"/>
</testsuite> <!-- com.yeastar.swebtest.testcase.DetailCase.pbxcase.Callback -->
