<?xml version="1.0" encoding="UTF-8"?>
<!-- Generated by org.testng.reporters.JUnitReportReporter -->
<testsuite hostname="Yeastar-PC" name="com.yeastar.swebtest.testcase.DetailCase.pbxcase.Paging_Intercom" tests="18" failures="1" timestamp="18 Oct 2018 08:09:17 GMT" time="530.323" errors="0">
  <testcase name="I_Recovery" time="6.509" classname="com.yeastar.swebtest.testcase.DetailCase.pbxcase.Paging_Intercom"/>
  <testcase name="F1_followToPaging" time="42.390" classname="com.yeastar.swebtest.testcase.DetailCase.pbxcase.Paging_Intercom"/>
  <testcase name="H_delete" time="60.520" classname="com.yeastar.swebtest.testcase.DetailCase.pbxcase.Paging_Intercom"/>
  <testcase name="B1_add_Paging6300" time="18.818" classname="com.yeastar.swebtest.testcase.DetailCase.pbxcase.Paging_Intercom"/>
  <testcase name="G1_intercom" time="36.972" classname="com.yeastar.swebtest.testcase.DetailCase.pbxcase.Paging_Intercom"/>
  <testcase name="E2_DisableAnswer" time="39.931" classname="com.yeastar.swebtest.testcase.DetailCase.pbxcase.Paging_Intercom">
    <failure type="java.lang.AssertionError" message="预计产生多条CDR，但没有找到匹配">
      <![CDATA[java.lang.AssertionError: 预计产生多条CDR，但没有找到匹配
	at com.yeastar.swebtest.tools.ysassert.YsAssert.fail(YsAssert.java:1092)
	at com.yeastar.swebtest.driver.YSMethod.YS_Extension.checkCDR(YS_Extension.java:346)
	at com.yeastar.swebtest.testcase.DetailCase.pbxcase.Paging_Intercom.E2_DisableAnswer(Paging_Intercom.java:216)
	at sun.reflect.NativeMethodAccessorImpl.invoke0(Native Method)
	at sun.reflect.NativeMethodAccessorImpl.invoke(NativeMethodAccessorImpl.java:62)
	at sun.reflect.DelegatingMethodAccessorImpl.invoke(DelegatingMethodAccessorImpl.java:43)
	at java.lang.reflect.Method.invoke(Method.java:498)
	at org.testng.internal.MethodInvocationHelper.invokeMethod(MethodInvocationHelper.java:85)
	at org.testng.internal.Invoker.invokeMethod(Invoker.java:639)
	at org.testng.internal.Invoker.invokeTestMethod(Invoker.java:816)
	at org.testng.internal.Invoker.invokeTestMethods(Invoker.java:1124)
	at org.testng.internal.TestMethodWorker.invokeTestMethods(TestMethodWorker.java:125)
	at org.testng.internal.TestMethodWorker.run(TestMethodWorker.java:108)
	at org.testng.TestRunner.privateRun(TestRunner.java:774)
	at org.testng.TestRunner.run(TestRunner.java:624)
	at org.testng.SuiteRunner.runTest(SuiteRunner.java:359)
	at org.testng.SuiteRunner.runSequentially(SuiteRunner.java:354)
	at org.testng.SuiteRunner.privateRun(SuiteRunner.java:312)
	at org.testng.SuiteRunner.run(SuiteRunner.java:261)
	at org.testng.SuiteRunnerWorker.runSuite(SuiteRunnerWorker.java:52)
	at org.testng.SuiteRunnerWorker.run(SuiteRunnerWorker.java:86)
	at org.testng.TestNG.runSuitesSequentially(TestNG.java:1215)
	at org.testng.TestNG.runSuitesLocally(TestNG.java:1140)
	at org.testng.TestNG.run(TestNG.java:1048)
	at org.apache.maven.surefire.testng.TestNGExecutor.run(TestNGExecutor.java:293)
	at org.apache.maven.surefire.testng.TestNGXmlTestSuite.execute(TestNGXmlTestSuite.java:84)
	at org.apache.maven.surefire.testng.TestNGProvider.invoke(TestNGProvider.java:91)
	at org.apache.maven.surefire.booter.ForkedBooter.invokeProviderInSameClassLoader(ForkedBooter.java:200)
	at org.apache.maven.surefire.booter.ForkedBooter.runSuitesInProcess(ForkedBooter.java:153)
	at org.apache.maven.surefire.booter.ForkedBooter.main(ForkedBooter.java:103)
]]>
    </failure>
  </testcase> <!-- E2_DisableAnswer -->
  <testcase name="A2_InitPaging" time="33.634" classname="com.yeastar.swebtest.testcase.DetailCase.pbxcase.Paging_Intercom"/>
  <testcase name="D1_1way" time="57.722" classname="com.yeastar.swebtest.testcase.DetailCase.pbxcase.Paging_Intercom"/>
  <testcase name="G2_EditFeatureCode" time="17.050" classname="com.yeastar.swebtest.testcase.DetailCase.pbxcase.Paging_Intercom"/>
  <testcase name="B2_add_AutoPag6301" time="17.844" classname="com.yeastar.swebtest.testcase.DetailCase.pbxcase.Paging_Intercom"/>
  <testcase name="G3_newIntercom" time="36.973" classname="com.yeastar.swebtest.testcase.DetailCase.pbxcase.Paging_Intercom"/>
  <testcase name="A1_InitIntercom" time="9.043" classname="com.yeastar.swebtest.testcase.DetailCase.pbxcase.Paging_Intercom"/>
  <testcase name="E1_EnableAnswer" time="43.617" classname="com.yeastar.swebtest.testcase.DetailCase.pbxcase.Paging_Intercom"/>
  <testcase name="B4_add_Paging6303" time="18.779" classname="com.yeastar.swebtest.testcase.DetailCase.pbxcase.Paging_Intercom"/>
  <testcase name="D2_2way" time="55.055" classname="com.yeastar.swebtest.testcase.DetailCase.pbxcase.Paging_Intercom"/>
  <testcase name="B3_add_NewPage6302" time="19.954" classname="com.yeastar.swebtest.testcase.DetailCase.pbxcase.Paging_Intercom"/>
  <testcase name="B5_Apply" time="8.123" classname="com.yeastar.swebtest.testcase.DetailCase.pbxcase.Paging_Intercom"/>
  <testcase name="C1_callforward" time="7.389" classname="com.yeastar.swebtest.testcase.DetailCase.pbxcase.Paging_Intercom"/>
</testsuite> <!-- com.yeastar.swebtest.testcase.DetailCase.pbxcase.Paging_Intercom -->
