<?xml version="1.0" encoding="UTF-8"?>
<!-- Generated by org.testng.reporters.JUnitReportReporter -->
<testsuite hostname="AutoTest-PC" name="com.yeastar.swebtest.testcase.RegressionCase.pbxcore.TimeCondition" tests="4" failures="0" timestamp="23 Oct 2017 16:54:32 GMT" time="151.124" errors="0">
  <testcase name="addTimeCondition2" time="25.330" classname="com.yeastar.swebtest.testcase.RegressionCase.pbxcore.TimeCondition"/>
  <testcase name="addTimeCondition3" time="25.708" classname="com.yeastar.swebtest.testcase.RegressionCase.pbxcore.TimeCondition"/>
  <testcase name="addTimeCondition4" time="58.327" classname="com.yeastar.swebtest.testcase.RegressionCase.pbxcore.TimeCondition"/>
  <testcase name="addTimeCondition1" time="41.759" classname="com.yeastar.swebtest.testcase.RegressionCase.pbxcore.TimeCondition"/>
</testsuite> <!-- com.yeastar.swebtest.testcase.RegressionCase.pbxcore.TimeCondition -->
