<?xml version="1.0" encoding="UTF-8"?>
<!-- Generated by org.testng.reporters.JUnitReportReporter -->
<testsuite hostname="AutoTest-PC" name="com.yeastar.swebtest.testcase.RegressionCase.pbxcore.SpeedDial" tests="5" failures="0" timestamp="23 Oct 2017 16:54:32 GMT" time="206.321" errors="0">
  <testcase name="D_import" time="10.963" classname="com.yeastar.swebtest.testcase.RegressionCase.pbxcore.SpeedDial"/>
  <testcase name="A_add_2" time="33.559" classname="com.yeastar.swebtest.testcase.RegressionCase.pbxcore.SpeedDial"/>
  <testcase name="C_delete" time="54.372" classname="com.yeastar.swebtest.testcase.RegressionCase.pbxcore.SpeedDial"/>
  <testcase name="A_add_1" time="106.688" classname="com.yeastar.swebtest.testcase.RegressionCase.pbxcore.SpeedDial"/>
  <testcase name="B_export" time="0.739" classname="com.yeastar.swebtest.testcase.RegressionCase.pbxcore.SpeedDial"/>
</testsuite> <!-- com.yeastar.swebtest.testcase.RegressionCase.pbxcore.SpeedDial -->
