<?xml version="1.0" encoding="UTF-8"?>
<!-- Generated by org.testng.reporters.JUnitReportReporter -->
<testsuite hostname="AutoTest-PC" name="com.yeastar.swebtest.testcase.RegressionCase.pbxcore.RingGroup" tests="4" failures="0" timestamp="23 Oct 2017 16:54:32 GMT" time="333.694" errors="0">
  <testcase name="B_edit_RingGroup1" time="77.422" classname="com.yeastar.swebtest.testcase.RegressionCase.pbxcore.RingGroup"/>
  <testcase name="A_add_RingGroup1" time="58.602" classname="com.yeastar.swebtest.testcase.RegressionCase.pbxcore.RingGroup"/>
  <testcase name="D_delete" time="57.554" classname="com.yeastar.swebtest.testcase.RegressionCase.pbxcore.RingGroup"/>
  <testcase name="C_add_RingGroup2" time="140.116" classname="com.yeastar.swebtest.testcase.RegressionCase.pbxcore.RingGroup"/>
</testsuite> <!-- com.yeastar.swebtest.testcase.RegressionCase.pbxcore.RingGroup -->
