<?xml version="1.0" encoding="UTF-8"?>
<!-- Generated by org.testng.reporters.JUnitReportReporter -->
<testsuite hostname="AutoTest-PC" name="com.yeastar.swebtest.testcase.RegressionCase.pbxcore.Holiday" tests="3" failures="0" timestamp="23 Oct 2017 16:54:32 GMT" time="102.299" errors="0">
  <testcase name="C_deleteHoliday" time="45.774" classname="com.yeastar.swebtest.testcase.RegressionCase.pbxcore.Holiday"/>
  <testcase name="A_addHoliday1" time="39.482" classname="com.yeastar.swebtest.testcase.RegressionCase.pbxcore.Holiday"/>
  <testcase name="B_editHoliday" time="17.043" classname="com.yeastar.swebtest.testcase.RegressionCase.pbxcore.Holiday"/>
</testsuite> <!-- com.yeastar.swebtest.testcase.RegressionCase.pbxcore.Holiday -->
