<?xml version="1.0" encoding="UTF-8"?>
<!-- Generated by org.testng.reporters.JUnitReportReporter -->
<testsuite hostname="AutoTest-PC" name="com.yeastar.swebtest.testcase.RegressionCase.pbxcore.PickupGroup" tests="5" failures="0" timestamp="23 Oct 2017 16:54:32 GMT" time="245.977" errors="0">
  <testcase name="B_add_pickupgroup2" time="56.216" classname="com.yeastar.swebtest.testcase.RegressionCase.pbxcore.PickupGroup"/>
  <testcase name="C_delete" time="56.021" classname="com.yeastar.swebtest.testcase.RegressionCase.pbxcore.PickupGroup"/>
  <testcase name="A_add_pickupgroup2" time="32.478" classname="com.yeastar.swebtest.testcase.RegressionCase.pbxcore.PickupGroup"/>
  <testcase name="A_add_pickupgroup3" time="32.563" classname="com.yeastar.swebtest.testcase.RegressionCase.pbxcore.PickupGroup"/>
  <testcase name="A_add_pickupgroup1" time="68.699" classname="com.yeastar.swebtest.testcase.RegressionCase.pbxcore.PickupGroup"/>
</testsuite> <!-- com.yeastar.swebtest.testcase.RegressionCase.pbxcore.PickupGroup -->
