<?xml version="1.0" encoding="UTF-8"?>
<!-- Generated by org.testng.reporters.JUnitReportReporter -->
<testsuite hostname="AutoTest-PC" name="com.yeastar.swebtest.testcase.RegressionCase.pbxcore.IVR" tests="14" failures="1" timestamp="23 Oct 2017 16:54:32 GMT" time="8078.962" errors="0">
  <testcase name="B_editInbound1" time="31.948" classname="com.yeastar.swebtest.testcase.RegressionCase.pbxcore.IVR"/>
  <testcase name="N_editInbound2" time="30.990" classname="com.yeastar.swebtest.testcase.RegressionCase.pbxcore.IVR"/>
  <testcase name="M_delete" time="59.111" classname="com.yeastar.swebtest.testcase.RegressionCase.pbxcore.IVR"/>
  <testcase name="G_key5toDialName" time="61.252" classname="com.yeastar.swebtest.testcase.RegressionCase.pbxcore.IVR">
    <failure type="java.lang.AssertionError" message="CDR_Status检测 【预期：Answered 实际：No Answer】">
      <![CDATA[java.lang.AssertionError: CDR_Status检测 【预期：Answered 实际：No Answer】
	at com.yeastar.swebtest.tools.ysassert.YsAssert.fail(YsAssert.java:1086)
	at com.yeastar.swebtest.tools.ysassert.YsAssert.failNotEquals(YsAssert.java:579)
	at com.yeastar.swebtest.tools.ysassert.YsAssert.assertEqualsImpl(YsAssert.java:142)
	at com.yeastar.swebtest.tools.ysassert.YsAssert.assertEquals(YsAssert.java:116)
	at com.yeastar.swebtest.tools.ysassert.YsAssert.assertEquals(YsAssert.java:199)
	at com.yeastar.swebtest.driver.YSMethod.YS_Extension.checkCDR(YS_Extension.java:252)
	at com.yeastar.swebtest.driver.YSMethod.YS_Extension.checkCDR(YS_Extension.java:242)
	at com.yeastar.swebtest.testcase.RegressionCase.pbxcore.IVR.G_key5toDialName(IVR.java:188)
	at sun.reflect.NativeMethodAccessorImpl.invoke0(Native Method)
	at sun.reflect.NativeMethodAccessorImpl.invoke(NativeMethodAccessorImpl.java:62)
	at sun.reflect.DelegatingMethodAccessorImpl.invoke(DelegatingMethodAccessorImpl.java:43)
	at java.lang.reflect.Method.invoke(Method.java:498)
	at org.testng.internal.MethodInvocationHelper.invokeMethod(MethodInvocationHelper.java:85)
	at org.testng.internal.Invoker.invokeMethod(Invoker.java:639)
	at org.testng.internal.Invoker.invokeTestMethod(Invoker.java:816)
	at org.testng.internal.Invoker.invokeTestMethods(Invoker.java:1124)
	at org.testng.internal.TestMethodWorker.invokeTestMethods(TestMethodWorker.java:125)
	at org.testng.internal.TestMethodWorker.run(TestMethodWorker.java:108)
	at org.testng.TestRunner.privateRun(TestRunner.java:774)
	at org.testng.TestRunner.run(TestRunner.java:624)
	at org.testng.SuiteRunner.runTest(SuiteRunner.java:359)
	at org.testng.SuiteRunner.runSequentially(SuiteRunner.java:354)
	at org.testng.SuiteRunner.privateRun(SuiteRunner.java:312)
	at org.testng.SuiteRunner.run(SuiteRunner.java:261)
	at org.testng.SuiteRunnerWorker.runSuite(SuiteRunnerWorker.java:52)
	at org.testng.SuiteRunnerWorker.run(SuiteRunnerWorker.java:86)
	at org.testng.TestNG.runSuitesSequentially(TestNG.java:1215)
	at org.testng.TestNG.runSuitesLocally(TestNG.java:1140)
	at org.testng.TestNG.run(TestNG.java:1048)
	at org.apache.maven.surefire.testng.TestNGExecutor.run(TestNGExecutor.java:293)
	at org.apache.maven.surefire.testng.TestNGXmlTestSuite.execute(TestNGXmlTestSuite.java:84)
	at org.apache.maven.surefire.testng.TestNGProvider.invoke(TestNGProvider.java:91)
	at org.apache.maven.surefire.booter.ForkedBooter.invokeProviderInSameClassLoader(ForkedBooter.java:200)
	at org.apache.maven.surefire.booter.ForkedBooter.runSuitesInProcess(ForkedBooter.java:153)
	at org.apache.maven.surefire.booter.ForkedBooter.main(ForkedBooter.java:103)
]]>
    </failure>
  </testcase> <!-- G_key5toDialName -->
  <testcase name="A_add" time="65.459" classname="com.yeastar.swebtest.testcase.RegressionCase.pbxcore.IVR"/>
  <testcase name="K_keytoInvalid" time="35.118" classname="com.yeastar.swebtest.testcase.RegressionCase.pbxcore.IVR"/>
  <testcase name="H_keytoHangup" time="29.226" classname="com.yeastar.swebtest.testcase.RegressionCase.pbxcore.IVR"/>
  <testcase name="I_keytoSelectOption" time="43.480" classname="com.yeastar.swebtest.testcase.RegressionCase.pbxcore.IVR"/>
  <testcase name="F_key1toVoicemail" time="48.037" classname="com.yeastar.swebtest.testcase.RegressionCase.pbxcore.IVR"/>
  <testcase name="L_checkvoicemail" time="56.918" classname="com.yeastar.swebtest.testcase.RegressionCase.pbxcore.IVR"/>
  <testcase name="E_key0toExtension" time="47.004" classname="com.yeastar.swebtest.testcase.RegressionCase.pbxcore.IVR"/>
  <testcase name="C_dialextensions" time="48.950" classname="com.yeastar.swebtest.testcase.RegressionCase.pbxcore.IVR"/>
  <testcase name="J_keytoTimeout" time="7479.822" classname="com.yeastar.swebtest.testcase.RegressionCase.pbxcore.IVR"/>
  <testcase name="D_dialoutbound" time="41.647" classname="com.yeastar.swebtest.testcase.RegressionCase.pbxcore.IVR"/>
</testsuite> <!-- com.yeastar.swebtest.testcase.RegressionCase.pbxcore.IVR -->
