<?xml version="1.0" encoding="UTF-8"?>
<!-- Generated by org.testng.reporters.JUnitReportReporter -->
<testsuite hostname="AutoTest-PC" name="com.yeastar.swebtest.testcase.RegressionCase.pbxcore.CustomPrompts" tests="4" failures="0" timestamp="23 Oct 2017 16:54:32 GMT" time="159.340" errors="0">
  <testcase name="C_reRecord" time="47.610" classname="com.yeastar.swebtest.testcase.RegressionCase.pbxcore.CustomPrompts"/>
  <testcase name="D_upload" time="12.128" classname="com.yeastar.swebtest.testcase.RegressionCase.pbxcore.CustomPrompts"/>
  <testcase name="B_play" time="52.692" classname="com.yeastar.swebtest.testcase.RegressionCase.pbxcore.CustomPrompts"/>
  <testcase name="A_record" time="46.910" classname="com.yeastar.swebtest.testcase.RegressionCase.pbxcore.CustomPrompts"/>
</testsuite> <!-- com.yeastar.swebtest.testcase.RegressionCase.pbxcore.CustomPrompts -->
