<?xml version="1.0" encoding="UTF-8"?>
<!-- Generated by org.testng.reporters.JUnitReportReporter -->
<testsuite hostname="Yeastar-PC" name="com.yeastar.swebtest.testcase.DetailCase.pbxcase.Queue" tests="105" failures="2" timestamp="16 Oct 2018 05:26:46 GMT" time="3947.843" errors="1">
  <testcase name="N8_leave_join_empty" time="23.061" classname="com.yeastar.swebtest.testcase.DetailCase.pbxcase.Queue"/>
  <testcase name="F2_dynamic_call6701" time="59.875" classname="com.yeastar.swebtest.testcase.DetailCase.pbxcase.Queue"/>
  <testcase name="A4_AddQueues" time="34.590" classname="com.yeastar.swebtest.testcase.DetailCase.pbxcase.Queue"/>
  <testcase name="D4_fail_ivr" time="49.362" classname="com.yeastar.swebtest.testcase.DetailCase.pbxcase.Queue"/>
  <testcase name="C7_e1_6701" time="0.017" classname="com.yeastar.swebtest.testcase.DetailCase.pbxcase.Queue"/>
  <testcase name="G3_MusicOnHold1" time="6.286" classname="com.yeastar.swebtest.testcase.DetailCase.pbxcase.Queue"/>
  <testcase name="A1_initBeforeTest" time="0.046" classname="com.yeastar.swebtest.testcase.DetailCase.pbxcase.Queue"/>
  <testcase name="O1_delete" time="70.101" classname="com.yeastar.swebtest.testcase.DetailCase.pbxcase.Queue"/>
  <testcase name="B2_AddInbound" time="21.651" classname="com.yeastar.swebtest.testcase.DetailCase.pbxcase.Queue"/>
  <testcase name="C4_spx_6701" time="0.016" classname="com.yeastar.swebtest.testcase.DetailCase.pbxcase.Queue"/>
  <testcase name="J1_random" time="0.012" classname="com.yeastar.swebtest.testcase.DetailCase.pbxcase.Queue"/>
  <testcase name="C3_iax_6701" time="0.025" classname="com.yeastar.swebtest.testcase.DetailCase.pbxcase.Queue"/>
  <testcase name="F9_dynamic_login6714" time="9.095" classname="com.yeastar.swebtest.testcase.DetailCase.pbxcase.Queue"/>
  <testcase name="A4_AddQueues" time="43.422" classname="com.yeastar.swebtest.testcase.DetailCase.pbxcase.Queue"/>
  <testcase name="B2_AddInbound" time="22.650" classname="com.yeastar.swebtest.testcase.DetailCase.pbxcase.Queue"/>
  <testcase name="B2_AddInbound" time="20.526" classname="com.yeastar.swebtest.testcase.DetailCase.pbxcase.Queue"/>
  <testcase name="H3_leastRecent" time="39.810" classname="com.yeastar.swebtest.testcase.DetailCase.pbxcase.Queue"/>
  <testcase name="G2_JoinAnnouncement" time="11.275" classname="com.yeastar.swebtest.testcase.DetailCase.pbxcase.Queue"/>
  <testcase name="B2_AddInbound" time="20.449" classname="com.yeastar.swebtest.testcase.DetailCase.pbxcase.Queue"/>
  <testcase name="P1_recovery" time="73.152" classname="com.yeastar.swebtest.testcase.DetailCase.pbxcase.Queue"/>
  <testcase name="A3_Init" time="39.146" classname="com.yeastar.swebtest.testcase.DetailCase.pbxcase.Queue"/>
  <testcase name="E5_key4_ringgroup" time="47.885" classname="com.yeastar.swebtest.testcase.DetailCase.pbxcase.Queue"/>
  <testcase name="N5_leave_join_empty" time="28.877" classname="com.yeastar.swebtest.testcase.DetailCase.pbxcase.Queue"/>
  <testcase name="A4_AddQueues" time="44.194" classname="com.yeastar.swebtest.testcase.DetailCase.pbxcase.Queue"/>
  <testcase name="A4_AddQueues" time="41.664" classname="com.yeastar.swebtest.testcase.DetailCase.pbxcase.Queue"/>
  <testcase name="F3_dynamic_logoff6701" time="13.291" classname="com.yeastar.swebtest.testcase.DetailCase.pbxcase.Queue"/>
  <testcase name="A4_AddQueues" time="41.162" classname="com.yeastar.swebtest.testcase.DetailCase.pbxcase.Queue"/>
  <testcase name="E7_key6_conference" time="50.494" classname="com.yeastar.swebtest.testcase.DetailCase.pbxcase.Queue"/>
  <testcase name="F5_dynamic_login6710" time="13.555" classname="com.yeastar.swebtest.testcase.DetailCase.pbxcase.Queue"/>
  <testcase name="B2_AddInbound" time="20.524" classname="com.yeastar.swebtest.testcase.DetailCase.pbxcase.Queue"/>
  <testcase name="G7_PeriodicAnnouncements" time="0.015" classname="com.yeastar.swebtest.testcase.DetailCase.pbxcase.Queue"/>
  <testcase name="B2_AddInbound" time="21.119" classname="com.yeastar.swebtest.testcase.DetailCase.pbxcase.Queue"/>
  <testcase name="D3_fail_voicemail3_login" time="41.594" classname="com.yeastar.swebtest.testcase.DetailCase.pbxcase.Queue"/>
  <testcase name="D8_fail_DialbyName" time="55.261" classname="com.yeastar.swebtest.testcase.DetailCase.pbxcase.Queue"/>
  <testcase name="B2_AddInbound" time="20.476" classname="com.yeastar.swebtest.testcase.DetailCase.pbxcase.Queue"/>
  <testcase name="A4_AddQueues" time="43.906" classname="com.yeastar.swebtest.testcase.DetailCase.pbxcase.Queue"/>
  <testcase name="C6_bri_6701" time="0.043" classname="com.yeastar.swebtest.testcase.DetailCase.pbxcase.Queue"/>
  <testcase name="D1_fail_hangup" time="11.063" classname="com.yeastar.swebtest.testcase.DetailCase.pbxcase.Queue"/>
  <testcase name="E2_key1_extension" time="43.463" classname="com.yeastar.swebtest.testcase.DetailCase.pbxcase.Queue"/>
  <testcase name="E3_key2_voicemail2_check" time="53.146" classname="com.yeastar.swebtest.testcase.DetailCase.pbxcase.Queue"/>
  <testcase name="C5_fxo_6701" time="0.024" classname="com.yeastar.swebtest.testcase.DetailCase.pbxcase.Queue"/>
  <testcase name="N7_leave_join_empty" time="28.980" classname="com.yeastar.swebtest.testcase.DetailCase.pbxcase.Queue"/>
  <testcase name="B2_AddInbound" time="20.412" classname="com.yeastar.swebtest.testcase.DetailCase.pbxcase.Queue"/>
  <testcase name="M1_ringall" time="131.341" classname="com.yeastar.swebtest.testcase.DetailCase.pbxcase.Queue"/>
  <testcase name="I3_fewestcalls" time="56.515" classname="com.yeastar.swebtest.testcase.DetailCase.pbxcase.Queue"/>
  <testcase name="B2_AddInbound" time="20.492" classname="com.yeastar.swebtest.testcase.DetailCase.pbxcase.Queue"/>
  <testcase name="D5_fail_ringgroup" time="47.719" classname="com.yeastar.swebtest.testcase.DetailCase.pbxcase.Queue"/>
  <testcase name="N1_leave_join_empty" time="35.545" classname="com.yeastar.swebtest.testcase.DetailCase.pbxcase.Queue"/>
  <testcase name="C2_sip_6701" time="47.187" classname="com.yeastar.swebtest.testcase.DetailCase.pbxcase.Queue"/>
  <testcase name="D7_fail_conference" time="52.041" classname="com.yeastar.swebtest.testcase.DetailCase.pbxcase.Queue"/>
  <testcase name="L2_linear" time="141.046" classname="com.yeastar.swebtest.testcase.DetailCase.pbxcase.Queue"/>
  <testcase name="D2_fail_extension" time="50.286" classname="com.yeastar.swebtest.testcase.DetailCase.pbxcase.Queue"/>
  <testcase name="I2_fewestcalls" time="55.902" classname="com.yeastar.swebtest.testcase.DetailCase.pbxcase.Queue"/>
  <testcase name="C8_gsm_6701" time="0.030" classname="com.yeastar.swebtest.testcase.DetailCase.pbxcase.Queue"/>
  <testcase name="G8_AgentTimeout_Retry" time="21.018" classname="com.yeastar.swebtest.testcase.DetailCase.pbxcase.Queue">
    <failure type="java.lang.AssertionError" message="预期1100会同时Ring 【预期：2 实际：4】">
      <![CDATA[java.lang.AssertionError: 预期1100会同时Ring 【预期：2 实际：4】
	at com.yeastar.swebtest.tools.ysassert.YsAssert.fail(YsAssert.java:1092)
	at com.yeastar.swebtest.tools.ysassert.YsAssert.failNotEquals(YsAssert.java:583)
	at com.yeastar.swebtest.tools.ysassert.YsAssert.assertEqualsImpl(YsAssert.java:146)
	at com.yeastar.swebtest.tools.ysassert.YsAssert.assertEquals(YsAssert.java:120)
	at com.yeastar.swebtest.tools.ysassert.YsAssert.assertEquals(YsAssert.java:429)
	at com.yeastar.swebtest.testcase.DetailCase.pbxcase.Queue.G8_AgentTimeout_Retry(Queue.java:927)
	at sun.reflect.NativeMethodAccessorImpl.invoke0(Native Method)
	at sun.reflect.NativeMethodAccessorImpl.invoke(NativeMethodAccessorImpl.java:62)
	at sun.reflect.DelegatingMethodAccessorImpl.invoke(DelegatingMethodAccessorImpl.java:43)
	at java.lang.reflect.Method.invoke(Method.java:498)
	at org.testng.internal.MethodInvocationHelper.invokeMethod(MethodInvocationHelper.java:85)
	at org.testng.internal.Invoker.invokeMethod(Invoker.java:639)
	at org.testng.internal.Invoker.invokeTestMethod(Invoker.java:816)
	at org.testng.internal.Invoker.invokeTestMethods(Invoker.java:1124)
	at org.testng.internal.TestMethodWorker.invokeTestMethods(TestMethodWorker.java:125)
	at org.testng.internal.TestMethodWorker.run(TestMethodWorker.java:108)
	at org.testng.TestRunner.privateRun(TestRunner.java:774)
	at org.testng.TestRunner.run(TestRunner.java:624)
	at org.testng.SuiteRunner.runTest(SuiteRunner.java:359)
	at org.testng.SuiteRunner.runSequentially(SuiteRunner.java:354)
	at org.testng.SuiteRunner.privateRun(SuiteRunner.java:312)
	at org.testng.SuiteRunner.run(SuiteRunner.java:261)
	at org.testng.SuiteRunnerWorker.runSuite(SuiteRunnerWorker.java:52)
	at org.testng.SuiteRunnerWorker.run(SuiteRunnerWorker.java:86)
	at org.testng.TestNG.runSuitesSequentially(TestNG.java:1215)
	at org.testng.TestNG.runSuitesLocally(TestNG.java:1140)
	at org.testng.TestNG.run(TestNG.java:1048)
	at org.apache.maven.surefire.testng.TestNGExecutor.run(TestNGExecutor.java:293)
	at org.apache.maven.surefire.testng.TestNGXmlTestSuite.execute(TestNGXmlTestSuite.java:84)
	at org.apache.maven.surefire.testng.TestNGProvider.invoke(TestNGProvider.java:91)
	at org.apache.maven.surefire.booter.ForkedBooter.invokeProviderInSameClassLoader(ForkedBooter.java:200)
	at org.apache.maven.surefire.booter.ForkedBooter.runSuitesInProcess(ForkedBooter.java:153)
	at org.apache.maven.surefire.booter.ForkedBooter.main(ForkedBooter.java:103)
]]>
    </failure>
  </testcase> <!-- G8_AgentTimeout_Retry -->
  <testcase name="B3_Apply" time="8.142" classname="com.yeastar.swebtest.testcase.DetailCase.pbxcase.Queue"/>
  <testcase name="E4_key3_ivr" time="45.625" classname="com.yeastar.swebtest.testcase.DetailCase.pbxcase.Queue"/>
  <testcase name="A4_AddQueues" time="31.443" classname="com.yeastar.swebtest.testcase.DetailCase.pbxcase.Queue"/>
  <testcase name="F4_dynamic_call6701" time="54.908" classname="com.yeastar.swebtest.testcase.DetailCase.pbxcase.Queue"/>
  <testcase name="B2_AddInbound" time="20.372" classname="com.yeastar.swebtest.testcase.DetailCase.pbxcase.Queue"/>
  <testcase name="A4_AddQueues" time="40.609" classname="com.yeastar.swebtest.testcase.DetailCase.pbxcase.Queue"/>
  <testcase name="L1_linear" time="182.137" classname="com.yeastar.swebtest.testcase.DetailCase.pbxcase.Queue"/>
  <testcase name="B1_AddInbound" time="58.901" classname="com.yeastar.swebtest.testcase.DetailCase.pbxcase.Queue"/>
  <testcase name="D3_fail_voicemail2_check" time="47.060" classname="com.yeastar.swebtest.testcase.DetailCase.pbxcase.Queue"/>
  <testcase name="F8_dynamic_login6713" time="20.890" classname="com.yeastar.swebtest.testcase.DetailCase.pbxcase.Queue"/>
  <testcase name="D6_fail_queue" time="66.452" classname="com.yeastar.swebtest.testcase.DetailCase.pbxcase.Queue"/>
  <testcase name="H2_leastRecent" time="39.923" classname="com.yeastar.swebtest.testcase.DetailCase.pbxcase.Queue"/>
  <testcase name="A4_AddQueues" time="41.751" classname="com.yeastar.swebtest.testcase.DetailCase.pbxcase.Queue"/>
  <testcase name="B2_AddInbound" time="20.446" classname="com.yeastar.swebtest.testcase.DetailCase.pbxcase.Queue"/>
  <testcase name="E1_key0_hangup" time="30.498" classname="com.yeastar.swebtest.testcase.DetailCase.pbxcase.Queue"/>
  <testcase name="I1_fewestcalls" time="72.807" classname="com.yeastar.swebtest.testcase.DetailCase.pbxcase.Queue"/>
  <testcase name="N2_leave_join_empty" time="1.061" classname="com.yeastar.swebtest.testcase.DetailCase.pbxcase.Queue"/>
  <testcase name="A4_AddQueues" time="39.185" classname="com.yeastar.swebtest.testcase.DetailCase.pbxcase.Queue"/>
  <testcase name="B2_AddInbound" time="20.061" classname="com.yeastar.swebtest.testcase.DetailCase.pbxcase.Queue"/>
  <testcase name="B2_AddInbound" time="20.367" classname="com.yeastar.swebtest.testcase.DetailCase.pbxcase.Queue"/>
  <testcase name="E8_key7_DialbyName" time="53.539" classname="com.yeastar.swebtest.testcase.DetailCase.pbxcase.Queue"/>
  <testcase name="K1_rrmemory" time="95.345" classname="com.yeastar.swebtest.testcase.DetailCase.pbxcase.Queue"/>
  <testcase name="Fa_dynamic_login6714" time="19.096" classname="com.yeastar.swebtest.testcase.DetailCase.pbxcase.Queue"/>
  <testcase name="G4_AgentID" time="0.021" classname="com.yeastar.swebtest.testcase.DetailCase.pbxcase.Queue"/>
  <testcase name="D3_fail_voicemail1" time="62.929" classname="com.yeastar.swebtest.testcase.DetailCase.pbxcase.Queue"/>
  <testcase name="P2_recovery" time="89.491" classname="com.yeastar.swebtest.testcase.DetailCase.pbxcase.Queue"/>
  <testcase name="N4_leave_join_empty" time="1.110" classname="com.yeastar.swebtest.testcase.DetailCase.pbxcase.Queue"/>
  <testcase name="K2_rrmemory" time="39.044" classname="com.yeastar.swebtest.testcase.DetailCase.pbxcase.Queue"/>
  <testcase name="N6_leave_join_empty" time="6.100" classname="com.yeastar.swebtest.testcase.DetailCase.pbxcase.Queue"/>
  <testcase name="F6_dynamic_login6711" time="16.068" classname="com.yeastar.swebtest.testcase.DetailCase.pbxcase.Queue"/>
  <testcase name="A4_AddQueues" time="37.428" classname="com.yeastar.swebtest.testcase.DetailCase.pbxcase.Queue"/>
  <testcase name="G5_Satisfaction" time="124.762" classname="com.yeastar.swebtest.testcase.DetailCase.pbxcase.Queue">
    <error type="java.lang.Error" message="Invalid memory access">
      <![CDATA[java.lang.Error: Invalid memory access
	at com.sun.jna.Native.invokeInt(Native Method)
	at com.sun.jna.Function.invoke(Function.java:383)
	at com.sun.jna.Function.invoke(Function.java:315)
	at com.sun.jna.Library$Handler.invoke(Library.java:212)
	at com.sun.proxy.$Proxy7.ys_hangup_all_call(Unknown Source)
	at com.yeastar.swebtest.tools.pjsip.PjsipApp.Pj_Hangup_All(PjsipApp.java:294)
	at com.yeastar.swebtest.testcase.DetailCase.pbxcase.Queue.G5_Satisfaction(Queue.java:902)
	at sun.reflect.NativeMethodAccessorImpl.invoke0(Native Method)
	at sun.reflect.NativeMethodAccessorImpl.invoke(NativeMethodAccessorImpl.java:62)
	at sun.reflect.DelegatingMethodAccessorImpl.invoke(DelegatingMethodAccessorImpl.java:43)
	at java.lang.reflect.Method.invoke(Method.java:498)
	at org.testng.internal.MethodInvocationHelper.invokeMethod(MethodInvocationHelper.java:85)
	at org.testng.internal.Invoker.invokeMethod(Invoker.java:639)
	at org.testng.internal.Invoker.invokeTestMethod(Invoker.java:816)
	at org.testng.internal.Invoker.invokeTestMethods(Invoker.java:1124)
	at org.testng.internal.TestMethodWorker.invokeTestMethods(TestMethodWorker.java:125)
	at org.testng.internal.TestMethodWorker.run(TestMethodWorker.java:108)
	at org.testng.TestRunner.privateRun(TestRunner.java:774)
	at org.testng.TestRunner.run(TestRunner.java:624)
	at org.testng.SuiteRunner.runTest(SuiteRunner.java:359)
	at org.testng.SuiteRunner.runSequentially(SuiteRunner.java:354)
	at org.testng.SuiteRunner.privateRun(SuiteRunner.java:312)
	at org.testng.SuiteRunner.run(SuiteRunner.java:261)
	at org.testng.SuiteRunnerWorker.runSuite(SuiteRunnerWorker.java:52)
	at org.testng.SuiteRunnerWorker.run(SuiteRunnerWorker.java:86)
	at org.testng.TestNG.runSuitesSequentially(TestNG.java:1215)
	at org.testng.TestNG.runSuitesLocally(TestNG.java:1140)
	at org.testng.TestNG.run(TestNG.java:1048)
	at org.apache.maven.surefire.testng.TestNGExecutor.run(TestNGExecutor.java:293)
	at org.apache.maven.surefire.testng.TestNGXmlTestSuite.execute(TestNGXmlTestSuite.java:84)
	at org.apache.maven.surefire.testng.TestNGProvider.invoke(TestNGProvider.java:91)
	at org.apache.maven.surefire.booter.ForkedBooter.invokeProviderInSameClassLoader(ForkedBooter.java:200)
	at org.apache.maven.surefire.booter.ForkedBooter.runSuitesInProcess(ForkedBooter.java:153)
	at org.apache.maven.surefire.booter.ForkedBooter.main(ForkedBooter.java:103)
]]>
    </error>
  </testcase> <!-- G5_Satisfaction -->
  <testcase name="C1_sps_6701" time="47.697" classname="com.yeastar.swebtest.testcase.DetailCase.pbxcase.Queue"/>
  <testcase name="A4_AddQueues" time="32.146" classname="com.yeastar.swebtest.testcase.DetailCase.pbxcase.Queue"/>
  <testcase name="G6_CallerPosition" time="0.033" classname="com.yeastar.swebtest.testcase.DetailCase.pbxcase.Queue"/>
  <testcase name="H1_leastRecent" time="71.058" classname="com.yeastar.swebtest.testcase.DetailCase.pbxcase.Queue"/>
  <testcase name="G9_warp_time20" time="111.421" classname="com.yeastar.swebtest.testcase.DetailCase.pbxcase.Queue"/>
  <testcase name="A4_AddQueues" time="41.505" classname="com.yeastar.swebtest.testcase.DetailCase.pbxcase.Queue"/>
  <testcase name="E6_key5_queue" time="57.500" classname="com.yeastar.swebtest.testcase.DetailCase.pbxcase.Queue"/>
  <testcase name="N0_backup" time="45.343" classname="com.yeastar.swebtest.testcase.DetailCase.pbxcase.Queue"/>
  <testcase name="F1_dynamic_login6701" time="13.302" classname="com.yeastar.swebtest.testcase.DetailCase.pbxcase.Queue"/>
  <testcase name="G9_warp_time0" time="4.388" classname="com.yeastar.swebtest.testcase.DetailCase.pbxcase.Queue">
    <failure type="java.lang.AssertionError" message="预期1100会同时Ring 【预期：2 实际：4】">
      <![CDATA[java.lang.AssertionError: 预期1100会同时Ring 【预期：2 实际：4】
	at com.yeastar.swebtest.tools.ysassert.YsAssert.fail(YsAssert.java:1092)
	at com.yeastar.swebtest.tools.ysassert.YsAssert.failNotEquals(YsAssert.java:583)
	at com.yeastar.swebtest.tools.ysassert.YsAssert.assertEqualsImpl(YsAssert.java:146)
	at com.yeastar.swebtest.tools.ysassert.YsAssert.assertEquals(YsAssert.java:120)
	at com.yeastar.swebtest.tools.ysassert.YsAssert.assertEquals(YsAssert.java:429)
	at com.yeastar.swebtest.testcase.DetailCase.pbxcase.Queue.G9_warp_time0(Queue.java:968)
	at sun.reflect.NativeMethodAccessorImpl.invoke0(Native Method)
	at sun.reflect.NativeMethodAccessorImpl.invoke(NativeMethodAccessorImpl.java:62)
	at sun.reflect.DelegatingMethodAccessorImpl.invoke(DelegatingMethodAccessorImpl.java:43)
	at java.lang.reflect.Method.invoke(Method.java:498)
	at org.testng.internal.MethodInvocationHelper.invokeMethod(MethodInvocationHelper.java:85)
	at org.testng.internal.Invoker.invokeMethod(Invoker.java:639)
	at org.testng.internal.Invoker.invokeTestMethod(Invoker.java:816)
	at org.testng.internal.Invoker.invokeTestMethods(Invoker.java:1124)
	at org.testng.internal.TestMethodWorker.invokeTestMethods(TestMethodWorker.java:125)
	at org.testng.internal.TestMethodWorker.run(TestMethodWorker.java:108)
	at org.testng.TestRunner.privateRun(TestRunner.java:774)
	at org.testng.TestRunner.run(TestRunner.java:624)
	at org.testng.SuiteRunner.runTest(SuiteRunner.java:359)
	at org.testng.SuiteRunner.runSequentially(SuiteRunner.java:354)
	at org.testng.SuiteRunner.privateRun(SuiteRunner.java:312)
	at org.testng.SuiteRunner.run(SuiteRunner.java:261)
	at org.testng.SuiteRunnerWorker.runSuite(SuiteRunnerWorker.java:52)
	at org.testng.SuiteRunnerWorker.run(SuiteRunnerWorker.java:86)
	at org.testng.TestNG.runSuitesSequentially(TestNG.java:1215)
	at org.testng.TestNG.runSuitesLocally(TestNG.java:1140)
	at org.testng.TestNG.run(TestNG.java:1048)
	at org.apache.maven.surefire.testng.TestNGExecutor.run(TestNGExecutor.java:293)
	at org.apache.maven.surefire.testng.TestNGXmlTestSuite.execute(TestNGXmlTestSuite.java:84)
	at org.apache.maven.surefire.testng.TestNGProvider.invoke(TestNGProvider.java:91)
	at org.apache.maven.surefire.booter.ForkedBooter.invokeProviderInSameClassLoader(ForkedBooter.java:200)
	at org.apache.maven.surefire.booter.ForkedBooter.runSuitesInProcess(ForkedBooter.java:153)
	at org.apache.maven.surefire.booter.ForkedBooter.main(ForkedBooter.java:103)
]]>
    </failure>
  </testcase> <!-- G9_warp_time0 -->
  <testcase name="B2_AddInbound" time="20.383" classname="com.yeastar.swebtest.testcase.DetailCase.pbxcase.Queue"/>
  <testcase name="B5_Register" time="60.642" classname="com.yeastar.swebtest.testcase.DetailCase.pbxcase.Queue"/>
  <testcase name="G3_MusicOnHold2" time="5.574" classname="com.yeastar.swebtest.testcase.DetailCase.pbxcase.Queue"/>
  <testcase name="F7_dynamic_login6712" time="19.384" classname="com.yeastar.swebtest.testcase.DetailCase.pbxcase.Queue"/>
  <testcase name="E3_key2_voicemail3_login" time="31.718" classname="com.yeastar.swebtest.testcase.DetailCase.pbxcase.Queue"/>
  <testcase name="A4_AddQueues" time="45.084" classname="com.yeastar.swebtest.testcase.DetailCase.pbxcase.Queue"/>
  <testcase name="E3_key2_voicemail1" time="59.513" classname="com.yeastar.swebtest.testcase.DetailCase.pbxcase.Queue"/>
  <testcase name="N3_leave_join_empty" time="28.744" classname="com.yeastar.swebtest.testcase.DetailCase.pbxcase.Queue"/>
</testsuite> <!-- com.yeastar.swebtest.testcase.DetailCase.pbxcase.Queue -->
