<?xml version="1.0" encoding="UTF-8"?>
<!-- Generated by org.testng.reporters.JUnitReportReporter -->
<testsuite hostname="Yeastar-PC" name="com.yeastar.swebtest.testcase.DetailCase.pbxcase.AutoCLIP" tests="74" failures="0" timestamp="20 Apr 2018 22:46:21 GMT" time="2081.053" errors="0">
  <testcase name="C_addAllTrunk" time="11.381" classname="com.yeastar.swebtest.testcase.DetailCase.pbxcase.AutoCLIP"/>
  <testcase name="I8_disMissRecord" time="12.249" classname="com.yeastar.swebtest.testcase.DetailCase.pbxcase.AutoCLIP"/>
  <testcase name="D2_checkTrunk8_E1" time="0.013" classname="com.yeastar.swebtest.testcase.DetailCase.pbxcase.AutoCLIP"/>
  <testcase name="K2_makeCall_sps_accept" time="33.549" classname="com.yeastar.swebtest.testcase.DetailCase.pbxcase.AutoCLIP"/>
  <testcase name="B2_checkDefault" time="68.076" classname="com.yeastar.swebtest.testcase.DetailCase.pbxcase.AutoCLIP"/>
  <testcase name="E2_checkDigits_makeCall" time="33.152" classname="com.yeastar.swebtest.testcase.DetailCase.pbxcase.AutoCLIP"/>
  <testcase name="I4_checkMissRecord_SPX" time="33.774" classname="com.yeastar.swebtest.testcase.DetailCase.pbxcase.AutoCLIP"/>
  <testcase name="K8_makeCall_sip_noAnswer" time="30.452" classname="com.yeastar.swebtest.testcase.DetailCase.pbxcase.AutoCLIP"/>
  <testcase name="H2_checkMissRecord_SPX" time="33.750" classname="com.yeastar.swebtest.testcase.DetailCase.pbxcase.AutoCLIP"/>
  <testcase name="D2_checkTrunk9_GSM" time="0.017" classname="com.yeastar.swebtest.testcase.DetailCase.pbxcase.AutoCLIP"/>
  <testcase name="L_addCallRecord1" time="30.309" classname="com.yeastar.swebtest.testcase.DetailCase.pbxcase.AutoCLIP"/>
  <testcase name="F2_matchOutTrunk_makeCall2" time="33.456" classname="com.yeastar.swebtest.testcase.DetailCase.pbxcase.AutoCLIP"/>
  <testcase name="K9_checkTrunk_sip" time="30.587" classname="com.yeastar.swebtest.testcase.DetailCase.pbxcase.AutoCLIP"/>
  <testcase name="F3_matchOutTrunk1" time="33.764" classname="com.yeastar.swebtest.testcase.DetailCase.pbxcase.AutoCLIP"/>
  <testcase name="D2_checkTrunk7_PSTN" time="36.842" classname="com.yeastar.swebtest.testcase.DetailCase.pbxcase.AutoCLIP"/>
  <testcase name="H4_checkMissRecord_E1" time="0.026" classname="com.yeastar.swebtest.testcase.DetailCase.pbxcase.AutoCLIP"/>
  <testcase name="K5_checkTrunk_sip" time="33.837" classname="com.yeastar.swebtest.testcase.DetailCase.pbxcase.AutoCLIP"/>
  <testcase name="M2_deleteOne_yes" time="16.701" classname="com.yeastar.swebtest.testcase.DetailCase.pbxcase.AutoCLIP"/>
  <testcase name="G3_makeCall_sps_reject" time="51.851" classname="com.yeastar.swebtest.testcase.DetailCase.pbxcase.AutoCLIP"/>
  <testcase name="M6_delteAll_yes" time="5.261" classname="com.yeastar.swebtest.testcase.DetailCase.pbxcase.AutoCLIP"/>
  <testcase name="D1_makeCall1" time="31.739" classname="com.yeastar.swebtest.testcase.DetailCase.pbxcase.AutoCLIP"/>
  <testcase name="K1_combine" time="31.649" classname="com.yeastar.swebtest.testcase.DetailCase.pbxcase.AutoCLIP"/>
  <testcase name="I5_checkMissRecord_BRI" time="33.680" classname="com.yeastar.swebtest.testcase.DetailCase.pbxcase.AutoCLIP"/>
  <testcase name="M1_deleteOne_no" time="21.080" classname="com.yeastar.swebtest.testcase.DetailCase.pbxcase.AutoCLIP"/>
  <testcase name="E3_checkDigits1" time="32.857" classname="com.yeastar.swebtest.testcase.DetailCase.pbxcase.AutoCLIP"/>
  <testcase name="J1_deleteUsedRecords" time="13.284" classname="com.yeastar.swebtest.testcase.DetailCase.pbxcase.AutoCLIP"/>
  <testcase name="K6_checkTrunk_sps" time="33.734" classname="com.yeastar.swebtest.testcase.DetailCase.pbxcase.AutoCLIP"/>
  <testcase name="J7_checkUsedRecord_makeCall" time="33.656" classname="com.yeastar.swebtest.testcase.DetailCase.pbxcase.AutoCLIP"/>
  <testcase name="D1_makeCall4" time="36.516" classname="com.yeastar.swebtest.testcase.DetailCase.pbxcase.AutoCLIP"/>
  <testcase name="F1_matchOutTrunk_edit" time="27.474" classname="com.yeastar.swebtest.testcase.DetailCase.pbxcase.AutoCLIP"/>
  <testcase name="H3_checkMissRecord_BRI" time="28.758" classname="com.yeastar.swebtest.testcase.DetailCase.pbxcase.AutoCLIP"/>
  <testcase name="D3_diffNum1" time="38.196" classname="com.yeastar.swebtest.testcase.DetailCase.pbxcase.AutoCLIP"/>
  <testcase name="D2_checkTrunk4_IAX" time="31.713" classname="com.yeastar.swebtest.testcase.DetailCase.pbxcase.AutoCLIP"/>
  <testcase name="I9_checkMissRecord2" time="29.465" classname="com.yeastar.swebtest.testcase.DetailCase.pbxcase.AutoCLIP"/>
  <testcase name="I6_checkMissRecord_E1" time="0.014" classname="com.yeastar.swebtest.testcase.DetailCase.pbxcase.AutoCLIP"/>
  <testcase name="D3_diffNum3" time="33.796" classname="com.yeastar.swebtest.testcase.DetailCase.pbxcase.AutoCLIP"/>
  <testcase name="N_recovery" time="17.590" classname="com.yeastar.swebtest.testcase.DetailCase.pbxcase.AutoCLIP"/>
  <testcase name="K4_makeCall2_SPS_noAnswer" time="28.765" classname="com.yeastar.swebtest.testcase.DetailCase.pbxcase.AutoCLIP"/>
  <testcase name="G2_makeCall1_sps_accept" time="28.574" classname="com.yeastar.swebtest.testcase.DetailCase.pbxcase.AutoCLIP"/>
  <testcase name="J6_checkUsedRecord_makeCall" time="33.695" classname="com.yeastar.swebtest.testcase.DetailCase.pbxcase.AutoCLIP"/>
  <testcase name="M5_delteAll_no" time="9.805" classname="com.yeastar.swebtest.testcase.DetailCase.pbxcase.AutoCLIP"/>
  <testcase name="G1_OnlyMissedRecord" time="29.495" classname="com.yeastar.swebtest.testcase.DetailCase.pbxcase.AutoCLIP"/>
  <testcase name="I1_makeCall_SPS_noAnswer" time="29.909" classname="com.yeastar.swebtest.testcase.DetailCase.pbxcase.AutoCLIP"/>
  <testcase name="L_addCallRecord4" time="28.670" classname="com.yeastar.swebtest.testcase.DetailCase.pbxcase.AutoCLIP"/>
  <testcase name="J5_makeCall_SPS" time="29.234" classname="com.yeastar.swebtest.testcase.DetailCase.pbxcase.AutoCLIP"/>
  <testcase name="F3_matchOutTrunk2" time="28.856" classname="com.yeastar.swebtest.testcase.DetailCase.pbxcase.AutoCLIP"/>
  <testcase name="L_addCallRecord5" time="29.794" classname="com.yeastar.swebtest.testcase.DetailCase.pbxcase.AutoCLIP"/>
  <testcase name="L_addCallRecord3" time="37.664" classname="com.yeastar.swebtest.testcase.DetailCase.pbxcase.AutoCLIP"/>
  <testcase name="I9_checkMissRecord1" time="32.652" classname="com.yeastar.swebtest.testcase.DetailCase.pbxcase.AutoCLIP"/>
  <testcase name="H1_checkMissRecord_SPS" time="33.900" classname="com.yeastar.swebtest.testcase.DetailCase.pbxcase.AutoCLIP"/>
  <testcase name="J4_disUsedRecord" time="13.267" classname="com.yeastar.swebtest.testcase.DetailCase.pbxcase.AutoCLIP"/>
  <testcase name="D3_diffNum2_makeCall" time="28.920" classname="com.yeastar.swebtest.testcase.DetailCase.pbxcase.AutoCLIP"/>
  <testcase name="B3_checkDefault" time="37.247" classname="com.yeastar.swebtest.testcase.DetailCase.pbxcase.AutoCLIP"/>
  <testcase name="D1_makeCall2" time="36.887" classname="com.yeastar.swebtest.testcase.DetailCase.pbxcase.AutoCLIP"/>
  <testcase name="F2_matchOutTrunk_makeCall1" time="33.749" classname="com.yeastar.swebtest.testcase.DetailCase.pbxcase.AutoCLIP"/>
  <testcase name="J3_checkUsedRecord_makeCall" time="33.600" classname="com.yeastar.swebtest.testcase.DetailCase.pbxcase.AutoCLIP"/>
  <testcase name="M4_deltePart_yes" time="5.239" classname="com.yeastar.swebtest.testcase.DetailCase.pbxcase.AutoCLIP"/>
  <testcase name="J2_checkUsedRecord_makeCall" time="34.677" classname="com.yeastar.swebtest.testcase.DetailCase.pbxcase.AutoCLIP"/>
  <testcase name="K4_makeCall1_SPS_noAnswer" time="28.791" classname="com.yeastar.swebtest.testcase.DetailCase.pbxcase.AutoCLIP"/>
  <testcase name="E3_checkDigits2" time="28.669" classname="com.yeastar.swebtest.testcase.DetailCase.pbxcase.AutoCLIP"/>
  <testcase name="M3_deletePart_no" time="18.453" classname="com.yeastar.swebtest.testcase.DetailCase.pbxcase.AutoCLIP"/>
  <testcase name="F5_matchOutTrunk" time="33.775" classname="com.yeastar.swebtest.testcase.DetailCase.pbxcase.AutoCLIP"/>
  <testcase name="D2_checkTrunk2_SIP" time="36.827" classname="com.yeastar.swebtest.testcase.DetailCase.pbxcase.AutoCLIP"/>
  <testcase name="D2_checkTrunk6_BRI" time="31.713" classname="com.yeastar.swebtest.testcase.DetailCase.pbxcase.AutoCLIP"/>
  <testcase name="A_addExtension" time="33.260" classname="com.yeastar.swebtest.testcase.DetailCase.pbxcase.AutoCLIP"/>
  <testcase name="E1_editAutoCLIP" time="26.531" classname="com.yeastar.swebtest.testcase.DetailCase.pbxcase.AutoCLIP"/>
  <testcase name="D2_checkTrunk5_SPX" time="36.715" classname="com.yeastar.swebtest.testcase.DetailCase.pbxcase.AutoCLIP"/>
  <testcase name="K3_checkTrunk_sps" time="28.750" classname="com.yeastar.swebtest.testcase.DetailCase.pbxcase.AutoCLIP"/>
  <testcase name="K7_checkUsedRecord" time="29.007" classname="com.yeastar.swebtest.testcase.DetailCase.pbxcase.AutoCLIP"/>
  <testcase name="L_addCallRecord2" time="28.900" classname="com.yeastar.swebtest.testcase.DetailCase.pbxcase.AutoCLIP"/>
  <testcase name="I3_checkMissRecord_SPS" time="28.978" classname="com.yeastar.swebtest.testcase.DetailCase.pbxcase.AutoCLIP"/>
  <testcase name="B1_default" time="37.514" classname="com.yeastar.swebtest.testcase.DetailCase.pbxcase.AutoCLIP"/>
  <testcase name="F4_disMatchOutTrunk" time="12.568" classname="com.yeastar.swebtest.testcase.DetailCase.pbxcase.AutoCLIP"/>
  <testcase name="D2_checkTrunk1_SPS" time="31.755" classname="com.yeastar.swebtest.testcase.DetailCase.pbxcase.AutoCLIP"/>
</testsuite> <!-- com.yeastar.swebtest.testcase.DetailCase.pbxcase.AutoCLIP -->
