<?xml version="1.0" encoding="UTF-8"?>
<!-- Generated by org.testng.reporters.JUnitReportReporter -->
<testsuite hostname="Yeastar-PC" name="com.yeastar.swebtest.testcase.DetailCase.pbxcase.SpeedDial" tests="40" failures="0" timestamp="20 Apr 2018 22:46:21 GMT" time="863.431" errors="0">
  <testcase name="C3_editPrefix" time="8.814" classname="com.yeastar.swebtest.testcase.DetailCase.pbxcase.SpeedDial"/>
  <testcase name="H1_deleteOne_no" time="17.089" classname="com.yeastar.swebtest.testcase.DetailCase.pbxcase.SpeedDial"/>
  <testcase name="C7_editPrefix" time="8.815" classname="com.yeastar.swebtest.testcase.DetailCase.pbxcase.SpeedDial"/>
  <testcase name="E1_checkSIP" time="28.941" classname="com.yeastar.swebtest.testcase.DetailCase.pbxcase.SpeedDial"/>
  <testcase name="B4_checkSpeedDial1" time="11.131" classname="com.yeastar.swebtest.testcase.DetailCase.pbxcase.SpeedDial"/>
  <testcase name="G2_checkSPS" time="14.106" classname="com.yeastar.swebtest.testcase.DetailCase.pbxcase.SpeedDial"/>
  <testcase name="I_recovery2" time="29.848" classname="com.yeastar.swebtest.testcase.DetailCase.pbxcase.SpeedDial"/>
  <testcase name="E7_checkPSTN" time="29.479" classname="com.yeastar.swebtest.testcase.DetailCase.pbxcase.SpeedDial"/>
  <testcase name="E5_checkSPX" time="29.866" classname="com.yeastar.swebtest.testcase.DetailCase.pbxcase.SpeedDial"/>
  <testcase name="C4_checkPrefix" time="28.805" classname="com.yeastar.swebtest.testcase.DetailCase.pbxcase.SpeedDial"/>
  <testcase name="D2_add_outRouteDial" time="71.048" classname="com.yeastar.swebtest.testcase.DetailCase.pbxcase.SpeedDial"/>
  <testcase name="A_addExtension" time="28.700" classname="com.yeastar.swebtest.testcase.DetailCase.pbxcase.SpeedDial"/>
  <testcase name="E8_checkE1" time="0.014" classname="com.yeastar.swebtest.testcase.DetailCase.pbxcase.SpeedDial"/>
  <testcase name="D3_add_incorrect" time="25.992" classname="com.yeastar.swebtest.testcase.DetailCase.pbxcase.SpeedDial"/>
  <testcase name="H4_deletePart_yes" time="14.371" classname="com.yeastar.swebtest.testcase.DetailCase.pbxcase.SpeedDial"/>
  <testcase name="B3_editSpeedDial" time="20.603" classname="com.yeastar.swebtest.testcase.DetailCase.pbxcase.SpeedDial"/>
  <testcase name="C2_checkPrefix1" time="11.103" classname="com.yeastar.swebtest.testcase.DetailCase.pbxcase.SpeedDial"/>
  <testcase name="C6_checkPrefix" time="28.837" classname="com.yeastar.swebtest.testcase.DetailCase.pbxcase.SpeedDial"/>
  <testcase name="D1_import" time="22.827" classname="com.yeastar.swebtest.testcase.DetailCase.pbxcase.SpeedDial"/>
  <testcase name="C1_editPrefix" time="8.901" classname="com.yeastar.swebtest.testcase.DetailCase.pbxcase.SpeedDial"/>
  <testcase name="B2_checkSpeedDial" time="28.717" classname="com.yeastar.swebtest.testcase.DetailCase.pbxcase.SpeedDial"/>
  <testcase name="H5_deleteAll_no" time="9.857" classname="com.yeastar.swebtest.testcase.DetailCase.pbxcase.SpeedDial"/>
  <testcase name="F_checkIncorrect" time="14.108" classname="com.yeastar.swebtest.testcase.DetailCase.pbxcase.SpeedDial"/>
  <testcase name="C8_checkPrefix" time="28.603" classname="com.yeastar.swebtest.testcase.DetailCase.pbxcase.SpeedDial"/>
  <testcase name="H3_deletePart_no" time="14.478" classname="com.yeastar.swebtest.testcase.DetailCase.pbxcase.SpeedDial"/>
  <testcase name="E4_checkIAX" time="29.089" classname="com.yeastar.swebtest.testcase.DetailCase.pbxcase.SpeedDial"/>
  <testcase name="C5_editPrefix" time="8.876" classname="com.yeastar.swebtest.testcase.DetailCase.pbxcase.SpeedDial"/>
  <testcase name="E3_checkAccount" time="0.024" classname="com.yeastar.swebtest.testcase.DetailCase.pbxcase.SpeedDial"/>
  <testcase name="E2_checkSPS" time="29.433" classname="com.yeastar.swebtest.testcase.DetailCase.pbxcase.SpeedDial"/>
  <testcase name="G1_editOutRoute" time="34.639" classname="com.yeastar.swebtest.testcase.DetailCase.pbxcase.SpeedDial"/>
  <testcase name="H6_deleteAll_yes" time="13.360" classname="com.yeastar.swebtest.testcase.DetailCase.pbxcase.SpeedDial"/>
  <testcase name="E9_checkGSM" time="0.014" classname="com.yeastar.swebtest.testcase.DetailCase.pbxcase.SpeedDial"/>
  <testcase name="I_recovery1" time="8.802" classname="com.yeastar.swebtest.testcase.DetailCase.pbxcase.SpeedDial"/>
  <testcase name="C2_checkPrefix3" time="28.816" classname="com.yeastar.swebtest.testcase.DetailCase.pbxcase.SpeedDial"/>
  <testcase name="B4_checkSpeedDial2" time="28.813" classname="com.yeastar.swebtest.testcase.DetailCase.pbxcase.SpeedDial"/>
  <testcase name="E6_checkBRI" time="46.247" classname="com.yeastar.swebtest.testcase.DetailCase.pbxcase.SpeedDial"/>
  <testcase name="G3_checkSPS" time="28.856" classname="com.yeastar.swebtest.testcase.DetailCase.pbxcase.SpeedDial"/>
  <testcase name="B1_addSpeedDial" time="35.442" classname="com.yeastar.swebtest.testcase.DetailCase.pbxcase.SpeedDial"/>
  <testcase name="C2_checkPrefix2" time="11.098" classname="com.yeastar.swebtest.testcase.DetailCase.pbxcase.SpeedDial"/>
  <testcase name="H2_deleteOne_yes" time="24.869" classname="com.yeastar.swebtest.testcase.DetailCase.pbxcase.SpeedDial"/>
</testsuite> <!-- com.yeastar.swebtest.testcase.DetailCase.pbxcase.SpeedDial -->
