<?xml version="1.0" encoding="UTF-8"?>
<!-- Generated by org.testng.reporters.JUnitReportReporter -->
<testsuite hostname="Yeastar-PC" name="com.yeastar.swebtest.testcase.DetailCase.pbxcase.Disa" tests="58" failures="1" timestamp="16 Oct 2018 05:26:46 GMT" time="2049.305" errors="0">
  <testcase name="B2_addRoute2" time="13.266" classname="com.yeastar.swebtest.testcase.DetailCase.pbxcase.Disa"/>
  <testcase name="I1_checkResponse" time="24.114" classname="com.yeastar.swebtest.testcase.DetailCase.pbxcase.Disa"/>
  <testcase name="D_checkTrunk6" time="0.012" classname="com.yeastar.swebtest.testcase.DetailCase.pbxcase.Disa"/>
  <testcase name="E2_checkPriority3" time="49.974" classname="com.yeastar.swebtest.testcase.DetailCase.pbxcase.Disa"/>
  <testcase name="K1_addDisa" time="15.926" classname="com.yeastar.swebtest.testcase.DetailCase.pbxcase.Disa"/>
  <testcase name="B3_addDisa1" time="76.857" classname="com.yeastar.swebtest.testcase.DetailCase.pbxcase.Disa"/>
  <testcase name="F2_checkPin3" time="50.843" classname="com.yeastar.swebtest.testcase.DetailCase.pbxcase.Disa"/>
  <testcase name="H4_newCall" time="76.312" classname="com.yeastar.swebtest.testcase.DetailCase.pbxcase.Disa"/>
  <testcase name="F2_checkPin1" time="35.137" classname="com.yeastar.swebtest.testcase.DetailCase.pbxcase.Disa"/>
  <testcase name="K3_deleteOne_yes" time="24.932" classname="com.yeastar.swebtest.testcase.DetailCase.pbxcase.Disa"/>
  <testcase name="K5_deletePart_yes" time="13.493" classname="com.yeastar.swebtest.testcase.DetailCase.pbxcase.Disa"/>
  <testcase name="E2_checkPriority2" time="39.710" classname="com.yeastar.swebtest.testcase.DetailCase.pbxcase.Disa"/>
  <testcase name="G2_checkSiglePin" time="69.935" classname="com.yeastar.swebtest.testcase.DetailCase.pbxcase.Disa"/>
  <testcase name="L2_recovery_deleteTrunk" time="22.182" classname="com.yeastar.swebtest.testcase.DetailCase.pbxcase.Disa"/>
  <testcase name="E1_editInRoute" time="30.392" classname="com.yeastar.swebtest.testcase.DetailCase.pbxcase.Disa"/>
  <testcase name="B3_addDisa2" time="10.828" classname="com.yeastar.swebtest.testcase.DetailCase.pbxcase.Disa"/>
  <testcase name="J1_checkDigit" time="27.703" classname="com.yeastar.swebtest.testcase.DetailCase.pbxcase.Disa"/>
  <testcase name="K8_checkDestination" time="10.209" classname="com.yeastar.swebtest.testcase.DetailCase.pbxcase.Disa"/>
  <testcase name="B1_addUnavil" time="23.927" classname="com.yeastar.swebtest.testcase.DetailCase.pbxcase.Disa"/>
  <testcase name="E2_checkPriority1" time="40.410" classname="com.yeastar.swebtest.testcase.DetailCase.pbxcase.Disa"/>
  <testcase name="E5_editDisa" time="37.054" classname="com.yeastar.swebtest.testcase.DetailCase.pbxcase.Disa"/>
  <testcase name="D_checkTrunk3" time="0.039" classname="com.yeastar.swebtest.testcase.DetailCase.pbxcase.Disa"/>
  <testcase name="G3_checkNewSinglePin" time="167.217" classname="com.yeastar.swebtest.testcase.DetailCase.pbxcase.Disa"/>
  <testcase name="G1_editSinglePin" time="38.983" classname="com.yeastar.swebtest.testcase.DetailCase.pbxcase.Disa"/>
  <testcase name="I3_checkResponse2" time="63.621" classname="com.yeastar.swebtest.testcase.DetailCase.pbxcase.Disa"/>
  <testcase name="D_checkTrunk5" time="0.057" classname="com.yeastar.swebtest.testcase.DetailCase.pbxcase.Disa"/>
  <testcase name="L1_recovery_deleteRoute" time="32.340" classname="com.yeastar.swebtest.testcase.DetailCase.pbxcase.Disa"/>
  <testcase name="D_checkTrunk8" time="0.022" classname="com.yeastar.swebtest.testcase.DetailCase.pbxcase.Disa"/>
  <testcase name="K4_deletePart_no" time="16.010" classname="com.yeastar.swebtest.testcase.DetailCase.pbxcase.Disa"/>
  <testcase name="H3_editNone" time="33.050" classname="com.yeastar.swebtest.testcase.DetailCase.pbxcase.Disa"/>
  <testcase name="H2_checkNewNone" time="9.147" classname="com.yeastar.swebtest.testcase.DetailCase.pbxcase.Disa"/>
  <testcase name="J3_checkDigit" time="74.782" classname="com.yeastar.swebtest.testcase.DetailCase.pbxcase.Disa"/>
  <testcase name="B2_addRoute1" time="18.283" classname="com.yeastar.swebtest.testcase.DetailCase.pbxcase.Disa"/>
  <testcase name="H1_editNone" time="32.953" classname="com.yeastar.swebtest.testcase.DetailCase.pbxcase.Disa"/>
  <testcase name="A1_addExtensions" time="23.044" classname="com.yeastar.swebtest.testcase.DetailCase.pbxcase.Disa"/>
  <testcase name="I3_checkResponse1" time="34.122" classname="com.yeastar.swebtest.testcase.DetailCase.pbxcase.Disa"/>
  <testcase name="L4_addInRoute" time="86.770" classname="com.yeastar.swebtest.testcase.DetailCase.pbxcase.Disa"/>
  <testcase name="D_checkTrunk2" time="36.931" classname="com.yeastar.swebtest.testcase.DetailCase.pbxcase.Disa"/>
  <testcase name="E6_checkPriority" time="40.504" classname="com.yeastar.swebtest.testcase.DetailCase.pbxcase.Disa"/>
  <testcase name="L3_addDisa" time="38.185" classname="com.yeastar.swebtest.testcase.DetailCase.pbxcase.Disa"/>
  <testcase name="J2_editDigit" time="32.410" classname="com.yeastar.swebtest.testcase.DetailCase.pbxcase.Disa"/>
  <testcase name="K6_deleteAll_no" time="9.792" classname="com.yeastar.swebtest.testcase.DetailCase.pbxcase.Disa"/>
  <testcase name="J4_checkDigit" time="32.638" classname="com.yeastar.swebtest.testcase.DetailCase.pbxcase.Disa"/>
  <testcase name="F1_editPin" time="39.075" classname="com.yeastar.swebtest.testcase.DetailCase.pbxcase.Disa"/>
  <testcase name="F2_checkPin2" time="65.669" classname="com.yeastar.swebtest.testcase.DetailCase.pbxcase.Disa"/>
  <testcase name="F3_editInRoute" time="31.568" classname="com.yeastar.swebtest.testcase.DetailCase.pbxcase.Disa"/>
  <testcase name="E4_checkPriority" time="40.346" classname="com.yeastar.swebtest.testcase.DetailCase.pbxcase.Disa"/>
  <testcase name="K2_deleteOne_no" time="16.966" classname="com.yeastar.swebtest.testcase.DetailCase.pbxcase.Disa"/>
  <testcase name="E3_editOutRoute" time="27.614" classname="com.yeastar.swebtest.testcase.DetailCase.pbxcase.Disa"/>
  <testcase name="K7_deleteAll_yes" time="13.310" classname="com.yeastar.swebtest.testcase.DetailCase.pbxcase.Disa"/>
  <testcase name="F4_checkPin4" time="66.156" classname="com.yeastar.swebtest.testcase.DetailCase.pbxcase.Disa"/>
  <testcase name="I2_editResponse" time="32.123" classname="com.yeastar.swebtest.testcase.DetailCase.pbxcase.Disa"/>
  <testcase name="D_checkTrunk9" time="48.209" classname="com.yeastar.swebtest.testcase.DetailCase.pbxcase.Disa">
    <failure type="java.lang.AssertionError" message="CDR呼叫方检测 【预期：2001 [2001] 实际：3001 [3001]】">
      <![CDATA[java.lang.AssertionError: CDR呼叫方检测 【预期：2001 [2001] 实际：3001 [3001]】
	at com.yeastar.swebtest.tools.ysassert.YsAssert.fail(YsAssert.java:1092)
	at com.yeastar.swebtest.tools.ysassert.YsAssert.failNotEquals(YsAssert.java:583)
	at com.yeastar.swebtest.tools.ysassert.YsAssert.assertEqualsImpl(YsAssert.java:146)
	at com.yeastar.swebtest.tools.ysassert.YsAssert.assertEquals(YsAssert.java:120)
	at com.yeastar.swebtest.tools.ysassert.YsAssert.assertEquals(YsAssert.java:203)
	at com.yeastar.swebtest.driver.YSMethod.YS_Extension.checkCDR(YS_Extension.java:288)
	at com.yeastar.swebtest.driver.YSMethod.YS_Extension.checkCDR(YS_Extension.java:278)
	at com.yeastar.swebtest.testcase.DetailCase.pbxcase.Disa.D_checkTrunk9(Disa.java:367)
	at sun.reflect.NativeMethodAccessorImpl.invoke0(Native Method)
	at sun.reflect.NativeMethodAccessorImpl.invoke(NativeMethodAccessorImpl.java:62)
	at sun.reflect.DelegatingMethodAccessorImpl.invoke(DelegatingMethodAccessorImpl.java:43)
	at java.lang.reflect.Method.invoke(Method.java:498)
	at org.testng.internal.MethodInvocationHelper.invokeMethod(MethodInvocationHelper.java:85)
	at org.testng.internal.Invoker.invokeMethod(Invoker.java:639)
	at org.testng.internal.Invoker.invokeTestMethod(Invoker.java:816)
	at org.testng.internal.Invoker.invokeTestMethods(Invoker.java:1124)
	at org.testng.internal.TestMethodWorker.invokeTestMethods(TestMethodWorker.java:125)
	at org.testng.internal.TestMethodWorker.run(TestMethodWorker.java:108)
	at org.testng.TestRunner.privateRun(TestRunner.java:774)
	at org.testng.TestRunner.run(TestRunner.java:624)
	at org.testng.SuiteRunner.runTest(SuiteRunner.java:359)
	at org.testng.SuiteRunner.runSequentially(SuiteRunner.java:354)
	at org.testng.SuiteRunner.privateRun(SuiteRunner.java:312)
	at org.testng.SuiteRunner.run(SuiteRunner.java:261)
	at org.testng.SuiteRunnerWorker.runSuite(SuiteRunnerWorker.java:52)
	at org.testng.SuiteRunnerWorker.run(SuiteRunnerWorker.java:86)
	at org.testng.TestNG.runSuitesSequentially(TestNG.java:1215)
	at org.testng.TestNG.runSuitesLocally(TestNG.java:1140)
	at org.testng.TestNG.run(TestNG.java:1048)
	at org.apache.maven.surefire.testng.TestNGExecutor.run(TestNGExecutor.java:293)
	at org.apache.maven.surefire.testng.TestNGXmlTestSuite.execute(TestNGXmlTestSuite.java:84)
	at org.apache.maven.surefire.testng.TestNGProvider.invoke(TestNGProvider.java:91)
	at org.apache.maven.surefire.booter.ForkedBooter.invokeProviderInSameClassLoader(ForkedBooter.java:200)
	at org.apache.maven.surefire.booter.ForkedBooter.runSuitesInProcess(ForkedBooter.java:153)
	at org.apache.maven.surefire.booter.ForkedBooter.main(ForkedBooter.java:103)
]]>
    </failure>
  </testcase> <!-- D_checkTrunk9 -->
  <testcase name="C1_editInRoute" time="85.921" classname="com.yeastar.swebtest.testcase.DetailCase.pbxcase.Disa"/>
  <testcase name="D_checkTrunk1" time="40.426" classname="com.yeastar.swebtest.testcase.DetailCase.pbxcase.Disa"/>
  <testcase name="D_checkTrunk7" time="0.012" classname="com.yeastar.swebtest.testcase.DetailCase.pbxcase.Disa"/>
  <testcase name="D_checkTrunk4" time="0.045" classname="com.yeastar.swebtest.testcase.DetailCase.pbxcase.Disa"/>
  <testcase name="E7_recoveryOutRoute" time="27.749" classname="com.yeastar.swebtest.testcase.DetailCase.pbxcase.Disa"/>
</testsuite> <!-- com.yeastar.swebtest.testcase.DetailCase.pbxcase.Disa -->
