<?xml version="1.0" encoding="UTF-8"?>
<!-- Generated by org.testng.reporters.JUnitReportReporter -->
<testsuite hostname="Yeastar-PC" name="com.yeastar.swebtest.testcase.DetailCase.pbxcase.BeforeTest" tests="36" failures="0" timestamp="20 Apr 2018 22:46:21 GMT" time="1139.490" errors="0">
  <testcase name="A2_editExtenName1" time="27.470" classname="com.yeastar.swebtest.testcase.DetailCase.pbxcase.BeforeTest"/>
  <testcase name="L_addcallback" time="40.642" classname="com.yeastar.swebtest.testcase.DetailCase.pbxcase.BeforeTest"/>
  <testcase name="G_addOutRoute6" time="16.878" classname="com.yeastar.swebtest.testcase.DetailCase.pbxcase.BeforeTest"/>
  <testcase name="A4_addExtensionGroup" time="33.872" classname="com.yeastar.swebtest.testcase.DetailCase.pbxcase.BeforeTest"/>
  <testcase name="M_adddisa" time="37.630" classname="com.yeastar.swebtest.testcase.DetailCase.pbxcase.BeforeTest"/>
  <testcase name="G_addOutRoute2" time="15.032" classname="com.yeastar.swebtest.testcase.DetailCase.pbxcase.BeforeTest"/>
  <testcase name="C_addtrunk" time="40.445" classname="com.yeastar.swebtest.testcase.DetailCase.pbxcase.BeforeTest"/>
  <testcase name="Q_setAMI" time="19.903" classname="com.yeastar.swebtest.testcase.DetailCase.pbxcase.BeforeTest"/>
  <testcase name="N_addPin" time="49.667" classname="com.yeastar.swebtest.testcase.DetailCase.pbxcase.BeforeTest"/>
  <testcase name="I_addringgroup" time="33.599" classname="com.yeastar.swebtest.testcase.DetailCase.pbxcase.BeforeTest"/>
  <testcase name="E_addtrunk" time="41.078" classname="com.yeastar.swebtest.testcase.DetailCase.pbxcase.BeforeTest"/>
  <testcase name="H_addivr" time="51.854" classname="com.yeastar.swebtest.testcase.DetailCase.pbxcase.BeforeTest"/>
  <testcase name="D_addtrunk" time="42.457" classname="com.yeastar.swebtest.testcase.DetailCase.pbxcase.BeforeTest"/>
  <testcase name="G_addOutRoute1" time="34.342" classname="com.yeastar.swebtest.testcase.DetailCase.pbxcase.BeforeTest"/>
  <testcase name="O2_setRecord" time="48.429" classname="com.yeastar.swebtest.testcase.DetailCase.pbxcase.BeforeTest"/>
  <testcase name="A3_editExtenEmail1" time="21.843" classname="com.yeastar.swebtest.testcase.DetailCase.pbxcase.BeforeTest"/>
  <testcase name="B_addtrunk" time="43.577" classname="com.yeastar.swebtest.testcase.DetailCase.pbxcase.BeforeTest"/>
  <testcase name="R_UserPermission" time="36.194" classname="com.yeastar.swebtest.testcase.DetailCase.pbxcase.BeforeTest"/>
  <testcase name="P1_setRegistrationTime" time="7.370" classname="com.yeastar.swebtest.testcase.DetailCase.pbxcase.BeforeTest"/>
  <testcase name="G_addOutRoute5" time="14.926" classname="com.yeastar.swebtest.testcase.DetailCase.pbxcase.BeforeTest"/>
  <testcase name="G_addOutRoute3" time="14.901" classname="com.yeastar.swebtest.testcase.DetailCase.pbxcase.BeforeTest"/>
  <testcase name="P2_setCode" time="7.635" classname="com.yeastar.swebtest.testcase.DetailCase.pbxcase.BeforeTest"/>
  <testcase name="G_addOutRoute8" time="0.090" classname="com.yeastar.swebtest.testcase.DetailCase.pbxcase.BeforeTest"/>
  <testcase name="F_addInRoute" time="51.397" classname="com.yeastar.swebtest.testcase.DetailCase.pbxcase.BeforeTest"/>
  <testcase name="G_addOutRoute7" time="0.018" classname="com.yeastar.swebtest.testcase.DetailCase.pbxcase.BeforeTest"/>
  <testcase name="A3_editExtenName2" time="28.765" classname="com.yeastar.swebtest.testcase.DetailCase.pbxcase.BeforeTest"/>
  <testcase name="O1_setRecord" time="9.328" classname="com.yeastar.swebtest.testcase.DetailCase.pbxcase.BeforeTest"/>
  <testcase name="A3_editExtenEmail2" time="31.248" classname="com.yeastar.swebtest.testcase.DetailCase.pbxcase.BeforeTest"/>
  <testcase name="G_addOutRoute4" time="14.743" classname="com.yeastar.swebtest.testcase.DetailCase.pbxcase.BeforeTest"/>
  <testcase name="A1_addExtension" time="79.699" classname="com.yeastar.swebtest.testcase.DetailCase.pbxcase.BeforeTest"/>
  <testcase name="B1_addtrunk" time="58.697" classname="com.yeastar.swebtest.testcase.DetailCase.pbxcase.BeforeTest"/>
  <testcase name="C1_addtrunk" time="0.012" classname="com.yeastar.swebtest.testcase.DetailCase.pbxcase.BeforeTest"/>
  <testcase name="S_setSystemTime" time="120.977" classname="com.yeastar.swebtest.testcase.DetailCase.pbxcase.BeforeTest"/>
  <testcase name="J_addqueue" time="38.600" classname="com.yeastar.swebtest.testcase.DetailCase.pbxcase.BeforeTest"/>
  <testcase name="G_addOutRoute9" time="0.013" classname="com.yeastar.swebtest.testcase.DetailCase.pbxcase.BeforeTest"/>
  <testcase name="K_addconference" time="26.159" classname="com.yeastar.swebtest.testcase.DetailCase.pbxcase.BeforeTest"/>
</testsuite> <!-- com.yeastar.swebtest.testcase.DetailCase.pbxcase.BeforeTest -->
