<?xml version="1.0" encoding="UTF-8"?>
<!-- Generated by org.testng.reporters.JUnitReportReporter -->
<testsuite hostname="Yeastar-PC" name="com.yeastar.swebtest.testcase.DetailCase.pbxcase.Blacklist_Whitelist" tests="108" failures="1" timestamp="20 Apr 2018 22:46:21 GMT" time="2556.915" errors="1">
  <testcase name="C4_white_admin2" time="45.748" classname="com.yeastar.swebtest.testcase.DetailCase.pbxcase.Blacklist_Whitelist"/>
  <testcase name="B2_white_admin3" time="11.602" classname="com.yeastar.swebtest.testcase.DetailCase.pbxcase.Blacklist_Whitelist"/>
  <testcase name="C2_white_admin5" time="29.401" classname="com.yeastar.swebtest.testcase.DetailCase.pbxcase.Blacklist_Whitelist"/>
  <testcase name="D5_black_me1" time="39.355" classname="com.yeastar.swebtest.testcase.DetailCase.pbxcase.Blacklist_Whitelist"/>
  <testcase name="C3_black_admin5" time="28.755" classname="com.yeastar.swebtest.testcase.DetailCase.pbxcase.Blacklist_Whitelist"/>
  <testcase name="C7_black_admin2" time="28.963" classname="com.yeastar.swebtest.testcase.DetailCase.pbxcase.Blacklist_Whitelist"/>
  <testcase name="C6_white_admin1" time="21.775" classname="com.yeastar.swebtest.testcase.DetailCase.pbxcase.Blacklist_Whitelist"/>
  <testcase name="C5_black_admin2" time="11.098" classname="com.yeastar.swebtest.testcase.DetailCase.pbxcase.Blacklist_Whitelist"/>
  <testcase name="C4_white_admin1" time="19.732" classname="com.yeastar.swebtest.testcase.DetailCase.pbxcase.Blacklist_Whitelist"/>
  <testcase name="C6_white_admin2" time="38.413" classname="com.yeastar.swebtest.testcase.DetailCase.pbxcase.Blacklist_Whitelist">
    <failure type="java.lang.AssertionError" message="CDR被叫方检测 【预期：1000 [1000] 实际：1000】">
      <![CDATA[java.lang.AssertionError: CDR被叫方检测 【预期：1000 [1000] 实际：1000】
	at com.yeastar.swebtest.tools.ysassert.YsAssert.fail(YsAssert.java:1086)
	at com.yeastar.swebtest.tools.ysassert.YsAssert.failNotEquals(YsAssert.java:579)
	at com.yeastar.swebtest.tools.ysassert.YsAssert.assertEqualsImpl(YsAssert.java:142)
	at com.yeastar.swebtest.tools.ysassert.YsAssert.assertEquals(YsAssert.java:116)
	at com.yeastar.swebtest.tools.ysassert.YsAssert.assertEquals(YsAssert.java:199)
	at com.yeastar.swebtest.driver.YSMethod.YS_Extension.checkCDR(YS_Extension.java:263)
	at com.yeastar.swebtest.driver.YSMethod.YS_Extension.checkCDR(YS_Extension.java:252)
	at com.yeastar.swebtest.testcase.DetailCase.pbxcase.Blacklist_Whitelist.C6_white_admin2(Blacklist_Whitelist.java:1050)
	at sun.reflect.NativeMethodAccessorImpl.invoke0(Native Method)
	at sun.reflect.NativeMethodAccessorImpl.invoke(NativeMethodAccessorImpl.java:62)
	at sun.reflect.DelegatingMethodAccessorImpl.invoke(DelegatingMethodAccessorImpl.java:43)
	at java.lang.reflect.Method.invoke(Method.java:498)
	at org.testng.internal.MethodInvocationHelper.invokeMethod(MethodInvocationHelper.java:85)
	at org.testng.internal.Invoker.invokeMethod(Invoker.java:639)
	at org.testng.internal.Invoker.invokeTestMethod(Invoker.java:816)
	at org.testng.internal.Invoker.invokeTestMethods(Invoker.java:1124)
	at org.testng.internal.TestMethodWorker.invokeTestMethods(TestMethodWorker.java:125)
	at org.testng.internal.TestMethodWorker.run(TestMethodWorker.java:108)
	at org.testng.TestRunner.privateRun(TestRunner.java:774)
	at org.testng.TestRunner.run(TestRunner.java:624)
	at org.testng.SuiteRunner.runTest(SuiteRunner.java:359)
	at org.testng.SuiteRunner.runSequentially(SuiteRunner.java:354)
	at org.testng.SuiteRunner.privateRun(SuiteRunner.java:312)
	at org.testng.SuiteRunner.run(SuiteRunner.java:261)
	at org.testng.SuiteRunnerWorker.runSuite(SuiteRunnerWorker.java:52)
	at org.testng.SuiteRunnerWorker.run(SuiteRunnerWorker.java:86)
	at org.testng.TestNG.runSuitesSequentially(TestNG.java:1215)
	at org.testng.TestNG.runSuitesLocally(TestNG.java:1140)
	at org.testng.TestNG.run(TestNG.java:1048)
	at org.apache.maven.surefire.testng.TestNGExecutor.run(TestNGExecutor.java:293)
	at org.apache.maven.surefire.testng.TestNGXmlTestSuite.execute(TestNGXmlTestSuite.java:84)
	at org.apache.maven.surefire.testng.TestNGProvider.invoke(TestNGProvider.java:91)
	at org.apache.maven.surefire.booter.ForkedBooter.invokeProviderInSameClassLoader(ForkedBooter.java:200)
	at org.apache.maven.surefire.booter.ForkedBooter.runSuitesInProcess(ForkedBooter.java:153)
	at org.apache.maven.surefire.booter.ForkedBooter.main(ForkedBooter.java:103)
]]>
    </failure>
  </testcase> <!-- C6_white_admin2 -->
  <testcase name="B2_white_admin1" time="19.834" classname="com.yeastar.swebtest.testcase.DetailCase.pbxcase.Blacklist_Whitelist"/>
  <testcase name="D6_white_me4" time="27.203" classname="com.yeastar.swebtest.testcase.DetailCase.pbxcase.Blacklist_Whitelist"/>
  <testcase name="C5_black_admin3" time="11.611" classname="com.yeastar.swebtest.testcase.DetailCase.pbxcase.Blacklist_Whitelist"/>
  <testcase name="D6_white_me3" time="17.097" classname="com.yeastar.swebtest.testcase.DetailCase.pbxcase.Blacklist_Whitelist"/>
  <testcase name="A1_addExtensions" time="56.816" classname="com.yeastar.swebtest.testcase.DetailCase.pbxcase.Blacklist_Whitelist"/>
  <testcase name="A2_init" time="19.622" classname="com.yeastar.swebtest.testcase.DetailCase.pbxcase.Blacklist_Whitelist"/>
  <testcase name="C8_white_admin2" time="28.841" classname="com.yeastar.swebtest.testcase.DetailCase.pbxcase.Blacklist_Whitelist"/>
  <testcase name="D3_black_me3" time="18.097" classname="com.yeastar.swebtest.testcase.DetailCase.pbxcase.Blacklist_Whitelist"/>
  <testcase name="C9_EmergencyNumber5" time="29.335" classname="com.yeastar.swebtest.testcase.DetailCase.pbxcase.Blacklist_Whitelist"/>
  <testcase name="D1_black_me4" time="24.306" classname="com.yeastar.swebtest.testcase.DetailCase.pbxcase.Blacklist_Whitelist"/>
  <testcase name="C9_EmergencyNumber4" time="9.774" classname="com.yeastar.swebtest.testcase.DetailCase.pbxcase.Blacklist_Whitelist"/>
  <testcase name="D6_white_me8" time="21.548" classname="com.yeastar.swebtest.testcase.DetailCase.pbxcase.Blacklist_Whitelist"/>
  <testcase name="C3_black_admin2" time="45.829" classname="com.yeastar.swebtest.testcase.DetailCase.pbxcase.Blacklist_Whitelist"/>
  <testcase name="C1_black_admin5" time="45.727" classname="com.yeastar.swebtest.testcase.DetailCase.pbxcase.Blacklist_Whitelist"/>
  <testcase name="C1_black_admin1" time="38.688" classname="com.yeastar.swebtest.testcase.DetailCase.pbxcase.Blacklist_Whitelist"/>
  <testcase name="D6_white_me7" time="27.227" classname="com.yeastar.swebtest.testcase.DetailCase.pbxcase.Blacklist_Whitelist"/>
  <testcase name="D4_white_me4" time="21.941" classname="com.yeastar.swebtest.testcase.DetailCase.pbxcase.Blacklist_Whitelist"/>
  <testcase name="C7_black_admin5" time="11.601" classname="com.yeastar.swebtest.testcase.DetailCase.pbxcase.Blacklist_Whitelist"/>
  <testcase name="C7_black_admin3" time="11.602" classname="com.yeastar.swebtest.testcase.DetailCase.pbxcase.Blacklist_Whitelist"/>
  <testcase name="C2_white_admin2" time="11.601" classname="com.yeastar.swebtest.testcase.DetailCase.pbxcase.Blacklist_Whitelist"/>
  <testcase name="D3_black_me1" time="32.063" classname="com.yeastar.swebtest.testcase.DetailCase.pbxcase.Blacklist_Whitelist"/>
  <testcase name="C1_black_admin6" time="29.360" classname="com.yeastar.swebtest.testcase.DetailCase.pbxcase.Blacklist_Whitelist"/>
  <testcase name="C3_black_admin4" time="11.094" classname="com.yeastar.swebtest.testcase.DetailCase.pbxcase.Blacklist_Whitelist"/>
  <testcase name="B5_black_admin2" time="11.101" classname="com.yeastar.swebtest.testcase.DetailCase.pbxcase.Blacklist_Whitelist"/>
  <testcase name="C2_white_admin1" time="19.751" classname="com.yeastar.swebtest.testcase.DetailCase.pbxcase.Blacklist_Whitelist"/>
  <testcase name="B8_white_admin1" time="19.859" classname="com.yeastar.swebtest.testcase.DetailCase.pbxcase.Blacklist_Whitelist"/>
  <testcase name="D1_black_me2" time="12.109" classname="com.yeastar.swebtest.testcase.DetailCase.pbxcase.Blacklist_Whitelist"/>
  <testcase name="D3_black_me2" time="21.579" classname="com.yeastar.swebtest.testcase.DetailCase.pbxcase.Blacklist_Whitelist"/>
  <testcase name="D5_black_me4" time="21.613" classname="com.yeastar.swebtest.testcase.DetailCase.pbxcase.Blacklist_Whitelist"/>
  <testcase name="C6_white_admin3" time="28.780" classname="com.yeastar.swebtest.testcase.DetailCase.pbxcase.Blacklist_Whitelist"/>
  <testcase name="B1_black_admin1" time="16.806" classname="com.yeastar.swebtest.testcase.DetailCase.pbxcase.Blacklist_Whitelist"/>
  <testcase name="C8_white_admin5" time="11.098" classname="com.yeastar.swebtest.testcase.DetailCase.pbxcase.Blacklist_Whitelist"/>
  <testcase name="B5_black_admin6" time="31.458" classname="com.yeastar.swebtest.testcase.DetailCase.pbxcase.Blacklist_Whitelist"/>
  <testcase name="B2_white_admin2" time="28.683" classname="com.yeastar.swebtest.testcase.DetailCase.pbxcase.Blacklist_Whitelist"/>
  <testcase name="C8_white_admin4" time="27.015" classname="com.yeastar.swebtest.testcase.DetailCase.pbxcase.Blacklist_Whitelist"/>
  <testcase name="C5_black_admin6" time="11.097" classname="com.yeastar.swebtest.testcase.DetailCase.pbxcase.Blacklist_Whitelist"/>
  <testcase name="B4_white_admin2" time="28.694" classname="com.yeastar.swebtest.testcase.DetailCase.pbxcase.Blacklist_Whitelist"/>
  <testcase name="B4_white_admin1" time="22.149" classname="com.yeastar.swebtest.testcase.DetailCase.pbxcase.Blacklist_Whitelist"/>
  <testcase name="C8_white_admin1" time="17.375" classname="com.yeastar.swebtest.testcase.DetailCase.pbxcase.Blacklist_Whitelist"/>
  <testcase name="C7_black_admin1" time="35.027" classname="com.yeastar.swebtest.testcase.DetailCase.pbxcase.Blacklist_Whitelist"/>
  <testcase name="B5_black_admin5" time="36.851" classname="com.yeastar.swebtest.testcase.DetailCase.pbxcase.Blacklist_Whitelist"/>
  <testcase name="B3_black_admin1" time="36.190" classname="com.yeastar.swebtest.testcase.DetailCase.pbxcase.Blacklist_Whitelist"/>
  <testcase name="B7_black_admin4" time="29.758" classname="com.yeastar.swebtest.testcase.DetailCase.pbxcase.Blacklist_Whitelist"/>
  <testcase name="C2_white_admin4" time="45.744" classname="com.yeastar.swebtest.testcase.DetailCase.pbxcase.Blacklist_Whitelist"/>
  <testcase name="B3_black_admin4" time="45.795" classname="com.yeastar.swebtest.testcase.DetailCase.pbxcase.Blacklist_Whitelist"/>
  <testcase name="D4_white_me1" time="14.441" classname="com.yeastar.swebtest.testcase.DetailCase.pbxcase.Blacklist_Whitelist"/>
  <testcase name="B7_black_admin1" time="37.545" classname="com.yeastar.swebtest.testcase.DetailCase.pbxcase.Blacklist_Whitelist"/>
  <testcase name="D4_white_me2" time="21.662" classname="com.yeastar.swebtest.testcase.DetailCase.pbxcase.Blacklist_Whitelist"/>
  <testcase name="C9_EmergencyNumber3" time="28.846" classname="com.yeastar.swebtest.testcase.DetailCase.pbxcase.Blacklist_Whitelist"/>
  <testcase name="B7_black_admin3" time="11.115" classname="com.yeastar.swebtest.testcase.DetailCase.pbxcase.Blacklist_Whitelist"/>
  <testcase name="C9_EmergencyNumber2" time="21.416" classname="com.yeastar.swebtest.testcase.DetailCase.pbxcase.Blacklist_Whitelist"/>
  <testcase name="B1_black_admin4" time="28.844" classname="com.yeastar.swebtest.testcase.DetailCase.pbxcase.Blacklist_Whitelist"/>
  <testcase name="D1_black_me1" time="41.846" classname="com.yeastar.swebtest.testcase.DetailCase.pbxcase.Blacklist_Whitelist"/>
  <testcase name="B5_black_admin1" time="38.510" classname="com.yeastar.swebtest.testcase.DetailCase.pbxcase.Blacklist_Whitelist"/>
  <testcase name="C8_white_admin3" time="29.622" classname="com.yeastar.swebtest.testcase.DetailCase.pbxcase.Blacklist_Whitelist"/>
  <testcase name="C5_black_admin1" time="35.083" classname="com.yeastar.swebtest.testcase.DetailCase.pbxcase.Blacklist_Whitelist"/>
  <testcase name="B6_white_admin1" time="19.639" classname="com.yeastar.swebtest.testcase.DetailCase.pbxcase.Blacklist_Whitelist"/>
  <testcase name="C2_white_admin3" time="45.896" classname="com.yeastar.swebtest.testcase.DetailCase.pbxcase.Blacklist_Whitelist"/>
  <testcase name="C1_black_admin2" time="11.603" classname="com.yeastar.swebtest.testcase.DetailCase.pbxcase.Blacklist_Whitelist"/>
  <testcase name="B1_black_admin2" time="6.725" classname="com.yeastar.swebtest.testcase.DetailCase.pbxcase.Blacklist_Whitelist">
    <error type="java.lang.Error" message="Invalid memory access">
      <![CDATA[java.lang.Error: Invalid memory access
	at com.sun.jna.Native.invokeInt(Native Method)
	at com.sun.jna.Function.invoke(Function.java:383)
	at com.sun.jna.Function.invoke(Function.java:315)
	at com.sun.jna.Library$Handler.invoke(Library.java:212)
	at com.sun.proxy.$Proxy7.ys_hangup_all_call(Unknown Source)
	at com.yeastar.swebtest.tools.pjsip.PjsipApp.Pj_Hangup_All(PjsipApp.java:397)
	at com.yeastar.swebtest.testcase.DetailCase.pbxcase.Blacklist_Whitelist.B1_black_admin2(Blacklist_Whitelist.java:146)
	at sun.reflect.NativeMethodAccessorImpl.invoke0(Native Method)
	at sun.reflect.NativeMethodAccessorImpl.invoke(NativeMethodAccessorImpl.java:62)
	at sun.reflect.DelegatingMethodAccessorImpl.invoke(DelegatingMethodAccessorImpl.java:43)
	at java.lang.reflect.Method.invoke(Method.java:498)
	at org.testng.internal.MethodInvocationHelper.invokeMethod(MethodInvocationHelper.java:85)
	at org.testng.internal.Invoker.invokeMethod(Invoker.java:639)
	at org.testng.internal.Invoker.invokeTestMethod(Invoker.java:816)
	at org.testng.internal.Invoker.invokeTestMethods(Invoker.java:1124)
	at org.testng.internal.TestMethodWorker.invokeTestMethods(TestMethodWorker.java:125)
	at org.testng.internal.TestMethodWorker.run(TestMethodWorker.java:108)
	at org.testng.TestRunner.privateRun(TestRunner.java:774)
	at org.testng.TestRunner.run(TestRunner.java:624)
	at org.testng.SuiteRunner.runTest(SuiteRunner.java:359)
	at org.testng.SuiteRunner.runSequentially(SuiteRunner.java:354)
	at org.testng.SuiteRunner.privateRun(SuiteRunner.java:312)
	at org.testng.SuiteRunner.run(SuiteRunner.java:261)
	at org.testng.SuiteRunnerWorker.runSuite(SuiteRunnerWorker.java:52)
	at org.testng.SuiteRunnerWorker.run(SuiteRunnerWorker.java:86)
	at org.testng.TestNG.runSuitesSequentially(TestNG.java:1215)
	at org.testng.TestNG.runSuitesLocally(TestNG.java:1140)
	at org.testng.TestNG.run(TestNG.java:1048)
	at org.apache.maven.surefire.testng.TestNGExecutor.run(TestNGExecutor.java:293)
	at org.apache.maven.surefire.testng.TestNGXmlTestSuite.execute(TestNGXmlTestSuite.java:84)
	at org.apache.maven.surefire.testng.TestNGProvider.invoke(TestNGProvider.java:91)
	at org.apache.maven.surefire.booter.ForkedBooter.invokeProviderInSameClassLoader(ForkedBooter.java:200)
	at org.apache.maven.surefire.booter.ForkedBooter.runSuitesInProcess(ForkedBooter.java:153)
	at org.apache.maven.surefire.booter.ForkedBooter.main(ForkedBooter.java:103)
]]>
    </error>
  </testcase> <!-- B1_black_admin2 -->
  <testcase name="C5_black_admin5" time="11.108" classname="com.yeastar.swebtest.testcase.DetailCase.pbxcase.Blacklist_Whitelist"/>
  <testcase name="D1_black_me3" time="14.088" classname="com.yeastar.swebtest.testcase.DetailCase.pbxcase.Blacklist_Whitelist"/>
  <testcase name="C1_black_admin3" time="11.232" classname="com.yeastar.swebtest.testcase.DetailCase.pbxcase.Blacklist_Whitelist"/>
  <testcase name="B8_white_admin3" time="28.759" classname="com.yeastar.swebtest.testcase.DetailCase.pbxcase.Blacklist_Whitelist"/>
  <testcase name="D6_white_me1" time="14.422" classname="com.yeastar.swebtest.testcase.DetailCase.pbxcase.Blacklist_Whitelist"/>
  <testcase name="D2_white_me2" time="21.556" classname="com.yeastar.swebtest.testcase.DetailCase.pbxcase.Blacklist_Whitelist"/>
  <testcase name="B1_black_admin3" time="12.070" classname="com.yeastar.swebtest.testcase.DetailCase.pbxcase.Blacklist_Whitelist"/>
  <testcase name="B4_white_admin4" time="31.954" classname="com.yeastar.swebtest.testcase.DetailCase.pbxcase.Blacklist_Whitelist"/>
  <testcase name="D6_white_me9" time="21.826" classname="com.yeastar.swebtest.testcase.DetailCase.pbxcase.Blacklist_Whitelist"/>
  <testcase name="B3_black_admin6" time="11.111" classname="com.yeastar.swebtest.testcase.DetailCase.pbxcase.Blacklist_Whitelist"/>
  <testcase name="B6_white_admin3" time="31.549" classname="com.yeastar.swebtest.testcase.DetailCase.pbxcase.Blacklist_Whitelist"/>
  <testcase name="B3_black_admin5" time="11.186" classname="com.yeastar.swebtest.testcase.DetailCase.pbxcase.Blacklist_Whitelist"/>
  <testcase name="B1_black_admin5" time="45.826" classname="com.yeastar.swebtest.testcase.DetailCase.pbxcase.Blacklist_Whitelist"/>
  <testcase name="B5_black_admin4" time="30.880" classname="com.yeastar.swebtest.testcase.DetailCase.pbxcase.Blacklist_Whitelist"/>
  <testcase name="B3_black_admin3" time="11.106" classname="com.yeastar.swebtest.testcase.DetailCase.pbxcase.Blacklist_Whitelist"/>
  <testcase name="D4_white_me3" time="27.201" classname="com.yeastar.swebtest.testcase.DetailCase.pbxcase.Blacklist_Whitelist"/>
  <testcase name="D6_white_me5" time="22.064" classname="com.yeastar.swebtest.testcase.DetailCase.pbxcase.Blacklist_Whitelist"/>
  <testcase name="D6_white_me6" time="11.097" classname="com.yeastar.swebtest.testcase.DetailCase.pbxcase.Blacklist_Whitelist"/>
  <testcase name="B7_black_admin2" time="11.124" classname="com.yeastar.swebtest.testcase.DetailCase.pbxcase.Blacklist_Whitelist"/>
  <testcase name="D5_black_me2" time="11.099" classname="com.yeastar.swebtest.testcase.DetailCase.pbxcase.Blacklist_Whitelist"/>
  <testcase name="B6_white_admin2" time="30.272" classname="com.yeastar.swebtest.testcase.DetailCase.pbxcase.Blacklist_Whitelist"/>
  <testcase name="D6_white_me2" time="21.673" classname="com.yeastar.swebtest.testcase.DetailCase.pbxcase.Blacklist_Whitelist"/>
  <testcase name="C3_black_admin3" time="11.112" classname="com.yeastar.swebtest.testcase.DetailCase.pbxcase.Blacklist_Whitelist"/>
  <testcase name="D5_black_me3" time="17.603" classname="com.yeastar.swebtest.testcase.DetailCase.pbxcase.Blacklist_Whitelist"/>
  <testcase name="B1_black_admin6" time="29.250" classname="com.yeastar.swebtest.testcase.DetailCase.pbxcase.Blacklist_Whitelist"/>
  <testcase name="C3_black_admin1" time="40.200" classname="com.yeastar.swebtest.testcase.DetailCase.pbxcase.Blacklist_Whitelist"/>
  <testcase name="C4_white_admin3" time="11.206" classname="com.yeastar.swebtest.testcase.DetailCase.pbxcase.Blacklist_Whitelist"/>
  <testcase name="C8_white_admin6" time="28.822" classname="com.yeastar.swebtest.testcase.DetailCase.pbxcase.Blacklist_Whitelist"/>
  <testcase name="B8_white_admin2" time="30.811" classname="com.yeastar.swebtest.testcase.DetailCase.pbxcase.Blacklist_Whitelist"/>
  <testcase name="C9_EmergencyNumber1" time="26.710" classname="com.yeastar.swebtest.testcase.DetailCase.pbxcase.Blacklist_Whitelist"/>
  <testcase name="C1_black_admin4" time="11.096" classname="com.yeastar.swebtest.testcase.DetailCase.pbxcase.Blacklist_Whitelist"/>
  <testcase name="D5_black_me5" time="22.211" classname="com.yeastar.swebtest.testcase.DetailCase.pbxcase.Blacklist_Whitelist"/>
  <testcase name="D2_white_me1" time="14.370" classname="com.yeastar.swebtest.testcase.DetailCase.pbxcase.Blacklist_Whitelist"/>
  <testcase name="B3_black_admin7" time="11.185" classname="com.yeastar.swebtest.testcase.DetailCase.pbxcase.Blacklist_Whitelist"/>
  <testcase name="C7_black_admin4" time="11.101" classname="com.yeastar.swebtest.testcase.DetailCase.pbxcase.Blacklist_Whitelist"/>
  <testcase name="B5_black_admin3" time="11.185" classname="com.yeastar.swebtest.testcase.DetailCase.pbxcase.Blacklist_Whitelist"/>
  <testcase name="C1_black_admin7" time="11.110" classname="com.yeastar.swebtest.testcase.DetailCase.pbxcase.Blacklist_Whitelist"/>
  <testcase name="B3_black_admin2" time="28.756" classname="com.yeastar.swebtest.testcase.DetailCase.pbxcase.Blacklist_Whitelist"/>
</testsuite> <!-- com.yeastar.swebtest.testcase.DetailCase.pbxcase.Blacklist_Whitelist -->
