<?xml version="1.0" encoding="UTF-8"?>
<!-- Generated by org.testng.reporters.JUnitReportReporter -->
<testsuite hostname="Yeastar-PC" name="com.yeastar.swebtest.testcase.DetailCase.pbxcase.OutboundRoutes" tests="88" failures="1" timestamp="20 Apr 2018 22:46:21 GMT" time="4697.682" errors="0">
  <testcase name="I_checkPatterns" time="98.953" classname="com.yeastar.swebtest.testcase.DetailCase.pbxcase.OutboundRoutes"/>
  <testcase name="K1_editPatterns" time="59.792" classname="com.yeastar.swebtest.testcase.DetailCase.pbxcase.OutboundRoutes"/>
  <testcase name="K1_editPatterns" time="56.882" classname="com.yeastar.swebtest.testcase.DetailCase.pbxcase.OutboundRoutes"/>
  <testcase name="K1_editPatterns" time="56.933" classname="com.yeastar.swebtest.testcase.DetailCase.pbxcase.OutboundRoutes"/>
  <testcase name="K1_editPatterns" time="56.993" classname="com.yeastar.swebtest.testcase.DetailCase.pbxcase.OutboundRoutes"/>
  <testcase name="K1_editPatterns" time="57.243" classname="com.yeastar.swebtest.testcase.DetailCase.pbxcase.OutboundRoutes"/>
  <testcase name="K1_editPatterns" time="57.437" classname="com.yeastar.swebtest.testcase.DetailCase.pbxcase.OutboundRoutes"/>
  <testcase name="P8_addTime" time="36.158" classname="com.yeastar.swebtest.testcase.DetailCase.pbxcase.OutboundRoutes"/>
  <testcase name="K1_editPatterns" time="57.035" classname="com.yeastar.swebtest.testcase.DetailCase.pbxcase.OutboundRoutes"/>
  <testcase name="K1_editPatterns" time="57.161" classname="com.yeastar.swebtest.testcase.DetailCase.pbxcase.OutboundRoutes"/>
  <testcase name="K1_editPatterns" time="58.405" classname="com.yeastar.swebtest.testcase.DetailCase.pbxcase.OutboundRoutes"/>
  <testcase name="A_addTrunk" time="26.928" classname="com.yeastar.swebtest.testcase.DetailCase.pbxcase.OutboundRoutes"/>
  <testcase name="K1_editPatterns" time="56.817" classname="com.yeastar.swebtest.testcase.DetailCase.pbxcase.OutboundRoutes"/>
  <testcase name="K1_editPatterns" time="58.183" classname="com.yeastar.swebtest.testcase.DetailCase.pbxcase.OutboundRoutes"/>
  <testcase name="L4_checkPassword2" time="64.838" classname="com.yeastar.swebtest.testcase.DetailCase.pbxcase.OutboundRoutes"/>
  <testcase name="K2_editPatterns" time="44.344" classname="com.yeastar.swebtest.testcase.DetailCase.pbxcase.OutboundRoutes"/>
  <testcase name="K2_editPatterns" time="44.501" classname="com.yeastar.swebtest.testcase.DetailCase.pbxcase.OutboundRoutes"/>
  <testcase name="K1_editPatterns" time="58.150" classname="com.yeastar.swebtest.testcase.DetailCase.pbxcase.OutboundRoutes"/>
  <testcase name="E_editOutRoute" time="77.773" classname="com.yeastar.swebtest.testcase.DetailCase.pbxcase.OutboundRoutes"/>
  <testcase name="K1_editPatterns" time="57.149" classname="com.yeastar.swebtest.testcase.DetailCase.pbxcase.OutboundRoutes"/>
  <testcase name="K1_editPatterns" time="58.186" classname="com.yeastar.swebtest.testcase.DetailCase.pbxcase.OutboundRoutes"/>
  <testcase name="B_addExtensions" time="37.729" classname="com.yeastar.swebtest.testcase.DetailCase.pbxcase.OutboundRoutes"/>
  <testcase name="K1_editPatterns" time="62.571" classname="com.yeastar.swebtest.testcase.DetailCase.pbxcase.OutboundRoutes"/>
  <testcase name="K1_editPatterns" time="57.456" classname="com.yeastar.swebtest.testcase.DetailCase.pbxcase.OutboundRoutes"/>
  <testcase name="K2_editPatterns" time="44.445" classname="com.yeastar.swebtest.testcase.DetailCase.pbxcase.OutboundRoutes"/>
  <testcase name="K2_editPatterns" time="44.372" classname="com.yeastar.swebtest.testcase.DetailCase.pbxcase.OutboundRoutes"/>
  <testcase name="K1_editPatterns" time="57.136" classname="com.yeastar.swebtest.testcase.DetailCase.pbxcase.OutboundRoutes"/>
  <testcase name="Q_recovery2" time="40.524" classname="com.yeastar.swebtest.testcase.DetailCase.pbxcase.OutboundRoutes"/>
  <testcase name="P6_deleteAll_yes" time="13.354" classname="com.yeastar.swebtest.testcase.DetailCase.pbxcase.OutboundRoutes"/>
  <testcase name="C_call" time="44.892" classname="com.yeastar.swebtest.testcase.DetailCase.pbxcase.OutboundRoutes">
    <failure type="java.lang.AssertionError" message=" 录音失败">
      <![CDATA[java.lang.AssertionError:  录音失败
	at com.yeastar.swebtest.tools.ysassert.YsAssert.fail(YsAssert.java:1086)
	at com.yeastar.swebtest.testcase.RegressionCase.pbxcase.Outbound.A_out1_sip(Outbound.java:63)
	at com.yeastar.swebtest.testcase.DetailCase.pbxcase.OutboundRoutes.C_call(OutboundRoutes.java:96)
	at sun.reflect.NativeMethodAccessorImpl.invoke0(Native Method)
	at sun.reflect.NativeMethodAccessorImpl.invoke(NativeMethodAccessorImpl.java:62)
	at sun.reflect.DelegatingMethodAccessorImpl.invoke(DelegatingMethodAccessorImpl.java:43)
	at java.lang.reflect.Method.invoke(Method.java:498)
	at org.testng.internal.MethodInvocationHelper.invokeMethod(MethodInvocationHelper.java:85)
	at org.testng.internal.Invoker.invokeMethod(Invoker.java:639)
	at org.testng.internal.Invoker.invokeTestMethod(Invoker.java:816)
	at org.testng.internal.Invoker.invokeTestMethods(Invoker.java:1124)
	at org.testng.internal.TestMethodWorker.invokeTestMethods(TestMethodWorker.java:125)
	at org.testng.internal.TestMethodWorker.run(TestMethodWorker.java:108)
	at org.testng.TestRunner.privateRun(TestRunner.java:774)
	at org.testng.TestRunner.run(TestRunner.java:624)
	at org.testng.SuiteRunner.runTest(SuiteRunner.java:359)
	at org.testng.SuiteRunner.runSequentially(SuiteRunner.java:354)
	at org.testng.SuiteRunner.privateRun(SuiteRunner.java:312)
	at org.testng.SuiteRunner.run(SuiteRunner.java:261)
	at org.testng.SuiteRunnerWorker.runSuite(SuiteRunnerWorker.java:52)
	at org.testng.SuiteRunnerWorker.run(SuiteRunnerWorker.java:86)
	at org.testng.TestNG.runSuitesSequentially(TestNG.java:1215)
	at org.testng.TestNG.runSuitesLocally(TestNG.java:1140)
	at org.testng.TestNG.run(TestNG.java:1048)
	at org.apache.maven.surefire.testng.TestNGExecutor.run(TestNGExecutor.java:293)
	at org.apache.maven.surefire.testng.TestNGXmlTestSuite.execute(TestNGXmlTestSuite.java:84)
	at org.apache.maven.surefire.testng.TestNGProvider.invoke(TestNGProvider.java:91)
	at org.apache.maven.surefire.booter.ForkedBooter.invokeProviderInSameClassLoader(ForkedBooter.java:200)
	at org.apache.maven.surefire.booter.ForkedBooter.runSuitesInProcess(ForkedBooter.java:153)
	at org.apache.maven.surefire.booter.ForkedBooter.main(ForkedBooter.java:103)
]]>
    </failure>
  </testcase> <!-- C_call -->
  <testcase name="K1_editPatterns" time="57.437" classname="com.yeastar.swebtest.testcase.DetailCase.pbxcase.OutboundRoutes"/>
  <testcase name="K1_editPatterns" time="57.085" classname="com.yeastar.swebtest.testcase.DetailCase.pbxcase.OutboundRoutes"/>
  <testcase name="O_checkPriority2" time="67.625" classname="com.yeastar.swebtest.testcase.DetailCase.pbxcase.OutboundRoutes"/>
  <testcase name="L5_editPassword3" time="29.406" classname="com.yeastar.swebtest.testcase.DetailCase.pbxcase.OutboundRoutes"/>
  <testcase name="J_editOutBound" time="65.559" classname="com.yeastar.swebtest.testcase.DetailCase.pbxcase.OutboundRoutes"/>
  <testcase name="K1_editPatterns" time="57.997" classname="com.yeastar.swebtest.testcase.DetailCase.pbxcase.OutboundRoutes"/>
  <testcase name="K1_editPatterns" time="62.561" classname="com.yeastar.swebtest.testcase.DetailCase.pbxcase.OutboundRoutes"/>
  <testcase name="K2_editPatterns" time="44.431" classname="com.yeastar.swebtest.testcase.DetailCase.pbxcase.OutboundRoutes"/>
  <testcase name="M2_timeCondition1" time="80.749" classname="com.yeastar.swebtest.testcase.DetailCase.pbxcase.OutboundRoutes"/>
  <testcase name="N_import" time="18.821" classname="com.yeastar.swebtest.testcase.DetailCase.pbxcase.OutboundRoutes"/>
  <testcase name="L7_editPassword4" time="30.208" classname="com.yeastar.swebtest.testcase.DetailCase.pbxcase.OutboundRoutes"/>
  <testcase name="K2_editPatterns" time="44.556" classname="com.yeastar.swebtest.testcase.DetailCase.pbxcase.OutboundRoutes"/>
  <testcase name="K1_editPatterns" time="57.076" classname="com.yeastar.swebtest.testcase.DetailCase.pbxcase.OutboundRoutes"/>
  <testcase name="L8_checkPassword4" time="78.114" classname="com.yeastar.swebtest.testcase.DetailCase.pbxcase.OutboundRoutes"/>
  <testcase name="L6_checkPassword3" time="61.661" classname="com.yeastar.swebtest.testcase.DetailCase.pbxcase.OutboundRoutes"/>
  <testcase name="K1_editPatterns" time="57.224" classname="com.yeastar.swebtest.testcase.DetailCase.pbxcase.OutboundRoutes"/>
  <testcase name="K1_editPatterns" time="57.462" classname="com.yeastar.swebtest.testcase.DetailCase.pbxcase.OutboundRoutes"/>
  <testcase name="K2_editPatterns" time="44.443" classname="com.yeastar.swebtest.testcase.DetailCase.pbxcase.OutboundRoutes"/>
  <testcase name="G_rrmemory_hunt" time="223.048" classname="com.yeastar.swebtest.testcase.DetailCase.pbxcase.OutboundRoutes"/>
  <testcase name="P2_deleteOne_yes" time="27.330" classname="com.yeastar.swebtest.testcase.DetailCase.pbxcase.OutboundRoutes"/>
  <testcase name="L1_editPassword" time="75.310" classname="com.yeastar.swebtest.testcase.DetailCase.pbxcase.OutboundRoutes"/>
  <testcase name="K1_editPatterns" time="57.052" classname="com.yeastar.swebtest.testcase.DetailCase.pbxcase.OutboundRoutes"/>
  <testcase name="K1_editPatterns" time="57.017" classname="com.yeastar.swebtest.testcase.DetailCase.pbxcase.OutboundRoutes"/>
  <testcase name="L2_checkPassword" time="83.240" classname="com.yeastar.swebtest.testcase.DetailCase.pbxcase.OutboundRoutes"/>
  <testcase name="K2_editPatterns" time="44.497" classname="com.yeastar.swebtest.testcase.DetailCase.pbxcase.OutboundRoutes"/>
  <testcase name="K1_editPatterns" time="57.008" classname="com.yeastar.swebtest.testcase.DetailCase.pbxcase.OutboundRoutes"/>
  <testcase name="H_editSecond" time="35.948" classname="com.yeastar.swebtest.testcase.DetailCase.pbxcase.OutboundRoutes"/>
  <testcase name="K2_editPatterns" time="44.443" classname="com.yeastar.swebtest.testcase.DetailCase.pbxcase.OutboundRoutes"/>
  <testcase name="K1_editPatterns" time="58.445" classname="com.yeastar.swebtest.testcase.DetailCase.pbxcase.OutboundRoutes"/>
  <testcase name="K1_editPatterns" time="57.126" classname="com.yeastar.swebtest.testcase.DetailCase.pbxcase.OutboundRoutes"/>
  <testcase name="O_checkPriority3" time="82.779" classname="com.yeastar.swebtest.testcase.DetailCase.pbxcase.OutboundRoutes"/>
  <testcase name="M1_addTimeCondition" time="32.101" classname="com.yeastar.swebtest.testcase.DetailCase.pbxcase.OutboundRoutes"/>
  <testcase name="K1_editPatterns" time="57.046" classname="com.yeastar.swebtest.testcase.DetailCase.pbxcase.OutboundRoutes"/>
  <testcase name="L3_editPassword2" time="34.236" classname="com.yeastar.swebtest.testcase.DetailCase.pbxcase.OutboundRoutes"/>
  <testcase name="K1_editPatterns" time="58.235" classname="com.yeastar.swebtest.testcase.DetailCase.pbxcase.OutboundRoutes"/>
  <testcase name="K1_editPatterns" time="57.525" classname="com.yeastar.swebtest.testcase.DetailCase.pbxcase.OutboundRoutes"/>
  <testcase name="K1_editPatterns" time="57.001" classname="com.yeastar.swebtest.testcase.DetailCase.pbxcase.OutboundRoutes"/>
  <testcase name="K1_editPatterns" time="57.163" classname="com.yeastar.swebtest.testcase.DetailCase.pbxcase.OutboundRoutes"/>
  <testcase name="F_checkMember" time="11.124" classname="com.yeastar.swebtest.testcase.DetailCase.pbxcase.OutboundRoutes"/>
  <testcase name="K1_editPatterns" time="57.685" classname="com.yeastar.swebtest.testcase.DetailCase.pbxcase.OutboundRoutes"/>
  <testcase name="P7_deleteTime" time="26.135" classname="com.yeastar.swebtest.testcase.DetailCase.pbxcase.OutboundRoutes"/>
  <testcase name="D_deleteOutBoundRoutes" time="22.999" classname="com.yeastar.swebtest.testcase.DetailCase.pbxcase.OutboundRoutes"/>
  <testcase name="M2_timeCondition2" time="47.864" classname="com.yeastar.swebtest.testcase.DetailCase.pbxcase.OutboundRoutes"/>
  <testcase name="P4_deletePart_yes" time="13.389" classname="com.yeastar.swebtest.testcase.DetailCase.pbxcase.OutboundRoutes"/>
  <testcase name="K2_editPatterns" time="44.529" classname="com.yeastar.swebtest.testcase.DetailCase.pbxcase.OutboundRoutes"/>
  <testcase name="K1_editPatterns" time="57.340" classname="com.yeastar.swebtest.testcase.DetailCase.pbxcase.OutboundRoutes"/>
  <testcase name="K1_editPatterns" time="57.275" classname="com.yeastar.swebtest.testcase.DetailCase.pbxcase.OutboundRoutes"/>
  <testcase name="P3_deletePart_no" time="21.503" classname="com.yeastar.swebtest.testcase.DetailCase.pbxcase.OutboundRoutes"/>
  <testcase name="K1_editPatterns" time="57.142" classname="com.yeastar.swebtest.testcase.DetailCase.pbxcase.OutboundRoutes"/>
  <testcase name="P9_deleteTrunk" time="35.540" classname="com.yeastar.swebtest.testcase.DetailCase.pbxcase.OutboundRoutes"/>
  <testcase name="K1_editPatterns" time="56.889" classname="com.yeastar.swebtest.testcase.DetailCase.pbxcase.OutboundRoutes"/>
  <testcase name="P1_deleteOne_no" time="25.326" classname="com.yeastar.swebtest.testcase.DetailCase.pbxcase.OutboundRoutes"/>
  <testcase name="Q_recovery1" time="103.391" classname="com.yeastar.swebtest.testcase.DetailCase.pbxcase.OutboundRoutes"/>
  <testcase name="O_checkPriority1" time="45.945" classname="com.yeastar.swebtest.testcase.DetailCase.pbxcase.OutboundRoutes"/>
  <testcase name="K1_editPatterns" time="57.480" classname="com.yeastar.swebtest.testcase.DetailCase.pbxcase.OutboundRoutes"/>
  <testcase name="K1_editPatterns" time="57.569" classname="com.yeastar.swebtest.testcase.DetailCase.pbxcase.OutboundRoutes"/>
  <testcase name="P5_deleteAll_no" time="9.861" classname="com.yeastar.swebtest.testcase.DetailCase.pbxcase.OutboundRoutes"/>
  <testcase name="K1_editPatterns" time="57.391" classname="com.yeastar.swebtest.testcase.DetailCase.pbxcase.OutboundRoutes"/>
</testsuite> <!-- com.yeastar.swebtest.testcase.DetailCase.pbxcase.OutboundRoutes -->
