<?xml version="1.0" encoding="UTF-8"?>
<!-- Generated by org.testng.reporters.JUnitReportReporter -->
<testsuite hostname="Yeastar-PC" name="com.yeastar.swebtest.testcase.DetailCase.pbxcase.Conference" tests="40" failures="0" timestamp="20 Apr 2018 22:46:21 GMT" time="1432.135" errors="0">
  <testcase name="C9_gsm" time="0.025" classname="com.yeastar.swebtest.testcase.DetailCase.pbxcase.Conference"/>
  <testcase name="Ca8_hangup_e1" time="0.017" classname="com.yeastar.swebtest.testcase.DetailCase.pbxcase.Conference"/>
  <testcase name="A2_AddConferences" time="14.443" classname="com.yeastar.swebtest.testcase.DetailCase.pbxcase.Conference"/>
  <testcase name="C4_spx" time="25.961" classname="com.yeastar.swebtest.testcase.DetailCase.pbxcase.Conference"/>
  <testcase name="D3_Participant3" time="49.238" classname="com.yeastar.swebtest.testcase.DetailCase.pbxcase.Conference"/>
  <testcase name="C8_e1" time="0.017" classname="com.yeastar.swebtest.testcase.DetailCase.pbxcase.Conference"/>
  <testcase name="D2_Participant2" time="35.322" classname="com.yeastar.swebtest.testcase.DetailCase.pbxcase.Conference"/>
  <testcase name="Ca3_hangup_sip" time="29.277" classname="com.yeastar.swebtest.testcase.DetailCase.pbxcase.Conference"/>
  <testcase name="C5_iax2" time="0.021" classname="com.yeastar.swebtest.testcase.DetailCase.pbxcase.Conference"/>
  <testcase name="K1_recovery" time="25.486" classname="com.yeastar.swebtest.testcase.DetailCase.pbxcase.Conference"/>
  <testcase name="Ca9_hangup_gsm" time="0.023" classname="com.yeastar.swebtest.testcase.DetailCase.pbxcase.Conference"/>
  <testcase name="C2_sps" time="31.885" classname="com.yeastar.swebtest.testcase.DetailCase.pbxcase.Conference"/>
  <testcase name="C6_fxo" time="26.065" classname="com.yeastar.swebtest.testcase.DetailCase.pbxcase.Conference"/>
  <testcase name="K2_recovery" time="56.102" classname="com.yeastar.swebtest.testcase.DetailCase.pbxcase.Conference"/>
  <testcase name="F1_waitModerator" time="141.271" classname="com.yeastar.swebtest.testcase.DetailCase.pbxcase.Conference"/>
  <testcase name="C1_extension" time="32.455" classname="com.yeastar.swebtest.testcase.DetailCase.pbxcase.Conference"/>
  <testcase name="D4_Participant4" time="144.581" classname="com.yeastar.swebtest.testcase.DetailCase.pbxcase.Conference"/>
  <testcase name="J1_delete" time="61.897" classname="com.yeastar.swebtest.testcase.DetailCase.pbxcase.Conference"/>
  <testcase name="A2_AddConferences" time="15.832" classname="com.yeastar.swebtest.testcase.DetailCase.pbxcase.Conference"/>
  <testcase name="Ca5_hangup_iax" time="21.182" classname="com.yeastar.swebtest.testcase.DetailCase.pbxcase.Conference"/>
  <testcase name="B1_AddInbound" time="19.922" classname="com.yeastar.swebtest.testcase.DetailCase.pbxcase.Conference"/>
  <testcase name="B2_AddInbound" time="30.740" classname="com.yeastar.swebtest.testcase.DetailCase.pbxcase.Conference"/>
  <testcase name="I1_menu" time="0.022" classname="com.yeastar.swebtest.testcase.DetailCase.pbxcase.Conference"/>
  <testcase name="C5_iax1" time="31.903" classname="com.yeastar.swebtest.testcase.DetailCase.pbxcase.Conference"/>
  <testcase name="E1_Prompt" time="0.024" classname="com.yeastar.swebtest.testcase.DetailCase.pbxcase.Conference"/>
  <testcase name="Ca1_hangup_extension" time="27.809" classname="com.yeastar.swebtest.testcase.DetailCase.pbxcase.Conference"/>
  <testcase name="B3_Apply" time="8.125" classname="com.yeastar.swebtest.testcase.DetailCase.pbxcase.Conference"/>
  <testcase name="Ca6_hangup_fxo" time="21.369" classname="com.yeastar.swebtest.testcase.DetailCase.pbxcase.Conference"/>
  <testcase name="H1_AllowInvite" time="187.208" classname="com.yeastar.swebtest.testcase.DetailCase.pbxcase.Conference"/>
  <testcase name="A2_AddConferences" time="14.546" classname="com.yeastar.swebtest.testcase.DetailCase.pbxcase.Conference"/>
  <testcase name="C3_sip" time="31.730" classname="com.yeastar.swebtest.testcase.DetailCase.pbxcase.Conference"/>
  <testcase name="Ca2_hangup_sps" time="29.265" classname="com.yeastar.swebtest.testcase.DetailCase.pbxcase.Conference"/>
  <testcase name="Ca4_hangup_spx" time="21.499" classname="com.yeastar.swebtest.testcase.DetailCase.pbxcase.Conference"/>
  <testcase name="G1_ModeratorPassword" time="100.006" classname="com.yeastar.swebtest.testcase.DetailCase.pbxcase.Conference"/>
  <testcase name="B2_AddInbound" time="29.694" classname="com.yeastar.swebtest.testcase.DetailCase.pbxcase.Conference"/>
  <testcase name="B2_AddInbound" time="30.744" classname="com.yeastar.swebtest.testcase.DetailCase.pbxcase.Conference"/>
  <testcase name="C7_bri" time="25.909" classname="com.yeastar.swebtest.testcase.DetailCase.pbxcase.Conference"/>
  <testcase name="Ca7_hangup_bri" time="21.228" classname="com.yeastar.swebtest.testcase.DetailCase.pbxcase.Conference"/>
  <testcase name="D1_Participant1" time="59.203" classname="com.yeastar.swebtest.testcase.DetailCase.pbxcase.Conference"/>
  <testcase name="A1_Init" time="30.089" classname="com.yeastar.swebtest.testcase.DetailCase.pbxcase.Conference"/>
</testsuite> <!-- com.yeastar.swebtest.testcase.DetailCase.pbxcase.Conference -->
