<?xml version="1.0" encoding="UTF-8"?>
<!-- Generated by org.testng.reporters.JUnitReportReporter -->
<testsuite hostname="Yeastar-PC" name="com.yeastar.swebtest.testcase.DetailCase.pbxcase.Paging_Intercom" tests="18" failures="1" timestamp="16 Oct 2018 05:26:46 GMT" time="716.360" errors="1">
  <testcase name="F1_followToPaging" time="62.984" classname="com.yeastar.swebtest.testcase.DetailCase.pbxcase.Paging_Intercom"/>
  <testcase name="B5_Apply" time="8.160" classname="com.yeastar.swebtest.testcase.DetailCase.pbxcase.Paging_Intercom"/>
  <testcase name="D2_2way" time="28.195" classname="com.yeastar.swebtest.testcase.DetailCase.pbxcase.Paging_Intercom">
    <failure type="java.lang.AssertionError" message="预期：AMI会打印,d 【预期：true 实际：false】">
      <![CDATA[java.lang.AssertionError: 预期：AMI会打印,d 【预期：true 实际：false】
	at com.yeastar.swebtest.tools.ysassert.YsAssert.fail(YsAssert.java:1092)
	at com.yeastar.swebtest.tools.ysassert.YsAssert.failNotEquals(YsAssert.java:583)
	at com.yeastar.swebtest.tools.ysassert.YsAssert.assertEqualsImpl(YsAssert.java:146)
	at com.yeastar.swebtest.tools.ysassert.YsAssert.assertEquals(YsAssert.java:120)
	at com.yeastar.swebtest.tools.ysassert.YsAssert.assertEquals(YsAssert.java:337)
	at com.yeastar.swebtest.testcase.DetailCase.pbxcase.Paging_Intercom.D2_2way(Paging_Intercom.java:150)
	at sun.reflect.NativeMethodAccessorImpl.invoke0(Native Method)
	at sun.reflect.NativeMethodAccessorImpl.invoke(NativeMethodAccessorImpl.java:62)
	at sun.reflect.DelegatingMethodAccessorImpl.invoke(DelegatingMethodAccessorImpl.java:43)
	at java.lang.reflect.Method.invoke(Method.java:498)
	at org.testng.internal.MethodInvocationHelper.invokeMethod(MethodInvocationHelper.java:85)
	at org.testng.internal.Invoker.invokeMethod(Invoker.java:639)
	at org.testng.internal.Invoker.invokeTestMethod(Invoker.java:816)
	at org.testng.internal.Invoker.invokeTestMethods(Invoker.java:1124)
	at org.testng.internal.TestMethodWorker.invokeTestMethods(TestMethodWorker.java:125)
	at org.testng.internal.TestMethodWorker.run(TestMethodWorker.java:108)
	at org.testng.TestRunner.privateRun(TestRunner.java:774)
	at org.testng.TestRunner.run(TestRunner.java:624)
	at org.testng.SuiteRunner.runTest(SuiteRunner.java:359)
	at org.testng.SuiteRunner.runSequentially(SuiteRunner.java:354)
	at org.testng.SuiteRunner.privateRun(SuiteRunner.java:312)
	at org.testng.SuiteRunner.run(SuiteRunner.java:261)
	at org.testng.SuiteRunnerWorker.runSuite(SuiteRunnerWorker.java:52)
	at org.testng.SuiteRunnerWorker.run(SuiteRunnerWorker.java:86)
	at org.testng.TestNG.runSuitesSequentially(TestNG.java:1215)
	at org.testng.TestNG.runSuitesLocally(TestNG.java:1140)
	at org.testng.TestNG.run(TestNG.java:1048)
	at org.apache.maven.surefire.testng.TestNGExecutor.run(TestNGExecutor.java:293)
	at org.apache.maven.surefire.testng.TestNGXmlTestSuite.execute(TestNGXmlTestSuite.java:84)
	at org.apache.maven.surefire.testng.TestNGProvider.invoke(TestNGProvider.java:91)
	at org.apache.maven.surefire.booter.ForkedBooter.invokeProviderInSameClassLoader(ForkedBooter.java:200)
	at org.apache.maven.surefire.booter.ForkedBooter.runSuitesInProcess(ForkedBooter.java:153)
	at org.apache.maven.surefire.booter.ForkedBooter.main(ForkedBooter.java:103)
]]>
    </failure>
  </testcase> <!-- D2_2way -->
  <testcase name="B3_add_NewPage6302" time="19.915" classname="com.yeastar.swebtest.testcase.DetailCase.pbxcase.Paging_Intercom"/>
  <testcase name="C1_callforward" time="6.100" classname="com.yeastar.swebtest.testcase.DetailCase.pbxcase.Paging_Intercom"/>
  <testcase name="A2_InitPaging" time="32.131" classname="com.yeastar.swebtest.testcase.DetailCase.pbxcase.Paging_Intercom"/>
  <testcase name="A1_InitIntercom" time="8.982" classname="com.yeastar.swebtest.testcase.DetailCase.pbxcase.Paging_Intercom"/>
  <testcase name="B2_add_AutoPag6301" time="17.762" classname="com.yeastar.swebtest.testcase.DetailCase.pbxcase.Paging_Intercom"/>
  <testcase name="G2_EditFeatureCode" time="49.591" classname="com.yeastar.swebtest.testcase.DetailCase.pbxcase.Paging_Intercom"/>
  <testcase name="B1_add_Paging6300" time="19.200" classname="com.yeastar.swebtest.testcase.DetailCase.pbxcase.Paging_Intercom"/>
  <testcase name="E2_DisableAnswer" time="79.569" classname="com.yeastar.swebtest.testcase.DetailCase.pbxcase.Paging_Intercom"/>
  <testcase name="G3_newIntercom" time="64.488" classname="com.yeastar.swebtest.testcase.DetailCase.pbxcase.Paging_Intercom"/>
  <testcase name="D1_1way" time="55.537" classname="com.yeastar.swebtest.testcase.DetailCase.pbxcase.Paging_Intercom"/>
  <testcase name="I_Recovery" time="6.152" classname="com.yeastar.swebtest.testcase.DetailCase.pbxcase.Paging_Intercom">
    <error type="java.lang.Error" message="Invalid memory access">
      <![CDATA[java.lang.Error: Invalid memory access
	at com.sun.jna.Native.invokeInt(Native Method)
	at com.sun.jna.Function.invoke(Function.java:383)
	at com.sun.jna.Function.invoke(Function.java:315)
	at com.sun.jna.Library$Handler.invoke(Library.java:212)
	at com.sun.proxy.$Proxy7.ys_hangup_all_call(Unknown Source)
	at com.yeastar.swebtest.tools.pjsip.PjsipApp.Pj_Hangup_All(PjsipApp.java:294)
	at com.yeastar.swebtest.testcase.DetailCase.pbxcase.Paging_Intercom.I_Recovery(Paging_Intercom.java:336)
	at sun.reflect.NativeMethodAccessorImpl.invoke0(Native Method)
	at sun.reflect.NativeMethodAccessorImpl.invoke(NativeMethodAccessorImpl.java:62)
	at sun.reflect.DelegatingMethodAccessorImpl.invoke(DelegatingMethodAccessorImpl.java:43)
	at java.lang.reflect.Method.invoke(Method.java:498)
	at org.testng.internal.MethodInvocationHelper.invokeMethod(MethodInvocationHelper.java:85)
	at org.testng.internal.Invoker.invokeMethod(Invoker.java:639)
	at org.testng.internal.Invoker.invokeTestMethod(Invoker.java:816)
	at org.testng.internal.Invoker.invokeTestMethods(Invoker.java:1124)
	at org.testng.internal.TestMethodWorker.invokeTestMethods(TestMethodWorker.java:125)
	at org.testng.internal.TestMethodWorker.run(TestMethodWorker.java:108)
	at org.testng.TestRunner.privateRun(TestRunner.java:774)
	at org.testng.TestRunner.run(TestRunner.java:624)
	at org.testng.SuiteRunner.runTest(SuiteRunner.java:359)
	at org.testng.SuiteRunner.runSequentially(SuiteRunner.java:354)
	at org.testng.SuiteRunner.privateRun(SuiteRunner.java:312)
	at org.testng.SuiteRunner.run(SuiteRunner.java:261)
	at org.testng.SuiteRunnerWorker.runSuite(SuiteRunnerWorker.java:52)
	at org.testng.SuiteRunnerWorker.run(SuiteRunnerWorker.java:86)
	at org.testng.TestNG.runSuitesSequentially(TestNG.java:1215)
	at org.testng.TestNG.runSuitesLocally(TestNG.java:1140)
	at org.testng.TestNG.run(TestNG.java:1048)
	at org.apache.maven.surefire.testng.TestNGExecutor.run(TestNGExecutor.java:293)
	at org.apache.maven.surefire.testng.TestNGXmlTestSuite.execute(TestNGXmlTestSuite.java:84)
	at org.apache.maven.surefire.testng.TestNGProvider.invoke(TestNGProvider.java:91)
	at org.apache.maven.surefire.booter.ForkedBooter.invokeProviderInSameClassLoader(ForkedBooter.java:200)
	at org.apache.maven.surefire.booter.ForkedBooter.runSuitesInProcess(ForkedBooter.java:153)
	at org.apache.maven.surefire.booter.ForkedBooter.main(ForkedBooter.java:103)
]]>
    </error>
  </testcase> <!-- I_Recovery -->
  <testcase name="H_delete" time="118.078" classname="com.yeastar.swebtest.testcase.DetailCase.pbxcase.Paging_Intercom"/>
  <testcase name="B4_add_Paging6303" time="18.748" classname="com.yeastar.swebtest.testcase.DetailCase.pbxcase.Paging_Intercom"/>
  <testcase name="E1_EnableAnswer" time="57.512" classname="com.yeastar.swebtest.testcase.DetailCase.pbxcase.Paging_Intercom"/>
  <testcase name="G1_intercom" time="63.256" classname="com.yeastar.swebtest.testcase.DetailCase.pbxcase.Paging_Intercom"/>
</testsuite> <!-- com.yeastar.swebtest.testcase.DetailCase.pbxcase.Paging_Intercom -->
