<?xml version="1.0" encoding="UTF-8"?>
<!-- Generated by org.testng.reporters.JUnitReportReporter -->
<testsuite hostname="Yeastar-PC" name="com.yeastar.swebtest.testcase.DetailCase.pbxcase.EmergencyNumber" tests="50" failures="1" timestamp="20 Apr 2018 22:46:21 GMT" time="1949.829" errors="0">
  <testcase name="C6_checkTrunk" time="80.224" classname="com.yeastar.swebtest.testcase.DetailCase.pbxcase.EmergencyNumber"/>
  <testcase name="B3_editEmergencyNumb" time="34.318" classname="com.yeastar.swebtest.testcase.DetailCase.pbxcase.EmergencyNumber"/>
  <testcase name="F2_EventCenter2" time="80.074" classname="com.yeastar.swebtest.testcase.DetailCase.pbxcase.EmergencyNumber"/>
  <testcase name="C2_checkUnavailTrunk" time="36.151" classname="com.yeastar.swebtest.testcase.DetailCase.pbxcase.EmergencyNumber"/>
  <testcase name="E5_PhyAndPhy" time="35.593" classname="com.yeastar.swebtest.testcase.DetailCase.pbxcase.EmergencyNumber"/>
  <testcase name="F3_recoveryEvent" time="19.887" classname="com.yeastar.swebtest.testcase.DetailCase.pbxcase.EmergencyNumber"/>
  <testcase name="G5_deletePart_yes" time="13.322" classname="com.yeastar.swebtest.testcase.DetailCase.pbxcase.EmergencyNumber"/>
  <testcase name="E3_PhyAndVoip" time="35.561" classname="com.yeastar.swebtest.testcase.DetailCase.pbxcase.EmergencyNumber"/>
  <testcase name="B4_makeCall1" time="11.182" classname="com.yeastar.swebtest.testcase.DetailCase.pbxcase.EmergencyNumber"/>
  <testcase name="D7_check_gsm" time="0.021" classname="com.yeastar.swebtest.testcase.DetailCase.pbxcase.EmergencyNumber"/>
  <testcase name="C8_checkNotification" time="63.406" classname="com.yeastar.swebtest.testcase.DetailCase.pbxcase.EmergencyNumber"/>
  <testcase name="G4_deletePart_no" time="18.376" classname="com.yeastar.swebtest.testcase.DetailCase.pbxcase.EmergencyNumber"/>
  <testcase name="C1_edittrunk_Unavail" time="34.348" classname="com.yeastar.swebtest.testcase.DetailCase.pbxcase.EmergencyNumber"/>
  <testcase name="F2_EventCenter3" time="11.518" classname="com.yeastar.swebtest.testcase.DetailCase.pbxcase.EmergencyNumber"/>
  <testcase name="C7_deleteNotification" time="26.187" classname="com.yeastar.swebtest.testcase.DetailCase.pbxcase.EmergencyNumber"/>
  <testcase name="G3_deleteOne_yes" time="24.766" classname="com.yeastar.swebtest.testcase.DetailCase.pbxcase.EmergencyNumber"/>
  <testcase name="D4_check_spx" time="55.549" classname="com.yeastar.swebtest.testcase.DetailCase.pbxcase.EmergencyNumber"/>
  <testcase name="D5_check_bri" time="55.489" classname="com.yeastar.swebtest.testcase.DetailCase.pbxcase.EmergencyNumber"/>
  <testcase name="F1_Contacts3" time="21.980" classname="com.yeastar.swebtest.testcase.DetailCase.pbxcase.EmergencyNumber"/>
  <testcase name="D6_check_e1" time="0.017" classname="com.yeastar.swebtest.testcase.DetailCase.pbxcase.EmergencyNumber"/>
  <testcase name="F2_eventCenter9" time="24.256" classname="com.yeastar.swebtest.testcase.DetailCase.pbxcase.EmergencyNumber"/>
  <testcase name="F2_EventCenter1" time="10.040" classname="com.yeastar.swebtest.testcase.DetailCase.pbxcase.EmergencyNumber"/>
  <testcase name="A2_addUnavailTrunk" time="21.446" classname="com.yeastar.swebtest.testcase.DetailCase.pbxcase.EmergencyNumber"/>
  <testcase name="E2_checkVoipAndPhy" time="54.252" classname="com.yeastar.swebtest.testcase.DetailCase.pbxcase.EmergencyNumber"/>
  <testcase name="F2_eventCenter7" time="9.999" classname="com.yeastar.swebtest.testcase.DetailCase.pbxcase.EmergencyNumber"/>
  <testcase name="H_recovery" time="43.625" classname="com.yeastar.swebtest.testcase.DetailCase.pbxcase.EmergencyNumber"/>
  <testcase name="F2_EventCenter4" time="7.951" classname="com.yeastar.swebtest.testcase.DetailCase.pbxcase.EmergencyNumber"/>
  <testcase name="C4_checkTrunk2" time="85.828" classname="com.yeastar.swebtest.testcase.DetailCase.pbxcase.EmergencyNumber"/>
  <testcase name="C3_addTrunk" time="45.132" classname="com.yeastar.swebtest.testcase.DetailCase.pbxcase.EmergencyNumber"/>
  <testcase name="G1_addNumber" time="3.622" classname="com.yeastar.swebtest.testcase.DetailCase.pbxcase.EmergencyNumber"/>
  <testcase name="B4_makeCall2" time="54.682" classname="com.yeastar.swebtest.testcase.DetailCase.pbxcase.EmergencyNumber"/>
  <testcase name="E4_checkPhyAndVoip" time="84.580" classname="com.yeastar.swebtest.testcase.DetailCase.pbxcase.EmergencyNumber"/>
  <testcase name="C4_checkTrunk1" time="53.891" classname="com.yeastar.swebtest.testcase.DetailCase.pbxcase.EmergencyNumber"/>
  <testcase name="D3_check_iax" time="61.499" classname="com.yeastar.swebtest.testcase.DetailCase.pbxcase.EmergencyNumber"/>
  <testcase name="D1_addEmergency_line" time="99.576" classname="com.yeastar.swebtest.testcase.DetailCase.pbxcase.EmergencyNumber"/>
  <testcase name="E6_checkPhyAndPhy" time="84.823" classname="com.yeastar.swebtest.testcase.DetailCase.pbxcase.EmergencyNumber"/>
  <testcase name="F1_Contacts1" time="26.845" classname="com.yeastar.swebtest.testcase.DetailCase.pbxcase.EmergencyNumber"/>
  <testcase name="G2_deleteOne_no" time="15.202" classname="com.yeastar.swebtest.testcase.DetailCase.pbxcase.EmergencyNumber"/>
  <testcase name="D5_check_pstn" time="56.593" classname="com.yeastar.swebtest.testcase.DetailCase.pbxcase.EmergencyNumber"/>
  <testcase name="G6_deleteAll_no" time="9.832" classname="com.yeastar.swebtest.testcase.DetailCase.pbxcase.EmergencyNumber"/>
  <testcase name="F2_eventCenter8" time="71.117" classname="com.yeastar.swebtest.testcase.DetailCase.pbxcase.EmergencyNumber"/>
  <testcase name="E1_voipAndPhysical" time="44.394" classname="com.yeastar.swebtest.testcase.DetailCase.pbxcase.EmergencyNumber"/>
  <testcase name="F2_eventCenter6" time="13.513" classname="com.yeastar.swebtest.testcase.DetailCase.pbxcase.EmergencyNumber"/>
  <testcase name="B1_addEmergencyNum" time="31.623" classname="com.yeastar.swebtest.testcase.DetailCase.pbxcase.EmergencyNumber"/>
  <testcase name="G7_delteAll_yes" time="13.290" classname="com.yeastar.swebtest.testcase.DetailCase.pbxcase.EmergencyNumber"/>
  <testcase name="C5_deleteTrunk_addNotification" time="30.694" classname="com.yeastar.swebtest.testcase.DetailCase.pbxcase.EmergencyNumber"/>
  <testcase name="A1_registerExtensions" time="51.538" classname="com.yeastar.swebtest.testcase.DetailCase.pbxcase.EmergencyNumber"/>
  <testcase name="F1_Contacts2" time="72.768" classname="com.yeastar.swebtest.testcase.DetailCase.pbxcase.EmergencyNumber"/>
  <testcase name="B2_makeCall" time="53.922" classname="com.yeastar.swebtest.testcase.DetailCase.pbxcase.EmergencyNumber"/>
  <testcase name="F2_EventCenter5" time="55.327" classname="com.yeastar.swebtest.testcase.DetailCase.pbxcase.EmergencyNumber">
    <failure type="com.codeborne.selenide.ex.ElementShould" message="Element should be visible {By.xpath: .//span[starts-with(@class,&quot;x-btn-inner x-btn-inner-default-small&quot;) and text()=&quot;Search&quot;]}
Element: &#039;&lt;span class=&quot;x-btn-inner x-btn-inner-default-small&quot; data-ref=&quot;btnInnerEl&quot; id=&quot;st-el-search-btnInnerEl&quot; unselectable=&quot;on&quot; displayed:false&gt;&lt;/span&gt;&#039;">
      <![CDATA[Element should be visible {By.xpath: .//span[starts-with(@class,"x-btn-inner x-btn-inner-default-small") and text()="Search"]}
Element: '<span class="x-btn-inner x-btn-inner-default-small" data-ref="btnInnerEl" id="st-el-search-btnInnerEl" unselectable="on" displayed:false></span>'
Screenshot: file:/F:/MyProject/SwebTest/build/reports/tests/1524242136908.1.png
Timeout: 15 s.
	at com.codeborne.selenide.impl.WebElementSource.checkCondition(WebElementSource.java:66)
	at com.codeborne.selenide.impl.WebElementSource.findAndAssertElementIsVisible(WebElementSource.java:72)
	at com.codeborne.selenide.commands.Click.execute(Click.java:14)
	at com.codeborne.selenide.commands.Click.execute(Click.java:11)
	at com.codeborne.selenide.commands.Commands.execute(Commands.java:140)
	at com.codeborne.selenide.impl.SelenideElementProxy.dispatchAndRetry(SelenideElementProxy.java:86)
	at com.codeborne.selenide.impl.SelenideElementProxy.invoke(SelenideElementProxy.java:62)
	at com.sun.proxy.$Proxy6.click(Unknown Source)
	at com.yeastar.swebtest.driver.YSMethod.YS_Extension.checkCDR(YS_Extension.java:260)
	at com.yeastar.swebtest.testcase.DetailCase.pbxcase.EmergencyNumber.F2_EventCenter5(EmergencyNumber.java:900)
	at sun.reflect.NativeMethodAccessorImpl.invoke0(Native Method)
	at sun.reflect.NativeMethodAccessorImpl.invoke(NativeMethodAccessorImpl.java:62)
	at sun.reflect.DelegatingMethodAccessorImpl.invoke(DelegatingMethodAccessorImpl.java:43)
	at java.lang.reflect.Method.invoke(Method.java:498)
	at org.testng.internal.MethodInvocationHelper.invokeMethod(MethodInvocationHelper.java:85)
	at org.testng.internal.Invoker.invokeMethod(Invoker.java:639)
	at org.testng.internal.Invoker.invokeTestMethod(Invoker.java:816)
	at org.testng.internal.Invoker.invokeTestMethods(Invoker.java:1124)
	at org.testng.internal.TestMethodWorker.invokeTestMethods(TestMethodWorker.java:125)
	at org.testng.internal.TestMethodWorker.run(TestMethodWorker.java:108)
	at org.testng.TestRunner.privateRun(TestRunner.java:774)
	at org.testng.TestRunner.run(TestRunner.java:624)
	at org.testng.SuiteRunner.runTest(SuiteRunner.java:359)
	at org.testng.SuiteRunner.runSequentially(SuiteRunner.java:354)
	at org.testng.SuiteRunner.privateRun(SuiteRunner.java:312)
	at org.testng.SuiteRunner.run(SuiteRunner.java:261)
	at org.testng.SuiteRunnerWorker.runSuite(SuiteRunnerWorker.java:52)
	at org.testng.SuiteRunnerWorker.run(SuiteRunnerWorker.java:86)
	at org.testng.TestNG.runSuitesSequentially(TestNG.java:1215)
	at org.testng.TestNG.runSuitesLocally(TestNG.java:1140)
	at org.testng.TestNG.run(TestNG.java:1048)
	at org.apache.maven.surefire.testng.TestNGExecutor.run(TestNGExecutor.java:293)
	at org.apache.maven.surefire.testng.TestNGXmlTestSuite.execute(TestNGXmlTestSuite.java:84)
	at org.apache.maven.surefire.testng.TestNGProvider.invoke(TestNGProvider.java:91)
	at org.apache.maven.surefire.booter.ForkedBooter.invokeProviderInSameClassLoader(ForkedBooter.java:200)
	at org.apache.maven.surefire.booter.ForkedBooter.runSuitesInProcess(ForkedBooter.java:153)
	at org.apache.maven.surefire.booter.ForkedBooter.main(ForkedBooter.java:103)
]]>
    </failure>
  </testcase> <!-- F2_EventCenter5 -->
</testsuite> <!-- com.yeastar.swebtest.testcase.DetailCase.pbxcase.EmergencyNumber -->
